[0.042s] Invoking command in '/home/tungchiahui/mysource/ros2src/5.opencv_demo_ws/build/opencv_demo1': CMAKE_PREFIX_PATH=${CMAKE_PREFIX_PATH}:/opt/ros/humble /usr/bin/cmake --build /home/tungchiahui/mysource/ros2src/5.opencv_demo_ws/build/opencv_demo1 -- -j16 -l16
[0.058s] -- Found ament_cmake: 1.3.6 (/opt/ros/humble/share/ament_cmake/cmake)
[0.147s] -- Found rclcpp: 16.0.7 (/opt/ros/humble/share/rclcpp/cmake)
[0.165s] -- Found rosidl_generator_c: 3.1.5 (/opt/ros/humble/share/rosidl_generator_c/cmake)
[0.167s] -- Found rosidl_adapter: 3.1.5 (/opt/ros/humble/share/rosidl_adapter/cmake)
[0.171s] -- Found rosidl_generator_cpp: 3.1.5 (/opt/ros/humble/share/rosidl_generator_cpp/cmake)
[0.178s] -- Using all available rosidl_typesupport_c: rosidl_typesupport_fastrtps_c;rosidl_typesupport_introspection_c
[0.187s] -- Using all available rosidl_typesupport_cpp: rosidl_typesupport_fastrtps_cpp;rosidl_typesupport_introspection_cpp
[0.228s] -- Found rmw_implementation_cmake: 6.1.1 (/opt/ros/humble/share/rmw_implementation_cmake/cmake)
[0.229s] -- Found rmw_fastrtps_cpp: 6.2.5 (/opt/ros/humble/share/rmw_fastrtps_cpp/cmake)
[0.308s] -- Using RMW implementation 'rmw_fastrtps_cpp' as default
[0.421s] -- Found sensor_msgs: 4.2.3 (/opt/ros/humble/share/sensor_msgs/cmake)
[0.504s] -- Found cv_bridge: 3.2.1 (/opt/ros/humble/share/cv_bridge/cmake)
[0.509s] -- Found image_transport: 3.1.7 (/opt/ros/humble/share/image_transport/cmake)
[0.537s] -- Found ament_lint_auto: 0.12.9 (/opt/ros/humble/share/ament_lint_auto/cmake)
[0.585s] -- Added test 'cppcheck' to perform static code analysis on C / C++ code
[0.585s] -- Configured cppcheck include dirs: $<BUILD_INTERFACE:/home/tungchiahui/mysource/ros2src/5.opencv_demo_ws/src/opencv_demo1/include>
[0.585s] -- Configured cppcheck exclude dirs and/or files: 
[0.586s] -- Added test 'lint_cmake' to check CMake code style
[0.586s] -- Added test 'uncrustify' to check C / C++ code style
[0.586s] -- Configured uncrustify additional arguments: 
[0.586s] -- Added test 'xmllint' to check XML markup files
[0.588s] -- Configuring done
[0.601s] -- Generating done
[0.602s] -- Build files have been written to: /home/tungchiahui/mysource/ros2src/5.opencv_demo_ws/build/opencv_demo1
[0.623s] [35m[1mConsolidate compiler generated dependencies of target opencv_node[0m
[0.630s] [ 25%] [32mBuilding CXX object CMakeFiles/opencv_node2.dir/src/opencv_node2.cpp.o[0m
[0.639s] [ 75%] Built target opencv_node
[3.237s] [100%] [32m[1mLinking CXX executable opencv_node2[0m
[3.370s] [100%] Built target opencv_node2
[3.377s] Invoked command in '/home/tungchiahui/mysource/ros2src/5.opencv_demo_ws/build/opencv_demo1' returned '0': CMAKE_PREFIX_PATH=${CMAKE_PREFIX_PATH}:/opt/ros/humble /usr/bin/cmake --build /home/tungchiahui/mysource/ros2src/5.opencv_demo_ws/build/opencv_demo1 -- -j16 -l16
[3.400s] Invoking command in '/home/tungchiahui/mysource/ros2src/5.opencv_demo_ws/build/opencv_demo1': CMAKE_PREFIX_PATH=${CMAKE_PREFIX_PATH}:/opt/ros/humble /usr/bin/cmake --install /home/tungchiahui/mysource/ros2src/5.opencv_demo_ws/build/opencv_demo1
[3.404s] -- Install configuration: ""
[3.404s] -- Up-to-date: /home/tungchiahui/mysource/ros2src/5.opencv_demo_ws/install/opencv_demo1/lib/opencv_demo1/opencv_node
[3.404s] -- Installing: /home/tungchiahui/mysource/ros2src/5.opencv_demo_ws/install/opencv_demo1/lib/opencv_demo1/opencv_node2
[3.404s] -- Set runtime path of "/home/tungchiahui/mysource/ros2src/5.opencv_demo_ws/install/opencv_demo1/lib/opencv_demo1/opencv_node2" to ""
[3.404s] -- Up-to-date: /home/tungchiahui/mysource/ros2src/5.opencv_demo_ws/install/opencv_demo1/share/ament_index/resource_index/package_run_dependencies/opencv_demo1
[3.404s] -- Installing: /home/tungchiahui/mysource/ros2src/5.opencv_demo_ws/install/opencv_demo1/share/ament_index/resource_index/parent_prefix_path/opencv_demo1
[3.405s] -- Up-to-date: /home/tungchiahui/mysource/ros2src/5.opencv_demo_ws/install/opencv_demo1/share/opencv_demo1/environment/ament_prefix_path.sh
[3.405s] -- Installing: /home/tungchiahui/mysource/ros2src/5.opencv_demo_ws/install/opencv_demo1/share/opencv_demo1/environment/ament_prefix_path.dsv
[3.405s] -- Up-to-date: /home/tungchiahui/mysource/ros2src/5.opencv_demo_ws/install/opencv_demo1/share/opencv_demo1/environment/path.sh
[3.405s] -- Installing: /home/tungchiahui/mysource/ros2src/5.opencv_demo_ws/install/opencv_demo1/share/opencv_demo1/environment/path.dsv
[3.405s] -- Up-to-date: /home/tungchiahui/mysource/ros2src/5.opencv_demo_ws/install/opencv_demo1/share/opencv_demo1/local_setup.bash
[3.405s] -- Up-to-date: /home/tungchiahui/mysource/ros2src/5.opencv_demo_ws/install/opencv_demo1/share/opencv_demo1/local_setup.sh
[3.405s] -- Up-to-date: /home/tungchiahui/mysource/ros2src/5.opencv_demo_ws/install/opencv_demo1/share/opencv_demo1/local_setup.zsh
[3.405s] -- Installing: /home/tungchiahui/mysource/ros2src/5.opencv_demo_ws/install/opencv_demo1/share/opencv_demo1/local_setup.dsv
[3.405s] -- Installing: /home/tungchiahui/mysource/ros2src/5.opencv_demo_ws/install/opencv_demo1/share/opencv_demo1/package.dsv
[3.405s] -- Up-to-date: /home/tungchiahui/mysource/ros2src/5.opencv_demo_ws/install/opencv_demo1/share/ament_index/resource_index/packages/opencv_demo1
[3.405s] -- Up-to-date: /home/tungchiahui/mysource/ros2src/5.opencv_demo_ws/install/opencv_demo1/share/opencv_demo1/cmake/opencv_demo1Config.cmake
[3.405s] -- Up-to-date: /home/tungchiahui/mysource/ros2src/5.opencv_demo_ws/install/opencv_demo1/share/opencv_demo1/cmake/opencv_demo1Config-version.cmake
[3.405s] -- Up-to-date: /home/tungchiahui/mysource/ros2src/5.opencv_demo_ws/install/opencv_demo1/share/opencv_demo1/package.xml
[3.406s] Invoked command in '/home/tungchiahui/mysource/ros2src/5.opencv_demo_ws/build/opencv_demo1' returned '0': CMAKE_PREFIX_PATH=${CMAKE_PREFIX_PATH}:/opt/ros/humble /usr/bin/cmake --install /home/tungchiahui/mysource/ros2src/5.opencv_demo_ws/build/opencv_demo1
