[0.014s] Invoking command in '/home/tungchiahui/source/ROS2_WS/4.ws02_tools/build/cpp02_rosbag': CMAKE_PREFIX_PATH=${CMAKE_PREFIX_PATH}:/opt/ros/jazzy /usr/bin/cmake /home/tungchiahui/source/ROS2_WS/4.ws02_tools/src/cpp02_rosbag -DCMAKE_EXPORT_COMPILE_COMMANDS=ON -DCMAKE_INSTALL_PREFIX=/home/tungchiahui/source/ROS2_WS/4.ws02_tools/install/cpp02_rosbag
[0.033s] -- Found ament_cmake: 2.5.2 (/opt/ros/jazzy/share/ament_cmake/cmake)
[0.226s] -- Found rclcpp: 28.1.5 (/opt/ros/jazzy/share/rclcpp/cmake)
[0.301s] -- Found rosidl_generator_c: 4.6.4 (/opt/ros/jazzy/share/rosidl_generator_c/cmake)
[0.312s] -- Found rosidl_generator_cpp: 4.6.4 (/opt/ros/jazzy/share/rosidl_generator_cpp/cmake)
[0.329s] -- Using all available rosidl_typesupport_c: rosidl_typesupport_fastrtps_c;rosidl_typesupport_introspection_c
[0.346s] -- Using all available rosidl_typesupport_cpp: rosidl_typesupport_fastrtps_cpp;rosidl_typesupport_introspection_cpp
[0.423s] -- Found rmw_implementation_cmake: 7.3.1 (/opt/ros/jazzy/share/rmw_implementation_cmake/cmake)
[0.426s] -- Found rmw_fastrtps_cpp: 8.4.1 (/opt/ros/jazzy/share/rmw_fastrtps_cpp/cmake)
[0.525s] -- Using RMW implementation 'rmw_fastrtps_cpp' as default
[0.619s] -- Found rosbag2_cpp: 0.26.5 (/opt/ros/jazzy/share/rosbag2_cpp/cmake)
[0.641s] -- Setting yaml-cpp_DIR to: '/opt/ros/jazzy/share/yaml_cpp_vendor/cmake/../../../opt/yaml_cpp_vendor/share/cmake/yaml-cpp'
[0.643s] -- Found geometry_msgs: 5.3.5 (/opt/ros/jazzy/share/geometry_msgs/cmake)
[0.680s] -- Found ament_lint_auto: 0.17.1 (/opt/ros/jazzy/share/ament_lint_auto/cmake)
[0.768s] -- Added test 'cppcheck' to perform static code analysis on C / C++ code
[0.768s] -- Configured cppcheck include dirs: 
[0.768s] -- Configured cppcheck exclude dirs and/or files: 
[0.769s] -- Added test 'lint_cmake' to check CMake code style
[0.770s] -- Added test 'uncrustify' to check C / C++ code style
[0.770s] -- Configured uncrustify additional arguments: 
[0.770s] -- Added test 'xmllint' to check XML markup files
[0.772s] -- Configuring done (0.8s)
[0.776s] [31mCMake Error at CMakeLists.txt:14 (add_executable):
[0.776s]   Cannot find source file:
[0.776s] 
[0.776s]     src/demo01_writer.cpp
[0.776s] 
[0.776s]   Tried extensions .c .C .c++ .cc .cpp .cxx .cu .mpp .m .M .mm .ixx .cppm
[0.776s]   .ccm .cxxm .c++m .h .hh .h++ .hm .hpp .hxx .in .txx .f .F .for .f77 .f90
[0.776s]   .f95 .f03 .hip .ispc
[0.777s] 
[0.777s] [0m
[0.779s] [31mCMake Error at CMakeLists.txt:22 (add_executable):
[0.779s]   Cannot find source file:
[0.779s] 
[0.779s]     src/demo02_reader.cpp
[0.779s] 
[0.779s]   Tried extensions .c .C .c++ .cc .cpp .cxx .cu .mpp .m .M .mm .ixx .cppm
[0.779s]   .ccm .cxxm .c++m .h .hh .h++ .hm .hpp .hxx .in .txx .f .F .for .f77 .f90
[0.779s]   .f95 .f03 .hip .ispc
[0.779s] 
[0.779s] [0m
[0.779s] [31mCMake Error at CMakeLists.txt:14 (add_executable):
[0.780s]   No SOURCES given to target: demo01_writer
[0.780s] 
[0.780s] [0m
[0.780s] [31mCMake Error at CMakeLists.txt:22 (add_executable):
[0.780s]   No SOURCES given to target: demo02_reader
[0.780s] 
[0.780s] [0m
[0.780s] [0mCMake Generate step failed.  Build files cannot be regenerated correctly.[0m
[0.786s] Invoked command in '/home/tungchiahui/source/ROS2_WS/4.ws02_tools/build/cpp02_rosbag' returned '1': CMAKE_PREFIX_PATH=${CMAKE_PREFIX_PATH}:/opt/ros/jazzy /usr/bin/cmake /home/tungchiahui/source/ROS2_WS/4.ws02_tools/src/cpp02_rosbag -DCMAKE_EXPORT_COMPILE_COMMANDS=ON -DCMAKE_INSTALL_PREFIX=/home/tungchiahui/source/ROS2_WS/4.ws02_tools/install/cpp02_rosbag
