[0.132s] DEBUG:colcon:Command line arguments: ['/usr/bin/colcon', 'list', '-p', '--base-paths', '/home/tungchiahui/source/ROS2_WS/6.ws_simulations']
[0.132s] DEBUG:colcon:Parsed command line arguments: Namespace(log_base=None, log_level=None, verb_name='list', build_base='build', ignore_user_meta=False, metas=['./colcon.meta'], base_paths=['/home/tungchiahui/source/ROS2_WS/6.ws_simulations'], packages_ignore=None, packages_ignore_regex=None, paths=None, packages_up_to=None, packages_up_to_regex=None, packages_above=None, packages_above_and_dependencies=None, packages_above_depth=None, packages_select_by_dep=None, packages_skip_by_dep=None, packages_skip_up_to=None, packages_select_build_failed=False, packages_skip_build_finished=False, packages_select_test_failures=False, packages_skip_test_passed=False, packages_select=None, packages_skip=None, packages_select_regex=None, packages_skip_regex=None, packages_start=None, packages_end=None, allow_overriding=[], topological_order=False, names_only=False, paths_only=True, topological_graph=False, topological_graph_dot=False, topological_graph_density=False, topological_graph_legend=False, topological_graph_dot_cluster=False, topological_graph_dot_include_skipped=False, mixin_files=None, mixin=None, verb_parser=<colcon_mixin.mixin.mixin_argument.MixinArgumentDecorator object at 0x7f39d1de3620>, verb_extension=<colcon_package_information.verb.list.ListVerb object at 0x7f39d1d909e0>, main=<bound method ListVerb.main of <colcon_package_information.verb.list.ListVerb object at 0x7f39d1d909e0>>, mixin_verb=('list',))
[0.177s] Level 1:colcon.colcon_core.package_discovery:discover_packages(colcon_meta) check parameters
[0.177s] Level 1:colcon.colcon_core.package_discovery:discover_packages(recursive) check parameters
[0.177s] Level 1:colcon.colcon_core.package_discovery:discover_packages(ignore) check parameters
[0.177s] Level 1:colcon.colcon_core.package_discovery:discover_packages(path) check parameters
[0.177s] Level 1:colcon.colcon_core.package_discovery:discover_packages(recursive) discover
[0.177s] INFO:colcon.colcon_core.package_discovery:Crawling recursively for packages in '/home/tungchiahui/source/ROS2_WS/6.ws_simulations'
[0.177s] Level 1:colcon.colcon_core.package_identification:_identify(/home/tungchiahui/source/ROS2_WS/6.ws_simulations) by extensions ['ignore', 'ignore_ament_install']
[0.178s] Level 1:colcon.colcon_core.package_identification:_identify(/home/tungchiahui/source/ROS2_WS/6.ws_simulations) by extension 'ignore'
[0.178s] Level 1:colcon.colcon_core.package_identification:_identify(/home/tungchiahui/source/ROS2_WS/6.ws_simulations) by extension 'ignore_ament_install'
[0.178s] Level 1:colcon.colcon_core.package_identification:_identify(/home/tungchiahui/source/ROS2_WS/6.ws_simulations) by extensions ['colcon_pkg']
[0.178s] Level 1:colcon.colcon_core.package_identification:_identify(/home/tungchiahui/source/ROS2_WS/6.ws_simulations) by extension 'colcon_pkg'
[0.178s] Level 1:colcon.colcon_core.package_identification:_identify(/home/tungchiahui/source/ROS2_WS/6.ws_simulations) by extensions ['colcon_meta']
[0.178s] Level 1:colcon.colcon_core.package_identification:_identify(/home/tungchiahui/source/ROS2_WS/6.ws_simulations) by extension 'colcon_meta'
[0.178s] Level 1:colcon.colcon_core.package_identification:_identify(/home/tungchiahui/source/ROS2_WS/6.ws_simulations) by extensions ['ros']
[0.178s] Level 1:colcon.colcon_core.package_identification:_identify(/home/tungchiahui/source/ROS2_WS/6.ws_simulations) by extension 'ros'
[0.202s] Level 1:colcon.colcon_core.package_identification:_identify(/home/tungchiahui/source/ROS2_WS/6.ws_simulations) by extensions ['cmake', 'python']
[0.202s] Level 1:colcon.colcon_core.package_identification:_identify(/home/tungchiahui/source/ROS2_WS/6.ws_simulations) by extension 'cmake'
[0.202s] Level 1:colcon.colcon_core.package_identification:_identify(/home/tungchiahui/source/ROS2_WS/6.ws_simulations) by extension 'python'
[0.202s] Level 1:colcon.colcon_core.package_identification:_identify(/home/tungchiahui/source/ROS2_WS/6.ws_simulations) by extensions ['python_setup_py']
[0.202s] Level 1:colcon.colcon_core.package_identification:_identify(/home/tungchiahui/source/ROS2_WS/6.ws_simulations) by extension 'python_setup_py'
[0.202s] Level 1:colcon.colcon_core.package_identification:_identify(/home/tungchiahui/source/ROS2_WS/6.ws_simulations/build) by extensions ['ignore', 'ignore_ament_install']
[0.202s] Level 1:colcon.colcon_core.package_identification:_identify(/home/tungchiahui/source/ROS2_WS/6.ws_simulations/build) by extension 'ignore'
[0.202s] Level 1:colcon.colcon_core.package_identification:_identify(/home/tungchiahui/source/ROS2_WS/6.ws_simulations/build) ignored
[0.203s] Level 1:colcon.colcon_core.package_identification:_identify(/home/tungchiahui/source/ROS2_WS/6.ws_simulations/install) by extensions ['ignore', 'ignore_ament_install']
[0.203s] Level 1:colcon.colcon_core.package_identification:_identify(/home/tungchiahui/source/ROS2_WS/6.ws_simulations/install) by extension 'ignore'
[0.203s] Level 1:colcon.colcon_core.package_identification:_identify(/home/tungchiahui/source/ROS2_WS/6.ws_simulations/install) ignored
[0.203s] Level 1:colcon.colcon_core.package_identification:_identify(/home/tungchiahui/source/ROS2_WS/6.ws_simulations/log) by extensions ['ignore', 'ignore_ament_install']
[0.203s] Level 1:colcon.colcon_core.package_identification:_identify(/home/tungchiahui/source/ROS2_WS/6.ws_simulations/log) by extension 'ignore'
[0.203s] Level 1:colcon.colcon_core.package_identification:_identify(/home/tungchiahui/source/ROS2_WS/6.ws_simulations/log) ignored
[0.203s] Level 1:colcon.colcon_core.package_identification:_identify(/home/tungchiahui/source/ROS2_WS/6.ws_simulations/src) by extensions ['ignore', 'ignore_ament_install']
[0.203s] Level 1:colcon.colcon_core.package_identification:_identify(/home/tungchiahui/source/ROS2_WS/6.ws_simulations/src) by extension 'ignore'
[0.203s] Level 1:colcon.colcon_core.package_identification:_identify(/home/tungchiahui/source/ROS2_WS/6.ws_simulations/src) by extension 'ignore_ament_install'
[0.203s] Level 1:colcon.colcon_core.package_identification:_identify(/home/tungchiahui/source/ROS2_WS/6.ws_simulations/src) by extensions ['colcon_pkg']
[0.203s] Level 1:colcon.colcon_core.package_identification:_identify(/home/tungchiahui/source/ROS2_WS/6.ws_simulations/src) by extension 'colcon_pkg'
[0.203s] Level 1:colcon.colcon_core.package_identification:_identify(/home/tungchiahui/source/ROS2_WS/6.ws_simulations/src) by extensions ['colcon_meta']
[0.203s] Level 1:colcon.colcon_core.package_identification:_identify(/home/tungchiahui/source/ROS2_WS/6.ws_simulations/src) by extension 'colcon_meta'
[0.203s] Level 1:colcon.colcon_core.package_identification:_identify(/home/tungchiahui/source/ROS2_WS/6.ws_simulations/src) by extensions ['ros']
[0.203s] Level 1:colcon.colcon_core.package_identification:_identify(/home/tungchiahui/source/ROS2_WS/6.ws_simulations/src) by extension 'ros'
[0.203s] Level 1:colcon.colcon_core.package_identification:_identify(/home/tungchiahui/source/ROS2_WS/6.ws_simulations/src) by extensions ['cmake', 'python']
[0.203s] Level 1:colcon.colcon_core.package_identification:_identify(/home/tungchiahui/source/ROS2_WS/6.ws_simulations/src) by extension 'cmake'
[0.203s] Level 1:colcon.colcon_core.package_identification:_identify(/home/tungchiahui/source/ROS2_WS/6.ws_simulations/src) by extension 'python'
[0.203s] Level 1:colcon.colcon_core.package_identification:_identify(/home/tungchiahui/source/ROS2_WS/6.ws_simulations/src) by extensions ['python_setup_py']
[0.203s] Level 1:colcon.colcon_core.package_identification:_identify(/home/tungchiahui/source/ROS2_WS/6.ws_simulations/src) by extension 'python_setup_py'
[0.203s] Level 1:colcon.colcon_core.package_identification:_identify(/home/tungchiahui/source/ROS2_WS/6.ws_simulations/src/demo_gazebo_sim) by extensions ['ignore', 'ignore_ament_install']
[0.204s] Level 1:colcon.colcon_core.package_identification:_identify(/home/tungchiahui/source/ROS2_WS/6.ws_simulations/src/demo_gazebo_sim) by extension 'ignore'
[0.204s] Level 1:colcon.colcon_core.package_identification:_identify(/home/tungchiahui/source/ROS2_WS/6.ws_simulations/src/demo_gazebo_sim) by extension 'ignore_ament_install'
[0.204s] Level 1:colcon.colcon_core.package_identification:_identify(/home/tungchiahui/source/ROS2_WS/6.ws_simulations/src/demo_gazebo_sim) by extensions ['colcon_pkg']
[0.204s] Level 1:colcon.colcon_core.package_identification:_identify(/home/tungchiahui/source/ROS2_WS/6.ws_simulations/src/demo_gazebo_sim) by extension 'colcon_pkg'
[0.204s] Level 1:colcon.colcon_core.package_identification:_identify(/home/tungchiahui/source/ROS2_WS/6.ws_simulations/src/demo_gazebo_sim) by extensions ['colcon_meta']
[0.204s] Level 1:colcon.colcon_core.package_identification:_identify(/home/tungchiahui/source/ROS2_WS/6.ws_simulations/src/demo_gazebo_sim) by extension 'colcon_meta'
[0.204s] Level 1:colcon.colcon_core.package_identification:_identify(/home/tungchiahui/source/ROS2_WS/6.ws_simulations/src/demo_gazebo_sim) by extensions ['ros']
[0.204s] Level 1:colcon.colcon_core.package_identification:_identify(/home/tungchiahui/source/ROS2_WS/6.ws_simulations/src/demo_gazebo_sim) by extension 'ros'
[0.207s] DEBUG:colcon.colcon_core.package_identification:Package '/home/tungchiahui/source/ROS2_WS/6.ws_simulations/src/demo_gazebo_sim' with type 'ros.ament_cmake' and name 'demo_gazebo_sim'
[0.207s] Level 1:colcon.colcon_core.package_discovery:discover_packages(recursive) using defaults
