-- Found ament_cmake: 1.3.5 (/opt/ros/humble/share/ament_cmake/cmake)
-- Found rclcpp: 16.0.4 (/opt/ros/humble/share/rclcpp/cmake)
-- Found rosidl_generator_c: 3.1.4 (/opt/ros/humble/share/rosidl_generator_c/cmake)
-- Found rosidl_adapter: 3.1.4 (/opt/ros/humble/share/rosidl_adapter/cmake)
-- Found rosidl_generator_cpp: 3.1.4 (/opt/ros/humble/share/rosidl_generator_cpp/cmake)
-- Using all available rosidl_typesupport_c: rosidl_typesupport_fastrtps_c;rosidl_typesupport_introspection_c
-- Using all available rosidl_typesupport_cpp: rosidl_typesupport_fastrtps_cpp;rosidl_typesupport_introspection_cpp
-- Found rmw_implementation_cmake: 6.1.1 (/opt/ros/humble/share/rmw_implementation_cmake/cmake)
-- Found rmw_fastrtps_cpp: 6.2.2 (/opt/ros/humble/share/rmw_fastrtps_cpp/cmake)
-- Using RMW implementation 'rmw_fastrtps_cpp' as default
-- Found ament_lint_auto: 0.12.6 (/opt/ros/humble/share/ament_lint_auto/cmake)
-- Added test 'cppcheck' to perform static code analysis on C / C++ code
-- Configured cppcheck include dirs: $<BUILD_INTERFACE:/home/tungchiahui/mysource/ros2src/1.demo_ws/src/pkg03_hellovscode_cpp/include>
-- Configured cppcheck exclude dirs and/or files: 
-- Added test 'lint_cmake' to check CMake code style
-- Added test 'uncrustify' to check C / C++ code style
-- Configured uncrustify additional arguments: 
-- Added test 'xmllint' to check XML markup files
-- Configuring done
-- Generating done
-- Build files have been written to: /home/tungchiahui/mysource/ros2src/1.demo_ws/build/pkg03_hellovscode_cpp
[35m[1mConsolidate compiler generated dependencies of target hellovscode[0m
[ 25%] [32mBuilding CXX object CMakeFiles/hellovscode2.dir/src/hellovscode2.cpp.o[0m
[ 75%] Built target hellovscode
[100%] [32m[1mLinking CXX executable hellovscode2[0m
[100%] Built target hellovscode2
-- Install configuration: ""
-- Up-to-date: /home/tungchiahui/mysource/ros2src/1.demo_ws/install/pkg03_hellovscode_cpp/lib/pkg03_hellovscode_cpp/hellovscode
-- Installing: /home/tungchiahui/mysource/ros2src/1.demo_ws/install/pkg03_hellovscode_cpp/lib/pkg03_hellovscode_cpp/hellovscode2
-- Set runtime path of "/home/tungchiahui/mysource/ros2src/1.demo_ws/install/pkg03_hellovscode_cpp/lib/pkg03_hellovscode_cpp/hellovscode2" to ""
-- Up-to-date: /home/tungchiahui/mysource/ros2src/1.demo_ws/install/pkg03_hellovscode_cpp/share/ament_index/resource_index/package_run_dependencies/pkg03_hellovscode_cpp
-- Installing: /home/tungchiahui/mysource/ros2src/1.demo_ws/install/pkg03_hellovscode_cpp/share/ament_index/resource_index/parent_prefix_path/pkg03_hellovscode_cpp
-- Up-to-date: /home/tungchiahui/mysource/ros2src/1.demo_ws/install/pkg03_hellovscode_cpp/share/pkg03_hellovscode_cpp/environment/ament_prefix_path.sh
-- Installing: /home/tungchiahui/mysource/ros2src/1.demo_ws/install/pkg03_hellovscode_cpp/share/pkg03_hellovscode_cpp/environment/ament_prefix_path.dsv
-- Up-to-date: /home/tungchiahui/mysource/ros2src/1.demo_ws/install/pkg03_hellovscode_cpp/share/pkg03_hellovscode_cpp/environment/path.sh
-- Installing: /home/tungchiahui/mysource/ros2src/1.demo_ws/install/pkg03_hellovscode_cpp/share/pkg03_hellovscode_cpp/environment/path.dsv
-- Up-to-date: /home/tungchiahui/mysource/ros2src/1.demo_ws/install/pkg03_hellovscode_cpp/share/pkg03_hellovscode_cpp/local_setup.bash
-- Up-to-date: /home/tungchiahui/mysource/ros2src/1.demo_ws/install/pkg03_hellovscode_cpp/share/pkg03_hellovscode_cpp/local_setup.sh
-- Up-to-date: /home/tungchiahui/mysource/ros2src/1.demo_ws/install/pkg03_hellovscode_cpp/share/pkg03_hellovscode_cpp/local_setup.zsh
-- Installing: /home/tungchiahui/mysource/ros2src/1.demo_ws/install/pkg03_hellovscode_cpp/share/pkg03_hellovscode_cpp/local_setup.dsv
-- Installing: /home/tungchiahui/mysource/ros2src/1.demo_ws/install/pkg03_hellovscode_cpp/share/pkg03_hellovscode_cpp/package.dsv
-- Up-to-date: /home/tungchiahui/mysource/ros2src/1.demo_ws/install/pkg03_hellovscode_cpp/share/ament_index/resource_index/packages/pkg03_hellovscode_cpp
-- Up-to-date: /home/tungchiahui/mysource/ros2src/1.demo_ws/install/pkg03_hellovscode_cpp/share/pkg03_hellovscode_cpp/cmake/pkg03_hellovscode_cppConfig.cmake
-- Up-to-date: /home/tungchiahui/mysource/ros2src/1.demo_ws/install/pkg03_hellovscode_cpp/share/pkg03_hellovscode_cpp/cmake/pkg03_hellovscode_cppConfig-version.cmake
-- Up-to-date: /home/tungchiahui/mysource/ros2src/1.demo_ws/install/pkg03_hellovscode_cpp/share/pkg03_hellovscode_cpp/package.xml
