[0.010s] Invoking command in '/home/tungchiahui/mysource/ros2src/3.ws01_plumbing/build/cpp06_time': CMAKE_PREFIX_PATH=${CMAKE_PREFIX_PATH}:/opt/ros/humble /usr/bin/cmake --build /home/tungchiahui/mysource/ros2src/3.ws01_plumbing/build/cpp06_time -- -j16 -l16
[0.035s] [35m[1mConsolidate compiler generated dependencies of target demo01_time[0m
[0.047s] [ 50%] [32mBuilding CXX object CMakeFiles/demo01_time.dir/src/demo01_time.cpp.o[0m
[2.010s] [100%] [32m[1mLinking CXX executable demo01_time[0m
[2.092s] [100%] Built target demo01_time
[2.099s] Invoked command in '/home/tungchiahui/mysource/ros2src/3.ws01_plumbing/build/cpp06_time' returned '0': CMAKE_PREFIX_PATH=${CMAKE_PREFIX_PATH}:/opt/ros/humble /usr/bin/cmake --build /home/tungchiahui/mysource/ros2src/3.ws01_plumbing/build/cpp06_time -- -j16 -l16
[2.119s] Invoking command in '/home/tungchiahui/mysource/ros2src/3.ws01_plumbing/build/cpp06_time': CMAKE_PREFIX_PATH=${CMAKE_PREFIX_PATH}:/opt/ros/humble /usr/bin/cmake --install /home/tungchiahui/mysource/ros2src/3.ws01_plumbing/build/cpp06_time
[2.123s] -- Install configuration: ""
[2.123s] -- Installing: /home/tungchiahui/mysource/ros2src/3.ws01_plumbing/install/cpp06_time/lib/cpp06_time/demo01_time
[2.124s] -- Set runtime path of "/home/tungchiahui/mysource/ros2src/3.ws01_plumbing/install/cpp06_time/lib/cpp06_time/demo01_time" to ""
[2.124s] -- Up-to-date: /home/tungchiahui/mysource/ros2src/3.ws01_plumbing/install/cpp06_time/share/ament_index/resource_index/package_run_dependencies/cpp06_time
[2.124s] -- Up-to-date: /home/tungchiahui/mysource/ros2src/3.ws01_plumbing/install/cpp06_time/share/ament_index/resource_index/parent_prefix_path/cpp06_time
[2.124s] -- Up-to-date: /home/tungchiahui/mysource/ros2src/3.ws01_plumbing/install/cpp06_time/share/cpp06_time/environment/ament_prefix_path.sh
[2.124s] -- Up-to-date: /home/tungchiahui/mysource/ros2src/3.ws01_plumbing/install/cpp06_time/share/cpp06_time/environment/ament_prefix_path.dsv
[2.124s] -- Up-to-date: /home/tungchiahui/mysource/ros2src/3.ws01_plumbing/install/cpp06_time/share/cpp06_time/environment/path.sh
[2.124s] -- Up-to-date: /home/tungchiahui/mysource/ros2src/3.ws01_plumbing/install/cpp06_time/share/cpp06_time/environment/path.dsv
[2.124s] -- Up-to-date: /home/tungchiahui/mysource/ros2src/3.ws01_plumbing/install/cpp06_time/share/cpp06_time/local_setup.bash
[2.124s] -- Up-to-date: /home/tungchiahui/mysource/ros2src/3.ws01_plumbing/install/cpp06_time/share/cpp06_time/local_setup.sh
[2.124s] -- Up-to-date: /home/tungchiahui/mysource/ros2src/3.ws01_plumbing/install/cpp06_time/share/cpp06_time/local_setup.zsh
[2.124s] -- Up-to-date: /home/tungchiahui/mysource/ros2src/3.ws01_plumbing/install/cpp06_time/share/cpp06_time/local_setup.dsv
[2.124s] -- Installing: /home/tungchiahui/mysource/ros2src/3.ws01_plumbing/install/cpp06_time/share/cpp06_time/package.dsv
[2.124s] -- Up-to-date: /home/tungchiahui/mysource/ros2src/3.ws01_plumbing/install/cpp06_time/share/ament_index/resource_index/packages/cpp06_time
[2.124s] -- Up-to-date: /home/tungchiahui/mysource/ros2src/3.ws01_plumbing/install/cpp06_time/share/cpp06_time/cmake/cpp06_timeConfig.cmake
[2.124s] -- Up-to-date: /home/tungchiahui/mysource/ros2src/3.ws01_plumbing/install/cpp06_time/share/cpp06_time/cmake/cpp06_timeConfig-version.cmake
[2.124s] -- Up-to-date: /home/tungchiahui/mysource/ros2src/3.ws01_plumbing/install/cpp06_time/share/cpp06_time/package.xml
[2.126s] Invoked command in '/home/tungchiahui/mysource/ros2src/3.ws01_plumbing/build/cpp06_time' returned '0': CMAKE_PREFIX_PATH=${CMAKE_PREFIX_PATH}:/opt/ros/humble /usr/bin/cmake --install /home/tungchiahui/mysource/ros2src/3.ws01_plumbing/build/cpp06_time
