[0.039s] Invoking command in '/home/tungchiahui/mysource/ros2src/5.opencv_demo_ws/build/opencv_video_capture': CMAKE_PREFIX_PATH=${CMAKE_PREFIX_PATH}:/opt/ros/humble /usr/bin/cmake /home/tungchiahui/mysource/ros2src/5.opencv_demo_ws/src/opencv_video_capture -DCMAKE_INSTALL_PREFIX=/home/tungchiahui/mysource/ros2src/5.opencv_demo_ws/install/opencv_video_capture
[0.128s] -- The C compiler identification is GNU 11.4.0
[0.199s] -- The CXX compiler identification is GNU 11.4.0
[0.207s] -- Detecting C compiler ABI info
[0.256s] -- Detecting C compiler ABI info - done
[0.261s] -- Check for working C compiler: /usr/bin/cc - skipped
[0.261s] -- Detecting C compile features
[0.261s] -- Detecting C compile features - done
[0.264s] -- Detecting CXX compiler ABI info
[0.315s] -- Detecting CXX compiler ABI info - done
[0.320s] -- Check for working CXX compiler: /usr/bin/c++ - skipped
[0.320s] -- Detecting CXX compile features
[0.320s] -- Detecting CXX compile features - done
[0.324s] -- Found ament_cmake: 1.3.6 (/opt/ros/humble/share/ament_cmake/cmake)
[0.440s] -- Found Python3: /usr/bin/python3.10 (found version "3.10.12") found components: Interpreter 
[0.509s] -- Found rclcpp: 16.0.7 (/opt/ros/humble/share/rclcpp/cmake)
[0.551s] -- Found rosidl_generator_c: 3.1.5 (/opt/ros/humble/share/rosidl_generator_c/cmake)
[0.555s] -- Found rosidl_adapter: 3.1.5 (/opt/ros/humble/share/rosidl_adapter/cmake)
[0.563s] -- Found rosidl_generator_cpp: 3.1.5 (/opt/ros/humble/share/rosidl_generator_cpp/cmake)
[0.575s] -- Using all available rosidl_typesupport_c: rosidl_typesupport_fastrtps_c;rosidl_typesupport_introspection_c
[0.591s] -- Using all available rosidl_typesupport_cpp: rosidl_typesupport_fastrtps_cpp;rosidl_typesupport_introspection_cpp
[0.646s] -- Found rmw_implementation_cmake: 6.1.1 (/opt/ros/humble/share/rmw_implementation_cmake/cmake)
[0.648s] -- Found rmw_fastrtps_cpp: 6.2.5 (/opt/ros/humble/share/rmw_fastrtps_cpp/cmake)
[0.718s] -- Found OpenSSL: /usr/lib/x86_64-linux-gnu/libcrypto.so (found version "3.0.2")  
[0.739s] -- Found FastRTPS: /opt/ros/humble/include  
[0.771s] -- Using RMW implementation 'rmw_fastrtps_cpp' as default
[0.779s] -- Looking for pthread.h
[0.833s] -- Looking for pthread.h - found
[0.833s] -- Performing Test CMAKE_HAVE_LIBC_PTHREAD
[0.879s] -- Performing Test CMAKE_HAVE_LIBC_PTHREAD - Success
[0.880s] -- Found Threads: TRUE  
[0.995s] -- Found OpenCV: /usr/local (found version "4.8.1") 
[0.997s] -- Found sensor_msgs: 4.2.3 (/opt/ros/humble/share/sensor_msgs/cmake)
[1.085s] -- Found cv_bridge: 3.2.1 (/opt/ros/humble/share/cv_bridge/cmake)
[1.091s] -- Found image_transport: 3.1.7 (/opt/ros/humble/share/image_transport/cmake)
[1.130s] -- Found ament_lint_auto: 0.12.9 (/opt/ros/humble/share/ament_lint_auto/cmake)
[1.182s] -- Added test 'cppcheck' to perform static code analysis on C / C++ code
[1.182s] -- Configured cppcheck include dirs: $<BUILD_INTERFACE:/home/tungchiahui/mysource/ros2src/5.opencv_demo_ws/src/opencv_video_capture/include>
[1.183s] -- Configured cppcheck exclude dirs and/or files: 
[1.183s] -- Added test 'lint_cmake' to check CMake code style
[1.184s] -- Added test 'uncrustify' to check C / C++ code style
[1.184s] -- Configured uncrustify additional arguments: 
[1.184s] -- Added test 'xmllint' to check XML markup files
[1.185s] -- Configuring done
[1.197s] -- Generating done
[1.198s] -- Build files have been written to: /home/tungchiahui/mysource/ros2src/5.opencv_demo_ws/build/opencv_video_capture
[1.206s] Invoked command in '/home/tungchiahui/mysource/ros2src/5.opencv_demo_ws/build/opencv_video_capture' returned '0': CMAKE_PREFIX_PATH=${CMAKE_PREFIX_PATH}:/opt/ros/humble /usr/bin/cmake /home/tungchiahui/mysource/ros2src/5.opencv_demo_ws/src/opencv_video_capture -DCMAKE_INSTALL_PREFIX=/home/tungchiahui/mysource/ros2src/5.opencv_demo_ws/install/opencv_video_capture
[1.208s] Invoking command in '/home/tungchiahui/mysource/ros2src/5.opencv_demo_ws/build/opencv_video_capture': CMAKE_PREFIX_PATH=${CMAKE_PREFIX_PATH}:/opt/ros/humble /usr/bin/cmake --build /home/tungchiahui/mysource/ros2src/5.opencv_demo_ws/build/opencv_video_capture -- -j16 -l16
[1.238s] [ 25%] [32mBuilding CXX object CMakeFiles/read_video_node.dir/src/read_video_node.cpp.o[0m
[1.238s] [ 50%] [32mBuilding CXX object CMakeFiles/read_camera_video_node.dir/src/read_camera_video_node.cpp.o[0m
[4.067s] [ 75%] [32m[1mLinking CXX executable read_camera_video_node[0m
[4.092s] [100%] [32m[1mLinking CXX executable read_video_node[0m
[4.479s] [100%] Built target read_video_node
[4.482s] [100%] Built target read_camera_video_node
[4.489s] Invoked command in '/home/tungchiahui/mysource/ros2src/5.opencv_demo_ws/build/opencv_video_capture' returned '0': CMAKE_PREFIX_PATH=${CMAKE_PREFIX_PATH}:/opt/ros/humble /usr/bin/cmake --build /home/tungchiahui/mysource/ros2src/5.opencv_demo_ws/build/opencv_video_capture -- -j16 -l16
[4.511s] Invoking command in '/home/tungchiahui/mysource/ros2src/5.opencv_demo_ws/build/opencv_video_capture': CMAKE_PREFIX_PATH=${CMAKE_PREFIX_PATH}:/opt/ros/humble /usr/bin/cmake --install /home/tungchiahui/mysource/ros2src/5.opencv_demo_ws/build/opencv_video_capture
[4.516s] -- Install configuration: ""
[4.516s] -- Installing: /home/tungchiahui/mysource/ros2src/5.opencv_demo_ws/install/opencv_video_capture/lib/opencv_video_capture/read_video_node
[4.516s] -- Set runtime path of "/home/tungchiahui/mysource/ros2src/5.opencv_demo_ws/install/opencv_video_capture/lib/opencv_video_capture/read_video_node" to ""
[4.516s] -- Installing: /home/tungchiahui/mysource/ros2src/5.opencv_demo_ws/install/opencv_video_capture/lib/opencv_video_capture/read_camera_video_node
[4.516s] -- Set runtime path of "/home/tungchiahui/mysource/ros2src/5.opencv_demo_ws/install/opencv_video_capture/lib/opencv_video_capture/read_camera_video_node" to ""
[4.517s] -- Installing: /home/tungchiahui/mysource/ros2src/5.opencv_demo_ws/install/opencv_video_capture/share/ament_index/resource_index/package_run_dependencies/opencv_video_capture
[4.517s] -- Installing: /home/tungchiahui/mysource/ros2src/5.opencv_demo_ws/install/opencv_video_capture/share/ament_index/resource_index/parent_prefix_path/opencv_video_capture
[4.517s] -- Installing: /home/tungchiahui/mysource/ros2src/5.opencv_demo_ws/install/opencv_video_capture/share/opencv_video_capture/environment/ament_prefix_path.sh
[4.517s] -- Installing: /home/tungchiahui/mysource/ros2src/5.opencv_demo_ws/install/opencv_video_capture/share/opencv_video_capture/environment/ament_prefix_path.dsv
[4.517s] -- Installing: /home/tungchiahui/mysource/ros2src/5.opencv_demo_ws/install/opencv_video_capture/share/opencv_video_capture/environment/path.sh
[4.517s] -- Installing: /home/tungchiahui/mysource/ros2src/5.opencv_demo_ws/install/opencv_video_capture/share/opencv_video_capture/environment/path.dsv
[4.517s] -- Installing: /home/tungchiahui/mysource/ros2src/5.opencv_demo_ws/install/opencv_video_capture/share/opencv_video_capture/local_setup.bash
[4.517s] -- Installing: /home/tungchiahui/mysource/ros2src/5.opencv_demo_ws/install/opencv_video_capture/share/opencv_video_capture/local_setup.sh
[4.517s] -- Installing: /home/tungchiahui/mysource/ros2src/5.opencv_demo_ws/install/opencv_video_capture/share/opencv_video_capture/local_setup.zsh
[4.517s] -- Installing: /home/tungchiahui/mysource/ros2src/5.opencv_demo_ws/install/opencv_video_capture/share/opencv_video_capture/local_setup.dsv
[4.517s] -- Installing: /home/tungchiahui/mysource/ros2src/5.opencv_demo_ws/install/opencv_video_capture/share/opencv_video_capture/package.dsv
[4.517s] -- Installing: /home/tungchiahui/mysource/ros2src/5.opencv_demo_ws/install/opencv_video_capture/share/ament_index/resource_index/packages/opencv_video_capture
[4.517s] -- Installing: /home/tungchiahui/mysource/ros2src/5.opencv_demo_ws/install/opencv_video_capture/share/opencv_video_capture/cmake/opencv_video_captureConfig.cmake
[4.517s] -- Installing: /home/tungchiahui/mysource/ros2src/5.opencv_demo_ws/install/opencv_video_capture/share/opencv_video_capture/cmake/opencv_video_captureConfig-version.cmake
[4.517s] -- Installing: /home/tungchiahui/mysource/ros2src/5.opencv_demo_ws/install/opencv_video_capture/share/opencv_video_capture/package.xml
[4.519s] Invoked command in '/home/tungchiahui/mysource/ros2src/5.opencv_demo_ws/build/opencv_video_capture' returned '0': CMAKE_PREFIX_PATH=${CMAKE_PREFIX_PATH}:/opt/ros/humble /usr/bin/cmake --install /home/tungchiahui/mysource/ros2src/5.opencv_demo_ws/build/opencv_video_capture
