[0.014s] Invoking command in '/home/tungchiahui/mysource/ros2src/4.ws02_tools/build/cpp01_launch': CMAKE_PREFIX_PATH=/opt/ros/humble /usr/bin/cmake --build /home/tungchiahui/mysource/ros2src/4.ws02_tools/build/cpp01_launch -- -j16 -l16
[0.051s] -- Found ament_cmake: 1.3.5 (/opt/ros/humble/share/ament_cmake/cmake)
[0.162s] -- Found rclcpp: 16.0.5 (/opt/ros/humble/share/rclcpp/cmake)
[0.192s] -- Found rosidl_generator_c: 3.1.5 (/opt/ros/humble/share/rosidl_generator_c/cmake)
[0.194s] -- Found rosidl_adapter: 3.1.5 (/opt/ros/humble/share/rosidl_adapter/cmake)
[0.201s] -- Found rosidl_generator_cpp: 3.1.5 (/opt/ros/humble/share/rosidl_generator_cpp/cmake)
[0.212s] -- Using all available rosidl_typesupport_c: rosidl_typesupport_fastrtps_c;rosidl_typesupport_introspection_c
[0.226s] -- Using all available rosidl_typesupport_cpp: rosidl_typesupport_fastrtps_cpp;rosidl_typesupport_introspection_cpp
[0.275s] -- Found rmw_implementation_cmake: 6.1.1 (/opt/ros/humble/share/rmw_implementation_cmake/cmake)
[0.277s] -- Found rmw_fastrtps_cpp: 6.2.3 (/opt/ros/humble/share/rmw_fastrtps_cpp/cmake)
[0.370s] -- Using RMW implementation 'rmw_fastrtps_cpp' as default
[0.497s] -- Found ament_lint_auto: 0.12.7 (/opt/ros/humble/share/ament_lint_auto/cmake)
[0.551s] -- Added test 'flake8' to check Python code syntax and style conventions
[0.551s] -- Added test 'lint_cmake' to check CMake code style
[0.551s] -- Added test 'pep257' to check Python code against some of the docstring style conventions in PEP 257
[0.552s] -- Added test 'xmllint' to check XML markup files
[0.553s] -- Configuring done
[0.558s] -- Generating done
[0.559s] -- Build files have been written to: /home/tungchiahui/mysource/ros2src/4.ws02_tools/build/cpp01_launch
[0.579s] Invoked command in '/home/tungchiahui/mysource/ros2src/4.ws02_tools/build/cpp01_launch' returned '0': CMAKE_PREFIX_PATH=/opt/ros/humble /usr/bin/cmake --build /home/tungchiahui/mysource/ros2src/4.ws02_tools/build/cpp01_launch -- -j16 -l16
[0.599s] Invoking command in '/home/tungchiahui/mysource/ros2src/4.ws02_tools/build/cpp01_launch': CMAKE_PREFIX_PATH=/opt/ros/humble /usr/bin/cmake --install /home/tungchiahui/mysource/ros2src/4.ws02_tools/build/cpp01_launch
[0.603s] -- Install configuration: ""
[0.603s] -- Up-to-date: /home/tungchiahui/mysource/ros2src/4.ws02_tools/install/cpp01_launch/share/cpp01_launch/launch
[0.604s] -- Up-to-date: /home/tungchiahui/mysource/ros2src/4.ws02_tools/install/cpp01_launch/share/cpp01_launch/launch/py
[0.604s] -- Up-to-date: /home/tungchiahui/mysource/ros2src/4.ws02_tools/install/cpp01_launch/share/cpp01_launch/launch/py/py01_helloworld_launch.py
[0.604s] -- Installing: /home/tungchiahui/mysource/ros2src/4.ws02_tools/install/cpp01_launch/share/cpp01_launch/launch/py/py04_args_launch.py
[0.604s] -- Up-to-date: /home/tungchiahui/mysource/ros2src/4.ws02_tools/install/cpp01_launch/share/cpp01_launch/launch/py/py02_node_launch.py
[0.604s] -- Up-to-date: /home/tungchiahui/mysource/ros2src/4.ws02_tools/install/cpp01_launch/share/cpp01_launch/launch/py/py03_cmd_launch.py
[0.604s] -- Installing: /home/tungchiahui/mysource/ros2src/4.ws02_tools/install/cpp01_launch/share/cpp01_launch/launch/py/py05_include_launch.py
[0.604s] -- Up-to-date: /home/tungchiahui/mysource/ros2src/4.ws02_tools/install/cpp01_launch/share/cpp01_launch/launch/xml
[0.604s] -- Up-to-date: /home/tungchiahui/mysource/ros2src/4.ws02_tools/install/cpp01_launch/share/cpp01_launch/launch/xml/xml01_helloworld_launch.xml
[0.604s] -- Up-to-date: /home/tungchiahui/mysource/ros2src/4.ws02_tools/install/cpp01_launch/share/cpp01_launch/launch/yaml
[0.604s] -- Up-to-date: /home/tungchiahui/mysource/ros2src/4.ws02_tools/install/cpp01_launch/share/cpp01_launch/launch/yaml/yaml01_helloworld_launch.yaml
[0.604s] -- Up-to-date: /home/tungchiahui/mysource/ros2src/4.ws02_tools/install/cpp01_launch/share/cpp01_launch/config
[0.604s] -- Up-to-date: /home/tungchiahui/mysource/ros2src/4.ws02_tools/install/cpp01_launch/share/cpp01_launch/config/haha.yaml
[0.605s] -- Up-to-date: /home/tungchiahui/mysource/ros2src/4.ws02_tools/install/cpp01_launch/share/ament_index/resource_index/package_run_dependencies/cpp01_launch
[0.605s] -- Installing: /home/tungchiahui/mysource/ros2src/4.ws02_tools/install/cpp01_launch/share/ament_index/resource_index/parent_prefix_path/cpp01_launch
[0.605s] -- Up-to-date: /home/tungchiahui/mysource/ros2src/4.ws02_tools/install/cpp01_launch/share/cpp01_launch/environment/ament_prefix_path.sh
[0.605s] -- Installing: /home/tungchiahui/mysource/ros2src/4.ws02_tools/install/cpp01_launch/share/cpp01_launch/environment/ament_prefix_path.dsv
[0.605s] -- Up-to-date: /home/tungchiahui/mysource/ros2src/4.ws02_tools/install/cpp01_launch/share/cpp01_launch/environment/path.sh
[0.605s] -- Installing: /home/tungchiahui/mysource/ros2src/4.ws02_tools/install/cpp01_launch/share/cpp01_launch/environment/path.dsv
[0.605s] -- Up-to-date: /home/tungchiahui/mysource/ros2src/4.ws02_tools/install/cpp01_launch/share/cpp01_launch/local_setup.bash
[0.605s] -- Up-to-date: /home/tungchiahui/mysource/ros2src/4.ws02_tools/install/cpp01_launch/share/cpp01_launch/local_setup.sh
[0.605s] -- Up-to-date: /home/tungchiahui/mysource/ros2src/4.ws02_tools/install/cpp01_launch/share/cpp01_launch/local_setup.zsh
[0.605s] -- Installing: /home/tungchiahui/mysource/ros2src/4.ws02_tools/install/cpp01_launch/share/cpp01_launch/local_setup.dsv
[0.605s] -- Installing: /home/tungchiahui/mysource/ros2src/4.ws02_tools/install/cpp01_launch/share/cpp01_launch/package.dsv
[0.606s] -- Up-to-date: /home/tungchiahui/mysource/ros2src/4.ws02_tools/install/cpp01_launch/share/ament_index/resource_index/packages/cpp01_launch
[0.606s] -- Up-to-date: /home/tungchiahui/mysource/ros2src/4.ws02_tools/install/cpp01_launch/share/cpp01_launch/cmake/cpp01_launchConfig.cmake
[0.606s] -- Up-to-date: /home/tungchiahui/mysource/ros2src/4.ws02_tools/install/cpp01_launch/share/cpp01_launch/cmake/cpp01_launchConfig-version.cmake
[0.606s] -- Up-to-date: /home/tungchiahui/mysource/ros2src/4.ws02_tools/install/cpp01_launch/share/cpp01_launch/package.xml
[0.606s] Invoked command in '/home/tungchiahui/mysource/ros2src/4.ws02_tools/build/cpp01_launch' returned '0': CMAKE_PREFIX_PATH=/opt/ros/humble /usr/bin/cmake --install /home/tungchiahui/mysource/ros2src/4.ws02_tools/build/cpp01_launch
