[0.344s] Invoking command in '/home/tungchiahui/mysource/ros2src/1.demo_ws/src/pkg02_helloworld_py': PYTHONPATH=/home/tungchiahui/mysource/ros2src/1.demo_ws/build/pkg02_helloworld_py/prefix_override:/home/tungchiahui/mysource/ros2src/1.demo_ws/install/pkg02_helloworld_py/lib/python3.10/site-packages:${PYTHONPATH} /usr/bin/python3 setup.py egg_info --egg-base ../../build/pkg02_helloworld_py build --build-base /home/tungchiahui/mysource/ros2src/1.demo_ws/build/pkg02_helloworld_py/build install --record /home/tungchiahui/mysource/ros2src/1.demo_ws/build/pkg02_helloworld_py/install.log --single-version-externally-managed
[0.466s] running egg_info
[0.467s] creating ../../build/pkg02_helloworld_py/pkg02_helloworld_py.egg-info
[0.467s] writing ../../build/pkg02_helloworld_py/pkg02_helloworld_py.egg-info/PKG-INFO
[0.467s] writing dependency_links to ../../build/pkg02_helloworld_py/pkg02_helloworld_py.egg-info/dependency_links.txt
[0.467s] writing entry points to ../../build/pkg02_helloworld_py/pkg02_helloworld_py.egg-info/entry_points.txt
[0.467s] writing requirements to ../../build/pkg02_helloworld_py/pkg02_helloworld_py.egg-info/requires.txt
[0.467s] writing top-level names to ../../build/pkg02_helloworld_py/pkg02_helloworld_py.egg-info/top_level.txt
[0.467s] writing manifest file '../../build/pkg02_helloworld_py/pkg02_helloworld_py.egg-info/SOURCES.txt'
[0.468s] reading manifest file '../../build/pkg02_helloworld_py/pkg02_helloworld_py.egg-info/SOURCES.txt'
[0.468s] writing manifest file '../../build/pkg02_helloworld_py/pkg02_helloworld_py.egg-info/SOURCES.txt'
[0.468s] running build
[0.469s] running build_py
[0.469s] creating /home/tungchiahui/mysource/ros2src/1.demo_ws/build/pkg02_helloworld_py/build
[0.469s] creating /home/tungchiahui/mysource/ros2src/1.demo_ws/build/pkg02_helloworld_py/build/lib
[0.469s] creating /home/tungchiahui/mysource/ros2src/1.demo_ws/build/pkg02_helloworld_py/build/lib/pkg02_helloworld_py
[0.469s] copying pkg02_helloworld_py/__init__.py -> /home/tungchiahui/mysource/ros2src/1.demo_ws/build/pkg02_helloworld_py/build/lib/pkg02_helloworld_py
[0.469s] copying pkg02_helloworld_py/helloworld.py -> /home/tungchiahui/mysource/ros2src/1.demo_ws/build/pkg02_helloworld_py/build/lib/pkg02_helloworld_py
[0.469s] running install
[0.469s] /usr/lib/python3/dist-packages/setuptools/command/install.py:34: SetuptoolsDeprecationWarning: setup.py install is deprecated. Use build and pip and other standards-based tools.
[0.469s]   warnings.warn(
[0.469s] running install_lib
[0.470s] creating /home/tungchiahui/mysource/ros2src/1.demo_ws/install/pkg02_helloworld_py/lib/python3.10/site-packages/pkg02_helloworld_py
[0.470s] copying /home/tungchiahui/mysource/ros2src/1.demo_ws/build/pkg02_helloworld_py/build/lib/pkg02_helloworld_py/__init__.py -> /home/tungchiahui/mysource/ros2src/1.demo_ws/install/pkg02_helloworld_py/lib/python3.10/site-packages/pkg02_helloworld_py
[0.470s] copying /home/tungchiahui/mysource/ros2src/1.demo_ws/build/pkg02_helloworld_py/build/lib/pkg02_helloworld_py/helloworld.py -> /home/tungchiahui/mysource/ros2src/1.demo_ws/install/pkg02_helloworld_py/lib/python3.10/site-packages/pkg02_helloworld_py
[0.470s] byte-compiling /home/tungchiahui/mysource/ros2src/1.demo_ws/install/pkg02_helloworld_py/lib/python3.10/site-packages/pkg02_helloworld_py/__init__.py to __init__.cpython-310.pyc
[0.470s] byte-compiling /home/tungchiahui/mysource/ros2src/1.demo_ws/install/pkg02_helloworld_py/lib/python3.10/site-packages/pkg02_helloworld_py/helloworld.py to helloworld.cpython-310.pyc
[0.470s] running install_data
[0.471s] creating /home/tungchiahui/mysource/ros2src/1.demo_ws/install/pkg02_helloworld_py/share/ament_index
[0.471s] creating /home/tungchiahui/mysource/ros2src/1.demo_ws/install/pkg02_helloworld_py/share/ament_index/resource_index
[0.471s] creating /home/tungchiahui/mysource/ros2src/1.demo_ws/install/pkg02_helloworld_py/share/ament_index/resource_index/packages
[0.471s] copying resource/pkg02_helloworld_py -> /home/tungchiahui/mysource/ros2src/1.demo_ws/install/pkg02_helloworld_py/share/ament_index/resource_index/packages
[0.471s] copying package.xml -> /home/tungchiahui/mysource/ros2src/1.demo_ws/install/pkg02_helloworld_py/share/pkg02_helloworld_py
[0.471s] running install_egg_info
[0.472s] Copying ../../build/pkg02_helloworld_py/pkg02_helloworld_py.egg-info to /home/tungchiahui/mysource/ros2src/1.demo_ws/install/pkg02_helloworld_py/lib/python3.10/site-packages/pkg02_helloworld_py-0.0.0-py3.10.egg-info
[0.472s] running install_scripts
[0.484s] Installing helloworld script to /home/tungchiahui/mysource/ros2src/1.demo_ws/install/pkg02_helloworld_py/lib/pkg02_helloworld_py
[0.484s] writing list of installed files to '/home/tungchiahui/mysource/ros2src/1.demo_ws/build/pkg02_helloworld_py/install.log'
[0.499s] Invoked command in '/home/tungchiahui/mysource/ros2src/1.demo_ws/src/pkg02_helloworld_py' returned '0': PYTHONPATH=/home/tungchiahui/mysource/ros2src/1.demo_ws/build/pkg02_helloworld_py/prefix_override:/home/tungchiahui/mysource/ros2src/1.demo_ws/install/pkg02_helloworld_py/lib/python3.10/site-packages:${PYTHONPATH} /usr/bin/python3 setup.py egg_info --egg-base ../../build/pkg02_helloworld_py build --build-base /home/tungchiahui/mysource/ros2src/1.demo_ws/build/pkg02_helloworld_py/build install --record /home/tungchiahui/mysource/ros2src/1.demo_ws/build/pkg02_helloworld_py/install.log --single-version-externally-managed
