-- Install configuration: ""
-- Up-to-date: /home/tungchiahui/UserFloder/mysource/ROS/ROS2_WS/7.ws_navigation/install/mycar_slam_slam_toolbox/share/mycar_slam_slam_toolbox/launch
-- Up-to-date: /home/tungchiahui/UserFloder/mysource/ROS/ROS2_WS/7.ws_navigation/install/mycar_slam_slam_toolbox/share/mycar_slam_slam_toolbox/launch/online_sync_launch.py
-- Up-to-date: /home/tungchiahui/UserFloder/mysource/ROS/ROS2_WS/7.ws_navigation/install/mycar_slam_slam_toolbox/share/mycar_slam_slam_toolbox/params
-- Up-to-date: /home/tungchiahui/UserFloder/mysource/ROS/ROS2_WS/7.ws_navigation/install/mycar_slam_slam_toolbox/share/mycar_slam_slam_toolbox/params/mapper_params_online_sync.yaml
-- Up-to-date: /home/tungchiahui/UserFloder/mysource/ROS/ROS2_WS/7.ws_navigation/install/mycar_slam_slam_toolbox/share/ament_index/resource_index/package_run_dependencies/mycar_slam_slam_toolbox
-- Up-to-date: /home/tungchiahui/UserFloder/mysource/ROS/ROS2_WS/7.ws_navigation/install/mycar_slam_slam_toolbox/share/ament_index/resource_index/parent_prefix_path/mycar_slam_slam_toolbox
-- Up-to-date: /home/tungchiahui/UserFloder/mysource/ROS/ROS2_WS/7.ws_navigation/install/mycar_slam_slam_toolbox/share/mycar_slam_slam_toolbox/environment/ament_prefix_path.sh
-- Up-to-date: /home/tungchiahui/UserFloder/mysource/ROS/ROS2_WS/7.ws_navigation/install/mycar_slam_slam_toolbox/share/mycar_slam_slam_toolbox/environment/ament_prefix_path.dsv
-- Up-to-date: /home/tungchiahui/UserFloder/mysource/ROS/ROS2_WS/7.ws_navigation/install/mycar_slam_slam_toolbox/share/mycar_slam_slam_toolbox/environment/path.sh
-- Up-to-date: /home/tungchiahui/UserFloder/mysource/ROS/ROS2_WS/7.ws_navigation/install/mycar_slam_slam_toolbox/share/mycar_slam_slam_toolbox/environment/path.dsv
-- Up-to-date: /home/tungchiahui/UserFloder/mysource/ROS/ROS2_WS/7.ws_navigation/install/mycar_slam_slam_toolbox/share/mycar_slam_slam_toolbox/local_setup.bash
-- Up-to-date: /home/tungchiahui/UserFloder/mysource/ROS/ROS2_WS/7.ws_navigation/install/mycar_slam_slam_toolbox/share/mycar_slam_slam_toolbox/local_setup.sh
-- Up-to-date: /home/tungchiahui/UserFloder/mysource/ROS/ROS2_WS/7.ws_navigation/install/mycar_slam_slam_toolbox/share/mycar_slam_slam_toolbox/local_setup.zsh
-- Up-to-date: /home/tungchiahui/UserFloder/mysource/ROS/ROS2_WS/7.ws_navigation/install/mycar_slam_slam_toolbox/share/mycar_slam_slam_toolbox/local_setup.dsv
-- Installing: /home/tungchiahui/UserFloder/mysource/ROS/ROS2_WS/7.ws_navigation/install/mycar_slam_slam_toolbox/share/mycar_slam_slam_toolbox/package.dsv
-- Up-to-date: /home/tungchiahui/UserFloder/mysource/ROS/ROS2_WS/7.ws_navigation/install/mycar_slam_slam_toolbox/share/ament_index/resource_index/packages/mycar_slam_slam_toolbox
-- Up-to-date: /home/tungchiahui/UserFloder/mysource/ROS/ROS2_WS/7.ws_navigation/install/mycar_slam_slam_toolbox/share/mycar_slam_slam_toolbox/cmake/mycar_slam_slam_toolboxConfig.cmake
-- Up-to-date: /home/tungchiahui/UserFloder/mysource/ROS/ROS2_WS/7.ws_navigation/install/mycar_slam_slam_toolbox/share/mycar_slam_slam_toolbox/cmake/mycar_slam_slam_toolboxConfig-version.cmake
-- Up-to-date: /home/tungchiahui/UserFloder/mysource/ROS/ROS2_WS/7.ws_navigation/install/mycar_slam_slam_toolbox/share/mycar_slam_slam_toolbox/package.xml
