[0.082s] Invoking command in '/home/tungchiahui/user/mysource/ros2src/5.opencv_demo_ws/build/opencv_demo3_0_save_media_file': CMAKE_PREFIX_PATH=${CMAKE_PREFIX_PATH}:/opt/ros/humble /usr/bin/cmake --build /home/tungchiahui/user/mysource/ros2src/5.opencv_demo_ws/build/opencv_demo3_0_save_media_file -- -j16 -l16
[0.112s] [35m[1mConsolidate compiler generated dependencies of target opencv_save_image_in_video_node[0m
[0.112s] [35m[1mConsolidate compiler generated dependencies of target opencv_save_video_node[0m
[0.112s] [35m[1mConsolidate compiler generated dependencies of target opencv_save_image_node[0m
[0.127s] [ 16%] [32mBuilding CXX object CMakeFiles/opencv_save_image_node.dir/src/opencv_save_image_node.cpp.o[0m
[0.127s] [ 33%] [32mBuilding CXX object CMakeFiles/opencv_save_video_node.dir/src/opencv_save_video_node.cpp.o[0m
[0.127s] [ 50%] [32mBuilding CXX object CMakeFiles/opencv_save_image_in_video_node.dir/src/opencv_save_image_in_video_node.cpp.o[0m
[0.318s] [01m[K/home/tungchiahui/user/mysource/ros2src/5.opencv_demo_ws/src/opencv_demo3_0_save_media_file/src/opencv_save_video_node.cpp:6:10:[m[K [01;31m[Kfatal error: [m[Kkeyboard_ascii.h: No such file or directory
[0.318s]     6 | #include [01;31m[K"keyboard_ascii.h"[m[K
[0.318s]       |          [01;31m[K^~~~~~~~~~~~~~~~~~[m[K
[0.318s] compilation terminated.
[0.320s] gmake[2]: *** [CMakeFiles/opencv_save_video_node.dir/build.make:76: CMakeFiles/opencv_save_video_node.dir/src/opencv_save_video_node.cpp.o] Error 1
[0.321s] gmake[1]: *** [CMakeFiles/Makefile2:193: CMakeFiles/opencv_save_video_node.dir/all] Error 2
[0.321s] gmake[1]: *** Waiting for unfinished jobs....
[2.967s] [ 66%] [32m[1mLinking CXX executable opencv_save_image_in_video_node[0m
[2.969s] [ 83%] [32m[1mLinking CXX executable opencv_save_image_node[0m
[3.081s] [ 83%] Built target opencv_save_image_node
[3.179s] [ 83%] Built target opencv_save_image_in_video_node
[3.180s] gmake: *** [Makefile:146: all] Error 2
[3.181s] Invoked command in '/home/tungchiahui/user/mysource/ros2src/5.opencv_demo_ws/build/opencv_demo3_0_save_media_file' returned '2': CMAKE_PREFIX_PATH=${CMAKE_PREFIX_PATH}:/opt/ros/humble /usr/bin/cmake --build /home/tungchiahui/user/mysource/ros2src/5.opencv_demo_ws/build/opencv_demo3_0_save_media_file -- -j16 -l16
