[0.006s] Invoking command in '/home/tungchiahui/mysource/ros2src/1.demo_ws/build/pkg01_helloworld_cpp': CMAKE_PREFIX_PATH=/opt/ros/humble /usr/bin/cmake /home/tungchiahui/mysource/ros2src/1.demo_ws/src/pkg01_helloworld_cpp -DCMAKE_INSTALL_PREFIX=/home/tungchiahui/mysource/ros2src/1.demo_ws/install/pkg01_helloworld_cpp
[0.127s] -- The C compiler identification is GNU 11.3.0
[0.202s] -- The CXX compiler identification is GNU 11.3.0
[0.209s] -- Detecting C compiler ABI info
[0.272s] -- Detecting C compiler ABI info - done
[0.280s] -- Check for working C compiler: /usr/bin/cc - skipped
[0.280s] -- Detecting C compile features
[0.281s] -- Detecting C compile features - done
[0.286s] -- Detecting CXX compiler ABI info
[0.363s] -- Detecting CXX compiler ABI info - done
[0.367s] -- Check for working CXX compiler: /usr/bin/c++ - skipped
[0.367s] -- Detecting CXX compile features
[0.367s] -- Detecting CXX compile features - done
[0.369s] -- Found ament_cmake: 1.3.5 (/opt/ros/humble/share/ament_cmake/cmake)
[0.487s] -- Found Python3: /usr/bin/python3.10 (found version "3.10.6") found components: Interpreter 
[0.550s] -- Found rclcpp: 16.0.4 (/opt/ros/humble/share/rclcpp/cmake)
[0.584s] -- Found rosidl_generator_c: 3.1.4 (/opt/ros/humble/share/rosidl_generator_c/cmake)
[0.587s] -- Found rosidl_adapter: 3.1.4 (/opt/ros/humble/share/rosidl_adapter/cmake)
[0.594s] -- Found rosidl_generator_cpp: 3.1.4 (/opt/ros/humble/share/rosidl_generator_cpp/cmake)
[0.606s] -- Using all available rosidl_typesupport_c: rosidl_typesupport_fastrtps_c;rosidl_typesupport_introspection_c
[0.621s] -- Using all available rosidl_typesupport_cpp: rosidl_typesupport_fastrtps_cpp;rosidl_typesupport_introspection_cpp
[0.671s] -- Found rmw_implementation_cmake: 6.1.1 (/opt/ros/humble/share/rmw_implementation_cmake/cmake)
[0.673s] -- Found rmw_fastrtps_cpp: 6.2.2 (/opt/ros/humble/share/rmw_fastrtps_cpp/cmake)
[0.733s] -- Found OpenSSL: /usr/lib/x86_64-linux-gnu/libcrypto.so (found version "3.0.2")  
[0.750s] -- Found FastRTPS: /opt/ros/humble/include  
[0.777s] -- Using RMW implementation 'rmw_fastrtps_cpp' as default
[0.784s] -- Looking for pthread.h
[0.832s] -- Looking for pthread.h - found
[0.832s] -- Performing Test CMAKE_HAVE_LIBC_PTHREAD
[0.877s] -- Performing Test CMAKE_HAVE_LIBC_PTHREAD - Success
[0.877s] -- Found Threads: TRUE  
[0.990s] -- Found ament_lint_auto: 0.12.6 (/opt/ros/humble/share/ament_lint_auto/cmake)
[1.040s] -- Added test 'cppcheck' to perform static code analysis on C / C++ code
[1.040s] -- Configured cppcheck include dirs: $<BUILD_INTERFACE:/home/tungchiahui/mysource/ros2src/1.demo_ws/src/pkg01_helloworld_cpp/include>
[1.040s] -- Configured cppcheck exclude dirs and/or files: 
[1.040s] -- Added test 'lint_cmake' to check CMake code style
[1.041s] -- Added test 'uncrustify' to check C / C++ code style
[1.041s] -- Configured uncrustify additional arguments: 
[1.041s] -- Added test 'xmllint' to check XML markup files
[1.042s] -- Configuring done
[1.048s] -- Generating done
[1.049s] -- Build files have been written to: /home/tungchiahui/mysource/ros2src/1.demo_ws/build/pkg01_helloworld_cpp
[1.056s] Invoked command in '/home/tungchiahui/mysource/ros2src/1.demo_ws/build/pkg01_helloworld_cpp' returned '0': CMAKE_PREFIX_PATH=/opt/ros/humble /usr/bin/cmake /home/tungchiahui/mysource/ros2src/1.demo_ws/src/pkg01_helloworld_cpp -DCMAKE_INSTALL_PREFIX=/home/tungchiahui/mysource/ros2src/1.demo_ws/install/pkg01_helloworld_cpp
[1.057s] Invoking command in '/home/tungchiahui/mysource/ros2src/1.demo_ws/build/pkg01_helloworld_cpp': CMAKE_PREFIX_PATH=/opt/ros/humble /usr/bin/cmake --build /home/tungchiahui/mysource/ros2src/1.demo_ws/build/pkg01_helloworld_cpp -- -j16 -l16
[1.100s] [ 50%] [32mBuilding CXX object CMakeFiles/helloworld.dir/src/helloworld.cpp.o[0m
[1.135s] [100%] [32m[1mLinking CXX executable helloworld[0m
[1.203s] [100%] Built target helloworld
[1.209s] Invoked command in '/home/tungchiahui/mysource/ros2src/1.demo_ws/build/pkg01_helloworld_cpp' returned '0': CMAKE_PREFIX_PATH=/opt/ros/humble /usr/bin/cmake --build /home/tungchiahui/mysource/ros2src/1.demo_ws/build/pkg01_helloworld_cpp -- -j16 -l16
[1.227s] Invoking command in '/home/tungchiahui/mysource/ros2src/1.demo_ws/build/pkg01_helloworld_cpp': CMAKE_PREFIX_PATH=/opt/ros/humble /usr/bin/cmake --install /home/tungchiahui/mysource/ros2src/1.demo_ws/build/pkg01_helloworld_cpp
[1.231s] -- Install configuration: ""
[1.231s] -- Installing: /home/tungchiahui/mysource/ros2src/1.demo_ws/install/pkg01_helloworld_cpp/lib/pkg01_helloworld_cpp/helloworld
[1.231s] -- Set runtime path of "/home/tungchiahui/mysource/ros2src/1.demo_ws/install/pkg01_helloworld_cpp/lib/pkg01_helloworld_cpp/helloworld" to ""
[1.231s] -- Installing: /home/tungchiahui/mysource/ros2src/1.demo_ws/install/pkg01_helloworld_cpp/share/ament_index/resource_index/package_run_dependencies/pkg01_helloworld_cpp
[1.231s] -- Installing: /home/tungchiahui/mysource/ros2src/1.demo_ws/install/pkg01_helloworld_cpp/share/ament_index/resource_index/parent_prefix_path/pkg01_helloworld_cpp
[1.231s] -- Installing: /home/tungchiahui/mysource/ros2src/1.demo_ws/install/pkg01_helloworld_cpp/share/pkg01_helloworld_cpp/environment/ament_prefix_path.sh
[1.231s] -- Installing: /home/tungchiahui/mysource/ros2src/1.demo_ws/install/pkg01_helloworld_cpp/share/pkg01_helloworld_cpp/environment/ament_prefix_path.dsv
[1.231s] -- Installing: /home/tungchiahui/mysource/ros2src/1.demo_ws/install/pkg01_helloworld_cpp/share/pkg01_helloworld_cpp/environment/path.sh
[1.231s] -- Installing: /home/tungchiahui/mysource/ros2src/1.demo_ws/install/pkg01_helloworld_cpp/share/pkg01_helloworld_cpp/environment/path.dsv
[1.231s] -- Installing: /home/tungchiahui/mysource/ros2src/1.demo_ws/install/pkg01_helloworld_cpp/share/pkg01_helloworld_cpp/local_setup.bash
[1.231s] -- Installing: /home/tungchiahui/mysource/ros2src/1.demo_ws/install/pkg01_helloworld_cpp/share/pkg01_helloworld_cpp/local_setup.sh
[1.231s] -- Installing: /home/tungchiahui/mysource/ros2src/1.demo_ws/install/pkg01_helloworld_cpp/share/pkg01_helloworld_cpp/local_setup.zsh
[1.231s] -- Installing: /home/tungchiahui/mysource/ros2src/1.demo_ws/install/pkg01_helloworld_cpp/share/pkg01_helloworld_cpp/local_setup.dsv
[1.231s] -- Installing: /home/tungchiahui/mysource/ros2src/1.demo_ws/install/pkg01_helloworld_cpp/share/pkg01_helloworld_cpp/package.dsv
[1.231s] -- Installing: /home/tungchiahui/mysource/ros2src/1.demo_ws/install/pkg01_helloworld_cpp/share/ament_index/resource_index/packages/pkg01_helloworld_cpp
[1.232s] -- Installing: /home/tungchiahui/mysource/ros2src/1.demo_ws/install/pkg01_helloworld_cpp/share/pkg01_helloworld_cpp/cmake/pkg01_helloworld_cppConfig.cmake
[1.232s] -- Installing: /home/tungchiahui/mysource/ros2src/1.demo_ws/install/pkg01_helloworld_cpp/share/pkg01_helloworld_cpp/cmake/pkg01_helloworld_cppConfig-version.cmake
[1.232s] -- Installing: /home/tungchiahui/mysource/ros2src/1.demo_ws/install/pkg01_helloworld_cpp/share/pkg01_helloworld_cpp/package.xml
[1.233s] Invoked command in '/home/tungchiahui/mysource/ros2src/1.demo_ws/build/pkg01_helloworld_cpp' returned '0': CMAKE_PREFIX_PATH=/opt/ros/humble /usr/bin/cmake --install /home/tungchiahui/mysource/ros2src/1.demo_ws/build/pkg01_helloworld_cpp
