[0.092s] DEBUG:colcon:Command line arguments: ['/usr/bin/colcon', 'build', '--cmake-args', '-DCMAKE_EXPORT_COMPILE_COMMANDS=ON']
[0.092s] DEBUG:colcon:Parsed command line arguments: Namespace(log_base=None, log_level=None, verb_name='build', build_base='build', install_base='install', merge_install=False, symlink_install=False, test_result_base=None, continue_on_error=False, executor='parallel', parallel_workers=16, event_handlers=None, ignore_user_meta=False, metas=['./colcon.meta'], base_paths=['.'], packages_ignore=None, packages_ignore_regex=None, paths=None, packages_up_to=None, packages_up_to_regex=None, packages_above=None, packages_above_and_dependencies=None, packages_above_depth=None, packages_select_by_dep=None, packages_skip_by_dep=None, packages_skip_up_to=None, packages_select_build_failed=False, packages_skip_build_finished=False, packages_select_test_failures=False, packages_skip_test_passed=False, packages_select=None, packages_skip=None, packages_select_regex=None, packages_skip_regex=None, packages_start=None, packages_end=None, allow_overriding=[], cmake_args=['-DCMAKE_EXPORT_COMPILE_COMMANDS=ON'], cmake_target=None, cmake_target_skip_unavailable=False, cmake_clean_cache=False, cmake_clean_first=False, cmake_force_configure=False, ament_cmake_args=None, catkin_cmake_args=None, catkin_skip_building_tests=False, mixin_files=None, mixin=None, verb_parser=<colcon_mixin.mixin.mixin_argument.MixinArgumentDecorator object at 0x7f2cf2951d30>, verb_extension=<colcon_core.verb.build.BuildVerb object at 0x7f2cf28c7ad0>, main=<bound method BuildVerb.main of <colcon_core.verb.build.BuildVerb object at 0x7f2cf28c7ad0>>, mixin_verb=('build',))
[0.120s] Level 1:colcon.colcon_core.package_discovery:discover_packages(colcon_meta) check parameters
[0.121s] Level 1:colcon.colcon_core.package_discovery:discover_packages(recursive) check parameters
[0.121s] Level 1:colcon.colcon_core.package_discovery:discover_packages(ignore) check parameters
[0.121s] Level 1:colcon.colcon_core.package_discovery:discover_packages(path) check parameters
[0.121s] Level 1:colcon.colcon_core.package_discovery:discover_packages(colcon_meta) discover
[0.121s] Level 1:colcon.colcon_core.package_discovery:discover_packages(recursive) discover
[0.121s] INFO:colcon.colcon_core.package_discovery:Crawling recursively for packages in '/home/tungchiahui/source/ROS2_WS/4.ws02_tools'
[0.121s] Level 1:colcon.colcon_core.package_identification:_identify(.) by extensions ['ignore', 'ignore_ament_install']
[0.121s] Level 1:colcon.colcon_core.package_identification:_identify(.) by extension 'ignore'
[0.121s] Level 1:colcon.colcon_core.package_identification:_identify(.) by extension 'ignore_ament_install'
[0.121s] Level 1:colcon.colcon_core.package_identification:_identify(.) by extensions ['colcon_pkg']
[0.121s] Level 1:colcon.colcon_core.package_identification:_identify(.) by extension 'colcon_pkg'
[0.121s] Level 1:colcon.colcon_core.package_identification:_identify(.) by extensions ['colcon_meta']
[0.121s] Level 1:colcon.colcon_core.package_identification:_identify(.) by extension 'colcon_meta'
[0.121s] Level 1:colcon.colcon_core.package_identification:_identify(.) by extensions ['ros']
[0.121s] Level 1:colcon.colcon_core.package_identification:_identify(.) by extension 'ros'
[0.140s] Level 1:colcon.colcon_core.package_identification:_identify(.) by extensions ['cmake', 'python']
[0.140s] Level 1:colcon.colcon_core.package_identification:_identify(.) by extension 'cmake'
[0.140s] Level 1:colcon.colcon_core.package_identification:_identify(.) by extension 'python'
[0.140s] Level 1:colcon.colcon_core.package_identification:_identify(.) by extensions ['python_setup_py']
[0.140s] Level 1:colcon.colcon_core.package_identification:_identify(.) by extension 'python_setup_py'
[0.141s] Level 1:colcon.colcon_core.package_identification:_identify(build) by extensions ['ignore', 'ignore_ament_install']
[0.141s] Level 1:colcon.colcon_core.package_identification:_identify(build) by extension 'ignore'
[0.141s] Level 1:colcon.colcon_core.package_identification:_identify(build) ignored
[0.141s] Level 1:colcon.colcon_core.package_identification:_identify(install) by extensions ['ignore', 'ignore_ament_install']
[0.141s] Level 1:colcon.colcon_core.package_identification:_identify(install) by extension 'ignore'
[0.141s] Level 1:colcon.colcon_core.package_identification:_identify(install) ignored
[0.141s] Level 1:colcon.colcon_core.package_identification:_identify(log) by extensions ['ignore', 'ignore_ament_install']
[0.141s] Level 1:colcon.colcon_core.package_identification:_identify(log) by extension 'ignore'
[0.141s] Level 1:colcon.colcon_core.package_identification:_identify(log) ignored
[0.141s] Level 1:colcon.colcon_core.package_identification:_identify(src) by extensions ['ignore', 'ignore_ament_install']
[0.141s] Level 1:colcon.colcon_core.package_identification:_identify(src) by extension 'ignore'
[0.141s] Level 1:colcon.colcon_core.package_identification:_identify(src) by extension 'ignore_ament_install'
[0.141s] Level 1:colcon.colcon_core.package_identification:_identify(src) by extensions ['colcon_pkg']
[0.141s] Level 1:colcon.colcon_core.package_identification:_identify(src) by extension 'colcon_pkg'
[0.141s] Level 1:colcon.colcon_core.package_identification:_identify(src) by extensions ['colcon_meta']
[0.141s] Level 1:colcon.colcon_core.package_identification:_identify(src) by extension 'colcon_meta'
[0.141s] Level 1:colcon.colcon_core.package_identification:_identify(src) by extensions ['ros']
[0.141s] Level 1:colcon.colcon_core.package_identification:_identify(src) by extension 'ros'
[0.141s] Level 1:colcon.colcon_core.package_identification:_identify(src) by extensions ['cmake', 'python']
[0.141s] Level 1:colcon.colcon_core.package_identification:_identify(src) by extension 'cmake'
[0.141s] Level 1:colcon.colcon_core.package_identification:_identify(src) by extension 'python'
[0.141s] Level 1:colcon.colcon_core.package_identification:_identify(src) by extensions ['python_setup_py']
[0.141s] Level 1:colcon.colcon_core.package_identification:_identify(src) by extension 'python_setup_py'
[0.141s] Level 1:colcon.colcon_core.package_identification:_identify(src/cpp01_launch) by extensions ['ignore', 'ignore_ament_install']
[0.141s] Level 1:colcon.colcon_core.package_identification:_identify(src/cpp01_launch) by extension 'ignore'
[0.142s] Level 1:colcon.colcon_core.package_identification:_identify(src/cpp01_launch) by extension 'ignore_ament_install'
[0.142s] Level 1:colcon.colcon_core.package_identification:_identify(src/cpp01_launch) by extensions ['colcon_pkg']
[0.142s] Level 1:colcon.colcon_core.package_identification:_identify(src/cpp01_launch) by extension 'colcon_pkg'
[0.142s] Level 1:colcon.colcon_core.package_identification:_identify(src/cpp01_launch) by extensions ['colcon_meta']
[0.142s] Level 1:colcon.colcon_core.package_identification:_identify(src/cpp01_launch) by extension 'colcon_meta'
[0.142s] Level 1:colcon.colcon_core.package_identification:_identify(src/cpp01_launch) by extensions ['ros']
[0.142s] Level 1:colcon.colcon_core.package_identification:_identify(src/cpp01_launch) by extension 'ros'
[0.144s] DEBUG:colcon.colcon_core.package_identification:Package 'src/cpp01_launch' with type 'ros.ament_cmake' and name 'cpp01_launch'
[0.144s] Level 1:colcon.colcon_core.package_identification:_identify(src/cpp02_rosbag) by extensions ['ignore', 'ignore_ament_install']
[0.144s] Level 1:colcon.colcon_core.package_identification:_identify(src/cpp02_rosbag) by extension 'ignore'
[0.144s] Level 1:colcon.colcon_core.package_identification:_identify(src/cpp02_rosbag) by extension 'ignore_ament_install'
[0.144s] Level 1:colcon.colcon_core.package_identification:_identify(src/cpp02_rosbag) by extensions ['colcon_pkg']
[0.144s] Level 1:colcon.colcon_core.package_identification:_identify(src/cpp02_rosbag) by extension 'colcon_pkg'
[0.144s] Level 1:colcon.colcon_core.package_identification:_identify(src/cpp02_rosbag) by extensions ['colcon_meta']
[0.144s] Level 1:colcon.colcon_core.package_identification:_identify(src/cpp02_rosbag) by extension 'colcon_meta'
[0.144s] Level 1:colcon.colcon_core.package_identification:_identify(src/cpp02_rosbag) by extensions ['ros']
[0.144s] Level 1:colcon.colcon_core.package_identification:_identify(src/cpp02_rosbag) by extension 'ros'
[0.145s] DEBUG:colcon.colcon_core.package_identification:Package 'src/cpp02_rosbag' with type 'ros.ament_cmake' and name 'cpp02_rosbag'
[0.145s] Level 1:colcon.colcon_core.package_identification:_identify(src/cpp06_urdf) by extensions ['ignore', 'ignore_ament_install']
[0.145s] Level 1:colcon.colcon_core.package_identification:_identify(src/cpp06_urdf) by extension 'ignore'
[0.145s] Level 1:colcon.colcon_core.package_identification:_identify(src/cpp06_urdf) by extension 'ignore_ament_install'
[0.145s] Level 1:colcon.colcon_core.package_identification:_identify(src/cpp06_urdf) by extensions ['colcon_pkg']
[0.145s] Level 1:colcon.colcon_core.package_identification:_identify(src/cpp06_urdf) by extension 'colcon_pkg'
[0.145s] Level 1:colcon.colcon_core.package_identification:_identify(src/cpp06_urdf) by extensions ['colcon_meta']
[0.145s] Level 1:colcon.colcon_core.package_identification:_identify(src/cpp06_urdf) by extension 'colcon_meta'
[0.145s] Level 1:colcon.colcon_core.package_identification:_identify(src/cpp06_urdf) by extensions ['ros']
[0.145s] Level 1:colcon.colcon_core.package_identification:_identify(src/cpp06_urdf) by extension 'ros'
[0.145s] DEBUG:colcon.colcon_core.package_identification:Package 'src/cpp06_urdf' with type 'ros.ament_cmake' and name 'cpp06_urdf'
[0.145s] Level 1:colcon.colcon_core.package_discovery:discover_packages(recursive) using defaults
[0.146s] Level 1:colcon.colcon_core.package_discovery:discover_packages(ignore) discover
[0.146s] Level 1:colcon.colcon_core.package_discovery:discover_packages(ignore) using defaults
[0.146s] Level 1:colcon.colcon_core.package_discovery:discover_packages(path) discover
[0.146s] Level 1:colcon.colcon_core.package_discovery:discover_packages(path) using defaults
[0.159s] Level 1:colcon.colcon_core.package_discovery:discover_packages(prefix_path) check parameters
[0.159s] Level 1:colcon.colcon_core.package_discovery:discover_packages(prefix_path) discover
[0.160s] DEBUG:colcon.colcon_installed_package_information.package_discovery:Found 285 installed packages in /opt/ros/jazzy
[0.161s] Level 1:colcon.colcon_core.package_discovery:discover_packages(prefix_path) using defaults
[0.191s] Level 5:colcon.colcon_core.verb:set package 'cpp01_launch' build argument 'cmake_args' from command line to '['-DCMAKE_EXPORT_COMPILE_COMMANDS=ON']'
[0.191s] Level 5:colcon.colcon_core.verb:set package 'cpp01_launch' build argument 'cmake_target' from command line to 'None'
[0.191s] Level 5:colcon.colcon_core.verb:set package 'cpp01_launch' build argument 'cmake_target_skip_unavailable' from command line to 'False'
[0.191s] Level 5:colcon.colcon_core.verb:set package 'cpp01_launch' build argument 'cmake_clean_cache' from command line to 'False'
[0.191s] Level 5:colcon.colcon_core.verb:set package 'cpp01_launch' build argument 'cmake_clean_first' from command line to 'False'
[0.191s] Level 5:colcon.colcon_core.verb:set package 'cpp01_launch' build argument 'cmake_force_configure' from command line to 'False'
[0.191s] Level 5:colcon.colcon_core.verb:set package 'cpp01_launch' build argument 'ament_cmake_args' from command line to 'None'
[0.191s] Level 5:colcon.colcon_core.verb:set package 'cpp01_launch' build argument 'catkin_cmake_args' from command line to 'None'
[0.191s] Level 5:colcon.colcon_core.verb:set package 'cpp01_launch' build argument 'catkin_skip_building_tests' from command line to 'False'
[0.191s] DEBUG:colcon.colcon_core.verb:Building package 'cpp01_launch' with the following arguments: {'ament_cmake_args': None, 'build_base': '/home/tungchiahui/source/ROS2_WS/4.ws02_tools/build/cpp01_launch', 'catkin_cmake_args': None, 'catkin_skip_building_tests': False, 'cmake_args': ['-DCMAKE_EXPORT_COMPILE_COMMANDS=ON'], 'cmake_clean_cache': False, 'cmake_clean_first': False, 'cmake_force_configure': False, 'cmake_target': None, 'cmake_target_skip_unavailable': False, 'install_base': '/home/tungchiahui/source/ROS2_WS/4.ws02_tools/install/cpp01_launch', 'merge_install': False, 'path': '/home/tungchiahui/source/ROS2_WS/4.ws02_tools/src/cpp01_launch', 'symlink_install': False, 'test_result_base': None}
[0.191s] Level 5:colcon.colcon_core.verb:set package 'cpp02_rosbag' build argument 'cmake_args' from command line to '['-DCMAKE_EXPORT_COMPILE_COMMANDS=ON']'
[0.191s] Level 5:colcon.colcon_core.verb:set package 'cpp02_rosbag' build argument 'cmake_target' from command line to 'None'
[0.191s] Level 5:colcon.colcon_core.verb:set package 'cpp02_rosbag' build argument 'cmake_target_skip_unavailable' from command line to 'False'
[0.191s] Level 5:colcon.colcon_core.verb:set package 'cpp02_rosbag' build argument 'cmake_clean_cache' from command line to 'False'
[0.191s] Level 5:colcon.colcon_core.verb:set package 'cpp02_rosbag' build argument 'cmake_clean_first' from command line to 'False'
[0.191s] Level 5:colcon.colcon_core.verb:set package 'cpp02_rosbag' build argument 'cmake_force_configure' from command line to 'False'
[0.191s] Level 5:colcon.colcon_core.verb:set package 'cpp02_rosbag' build argument 'ament_cmake_args' from command line to 'None'
[0.191s] Level 5:colcon.colcon_core.verb:set package 'cpp02_rosbag' build argument 'catkin_cmake_args' from command line to 'None'
[0.191s] Level 5:colcon.colcon_core.verb:set package 'cpp02_rosbag' build argument 'catkin_skip_building_tests' from command line to 'False'
[0.191s] DEBUG:colcon.colcon_core.verb:Building package 'cpp02_rosbag' with the following arguments: {'ament_cmake_args': None, 'build_base': '/home/tungchiahui/source/ROS2_WS/4.ws02_tools/build/cpp02_rosbag', 'catkin_cmake_args': None, 'catkin_skip_building_tests': False, 'cmake_args': ['-DCMAKE_EXPORT_COMPILE_COMMANDS=ON'], 'cmake_clean_cache': False, 'cmake_clean_first': False, 'cmake_force_configure': False, 'cmake_target': None, 'cmake_target_skip_unavailable': False, 'install_base': '/home/tungchiahui/source/ROS2_WS/4.ws02_tools/install/cpp02_rosbag', 'merge_install': False, 'path': '/home/tungchiahui/source/ROS2_WS/4.ws02_tools/src/cpp02_rosbag', 'symlink_install': False, 'test_result_base': None}
[0.192s] Level 5:colcon.colcon_core.verb:set package 'cpp06_urdf' build argument 'cmake_args' from command line to '['-DCMAKE_EXPORT_COMPILE_COMMANDS=ON']'
[0.192s] Level 5:colcon.colcon_core.verb:set package 'cpp06_urdf' build argument 'cmake_target' from command line to 'None'
[0.192s] Level 5:colcon.colcon_core.verb:set package 'cpp06_urdf' build argument 'cmake_target_skip_unavailable' from command line to 'False'
[0.192s] Level 5:colcon.colcon_core.verb:set package 'cpp06_urdf' build argument 'cmake_clean_cache' from command line to 'False'
[0.192s] Level 5:colcon.colcon_core.verb:set package 'cpp06_urdf' build argument 'cmake_clean_first' from command line to 'False'
[0.192s] Level 5:colcon.colcon_core.verb:set package 'cpp06_urdf' build argument 'cmake_force_configure' from command line to 'False'
[0.192s] Level 5:colcon.colcon_core.verb:set package 'cpp06_urdf' build argument 'ament_cmake_args' from command line to 'None'
[0.192s] Level 5:colcon.colcon_core.verb:set package 'cpp06_urdf' build argument 'catkin_cmake_args' from command line to 'None'
[0.192s] Level 5:colcon.colcon_core.verb:set package 'cpp06_urdf' build argument 'catkin_skip_building_tests' from command line to 'False'
[0.192s] DEBUG:colcon.colcon_core.verb:Building package 'cpp06_urdf' with the following arguments: {'ament_cmake_args': None, 'build_base': '/home/tungchiahui/source/ROS2_WS/4.ws02_tools/build/cpp06_urdf', 'catkin_cmake_args': None, 'catkin_skip_building_tests': False, 'cmake_args': ['-DCMAKE_EXPORT_COMPILE_COMMANDS=ON'], 'cmake_clean_cache': False, 'cmake_clean_first': False, 'cmake_force_configure': False, 'cmake_target': None, 'cmake_target_skip_unavailable': False, 'install_base': '/home/tungchiahui/source/ROS2_WS/4.ws02_tools/install/cpp06_urdf', 'merge_install': False, 'path': '/home/tungchiahui/source/ROS2_WS/4.ws02_tools/src/cpp06_urdf', 'symlink_install': False, 'test_result_base': None}
[0.192s] INFO:colcon.colcon_core.executor:Executing jobs using 'parallel' executor
[0.193s] DEBUG:colcon.colcon_parallel_executor.executor.parallel:run_until_complete
[0.193s] INFO:colcon.colcon_ros.task.ament_cmake.build:Building ROS package in '/home/tungchiahui/source/ROS2_WS/4.ws02_tools/src/cpp01_launch' with build type 'ament_cmake'
[0.193s] INFO:colcon.colcon_cmake.task.cmake.build:Building CMake package in '/home/tungchiahui/source/ROS2_WS/4.ws02_tools/src/cpp01_launch'
[0.195s] INFO:colcon.colcon_core.plugin_system:Skipping extension 'colcon_core.shell.bat': Not used on non-Windows systems
[0.195s] INFO:colcon.colcon_core.shell:Skip shell extension 'powershell' for command environment: Not usable outside of PowerShell
[0.195s] DEBUG:colcon.colcon_core.shell:Skip shell extension 'dsv' for command environment
[0.197s] INFO:colcon.colcon_ros.task.ament_cmake.build:Building ROS package in '/home/tungchiahui/source/ROS2_WS/4.ws02_tools/src/cpp02_rosbag' with build type 'ament_cmake'
[0.197s] INFO:colcon.colcon_cmake.task.cmake.build:Building CMake package in '/home/tungchiahui/source/ROS2_WS/4.ws02_tools/src/cpp02_rosbag'
[0.197s] INFO:colcon.colcon_core.shell:Skip shell extension 'powershell' for command environment: Not usable outside of PowerShell
[0.197s] DEBUG:colcon.colcon_core.shell:Skip shell extension 'dsv' for command environment
[0.199s] INFO:colcon.colcon_ros.task.ament_cmake.build:Building ROS package in '/home/tungchiahui/source/ROS2_WS/4.ws02_tools/src/cpp06_urdf' with build type 'ament_cmake'
[0.199s] INFO:colcon.colcon_cmake.task.cmake.build:Building CMake package in '/home/tungchiahui/source/ROS2_WS/4.ws02_tools/src/cpp06_urdf'
[0.200s] INFO:colcon.colcon_core.shell:Skip shell extension 'powershell' for command environment: Not usable outside of PowerShell
[0.200s] DEBUG:colcon.colcon_core.shell:Skip shell extension 'dsv' for command environment
[0.205s] DEBUG:colcon.colcon_core.event_handler.log_command:Invoking command in '/home/tungchiahui/source/ROS2_WS/4.ws02_tools/build/cpp01_launch': CMAKE_PREFIX_PATH=${CMAKE_PREFIX_PATH}:/opt/ros/jazzy /usr/bin/cmake /home/tungchiahui/source/ROS2_WS/4.ws02_tools/src/cpp01_launch -DCMAKE_EXPORT_COMPILE_COMMANDS=ON -DCMAKE_INSTALL_PREFIX=/home/tungchiahui/source/ROS2_WS/4.ws02_tools/install/cpp01_launch
[0.210s] DEBUG:colcon.colcon_core.event_handler.log_command:Invoking command in '/home/tungchiahui/source/ROS2_WS/4.ws02_tools/build/cpp02_rosbag': CMAKE_PREFIX_PATH=${CMAKE_PREFIX_PATH}:/opt/ros/jazzy /usr/bin/cmake /home/tungchiahui/source/ROS2_WS/4.ws02_tools/src/cpp02_rosbag -DCMAKE_EXPORT_COMPILE_COMMANDS=ON -DCMAKE_INSTALL_PREFIX=/home/tungchiahui/source/ROS2_WS/4.ws02_tools/install/cpp02_rosbag
[0.212s] DEBUG:colcon.colcon_core.event_handler.log_command:Invoking command in '/home/tungchiahui/source/ROS2_WS/4.ws02_tools/build/cpp06_urdf': CMAKE_PREFIX_PATH=${CMAKE_PREFIX_PATH}:/opt/ros/jazzy /usr/bin/cmake /home/tungchiahui/source/ROS2_WS/4.ws02_tools/src/cpp06_urdf -DCMAKE_EXPORT_COMPILE_COMMANDS=ON -DCMAKE_INSTALL_PREFIX=/home/tungchiahui/source/ROS2_WS/4.ws02_tools/install/cpp06_urdf
[0.477s] DEBUG:colcon.colcon_core.event_handler.log_command:Invoked command in '/home/tungchiahui/source/ROS2_WS/4.ws02_tools/build/cpp06_urdf' returned '0': CMAKE_PREFIX_PATH=${CMAKE_PREFIX_PATH}:/opt/ros/jazzy /usr/bin/cmake /home/tungchiahui/source/ROS2_WS/4.ws02_tools/src/cpp06_urdf -DCMAKE_EXPORT_COMPILE_COMMANDS=ON -DCMAKE_INSTALL_PREFIX=/home/tungchiahui/source/ROS2_WS/4.ws02_tools/install/cpp06_urdf
[0.479s] DEBUG:colcon.colcon_core.event_handler.log_command:Invoking command in '/home/tungchiahui/source/ROS2_WS/4.ws02_tools/build/cpp06_urdf': CMAKE_PREFIX_PATH=${CMAKE_PREFIX_PATH}:/opt/ros/jazzy /usr/bin/cmake --build /home/tungchiahui/source/ROS2_WS/4.ws02_tools/build/cpp06_urdf -- -j16 -l16
[0.504s] DEBUG:colcon.colcon_core.event_handler.log_command:Invoked command in '/home/tungchiahui/source/ROS2_WS/4.ws02_tools/build/cpp06_urdf' returned '0': CMAKE_PREFIX_PATH=${CMAKE_PREFIX_PATH}:/opt/ros/jazzy /usr/bin/cmake --build /home/tungchiahui/source/ROS2_WS/4.ws02_tools/build/cpp06_urdf -- -j16 -l16
[0.513s] DEBUG:colcon.colcon_core.event_handler.log_command:Invoking command in '/home/tungchiahui/source/ROS2_WS/4.ws02_tools/build/cpp06_urdf': CMAKE_PREFIX_PATH=${CMAKE_PREFIX_PATH}:/opt/ros/jazzy /usr/bin/cmake --install /home/tungchiahui/source/ROS2_WS/4.ws02_tools/build/cpp06_urdf
[0.522s] DEBUG:colcon.colcon_core.event_handler.log_command:Invoked command in '/home/tungchiahui/source/ROS2_WS/4.ws02_tools/build/cpp06_urdf' returned '1': CMAKE_PREFIX_PATH=${CMAKE_PREFIX_PATH}:/opt/ros/jazzy /usr/bin/cmake --install /home/tungchiahui/source/ROS2_WS/4.ws02_tools/build/cpp06_urdf
[0.522s] Level 1:colcon.colcon_core.environment:create_environment_scripts_only(cpp06_urdf)
[0.524s] Level 1:colcon.colcon_core.environment:checking '/home/tungchiahui/source/ROS2_WS/4.ws02_tools/install/cpp06_urdf' for CMake module files
[0.524s] Level 1:colcon.colcon_core.environment:checking '/home/tungchiahui/source/ROS2_WS/4.ws02_tools/install/cpp06_urdf' for CMake config files
[0.524s] Level 1:colcon.colcon_core.environment:checking '/home/tungchiahui/source/ROS2_WS/4.ws02_tools/install/cpp06_urdf/bin'
[0.524s] Level 1:colcon.colcon_core.environment:checking '/home/tungchiahui/source/ROS2_WS/4.ws02_tools/install/cpp06_urdf/lib/pkgconfig/cpp06_urdf.pc'
[0.525s] Level 1:colcon.colcon_core.environment:checking '/home/tungchiahui/source/ROS2_WS/4.ws02_tools/install/cpp06_urdf/lib/python3.12/site-packages'
[0.525s] Level 1:colcon.colcon_core.environment:checking '/home/tungchiahui/source/ROS2_WS/4.ws02_tools/install/cpp06_urdf/bin'
[0.525s] INFO:colcon.colcon_core.shell:Creating package script '/home/tungchiahui/source/ROS2_WS/4.ws02_tools/install/cpp06_urdf/share/cpp06_urdf/package.ps1'
[0.526s] INFO:colcon.colcon_core.shell:Creating package descriptor '/home/tungchiahui/source/ROS2_WS/4.ws02_tools/install/cpp06_urdf/share/cpp06_urdf/package.dsv'
[0.526s] INFO:colcon.colcon_core.shell:Creating package script '/home/tungchiahui/source/ROS2_WS/4.ws02_tools/install/cpp06_urdf/share/cpp06_urdf/package.sh'
[0.527s] INFO:colcon.colcon_core.shell:Creating package script '/home/tungchiahui/source/ROS2_WS/4.ws02_tools/install/cpp06_urdf/share/cpp06_urdf/package.bash'
[0.527s] INFO:colcon.colcon_core.shell:Creating package script '/home/tungchiahui/source/ROS2_WS/4.ws02_tools/install/cpp06_urdf/share/cpp06_urdf/package.zsh'
[0.527s] Level 1:colcon.colcon_core.environment:create_file_with_runtime_dependencies(/home/tungchiahui/source/ROS2_WS/4.ws02_tools/install/cpp06_urdf/share/colcon-core/packages/cpp06_urdf)
[0.796s] DEBUG:colcon.colcon_parallel_executor.executor.parallel:closing loop
[0.796s] DEBUG:colcon.colcon_parallel_executor.executor.parallel:loop closed
[0.796s] DEBUG:colcon.colcon_parallel_executor.executor.parallel:run_until_complete finished with '1'
[0.797s] DEBUG:colcon.colcon_core.event_reactor:joining thread
[0.811s] INFO:colcon.colcon_core.plugin_system:Skipping extension 'colcon_notification.desktop_notification.notify_send': Could not find 'notify-send'
[0.811s] INFO:colcon.colcon_core.plugin_system:Skipping extension 'colcon_notification.desktop_notification.terminal_notifier': Not used on non-Darwin systems
[0.811s] INFO:colcon.colcon_core.plugin_system:Skipping extension 'colcon_notification.desktop_notification.win32': Not used on non-Windows systems
[0.811s] INFO:colcon.colcon_notification.desktop_notification:Sending desktop notification using 'notify2'
[0.812s] DEBUG:colcon.colcon_notification.desktop_notification.notify2:Failed to initialize notify2: org.freedesktop.DBus.Error.ServiceUnknown: The name org.freedesktop.Notifications was not provided by any .service files
[0.812s] DEBUG:colcon.colcon_core.event_reactor:joined thread
[0.812s] INFO:colcon.colcon_core.shell:Creating prefix script '/home/tungchiahui/source/ROS2_WS/4.ws02_tools/install/local_setup.ps1'
[0.813s] INFO:colcon.colcon_core.shell:Creating prefix util module '/home/tungchiahui/source/ROS2_WS/4.ws02_tools/install/_local_setup_util_ps1.py'
[0.814s] INFO:colcon.colcon_core.shell:Creating prefix chain script '/home/tungchiahui/source/ROS2_WS/4.ws02_tools/install/setup.ps1'
[0.815s] INFO:colcon.colcon_core.shell:Creating prefix script '/home/tungchiahui/source/ROS2_WS/4.ws02_tools/install/local_setup.sh'
[0.815s] INFO:colcon.colcon_core.shell:Creating prefix util module '/home/tungchiahui/source/ROS2_WS/4.ws02_tools/install/_local_setup_util_sh.py'
[0.816s] INFO:colcon.colcon_core.shell:Creating prefix chain script '/home/tungchiahui/source/ROS2_WS/4.ws02_tools/install/setup.sh'
[0.817s] INFO:colcon.colcon_core.shell:Creating prefix script '/home/tungchiahui/source/ROS2_WS/4.ws02_tools/install/local_setup.bash'
[0.817s] INFO:colcon.colcon_core.shell:Creating prefix chain script '/home/tungchiahui/source/ROS2_WS/4.ws02_tools/install/setup.bash'
[0.818s] INFO:colcon.colcon_core.shell:Creating prefix script '/home/tungchiahui/source/ROS2_WS/4.ws02_tools/install/local_setup.zsh'
[0.818s] INFO:colcon.colcon_core.shell:Creating prefix chain script '/home/tungchiahui/source/ROS2_WS/4.ws02_tools/install/setup.zsh'
