[0.012s] Invoking command in '/home/tungchiahui/mysource/ros2src/3.ws01_plumbing/build/cpp04_param': CMAKE_PREFIX_PATH=${CMAKE_PREFIX_PATH}:/opt/ros/humble /usr/bin/cmake --build /home/tungchiahui/mysource/ros2src/3.ws01_plumbing/build/cpp04_param -- -j16 -l16
[0.028s] -- Found ament_cmake: 1.3.5 (/opt/ros/humble/share/ament_cmake/cmake)
[0.115s] -- Found rclcpp: 16.0.5 (/opt/ros/humble/share/rclcpp/cmake)
[0.132s] -- Found rosidl_generator_c: 3.1.5 (/opt/ros/humble/share/rosidl_generator_c/cmake)
[0.134s] -- Found rosidl_adapter: 3.1.5 (/opt/ros/humble/share/rosidl_adapter/cmake)
[0.137s] -- Found rosidl_generator_cpp: 3.1.5 (/opt/ros/humble/share/rosidl_generator_cpp/cmake)
[0.143s] -- Using all available rosidl_typesupport_c: rosidl_typesupport_fastrtps_c;rosidl_typesupport_introspection_c
[0.152s] -- Using all available rosidl_typesupport_cpp: rosidl_typesupport_fastrtps_cpp;rosidl_typesupport_introspection_cpp
[0.196s] -- Found rmw_implementation_cmake: 6.1.1 (/opt/ros/humble/share/rmw_implementation_cmake/cmake)
[0.197s] -- Found rmw_fastrtps_cpp: 6.2.3 (/opt/ros/humble/share/rmw_fastrtps_cpp/cmake)
[0.268s] -- Using RMW implementation 'rmw_fastrtps_cpp' as default
[0.372s] -- Found ament_lint_auto: 0.12.7 (/opt/ros/humble/share/ament_lint_auto/cmake)
[0.414s] -- Added test 'cppcheck' to perform static code analysis on C / C++ code
[0.414s] -- Configured cppcheck include dirs: $<BUILD_INTERFACE:/home/tungchiahui/mysource/ros2src/3.ws01_plumbing/src/cpp04_param/include>
[0.414s] -- Configured cppcheck exclude dirs and/or files: 
[0.414s] -- Added test 'lint_cmake' to check CMake code style
[0.414s] -- Added test 'uncrustify' to check C / C++ code style
[0.414s] -- Configured uncrustify additional arguments: 
[0.414s] -- Added test 'xmllint' to check XML markup files
[0.415s] -- Configuring done
[0.423s] -- Generating done
[0.423s] -- Build files have been written to: /home/tungchiahui/mysource/ros2src/3.ws01_plumbing/build/cpp04_param
[0.440s] [35m[1mConsolidate compiler generated dependencies of target demo00_param[0m
[0.445s] [ 33%] [32mBuilding CXX object CMakeFiles/demo02_param_client.dir/src/demo02_param_client.cpp.o[0m
[0.445s] [ 33%] [32mBuilding CXX object CMakeFiles/demo01_param_server.dir/src/demo01_param_server.cpp.o[0m
[0.450s] [ 66%] Built target demo00_param
[0.456s] [ 83%] [32m[1mLinking CXX executable demo02_param_client[0m
[0.483s] /usr/bin/ld: /usr/lib/gcc/x86_64-linux-gnu/11/../../../x86_64-linux-gnu/Scrt1.o: in function `_start':
[0.483s] (.text+0x1b): undefined reference to `main'
[0.484s] collect2: error: ld returned 1 exit status
[0.485s] gmake[2]: *** [CMakeFiles/demo02_param_client.dir/build.make:151: demo02_param_client] Error 1
[0.485s] gmake[1]: *** [CMakeFiles/Makefile2:193: CMakeFiles/demo02_param_client.dir/all] Error 2
[0.485s] gmake[1]: *** Waiting for unfinished jobs....
[2.240s] [100%] [32m[1mLinking CXX executable demo01_param_server[0m
[2.301s] [100%] Built target demo01_param_server
[2.302s] gmake: *** [Makefile:146: all] Error 2
[2.303s] Invoked command in '/home/tungchiahui/mysource/ros2src/3.ws01_plumbing/build/cpp04_param' returned '2': CMAKE_PREFIX_PATH=${CMAKE_PREFIX_PATH}:/opt/ros/humble /usr/bin/cmake --build /home/tungchiahui/mysource/ros2src/3.ws01_plumbing/build/cpp04_param -- -j16 -l16
