[0.013s] Invoking command in '/home/tungchiahui/mysource/ros2src/3.ws01_plumbing/build/cpp04_param': CMAKE_PREFIX_PATH=${CMAKE_PREFIX_PATH}:/opt/ros/humble /usr/bin/cmake --build /home/tungchiahui/mysource/ros2src/3.ws01_plumbing/build/cpp04_param -- -j16 -l16
[0.068s] -- Found ament_cmake: 1.3.5 (/opt/ros/humble/share/ament_cmake/cmake)
[0.181s] -- Found rclcpp: 16.0.5 (/opt/ros/humble/share/rclcpp/cmake)
[0.203s] -- Found rosidl_generator_c: 3.1.5 (/opt/ros/humble/share/rosidl_generator_c/cmake)
[0.205s] -- Found rosidl_adapter: 3.1.5 (/opt/ros/humble/share/rosidl_adapter/cmake)
[0.208s] -- Found rosidl_generator_cpp: 3.1.5 (/opt/ros/humble/share/rosidl_generator_cpp/cmake)
[0.216s] -- Using all available rosidl_typesupport_c: rosidl_typesupport_fastrtps_c;rosidl_typesupport_introspection_c
[0.225s] -- Using all available rosidl_typesupport_cpp: rosidl_typesupport_fastrtps_cpp;rosidl_typesupport_introspection_cpp
[0.261s] -- Found rmw_implementation_cmake: 6.1.1 (/opt/ros/humble/share/rmw_implementation_cmake/cmake)
[0.262s] -- Found rmw_fastrtps_cpp: 6.2.3 (/opt/ros/humble/share/rmw_fastrtps_cpp/cmake)
[0.339s] -- Using RMW implementation 'rmw_fastrtps_cpp' as default
[0.438s] -- Found ament_lint_auto: 0.12.7 (/opt/ros/humble/share/ament_lint_auto/cmake)
[0.481s] -- Added test 'cppcheck' to perform static code analysis on C / C++ code
[0.481s] -- Configured cppcheck include dirs: $<BUILD_INTERFACE:/home/tungchiahui/mysource/ros2src/3.ws01_plumbing/src/cpp04_param/include>
[0.481s] -- Configured cppcheck exclude dirs and/or files: 
[0.482s] -- Added test 'lint_cmake' to check CMake code style
[0.482s] -- Added test 'uncrustify' to check C / C++ code style
[0.482s] -- Configured uncrustify additional arguments: 
[0.482s] -- Added test 'xmllint' to check XML markup files
[0.484s] -- Configuring done
[0.493s] -- Generating done
[0.494s] -- Build files have been written to: /home/tungchiahui/mysource/ros2src/3.ws01_plumbing/build/cpp04_param
[0.511s] [35m[1mConsolidate compiler generated dependencies of target demo00_param[0m
[0.522s] [ 50%] [32mBuilding CXX object CMakeFiles/demo00_param.dir/src/demo00_param.cpp.o[0m
[2.424s] [100%] [32m[1mLinking CXX executable demo00_param[0m
[2.496s] [100%] Built target demo00_param
[2.503s] Invoked command in '/home/tungchiahui/mysource/ros2src/3.ws01_plumbing/build/cpp04_param' returned '0': CMAKE_PREFIX_PATH=${CMAKE_PREFIX_PATH}:/opt/ros/humble /usr/bin/cmake --build /home/tungchiahui/mysource/ros2src/3.ws01_plumbing/build/cpp04_param -- -j16 -l16
[2.523s] Invoking command in '/home/tungchiahui/mysource/ros2src/3.ws01_plumbing/build/cpp04_param': CMAKE_PREFIX_PATH=${CMAKE_PREFIX_PATH}:/opt/ros/humble /usr/bin/cmake --install /home/tungchiahui/mysource/ros2src/3.ws01_plumbing/build/cpp04_param
[2.529s] -- Install configuration: ""
[2.529s] -- Installing: /home/tungchiahui/mysource/ros2src/3.ws01_plumbing/install/cpp04_param/lib/cpp04_param/demo00_param
[2.529s] -- Set runtime path of "/home/tungchiahui/mysource/ros2src/3.ws01_plumbing/install/cpp04_param/lib/cpp04_param/demo00_param" to ""
[2.529s] -- Up-to-date: /home/tungchiahui/mysource/ros2src/3.ws01_plumbing/install/cpp04_param/share/ament_index/resource_index/package_run_dependencies/cpp04_param
[2.530s] -- Installing: /home/tungchiahui/mysource/ros2src/3.ws01_plumbing/install/cpp04_param/share/ament_index/resource_index/parent_prefix_path/cpp04_param
[2.530s] -- Up-to-date: /home/tungchiahui/mysource/ros2src/3.ws01_plumbing/install/cpp04_param/share/cpp04_param/environment/ament_prefix_path.sh
[2.530s] -- Installing: /home/tungchiahui/mysource/ros2src/3.ws01_plumbing/install/cpp04_param/share/cpp04_param/environment/ament_prefix_path.dsv
[2.530s] -- Up-to-date: /home/tungchiahui/mysource/ros2src/3.ws01_plumbing/install/cpp04_param/share/cpp04_param/environment/path.sh
[2.530s] -- Installing: /home/tungchiahui/mysource/ros2src/3.ws01_plumbing/install/cpp04_param/share/cpp04_param/environment/path.dsv
[2.530s] -- Up-to-date: /home/tungchiahui/mysource/ros2src/3.ws01_plumbing/install/cpp04_param/share/cpp04_param/local_setup.bash
[2.530s] -- Up-to-date: /home/tungchiahui/mysource/ros2src/3.ws01_plumbing/install/cpp04_param/share/cpp04_param/local_setup.sh
[2.530s] -- Up-to-date: /home/tungchiahui/mysource/ros2src/3.ws01_plumbing/install/cpp04_param/share/cpp04_param/local_setup.zsh
[2.530s] -- Installing: /home/tungchiahui/mysource/ros2src/3.ws01_plumbing/install/cpp04_param/share/cpp04_param/local_setup.dsv
[2.530s] -- Installing: /home/tungchiahui/mysource/ros2src/3.ws01_plumbing/install/cpp04_param/share/cpp04_param/package.dsv
[2.530s] -- Up-to-date: /home/tungchiahui/mysource/ros2src/3.ws01_plumbing/install/cpp04_param/share/ament_index/resource_index/packages/cpp04_param
[2.530s] -- Up-to-date: /home/tungchiahui/mysource/ros2src/3.ws01_plumbing/install/cpp04_param/share/cpp04_param/cmake/cpp04_paramConfig.cmake
[2.530s] -- Up-to-date: /home/tungchiahui/mysource/ros2src/3.ws01_plumbing/install/cpp04_param/share/cpp04_param/cmake/cpp04_paramConfig-version.cmake
[2.530s] -- Up-to-date: /home/tungchiahui/mysource/ros2src/3.ws01_plumbing/install/cpp04_param/share/cpp04_param/package.xml
[2.532s] Invoked command in '/home/tungchiahui/mysource/ros2src/3.ws01_plumbing/build/cpp04_param' returned '0': CMAKE_PREFIX_PATH=${CMAKE_PREFIX_PATH}:/opt/ros/humble /usr/bin/cmake --install /home/tungchiahui/mysource/ros2src/3.ws01_plumbing/build/cpp04_param
