[0.007s] Invoking command in '/home/tungchiahui/UserFloder/mysource/ROS/ROS2_WS/8.ws_compro/build/cpp01_serial': CMAKE_PREFIX_PATH=${CMAKE_PREFIX_PATH}:/opt/ros/humble /usr/bin/cmake --build /home/tungchiahui/UserFloder/mysource/ROS/ROS2_WS/8.ws_compro/build/cpp01_serial -- -j16 -l16
[0.046s] [100%] Built target demo02_uart_receive
[0.046s] [100%] Built target demo01_uart_send
[0.052s] Invoked command in '/home/tungchiahui/UserFloder/mysource/ROS/ROS2_WS/8.ws_compro/build/cpp01_serial' returned '0': CMAKE_PREFIX_PATH=${CMAKE_PREFIX_PATH}:/opt/ros/humble /usr/bin/cmake --build /home/tungchiahui/UserFloder/mysource/ROS/ROS2_WS/8.ws_compro/build/cpp01_serial -- -j16 -l16
[0.058s] Invoking command in '/home/tungchiahui/UserFloder/mysource/ROS/ROS2_WS/8.ws_compro/build/cpp01_serial': CMAKE_PREFIX_PATH=${CMAKE_PREFIX_PATH}:/opt/ros/humble /usr/bin/cmake --install /home/tungchiahui/UserFloder/mysource/ROS/ROS2_WS/8.ws_compro/build/cpp01_serial
[0.062s] -- Install configuration: ""
[0.062s] -- Up-to-date: /home/tungchiahui/UserFloder/mysource/ROS/ROS2_WS/8.ws_compro/install/cpp01_serial/lib/cpp01_serial/demo01_uart_send
[0.062s] -- Up-to-date: /home/tungchiahui/UserFloder/mysource/ROS/ROS2_WS/8.ws_compro/install/cpp01_serial/lib/cpp01_serial/demo02_uart_receive
[0.062s] -- Up-to-date: /home/tungchiahui/UserFloder/mysource/ROS/ROS2_WS/8.ws_compro/install/cpp01_serial/share/ament_index/resource_index/package_run_dependencies/cpp01_serial
[0.062s] -- Up-to-date: /home/tungchiahui/UserFloder/mysource/ROS/ROS2_WS/8.ws_compro/install/cpp01_serial/share/ament_index/resource_index/parent_prefix_path/cpp01_serial
[0.062s] -- Up-to-date: /home/tungchiahui/UserFloder/mysource/ROS/ROS2_WS/8.ws_compro/install/cpp01_serial/share/cpp01_serial/environment/ament_prefix_path.sh
[0.062s] -- Up-to-date: /home/tungchiahui/UserFloder/mysource/ROS/ROS2_WS/8.ws_compro/install/cpp01_serial/share/cpp01_serial/environment/ament_prefix_path.dsv
[0.062s] -- Up-to-date: /home/tungchiahui/UserFloder/mysource/ROS/ROS2_WS/8.ws_compro/install/cpp01_serial/share/cpp01_serial/environment/path.sh
[0.063s] -- Up-to-date: /home/tungchiahui/UserFloder/mysource/ROS/ROS2_WS/8.ws_compro/install/cpp01_serial/share/cpp01_serial/environment/path.dsv
[0.063s] -- Up-to-date: /home/tungchiahui/UserFloder/mysource/ROS/ROS2_WS/8.ws_compro/install/cpp01_serial/share/cpp01_serial/local_setup.bash
[0.063s] -- Up-to-date: /home/tungchiahui/UserFloder/mysource/ROS/ROS2_WS/8.ws_compro/install/cpp01_serial/share/cpp01_serial/local_setup.sh
[0.063s] -- Up-to-date: /home/tungchiahui/UserFloder/mysource/ROS/ROS2_WS/8.ws_compro/install/cpp01_serial/share/cpp01_serial/local_setup.zsh
[0.063s] -- Up-to-date: /home/tungchiahui/UserFloder/mysource/ROS/ROS2_WS/8.ws_compro/install/cpp01_serial/share/cpp01_serial/local_setup.dsv
[0.063s] -- Installing: /home/tungchiahui/UserFloder/mysource/ROS/ROS2_WS/8.ws_compro/install/cpp01_serial/share/cpp01_serial/package.dsv
[0.063s] -- Up-to-date: /home/tungchiahui/UserFloder/mysource/ROS/ROS2_WS/8.ws_compro/install/cpp01_serial/share/ament_index/resource_index/packages/cpp01_serial
[0.063s] -- Up-to-date: /home/tungchiahui/UserFloder/mysource/ROS/ROS2_WS/8.ws_compro/install/cpp01_serial/share/cpp01_serial/cmake/cpp01_serialConfig.cmake
[0.063s] -- Up-to-date: /home/tungchiahui/UserFloder/mysource/ROS/ROS2_WS/8.ws_compro/install/cpp01_serial/share/cpp01_serial/cmake/cpp01_serialConfig-version.cmake
[0.063s] -- Up-to-date: /home/tungchiahui/UserFloder/mysource/ROS/ROS2_WS/8.ws_compro/install/cpp01_serial/share/cpp01_serial/package.xml
[0.064s] Invoked command in '/home/tungchiahui/UserFloder/mysource/ROS/ROS2_WS/8.ws_compro/build/cpp01_serial' returned '0': CMAKE_PREFIX_PATH=${CMAKE_PREFIX_PATH}:/opt/ros/humble /usr/bin/cmake --install /home/tungchiahui/UserFloder/mysource/ROS/ROS2_WS/8.ws_compro/build/cpp01_serial
