[0.007s] Invoking command in '/home/tungchiahui/UserFloder/mysource/ROS/ROS2_WS/8.ws_compro/build/cpp01_serial': CMAKE_PREFIX_PATH=${CMAKE_PREFIX_PATH}:/opt/ros/humble /usr/bin/cmake --build /home/tungchiahui/UserFloder/mysource/ROS/ROS2_WS/8.ws_compro/build/cpp01_serial -- -j16 -l16
[0.036s] [35m[1mConsolidate compiler generated dependencies of target demo01_uart_send[0m
[0.052s] [ 50%] [32mBuilding CXX object CMakeFiles/demo01_uart_send.dir/src/demo01_uart_send.cpp.o[0m
[2.508s] [100%] [32m[1mLinking CXX executable demo01_uart_send[0m
[2.603s] [100%] Built target demo01_uart_send
[2.611s] Invoked command in '/home/tungchiahui/UserFloder/mysource/ROS/ROS2_WS/8.ws_compro/build/cpp01_serial' returned '0': CMAKE_PREFIX_PATH=${CMAKE_PREFIX_PATH}:/opt/ros/humble /usr/bin/cmake --build /home/tungchiahui/UserFloder/mysource/ROS/ROS2_WS/8.ws_compro/build/cpp01_serial -- -j16 -l16
[2.616s] Invoking command in '/home/tungchiahui/UserFloder/mysource/ROS/ROS2_WS/8.ws_compro/build/cpp01_serial': CMAKE_PREFIX_PATH=${CMAKE_PREFIX_PATH}:/opt/ros/humble /usr/bin/cmake --install /home/tungchiahui/UserFloder/mysource/ROS/ROS2_WS/8.ws_compro/build/cpp01_serial
[2.621s] -- Install configuration: ""
[2.621s] -- Installing: /home/tungchiahui/UserFloder/mysource/ROS/ROS2_WS/8.ws_compro/install/cpp01_serial/lib/cpp01_serial/demo01_uart_send
[2.629s] -- Set runtime path of "/home/tungchiahui/UserFloder/mysource/ROS/ROS2_WS/8.ws_compro/install/cpp01_serial/lib/cpp01_serial/demo01_uart_send" to ""
[2.629s] -- Up-to-date: /home/tungchiahui/UserFloder/mysource/ROS/ROS2_WS/8.ws_compro/install/cpp01_serial/share/ament_index/resource_index/package_run_dependencies/cpp01_serial
[2.629s] -- Up-to-date: /home/tungchiahui/UserFloder/mysource/ROS/ROS2_WS/8.ws_compro/install/cpp01_serial/share/ament_index/resource_index/parent_prefix_path/cpp01_serial
[2.629s] -- Up-to-date: /home/tungchiahui/UserFloder/mysource/ROS/ROS2_WS/8.ws_compro/install/cpp01_serial/share/cpp01_serial/environment/ament_prefix_path.sh
[2.629s] -- Up-to-date: /home/tungchiahui/UserFloder/mysource/ROS/ROS2_WS/8.ws_compro/install/cpp01_serial/share/cpp01_serial/environment/ament_prefix_path.dsv
[2.629s] -- Up-to-date: /home/tungchiahui/UserFloder/mysource/ROS/ROS2_WS/8.ws_compro/install/cpp01_serial/share/cpp01_serial/environment/path.sh
[2.629s] -- Up-to-date: /home/tungchiahui/UserFloder/mysource/ROS/ROS2_WS/8.ws_compro/install/cpp01_serial/share/cpp01_serial/environment/path.dsv
[2.629s] -- Up-to-date: /home/tungchiahui/UserFloder/mysource/ROS/ROS2_WS/8.ws_compro/install/cpp01_serial/share/cpp01_serial/local_setup.bash
[2.629s] -- Up-to-date: /home/tungchiahui/UserFloder/mysource/ROS/ROS2_WS/8.ws_compro/install/cpp01_serial/share/cpp01_serial/local_setup.sh
[2.629s] -- Up-to-date: /home/tungchiahui/UserFloder/mysource/ROS/ROS2_WS/8.ws_compro/install/cpp01_serial/share/cpp01_serial/local_setup.zsh
[2.629s] -- Up-to-date: /home/tungchiahui/UserFloder/mysource/ROS/ROS2_WS/8.ws_compro/install/cpp01_serial/share/cpp01_serial/local_setup.dsv
[2.629s] -- Installing: /home/tungchiahui/UserFloder/mysource/ROS/ROS2_WS/8.ws_compro/install/cpp01_serial/share/cpp01_serial/package.dsv
[2.630s] -- Up-to-date: /home/tungchiahui/UserFloder/mysource/ROS/ROS2_WS/8.ws_compro/install/cpp01_serial/share/ament_index/resource_index/packages/cpp01_serial
[2.630s] -- Up-to-date: /home/tungchiahui/UserFloder/mysource/ROS/ROS2_WS/8.ws_compro/install/cpp01_serial/share/cpp01_serial/cmake/cpp01_serialConfig.cmake
[2.630s] -- Up-to-date: /home/tungchiahui/UserFloder/mysource/ROS/ROS2_WS/8.ws_compro/install/cpp01_serial/share/cpp01_serial/cmake/cpp01_serialConfig-version.cmake
[2.630s] -- Up-to-date: /home/tungchiahui/UserFloder/mysource/ROS/ROS2_WS/8.ws_compro/install/cpp01_serial/share/cpp01_serial/package.xml
[2.631s] Invoked command in '/home/tungchiahui/UserFloder/mysource/ROS/ROS2_WS/8.ws_compro/build/cpp01_serial' returned '0': CMAKE_PREFIX_PATH=${CMAKE_PREFIX_PATH}:/opt/ros/humble /usr/bin/cmake --install /home/tungchiahui/UserFloder/mysource/ROS/ROS2_WS/8.ws_compro/build/cpp01_serial
