[0.007s] Invoking command in '/home/tungchiahui/UserFloder/mysource/ROS/ROS2_WS/8.ws_compro/build/cpp01_serial': CMAKE_PREFIX_PATH=${CMAKE_PREFIX_PATH}:/opt/ros/humble /usr/bin/cmake --build /home/tungchiahui/UserFloder/mysource/ROS/ROS2_WS/8.ws_compro/build/cpp01_serial -- -j16 -l16
[0.034s] [35m[1mConsolidate compiler generated dependencies of target demo02_uart_receive[0m
[0.045s] [ 50%] Built target demo01_uart_send
[0.050s] [ 75%] [32mBuilding CXX object CMakeFiles/demo02_uart_receive.dir/src/demo02_uart_receive.cpp.o[0m
[2.589s] [100%] [32m[1mLinking CXX executable demo02_uart_receive[0m
[2.686s] [100%] Built target demo02_uart_receive
[2.693s] Invoked command in '/home/tungchiahui/UserFloder/mysource/ROS/ROS2_WS/8.ws_compro/build/cpp01_serial' returned '0': CMAKE_PREFIX_PATH=${CMAKE_PREFIX_PATH}:/opt/ros/humble /usr/bin/cmake --build /home/tungchiahui/UserFloder/mysource/ROS/ROS2_WS/8.ws_compro/build/cpp01_serial -- -j16 -l16
[2.699s] Invoking command in '/home/tungchiahui/UserFloder/mysource/ROS/ROS2_WS/8.ws_compro/build/cpp01_serial': CMAKE_PREFIX_PATH=${CMAKE_PREFIX_PATH}:/opt/ros/humble /usr/bin/cmake --install /home/tungchiahui/UserFloder/mysource/ROS/ROS2_WS/8.ws_compro/build/cpp01_serial
[2.703s] -- Install configuration: ""
[2.703s] -- Up-to-date: /home/tungchiahui/UserFloder/mysource/ROS/ROS2_WS/8.ws_compro/install/cpp01_serial/lib/cpp01_serial/demo01_uart_send
[2.704s] -- Installing: /home/tungchiahui/UserFloder/mysource/ROS/ROS2_WS/8.ws_compro/install/cpp01_serial/lib/cpp01_serial/demo02_uart_receive
[2.712s] -- Set runtime path of "/home/tungchiahui/UserFloder/mysource/ROS/ROS2_WS/8.ws_compro/install/cpp01_serial/lib/cpp01_serial/demo02_uart_receive" to ""
[2.712s] -- Up-to-date: /home/tungchiahui/UserFloder/mysource/ROS/ROS2_WS/8.ws_compro/install/cpp01_serial/share/ament_index/resource_index/package_run_dependencies/cpp01_serial
[2.712s] -- Up-to-date: /home/tungchiahui/UserFloder/mysource/ROS/ROS2_WS/8.ws_compro/install/cpp01_serial/share/ament_index/resource_index/parent_prefix_path/cpp01_serial
[2.712s] -- Up-to-date: /home/tungchiahui/UserFloder/mysource/ROS/ROS2_WS/8.ws_compro/install/cpp01_serial/share/cpp01_serial/environment/ament_prefix_path.sh
[2.712s] -- Up-to-date: /home/tungchiahui/UserFloder/mysource/ROS/ROS2_WS/8.ws_compro/install/cpp01_serial/share/cpp01_serial/environment/ament_prefix_path.dsv
[2.712s] -- Up-to-date: /home/tungchiahui/UserFloder/mysource/ROS/ROS2_WS/8.ws_compro/install/cpp01_serial/share/cpp01_serial/environment/path.sh
[2.712s] -- Up-to-date: /home/tungchiahui/UserFloder/mysource/ROS/ROS2_WS/8.ws_compro/install/cpp01_serial/share/cpp01_serial/environment/path.dsv
[2.712s] -- Up-to-date: /home/tungchiahui/UserFloder/mysource/ROS/ROS2_WS/8.ws_compro/install/cpp01_serial/share/cpp01_serial/local_setup.bash
[2.712s] -- Up-to-date: /home/tungchiahui/UserFloder/mysource/ROS/ROS2_WS/8.ws_compro/install/cpp01_serial/share/cpp01_serial/local_setup.sh
[2.712s] -- Up-to-date: /home/tungchiahui/UserFloder/mysource/ROS/ROS2_WS/8.ws_compro/install/cpp01_serial/share/cpp01_serial/local_setup.zsh
[2.712s] -- Up-to-date: /home/tungchiahui/UserFloder/mysource/ROS/ROS2_WS/8.ws_compro/install/cpp01_serial/share/cpp01_serial/local_setup.dsv
[2.712s] -- Installing: /home/tungchiahui/UserFloder/mysource/ROS/ROS2_WS/8.ws_compro/install/cpp01_serial/share/cpp01_serial/package.dsv
[2.712s] -- Up-to-date: /home/tungchiahui/UserFloder/mysource/ROS/ROS2_WS/8.ws_compro/install/cpp01_serial/share/ament_index/resource_index/packages/cpp01_serial
[2.712s] -- Up-to-date: /home/tungchiahui/UserFloder/mysource/ROS/ROS2_WS/8.ws_compro/install/cpp01_serial/share/cpp01_serial/cmake/cpp01_serialConfig.cmake
[2.712s] -- Up-to-date: /home/tungchiahui/UserFloder/mysource/ROS/ROS2_WS/8.ws_compro/install/cpp01_serial/share/cpp01_serial/cmake/cpp01_serialConfig-version.cmake
[2.712s] -- Up-to-date: /home/tungchiahui/UserFloder/mysource/ROS/ROS2_WS/8.ws_compro/install/cpp01_serial/share/cpp01_serial/package.xml
[2.713s] Invoked command in '/home/tungchiahui/UserFloder/mysource/ROS/ROS2_WS/8.ws_compro/build/cpp01_serial' returned '0': CMAKE_PREFIX_PATH=${CMAKE_PREFIX_PATH}:/opt/ros/humble /usr/bin/cmake --install /home/tungchiahui/UserFloder/mysource/ROS/ROS2_WS/8.ws_compro/build/cpp01_serial
