[0.043s] Invoking command in '/home/tungchiahui/user/mysource/ros2src/5.opencv_demo_ws/build/opencv_demo1_show_image': CMAKE_PREFIX_PATH=${CMAKE_PREFIX_PATH}:/opt/ros/humble /usr/bin/cmake --build /home/tungchiahui/user/mysource/ros2src/5.opencv_demo_ws/build/opencv_demo1_show_image -- -j16 -l16
[0.078s] [35m[1mConsolidate compiler generated dependencies of target show_image_CUDA[0m
[0.087s] [ 33%] Built target show_image_instantiation_node
[0.087s] [ 66%] Built target show_image_inheritance_node
[0.090s] [ 83%] [32mBuilding CXX object CMakeFiles/show_image_CUDA.dir/src/show_image_CUDA.cpp.o[0m
[2.806s] [100%] [32m[1mLinking CXX executable show_image_CUDA[0m
[2.936s] [100%] Built target show_image_CUDA
[2.944s] Invoked command in '/home/tungchiahui/user/mysource/ros2src/5.opencv_demo_ws/build/opencv_demo1_show_image' returned '0': CMAKE_PREFIX_PATH=${CMAKE_PREFIX_PATH}:/opt/ros/humble /usr/bin/cmake --build /home/tungchiahui/user/mysource/ros2src/5.opencv_demo_ws/build/opencv_demo1_show_image -- -j16 -l16
[2.971s] Invoking command in '/home/tungchiahui/user/mysource/ros2src/5.opencv_demo_ws/build/opencv_demo1_show_image': CMAKE_PREFIX_PATH=${CMAKE_PREFIX_PATH}:/opt/ros/humble /usr/bin/cmake --install /home/tungchiahui/user/mysource/ros2src/5.opencv_demo_ws/build/opencv_demo1_show_image
[2.977s] -- Install configuration: ""
[2.977s] -- Up-to-date: /home/tungchiahui/user/mysource/ros2src/5.opencv_demo_ws/install/opencv_demo1_show_image/lib/opencv_demo1_show_image/show_image_instantiation_node
[2.977s] -- Up-to-date: /home/tungchiahui/user/mysource/ros2src/5.opencv_demo_ws/install/opencv_demo1_show_image/lib/opencv_demo1_show_image/show_image_inheritance_node
[2.977s] -- Installing: /home/tungchiahui/user/mysource/ros2src/5.opencv_demo_ws/install/opencv_demo1_show_image/lib/opencv_demo1_show_image/show_image_CUDA
[2.977s] -- Set runtime path of "/home/tungchiahui/user/mysource/ros2src/5.opencv_demo_ws/install/opencv_demo1_show_image/lib/opencv_demo1_show_image/show_image_CUDA" to ""
[2.977s] -- Up-to-date: /home/tungchiahui/user/mysource/ros2src/5.opencv_demo_ws/install/opencv_demo1_show_image/share/ament_index/resource_index/package_run_dependencies/opencv_demo1_show_image
[2.978s] -- Up-to-date: /home/tungchiahui/user/mysource/ros2src/5.opencv_demo_ws/install/opencv_demo1_show_image/share/ament_index/resource_index/parent_prefix_path/opencv_demo1_show_image
[2.978s] -- Up-to-date: /home/tungchiahui/user/mysource/ros2src/5.opencv_demo_ws/install/opencv_demo1_show_image/share/opencv_demo1_show_image/environment/ament_prefix_path.sh
[2.978s] -- Up-to-date: /home/tungchiahui/user/mysource/ros2src/5.opencv_demo_ws/install/opencv_demo1_show_image/share/opencv_demo1_show_image/environment/ament_prefix_path.dsv
[2.978s] -- Up-to-date: /home/tungchiahui/user/mysource/ros2src/5.opencv_demo_ws/install/opencv_demo1_show_image/share/opencv_demo1_show_image/environment/path.sh
[2.978s] -- Up-to-date: /home/tungchiahui/user/mysource/ros2src/5.opencv_demo_ws/install/opencv_demo1_show_image/share/opencv_demo1_show_image/environment/path.dsv
[2.978s] -- Up-to-date: /home/tungchiahui/user/mysource/ros2src/5.opencv_demo_ws/install/opencv_demo1_show_image/share/opencv_demo1_show_image/local_setup.bash
[2.978s] -- Up-to-date: /home/tungchiahui/user/mysource/ros2src/5.opencv_demo_ws/install/opencv_demo1_show_image/share/opencv_demo1_show_image/local_setup.sh
[2.978s] -- Up-to-date: /home/tungchiahui/user/mysource/ros2src/5.opencv_demo_ws/install/opencv_demo1_show_image/share/opencv_demo1_show_image/local_setup.zsh
[2.978s] -- Up-to-date: /home/tungchiahui/user/mysource/ros2src/5.opencv_demo_ws/install/opencv_demo1_show_image/share/opencv_demo1_show_image/local_setup.dsv
[2.978s] -- Installing: /home/tungchiahui/user/mysource/ros2src/5.opencv_demo_ws/install/opencv_demo1_show_image/share/opencv_demo1_show_image/package.dsv
[2.978s] -- Up-to-date: /home/tungchiahui/user/mysource/ros2src/5.opencv_demo_ws/install/opencv_demo1_show_image/share/ament_index/resource_index/packages/opencv_demo1_show_image
[2.978s] -- Up-to-date: /home/tungchiahui/user/mysource/ros2src/5.opencv_demo_ws/install/opencv_demo1_show_image/share/opencv_demo1_show_image/cmake/opencv_demo1_show_imageConfig.cmake
[2.978s] -- Up-to-date: /home/tungchiahui/user/mysource/ros2src/5.opencv_demo_ws/install/opencv_demo1_show_image/share/opencv_demo1_show_image/cmake/opencv_demo1_show_imageConfig-version.cmake
[2.978s] -- Up-to-date: /home/tungchiahui/user/mysource/ros2src/5.opencv_demo_ws/install/opencv_demo1_show_image/share/opencv_demo1_show_image/package.xml
[2.980s] Invoked command in '/home/tungchiahui/user/mysource/ros2src/5.opencv_demo_ws/build/opencv_demo1_show_image' returned '0': CMAKE_PREFIX_PATH=${CMAKE_PREFIX_PATH}:/opt/ros/humble /usr/bin/cmake --install /home/tungchiahui/user/mysource/ros2src/5.opencv_demo_ws/build/opencv_demo1_show_image
