[0.064s] Invoking command in '/home/tungchiahui/user/mysource/ros2src/4.ws02_tools/build/cpp01_launch': CMAKE_PREFIX_PATH=/opt/ros/humble /usr/bin/cmake --build /home/tungchiahui/user/mysource/ros2src/4.ws02_tools/build/cpp01_launch -- -j16 -l16
[0.099s] Invoked command in '/home/tungchiahui/user/mysource/ros2src/4.ws02_tools/build/cpp01_launch' returned '0': CMAKE_PREFIX_PATH=/opt/ros/humble /usr/bin/cmake --build /home/tungchiahui/user/mysource/ros2src/4.ws02_tools/build/cpp01_launch -- -j16 -l16
[0.118s] Invoking command in '/home/tungchiahui/user/mysource/ros2src/4.ws02_tools/build/cpp01_launch': CMAKE_PREFIX_PATH=/opt/ros/humble /usr/bin/cmake --install /home/tungchiahui/user/mysource/ros2src/4.ws02_tools/build/cpp01_launch
[0.124s] -- Install configuration: ""
[0.124s] -- Up-to-date: /home/tungchiahui/user/mysource/ros2src/4.ws02_tools/install/cpp01_launch/share/cpp01_launch/launch
[0.124s] -- Up-to-date: /home/tungchiahui/user/mysource/ros2src/4.ws02_tools/install/cpp01_launch/share/cpp01_launch/launch/yaml
[0.124s] -- Up-to-date: /home/tungchiahui/user/mysource/ros2src/4.ws02_tools/install/cpp01_launch/share/cpp01_launch/launch/yaml/yaml01_helloworld_launch.yaml
[0.124s] -- Up-to-date: /home/tungchiahui/user/mysource/ros2src/4.ws02_tools/install/cpp01_launch/share/cpp01_launch/launch/py
[0.124s] -- Up-to-date: /home/tungchiahui/user/mysource/ros2src/4.ws02_tools/install/cpp01_launch/share/cpp01_launch/launch/py/py05_include_launch.py
[0.124s] -- Up-to-date: /home/tungchiahui/user/mysource/ros2src/4.ws02_tools/install/cpp01_launch/share/cpp01_launch/launch/py/py01_helloworld_launch.py
[0.124s] -- Up-to-date: /home/tungchiahui/user/mysource/ros2src/4.ws02_tools/install/cpp01_launch/share/cpp01_launch/launch/py/py03_cmd_launch.py
[0.124s] -- Up-to-date: /home/tungchiahui/user/mysource/ros2src/4.ws02_tools/install/cpp01_launch/share/cpp01_launch/launch/py/py02_node_launch.py
[0.124s] -- Up-to-date: /home/tungchiahui/user/mysource/ros2src/4.ws02_tools/install/cpp01_launch/share/cpp01_launch/launch/py/py04_args_launch.py
[0.124s] -- Up-to-date: /home/tungchiahui/user/mysource/ros2src/4.ws02_tools/install/cpp01_launch/share/cpp01_launch/launch/py/py07_event_launch.py
[0.124s] -- Up-to-date: /home/tungchiahui/user/mysource/ros2src/4.ws02_tools/install/cpp01_launch/share/cpp01_launch/launch/py/py06_group_launch.py
[0.124s] -- Up-to-date: /home/tungchiahui/user/mysource/ros2src/4.ws02_tools/install/cpp01_launch/share/cpp01_launch/launch/xml
[0.124s] -- Up-to-date: /home/tungchiahui/user/mysource/ros2src/4.ws02_tools/install/cpp01_launch/share/cpp01_launch/launch/xml/xml01_helloworld_launch.xml
[0.124s] -- Up-to-date: /home/tungchiahui/user/mysource/ros2src/4.ws02_tools/install/cpp01_launch/share/cpp01_launch/config
[0.124s] -- Up-to-date: /home/tungchiahui/user/mysource/ros2src/4.ws02_tools/install/cpp01_launch/share/cpp01_launch/config/haha.yaml
[0.124s] -- Up-to-date: /home/tungchiahui/user/mysource/ros2src/4.ws02_tools/install/cpp01_launch/share/ament_index/resource_index/package_run_dependencies/cpp01_launch
[0.124s] -- Up-to-date: /home/tungchiahui/user/mysource/ros2src/4.ws02_tools/install/cpp01_launch/share/ament_index/resource_index/parent_prefix_path/cpp01_launch
[0.126s] -- Up-to-date: /home/tungchiahui/user/mysource/ros2src/4.ws02_tools/install/cpp01_launch/share/cpp01_launch/environment/ament_prefix_path.sh
[0.126s] -- Up-to-date: /home/tungchiahui/user/mysource/ros2src/4.ws02_tools/install/cpp01_launch/share/cpp01_launch/environment/ament_prefix_path.dsv
[0.126s] -- Up-to-date: /home/tungchiahui/user/mysource/ros2src/4.ws02_tools/install/cpp01_launch/share/cpp01_launch/environment/path.sh
[0.127s] -- Up-to-date: /home/tungchiahui/user/mysource/ros2src/4.ws02_tools/install/cpp01_launch/share/cpp01_launch/environment/path.dsv
[0.127s] -- Up-to-date: /home/tungchiahui/user/mysource/ros2src/4.ws02_tools/install/cpp01_launch/share/cpp01_launch/local_setup.bash
[0.127s] -- Up-to-date: /home/tungchiahui/user/mysource/ros2src/4.ws02_tools/install/cpp01_launch/share/cpp01_launch/local_setup.sh
[0.128s] -- Up-to-date: /home/tungchiahui/user/mysource/ros2src/4.ws02_tools/install/cpp01_launch/share/cpp01_launch/local_setup.zsh
[0.128s] -- Up-to-date: /home/tungchiahui/user/mysource/ros2src/4.ws02_tools/install/cpp01_launch/share/cpp01_launch/local_setup.dsv
[0.128s] -- Installing: /home/tungchiahui/user/mysource/ros2src/4.ws02_tools/install/cpp01_launch/share/cpp01_launch/package.dsv
[0.129s] -- Up-to-date: /home/tungchiahui/user/mysource/ros2src/4.ws02_tools/install/cpp01_launch/share/ament_index/resource_index/packages/cpp01_launch
[0.129s] -- Up-to-date: /home/tungchiahui/user/mysource/ros2src/4.ws02_tools/install/cpp01_launch/share/cpp01_launch/cmake/cpp01_launchConfig.cmake
[0.129s] -- Up-to-date: /home/tungchiahui/user/mysource/ros2src/4.ws02_tools/install/cpp01_launch/share/cpp01_launch/cmake/cpp01_launchConfig-version.cmake
[0.130s] -- Up-to-date: /home/tungchiahui/user/mysource/ros2src/4.ws02_tools/install/cpp01_launch/share/cpp01_launch/package.xml
[0.163s] Invoked command in '/home/tungchiahui/user/mysource/ros2src/4.ws02_tools/build/cpp01_launch' returned '0': CMAKE_PREFIX_PATH=/opt/ros/humble /usr/bin/cmake --install /home/tungchiahui/user/mysource/ros2src/4.ws02_tools/build/cpp01_launch
