-- The C compiler identification is GNU 13.3.0
-- The CXX compiler identification is GNU 13.3.0
-- Detecting C compiler ABI info
-- Detecting C compiler ABI info - done
-- Check for working C compiler: /usr/bin/cc - skipped
-- Detecting C compile features
-- Detecting C compile features - done
-- Detecting CXX compiler ABI info
-- Detecting CXX compiler ABI info - done
-- Check for working CXX compiler: /usr/bin/c++ - skipped
-- Detecting CXX compile features
-- Detecting CXX compile features - done
-- Found ament_cmake: 2.5.3 (/opt/ros/jazzy/share/ament_cmake/cmake)
-- Found Python3: /usr/bin/python3 (found version "3.12.3") found components: Interpreter 
-- Performing Test CMAKE_HAVE_LIBC_PTHREAD
-- Performing Test CMAKE_HAVE_LIBC_PTHREAD - Success
-- Found Threads: TRUE  
-- Found AMD headers in: /usr/include/suitesparse
-- Found AMD library: /usr/lib/x86_64-linux-gnu/libamd.so
-- Found CAMD headers in: /usr/include/suitesparse
-- Found CAMD library: /usr/lib/x86_64-linux-gnu/libcamd.so
-- Found CCOLAMD headers in: /usr/include/suitesparse
-- Found CCOLAMD library: /usr/lib/x86_64-linux-gnu/libccolamd.so
-- Found CHOLMOD headers in: /usr/include/suitesparse
-- Found CHOLMOD library: /usr/lib/x86_64-linux-gnu/libcholmod.so
-- Found COLAMD headers in: /usr/include/suitesparse
-- Found COLAMD library: /usr/lib/x86_64-linux-gnu/libcolamd.so
-- Found SPQR headers in: /usr/include/suitesparse
-- Found SPQR library: /usr/lib/x86_64-linux-gnu/libspqr.so
-- Found Config headers in: /usr/include/suitesparse
-- Found Config library: /usr/lib/x86_64-linux-gnu/libsuitesparseconfig.so
-- Found Intel Thread Building Blocks (TBB) library (2021.11 / ) include location: . Assuming SuiteSparseQR was compiled with TBB.
-- Looking for shm_open in rt
-- Looking for shm_open in rt - found
-- Adding librt to SuiteSparse_config libraries (required on Linux & Unix [not OSX] if SuiteSparse is compiled with timing).
-- Could NOT find METIS (missing: METIS_INCLUDE_DIR METIS_LIBRARY) 
-- Found SuiteSparse: /usr/include/suitesparse (found suitable version "7.6.1", minimum required is "7.6.1") found components: AMD CAMD CCOLAMD CHOLMOD COLAMD SPQR Config 
-- Found required Ceres dependency: Eigen version 3.4.0 in /usr/share/eigen3/cmake
-- Found required Ceres dependency: glog
-- Found required Ceres dependency: gflags
-- Found Ceres version: 2.2.0 installed in: /usr with components: [EigenSparse, SparseLinearAlgebraLibrary, LAPACK, SuiteSparse, SchurSpecializations]
-- Found ament_lint_auto: 0.17.1 (/opt/ros/jazzy/share/ament_lint_auto/cmake)
-- Added test 'flake8' to check Python code syntax and style conventions
-- Configured 'flake8' exclude dirs and/or files: 
-- Added test 'lint_cmake' to check CMake code style
-- Added test 'pep257' to check Python code against some of the docstring style conventions in PEP 257
-- Added test 'xmllint' to check XML markup files
-- Configuring done (1.1s)
-- Generating done (0.0s)
-- Build files have been written to: /home/tungchiahui/UserFloder/mysource/ROS/ROS2_WS/7.ws_navigation/build/mycar_slam_cartographer
-- Install configuration: ""
-- Installing: /home/tungchiahui/UserFloder/mysource/ROS/ROS2_WS/7.ws_navigation/install/mycar_slam_cartographer/share/mycar_slam_cartographer/launch
-- Installing: /home/tungchiahui/UserFloder/mysource/ROS/ROS2_WS/7.ws_navigation/install/mycar_slam_cartographer/share/mycar_slam_cartographer/launch/cartographer.launch.py
-- Installing: /home/tungchiahui/UserFloder/mysource/ROS/ROS2_WS/7.ws_navigation/install/mycar_slam_cartographer/share/mycar_slam_cartographer/params
-- Installing: /home/tungchiahui/UserFloder/mysource/ROS/ROS2_WS/7.ws_navigation/install/mycar_slam_cartographer/share/mycar_slam_cartographer/params/mycar.lua
-- Installing: /home/tungchiahui/UserFloder/mysource/ROS/ROS2_WS/7.ws_navigation/install/mycar_slam_cartographer/share/ament_index/resource_index/package_run_dependencies/mycar_slam_cartographer
-- Installing: /home/tungchiahui/UserFloder/mysource/ROS/ROS2_WS/7.ws_navigation/install/mycar_slam_cartographer/share/ament_index/resource_index/parent_prefix_path/mycar_slam_cartographer
-- Installing: /home/tungchiahui/UserFloder/mysource/ROS/ROS2_WS/7.ws_navigation/install/mycar_slam_cartographer/share/mycar_slam_cartographer/environment/ament_prefix_path.sh
-- Installing: /home/tungchiahui/UserFloder/mysource/ROS/ROS2_WS/7.ws_navigation/install/mycar_slam_cartographer/share/mycar_slam_cartographer/environment/ament_prefix_path.dsv
-- Installing: /home/tungchiahui/UserFloder/mysource/ROS/ROS2_WS/7.ws_navigation/install/mycar_slam_cartographer/share/mycar_slam_cartographer/environment/path.sh
-- Installing: /home/tungchiahui/UserFloder/mysource/ROS/ROS2_WS/7.ws_navigation/install/mycar_slam_cartographer/share/mycar_slam_cartographer/environment/path.dsv
-- Installing: /home/tungchiahui/UserFloder/mysource/ROS/ROS2_WS/7.ws_navigation/install/mycar_slam_cartographer/share/mycar_slam_cartographer/local_setup.bash
-- Installing: /home/tungchiahui/UserFloder/mysource/ROS/ROS2_WS/7.ws_navigation/install/mycar_slam_cartographer/share/mycar_slam_cartographer/local_setup.sh
-- Installing: /home/tungchiahui/UserFloder/mysource/ROS/ROS2_WS/7.ws_navigation/install/mycar_slam_cartographer/share/mycar_slam_cartographer/local_setup.zsh
-- Installing: /home/tungchiahui/UserFloder/mysource/ROS/ROS2_WS/7.ws_navigation/install/mycar_slam_cartographer/share/mycar_slam_cartographer/local_setup.dsv
-- Installing: /home/tungchiahui/UserFloder/mysource/ROS/ROS2_WS/7.ws_navigation/install/mycar_slam_cartographer/share/mycar_slam_cartographer/package.dsv
-- Installing: /home/tungchiahui/UserFloder/mysource/ROS/ROS2_WS/7.ws_navigation/install/mycar_slam_cartographer/share/ament_index/resource_index/packages/mycar_slam_cartographer
-- Installing: /home/tungchiahui/UserFloder/mysource/ROS/ROS2_WS/7.ws_navigation/install/mycar_slam_cartographer/share/mycar_slam_cartographer/cmake/mycar_slam_cartographerConfig.cmake
-- Installing: /home/tungchiahui/UserFloder/mysource/ROS/ROS2_WS/7.ws_navigation/install/mycar_slam_cartographer/share/mycar_slam_cartographer/cmake/mycar_slam_cartographerConfig-version.cmake
-- Installing: /home/tungchiahui/UserFloder/mysource/ROS/ROS2_WS/7.ws_navigation/install/mycar_slam_cartographer/share/mycar_slam_cartographer/package.xml
