[0.572s] DEBUG:colcon:Command line arguments: ['/usr/bin/colcon', 'build']
[0.572s] DEBUG:colcon:Parsed command line arguments: Namespace(log_base=None, log_level=None, verb_name='build', build_base='build', install_base='install', merge_install=False, symlink_install=False, test_result_base=None, continue_on_error=False, executor='parallel', parallel_workers=4, event_handlers=None, ignore_user_meta=False, metas=['./colcon.meta'], base_paths=['.'], packages_ignore=None, packages_ignore_regex=None, paths=None, packages_up_to=None, packages_up_to_regex=None, packages_above=None, packages_above_and_dependencies=None, packages_above_depth=None, packages_select_by_dep=None, packages_skip_by_dep=None, packages_skip_up_to=None, packages_select_build_failed=False, packages_skip_build_finished=False, packages_select_test_failures=False, packages_skip_test_passed=False, packages_select=None, packages_skip=None, packages_select_regex=None, packages_skip_regex=None, packages_start=None, packages_end=None, allow_overriding=[], cmake_args=None, cmake_target=None, cmake_target_skip_unavailable=False, cmake_clean_cache=False, cmake_clean_first=False, cmake_force_configure=False, ament_cmake_args=None, catkin_cmake_args=None, catkin_skip_building_tests=False, mixin_files=None, mixin=None, verb_parser=<colcon_mixin.mixin.mixin_argument.MixinArgumentDecorator object at 0xffffb64683b0>, verb_extension=<colcon_core.verb.build.BuildVerb object at 0xffffb65cc950>, main=<bound method BuildVerb.main of <colcon_core.verb.build.BuildVerb object at 0xffffb65cc950>>, mixin_verb=('build',))
[0.682s] Level 1:colcon.colcon_core.package_discovery:discover_packages(colcon_meta) check parameters
[0.683s] Level 1:colcon.colcon_core.package_discovery:discover_packages(recursive) check parameters
[0.683s] Level 1:colcon.colcon_core.package_discovery:discover_packages(ignore) check parameters
[0.683s] Level 1:colcon.colcon_core.package_discovery:discover_packages(path) check parameters
[0.683s] Level 1:colcon.colcon_core.package_discovery:discover_packages(colcon_meta) discover
[0.683s] Level 1:colcon.colcon_core.package_discovery:discover_packages(recursive) discover
[0.683s] INFO:colcon.colcon_core.package_discovery:Crawling recursively for packages in '/home/tungchiahui/mysource/ROS2_WS/8.ws_compro'
[0.683s] Level 1:colcon.colcon_core.package_identification:_identify(.) by extensions ['ignore', 'ignore_ament_install']
[0.683s] Level 1:colcon.colcon_core.package_identification:_identify(.) by extension 'ignore'
[0.684s] Level 1:colcon.colcon_core.package_identification:_identify(.) by extension 'ignore_ament_install'
[0.684s] Level 1:colcon.colcon_core.package_identification:_identify(.) by extensions ['colcon_pkg']
[0.684s] Level 1:colcon.colcon_core.package_identification:_identify(.) by extension 'colcon_pkg'
[0.684s] Level 1:colcon.colcon_core.package_identification:_identify(.) by extensions ['colcon_meta']
[0.684s] Level 1:colcon.colcon_core.package_identification:_identify(.) by extension 'colcon_meta'
[0.684s] Level 1:colcon.colcon_core.package_identification:_identify(.) by extensions ['ros']
[0.684s] Level 1:colcon.colcon_core.package_identification:_identify(.) by extension 'ros'
[0.730s] Level 1:colcon.colcon_core.package_identification:_identify(.) by extensions ['cmake', 'python']
[0.730s] Level 1:colcon.colcon_core.package_identification:_identify(.) by extension 'cmake'
[0.730s] Level 1:colcon.colcon_core.package_identification:_identify(.) by extension 'python'
[0.730s] Level 1:colcon.colcon_core.package_identification:_identify(.) by extensions ['python_setup_py']
[0.730s] Level 1:colcon.colcon_core.package_identification:_identify(.) by extension 'python_setup_py'
[0.731s] Level 1:colcon.colcon_core.package_identification:_identify(build) by extensions ['ignore', 'ignore_ament_install']
[0.731s] Level 1:colcon.colcon_core.package_identification:_identify(build) by extension 'ignore'
[0.731s] Level 1:colcon.colcon_core.package_identification:_identify(build) ignored
[0.731s] Level 1:colcon.colcon_core.package_identification:_identify(install) by extensions ['ignore', 'ignore_ament_install']
[0.731s] Level 1:colcon.colcon_core.package_identification:_identify(install) by extension 'ignore'
[0.731s] Level 1:colcon.colcon_core.package_identification:_identify(install) ignored
[0.731s] Level 1:colcon.colcon_core.package_identification:_identify(log) by extensions ['ignore', 'ignore_ament_install']
[0.732s] Level 1:colcon.colcon_core.package_identification:_identify(log) by extension 'ignore'
[0.732s] Level 1:colcon.colcon_core.package_identification:_identify(log) ignored
[0.732s] Level 1:colcon.colcon_core.package_identification:_identify(src) by extensions ['ignore', 'ignore_ament_install']
[0.732s] Level 1:colcon.colcon_core.package_identification:_identify(src) by extension 'ignore'
[0.732s] Level 1:colcon.colcon_core.package_identification:_identify(src) by extension 'ignore_ament_install'
[0.732s] Level 1:colcon.colcon_core.package_identification:_identify(src) by extensions ['colcon_pkg']
[0.732s] Level 1:colcon.colcon_core.package_identification:_identify(src) by extension 'colcon_pkg'
[0.732s] Level 1:colcon.colcon_core.package_identification:_identify(src) by extensions ['colcon_meta']
[0.732s] Level 1:colcon.colcon_core.package_identification:_identify(src) by extension 'colcon_meta'
[0.732s] Level 1:colcon.colcon_core.package_identification:_identify(src) by extensions ['ros']
[0.732s] Level 1:colcon.colcon_core.package_identification:_identify(src) by extension 'ros'
[0.733s] Level 1:colcon.colcon_core.package_identification:_identify(src) by extensions ['cmake', 'python']
[0.733s] Level 1:colcon.colcon_core.package_identification:_identify(src) by extension 'cmake'
[0.733s] Level 1:colcon.colcon_core.package_identification:_identify(src) by extension 'python'
[0.733s] Level 1:colcon.colcon_core.package_identification:_identify(src) by extensions ['python_setup_py']
[0.733s] Level 1:colcon.colcon_core.package_identification:_identify(src) by extension 'python_setup_py'
[0.733s] Level 1:colcon.colcon_core.package_identification:_identify(src/cpp01_serial) by extensions ['ignore', 'ignore_ament_install']
[0.733s] Level 1:colcon.colcon_core.package_identification:_identify(src/cpp01_serial) by extension 'ignore'
[0.733s] Level 1:colcon.colcon_core.package_identification:_identify(src/cpp01_serial) by extension 'ignore_ament_install'
[0.733s] Level 1:colcon.colcon_core.package_identification:_identify(src/cpp01_serial) by extensions ['colcon_pkg']
[0.733s] Level 1:colcon.colcon_core.package_identification:_identify(src/cpp01_serial) by extension 'colcon_pkg'
[0.733s] Level 1:colcon.colcon_core.package_identification:_identify(src/cpp01_serial) by extensions ['colcon_meta']
[0.733s] Level 1:colcon.colcon_core.package_identification:_identify(src/cpp01_serial) by extension 'colcon_meta'
[0.734s] Level 1:colcon.colcon_core.package_identification:_identify(src/cpp01_serial) by extensions ['ros']
[0.734s] Level 1:colcon.colcon_core.package_identification:_identify(src/cpp01_serial) by extension 'ros'
[0.738s] DEBUG:colcon.colcon_core.package_identification:Package 'src/cpp01_serial' with type 'ros.ament_cmake' and name 'cpp01_serial'
[0.739s] Level 1:colcon.colcon_core.package_discovery:discover_packages(recursive) using defaults
[0.739s] Level 1:colcon.colcon_core.package_discovery:discover_packages(ignore) discover
[0.739s] Level 1:colcon.colcon_core.package_discovery:discover_packages(ignore) using defaults
[0.739s] Level 1:colcon.colcon_core.package_discovery:discover_packages(path) discover
[0.739s] Level 1:colcon.colcon_core.package_discovery:discover_packages(path) using defaults
[0.787s] Level 1:colcon.colcon_core.package_discovery:discover_packages(prefix_path) check parameters
[0.787s] Level 1:colcon.colcon_core.package_discovery:discover_packages(prefix_path) discover
[0.811s] DEBUG:colcon.colcon_installed_package_information.package_discovery:Found 390 installed packages in /opt/ros/jazzy
[0.815s] Level 1:colcon.colcon_core.package_discovery:discover_packages(prefix_path) using defaults
[1.097s] Level 5:colcon.colcon_core.verb:set package 'cpp01_serial' build argument 'cmake_args' from command line to 'None'
[1.097s] Level 5:colcon.colcon_core.verb:set package 'cpp01_serial' build argument 'cmake_target' from command line to 'None'
[1.097s] Level 5:colcon.colcon_core.verb:set package 'cpp01_serial' build argument 'cmake_target_skip_unavailable' from command line to 'False'
[1.097s] Level 5:colcon.colcon_core.verb:set package 'cpp01_serial' build argument 'cmake_clean_cache' from command line to 'False'
[1.097s] Level 5:colcon.colcon_core.verb:set package 'cpp01_serial' build argument 'cmake_clean_first' from command line to 'False'
[1.097s] Level 5:colcon.colcon_core.verb:set package 'cpp01_serial' build argument 'cmake_force_configure' from command line to 'False'
[1.097s] Level 5:colcon.colcon_core.verb:set package 'cpp01_serial' build argument 'ament_cmake_args' from command line to 'None'
[1.097s] Level 5:colcon.colcon_core.verb:set package 'cpp01_serial' build argument 'catkin_cmake_args' from command line to 'None'
[1.097s] Level 5:colcon.colcon_core.verb:set package 'cpp01_serial' build argument 'catkin_skip_building_tests' from command line to 'False'
[1.097s] DEBUG:colcon.colcon_core.verb:Building package 'cpp01_serial' with the following arguments: {'ament_cmake_args': None, 'build_base': '/home/tungchiahui/mysource/ROS2_WS/8.ws_compro/build/cpp01_serial', 'catkin_cmake_args': None, 'catkin_skip_building_tests': False, 'cmake_args': None, 'cmake_clean_cache': False, 'cmake_clean_first': False, 'cmake_force_configure': False, 'cmake_target': None, 'cmake_target_skip_unavailable': False, 'install_base': '/home/tungchiahui/mysource/ROS2_WS/8.ws_compro/install/cpp01_serial', 'merge_install': False, 'path': '/home/tungchiahui/mysource/ROS2_WS/8.ws_compro/src/cpp01_serial', 'symlink_install': False, 'test_result_base': None}
[1.098s] INFO:colcon.colcon_core.executor:Executing jobs using 'parallel' executor
[1.099s] DEBUG:colcon.colcon_parallel_executor.executor.parallel:run_until_complete
[1.100s] INFO:colcon.colcon_ros.task.ament_cmake.build:Building ROS package in '/home/tungchiahui/mysource/ROS2_WS/8.ws_compro/src/cpp01_serial' with build type 'ament_cmake'
[1.100s] INFO:colcon.colcon_cmake.task.cmake.build:Building CMake package in '/home/tungchiahui/mysource/ROS2_WS/8.ws_compro/src/cpp01_serial'
[1.112s] INFO:colcon.colcon_core.plugin_system:Skipping extension 'colcon_core.shell.bat': Not used on non-Windows systems
[1.113s] INFO:colcon.colcon_core.shell:Skip shell extension 'powershell' for command environment: Not usable outside of PowerShell
[1.113s] DEBUG:colcon.colcon_core.shell:Skip shell extension 'dsv' for command environment
[1.126s] DEBUG:colcon.colcon_core.event_handler.log_command:Invoking command in '/home/tungchiahui/mysource/ROS2_WS/8.ws_compro/build/cpp01_serial': CMAKE_PREFIX_PATH=${CMAKE_PREFIX_PATH}:/opt/ros/jazzy DEBUGINFOD_URLS=https://debuginfod.ubuntu.com /usr/bin/cmake --build /home/tungchiahui/mysource/ROS2_WS/8.ws_compro/build/cpp01_serial -- -j4 -l4
[7.395s] DEBUG:colcon.colcon_core.event_handler.log_command:Invoked command in '/home/tungchiahui/mysource/ROS2_WS/8.ws_compro/build/cpp01_serial' returned '2': CMAKE_PREFIX_PATH=${CMAKE_PREFIX_PATH}:/opt/ros/jazzy DEBUGINFOD_URLS=https://debuginfod.ubuntu.com /usr/bin/cmake --build /home/tungchiahui/mysource/ROS2_WS/8.ws_compro/build/cpp01_serial -- -j4 -l4
[7.396s] Level 1:colcon.colcon_core.environment:create_environment_scripts_only(cpp01_serial)
[7.404s] Level 1:colcon.colcon_core.environment:checking '/home/tungchiahui/mysource/ROS2_WS/8.ws_compro/install/cpp01_serial' for CMake module files
[7.405s] Level 1:colcon.colcon_core.environment:checking '/home/tungchiahui/mysource/ROS2_WS/8.ws_compro/install/cpp01_serial' for CMake config files
[7.405s] Level 1:colcon.colcon_core.shell:create_environment_hook('cpp01_serial', 'cmake_prefix_path')
[7.405s] INFO:colcon.colcon_core.shell:Creating environment hook '/home/tungchiahui/mysource/ROS2_WS/8.ws_compro/install/cpp01_serial/share/cpp01_serial/hook/cmake_prefix_path.ps1'
[7.407s] INFO:colcon.colcon_core.shell:Creating environment descriptor '/home/tungchiahui/mysource/ROS2_WS/8.ws_compro/install/cpp01_serial/share/cpp01_serial/hook/cmake_prefix_path.dsv'
[7.408s] INFO:colcon.colcon_core.shell:Creating environment hook '/home/tungchiahui/mysource/ROS2_WS/8.ws_compro/install/cpp01_serial/share/cpp01_serial/hook/cmake_prefix_path.sh'
[7.409s] Level 1:colcon.colcon_core.environment:checking '/home/tungchiahui/mysource/ROS2_WS/8.ws_compro/install/cpp01_serial/lib'
[7.409s] Level 1:colcon.colcon_core.environment:checking '/home/tungchiahui/mysource/ROS2_WS/8.ws_compro/install/cpp01_serial/bin'
[7.410s] Level 1:colcon.colcon_core.environment:checking '/home/tungchiahui/mysource/ROS2_WS/8.ws_compro/install/cpp01_serial/lib/pkgconfig/cpp01_serial.pc'
[7.410s] Level 1:colcon.colcon_core.environment:checking '/home/tungchiahui/mysource/ROS2_WS/8.ws_compro/install/cpp01_serial/lib/python3.12/site-packages'
[7.410s] Level 1:colcon.colcon_core.environment:checking '/home/tungchiahui/mysource/ROS2_WS/8.ws_compro/install/cpp01_serial/bin'
[7.411s] INFO:colcon.colcon_core.shell:Creating package script '/home/tungchiahui/mysource/ROS2_WS/8.ws_compro/install/cpp01_serial/share/cpp01_serial/package.ps1'
[7.412s] INFO:colcon.colcon_core.shell:Creating package descriptor '/home/tungchiahui/mysource/ROS2_WS/8.ws_compro/install/cpp01_serial/share/cpp01_serial/package.dsv'
[7.413s] INFO:colcon.colcon_core.shell:Creating package script '/home/tungchiahui/mysource/ROS2_WS/8.ws_compro/install/cpp01_serial/share/cpp01_serial/package.sh'
[7.414s] INFO:colcon.colcon_core.shell:Creating package script '/home/tungchiahui/mysource/ROS2_WS/8.ws_compro/install/cpp01_serial/share/cpp01_serial/package.bash'
[7.417s] INFO:colcon.colcon_core.shell:Creating package script '/home/tungchiahui/mysource/ROS2_WS/8.ws_compro/install/cpp01_serial/share/cpp01_serial/package.zsh'
[7.420s] Level 1:colcon.colcon_core.environment:create_file_with_runtime_dependencies(/home/tungchiahui/mysource/ROS2_WS/8.ws_compro/install/cpp01_serial/share/colcon-core/packages/cpp01_serial)
[7.431s] DEBUG:colcon.colcon_parallel_executor.executor.parallel:closing loop
[7.431s] DEBUG:colcon.colcon_parallel_executor.executor.parallel:loop closed
[7.431s] DEBUG:colcon.colcon_parallel_executor.executor.parallel:run_until_complete finished with '2'
[7.432s] DEBUG:colcon.colcon_core.event_reactor:joining thread
[7.446s] INFO:colcon.colcon_core.plugin_system:Skipping extension 'colcon_notification.desktop_notification.terminal_notifier': Not used on non-Darwin systems
[7.446s] INFO:colcon.colcon_core.plugin_system:Skipping extension 'colcon_notification.desktop_notification.win32': Not used on non-Windows systems
[7.446s] INFO:colcon.colcon_notification.desktop_notification:Sending desktop notification using 'notify2'
[7.448s] DEBUG:colcon.colcon_notification.desktop_notification.notify2:Failed to initialize notify2: org.freedesktop.DBus.Error.ServiceUnknown: The name org.freedesktop.Notifications was not provided by any .service files
[7.448s] DEBUG:colcon.colcon_core.event_reactor:joined thread
[7.448s] INFO:colcon.colcon_core.shell:Creating prefix script '/home/tungchiahui/mysource/ROS2_WS/8.ws_compro/install/local_setup.ps1'
[7.451s] INFO:colcon.colcon_core.shell:Creating prefix util module '/home/tungchiahui/mysource/ROS2_WS/8.ws_compro/install/_local_setup_util_ps1.py'
[7.479s] INFO:colcon.colcon_core.shell:Creating prefix chain script '/home/tungchiahui/mysource/ROS2_WS/8.ws_compro/install/setup.ps1'
[7.483s] INFO:colcon.colcon_core.shell:Creating prefix script '/home/tungchiahui/mysource/ROS2_WS/8.ws_compro/install/local_setup.sh'
[7.486s] INFO:colcon.colcon_core.shell:Creating prefix util module '/home/tungchiahui/mysource/ROS2_WS/8.ws_compro/install/_local_setup_util_sh.py'
[7.487s] INFO:colcon.colcon_core.shell:Creating prefix chain script '/home/tungchiahui/mysource/ROS2_WS/8.ws_compro/install/setup.sh'
[7.491s] INFO:colcon.colcon_core.shell:Creating prefix script '/home/tungchiahui/mysource/ROS2_WS/8.ws_compro/install/local_setup.bash'
[7.493s] INFO:colcon.colcon_core.shell:Creating prefix chain script '/home/tungchiahui/mysource/ROS2_WS/8.ws_compro/install/setup.bash'
[7.495s] INFO:colcon.colcon_core.shell:Creating prefix script '/home/tungchiahui/mysource/ROS2_WS/8.ws_compro/install/local_setup.zsh'
[7.497s] INFO:colcon.colcon_core.shell:Creating prefix chain script '/home/tungchiahui/mysource/ROS2_WS/8.ws_compro/install/setup.zsh'
