[35m[1mConsolidate compiler generated dependencies of target demo01_time[0m
[ 50%] [32mBuilding CXX object CMakeFiles/demo01_time.dir/src/demo01_time.cpp.o[0m
[100%] [32m[1mLinking CXX executable demo01_time[0m
[100%] Built target demo01_time
-- Install configuration: ""
-- Installing: /home/tungchiahui/mysource/ros2src/3.ws01_plumbing/install/cpp06_time/lib/cpp06_time/demo01_time
-- Set runtime path of "/home/tungchiahui/mysource/ros2src/3.ws01_plumbing/install/cpp06_time/lib/cpp06_time/demo01_time" to ""
-- Up-to-date: /home/tungchiahui/mysource/ros2src/3.ws01_plumbing/install/cpp06_time/share/ament_index/resource_index/package_run_dependencies/cpp06_time
-- Up-to-date: /home/tungchiahui/mysource/ros2src/3.ws01_plumbing/install/cpp06_time/share/ament_index/resource_index/parent_prefix_path/cpp06_time
-- Up-to-date: /home/tungchiahui/mysource/ros2src/3.ws01_plumbing/install/cpp06_time/share/cpp06_time/environment/ament_prefix_path.sh
-- Up-to-date: /home/tungchiahui/mysource/ros2src/3.ws01_plumbing/install/cpp06_time/share/cpp06_time/environment/ament_prefix_path.dsv
-- Up-to-date: /home/tungchiahui/mysource/ros2src/3.ws01_plumbing/install/cpp06_time/share/cpp06_time/environment/path.sh
-- Up-to-date: /home/tungchiahui/mysource/ros2src/3.ws01_plumbing/install/cpp06_time/share/cpp06_time/environment/path.dsv
-- Up-to-date: /home/tungchiahui/mysource/ros2src/3.ws01_plumbing/install/cpp06_time/share/cpp06_time/local_setup.bash
-- Up-to-date: /home/tungchiahui/mysource/ros2src/3.ws01_plumbing/install/cpp06_time/share/cpp06_time/local_setup.sh
-- Up-to-date: /home/tungchiahui/mysource/ros2src/3.ws01_plumbing/install/cpp06_time/share/cpp06_time/local_setup.zsh
-- Up-to-date: /home/tungchiahui/mysource/ros2src/3.ws01_plumbing/install/cpp06_time/share/cpp06_time/local_setup.dsv
-- Installing: /home/tungchiahui/mysource/ros2src/3.ws01_plumbing/install/cpp06_time/share/cpp06_time/package.dsv
-- Up-to-date: /home/tungchiahui/mysource/ros2src/3.ws01_plumbing/install/cpp06_time/share/ament_index/resource_index/packages/cpp06_time
-- Up-to-date: /home/tungchiahui/mysource/ros2src/3.ws01_plumbing/install/cpp06_time/share/cpp06_time/cmake/cpp06_timeConfig.cmake
-- Up-to-date: /home/tungchiahui/mysource/ros2src/3.ws01_plumbing/install/cpp06_time/share/cpp06_time/cmake/cpp06_timeConfig-version.cmake
-- Up-to-date: /home/tungchiahui/mysource/ros2src/3.ws01_plumbing/install/cpp06_time/share/cpp06_time/package.xml
