[0.009s] Invoking command in '/home/tungchiahui/mysource/ros2src/3.ws01_plumbing/build/cpp04_param': CMAKE_PREFIX_PATH=${CMAKE_PREFIX_PATH}:/opt/ros/humble /usr/bin/cmake --build /home/tungchiahui/mysource/ros2src/3.ws01_plumbing/build/cpp04_param -- -j16 -l16
[0.035s] [35m[1mConsolidate compiler generated dependencies of target demo01_param_server[0m
[0.042s] [ 33%] Built target demo02_param_client
[0.042s] [ 66%] Built target demo00_param
[0.044s] [ 83%] [32mBuilding CXX object CMakeFiles/demo01_param_server.dir/src/demo01_param_server.cpp.o[0m
[1.951s] [100%] [32m[1mLinking CXX executable demo01_param_server[0m
[2.018s] [100%] Built target demo01_param_server
[2.026s] Invoked command in '/home/tungchiahui/mysource/ros2src/3.ws01_plumbing/build/cpp04_param' returned '0': CMAKE_PREFIX_PATH=${CMAKE_PREFIX_PATH}:/opt/ros/humble /usr/bin/cmake --build /home/tungchiahui/mysource/ros2src/3.ws01_plumbing/build/cpp04_param -- -j16 -l16
[2.049s] Invoking command in '/home/tungchiahui/mysource/ros2src/3.ws01_plumbing/build/cpp04_param': CMAKE_PREFIX_PATH=${CMAKE_PREFIX_PATH}:/opt/ros/humble /usr/bin/cmake --install /home/tungchiahui/mysource/ros2src/3.ws01_plumbing/build/cpp04_param
[2.053s] -- Install configuration: ""
[2.053s] -- Up-to-date: /home/tungchiahui/mysource/ros2src/3.ws01_plumbing/install/cpp04_param/lib/cpp04_param/demo00_param
[2.053s] -- Installing: /home/tungchiahui/mysource/ros2src/3.ws01_plumbing/install/cpp04_param/lib/cpp04_param/demo01_param_server
[2.054s] -- Set runtime path of "/home/tungchiahui/mysource/ros2src/3.ws01_plumbing/install/cpp04_param/lib/cpp04_param/demo01_param_server" to ""
[2.054s] -- Up-to-date: /home/tungchiahui/mysource/ros2src/3.ws01_plumbing/install/cpp04_param/lib/cpp04_param/demo02_param_client
[2.054s] -- Up-to-date: /home/tungchiahui/mysource/ros2src/3.ws01_plumbing/install/cpp04_param/share/ament_index/resource_index/package_run_dependencies/cpp04_param
[2.054s] -- Up-to-date: /home/tungchiahui/mysource/ros2src/3.ws01_plumbing/install/cpp04_param/share/ament_index/resource_index/parent_prefix_path/cpp04_param
[2.054s] -- Up-to-date: /home/tungchiahui/mysource/ros2src/3.ws01_plumbing/install/cpp04_param/share/cpp04_param/environment/ament_prefix_path.sh
[2.054s] -- Up-to-date: /home/tungchiahui/mysource/ros2src/3.ws01_plumbing/install/cpp04_param/share/cpp04_param/environment/ament_prefix_path.dsv
[2.054s] -- Up-to-date: /home/tungchiahui/mysource/ros2src/3.ws01_plumbing/install/cpp04_param/share/cpp04_param/environment/path.sh
[2.054s] -- Up-to-date: /home/tungchiahui/mysource/ros2src/3.ws01_plumbing/install/cpp04_param/share/cpp04_param/environment/path.dsv
[2.054s] -- Up-to-date: /home/tungchiahui/mysource/ros2src/3.ws01_plumbing/install/cpp04_param/share/cpp04_param/local_setup.bash
[2.054s] -- Up-to-date: /home/tungchiahui/mysource/ros2src/3.ws01_plumbing/install/cpp04_param/share/cpp04_param/local_setup.sh
[2.054s] -- Up-to-date: /home/tungchiahui/mysource/ros2src/3.ws01_plumbing/install/cpp04_param/share/cpp04_param/local_setup.zsh
[2.054s] -- Up-to-date: /home/tungchiahui/mysource/ros2src/3.ws01_plumbing/install/cpp04_param/share/cpp04_param/local_setup.dsv
[2.054s] -- Installing: /home/tungchiahui/mysource/ros2src/3.ws01_plumbing/install/cpp04_param/share/cpp04_param/package.dsv
[2.054s] -- Up-to-date: /home/tungchiahui/mysource/ros2src/3.ws01_plumbing/install/cpp04_param/share/ament_index/resource_index/packages/cpp04_param
[2.054s] -- Up-to-date: /home/tungchiahui/mysource/ros2src/3.ws01_plumbing/install/cpp04_param/share/cpp04_param/cmake/cpp04_paramConfig.cmake
[2.055s] -- Up-to-date: /home/tungchiahui/mysource/ros2src/3.ws01_plumbing/install/cpp04_param/share/cpp04_param/cmake/cpp04_paramConfig-version.cmake
[2.055s] -- Up-to-date: /home/tungchiahui/mysource/ros2src/3.ws01_plumbing/install/cpp04_param/share/cpp04_param/package.xml
[2.056s] Invoked command in '/home/tungchiahui/mysource/ros2src/3.ws01_plumbing/build/cpp04_param' returned '0': CMAKE_PREFIX_PATH=${CMAKE_PREFIX_PATH}:/opt/ros/humble /usr/bin/cmake --install /home/tungchiahui/mysource/ros2src/3.ws01_plumbing/build/cpp04_param
