[0.010s] Invoking command in '/home/tungchiahui/source/ROS2_WS/6.ws_simulations/build/demo_gazebo_sim': CMAKE_PREFIX_PATH=${CMAKE_PREFIX_PATH}:/opt/ros/jazzy /usr/bin/cmake /home/tungchiahui/source/ROS2_WS/6.ws_simulations/src/demo_gazebo_sim -DCMAKE_INSTALL_PREFIX=/home/tungchiahui/source/ROS2_WS/6.ws_simulations/install/demo_gazebo_sim
[0.197s] -- The C compiler identification is GNU 13.3.0
[0.571s] -- The CXX compiler identification is GNU 13.3.0
[0.840s] -- Detecting C compiler ABI info
[0.987s] -- Detecting C compiler ABI info - done
[0.995s] -- Check for working C compiler: /usr/bin/cc - skipped
[0.996s] -- Detecting C compile features
[0.998s] -- Detecting C compile features - done
[1.048s] -- Detecting CXX compiler ABI info
[1.191s] -- Detecting CXX compiler ABI info - done
[1.201s] -- Check for working CXX compiler: /usr/bin/c++ - skipped
[1.202s] -- Detecting CXX compile features
[1.202s] -- Detecting CXX compile features - done
[1.206s] -- Found ament_cmake: 2.5.2 (/opt/ros/jazzy/share/ament_cmake/cmake)
[1.322s] -- Found Python3: /usr/bin/python3 (found version "3.12.3") found components: Interpreter 
[1.433s] -- Found ament_lint_auto: 0.17.1 (/opt/ros/jazzy/share/ament_lint_auto/cmake)
[1.534s] -- Added test 'flake8' to check Python code syntax and style conventions
[1.534s] -- Configured 'flake8' exclude dirs and/or files: 
[1.535s] -- Added test 'lint_cmake' to check CMake code style
[1.536s] -- Added test 'pep257' to check Python code against some of the docstring style conventions in PEP 257
[1.537s] -- Added test 'xmllint' to check XML markup files
[1.539s] -- Configuring done (1.5s)
[1.542s] -- Generating done (0.0s)
[1.543s] -- Build files have been written to: /home/tungchiahui/source/ROS2_WS/6.ws_simulations/build/demo_gazebo_sim
[1.546s] Invoked command in '/home/tungchiahui/source/ROS2_WS/6.ws_simulations/build/demo_gazebo_sim' returned '0': CMAKE_PREFIX_PATH=${CMAKE_PREFIX_PATH}:/opt/ros/jazzy /usr/bin/cmake /home/tungchiahui/source/ROS2_WS/6.ws_simulations/src/demo_gazebo_sim -DCMAKE_INSTALL_PREFIX=/home/tungchiahui/source/ROS2_WS/6.ws_simulations/install/demo_gazebo_sim
[1.547s] Invoking command in '/home/tungchiahui/source/ROS2_WS/6.ws_simulations/build/demo_gazebo_sim': CMAKE_PREFIX_PATH=${CMAKE_PREFIX_PATH}:/opt/ros/jazzy /usr/bin/cmake --build /home/tungchiahui/source/ROS2_WS/6.ws_simulations/build/demo_gazebo_sim -- -j16 -l16
[1.573s] Invoked command in '/home/tungchiahui/source/ROS2_WS/6.ws_simulations/build/demo_gazebo_sim' returned '0': CMAKE_PREFIX_PATH=${CMAKE_PREFIX_PATH}:/opt/ros/jazzy /usr/bin/cmake --build /home/tungchiahui/source/ROS2_WS/6.ws_simulations/build/demo_gazebo_sim -- -j16 -l16
[1.580s] Invoking command in '/home/tungchiahui/source/ROS2_WS/6.ws_simulations/build/demo_gazebo_sim': CMAKE_PREFIX_PATH=${CMAKE_PREFIX_PATH}:/opt/ros/jazzy /usr/bin/cmake --install /home/tungchiahui/source/ROS2_WS/6.ws_simulations/build/demo_gazebo_sim
[1.585s] -- Install configuration: ""
[1.585s] -- Installing: /home/tungchiahui/source/ROS2_WS/6.ws_simulations/install/demo_gazebo_sim/share/demo_gazebo_sim/rviz
[1.586s] -- Installing: /home/tungchiahui/source/ROS2_WS/6.ws_simulations/install/demo_gazebo_sim/share/demo_gazebo_sim/world
[1.586s] -- Installing: /home/tungchiahui/source/ROS2_WS/6.ws_simulations/install/demo_gazebo_sim/share/demo_gazebo_sim/world/visualize_lidar.sdf
[1.586s] -- Installing: /home/tungchiahui/source/ROS2_WS/6.ws_simulations/install/demo_gazebo_sim/share/demo_gazebo_sim/launch
[1.586s] -- Installing: /home/tungchiahui/source/ROS2_WS/6.ws_simulations/install/demo_gazebo_sim/share/demo_gazebo_sim/launch/gazebo_sim_demo.launch.py
[1.586s] -- Installing: /home/tungchiahui/source/ROS2_WS/6.ws_simulations/install/demo_gazebo_sim/share/ament_index/resource_index/package_run_dependencies/demo_gazebo_sim
[1.587s] -- Installing: /home/tungchiahui/source/ROS2_WS/6.ws_simulations/install/demo_gazebo_sim/share/ament_index/resource_index/parent_prefix_path/demo_gazebo_sim
[1.587s] -- Installing: /home/tungchiahui/source/ROS2_WS/6.ws_simulations/install/demo_gazebo_sim/share/demo_gazebo_sim/environment/ament_prefix_path.sh
[1.587s] -- Installing: /home/tungchiahui/source/ROS2_WS/6.ws_simulations/install/demo_gazebo_sim/share/demo_gazebo_sim/environment/ament_prefix_path.dsv
[1.587s] -- Installing: /home/tungchiahui/source/ROS2_WS/6.ws_simulations/install/demo_gazebo_sim/share/demo_gazebo_sim/environment/path.sh
[1.587s] -- Installing: /home/tungchiahui/source/ROS2_WS/6.ws_simulations/install/demo_gazebo_sim/share/demo_gazebo_sim/environment/path.dsv
[1.588s] -- Installing: /home/tungchiahui/source/ROS2_WS/6.ws_simulations/install/demo_gazebo_sim/share/demo_gazebo_sim/local_setup.bash
[1.588s] -- Installing: /home/tungchiahui/source/ROS2_WS/6.ws_simulations/install/demo_gazebo_sim/share/demo_gazebo_sim/local_setup.sh
[1.588s] -- Installing: /home/tungchiahui/source/ROS2_WS/6.ws_simulations/install/demo_gazebo_sim/share/demo_gazebo_sim/local_setup.zsh
[1.588s] -- Installing: /home/tungchiahui/source/ROS2_WS/6.ws_simulations/install/demo_gazebo_sim/share/demo_gazebo_sim/local_setup.dsv
[1.588s] -- Installing: /home/tungchiahui/source/ROS2_WS/6.ws_simulations/install/demo_gazebo_sim/share/demo_gazebo_sim/package.dsv
[1.588s] -- Installing: /home/tungchiahui/source/ROS2_WS/6.ws_simulations/install/demo_gazebo_sim/share/ament_index/resource_index/packages/demo_gazebo_sim
[1.588s] -- Installing: /home/tungchiahui/source/ROS2_WS/6.ws_simulations/install/demo_gazebo_sim/share/demo_gazebo_sim/cmake/demo_gazebo_simConfig.cmake
[1.588s] -- Installing: /home/tungchiahui/source/ROS2_WS/6.ws_simulations/install/demo_gazebo_sim/share/demo_gazebo_sim/cmake/demo_gazebo_simConfig-version.cmake
[1.588s] -- Installing: /home/tungchiahui/source/ROS2_WS/6.ws_simulations/install/demo_gazebo_sim/share/demo_gazebo_sim/package.xml
[1.589s] Invoked command in '/home/tungchiahui/source/ROS2_WS/6.ws_simulations/build/demo_gazebo_sim' returned '0': CMAKE_PREFIX_PATH=${CMAKE_PREFIX_PATH}:/opt/ros/jazzy /usr/bin/cmake --install /home/tungchiahui/source/ROS2_WS/6.ws_simulations/build/demo_gazebo_sim
