[0.010s] Invoking command in '/home/tungchiahui/UserFloder/mysource/ROS/ROS2_WS/6.ws_simulations/build/demo_gazebo_sim': CMAKE_PREFIX_PATH=${CMAKE_PREFIX_PATH}:/opt/ros/humble /usr/bin/cmake /home/tungchiahui/UserFloder/mysource/ROS/ROS2_WS/6.ws_simulations/src/demo_gazebo_sim -DCMAKE_INSTALL_PREFIX=/home/tungchiahui/UserFloder/mysource/ROS/ROS2_WS/6.ws_simulations/install/demo_gazebo_sim
[0.045s] -- The C compiler identification is GNU 11.4.0
[0.082s] -- The CXX compiler identification is GNU 11.4.0
[0.087s] -- Detecting C compiler ABI info
[0.132s] -- Detecting C compiler ABI info - done
[0.137s] -- Check for working C compiler: /usr/bin/cc - skipped
[0.137s] -- Detecting C compile features
[0.137s] -- Detecting C compile features - done
[0.139s] -- Detecting CXX compiler ABI info
[0.192s] -- Detecting CXX compiler ABI info - done
[0.197s] -- Check for working CXX compiler: /usr/bin/c++ - skipped
[0.197s] -- Detecting CXX compile features
[0.197s] -- Detecting CXX compile features - done
[0.199s] -- Found ament_cmake: 1.3.11 (/opt/ros/humble/share/ament_cmake/cmake)
[0.298s] -- Found Python3: /usr/bin/python3 (found version "3.10.12") found components: Interpreter 
[0.355s] -- Found ament_lint_auto: 0.12.11 (/opt/ros/humble/share/ament_lint_auto/cmake)
[0.408s] -- Added test 'flake8' to check Python code syntax and style conventions
[0.409s] -- Added test 'lint_cmake' to check CMake code style
[0.409s] -- Added test 'pep257' to check Python code against some of the docstring style conventions in PEP 257
[0.410s] -- Added test 'xmllint' to check XML markup files
[0.411s] -- Configuring done
[0.413s] -- Generating done
[0.415s] -- Build files have been written to: /home/tungchiahui/UserFloder/mysource/ROS/ROS2_WS/6.ws_simulations/build/demo_gazebo_sim
[0.419s] Invoked command in '/home/tungchiahui/UserFloder/mysource/ROS/ROS2_WS/6.ws_simulations/build/demo_gazebo_sim' returned '0': CMAKE_PREFIX_PATH=${CMAKE_PREFIX_PATH}:/opt/ros/humble /usr/bin/cmake /home/tungchiahui/UserFloder/mysource/ROS/ROS2_WS/6.ws_simulations/src/demo_gazebo_sim -DCMAKE_INSTALL_PREFIX=/home/tungchiahui/UserFloder/mysource/ROS/ROS2_WS/6.ws_simulations/install/demo_gazebo_sim
[0.420s] Invoking command in '/home/tungchiahui/UserFloder/mysource/ROS/ROS2_WS/6.ws_simulations/build/demo_gazebo_sim': CMAKE_PREFIX_PATH=${CMAKE_PREFIX_PATH}:/opt/ros/humble /usr/bin/cmake --build /home/tungchiahui/UserFloder/mysource/ROS/ROS2_WS/6.ws_simulations/build/demo_gazebo_sim -- -j16 -l16
[0.443s] Invoked command in '/home/tungchiahui/UserFloder/mysource/ROS/ROS2_WS/6.ws_simulations/build/demo_gazebo_sim' returned '0': CMAKE_PREFIX_PATH=${CMAKE_PREFIX_PATH}:/opt/ros/humble /usr/bin/cmake --build /home/tungchiahui/UserFloder/mysource/ROS/ROS2_WS/6.ws_simulations/build/demo_gazebo_sim -- -j16 -l16
[0.449s] Invoking command in '/home/tungchiahui/UserFloder/mysource/ROS/ROS2_WS/6.ws_simulations/build/demo_gazebo_sim': CMAKE_PREFIX_PATH=${CMAKE_PREFIX_PATH}:/opt/ros/humble /usr/bin/cmake --install /home/tungchiahui/UserFloder/mysource/ROS/ROS2_WS/6.ws_simulations/build/demo_gazebo_sim
[0.454s] -- Install configuration: ""
[0.454s] -- Installing: /home/tungchiahui/UserFloder/mysource/ROS/ROS2_WS/6.ws_simulations/install/demo_gazebo_sim/share/demo_gazebo_sim/rviz
[0.454s] -- Installing: /home/tungchiahui/UserFloder/mysource/ROS/ROS2_WS/6.ws_simulations/install/demo_gazebo_sim/share/demo_gazebo_sim/world
[0.454s] -- Installing: /home/tungchiahui/UserFloder/mysource/ROS/ROS2_WS/6.ws_simulations/install/demo_gazebo_sim/share/demo_gazebo_sim/world/house.sdf
[0.454s] -- Installing: /home/tungchiahui/UserFloder/mysource/ROS/ROS2_WS/6.ws_simulations/install/demo_gazebo_sim/share/demo_gazebo_sim/world/visualize_lidar.sdf
[0.454s] -- Installing: /home/tungchiahui/UserFloder/mysource/ROS/ROS2_WS/6.ws_simulations/install/demo_gazebo_sim/share/demo_gazebo_sim/launch
[0.454s] -- Installing: /home/tungchiahui/UserFloder/mysource/ROS/ROS2_WS/6.ws_simulations/install/demo_gazebo_sim/share/demo_gazebo_sim/launch/gazebo_sim_demo.launch.py
[0.454s] -- Installing: /home/tungchiahui/UserFloder/mysource/ROS/ROS2_WS/6.ws_simulations/install/demo_gazebo_sim/share/demo_gazebo_sim/launch/gazebo_sim_world.launch1.py
[0.454s] -- Installing: /home/tungchiahui/UserFloder/mysource/ROS/ROS2_WS/6.ws_simulations/install/demo_gazebo_sim/share/demo_gazebo_sim/launch/gazebo_sim_world.launch2.py
[0.454s] -- Installing: /home/tungchiahui/UserFloder/mysource/ROS/ROS2_WS/6.ws_simulations/install/demo_gazebo_sim/share/demo_gazebo_sim/launch/gazebo_sim_world.launch_odom.py
[0.454s] -- Installing: /home/tungchiahui/UserFloder/mysource/ROS/ROS2_WS/6.ws_simulations/install/demo_gazebo_sim/share/demo_gazebo_sim/launch/gazebo_sim_world.launch.py
[0.455s] -- Installing: /home/tungchiahui/UserFloder/mysource/ROS/ROS2_WS/6.ws_simulations/install/demo_gazebo_sim/share/ament_index/resource_index/package_run_dependencies/demo_gazebo_sim
[0.455s] -- Installing: /home/tungchiahui/UserFloder/mysource/ROS/ROS2_WS/6.ws_simulations/install/demo_gazebo_sim/share/ament_index/resource_index/parent_prefix_path/demo_gazebo_sim
[0.455s] -- Installing: /home/tungchiahui/UserFloder/mysource/ROS/ROS2_WS/6.ws_simulations/install/demo_gazebo_sim/share/demo_gazebo_sim/environment/ament_prefix_path.sh
[0.455s] -- Installing: /home/tungchiahui/UserFloder/mysource/ROS/ROS2_WS/6.ws_simulations/install/demo_gazebo_sim/share/demo_gazebo_sim/environment/ament_prefix_path.dsv
[0.455s] -- Installing: /home/tungchiahui/UserFloder/mysource/ROS/ROS2_WS/6.ws_simulations/install/demo_gazebo_sim/share/demo_gazebo_sim/environment/path.sh
[0.455s] -- Installing: /home/tungchiahui/UserFloder/mysource/ROS/ROS2_WS/6.ws_simulations/install/demo_gazebo_sim/share/demo_gazebo_sim/environment/path.dsv
[0.455s] -- Installing: /home/tungchiahui/UserFloder/mysource/ROS/ROS2_WS/6.ws_simulations/install/demo_gazebo_sim/share/demo_gazebo_sim/local_setup.bash
[0.455s] -- Installing: /home/tungchiahui/UserFloder/mysource/ROS/ROS2_WS/6.ws_simulations/install/demo_gazebo_sim/share/demo_gazebo_sim/local_setup.sh
[0.455s] -- Installing: /home/tungchiahui/UserFloder/mysource/ROS/ROS2_WS/6.ws_simulations/install/demo_gazebo_sim/share/demo_gazebo_sim/local_setup.zsh
[0.455s] -- Installing: /home/tungchiahui/UserFloder/mysource/ROS/ROS2_WS/6.ws_simulations/install/demo_gazebo_sim/share/demo_gazebo_sim/local_setup.dsv
[0.456s] -- Installing: /home/tungchiahui/UserFloder/mysource/ROS/ROS2_WS/6.ws_simulations/install/demo_gazebo_sim/share/demo_gazebo_sim/package.dsv
[0.456s] -- Installing: /home/tungchiahui/UserFloder/mysource/ROS/ROS2_WS/6.ws_simulations/install/demo_gazebo_sim/share/ament_index/resource_index/packages/demo_gazebo_sim
[0.456s] -- Installing: /home/tungchiahui/UserFloder/mysource/ROS/ROS2_WS/6.ws_simulations/install/demo_gazebo_sim/share/demo_gazebo_sim/cmake/demo_gazebo_simConfig.cmake
[0.456s] -- Installing: /home/tungchiahui/UserFloder/mysource/ROS/ROS2_WS/6.ws_simulations/install/demo_gazebo_sim/share/demo_gazebo_sim/cmake/demo_gazebo_simConfig-version.cmake
[0.457s] -- Installing: /home/tungchiahui/UserFloder/mysource/ROS/ROS2_WS/6.ws_simulations/install/demo_gazebo_sim/share/demo_gazebo_sim/package.xml
[0.461s] Invoked command in '/home/tungchiahui/UserFloder/mysource/ROS/ROS2_WS/6.ws_simulations/build/demo_gazebo_sim' returned '0': CMAKE_PREFIX_PATH=${CMAKE_PREFIX_PATH}:/opt/ros/humble /usr/bin/cmake --install /home/tungchiahui/UserFloder/mysource/ROS/ROS2_WS/6.ws_simulations/build/demo_gazebo_sim
