[0.032s] Invoking command in '/home/tungchiahui/user/mysource/ros2src/5.opencv_demo_ws/build/opencv_demo2_video_capture': CMAKE_PREFIX_PATH=/opt/ros/humble /usr/bin/cmake --build /home/tungchiahui/user/mysource/ros2src/5.opencv_demo_ws/build/opencv_demo2_video_capture -- -j16 -l16
[0.067s] [ 25%] [32mBuilding CXX object CMakeFiles/read_camera_video_node.dir/src/read_camera_video_node.cpp.o[0m
[0.068s] [ 50%] [32mBuilding CXX object CMakeFiles/read_video_node.dir/src/read_video_node.cpp.o[0m
[2.861s] [ 75%] [32m[1mLinking CXX executable read_video_node[0m
[2.879s] [100%] [32m[1mLinking CXX executable read_camera_video_node[0m
[3.100s] [100%] Built target read_video_node
[3.108s] [100%] Built target read_camera_video_node
[3.115s] Invoked command in '/home/tungchiahui/user/mysource/ros2src/5.opencv_demo_ws/build/opencv_demo2_video_capture' returned '0': CMAKE_PREFIX_PATH=/opt/ros/humble /usr/bin/cmake --build /home/tungchiahui/user/mysource/ros2src/5.opencv_demo_ws/build/opencv_demo2_video_capture -- -j16 -l16
[3.142s] Invoking command in '/home/tungchiahui/user/mysource/ros2src/5.opencv_demo_ws/build/opencv_demo2_video_capture': CMAKE_PREFIX_PATH=/opt/ros/humble /usr/bin/cmake --install /home/tungchiahui/user/mysource/ros2src/5.opencv_demo_ws/build/opencv_demo2_video_capture
[3.147s] -- Install configuration: ""
[3.148s] -- Installing: /home/tungchiahui/user/mysource/ros2src/5.opencv_demo_ws/install/opencv_demo2_video_capture/lib/opencv_demo2_video_capture/read_video_node
[3.148s] -- Set runtime path of "/home/tungchiahui/user/mysource/ros2src/5.opencv_demo_ws/install/opencv_demo2_video_capture/lib/opencv_demo2_video_capture/read_video_node" to ""
[3.148s] -- Installing: /home/tungchiahui/user/mysource/ros2src/5.opencv_demo_ws/install/opencv_demo2_video_capture/lib/opencv_demo2_video_capture/read_camera_video_node
[3.148s] -- Set runtime path of "/home/tungchiahui/user/mysource/ros2src/5.opencv_demo_ws/install/opencv_demo2_video_capture/lib/opencv_demo2_video_capture/read_camera_video_node" to ""
[3.149s] -- Installing: /home/tungchiahui/user/mysource/ros2src/5.opencv_demo_ws/install/opencv_demo2_video_capture/share/ament_index/resource_index/package_run_dependencies/opencv_demo2_video_capture
[3.149s] -- Installing: /home/tungchiahui/user/mysource/ros2src/5.opencv_demo_ws/install/opencv_demo2_video_capture/share/ament_index/resource_index/parent_prefix_path/opencv_demo2_video_capture
[3.149s] -- Installing: /home/tungchiahui/user/mysource/ros2src/5.opencv_demo_ws/install/opencv_demo2_video_capture/share/opencv_demo2_video_capture/environment/ament_prefix_path.sh
[3.149s] -- Installing: /home/tungchiahui/user/mysource/ros2src/5.opencv_demo_ws/install/opencv_demo2_video_capture/share/opencv_demo2_video_capture/environment/ament_prefix_path.dsv
[3.149s] -- Installing: /home/tungchiahui/user/mysource/ros2src/5.opencv_demo_ws/install/opencv_demo2_video_capture/share/opencv_demo2_video_capture/environment/path.sh
[3.149s] -- Installing: /home/tungchiahui/user/mysource/ros2src/5.opencv_demo_ws/install/opencv_demo2_video_capture/share/opencv_demo2_video_capture/environment/path.dsv
[3.149s] -- Installing: /home/tungchiahui/user/mysource/ros2src/5.opencv_demo_ws/install/opencv_demo2_video_capture/share/opencv_demo2_video_capture/local_setup.bash
[3.149s] -- Installing: /home/tungchiahui/user/mysource/ros2src/5.opencv_demo_ws/install/opencv_demo2_video_capture/share/opencv_demo2_video_capture/local_setup.sh
[3.149s] -- Installing: /home/tungchiahui/user/mysource/ros2src/5.opencv_demo_ws/install/opencv_demo2_video_capture/share/opencv_demo2_video_capture/local_setup.zsh
[3.149s] -- Installing: /home/tungchiahui/user/mysource/ros2src/5.opencv_demo_ws/install/opencv_demo2_video_capture/share/opencv_demo2_video_capture/local_setup.dsv
[3.149s] -- Installing: /home/tungchiahui/user/mysource/ros2src/5.opencv_demo_ws/install/opencv_demo2_video_capture/share/opencv_demo2_video_capture/package.dsv
[3.149s] -- Installing: /home/tungchiahui/user/mysource/ros2src/5.opencv_demo_ws/install/opencv_demo2_video_capture/share/ament_index/resource_index/packages/opencv_demo2_video_capture
[3.149s] -- Installing: /home/tungchiahui/user/mysource/ros2src/5.opencv_demo_ws/install/opencv_demo2_video_capture/share/opencv_demo2_video_capture/cmake/opencv_demo2_video_captureConfig.cmake
[3.149s] -- Installing: /home/tungchiahui/user/mysource/ros2src/5.opencv_demo_ws/install/opencv_demo2_video_capture/share/opencv_demo2_video_capture/cmake/opencv_demo2_video_captureConfig-version.cmake
[3.149s] -- Installing: /home/tungchiahui/user/mysource/ros2src/5.opencv_demo_ws/install/opencv_demo2_video_capture/share/opencv_demo2_video_capture/package.xml
[3.151s] Invoked command in '/home/tungchiahui/user/mysource/ros2src/5.opencv_demo_ws/build/opencv_demo2_video_capture' returned '0': CMAKE_PREFIX_PATH=/opt/ros/humble /usr/bin/cmake --install /home/tungchiahui/user/mysource/ros2src/5.opencv_demo_ws/build/opencv_demo2_video_capture
