[0.014s] Invoking command in '/home/tungchiahui/source/ROS2_WS/4.ws02_tools/build/cpp02_rosbag': CMAKE_PREFIX_PATH=/opt/ros/jazzy/opt/gz_math_vendor:/opt/ros/jazzy/opt/gz_utils_vendor:/opt/ros/jazzy/opt/gz_cmake_vendor:/opt/ros/jazzy:/opt/ros/noetic /usr/bin/cmake /home/tungchiahui/source/ROS2_WS/4.ws02_tools/src/cpp02_rosbag -DCMAKE_INSTALL_PREFIX=/home/tungchiahui/source/ROS2_WS/4.ws02_tools/install/cpp02_rosbag
[0.203s] -- The C compiler identification is GNU 13.3.0
[0.417s] -- The CXX compiler identification is GNU 13.3.0
[0.498s] -- Detecting C compiler ABI info
[0.590s] -- Detecting C compiler ABI info - done
[0.599s] -- Check for working C compiler: /usr/bin/cc - skipped
[0.599s] -- Detecting C compile features
[0.599s] -- Detecting C compile features - done
[0.622s] -- Detecting CXX compiler ABI info
[0.715s] -- Detecting CXX compiler ABI info - done
[0.722s] -- Check for working CXX compiler: /usr/bin/c++ - skipped
[0.723s] -- Detecting CXX compile features
[0.723s] -- Detecting CXX compile features - done
[0.724s] -- Found ament_cmake: 2.5.2 (/opt/ros/jazzy/share/ament_cmake/cmake)
[0.835s] -- Found Python3: /usr/bin/python3 (found version "3.12.3") found components: Interpreter 
[0.930s] -- Found rclcpp: 28.1.5 (/opt/ros/jazzy/share/rclcpp/cmake)
[1.006s] -- Found rosidl_generator_c: 4.6.4 (/opt/ros/jazzy/share/rosidl_generator_c/cmake)
[1.019s] -- Found rosidl_generator_cpp: 4.6.4 (/opt/ros/jazzy/share/rosidl_generator_cpp/cmake)
[1.041s] -- Using all available rosidl_typesupport_c: rosidl_typesupport_fastrtps_c;rosidl_typesupport_introspection_c
[1.062s] -- Using all available rosidl_typesupport_cpp: rosidl_typesupport_fastrtps_cpp;rosidl_typesupport_introspection_cpp
[1.150s] -- Found rmw_implementation_cmake: 7.3.1 (/opt/ros/jazzy/share/rmw_implementation_cmake/cmake)
[1.153s] -- Found rmw_fastrtps_cpp: 8.4.1 (/opt/ros/jazzy/share/rmw_fastrtps_cpp/cmake)
[1.224s] -- Found OpenSSL: /usr/lib/x86_64-linux-gnu/libcrypto.so (found version "3.0.13")  
[1.258s] -- Found FastRTPS: /opt/ros/jazzy/include (Required is at least version "2.13") 
[1.286s] -- Using RMW implementation 'rmw_fastrtps_cpp' as default
[1.378s] -- Found rosbag2_cpp: 0.26.5 (/opt/ros/jazzy/share/rosbag2_cpp/cmake)
[1.411s] -- Setting yaml-cpp_DIR to: '/opt/ros/jazzy/share/yaml_cpp_vendor/cmake/../../../opt/yaml_cpp_vendor/share/cmake/yaml-cpp'
[1.414s] -- Found geometry_msgs: 5.3.5 (/opt/ros/jazzy/share/geometry_msgs/cmake)
[1.454s] -- Found ament_lint_auto: 0.17.1 (/opt/ros/jazzy/share/ament_lint_auto/cmake)
[1.540s] -- Added test 'cppcheck' to perform static code analysis on C / C++ code
[1.540s] -- Configured cppcheck include dirs: 
[1.540s] -- Configured cppcheck exclude dirs and/or files: 
[1.540s] -- Added test 'lint_cmake' to check CMake code style
[1.541s] -- Added test 'uncrustify' to check C / C++ code style
[1.541s] -- Configured uncrustify additional arguments: 
[1.542s] -- Added test 'xmllint' to check XML markup files
[1.543s] -- Configuring done (1.5s)
[1.546s] [31mCMake Error at CMakeLists.txt:14 (add_executable):
[1.546s]   Cannot find source file:
[1.546s] 
[1.546s]     src/demo01_writer.cpp
[1.546s] 
[1.546s]   Tried extensions .c .C .c++ .cc .cpp .cxx .cu .mpp .m .M .mm .ixx .cppm
[1.546s]   .ccm .cxxm .c++m .h .hh .h++ .hm .hpp .hxx .in .txx .f .F .for .f77 .f90
[1.546s]   .f95 .f03 .hip .ispc
[1.546s] 
[1.547s] [0m
[1.548s] [31mCMake Error at CMakeLists.txt:22 (add_executable):
[1.548s]   Cannot find source file:
[1.548s] 
[1.548s]     src/demo02_reader.cpp
[1.549s] 
[1.549s]   Tried extensions .c .C .c++ .cc .cpp .cxx .cu .mpp .m .M .mm .ixx .cppm
[1.549s]   .ccm .cxxm .c++m .h .hh .h++ .hm .hpp .hxx .in .txx .f .F .for .f77 .f90
[1.549s]   .f95 .f03 .hip .ispc
[1.549s] 
[1.549s] [0m
[1.549s] [31mCMake Error at CMakeLists.txt:14 (add_executable):
[1.549s]   No SOURCES given to target: demo01_writer
[1.549s] 
[1.549s] [0m
[1.549s] [31mCMake Error at CMakeLists.txt:22 (add_executable):
[1.549s]   No SOURCES given to target: demo02_reader
[1.549s] 
[1.550s] [0m
[1.550s] [0mCMake Generate step failed.  Build files cannot be regenerated correctly.[0m
