[0.032s] Invoking command in '/home/tungchiahui/user/mysource/ros2src/5.opencv_demo_ws/build/opencv_demo1_show_image': CMAKE_PREFIX_PATH=/opt/ros/humble /usr/bin/cmake /home/tungchiahui/user/mysource/ros2src/5.opencv_demo_ws/src/opencv_demo1_show_image -DCMAKE_INSTALL_PREFIX=/home/tungchiahui/user/mysource/ros2src/5.opencv_demo_ws/install/opencv_demo1_show_image
[0.068s] -- The C compiler identification is GNU 11.4.0
[0.113s] -- The CXX compiler identification is GNU 11.4.0
[0.118s] -- Detecting C compiler ABI info
[0.162s] -- Detecting C compiler ABI info - done
[0.166s] -- Check for working C compiler: /usr/bin/cc - skipped
[0.166s] -- Detecting C compile features
[0.167s] -- Detecting C compile features - done
[0.168s] -- Detecting CXX compiler ABI info
[0.222s] -- Detecting CXX compiler ABI info - done
[0.227s] -- Check for working CXX compiler: /usr/bin/c++ - skipped
[0.227s] -- Detecting CXX compile features
[0.227s] -- Detecting CXX compile features - done
[0.228s] -- Found ament_cmake: 1.3.6 (/opt/ros/humble/share/ament_cmake/cmake)
[0.333s] -- Found Python3: /usr/bin/python3.10 (found version "3.10.12") found components: Interpreter 
[0.386s] -- Found rclcpp: 16.0.7 (/opt/ros/humble/share/rclcpp/cmake)
[0.411s] -- Found rosidl_generator_c: 3.1.5 (/opt/ros/humble/share/rosidl_generator_c/cmake)
[0.414s] -- Found rosidl_adapter: 3.1.5 (/opt/ros/humble/share/rosidl_adapter/cmake)
[0.420s] -- Found rosidl_generator_cpp: 3.1.5 (/opt/ros/humble/share/rosidl_generator_cpp/cmake)
[0.428s] -- Using all available rosidl_typesupport_c: rosidl_typesupport_fastrtps_c;rosidl_typesupport_introspection_c
[0.439s] -- Using all available rosidl_typesupport_cpp: rosidl_typesupport_fastrtps_cpp;rosidl_typesupport_introspection_cpp
[0.480s] -- Found rmw_implementation_cmake: 6.1.1 (/opt/ros/humble/share/rmw_implementation_cmake/cmake)
[0.482s] -- Found rmw_fastrtps_cpp: 6.2.5 (/opt/ros/humble/share/rmw_fastrtps_cpp/cmake)
[0.547s] -- Found OpenSSL: /usr/lib/x86_64-linux-gnu/libcrypto.so (found version "3.0.2")  
[0.564s] -- Found FastRTPS: /opt/ros/humble/include  
[0.594s] -- Using RMW implementation 'rmw_fastrtps_cpp' as default
[0.599s] -- Looking for pthread.h
[0.652s] -- Looking for pthread.h - found
[0.652s] -- Performing Test CMAKE_HAVE_LIBC_PTHREAD
[0.702s] -- Performing Test CMAKE_HAVE_LIBC_PTHREAD - Success
[0.703s] -- Found Threads: TRUE  
[0.818s] -- Found CUDA: /usr/local/cuda-11.8 (found suitable exact version "11.8") 
[0.825s] -- Found OpenCV: /usr/local/opencv-4.8.1 (found version "4.8.1") 
[0.826s] -- Found sensor_msgs: 4.2.3 (/opt/ros/humble/share/sensor_msgs/cmake)
[0.906s] -- Found cv_bridge: 3.2.1 (/opt/ros/humble/share/cv_bridge/cmake)
[0.912s] -- Found image_transport: 3.1.7 (/opt/ros/humble/share/image_transport/cmake)
[0.945s] -- Found ament_lint_auto: 0.12.9 (/opt/ros/humble/share/ament_lint_auto/cmake)
[0.993s] -- Added test 'cppcheck' to perform static code analysis on C / C++ code
[0.993s] -- Configured cppcheck include dirs: $<BUILD_INTERFACE:/home/tungchiahui/user/mysource/ros2src/5.opencv_demo_ws/src/opencv_demo1_show_image/include>
[0.993s] -- Configured cppcheck exclude dirs and/or files: 
[0.994s] -- Added test 'lint_cmake' to check CMake code style
[0.995s] -- Added test 'uncrustify' to check C / C++ code style
[0.995s] -- Configured uncrustify additional arguments: 
[0.995s] -- Added test 'xmllint' to check XML markup files
[0.996s] -- Configuring done
[1.016s] -- Generating done
[1.019s] -- Build files have been written to: /home/tungchiahui/user/mysource/ros2src/5.opencv_demo_ws/build/opencv_demo1_show_image
[1.030s] Invoked command in '/home/tungchiahui/user/mysource/ros2src/5.opencv_demo_ws/build/opencv_demo1_show_image' returned '0': CMAKE_PREFIX_PATH=/opt/ros/humble /usr/bin/cmake /home/tungchiahui/user/mysource/ros2src/5.opencv_demo_ws/src/opencv_demo1_show_image -DCMAKE_INSTALL_PREFIX=/home/tungchiahui/user/mysource/ros2src/5.opencv_demo_ws/install/opencv_demo1_show_image
[1.031s] Invoking command in '/home/tungchiahui/user/mysource/ros2src/5.opencv_demo_ws/build/opencv_demo1_show_image': CMAKE_PREFIX_PATH=/opt/ros/humble /usr/bin/cmake --build /home/tungchiahui/user/mysource/ros2src/5.opencv_demo_ws/build/opencv_demo1_show_image -- -j16 -l16
[1.067s] [ 50%] [32mBuilding CXX object CMakeFiles/show_image_CUDA.dir/src/show_image_CUDA.cpp.o[0m
[1.067s] [ 50%] [32mBuilding CXX object CMakeFiles/show_image_instantiation_node.dir/src/show_image_instantiation_node.cpp.o[0m
[1.067s] [ 50%] [32mBuilding CXX object CMakeFiles/show_image_inheritance_node.dir/src/show_image_inheritance_node.cpp.o[0m
[3.238s] [01m[K/home/tungchiahui/user/mysource/ros2src/5.opencv_demo_ws/src/opencv_demo1_show_image/src/show_image_CUDA.cpp:[m[K In member function ‘[01m[Kbool OpenCV_Node::Show_Image_GPU_CUDA()[m[K’:
[3.238s] [01m[K/home/tungchiahui/user/mysource/ros2src/5.opencv_demo_ws/src/opencv_demo1_show_image/src/show_image_CUDA.cpp:40:1:[m[K [01;35m[Kwarning: [m[Kno return statement in function returning non-void [[01;35m[K]8;;https://gcc.gnu.org/onlinedocs/gcc/Warning-Options.html#index-Wreturn-type-Wreturn-type]8;;[m[K]
[3.238s]    40 | [01;35m[K}[m[K
[3.238s]       | [01;35m[K^[m[K
[3.949s] [ 83%] [32m[1mLinking CXX executable show_image_instantiation_node[0m
[3.949s] [ 83%] [32m[1mLinking CXX executable show_image_CUDA[0m
[3.949s] [100%] [32m[1mLinking CXX executable show_image_inheritance_node[0m
[4.117s] [100%] Built target show_image_instantiation_node
[4.117s] [100%] Built target show_image_CUDA
[4.117s] [100%] Built target show_image_inheritance_node
[4.126s] Invoked command in '/home/tungchiahui/user/mysource/ros2src/5.opencv_demo_ws/build/opencv_demo1_show_image' returned '0': CMAKE_PREFIX_PATH=/opt/ros/humble /usr/bin/cmake --build /home/tungchiahui/user/mysource/ros2src/5.opencv_demo_ws/build/opencv_demo1_show_image -- -j16 -l16
[4.153s] Invoking command in '/home/tungchiahui/user/mysource/ros2src/5.opencv_demo_ws/build/opencv_demo1_show_image': CMAKE_PREFIX_PATH=/opt/ros/humble /usr/bin/cmake --install /home/tungchiahui/user/mysource/ros2src/5.opencv_demo_ws/build/opencv_demo1_show_image
[4.158s] -- Install configuration: ""
[4.159s] -- Installing: /home/tungchiahui/user/mysource/ros2src/5.opencv_demo_ws/install/opencv_demo1_show_image/lib/opencv_demo1_show_image/show_image_instantiation_node
[4.159s] -- Set runtime path of "/home/tungchiahui/user/mysource/ros2src/5.opencv_demo_ws/install/opencv_demo1_show_image/lib/opencv_demo1_show_image/show_image_instantiation_node" to ""
[4.160s] -- Installing: /home/tungchiahui/user/mysource/ros2src/5.opencv_demo_ws/install/opencv_demo1_show_image/lib/opencv_demo1_show_image/show_image_inheritance_node
[4.160s] -- Set runtime path of "/home/tungchiahui/user/mysource/ros2src/5.opencv_demo_ws/install/opencv_demo1_show_image/lib/opencv_demo1_show_image/show_image_inheritance_node" to ""
[4.160s] -- Installing: /home/tungchiahui/user/mysource/ros2src/5.opencv_demo_ws/install/opencv_demo1_show_image/lib/opencv_demo1_show_image/show_image_CUDA
[4.160s] -- Set runtime path of "/home/tungchiahui/user/mysource/ros2src/5.opencv_demo_ws/install/opencv_demo1_show_image/lib/opencv_demo1_show_image/show_image_CUDA" to ""
[4.160s] -- Installing: /home/tungchiahui/user/mysource/ros2src/5.opencv_demo_ws/install/opencv_demo1_show_image/share/ament_index/resource_index/package_run_dependencies/opencv_demo1_show_image
[4.161s] -- Installing: /home/tungchiahui/user/mysource/ros2src/5.opencv_demo_ws/install/opencv_demo1_show_image/share/ament_index/resource_index/parent_prefix_path/opencv_demo1_show_image
[4.161s] -- Installing: /home/tungchiahui/user/mysource/ros2src/5.opencv_demo_ws/install/opencv_demo1_show_image/share/opencv_demo1_show_image/environment/ament_prefix_path.sh
[4.161s] -- Installing: /home/tungchiahui/user/mysource/ros2src/5.opencv_demo_ws/install/opencv_demo1_show_image/share/opencv_demo1_show_image/environment/ament_prefix_path.dsv
[4.161s] -- Installing: /home/tungchiahui/user/mysource/ros2src/5.opencv_demo_ws/install/opencv_demo1_show_image/share/opencv_demo1_show_image/environment/path.sh
[4.161s] -- Installing: /home/tungchiahui/user/mysource/ros2src/5.opencv_demo_ws/install/opencv_demo1_show_image/share/opencv_demo1_show_image/environment/path.dsv
[4.161s] -- Installing: /home/tungchiahui/user/mysource/ros2src/5.opencv_demo_ws/install/opencv_demo1_show_image/share/opencv_demo1_show_image/local_setup.bash
[4.161s] -- Installing: /home/tungchiahui/user/mysource/ros2src/5.opencv_demo_ws/install/opencv_demo1_show_image/share/opencv_demo1_show_image/local_setup.sh
[4.161s] -- Installing: /home/tungchiahui/user/mysource/ros2src/5.opencv_demo_ws/install/opencv_demo1_show_image/share/opencv_demo1_show_image/local_setup.zsh
[4.161s] -- Installing: /home/tungchiahui/user/mysource/ros2src/5.opencv_demo_ws/install/opencv_demo1_show_image/share/opencv_demo1_show_image/local_setup.dsv
[4.161s] -- Installing: /home/tungchiahui/user/mysource/ros2src/5.opencv_demo_ws/install/opencv_demo1_show_image/share/opencv_demo1_show_image/package.dsv
[4.161s] -- Installing: /home/tungchiahui/user/mysource/ros2src/5.opencv_demo_ws/install/opencv_demo1_show_image/share/ament_index/resource_index/packages/opencv_demo1_show_image
[4.162s] -- Installing: /home/tungchiahui/user/mysource/ros2src/5.opencv_demo_ws/install/opencv_demo1_show_image/share/opencv_demo1_show_image/cmake/opencv_demo1_show_imageConfig.cmake
[4.162s] -- Installing: /home/tungchiahui/user/mysource/ros2src/5.opencv_demo_ws/install/opencv_demo1_show_image/share/opencv_demo1_show_image/cmake/opencv_demo1_show_imageConfig-version.cmake
[4.162s] -- Up-to-date: /home/tungchiahui/user/mysource/ros2src/5.opencv_demo_ws/install/opencv_demo1_show_image/share/opencv_demo1_show_image/package.xml
[4.163s] Invoked command in '/home/tungchiahui/user/mysource/ros2src/5.opencv_demo_ws/build/opencv_demo1_show_image' returned '0': CMAKE_PREFIX_PATH=/opt/ros/humble /usr/bin/cmake --install /home/tungchiahui/user/mysource/ros2src/5.opencv_demo_ws/build/opencv_demo1_show_image
