[0.008s] Invoking command in '/home/tungchiahui/mysource/ros2src/3.ws01_plumbing/build/cpp02_service': CMAKE_PREFIX_PATH=/home/tungchiahui/mysource/ros2src/3.ws01_plumbing/install/base_interfaces_demo:/home/tungchiahui/mysource/ros2src/3.ws01_plumbing/install/cpp02_service:/home/tungchiahui/mysource/ros2src/3.ws01_plumbing/install/cpp01_topic:/opt/ros/humble /usr/bin/cmake --build /home/tungchiahui/mysource/ros2src/3.ws01_plumbing/build/cpp02_service -- -j16 -l16
[0.032s] [35m[1mConsolidate compiler generated dependencies of target demo01_server[0m
[0.032s] [35m[1mConsolidate compiler generated dependencies of target demo02_client[0m
[0.044s] [ 50%] [32mBuilding CXX object CMakeFiles/demo02_client.dir/src/demo02_client.cpp.o[0m
[0.044s] [ 50%] [32mBuilding CXX object CMakeFiles/demo01_server.dir/src/demo01_server.cpp.o[0m
[2.431s] [ 75%] [32m[1mLinking CXX executable demo02_client[0m
[2.513s] [ 75%] Built target demo02_client
[2.777s] [100%] [32m[1mLinking CXX executable demo01_server[0m
[2.880s] [100%] Built target demo01_server
[2.888s] Invoked command in '/home/tungchiahui/mysource/ros2src/3.ws01_plumbing/build/cpp02_service' returned '0': CMAKE_PREFIX_PATH=/home/tungchiahui/mysource/ros2src/3.ws01_plumbing/install/base_interfaces_demo:/home/tungchiahui/mysource/ros2src/3.ws01_plumbing/install/cpp02_service:/home/tungchiahui/mysource/ros2src/3.ws01_plumbing/install/cpp01_topic:/opt/ros/humble /usr/bin/cmake --build /home/tungchiahui/mysource/ros2src/3.ws01_plumbing/build/cpp02_service -- -j16 -l16
[2.907s] Invoking command in '/home/tungchiahui/mysource/ros2src/3.ws01_plumbing/build/cpp02_service': CMAKE_PREFIX_PATH=/home/tungchiahui/mysource/ros2src/3.ws01_plumbing/install/base_interfaces_demo:/home/tungchiahui/mysource/ros2src/3.ws01_plumbing/install/cpp02_service:/home/tungchiahui/mysource/ros2src/3.ws01_plumbing/install/cpp01_topic:/opt/ros/humble /usr/bin/cmake --install /home/tungchiahui/mysource/ros2src/3.ws01_plumbing/build/cpp02_service
[2.913s] -- Install configuration: ""
[2.914s] -- Installing: /home/tungchiahui/mysource/ros2src/3.ws01_plumbing/install/cpp02_service/lib/cpp02_service/demo01_server
[2.914s] -- Set runtime path of "/home/tungchiahui/mysource/ros2src/3.ws01_plumbing/install/cpp02_service/lib/cpp02_service/demo01_server" to ""
[2.914s] -- Installing: /home/tungchiahui/mysource/ros2src/3.ws01_plumbing/install/cpp02_service/lib/cpp02_service/demo02_client
[2.915s] -- Set runtime path of "/home/tungchiahui/mysource/ros2src/3.ws01_plumbing/install/cpp02_service/lib/cpp02_service/demo02_client" to ""
[2.915s] -- Up-to-date: /home/tungchiahui/mysource/ros2src/3.ws01_plumbing/install/cpp02_service/share/ament_index/resource_index/package_run_dependencies/cpp02_service
[2.915s] -- Up-to-date: /home/tungchiahui/mysource/ros2src/3.ws01_plumbing/install/cpp02_service/share/ament_index/resource_index/parent_prefix_path/cpp02_service
[2.915s] -- Up-to-date: /home/tungchiahui/mysource/ros2src/3.ws01_plumbing/install/cpp02_service/share/cpp02_service/environment/ament_prefix_path.sh
[2.915s] -- Up-to-date: /home/tungchiahui/mysource/ros2src/3.ws01_plumbing/install/cpp02_service/share/cpp02_service/environment/ament_prefix_path.dsv
[2.915s] -- Up-to-date: /home/tungchiahui/mysource/ros2src/3.ws01_plumbing/install/cpp02_service/share/cpp02_service/environment/path.sh
[2.915s] -- Up-to-date: /home/tungchiahui/mysource/ros2src/3.ws01_plumbing/install/cpp02_service/share/cpp02_service/environment/path.dsv
[2.915s] -- Up-to-date: /home/tungchiahui/mysource/ros2src/3.ws01_plumbing/install/cpp02_service/share/cpp02_service/local_setup.bash
[2.915s] -- Up-to-date: /home/tungchiahui/mysource/ros2src/3.ws01_plumbing/install/cpp02_service/share/cpp02_service/local_setup.sh
[2.915s] -- Up-to-date: /home/tungchiahui/mysource/ros2src/3.ws01_plumbing/install/cpp02_service/share/cpp02_service/local_setup.zsh
[2.915s] -- Up-to-date: /home/tungchiahui/mysource/ros2src/3.ws01_plumbing/install/cpp02_service/share/cpp02_service/local_setup.dsv
[2.915s] -- Installing: /home/tungchiahui/mysource/ros2src/3.ws01_plumbing/install/cpp02_service/share/cpp02_service/package.dsv
[2.915s] -- Up-to-date: /home/tungchiahui/mysource/ros2src/3.ws01_plumbing/install/cpp02_service/share/ament_index/resource_index/packages/cpp02_service
[2.915s] -- Up-to-date: /home/tungchiahui/mysource/ros2src/3.ws01_plumbing/install/cpp02_service/share/cpp02_service/cmake/cpp02_serviceConfig.cmake
[2.915s] -- Up-to-date: /home/tungchiahui/mysource/ros2src/3.ws01_plumbing/install/cpp02_service/share/cpp02_service/cmake/cpp02_serviceConfig-version.cmake
[2.915s] -- Up-to-date: /home/tungchiahui/mysource/ros2src/3.ws01_plumbing/install/cpp02_service/share/cpp02_service/package.xml
[2.918s] Invoked command in '/home/tungchiahui/mysource/ros2src/3.ws01_plumbing/build/cpp02_service' returned '0': CMAKE_PREFIX_PATH=/home/tungchiahui/mysource/ros2src/3.ws01_plumbing/install/base_interfaces_demo:/home/tungchiahui/mysource/ros2src/3.ws01_plumbing/install/cpp02_service:/home/tungchiahui/mysource/ros2src/3.ws01_plumbing/install/cpp01_topic:/opt/ros/humble /usr/bin/cmake --install /home/tungchiahui/mysource/ros2src/3.ws01_plumbing/build/cpp02_service
