[0.668s] Invoking command in '/home/tungchiahui/mysource/ros2src/2.example_ws/src/ros2_21_tutorials/learning_service': AMENT_PREFIX_PATH=/home/tungchiahui/mysource/ros2src/2.example_ws/install/learning_interface:${AMENT_PREFIX_PATH} CMAKE_PREFIX_PATH=/home/tungchiahui/mysource/ros2src/2.example_ws/install/learning_interface LD_LIBRARY_PATH=/home/tungchiahui/mysource/ros2src/2.example_ws/install/learning_interface/lib:${LD_LIBRARY_PATH} PYTHONPATH=/home/tungchiahui/mysource/ros2src/2.example_ws/build/learning_service/prefix_override:/home/tungchiahui/mysource/ros2src/2.example_ws/install/learning_service/lib/python3.10/site-packages:/home/tungchiahui/mysource/ros2src/2.example_ws/install/learning_interface/local/lib/python3.10/dist-packages:${PYTHONPATH} /usr/bin/python3 setup.py egg_info --egg-base ../../../build/learning_service build --build-base /home/tungchiahui/mysource/ros2src/2.example_ws/build/learning_service/build install --record /home/tungchiahui/mysource/ros2src/2.example_ws/build/learning_service/install.log --single-version-externally-managed
[0.806s] running egg_info
[0.806s] creating ../../../build/learning_service/learning_service.egg-info
[0.806s] writing ../../../build/learning_service/learning_service.egg-info/PKG-INFO
[0.807s] writing dependency_links to ../../../build/learning_service/learning_service.egg-info/dependency_links.txt
[0.807s] writing entry points to ../../../build/learning_service/learning_service.egg-info/entry_points.txt
[0.807s] writing requirements to ../../../build/learning_service/learning_service.egg-info/requires.txt
[0.807s] writing top-level names to ../../../build/learning_service/learning_service.egg-info/top_level.txt
[0.807s] writing manifest file '../../../build/learning_service/learning_service.egg-info/SOURCES.txt'
[0.808s] reading manifest file '../../../build/learning_service/learning_service.egg-info/SOURCES.txt'
[0.808s] writing manifest file '../../../build/learning_service/learning_service.egg-info/SOURCES.txt'
[0.808s] running build
[0.808s] running build_py
[0.809s] creating /home/tungchiahui/mysource/ros2src/2.example_ws/build/learning_service/build
[0.809s] creating /home/tungchiahui/mysource/ros2src/2.example_ws/build/learning_service/build/lib
[0.809s] creating /home/tungchiahui/mysource/ros2src/2.example_ws/build/learning_service/build/lib/learning_service
[0.809s] copying learning_service/service_object_server.py -> /home/tungchiahui/mysource/ros2src/2.example_ws/build/learning_service/build/lib/learning_service
[0.809s] copying learning_service/__init__.py -> /home/tungchiahui/mysource/ros2src/2.example_ws/build/learning_service/build/lib/learning_service
[0.809s] copying learning_service/service_object_client.py -> /home/tungchiahui/mysource/ros2src/2.example_ws/build/learning_service/build/lib/learning_service
[0.809s] copying learning_service/service_adder_client.py -> /home/tungchiahui/mysource/ros2src/2.example_ws/build/learning_service/build/lib/learning_service
[0.809s] copying learning_service/service_adder_server.py -> /home/tungchiahui/mysource/ros2src/2.example_ws/build/learning_service/build/lib/learning_service
[0.809s] /usr/lib/python3/dist-packages/setuptools/command/install.py:34: SetuptoolsDeprecationWarning: setup.py install is deprecated. Use build and pip and other standards-based tools.
[0.809s]   warnings.warn(
[0.809s] running install
[0.809s] running install_lib
[0.810s] creating /home/tungchiahui/mysource/ros2src/2.example_ws/install/learning_service/lib/python3.10/site-packages/learning_service
[0.810s] copying /home/tungchiahui/mysource/ros2src/2.example_ws/build/learning_service/build/lib/learning_service/service_object_server.py -> /home/tungchiahui/mysource/ros2src/2.example_ws/install/learning_service/lib/python3.10/site-packages/learning_service
[0.810s] copying /home/tungchiahui/mysource/ros2src/2.example_ws/build/learning_service/build/lib/learning_service/__init__.py -> /home/tungchiahui/mysource/ros2src/2.example_ws/install/learning_service/lib/python3.10/site-packages/learning_service
[0.810s] copying /home/tungchiahui/mysource/ros2src/2.example_ws/build/learning_service/build/lib/learning_service/service_object_client.py -> /home/tungchiahui/mysource/ros2src/2.example_ws/install/learning_service/lib/python3.10/site-packages/learning_service
[0.810s] copying /home/tungchiahui/mysource/ros2src/2.example_ws/build/learning_service/build/lib/learning_service/service_adder_client.py -> /home/tungchiahui/mysource/ros2src/2.example_ws/install/learning_service/lib/python3.10/site-packages/learning_service
[0.810s] copying /home/tungchiahui/mysource/ros2src/2.example_ws/build/learning_service/build/lib/learning_service/service_adder_server.py -> /home/tungchiahui/mysource/ros2src/2.example_ws/install/learning_service/lib/python3.10/site-packages/learning_service
[0.810s] byte-compiling /home/tungchiahui/mysource/ros2src/2.example_ws/install/learning_service/lib/python3.10/site-packages/learning_service/service_object_server.py to service_object_server.cpython-310.pyc
[0.811s] byte-compiling /home/tungchiahui/mysource/ros2src/2.example_ws/install/learning_service/lib/python3.10/site-packages/learning_service/__init__.py to __init__.cpython-310.pyc
[0.811s] byte-compiling /home/tungchiahui/mysource/ros2src/2.example_ws/install/learning_service/lib/python3.10/site-packages/learning_service/service_object_client.py to service_object_client.cpython-310.pyc
[0.811s] byte-compiling /home/tungchiahui/mysource/ros2src/2.example_ws/install/learning_service/lib/python3.10/site-packages/learning_service/service_adder_client.py to service_adder_client.cpython-310.pyc
[0.812s] byte-compiling /home/tungchiahui/mysource/ros2src/2.example_ws/install/learning_service/lib/python3.10/site-packages/learning_service/service_adder_server.py to service_adder_server.cpython-310.pyc
[0.812s] running install_data
[0.812s] creating /home/tungchiahui/mysource/ros2src/2.example_ws/install/learning_service/share/ament_index
[0.812s] creating /home/tungchiahui/mysource/ros2src/2.example_ws/install/learning_service/share/ament_index/resource_index
[0.812s] creating /home/tungchiahui/mysource/ros2src/2.example_ws/install/learning_service/share/ament_index/resource_index/packages
[0.812s] copying resource/learning_service -> /home/tungchiahui/mysource/ros2src/2.example_ws/install/learning_service/share/ament_index/resource_index/packages
[0.812s] copying package.xml -> /home/tungchiahui/mysource/ros2src/2.example_ws/install/learning_service/share/learning_service
[0.813s] running install_egg_info
[0.813s] Copying ../../../build/learning_service/learning_service.egg-info to /home/tungchiahui/mysource/ros2src/2.example_ws/install/learning_service/lib/python3.10/site-packages/learning_service-0.0.0-py3.10.egg-info
[0.813s] running install_scripts
[0.827s] Installing service_adder_client script to /home/tungchiahui/mysource/ros2src/2.example_ws/install/learning_service/lib/learning_service
[0.827s] Installing service_adder_server script to /home/tungchiahui/mysource/ros2src/2.example_ws/install/learning_service/lib/learning_service
[0.827s] Installing service_object_client script to /home/tungchiahui/mysource/ros2src/2.example_ws/install/learning_service/lib/learning_service
[0.827s] Installing service_object_server script to /home/tungchiahui/mysource/ros2src/2.example_ws/install/learning_service/lib/learning_service
[0.827s] writing list of installed files to '/home/tungchiahui/mysource/ros2src/2.example_ws/build/learning_service/install.log'
[0.854s] Invoked command in '/home/tungchiahui/mysource/ros2src/2.example_ws/src/ros2_21_tutorials/learning_service' returned '0': AMENT_PREFIX_PATH=/home/tungchiahui/mysource/ros2src/2.example_ws/install/learning_interface:${AMENT_PREFIX_PATH} CMAKE_PREFIX_PATH=/home/tungchiahui/mysource/ros2src/2.example_ws/install/learning_interface LD_LIBRARY_PATH=/home/tungchiahui/mysource/ros2src/2.example_ws/install/learning_interface/lib:${LD_LIBRARY_PATH} PYTHONPATH=/home/tungchiahui/mysource/ros2src/2.example_ws/build/learning_service/prefix_override:/home/tungchiahui/mysource/ros2src/2.example_ws/install/learning_service/lib/python3.10/site-packages:/home/tungchiahui/mysource/ros2src/2.example_ws/install/learning_interface/local/lib/python3.10/dist-packages:${PYTHONPATH} /usr/bin/python3 setup.py egg_info --egg-base ../../../build/learning_service build --build-base /home/tungchiahui/mysource/ros2src/2.example_ws/build/learning_service/build install --record /home/tungchiahui/mysource/ros2src/2.example_ws/build/learning_service/install.log --single-version-externally-managed
