[0.078s] Invoking command in '/home/tungchiahui/user/mysource/ros2src/5.opencv_demo_ws/build/opencv_demo3_0_save_media_file': CMAKE_PREFIX_PATH=${CMAKE_PREFIX_PATH}:/opt/ros/humble /usr/bin/cmake --build /home/tungchiahui/user/mysource/ros2src/5.opencv_demo_ws/build/opencv_demo3_0_save_media_file -- -j16 -l16
[0.110s] [ 16%] [32mBuilding CXX object CMakeFiles/opencv_save_video_node.dir/src/opencv_save_video_node.cpp.o[0m
[0.114s] [ 50%] Built target opencv_save_image_node
[0.114s] [ 83%] Built target opencv_save_image_in_video_node
[2.635s] [100%] [32m[1mLinking CXX executable opencv_save_video_node[0m
[2.832s] [100%] Built target opencv_save_video_node
[2.840s] Invoked command in '/home/tungchiahui/user/mysource/ros2src/5.opencv_demo_ws/build/opencv_demo3_0_save_media_file' returned '0': CMAKE_PREFIX_PATH=${CMAKE_PREFIX_PATH}:/opt/ros/humble /usr/bin/cmake --build /home/tungchiahui/user/mysource/ros2src/5.opencv_demo_ws/build/opencv_demo3_0_save_media_file -- -j16 -l16
[2.861s] Invoking command in '/home/tungchiahui/user/mysource/ros2src/5.opencv_demo_ws/build/opencv_demo3_0_save_media_file': CMAKE_PREFIX_PATH=${CMAKE_PREFIX_PATH}:/opt/ros/humble /usr/bin/cmake --install /home/tungchiahui/user/mysource/ros2src/5.opencv_demo_ws/build/opencv_demo3_0_save_media_file
[2.867s] -- Install configuration: ""
[2.867s] -- Installing: /home/tungchiahui/user/mysource/ros2src/5.opencv_demo_ws/install/opencv_demo3_0_save_media_file/lib/opencv_demo3_0_save_media_file/opencv_save_image_node
[2.867s] -- Set runtime path of "/home/tungchiahui/user/mysource/ros2src/5.opencv_demo_ws/install/opencv_demo3_0_save_media_file/lib/opencv_demo3_0_save_media_file/opencv_save_image_node" to ""
[2.867s] -- Installing: /home/tungchiahui/user/mysource/ros2src/5.opencv_demo_ws/install/opencv_demo3_0_save_media_file/lib/opencv_demo3_0_save_media_file/opencv_save_image_in_video_node
[2.867s] -- Set runtime path of "/home/tungchiahui/user/mysource/ros2src/5.opencv_demo_ws/install/opencv_demo3_0_save_media_file/lib/opencv_demo3_0_save_media_file/opencv_save_image_in_video_node" to ""
[2.867s] -- Installing: /home/tungchiahui/user/mysource/ros2src/5.opencv_demo_ws/install/opencv_demo3_0_save_media_file/lib/opencv_demo3_0_save_media_file/opencv_save_video_node
[2.867s] -- Set runtime path of "/home/tungchiahui/user/mysource/ros2src/5.opencv_demo_ws/install/opencv_demo3_0_save_media_file/lib/opencv_demo3_0_save_media_file/opencv_save_video_node" to ""
[2.867s] -- Installing: /home/tungchiahui/user/mysource/ros2src/5.opencv_demo_ws/install/opencv_demo3_0_save_media_file/share/ament_index/resource_index/package_run_dependencies/opencv_demo3_0_save_media_file
[2.868s] -- Installing: /home/tungchiahui/user/mysource/ros2src/5.opencv_demo_ws/install/opencv_demo3_0_save_media_file/share/ament_index/resource_index/parent_prefix_path/opencv_demo3_0_save_media_file
[2.868s] -- Installing: /home/tungchiahui/user/mysource/ros2src/5.opencv_demo_ws/install/opencv_demo3_0_save_media_file/share/opencv_demo3_0_save_media_file/environment/ament_prefix_path.sh
[2.868s] -- Installing: /home/tungchiahui/user/mysource/ros2src/5.opencv_demo_ws/install/opencv_demo3_0_save_media_file/share/opencv_demo3_0_save_media_file/environment/ament_prefix_path.dsv
[2.868s] -- Installing: /home/tungchiahui/user/mysource/ros2src/5.opencv_demo_ws/install/opencv_demo3_0_save_media_file/share/opencv_demo3_0_save_media_file/environment/path.sh
[2.868s] -- Installing: /home/tungchiahui/user/mysource/ros2src/5.opencv_demo_ws/install/opencv_demo3_0_save_media_file/share/opencv_demo3_0_save_media_file/environment/path.dsv
[2.868s] -- Installing: /home/tungchiahui/user/mysource/ros2src/5.opencv_demo_ws/install/opencv_demo3_0_save_media_file/share/opencv_demo3_0_save_media_file/local_setup.bash
[2.868s] -- Installing: /home/tungchiahui/user/mysource/ros2src/5.opencv_demo_ws/install/opencv_demo3_0_save_media_file/share/opencv_demo3_0_save_media_file/local_setup.sh
[2.868s] -- Installing: /home/tungchiahui/user/mysource/ros2src/5.opencv_demo_ws/install/opencv_demo3_0_save_media_file/share/opencv_demo3_0_save_media_file/local_setup.zsh
[2.868s] -- Installing: /home/tungchiahui/user/mysource/ros2src/5.opencv_demo_ws/install/opencv_demo3_0_save_media_file/share/opencv_demo3_0_save_media_file/local_setup.dsv
[2.868s] -- Installing: /home/tungchiahui/user/mysource/ros2src/5.opencv_demo_ws/install/opencv_demo3_0_save_media_file/share/opencv_demo3_0_save_media_file/package.dsv
[2.868s] -- Installing: /home/tungchiahui/user/mysource/ros2src/5.opencv_demo_ws/install/opencv_demo3_0_save_media_file/share/ament_index/resource_index/packages/opencv_demo3_0_save_media_file
[2.868s] -- Installing: /home/tungchiahui/user/mysource/ros2src/5.opencv_demo_ws/install/opencv_demo3_0_save_media_file/share/opencv_demo3_0_save_media_file/cmake/opencv_demo3_0_save_media_fileConfig.cmake
[2.868s] -- Installing: /home/tungchiahui/user/mysource/ros2src/5.opencv_demo_ws/install/opencv_demo3_0_save_media_file/share/opencv_demo3_0_save_media_file/cmake/opencv_demo3_0_save_media_fileConfig-version.cmake
[2.868s] -- Installing: /home/tungchiahui/user/mysource/ros2src/5.opencv_demo_ws/install/opencv_demo3_0_save_media_file/share/opencv_demo3_0_save_media_file/package.xml
[2.870s] Invoked command in '/home/tungchiahui/user/mysource/ros2src/5.opencv_demo_ws/build/opencv_demo3_0_save_media_file' returned '0': CMAKE_PREFIX_PATH=${CMAKE_PREFIX_PATH}:/opt/ros/humble /usr/bin/cmake --install /home/tungchiahui/user/mysource/ros2src/5.opencv_demo_ws/build/opencv_demo3_0_save_media_file
