[0.013s] Invoking command in '/home/tungchiahui/mysource/ros2src/3.ws01_plumbing/build/cpp06_time': CMAKE_PREFIX_PATH=${CMAKE_PREFIX_PATH}:/opt/ros/humble /usr/bin/cmake --build /home/tungchiahui/mysource/ros2src/3.ws01_plumbing/build/cpp06_time -- -j16 -l16
[0.037s] [35m[1mConsolidate compiler generated dependencies of target demo01_time[0m
[0.051s] [ 50%] [32mBuilding CXX object CMakeFiles/demo01_time.dir/src/demo01_time.cpp.o[0m
[2.249s] [100%] [32m[1mLinking CXX executable demo01_time[0m
[2.313s] [100%] Built target demo01_time
[2.320s] Invoked command in '/home/tungchiahui/mysource/ros2src/3.ws01_plumbing/build/cpp06_time' returned '0': CMAKE_PREFIX_PATH=${CMAKE_PREFIX_PATH}:/opt/ros/humble /usr/bin/cmake --build /home/tungchiahui/mysource/ros2src/3.ws01_plumbing/build/cpp06_time -- -j16 -l16
[2.340s] Invoking command in '/home/tungchiahui/mysource/ros2src/3.ws01_plumbing/build/cpp06_time': CMAKE_PREFIX_PATH=${CMAKE_PREFIX_PATH}:/opt/ros/humble /usr/bin/cmake --install /home/tungchiahui/mysource/ros2src/3.ws01_plumbing/build/cpp06_time
[2.344s] -- Install configuration: ""
[2.344s] -- Installing: /home/tungchiahui/mysource/ros2src/3.ws01_plumbing/install/cpp06_time/lib/cpp06_time/demo01_time
[2.344s] -- Set runtime path of "/home/tungchiahui/mysource/ros2src/3.ws01_plumbing/install/cpp06_time/lib/cpp06_time/demo01_time" to ""
[2.344s] -- Up-to-date: /home/tungchiahui/mysource/ros2src/3.ws01_plumbing/install/cpp06_time/share/ament_index/resource_index/package_run_dependencies/cpp06_time
[2.345s] -- Up-to-date: /home/tungchiahui/mysource/ros2src/3.ws01_plumbing/install/cpp06_time/share/ament_index/resource_index/parent_prefix_path/cpp06_time
[2.345s] -- Up-to-date: /home/tungchiahui/mysource/ros2src/3.ws01_plumbing/install/cpp06_time/share/cpp06_time/environment/ament_prefix_path.sh
[2.345s] -- Up-to-date: /home/tungchiahui/mysource/ros2src/3.ws01_plumbing/install/cpp06_time/share/cpp06_time/environment/ament_prefix_path.dsv
[2.345s] -- Up-to-date: /home/tungchiahui/mysource/ros2src/3.ws01_plumbing/install/cpp06_time/share/cpp06_time/environment/path.sh
[2.345s] -- Up-to-date: /home/tungchiahui/mysource/ros2src/3.ws01_plumbing/install/cpp06_time/share/cpp06_time/environment/path.dsv
[2.345s] -- Up-to-date: /home/tungchiahui/mysource/ros2src/3.ws01_plumbing/install/cpp06_time/share/cpp06_time/local_setup.bash
[2.345s] -- Up-to-date: /home/tungchiahui/mysource/ros2src/3.ws01_plumbing/install/cpp06_time/share/cpp06_time/local_setup.sh
[2.345s] -- Up-to-date: /home/tungchiahui/mysource/ros2src/3.ws01_plumbing/install/cpp06_time/share/cpp06_time/local_setup.zsh
[2.345s] -- Up-to-date: /home/tungchiahui/mysource/ros2src/3.ws01_plumbing/install/cpp06_time/share/cpp06_time/local_setup.dsv
[2.345s] -- Installing: /home/tungchiahui/mysource/ros2src/3.ws01_plumbing/install/cpp06_time/share/cpp06_time/package.dsv
[2.345s] -- Up-to-date: /home/tungchiahui/mysource/ros2src/3.ws01_plumbing/install/cpp06_time/share/ament_index/resource_index/packages/cpp06_time
[2.345s] -- Up-to-date: /home/tungchiahui/mysource/ros2src/3.ws01_plumbing/install/cpp06_time/share/cpp06_time/cmake/cpp06_timeConfig.cmake
[2.345s] -- Up-to-date: /home/tungchiahui/mysource/ros2src/3.ws01_plumbing/install/cpp06_time/share/cpp06_time/cmake/cpp06_timeConfig-version.cmake
[2.345s] -- Up-to-date: /home/tungchiahui/mysource/ros2src/3.ws01_plumbing/install/cpp06_time/share/cpp06_time/package.xml
[2.346s] Invoked command in '/home/tungchiahui/mysource/ros2src/3.ws01_plumbing/build/cpp06_time' returned '0': CMAKE_PREFIX_PATH=${CMAKE_PREFIX_PATH}:/opt/ros/humble /usr/bin/cmake --install /home/tungchiahui/mysource/ros2src/3.ws01_plumbing/build/cpp06_time
