[0.046s] Invoking command in '/home/tungchiahui/user/mysource/ros2src/5.opencv_demo_ws/build/opencv_demo3_1_color_space': CMAKE_PREFIX_PATH=${CMAKE_PREFIX_PATH}:/opt/ros/humble /usr/bin/cmake --build /home/tungchiahui/user/mysource/ros2src/5.opencv_demo_ws/build/opencv_demo3_1_color_space -- -j16 -l16
[0.061s] -- Found ament_cmake: 1.3.6 (/opt/ros/humble/share/ament_cmake/cmake)
[0.155s] -- Found rclcpp: 16.0.7 (/opt/ros/humble/share/rclcpp/cmake)
[0.174s] -- Found rosidl_generator_c: 3.1.5 (/opt/ros/humble/share/rosidl_generator_c/cmake)
[0.176s] -- Found rosidl_adapter: 3.1.5 (/opt/ros/humble/share/rosidl_adapter/cmake)
[0.179s] -- Found rosidl_generator_cpp: 3.1.5 (/opt/ros/humble/share/rosidl_generator_cpp/cmake)
[0.186s] -- Using all available rosidl_typesupport_c: rosidl_typesupport_fastrtps_c;rosidl_typesupport_introspection_c
[0.196s] -- Using all available rosidl_typesupport_cpp: rosidl_typesupport_fastrtps_cpp;rosidl_typesupport_introspection_cpp
[0.248s] -- Found rmw_implementation_cmake: 6.1.1 (/opt/ros/humble/share/rmw_implementation_cmake/cmake)
[0.249s] -- Found rmw_fastrtps_cpp: 6.2.5 (/opt/ros/humble/share/rmw_fastrtps_cpp/cmake)
[0.330s] -- Using RMW implementation 'rmw_fastrtps_cpp' as default
[0.435s] -- Found sensor_msgs: 4.2.3 (/opt/ros/humble/share/sensor_msgs/cmake)
[0.510s] -- Found cv_bridge: 3.2.1 (/opt/ros/humble/share/cv_bridge/cmake)
[0.516s] -- Found image_transport: 3.1.7 (/opt/ros/humble/share/image_transport/cmake)
[0.540s] -- Found ament_lint_auto: 0.12.9 (/opt/ros/humble/share/ament_lint_auto/cmake)
[0.581s] -- Added test 'cppcheck' to perform static code analysis on C / C++ code
[0.581s] -- Configured cppcheck include dirs: $<BUILD_INTERFACE:/home/tungchiahui/user/mysource/ros2src/5.opencv_demo_ws/src/opencv_demo3_1_color_space/include>
[0.581s] -- Configured cppcheck exclude dirs and/or files: 
[0.582s] -- Added test 'lint_cmake' to check CMake code style
[0.582s] -- Added test 'uncrustify' to check C / C++ code style
[0.582s] -- Configured uncrustify additional arguments: 
[0.582s] -- Added test 'xmllint' to check XML markup files
[0.583s] -- Configuring done
[0.594s] -- Generating done
[0.595s] -- Build files have been written to: /home/tungchiahui/user/mysource/ros2src/5.opencv_demo_ws/build/opencv_demo3_1_color_space
[0.617s] [35m[1mConsolidate compiler generated dependencies of target image_split_and_merge_node[0m
[0.617s] [35m[1mConsolidate compiler generated dependencies of target imgae_convert_color_space[0m
[0.630s] [ 50%] [32mBuilding CXX object CMakeFiles/imgae_convert_color_space.dir/src/imgae_convert_color_space.cpp.o[0m
[0.630s] [ 75%] Built target image_split_and_merge_node
[3.059s] [100%] [32m[1mLinking CXX executable imgae_convert_color_space[0m
[3.177s] [100%] Built target imgae_convert_color_space
[3.185s] Invoked command in '/home/tungchiahui/user/mysource/ros2src/5.opencv_demo_ws/build/opencv_demo3_1_color_space' returned '0': CMAKE_PREFIX_PATH=${CMAKE_PREFIX_PATH}:/opt/ros/humble /usr/bin/cmake --build /home/tungchiahui/user/mysource/ros2src/5.opencv_demo_ws/build/opencv_demo3_1_color_space -- -j16 -l16
[3.203s] Invoking command in '/home/tungchiahui/user/mysource/ros2src/5.opencv_demo_ws/build/opencv_demo3_1_color_space': CMAKE_PREFIX_PATH=${CMAKE_PREFIX_PATH}:/opt/ros/humble /usr/bin/cmake --install /home/tungchiahui/user/mysource/ros2src/5.opencv_demo_ws/build/opencv_demo3_1_color_space
[3.209s] -- Install configuration: ""
[3.209s] -- Up-to-date: /home/tungchiahui/user/mysource/ros2src/5.opencv_demo_ws/install/opencv_demo3_1_color_space/lib/opencv_demo3_1_color_space/image_split_and_merge_node
[3.209s] -- Installing: /home/tungchiahui/user/mysource/ros2src/5.opencv_demo_ws/install/opencv_demo3_1_color_space/lib/opencv_demo3_1_color_space/imgae_convert_color_space
[3.209s] -- Set runtime path of "/home/tungchiahui/user/mysource/ros2src/5.opencv_demo_ws/install/opencv_demo3_1_color_space/lib/opencv_demo3_1_color_space/imgae_convert_color_space" to ""
[3.209s] -- Up-to-date: /home/tungchiahui/user/mysource/ros2src/5.opencv_demo_ws/install/opencv_demo3_1_color_space/share/ament_index/resource_index/package_run_dependencies/opencv_demo3_1_color_space
[3.210s] -- Installing: /home/tungchiahui/user/mysource/ros2src/5.opencv_demo_ws/install/opencv_demo3_1_color_space/share/ament_index/resource_index/parent_prefix_path/opencv_demo3_1_color_space
[3.210s] -- Up-to-date: /home/tungchiahui/user/mysource/ros2src/5.opencv_demo_ws/install/opencv_demo3_1_color_space/share/opencv_demo3_1_color_space/environment/ament_prefix_path.sh
[3.210s] -- Installing: /home/tungchiahui/user/mysource/ros2src/5.opencv_demo_ws/install/opencv_demo3_1_color_space/share/opencv_demo3_1_color_space/environment/ament_prefix_path.dsv
[3.210s] -- Up-to-date: /home/tungchiahui/user/mysource/ros2src/5.opencv_demo_ws/install/opencv_demo3_1_color_space/share/opencv_demo3_1_color_space/environment/path.sh
[3.210s] -- Installing: /home/tungchiahui/user/mysource/ros2src/5.opencv_demo_ws/install/opencv_demo3_1_color_space/share/opencv_demo3_1_color_space/environment/path.dsv
[3.210s] -- Up-to-date: /home/tungchiahui/user/mysource/ros2src/5.opencv_demo_ws/install/opencv_demo3_1_color_space/share/opencv_demo3_1_color_space/local_setup.bash
[3.210s] -- Up-to-date: /home/tungchiahui/user/mysource/ros2src/5.opencv_demo_ws/install/opencv_demo3_1_color_space/share/opencv_demo3_1_color_space/local_setup.sh
[3.210s] -- Up-to-date: /home/tungchiahui/user/mysource/ros2src/5.opencv_demo_ws/install/opencv_demo3_1_color_space/share/opencv_demo3_1_color_space/local_setup.zsh
[3.210s] -- Installing: /home/tungchiahui/user/mysource/ros2src/5.opencv_demo_ws/install/opencv_demo3_1_color_space/share/opencv_demo3_1_color_space/local_setup.dsv
[3.210s] -- Installing: /home/tungchiahui/user/mysource/ros2src/5.opencv_demo_ws/install/opencv_demo3_1_color_space/share/opencv_demo3_1_color_space/package.dsv
[3.210s] -- Up-to-date: /home/tungchiahui/user/mysource/ros2src/5.opencv_demo_ws/install/opencv_demo3_1_color_space/share/ament_index/resource_index/packages/opencv_demo3_1_color_space
[3.210s] -- Up-to-date: /home/tungchiahui/user/mysource/ros2src/5.opencv_demo_ws/install/opencv_demo3_1_color_space/share/opencv_demo3_1_color_space/cmake/opencv_demo3_1_color_spaceConfig.cmake
[3.210s] -- Up-to-date: /home/tungchiahui/user/mysource/ros2src/5.opencv_demo_ws/install/opencv_demo3_1_color_space/share/opencv_demo3_1_color_space/cmake/opencv_demo3_1_color_spaceConfig-version.cmake
[3.210s] -- Up-to-date: /home/tungchiahui/user/mysource/ros2src/5.opencv_demo_ws/install/opencv_demo3_1_color_space/share/opencv_demo3_1_color_space/package.xml
[3.211s] Invoked command in '/home/tungchiahui/user/mysource/ros2src/5.opencv_demo_ws/build/opencv_demo3_1_color_space' returned '0': CMAKE_PREFIX_PATH=${CMAKE_PREFIX_PATH}:/opt/ros/humble /usr/bin/cmake --install /home/tungchiahui/user/mysource/ros2src/5.opencv_demo_ws/build/opencv_demo3_1_color_space
