-- Install configuration: ""
-- Up-to-date: /home/tungchiahui/UserFloder/mysource/ROS/ROS2_WS/7.ws_navigation/install/mycar_slam_cartographer/share/mycar_slam_cartographer/launch
-- Up-to-date: /home/tungchiahui/UserFloder/mysource/ROS/ROS2_WS/7.ws_navigation/install/mycar_slam_cartographer/share/mycar_slam_cartographer/launch/cartographer.launch.py
-- Up-to-date: /home/tungchiahui/UserFloder/mysource/ROS/ROS2_WS/7.ws_navigation/install/mycar_slam_cartographer/share/mycar_slam_cartographer/params
-- Up-to-date: /home/tungchiahui/UserFloder/mysource/ROS/ROS2_WS/7.ws_navigation/install/mycar_slam_cartographer/share/mycar_slam_cartographer/params/mycar.lua
-- Up-to-date: /home/tungchiahui/UserFloder/mysource/ROS/ROS2_WS/7.ws_navigation/install/mycar_slam_cartographer/share/ament_index/resource_index/package_run_dependencies/mycar_slam_cartographer
-- Up-to-date: /home/tungchiahui/UserFloder/mysource/ROS/ROS2_WS/7.ws_navigation/install/mycar_slam_cartographer/share/ament_index/resource_index/parent_prefix_path/mycar_slam_cartographer
-- Up-to-date: /home/tungchiahui/UserFloder/mysource/ROS/ROS2_WS/7.ws_navigation/install/mycar_slam_cartographer/share/mycar_slam_cartographer/environment/ament_prefix_path.sh
-- Up-to-date: /home/tungchiahui/UserFloder/mysource/ROS/ROS2_WS/7.ws_navigation/install/mycar_slam_cartographer/share/mycar_slam_cartographer/environment/ament_prefix_path.dsv
-- Up-to-date: /home/tungchiahui/UserFloder/mysource/ROS/ROS2_WS/7.ws_navigation/install/mycar_slam_cartographer/share/mycar_slam_cartographer/environment/path.sh
-- Up-to-date: /home/tungchiahui/UserFloder/mysource/ROS/ROS2_WS/7.ws_navigation/install/mycar_slam_cartographer/share/mycar_slam_cartographer/environment/path.dsv
-- Up-to-date: /home/tungchiahui/UserFloder/mysource/ROS/ROS2_WS/7.ws_navigation/install/mycar_slam_cartographer/share/mycar_slam_cartographer/local_setup.bash
-- Up-to-date: /home/tungchiahui/UserFloder/mysource/ROS/ROS2_WS/7.ws_navigation/install/mycar_slam_cartographer/share/mycar_slam_cartographer/local_setup.sh
-- Up-to-date: /home/tungchiahui/UserFloder/mysource/ROS/ROS2_WS/7.ws_navigation/install/mycar_slam_cartographer/share/mycar_slam_cartographer/local_setup.zsh
-- Up-to-date: /home/tungchiahui/UserFloder/mysource/ROS/ROS2_WS/7.ws_navigation/install/mycar_slam_cartographer/share/mycar_slam_cartographer/local_setup.dsv
-- Installing: /home/tungchiahui/UserFloder/mysource/ROS/ROS2_WS/7.ws_navigation/install/mycar_slam_cartographer/share/mycar_slam_cartographer/package.dsv
-- Up-to-date: /home/tungchiahui/UserFloder/mysource/ROS/ROS2_WS/7.ws_navigation/install/mycar_slam_cartographer/share/ament_index/resource_index/packages/mycar_slam_cartographer
-- Up-to-date: /home/tungchiahui/UserFloder/mysource/ROS/ROS2_WS/7.ws_navigation/install/mycar_slam_cartographer/share/mycar_slam_cartographer/cmake/mycar_slam_cartographerConfig.cmake
-- Up-to-date: /home/tungchiahui/UserFloder/mysource/ROS/ROS2_WS/7.ws_navigation/install/mycar_slam_cartographer/share/mycar_slam_cartographer/cmake/mycar_slam_cartographerConfig-version.cmake
-- Up-to-date: /home/tungchiahui/UserFloder/mysource/ROS/ROS2_WS/7.ws_navigation/install/mycar_slam_cartographer/share/mycar_slam_cartographer/package.xml
