[0.593s] DEBUG:colcon:Command line arguments: ['/usr/bin/colcon', 'build', '--packages-select', 'opencv_demo3_save_media_file']
[0.593s] DEBUG:colcon:Parsed command line arguments: Namespace(log_base=None, log_level=None, verb_name='build', build_base='build', install_base='install', merge_install=False, symlink_install=False, test_result_base=None, continue_on_error=False, executor='parallel', parallel_workers=16, event_handlers=None, ignore_user_meta=False, metas=['./colcon.meta'], base_paths=['.'], packages_ignore=None, packages_ignore_regex=None, paths=None, packages_up_to=None, packages_up_to_regex=None, packages_above=None, packages_above_and_dependencies=None, packages_above_depth=None, packages_select_by_dep=None, packages_skip_by_dep=None, packages_skip_up_to=None, packages_select_build_failed=False, packages_skip_build_finished=False, packages_select_test_failures=False, packages_skip_test_passed=False, packages_select=['opencv_demo3_save_media_file'], packages_skip=None, packages_select_regex=None, packages_skip_regex=None, packages_start=None, packages_end=None, allow_overriding=[], cmake_args=None, cmake_target=None, cmake_target_skip_unavailable=False, cmake_clean_cache=False, cmake_clean_first=False, cmake_force_configure=False, ament_cmake_args=None, catkin_cmake_args=None, catkin_skip_building_tests=False, verb_parser=<colcon_defaults.argument_parser.defaults.DefaultArgumentsDecorator object at 0x7f9b2ac22fe0>, verb_extension=<colcon_core.verb.build.BuildVerb object at 0x7f9b2b1dfe20>, main=<bound method BuildVerb.main of <colcon_core.verb.build.BuildVerb object at 0x7f9b2b1dfe20>>)
[0.622s] Level 1:colcon.colcon_core.package_discovery:discover_packages(colcon_meta) check parameters
[0.622s] Level 1:colcon.colcon_core.package_discovery:discover_packages(recursive) check parameters
[0.622s] Level 1:colcon.colcon_core.package_discovery:discover_packages(ignore) check parameters
[0.622s] Level 1:colcon.colcon_core.package_discovery:discover_packages(path) check parameters
[0.622s] Level 1:colcon.colcon_core.package_discovery:discover_packages(colcon_meta) discover
[0.622s] Level 1:colcon.colcon_core.package_discovery:discover_packages(recursive) discover
[0.622s] INFO:colcon.colcon_core.package_discovery:Crawling recursively for packages in '/home/tungchiahui/mysource/ros2src/5.opencv_demo_ws'
[0.622s] Level 1:colcon.colcon_core.package_identification:_identify(.) by extensions ['ignore', 'ignore_ament_install']
[0.622s] Level 1:colcon.colcon_core.package_identification:_identify(.) by extension 'ignore'
[0.622s] Level 1:colcon.colcon_core.package_identification:_identify(.) by extension 'ignore_ament_install'
[0.622s] Level 1:colcon.colcon_core.package_identification:_identify(.) by extensions ['colcon_pkg']
[0.622s] Level 1:colcon.colcon_core.package_identification:_identify(.) by extension 'colcon_pkg'
[0.622s] Level 1:colcon.colcon_core.package_identification:_identify(.) by extensions ['colcon_meta']
[0.622s] Level 1:colcon.colcon_core.package_identification:_identify(.) by extension 'colcon_meta'
[0.622s] Level 1:colcon.colcon_core.package_identification:_identify(.) by extensions ['ros']
[0.622s] Level 1:colcon.colcon_core.package_identification:_identify(.) by extension 'ros'
[0.630s] Level 1:colcon.colcon_core.package_identification:_identify(.) by extensions ['cmake', 'python']
[0.630s] Level 1:colcon.colcon_core.package_identification:_identify(.) by extension 'cmake'
[0.630s] Level 1:colcon.colcon_core.package_identification:_identify(.) by extension 'python'
[0.630s] Level 1:colcon.colcon_core.package_identification:_identify(.) by extensions ['python_setup_py']
[0.630s] Level 1:colcon.colcon_core.package_identification:_identify(.) by extension 'python_setup_py'
[0.630s] Level 1:colcon.colcon_core.package_identification:_identify(build) by extensions ['ignore', 'ignore_ament_install']
[0.630s] Level 1:colcon.colcon_core.package_identification:_identify(build) by extension 'ignore'
[0.630s] Level 1:colcon.colcon_core.package_identification:_identify(build) ignored
[0.630s] Level 1:colcon.colcon_core.package_identification:_identify(install) by extensions ['ignore', 'ignore_ament_install']
[0.630s] Level 1:colcon.colcon_core.package_identification:_identify(install) by extension 'ignore'
[0.630s] Level 1:colcon.colcon_core.package_identification:_identify(install) ignored
[0.630s] Level 1:colcon.colcon_core.package_identification:_identify(log) by extensions ['ignore', 'ignore_ament_install']
[0.630s] Level 1:colcon.colcon_core.package_identification:_identify(log) by extension 'ignore'
[0.630s] Level 1:colcon.colcon_core.package_identification:_identify(log) ignored
[0.630s] Level 1:colcon.colcon_core.package_identification:_identify(src) by extensions ['ignore', 'ignore_ament_install']
[0.630s] Level 1:colcon.colcon_core.package_identification:_identify(src) by extension 'ignore'
[0.630s] Level 1:colcon.colcon_core.package_identification:_identify(src) by extension 'ignore_ament_install'
[0.630s] Level 1:colcon.colcon_core.package_identification:_identify(src) by extensions ['colcon_pkg']
[0.630s] Level 1:colcon.colcon_core.package_identification:_identify(src) by extension 'colcon_pkg'
[0.630s] Level 1:colcon.colcon_core.package_identification:_identify(src) by extensions ['colcon_meta']
[0.630s] Level 1:colcon.colcon_core.package_identification:_identify(src) by extension 'colcon_meta'
[0.630s] Level 1:colcon.colcon_core.package_identification:_identify(src) by extensions ['ros']
[0.630s] Level 1:colcon.colcon_core.package_identification:_identify(src) by extension 'ros'
[0.631s] Level 1:colcon.colcon_core.package_identification:_identify(src) by extensions ['cmake', 'python']
[0.631s] Level 1:colcon.colcon_core.package_identification:_identify(src) by extension 'cmake'
[0.631s] Level 1:colcon.colcon_core.package_identification:_identify(src) by extension 'python'
[0.631s] Level 1:colcon.colcon_core.package_identification:_identify(src) by extensions ['python_setup_py']
[0.631s] Level 1:colcon.colcon_core.package_identification:_identify(src) by extension 'python_setup_py'
[0.631s] Level 1:colcon.colcon_core.package_identification:_identify(src/build) by extensions ['ignore', 'ignore_ament_install']
[0.631s] Level 1:colcon.colcon_core.package_identification:_identify(src/build) by extension 'ignore'
[0.631s] Level 1:colcon.colcon_core.package_identification:_identify(src/build) ignored
[0.631s] Level 1:colcon.colcon_core.package_identification:_identify(src/install) by extensions ['ignore', 'ignore_ament_install']
[0.631s] Level 1:colcon.colcon_core.package_identification:_identify(src/install) by extension 'ignore'
[0.631s] Level 1:colcon.colcon_core.package_identification:_identify(src/install) ignored
[0.631s] Level 1:colcon.colcon_core.package_identification:_identify(src/log) by extensions ['ignore', 'ignore_ament_install']
[0.631s] Level 1:colcon.colcon_core.package_identification:_identify(src/log) by extension 'ignore'
[0.631s] Level 1:colcon.colcon_core.package_identification:_identify(src/log) ignored
[0.631s] Level 1:colcon.colcon_core.package_identification:_identify(src/opencv_demo1_show_image) by extensions ['ignore', 'ignore_ament_install']
[0.631s] Level 1:colcon.colcon_core.package_identification:_identify(src/opencv_demo1_show_image) by extension 'ignore'
[0.631s] Level 1:colcon.colcon_core.package_identification:_identify(src/opencv_demo1_show_image) by extension 'ignore_ament_install'
[0.631s] Level 1:colcon.colcon_core.package_identification:_identify(src/opencv_demo1_show_image) by extensions ['colcon_pkg']
[0.631s] Level 1:colcon.colcon_core.package_identification:_identify(src/opencv_demo1_show_image) by extension 'colcon_pkg'
[0.631s] Level 1:colcon.colcon_core.package_identification:_identify(src/opencv_demo1_show_image) by extensions ['colcon_meta']
[0.631s] Level 1:colcon.colcon_core.package_identification:_identify(src/opencv_demo1_show_image) by extension 'colcon_meta'
[0.631s] Level 1:colcon.colcon_core.package_identification:_identify(src/opencv_demo1_show_image) by extensions ['ros']
[0.631s] Level 1:colcon.colcon_core.package_identification:_identify(src/opencv_demo1_show_image) by extension 'ros'
[0.633s] DEBUG:colcon.colcon_core.package_identification:Package 'src/opencv_demo1_show_image' with type 'ros.ament_cmake' and name 'opencv_demo1_show_image'
[0.633s] Level 1:colcon.colcon_core.package_identification:_identify(src/opencv_demo2_video_capture) by extensions ['ignore', 'ignore_ament_install']
[0.633s] Level 1:colcon.colcon_core.package_identification:_identify(src/opencv_demo2_video_capture) by extension 'ignore'
[0.633s] Level 1:colcon.colcon_core.package_identification:_identify(src/opencv_demo2_video_capture) by extension 'ignore_ament_install'
[0.633s] Level 1:colcon.colcon_core.package_identification:_identify(src/opencv_demo2_video_capture) by extensions ['colcon_pkg']
[0.633s] Level 1:colcon.colcon_core.package_identification:_identify(src/opencv_demo2_video_capture) by extension 'colcon_pkg'
[0.633s] Level 1:colcon.colcon_core.package_identification:_identify(src/opencv_demo2_video_capture) by extensions ['colcon_meta']
[0.633s] Level 1:colcon.colcon_core.package_identification:_identify(src/opencv_demo2_video_capture) by extension 'colcon_meta'
[0.633s] Level 1:colcon.colcon_core.package_identification:_identify(src/opencv_demo2_video_capture) by extensions ['ros']
[0.633s] Level 1:colcon.colcon_core.package_identification:_identify(src/opencv_demo2_video_capture) by extension 'ros'
[0.634s] DEBUG:colcon.colcon_core.package_identification:Package 'src/opencv_demo2_video_capture' with type 'ros.ament_cmake' and name 'opencv_demo2_video_capture'
[0.634s] Level 1:colcon.colcon_core.package_identification:_identify(src/opencv_demo3_save_media_file) by extensions ['ignore', 'ignore_ament_install']
[0.634s] Level 1:colcon.colcon_core.package_identification:_identify(src/opencv_demo3_save_media_file) by extension 'ignore'
[0.634s] Level 1:colcon.colcon_core.package_identification:_identify(src/opencv_demo3_save_media_file) by extension 'ignore_ament_install'
[0.634s] Level 1:colcon.colcon_core.package_identification:_identify(src/opencv_demo3_save_media_file) by extensions ['colcon_pkg']
[0.634s] Level 1:colcon.colcon_core.package_identification:_identify(src/opencv_demo3_save_media_file) by extension 'colcon_pkg'
[0.634s] Level 1:colcon.colcon_core.package_identification:_identify(src/opencv_demo3_save_media_file) by extensions ['colcon_meta']
[0.634s] Level 1:colcon.colcon_core.package_identification:_identify(src/opencv_demo3_save_media_file) by extension 'colcon_meta'
[0.634s] Level 1:colcon.colcon_core.package_identification:_identify(src/opencv_demo3_save_media_file) by extensions ['ros']
[0.634s] Level 1:colcon.colcon_core.package_identification:_identify(src/opencv_demo3_save_media_file) by extension 'ros'
[0.635s] DEBUG:colcon.colcon_core.package_identification:Package 'src/opencv_demo3_save_media_file' with type 'ros.ament_cmake' and name 'opencv_demo3_save_media_file'
[0.635s] Level 1:colcon.colcon_core.package_discovery:discover_packages(recursive) using defaults
[0.635s] Level 1:colcon.colcon_core.package_discovery:discover_packages(ignore) discover
[0.635s] Level 1:colcon.colcon_core.package_discovery:discover_packages(ignore) using defaults
[0.635s] Level 1:colcon.colcon_core.package_discovery:discover_packages(path) discover
[0.635s] Level 1:colcon.colcon_core.package_discovery:discover_packages(path) using defaults
[0.674s] INFO:colcon.colcon_core.package_selection:Skipping not selected package 'opencv_demo1_show_image' in 'src/opencv_demo1_show_image'
[0.674s] INFO:colcon.colcon_core.package_selection:Skipping not selected package 'opencv_demo2_video_capture' in 'src/opencv_demo2_video_capture'
[0.690s] Level 1:colcon.colcon_core.package_discovery:discover_packages(prefix_path) check parameters
[0.690s] Level 1:colcon.colcon_core.package_discovery:discover_packages(prefix_path) discover
[0.708s] DEBUG:colcon.colcon_installed_package_information.package_discovery:Found 4 installed packages in /home/tungchiahui/mysource/ros2src/5.opencv_demo_ws/install
[0.716s] DEBUG:colcon.colcon_installed_package_information.package_discovery:Found 274 installed packages in /opt/ros/humble
[0.717s] Level 1:colcon.colcon_core.package_discovery:discover_packages(prefix_path) using defaults
[0.773s] Level 5:colcon.colcon_core.verb:set package 'opencv_demo3_save_media_file' build argument 'cmake_args' from command line to 'None'
[0.773s] Level 5:colcon.colcon_core.verb:set package 'opencv_demo3_save_media_file' build argument 'cmake_target' from command line to 'None'
[0.773s] Level 5:colcon.colcon_core.verb:set package 'opencv_demo3_save_media_file' build argument 'cmake_target_skip_unavailable' from command line to 'False'
[0.773s] Level 5:colcon.colcon_core.verb:set package 'opencv_demo3_save_media_file' build argument 'cmake_clean_cache' from command line to 'False'
[0.773s] Level 5:colcon.colcon_core.verb:set package 'opencv_demo3_save_media_file' build argument 'cmake_clean_first' from command line to 'False'
[0.773s] Level 5:colcon.colcon_core.verb:set package 'opencv_demo3_save_media_file' build argument 'cmake_force_configure' from command line to 'False'
[0.773s] Level 5:colcon.colcon_core.verb:set package 'opencv_demo3_save_media_file' build argument 'ament_cmake_args' from command line to 'None'
[0.773s] Level 5:colcon.colcon_core.verb:set package 'opencv_demo3_save_media_file' build argument 'catkin_cmake_args' from command line to 'None'
[0.773s] Level 5:colcon.colcon_core.verb:set package 'opencv_demo3_save_media_file' build argument 'catkin_skip_building_tests' from command line to 'False'
[0.773s] DEBUG:colcon.colcon_core.verb:Building package 'opencv_demo3_save_media_file' with the following arguments: {'ament_cmake_args': None, 'build_base': '/home/tungchiahui/mysource/ros2src/5.opencv_demo_ws/build/opencv_demo3_save_media_file', 'catkin_cmake_args': None, 'catkin_skip_building_tests': False, 'cmake_args': None, 'cmake_clean_cache': False, 'cmake_clean_first': False, 'cmake_force_configure': False, 'cmake_target': None, 'cmake_target_skip_unavailable': False, 'install_base': '/home/tungchiahui/mysource/ros2src/5.opencv_demo_ws/install/opencv_demo3_save_media_file', 'merge_install': False, 'path': '/home/tungchiahui/mysource/ros2src/5.opencv_demo_ws/src/opencv_demo3_save_media_file', 'symlink_install': False, 'test_result_base': None}
[0.782s] INFO:colcon.colcon_core.executor:Executing jobs using 'parallel' executor
[0.791s] DEBUG:colcon.colcon_parallel_executor.executor.parallel:run_until_complete
[0.791s] INFO:colcon.colcon_ros.task.ament_cmake.build:Building ROS package in '/home/tungchiahui/mysource/ros2src/5.opencv_demo_ws/src/opencv_demo3_save_media_file' with build type 'ament_cmake'
[0.791s] INFO:colcon.colcon_cmake.task.cmake.build:Building CMake package in '/home/tungchiahui/mysource/ros2src/5.opencv_demo_ws/src/opencv_demo3_save_media_file'
[0.800s] INFO:colcon.colcon_core.plugin_system:Skipping extension 'colcon_core.shell.bat': Not used on non-Windows systems
[0.800s] INFO:colcon.colcon_core.shell:Skip shell extension 'powershell' for command environment: Not usable outside of PowerShell
[0.800s] DEBUG:colcon.colcon_core.shell:Skip shell extension 'dsv' for command environment
[0.831s] DEBUG:colcon.colcon_core.event_handler.log_command:Invoking command in '/home/tungchiahui/mysource/ros2src/5.opencv_demo_ws/build/opencv_demo3_save_media_file': CMAKE_PREFIX_PATH=${CMAKE_PREFIX_PATH}:/opt/ros/humble /usr/bin/cmake --build /home/tungchiahui/mysource/ros2src/5.opencv_demo_ws/build/opencv_demo3_save_media_file -- -j16 -l16
[3.664s] DEBUG:colcon.colcon_core.event_handler.log_command:Invoked command in '/home/tungchiahui/mysource/ros2src/5.opencv_demo_ws/build/opencv_demo3_save_media_file' returned '0': CMAKE_PREFIX_PATH=${CMAKE_PREFIX_PATH}:/opt/ros/humble /usr/bin/cmake --build /home/tungchiahui/mysource/ros2src/5.opencv_demo_ws/build/opencv_demo3_save_media_file -- -j16 -l16
[3.683s] DEBUG:colcon.colcon_core.event_handler.log_command:Invoking command in '/home/tungchiahui/mysource/ros2src/5.opencv_demo_ws/build/opencv_demo3_save_media_file': CMAKE_PREFIX_PATH=${CMAKE_PREFIX_PATH}:/opt/ros/humble /usr/bin/cmake --install /home/tungchiahui/mysource/ros2src/5.opencv_demo_ws/build/opencv_demo3_save_media_file
[3.689s] Level 1:colcon.colcon_core.environment:create_environment_scripts_only(opencv_demo3_save_media_file)
[3.689s] DEBUG:colcon.colcon_core.event_handler.log_command:Invoked command in '/home/tungchiahui/mysource/ros2src/5.opencv_demo_ws/build/opencv_demo3_save_media_file' returned '0': CMAKE_PREFIX_PATH=${CMAKE_PREFIX_PATH}:/opt/ros/humble /usr/bin/cmake --install /home/tungchiahui/mysource/ros2src/5.opencv_demo_ws/build/opencv_demo3_save_media_file
[3.699s] Level 1:colcon.colcon_core.environment:checking '/home/tungchiahui/mysource/ros2src/5.opencv_demo_ws/install/opencv_demo3_save_media_file' for CMake module files
[3.699s] Level 1:colcon.colcon_core.environment:checking '/home/tungchiahui/mysource/ros2src/5.opencv_demo_ws/install/opencv_demo3_save_media_file' for CMake config files
[3.699s] Level 1:colcon.colcon_core.shell:create_environment_hook('opencv_demo3_save_media_file', 'cmake_prefix_path')
[3.707s] INFO:colcon.colcon_core.shell:Creating environment hook '/home/tungchiahui/mysource/ros2src/5.opencv_demo_ws/install/opencv_demo3_save_media_file/share/opencv_demo3_save_media_file/hook/cmake_prefix_path.ps1'
[3.708s] INFO:colcon.colcon_core.shell:Creating environment descriptor '/home/tungchiahui/mysource/ros2src/5.opencv_demo_ws/install/opencv_demo3_save_media_file/share/opencv_demo3_save_media_file/hook/cmake_prefix_path.dsv'
[3.708s] INFO:colcon.colcon_core.shell:Creating environment hook '/home/tungchiahui/mysource/ros2src/5.opencv_demo_ws/install/opencv_demo3_save_media_file/share/opencv_demo3_save_media_file/hook/cmake_prefix_path.sh'
[3.709s] Level 1:colcon.colcon_core.environment:checking '/home/tungchiahui/mysource/ros2src/5.opencv_demo_ws/install/opencv_demo3_save_media_file/lib'
[3.709s] Level 1:colcon.colcon_core.environment:checking '/home/tungchiahui/mysource/ros2src/5.opencv_demo_ws/install/opencv_demo3_save_media_file/bin'
[3.709s] Level 1:colcon.colcon_core.environment:checking '/home/tungchiahui/mysource/ros2src/5.opencv_demo_ws/install/opencv_demo3_save_media_file/lib/pkgconfig/opencv_demo3_save_media_file.pc'
[3.709s] Level 1:colcon.colcon_core.environment:checking '/home/tungchiahui/mysource/ros2src/5.opencv_demo_ws/install/opencv_demo3_save_media_file/lib/python3.10/site-packages'
[3.709s] Level 1:colcon.colcon_core.environment:checking '/home/tungchiahui/mysource/ros2src/5.opencv_demo_ws/install/opencv_demo3_save_media_file/bin'
[3.720s] INFO:colcon.colcon_core.shell:Creating package script '/home/tungchiahui/mysource/ros2src/5.opencv_demo_ws/install/opencv_demo3_save_media_file/share/opencv_demo3_save_media_file/package.ps1'
[3.721s] INFO:colcon.colcon_core.shell:Creating package descriptor '/home/tungchiahui/mysource/ros2src/5.opencv_demo_ws/install/opencv_demo3_save_media_file/share/opencv_demo3_save_media_file/package.dsv'
[3.721s] INFO:colcon.colcon_core.shell:Creating package script '/home/tungchiahui/mysource/ros2src/5.opencv_demo_ws/install/opencv_demo3_save_media_file/share/opencv_demo3_save_media_file/package.sh'
[3.722s] INFO:colcon.colcon_core.shell:Creating package script '/home/tungchiahui/mysource/ros2src/5.opencv_demo_ws/install/opencv_demo3_save_media_file/share/opencv_demo3_save_media_file/package.bash'
[3.722s] INFO:colcon.colcon_core.shell:Creating package script '/home/tungchiahui/mysource/ros2src/5.opencv_demo_ws/install/opencv_demo3_save_media_file/share/opencv_demo3_save_media_file/package.zsh'
[3.722s] Level 1:colcon.colcon_core.environment:create_file_with_runtime_dependencies(/home/tungchiahui/mysource/ros2src/5.opencv_demo_ws/install/opencv_demo3_save_media_file/share/colcon-core/packages/opencv_demo3_save_media_file)
[3.754s] Level 1:colcon.colcon_core.environment:create_environment_scripts_only(opencv_demo3_save_media_file)
[3.762s] Level 1:colcon.colcon_core.environment:checking '/home/tungchiahui/mysource/ros2src/5.opencv_demo_ws/install/opencv_demo3_save_media_file' for CMake module files
[3.762s] Level 1:colcon.colcon_core.environment:checking '/home/tungchiahui/mysource/ros2src/5.opencv_demo_ws/install/opencv_demo3_save_media_file' for CMake config files
[3.763s] Level 1:colcon.colcon_core.shell:create_environment_hook('opencv_demo3_save_media_file', 'cmake_prefix_path')
[3.770s] INFO:colcon.colcon_core.shell:Creating environment hook '/home/tungchiahui/mysource/ros2src/5.opencv_demo_ws/install/opencv_demo3_save_media_file/share/opencv_demo3_save_media_file/hook/cmake_prefix_path.ps1'
[3.771s] INFO:colcon.colcon_core.shell:Creating environment descriptor '/home/tungchiahui/mysource/ros2src/5.opencv_demo_ws/install/opencv_demo3_save_media_file/share/opencv_demo3_save_media_file/hook/cmake_prefix_path.dsv'
[3.771s] INFO:colcon.colcon_core.shell:Creating environment hook '/home/tungchiahui/mysource/ros2src/5.opencv_demo_ws/install/opencv_demo3_save_media_file/share/opencv_demo3_save_media_file/hook/cmake_prefix_path.sh'
[3.771s] Level 1:colcon.colcon_core.environment:checking '/home/tungchiahui/mysource/ros2src/5.opencv_demo_ws/install/opencv_demo3_save_media_file/lib'
[3.771s] Level 1:colcon.colcon_core.environment:checking '/home/tungchiahui/mysource/ros2src/5.opencv_demo_ws/install/opencv_demo3_save_media_file/bin'
[3.771s] Level 1:colcon.colcon_core.environment:checking '/home/tungchiahui/mysource/ros2src/5.opencv_demo_ws/install/opencv_demo3_save_media_file/lib/pkgconfig/opencv_demo3_save_media_file.pc'
[3.772s] Level 1:colcon.colcon_core.environment:checking '/home/tungchiahui/mysource/ros2src/5.opencv_demo_ws/install/opencv_demo3_save_media_file/lib/python3.10/site-packages'
[3.772s] Level 1:colcon.colcon_core.environment:checking '/home/tungchiahui/mysource/ros2src/5.opencv_demo_ws/install/opencv_demo3_save_media_file/bin'
[3.780s] INFO:colcon.colcon_core.shell:Creating package script '/home/tungchiahui/mysource/ros2src/5.opencv_demo_ws/install/opencv_demo3_save_media_file/share/opencv_demo3_save_media_file/package.ps1'
[3.780s] INFO:colcon.colcon_core.shell:Creating package descriptor '/home/tungchiahui/mysource/ros2src/5.opencv_demo_ws/install/opencv_demo3_save_media_file/share/opencv_demo3_save_media_file/package.dsv'
[3.781s] INFO:colcon.colcon_core.shell:Creating package script '/home/tungchiahui/mysource/ros2src/5.opencv_demo_ws/install/opencv_demo3_save_media_file/share/opencv_demo3_save_media_file/package.sh'
[3.781s] INFO:colcon.colcon_core.shell:Creating package script '/home/tungchiahui/mysource/ros2src/5.opencv_demo_ws/install/opencv_demo3_save_media_file/share/opencv_demo3_save_media_file/package.bash'
[3.781s] INFO:colcon.colcon_core.shell:Creating package script '/home/tungchiahui/mysource/ros2src/5.opencv_demo_ws/install/opencv_demo3_save_media_file/share/opencv_demo3_save_media_file/package.zsh'
[3.781s] Level 1:colcon.colcon_core.environment:create_file_with_runtime_dependencies(/home/tungchiahui/mysource/ros2src/5.opencv_demo_ws/install/opencv_demo3_save_media_file/share/colcon-core/packages/opencv_demo3_save_media_file)
[3.782s] DEBUG:colcon.colcon_parallel_executor.executor.parallel:closing loop
[3.782s] DEBUG:colcon.colcon_parallel_executor.executor.parallel:loop closed
[3.782s] DEBUG:colcon.colcon_parallel_executor.executor.parallel:run_until_complete finished with '0'
[3.782s] DEBUG:colcon.colcon_core.event_reactor:joining thread
[3.797s] INFO:colcon.colcon_core.plugin_system:Skipping extension 'colcon_notification.desktop_notification.terminal_notifier': Not used on non-Darwin systems
[3.797s] INFO:colcon.colcon_core.plugin_system:Skipping extension 'colcon_notification.desktop_notification.win32': Not used on non-Windows systems
[3.797s] INFO:colcon.colcon_notification.desktop_notification:Sending desktop notification using 'notify2'
[3.817s] DEBUG:colcon.colcon_core.event_reactor:joined thread
[3.827s] INFO:colcon.colcon_core.shell:Creating prefix script '/home/tungchiahui/mysource/ros2src/5.opencv_demo_ws/install/local_setup.ps1'
[3.828s] INFO:colcon.colcon_core.shell:Creating prefix util module '/home/tungchiahui/mysource/ros2src/5.opencv_demo_ws/install/_local_setup_util_ps1.py'
[3.829s] INFO:colcon.colcon_core.shell:Creating prefix chain script '/home/tungchiahui/mysource/ros2src/5.opencv_demo_ws/install/setup.ps1'
[3.839s] INFO:colcon.colcon_core.shell:Creating prefix script '/home/tungchiahui/mysource/ros2src/5.opencv_demo_ws/install/local_setup.sh'
[3.839s] INFO:colcon.colcon_core.shell:Creating prefix util module '/home/tungchiahui/mysource/ros2src/5.opencv_demo_ws/install/_local_setup_util_sh.py'
[3.839s] INFO:colcon.colcon_core.shell:Creating prefix chain script '/home/tungchiahui/mysource/ros2src/5.opencv_demo_ws/install/setup.sh'
[3.848s] INFO:colcon.colcon_core.shell:Creating prefix script '/home/tungchiahui/mysource/ros2src/5.opencv_demo_ws/install/local_setup.bash'
[3.848s] INFO:colcon.colcon_core.shell:Creating prefix chain script '/home/tungchiahui/mysource/ros2src/5.opencv_demo_ws/install/setup.bash'
[3.857s] INFO:colcon.colcon_core.shell:Creating prefix script '/home/tungchiahui/mysource/ros2src/5.opencv_demo_ws/install/local_setup.zsh'
[3.857s] INFO:colcon.colcon_core.shell:Creating prefix chain script '/home/tungchiahui/mysource/ros2src/5.opencv_demo_ws/install/setup.zsh'
