[0.041s] Invoking command in '/home/tungchiahui/user/mysource/ros2src/4axisrobot_ws/build/cpp06_urdf': CMAKE_PREFIX_PATH=${CMAKE_PREFIX_PATH}:/opt/ros/humble /usr/bin/cmake --build /home/tungchiahui/user/mysource/ros2src/4axisrobot_ws/build/cpp06_urdf -- -j16 -l16
[0.057s] -- Found ament_cmake: 1.3.6 (/opt/ros/humble/share/ament_cmake/cmake)
[0.142s] -- Found ament_lint_auto: 0.12.9 (/opt/ros/humble/share/ament_lint_auto/cmake)
[0.182s] -- Added test 'flake8' to check Python code syntax and style conventions
[0.183s] -- Added test 'lint_cmake' to check CMake code style
[0.183s] -- Added test 'pep257' to check Python code against some of the docstring style conventions in PEP 257
[0.184s] -- Added test 'xmllint' to check XML markup files
[0.184s] -- Configuring done
[0.186s] -- Generating done
[0.186s] -- Build files have been written to: /home/tungchiahui/user/mysource/ros2src/4axisrobot_ws/build/cpp06_urdf
[0.201s] Invoked command in '/home/tungchiahui/user/mysource/ros2src/4axisrobot_ws/build/cpp06_urdf' returned '0': CMAKE_PREFIX_PATH=${CMAKE_PREFIX_PATH}:/opt/ros/humble /usr/bin/cmake --build /home/tungchiahui/user/mysource/ros2src/4axisrobot_ws/build/cpp06_urdf -- -j16 -l16
[0.223s] Invoking command in '/home/tungchiahui/user/mysource/ros2src/4axisrobot_ws/build/cpp06_urdf': CMAKE_PREFIX_PATH=${CMAKE_PREFIX_PATH}:/opt/ros/humble /usr/bin/cmake --install /home/tungchiahui/user/mysource/ros2src/4axisrobot_ws/build/cpp06_urdf
[0.228s] -- Install configuration: ""
[0.228s] -- Up-to-date: /home/tungchiahui/user/mysource/ros2src/4axisrobot_ws/install/cpp06_urdf/share/cpp06_urdf/launch
[0.228s] -- Installing: /home/tungchiahui/user/mysource/ros2src/4axisrobot_ws/install/cpp06_urdf/share/cpp06_urdf/launch/display.launch.py
[0.228s] -- Up-to-date: /home/tungchiahui/user/mysource/ros2src/4axisrobot_ws/install/cpp06_urdf/share/cpp06_urdf/urdf
[0.228s] -- Installing: /home/tungchiahui/user/mysource/ros2src/4axisrobot_ws/install/cpp06_urdf/share/cpp06_urdf/urdf/urdf
[0.228s] -- Installing: /home/tungchiahui/user/mysource/ros2src/4axisrobot_ws/install/cpp06_urdf/share/cpp06_urdf/urdf/urdf/4axis_robot.urdf
[0.228s] -- Installing: /home/tungchiahui/user/mysource/ros2src/4axisrobot_ws/install/cpp06_urdf/share/cpp06_urdf/urdf/urdf/4axis_robot.csv
[0.229s] -- Installing: /home/tungchiahui/user/mysource/ros2src/4axisrobot_ws/install/cpp06_urdf/share/cpp06_urdf/urdf/xacro
[0.229s] -- Up-to-date: /home/tungchiahui/user/mysource/ros2src/4axisrobot_ws/install/cpp06_urdf/share/cpp06_urdf/rviz
[0.229s] -- Up-to-date: /home/tungchiahui/user/mysource/ros2src/4axisrobot_ws/install/cpp06_urdf/share/cpp06_urdf/meshes
[0.229s] -- Up-to-date: /home/tungchiahui/user/mysource/ros2src/4axisrobot_ws/install/cpp06_urdf/share/cpp06_urdf/meshes/Link3.STL
[0.229s] -- Up-to-date: /home/tungchiahui/user/mysource/ros2src/4axisrobot_ws/install/cpp06_urdf/share/cpp06_urdf/meshes/Link4.STL
[0.229s] -- Up-to-date: /home/tungchiahui/user/mysource/ros2src/4axisrobot_ws/install/cpp06_urdf/share/cpp06_urdf/meshes/base_link.STL
[0.229s] -- Up-to-date: /home/tungchiahui/user/mysource/ros2src/4axisrobot_ws/install/cpp06_urdf/share/cpp06_urdf/meshes/Link2.STL
[0.229s] -- Up-to-date: /home/tungchiahui/user/mysource/ros2src/4axisrobot_ws/install/cpp06_urdf/share/cpp06_urdf/meshes/Link1.STL
[0.229s] -- Up-to-date: /home/tungchiahui/user/mysource/ros2src/4axisrobot_ws/install/cpp06_urdf/share/ament_index/resource_index/package_run_dependencies/cpp06_urdf
[0.229s] -- Installing: /home/tungchiahui/user/mysource/ros2src/4axisrobot_ws/install/cpp06_urdf/share/ament_index/resource_index/parent_prefix_path/cpp06_urdf
[0.229s] -- Up-to-date: /home/tungchiahui/user/mysource/ros2src/4axisrobot_ws/install/cpp06_urdf/share/cpp06_urdf/environment/ament_prefix_path.sh
[0.229s] -- Installing: /home/tungchiahui/user/mysource/ros2src/4axisrobot_ws/install/cpp06_urdf/share/cpp06_urdf/environment/ament_prefix_path.dsv
[0.229s] -- Up-to-date: /home/tungchiahui/user/mysource/ros2src/4axisrobot_ws/install/cpp06_urdf/share/cpp06_urdf/environment/path.sh
[0.229s] -- Installing: /home/tungchiahui/user/mysource/ros2src/4axisrobot_ws/install/cpp06_urdf/share/cpp06_urdf/environment/path.dsv
[0.229s] -- Up-to-date: /home/tungchiahui/user/mysource/ros2src/4axisrobot_ws/install/cpp06_urdf/share/cpp06_urdf/local_setup.bash
[0.229s] -- Up-to-date: /home/tungchiahui/user/mysource/ros2src/4axisrobot_ws/install/cpp06_urdf/share/cpp06_urdf/local_setup.sh
[0.229s] -- Up-to-date: /home/tungchiahui/user/mysource/ros2src/4axisrobot_ws/install/cpp06_urdf/share/cpp06_urdf/local_setup.zsh
[0.229s] -- Installing: /home/tungchiahui/user/mysource/ros2src/4axisrobot_ws/install/cpp06_urdf/share/cpp06_urdf/local_setup.dsv
[0.230s] -- Installing: /home/tungchiahui/user/mysource/ros2src/4axisrobot_ws/install/cpp06_urdf/share/cpp06_urdf/package.dsv
[0.230s] -- Up-to-date: /home/tungchiahui/user/mysource/ros2src/4axisrobot_ws/install/cpp06_urdf/share/ament_index/resource_index/packages/cpp06_urdf
[0.230s] -- Up-to-date: /home/tungchiahui/user/mysource/ros2src/4axisrobot_ws/install/cpp06_urdf/share/cpp06_urdf/cmake/cpp06_urdfConfig.cmake
[0.230s] -- Up-to-date: /home/tungchiahui/user/mysource/ros2src/4axisrobot_ws/install/cpp06_urdf/share/cpp06_urdf/cmake/cpp06_urdfConfig-version.cmake
[0.230s] -- Up-to-date: /home/tungchiahui/user/mysource/ros2src/4axisrobot_ws/install/cpp06_urdf/share/cpp06_urdf/package.xml
[0.231s] Invoked command in '/home/tungchiahui/user/mysource/ros2src/4axisrobot_ws/build/cpp06_urdf' returned '0': CMAKE_PREFIX_PATH=${CMAKE_PREFIX_PATH}:/opt/ros/humble /usr/bin/cmake --install /home/tungchiahui/user/mysource/ros2src/4axisrobot_ws/build/cpp06_urdf
