[0.042s] Invoking command in '/home/tungchiahui/user/mysource/ros2src/5.opencv_demo_ws/build/opencv_demo1_show_image': CMAKE_PREFIX_PATH=${CMAKE_PREFIX_PATH}:/opt/ros/humble /usr/bin/cmake --build /home/tungchiahui/user/mysource/ros2src/5.opencv_demo_ws/build/opencv_demo1_show_image -- -j16 -l16
[0.072s] [35m[1mConsolidate compiler generated dependencies of target show_image_CUDA[0m
[0.082s] [ 66%] Built target show_image_instantiation_node
[0.082s] [ 66%] Built target show_image_inheritance_node
[0.084s] [100%] Built target show_image_CUDA
[0.091s] Invoked command in '/home/tungchiahui/user/mysource/ros2src/5.opencv_demo_ws/build/opencv_demo1_show_image' returned '0': CMAKE_PREFIX_PATH=${CMAKE_PREFIX_PATH}:/opt/ros/humble /usr/bin/cmake --build /home/tungchiahui/user/mysource/ros2src/5.opencv_demo_ws/build/opencv_demo1_show_image -- -j16 -l16
[0.122s] Invoking command in '/home/tungchiahui/user/mysource/ros2src/5.opencv_demo_ws/build/opencv_demo1_show_image': CMAKE_PREFIX_PATH=${CMAKE_PREFIX_PATH}:/opt/ros/humble /usr/bin/cmake --install /home/tungchiahui/user/mysource/ros2src/5.opencv_demo_ws/build/opencv_demo1_show_image
[0.128s] -- Install configuration: ""
[0.128s] -- Up-to-date: /home/tungchiahui/user/mysource/ros2src/5.opencv_demo_ws/install/opencv_demo1_show_image/lib/opencv_demo1_show_image/show_image_instantiation_node
[0.128s] -- Up-to-date: /home/tungchiahui/user/mysource/ros2src/5.opencv_demo_ws/install/opencv_demo1_show_image/lib/opencv_demo1_show_image/show_image_inheritance_node
[0.128s] -- Up-to-date: /home/tungchiahui/user/mysource/ros2src/5.opencv_demo_ws/install/opencv_demo1_show_image/lib/opencv_demo1_show_image/show_image_CUDA
[0.128s] -- Up-to-date: /home/tungchiahui/user/mysource/ros2src/5.opencv_demo_ws/install/opencv_demo1_show_image/share/ament_index/resource_index/package_run_dependencies/opencv_demo1_show_image
[0.128s] -- Up-to-date: /home/tungchiahui/user/mysource/ros2src/5.opencv_demo_ws/install/opencv_demo1_show_image/share/ament_index/resource_index/parent_prefix_path/opencv_demo1_show_image
[0.128s] -- Up-to-date: /home/tungchiahui/user/mysource/ros2src/5.opencv_demo_ws/install/opencv_demo1_show_image/share/opencv_demo1_show_image/environment/ament_prefix_path.sh
[0.128s] -- Up-to-date: /home/tungchiahui/user/mysource/ros2src/5.opencv_demo_ws/install/opencv_demo1_show_image/share/opencv_demo1_show_image/environment/ament_prefix_path.dsv
[0.129s] -- Up-to-date: /home/tungchiahui/user/mysource/ros2src/5.opencv_demo_ws/install/opencv_demo1_show_image/share/opencv_demo1_show_image/environment/path.sh
[0.129s] -- Up-to-date: /home/tungchiahui/user/mysource/ros2src/5.opencv_demo_ws/install/opencv_demo1_show_image/share/opencv_demo1_show_image/environment/path.dsv
[0.129s] -- Up-to-date: /home/tungchiahui/user/mysource/ros2src/5.opencv_demo_ws/install/opencv_demo1_show_image/share/opencv_demo1_show_image/local_setup.bash
[0.129s] -- Up-to-date: /home/tungchiahui/user/mysource/ros2src/5.opencv_demo_ws/install/opencv_demo1_show_image/share/opencv_demo1_show_image/local_setup.sh
[0.129s] -- Up-to-date: /home/tungchiahui/user/mysource/ros2src/5.opencv_demo_ws/install/opencv_demo1_show_image/share/opencv_demo1_show_image/local_setup.zsh
[0.129s] -- Up-to-date: /home/tungchiahui/user/mysource/ros2src/5.opencv_demo_ws/install/opencv_demo1_show_image/share/opencv_demo1_show_image/local_setup.dsv
[0.129s] -- Installing: /home/tungchiahui/user/mysource/ros2src/5.opencv_demo_ws/install/opencv_demo1_show_image/share/opencv_demo1_show_image/package.dsv
[0.129s] -- Up-to-date: /home/tungchiahui/user/mysource/ros2src/5.opencv_demo_ws/install/opencv_demo1_show_image/share/ament_index/resource_index/packages/opencv_demo1_show_image
[0.129s] -- Up-to-date: /home/tungchiahui/user/mysource/ros2src/5.opencv_demo_ws/install/opencv_demo1_show_image/share/opencv_demo1_show_image/cmake/opencv_demo1_show_imageConfig.cmake
[0.129s] -- Up-to-date: /home/tungchiahui/user/mysource/ros2src/5.opencv_demo_ws/install/opencv_demo1_show_image/share/opencv_demo1_show_image/cmake/opencv_demo1_show_imageConfig-version.cmake
[0.129s] -- Up-to-date: /home/tungchiahui/user/mysource/ros2src/5.opencv_demo_ws/install/opencv_demo1_show_image/share/opencv_demo1_show_image/package.xml
[0.130s] Invoked command in '/home/tungchiahui/user/mysource/ros2src/5.opencv_demo_ws/build/opencv_demo1_show_image' returned '0': CMAKE_PREFIX_PATH=${CMAKE_PREFIX_PATH}:/opt/ros/humble /usr/bin/cmake --install /home/tungchiahui/user/mysource/ros2src/5.opencv_demo_ws/build/opencv_demo1_show_image
