[35m[1mConsolidate compiler generated dependencies of target hellovscode2[0m
[ 50%] Built target hellovscode
[100%] Built target hellovscode2
-- Install configuration: ""
-- Up-to-date: /home/tungchiahui/mysource/ros2src/1.demo_ws/install/pkg03_hellovscode_cpp/lib/pkg03_hellovscode_cpp/hellovscode
-- Up-to-date: /home/tungchiahui/mysource/ros2src/1.demo_ws/install/pkg03_hellovscode_cpp/lib/pkg03_hellovscode_cpp/hellovscode2
-- Up-to-date: /home/tungchiahui/mysource/ros2src/1.demo_ws/install/pkg03_hellovscode_cpp/share/ament_index/resource_index/package_run_dependencies/pkg03_hellovscode_cpp
-- Up-to-date: /home/tungchiahui/mysource/ros2src/1.demo_ws/install/pkg03_hellovscode_cpp/share/ament_index/resource_index/parent_prefix_path/pkg03_hellovscode_cpp
-- Up-to-date: /home/tungchiahui/mysource/ros2src/1.demo_ws/install/pkg03_hellovscode_cpp/share/pkg03_hellovscode_cpp/environment/ament_prefix_path.sh
-- Up-to-date: /home/tungchiahui/mysource/ros2src/1.demo_ws/install/pkg03_hellovscode_cpp/share/pkg03_hellovscode_cpp/environment/ament_prefix_path.dsv
-- Up-to-date: /home/tungchiahui/mysource/ros2src/1.demo_ws/install/pkg03_hellovscode_cpp/share/pkg03_hellovscode_cpp/environment/path.sh
-- Up-to-date: /home/tungchiahui/mysource/ros2src/1.demo_ws/install/pkg03_hellovscode_cpp/share/pkg03_hellovscode_cpp/environment/path.dsv
-- Up-to-date: /home/tungchiahui/mysource/ros2src/1.demo_ws/install/pkg03_hellovscode_cpp/share/pkg03_hellovscode_cpp/local_setup.bash
-- Up-to-date: /home/tungchiahui/mysource/ros2src/1.demo_ws/install/pkg03_hellovscode_cpp/share/pkg03_hellovscode_cpp/local_setup.sh
-- Up-to-date: /home/tungchiahui/mysource/ros2src/1.demo_ws/install/pkg03_hellovscode_cpp/share/pkg03_hellovscode_cpp/local_setup.zsh
-- Up-to-date: /home/tungchiahui/mysource/ros2src/1.demo_ws/install/pkg03_hellovscode_cpp/share/pkg03_hellovscode_cpp/local_setup.dsv
-- Installing: /home/tungchiahui/mysource/ros2src/1.demo_ws/install/pkg03_hellovscode_cpp/share/pkg03_hellovscode_cpp/package.dsv
-- Up-to-date: /home/tungchiahui/mysource/ros2src/1.demo_ws/install/pkg03_hellovscode_cpp/share/ament_index/resource_index/packages/pkg03_hellovscode_cpp
-- Up-to-date: /home/tungchiahui/mysource/ros2src/1.demo_ws/install/pkg03_hellovscode_cpp/share/pkg03_hellovscode_cpp/cmake/pkg03_hellovscode_cppConfig.cmake
-- Up-to-date: /home/tungchiahui/mysource/ros2src/1.demo_ws/install/pkg03_hellovscode_cpp/share/pkg03_hellovscode_cpp/cmake/pkg03_hellovscode_cppConfig-version.cmake
-- Up-to-date: /home/tungchiahui/mysource/ros2src/1.demo_ws/install/pkg03_hellovscode_cpp/share/pkg03_hellovscode_cpp/package.xml
