[0.180s] DEBUG:colcon:Command line arguments: ['/usr/bin/colcon', 'build', '--packages-select', 'cpp02_service']
[0.180s] DEBUG:colcon:Parsed command line arguments: Namespace(log_base=None, log_level=None, verb_name='build', build_base='build', install_base='install', merge_install=False, symlink_install=False, test_result_base=None, continue_on_error=False, executor='parallel', parallel_workers=16, event_handlers=None, ignore_user_meta=False, metas=['./colcon.meta'], base_paths=['.'], packages_ignore=None, packages_ignore_regex=None, paths=None, packages_up_to=None, packages_up_to_regex=None, packages_above=None, packages_above_and_dependencies=None, packages_above_depth=None, packages_select_by_dep=None, packages_skip_by_dep=None, packages_skip_up_to=None, packages_select_build_failed=False, packages_skip_build_finished=False, packages_select_test_failures=False, packages_skip_test_passed=False, packages_select=['cpp02_service'], packages_skip=None, packages_select_regex=None, packages_skip_regex=None, packages_start=None, packages_end=None, allow_overriding=[], cmake_args=None, cmake_target=None, cmake_target_skip_unavailable=False, cmake_clean_cache=False, cmake_clean_first=False, cmake_force_configure=False, ament_cmake_args=None, catkin_cmake_args=None, catkin_skip_building_tests=False, verb_parser=<colcon_defaults.argument_parser.defaults.DefaultArgumentsDecorator object at 0x7fea3839b130>, verb_extension=<colcon_core.verb.build.BuildVerb object at 0x7fea38b8af80>, main=<bound method BuildVerb.main of <colcon_core.verb.build.BuildVerb object at 0x7fea38b8af80>>)
[0.199s] Level 1:colcon.colcon_core.package_discovery:discover_packages(colcon_meta) check parameters
[0.199s] Level 1:colcon.colcon_core.package_discovery:discover_packages(recursive) check parameters
[0.199s] Level 1:colcon.colcon_core.package_discovery:discover_packages(ignore) check parameters
[0.199s] Level 1:colcon.colcon_core.package_discovery:discover_packages(path) check parameters
[0.199s] Level 1:colcon.colcon_core.package_discovery:discover_packages(colcon_meta) discover
[0.199s] Level 1:colcon.colcon_core.package_discovery:discover_packages(recursive) discover
[0.199s] INFO:colcon.colcon_core.package_discovery:Crawling recursively for packages in '/home/tungchiahui/mysource/ros2src/3.ws01_plumbing'
[0.199s] Level 1:colcon.colcon_core.package_identification:_identify(.) by extensions ['ignore', 'ignore_ament_install']
[0.199s] Level 1:colcon.colcon_core.package_identification:_identify(.) by extension 'ignore'
[0.199s] Level 1:colcon.colcon_core.package_identification:_identify(.) by extension 'ignore_ament_install'
[0.199s] Level 1:colcon.colcon_core.package_identification:_identify(.) by extensions ['colcon_pkg']
[0.199s] Level 1:colcon.colcon_core.package_identification:_identify(.) by extension 'colcon_pkg'
[0.199s] Level 1:colcon.colcon_core.package_identification:_identify(.) by extensions ['colcon_meta']
[0.199s] Level 1:colcon.colcon_core.package_identification:_identify(.) by extension 'colcon_meta'
[0.199s] Level 1:colcon.colcon_core.package_identification:_identify(.) by extensions ['ros']
[0.199s] Level 1:colcon.colcon_core.package_identification:_identify(.) by extension 'ros'
[0.206s] Level 1:colcon.colcon_core.package_identification:_identify(.) by extensions ['cmake', 'python']
[0.206s] Level 1:colcon.colcon_core.package_identification:_identify(.) by extension 'cmake'
[0.206s] Level 1:colcon.colcon_core.package_identification:_identify(.) by extension 'python'
[0.206s] Level 1:colcon.colcon_core.package_identification:_identify(.) by extensions ['python_setup_py']
[0.206s] Level 1:colcon.colcon_core.package_identification:_identify(.) by extension 'python_setup_py'
[0.206s] Level 1:colcon.colcon_core.package_identification:_identify(build) by extensions ['ignore', 'ignore_ament_install']
[0.206s] Level 1:colcon.colcon_core.package_identification:_identify(build) by extension 'ignore'
[0.206s] Level 1:colcon.colcon_core.package_identification:_identify(build) ignored
[0.206s] Level 1:colcon.colcon_core.package_identification:_identify(install) by extensions ['ignore', 'ignore_ament_install']
[0.206s] Level 1:colcon.colcon_core.package_identification:_identify(install) by extension 'ignore'
[0.206s] Level 1:colcon.colcon_core.package_identification:_identify(install) ignored
[0.207s] Level 1:colcon.colcon_core.package_identification:_identify(log) by extensions ['ignore', 'ignore_ament_install']
[0.207s] Level 1:colcon.colcon_core.package_identification:_identify(log) by extension 'ignore'
[0.207s] Level 1:colcon.colcon_core.package_identification:_identify(log) ignored
[0.207s] Level 1:colcon.colcon_core.package_identification:_identify(src) by extensions ['ignore', 'ignore_ament_install']
[0.207s] Level 1:colcon.colcon_core.package_identification:_identify(src) by extension 'ignore'
[0.207s] Level 1:colcon.colcon_core.package_identification:_identify(src) by extension 'ignore_ament_install'
[0.207s] Level 1:colcon.colcon_core.package_identification:_identify(src) by extensions ['colcon_pkg']
[0.207s] Level 1:colcon.colcon_core.package_identification:_identify(src) by extension 'colcon_pkg'
[0.207s] Level 1:colcon.colcon_core.package_identification:_identify(src) by extensions ['colcon_meta']
[0.207s] Level 1:colcon.colcon_core.package_identification:_identify(src) by extension 'colcon_meta'
[0.207s] Level 1:colcon.colcon_core.package_identification:_identify(src) by extensions ['ros']
[0.207s] Level 1:colcon.colcon_core.package_identification:_identify(src) by extension 'ros'
[0.207s] Level 1:colcon.colcon_core.package_identification:_identify(src) by extensions ['cmake', 'python']
[0.207s] Level 1:colcon.colcon_core.package_identification:_identify(src) by extension 'cmake'
[0.207s] Level 1:colcon.colcon_core.package_identification:_identify(src) by extension 'python'
[0.207s] Level 1:colcon.colcon_core.package_identification:_identify(src) by extensions ['python_setup_py']
[0.207s] Level 1:colcon.colcon_core.package_identification:_identify(src) by extension 'python_setup_py'
[0.207s] Level 1:colcon.colcon_core.package_identification:_identify(src/base_interfaces_demo) by extensions ['ignore', 'ignore_ament_install']
[0.207s] Level 1:colcon.colcon_core.package_identification:_identify(src/base_interfaces_demo) by extension 'ignore'
[0.207s] Level 1:colcon.colcon_core.package_identification:_identify(src/base_interfaces_demo) by extension 'ignore_ament_install'
[0.207s] Level 1:colcon.colcon_core.package_identification:_identify(src/base_interfaces_demo) by extensions ['colcon_pkg']
[0.207s] Level 1:colcon.colcon_core.package_identification:_identify(src/base_interfaces_demo) by extension 'colcon_pkg'
[0.207s] Level 1:colcon.colcon_core.package_identification:_identify(src/base_interfaces_demo) by extensions ['colcon_meta']
[0.207s] Level 1:colcon.colcon_core.package_identification:_identify(src/base_interfaces_demo) by extension 'colcon_meta'
[0.207s] Level 1:colcon.colcon_core.package_identification:_identify(src/base_interfaces_demo) by extensions ['ros']
[0.207s] Level 1:colcon.colcon_core.package_identification:_identify(src/base_interfaces_demo) by extension 'ros'
[0.209s] DEBUG:colcon.colcon_core.package_identification:Package 'src/base_interfaces_demo' with type 'ros.ament_cmake' and name 'base_interfaces_demo'
[0.209s] Level 1:colcon.colcon_core.package_identification:_identify(src/cpp01_topic) by extensions ['ignore', 'ignore_ament_install']
[0.209s] Level 1:colcon.colcon_core.package_identification:_identify(src/cpp01_topic) by extension 'ignore'
[0.209s] Level 1:colcon.colcon_core.package_identification:_identify(src/cpp01_topic) by extension 'ignore_ament_install'
[0.209s] Level 1:colcon.colcon_core.package_identification:_identify(src/cpp01_topic) by extensions ['colcon_pkg']
[0.209s] Level 1:colcon.colcon_core.package_identification:_identify(src/cpp01_topic) by extension 'colcon_pkg'
[0.209s] Level 1:colcon.colcon_core.package_identification:_identify(src/cpp01_topic) by extensions ['colcon_meta']
[0.209s] Level 1:colcon.colcon_core.package_identification:_identify(src/cpp01_topic) by extension 'colcon_meta'
[0.209s] Level 1:colcon.colcon_core.package_identification:_identify(src/cpp01_topic) by extensions ['ros']
[0.209s] Level 1:colcon.colcon_core.package_identification:_identify(src/cpp01_topic) by extension 'ros'
[0.209s] DEBUG:colcon.colcon_core.package_identification:Package 'src/cpp01_topic' with type 'ros.ament_cmake' and name 'cpp01_topic'
[0.209s] Level 1:colcon.colcon_core.package_identification:_identify(src/cpp02_service) by extensions ['ignore', 'ignore_ament_install']
[0.209s] Level 1:colcon.colcon_core.package_identification:_identify(src/cpp02_service) by extension 'ignore'
[0.209s] Level 1:colcon.colcon_core.package_identification:_identify(src/cpp02_service) by extension 'ignore_ament_install'
[0.209s] Level 1:colcon.colcon_core.package_identification:_identify(src/cpp02_service) by extensions ['colcon_pkg']
[0.210s] Level 1:colcon.colcon_core.package_identification:_identify(src/cpp02_service) by extension 'colcon_pkg'
[0.210s] Level 1:colcon.colcon_core.package_identification:_identify(src/cpp02_service) by extensions ['colcon_meta']
[0.210s] Level 1:colcon.colcon_core.package_identification:_identify(src/cpp02_service) by extension 'colcon_meta'
[0.210s] Level 1:colcon.colcon_core.package_identification:_identify(src/cpp02_service) by extensions ['ros']
[0.210s] Level 1:colcon.colcon_core.package_identification:_identify(src/cpp02_service) by extension 'ros'
[0.210s] DEBUG:colcon.colcon_core.package_identification:Package 'src/cpp02_service' with type 'ros.ament_cmake' and name 'cpp02_service'
[0.210s] Level 1:colcon.colcon_core.package_discovery:discover_packages(recursive) using defaults
[0.210s] Level 1:colcon.colcon_core.package_discovery:discover_packages(ignore) discover
[0.210s] Level 1:colcon.colcon_core.package_discovery:discover_packages(ignore) using defaults
[0.210s] Level 1:colcon.colcon_core.package_discovery:discover_packages(path) discover
[0.210s] Level 1:colcon.colcon_core.package_discovery:discover_packages(path) using defaults
[0.224s] INFO:colcon.colcon_core.package_selection:Skipping not selected package 'base_interfaces_demo' in 'src/base_interfaces_demo'
[0.224s] INFO:colcon.colcon_core.package_selection:Skipping not selected package 'cpp01_topic' in 'src/cpp01_topic'
[0.224s] Level 1:colcon.colcon_core.package_discovery:discover_packages(prefix_path) check parameters
[0.224s] Level 1:colcon.colcon_core.package_discovery:discover_packages(prefix_path) discover
[0.226s] DEBUG:colcon.colcon_installed_package_information.package_discovery:Found 2 installed packages in /home/tungchiahui/mysource/ros2src/3.ws01_plumbing/install
[0.227s] DEBUG:colcon.colcon_installed_package_information.package_discovery:Found 274 installed packages in /opt/ros/humble
[0.228s] Level 1:colcon.colcon_core.package_discovery:discover_packages(prefix_path) using defaults
[0.263s] Level 5:colcon.colcon_core.verb:set package 'cpp02_service' build argument 'cmake_args' from command line to 'None'
[0.263s] Level 5:colcon.colcon_core.verb:set package 'cpp02_service' build argument 'cmake_target' from command line to 'None'
[0.263s] Level 5:colcon.colcon_core.verb:set package 'cpp02_service' build argument 'cmake_target_skip_unavailable' from command line to 'False'
[0.263s] Level 5:colcon.colcon_core.verb:set package 'cpp02_service' build argument 'cmake_clean_cache' from command line to 'False'
[0.263s] Level 5:colcon.colcon_core.verb:set package 'cpp02_service' build argument 'cmake_clean_first' from command line to 'False'
[0.263s] Level 5:colcon.colcon_core.verb:set package 'cpp02_service' build argument 'cmake_force_configure' from command line to 'False'
[0.263s] Level 5:colcon.colcon_core.verb:set package 'cpp02_service' build argument 'ament_cmake_args' from command line to 'None'
[0.263s] Level 5:colcon.colcon_core.verb:set package 'cpp02_service' build argument 'catkin_cmake_args' from command line to 'None'
[0.263s] Level 5:colcon.colcon_core.verb:set package 'cpp02_service' build argument 'catkin_skip_building_tests' from command line to 'False'
[0.263s] DEBUG:colcon.colcon_core.verb:Building package 'cpp02_service' with the following arguments: {'ament_cmake_args': None, 'build_base': '/home/tungchiahui/mysource/ros2src/3.ws01_plumbing/build/cpp02_service', 'catkin_cmake_args': None, 'catkin_skip_building_tests': False, 'cmake_args': None, 'cmake_clean_cache': False, 'cmake_clean_first': False, 'cmake_force_configure': False, 'cmake_target': None, 'cmake_target_skip_unavailable': False, 'install_base': '/home/tungchiahui/mysource/ros2src/3.ws01_plumbing/install/cpp02_service', 'merge_install': False, 'path': '/home/tungchiahui/mysource/ros2src/3.ws01_plumbing/src/cpp02_service', 'symlink_install': False, 'test_result_base': None}
[0.264s] INFO:colcon.colcon_core.executor:Executing jobs using 'parallel' executor
[0.266s] DEBUG:colcon.colcon_parallel_executor.executor.parallel:run_until_complete
[0.266s] INFO:colcon.colcon_ros.task.ament_cmake.build:Building ROS package in '/home/tungchiahui/mysource/ros2src/3.ws01_plumbing/src/cpp02_service' with build type 'ament_cmake'
[0.266s] INFO:colcon.colcon_cmake.task.cmake.build:Building CMake package in '/home/tungchiahui/mysource/ros2src/3.ws01_plumbing/src/cpp02_service'
[0.269s] INFO:colcon.colcon_core.plugin_system:Skipping extension 'colcon_core.shell.bat': Not used on non-Windows systems
[0.269s] INFO:colcon.colcon_core.shell:Skip shell extension 'powershell' for command environment: Not usable outside of PowerShell
[0.269s] DEBUG:colcon.colcon_core.shell:Skip shell extension 'dsv' for command environment
[0.277s] DEBUG:colcon.colcon_core.event_handler.log_command:Invoking command in '/home/tungchiahui/mysource/ros2src/3.ws01_plumbing/build/cpp02_service': CMAKE_PREFIX_PATH=/home/tungchiahui/mysource/ros2src/3.ws01_plumbing/install/base_interfaces_demo:/home/tungchiahui/mysource/ros2src/3.ws01_plumbing/install/cpp01_topic:/opt/ros/humble /usr/bin/cmake /home/tungchiahui/mysource/ros2src/3.ws01_plumbing/src/cpp02_service -DCMAKE_INSTALL_PREFIX=/home/tungchiahui/mysource/ros2src/3.ws01_plumbing/install/cpp02_service
[1.151s] DEBUG:colcon.colcon_core.event_handler.log_command:Invoked command in '/home/tungchiahui/mysource/ros2src/3.ws01_plumbing/build/cpp02_service' returned '0': CMAKE_PREFIX_PATH=/home/tungchiahui/mysource/ros2src/3.ws01_plumbing/install/base_interfaces_demo:/home/tungchiahui/mysource/ros2src/3.ws01_plumbing/install/cpp01_topic:/opt/ros/humble /usr/bin/cmake /home/tungchiahui/mysource/ros2src/3.ws01_plumbing/src/cpp02_service -DCMAKE_INSTALL_PREFIX=/home/tungchiahui/mysource/ros2src/3.ws01_plumbing/install/cpp02_service
[1.151s] DEBUG:colcon.colcon_core.event_handler.log_command:Invoking command in '/home/tungchiahui/mysource/ros2src/3.ws01_plumbing/build/cpp02_service': CMAKE_PREFIX_PATH=/home/tungchiahui/mysource/ros2src/3.ws01_plumbing/install/base_interfaces_demo:/home/tungchiahui/mysource/ros2src/3.ws01_plumbing/install/cpp01_topic:/opt/ros/humble /usr/bin/cmake --build /home/tungchiahui/mysource/ros2src/3.ws01_plumbing/build/cpp02_service -- -j16 -l16
[3.181s] DEBUG:colcon.colcon_core.event_handler.log_command:Invoked command in '/home/tungchiahui/mysource/ros2src/3.ws01_plumbing/build/cpp02_service' returned '0': CMAKE_PREFIX_PATH=/home/tungchiahui/mysource/ros2src/3.ws01_plumbing/install/base_interfaces_demo:/home/tungchiahui/mysource/ros2src/3.ws01_plumbing/install/cpp01_topic:/opt/ros/humble /usr/bin/cmake --build /home/tungchiahui/mysource/ros2src/3.ws01_plumbing/build/cpp02_service -- -j16 -l16
[3.201s] DEBUG:colcon.colcon_core.event_handler.log_command:Invoking command in '/home/tungchiahui/mysource/ros2src/3.ws01_plumbing/build/cpp02_service': CMAKE_PREFIX_PATH=/home/tungchiahui/mysource/ros2src/3.ws01_plumbing/install/base_interfaces_demo:/home/tungchiahui/mysource/ros2src/3.ws01_plumbing/install/cpp01_topic:/opt/ros/humble /usr/bin/cmake --install /home/tungchiahui/mysource/ros2src/3.ws01_plumbing/build/cpp02_service
[3.207s] Level 1:colcon.colcon_core.environment:create_environment_scripts_only(cpp02_service)
[3.208s] DEBUG:colcon.colcon_core.event_handler.log_command:Invoked command in '/home/tungchiahui/mysource/ros2src/3.ws01_plumbing/build/cpp02_service' returned '0': CMAKE_PREFIX_PATH=/home/tungchiahui/mysource/ros2src/3.ws01_plumbing/install/base_interfaces_demo:/home/tungchiahui/mysource/ros2src/3.ws01_plumbing/install/cpp01_topic:/opt/ros/humble /usr/bin/cmake --install /home/tungchiahui/mysource/ros2src/3.ws01_plumbing/build/cpp02_service
[3.212s] Level 1:colcon.colcon_core.environment:checking '/home/tungchiahui/mysource/ros2src/3.ws01_plumbing/install/cpp02_service' for CMake module files
[3.212s] Level 1:colcon.colcon_core.environment:checking '/home/tungchiahui/mysource/ros2src/3.ws01_plumbing/install/cpp02_service' for CMake config files
[3.212s] Level 1:colcon.colcon_core.shell:create_environment_hook('cpp02_service', 'cmake_prefix_path')
[3.213s] INFO:colcon.colcon_core.shell:Creating environment hook '/home/tungchiahui/mysource/ros2src/3.ws01_plumbing/install/cpp02_service/share/cpp02_service/hook/cmake_prefix_path.ps1'
[3.213s] INFO:colcon.colcon_core.shell:Creating environment descriptor '/home/tungchiahui/mysource/ros2src/3.ws01_plumbing/install/cpp02_service/share/cpp02_service/hook/cmake_prefix_path.dsv'
[3.213s] INFO:colcon.colcon_core.shell:Creating environment hook '/home/tungchiahui/mysource/ros2src/3.ws01_plumbing/install/cpp02_service/share/cpp02_service/hook/cmake_prefix_path.sh'
[3.214s] Level 1:colcon.colcon_core.environment:checking '/home/tungchiahui/mysource/ros2src/3.ws01_plumbing/install/cpp02_service/lib'
[3.214s] Level 1:colcon.colcon_core.environment:checking '/home/tungchiahui/mysource/ros2src/3.ws01_plumbing/install/cpp02_service/bin'
[3.214s] Level 1:colcon.colcon_core.environment:checking '/home/tungchiahui/mysource/ros2src/3.ws01_plumbing/install/cpp02_service/lib/pkgconfig/cpp02_service.pc'
[3.215s] Level 1:colcon.colcon_core.environment:checking '/home/tungchiahui/mysource/ros2src/3.ws01_plumbing/install/cpp02_service/lib/python3.10/site-packages'
[3.215s] Level 1:colcon.colcon_core.environment:checking '/home/tungchiahui/mysource/ros2src/3.ws01_plumbing/install/cpp02_service/bin'
[3.215s] INFO:colcon.colcon_core.shell:Creating package script '/home/tungchiahui/mysource/ros2src/3.ws01_plumbing/install/cpp02_service/share/cpp02_service/package.ps1'
[3.216s] INFO:colcon.colcon_core.shell:Creating package descriptor '/home/tungchiahui/mysource/ros2src/3.ws01_plumbing/install/cpp02_service/share/cpp02_service/package.dsv'
[3.216s] INFO:colcon.colcon_core.shell:Creating package script '/home/tungchiahui/mysource/ros2src/3.ws01_plumbing/install/cpp02_service/share/cpp02_service/package.sh'
[3.217s] INFO:colcon.colcon_core.shell:Creating package script '/home/tungchiahui/mysource/ros2src/3.ws01_plumbing/install/cpp02_service/share/cpp02_service/package.bash'
[3.217s] INFO:colcon.colcon_core.shell:Creating package script '/home/tungchiahui/mysource/ros2src/3.ws01_plumbing/install/cpp02_service/share/cpp02_service/package.zsh'
[3.218s] Level 1:colcon.colcon_core.environment:create_file_with_runtime_dependencies(/home/tungchiahui/mysource/ros2src/3.ws01_plumbing/install/cpp02_service/share/colcon-core/packages/cpp02_service)
[3.235s] Level 1:colcon.colcon_core.environment:create_environment_scripts_only(cpp02_service)
[3.236s] Level 1:colcon.colcon_core.environment:checking '/home/tungchiahui/mysource/ros2src/3.ws01_plumbing/install/cpp02_service' for CMake module files
[3.237s] Level 1:colcon.colcon_core.environment:checking '/home/tungchiahui/mysource/ros2src/3.ws01_plumbing/install/cpp02_service' for CMake config files
[3.237s] Level 1:colcon.colcon_core.shell:create_environment_hook('cpp02_service', 'cmake_prefix_path')
[3.237s] INFO:colcon.colcon_core.shell:Creating environment hook '/home/tungchiahui/mysource/ros2src/3.ws01_plumbing/install/cpp02_service/share/cpp02_service/hook/cmake_prefix_path.ps1'
[3.238s] INFO:colcon.colcon_core.shell:Creating environment descriptor '/home/tungchiahui/mysource/ros2src/3.ws01_plumbing/install/cpp02_service/share/cpp02_service/hook/cmake_prefix_path.dsv'
[3.238s] INFO:colcon.colcon_core.shell:Creating environment hook '/home/tungchiahui/mysource/ros2src/3.ws01_plumbing/install/cpp02_service/share/cpp02_service/hook/cmake_prefix_path.sh'
[3.238s] Level 1:colcon.colcon_core.environment:checking '/home/tungchiahui/mysource/ros2src/3.ws01_plumbing/install/cpp02_service/lib'
[3.238s] Level 1:colcon.colcon_core.environment:checking '/home/tungchiahui/mysource/ros2src/3.ws01_plumbing/install/cpp02_service/bin'
[3.238s] Level 1:colcon.colcon_core.environment:checking '/home/tungchiahui/mysource/ros2src/3.ws01_plumbing/install/cpp02_service/lib/pkgconfig/cpp02_service.pc'
[3.238s] Level 1:colcon.colcon_core.environment:checking '/home/tungchiahui/mysource/ros2src/3.ws01_plumbing/install/cpp02_service/lib/python3.10/site-packages'
[3.238s] Level 1:colcon.colcon_core.environment:checking '/home/tungchiahui/mysource/ros2src/3.ws01_plumbing/install/cpp02_service/bin'
[3.239s] INFO:colcon.colcon_core.shell:Creating package script '/home/tungchiahui/mysource/ros2src/3.ws01_plumbing/install/cpp02_service/share/cpp02_service/package.ps1'
[3.240s] INFO:colcon.colcon_core.shell:Creating package descriptor '/home/tungchiahui/mysource/ros2src/3.ws01_plumbing/install/cpp02_service/share/cpp02_service/package.dsv'
[3.240s] INFO:colcon.colcon_core.shell:Creating package script '/home/tungchiahui/mysource/ros2src/3.ws01_plumbing/install/cpp02_service/share/cpp02_service/package.sh'
[3.240s] INFO:colcon.colcon_core.shell:Creating package script '/home/tungchiahui/mysource/ros2src/3.ws01_plumbing/install/cpp02_service/share/cpp02_service/package.bash'
[3.240s] INFO:colcon.colcon_core.shell:Creating package script '/home/tungchiahui/mysource/ros2src/3.ws01_plumbing/install/cpp02_service/share/cpp02_service/package.zsh'
[3.241s] Level 1:colcon.colcon_core.environment:create_file_with_runtime_dependencies(/home/tungchiahui/mysource/ros2src/3.ws01_plumbing/install/cpp02_service/share/colcon-core/packages/cpp02_service)
[3.241s] DEBUG:colcon.colcon_parallel_executor.executor.parallel:closing loop
[3.241s] DEBUG:colcon.colcon_parallel_executor.executor.parallel:loop closed
[3.241s] DEBUG:colcon.colcon_parallel_executor.executor.parallel:run_until_complete finished with '0'
[3.241s] DEBUG:colcon.colcon_core.event_reactor:joining thread
[3.244s] INFO:colcon.colcon_core.plugin_system:Skipping extension 'colcon_notification.desktop_notification.terminal_notifier': Not used on non-Darwin systems
[3.244s] INFO:colcon.colcon_core.plugin_system:Skipping extension 'colcon_notification.desktop_notification.win32': Not used on non-Windows systems
[3.245s] INFO:colcon.colcon_notification.desktop_notification:Sending desktop notification using 'notify2'
[3.258s] DEBUG:colcon.colcon_core.event_reactor:joined thread
[3.259s] INFO:colcon.colcon_core.shell:Creating prefix script '/home/tungchiahui/mysource/ros2src/3.ws01_plumbing/install/local_setup.ps1'
[3.260s] INFO:colcon.colcon_core.shell:Creating prefix util module '/home/tungchiahui/mysource/ros2src/3.ws01_plumbing/install/_local_setup_util_ps1.py'
[3.261s] INFO:colcon.colcon_core.shell:Creating prefix chain script '/home/tungchiahui/mysource/ros2src/3.ws01_plumbing/install/setup.ps1'
[3.262s] INFO:colcon.colcon_core.shell:Creating prefix script '/home/tungchiahui/mysource/ros2src/3.ws01_plumbing/install/local_setup.sh'
[3.262s] INFO:colcon.colcon_core.shell:Creating prefix util module '/home/tungchiahui/mysource/ros2src/3.ws01_plumbing/install/_local_setup_util_sh.py'
[3.263s] INFO:colcon.colcon_core.shell:Creating prefix chain script '/home/tungchiahui/mysource/ros2src/3.ws01_plumbing/install/setup.sh'
[3.264s] INFO:colcon.colcon_core.shell:Creating prefix script '/home/tungchiahui/mysource/ros2src/3.ws01_plumbing/install/local_setup.bash'
[3.264s] INFO:colcon.colcon_core.shell:Creating prefix chain script '/home/tungchiahui/mysource/ros2src/3.ws01_plumbing/install/setup.bash'
[3.265s] INFO:colcon.colcon_core.shell:Creating prefix script '/home/tungchiahui/mysource/ros2src/3.ws01_plumbing/install/local_setup.zsh'
[3.265s] INFO:colcon.colcon_core.shell:Creating prefix chain script '/home/tungchiahui/mysource/ros2src/3.ws01_plumbing/install/setup.zsh'
