running egg_info
creating ../../build/pkg04_hellovscode_py/pkg04_hellovscode_py.egg-info
writing ../../build/pkg04_hellovscode_py/pkg04_hellovscode_py.egg-info/PKG-INFO
writing dependency_links to ../../build/pkg04_hellovscode_py/pkg04_hellovscode_py.egg-info/dependency_links.txt
writing entry points to ../../build/pkg04_hellovscode_py/pkg04_hellovscode_py.egg-info/entry_points.txt
writing requirements to ../../build/pkg04_hellovscode_py/pkg04_hellovscode_py.egg-info/requires.txt
writing top-level names to ../../build/pkg04_hellovscode_py/pkg04_hellovscode_py.egg-info/top_level.txt
writing manifest file '../../build/pkg04_hellovscode_py/pkg04_hellovscode_py.egg-info/SOURCES.txt'
reading manifest file '../../build/pkg04_hellovscode_py/pkg04_hellovscode_py.egg-info/SOURCES.txt'
writing manifest file '../../build/pkg04_hellovscode_py/pkg04_hellovscode_py.egg-info/SOURCES.txt'
running build
running build_py
creating /home/tungchiahui/mysource/ros2src/1.demo_ws/build/pkg04_hellovscode_py/build
creating /home/tungchiahui/mysource/ros2src/1.demo_ws/build/pkg04_hellovscode_py/build/lib
creating /home/tungchiahui/mysource/ros2src/1.demo_ws/build/pkg04_hellovscode_py/build/lib/pkg04_hellovscode_py
copying pkg04_hellovscode_py/hellovscode.py -> /home/tungchiahui/mysource/ros2src/1.demo_ws/build/pkg04_hellovscode_py/build/lib/pkg04_hellovscode_py
copying pkg04_hellovscode_py/__init__.py -> /home/tungchiahui/mysource/ros2src/1.demo_ws/build/pkg04_hellovscode_py/build/lib/pkg04_hellovscode_py
running install
/usr/lib/python3/dist-packages/setuptools/command/install.py:34: SetuptoolsDeprecationWarning: setup.py install is deprecated. Use build and pip and other standards-based tools.
  warnings.warn(
running install_lib
creating /home/tungchiahui/mysource/ros2src/1.demo_ws/install/pkg04_hellovscode_py/lib/python3.10/site-packages/pkg04_hellovscode_py
copying /home/tungchiahui/mysource/ros2src/1.demo_ws/build/pkg04_hellovscode_py/build/lib/pkg04_hellovscode_py/hellovscode.py -> /home/tungchiahui/mysource/ros2src/1.demo_ws/install/pkg04_hellovscode_py/lib/python3.10/site-packages/pkg04_hellovscode_py
copying /home/tungchiahui/mysource/ros2src/1.demo_ws/build/pkg04_hellovscode_py/build/lib/pkg04_hellovscode_py/__init__.py -> /home/tungchiahui/mysource/ros2src/1.demo_ws/install/pkg04_hellovscode_py/lib/python3.10/site-packages/pkg04_hellovscode_py
byte-compiling /home/tungchiahui/mysource/ros2src/1.demo_ws/install/pkg04_hellovscode_py/lib/python3.10/site-packages/pkg04_hellovscode_py/hellovscode.py to hellovscode.cpython-310.pyc
byte-compiling /home/tungchiahui/mysource/ros2src/1.demo_ws/install/pkg04_hellovscode_py/lib/python3.10/site-packages/pkg04_hellovscode_py/__init__.py to __init__.cpython-310.pyc
running install_data
creating /home/tungchiahui/mysource/ros2src/1.demo_ws/install/pkg04_hellovscode_py/share/ament_index
creating /home/tungchiahui/mysource/ros2src/1.demo_ws/install/pkg04_hellovscode_py/share/ament_index/resource_index
creating /home/tungchiahui/mysource/ros2src/1.demo_ws/install/pkg04_hellovscode_py/share/ament_index/resource_index/packages
copying resource/pkg04_hellovscode_py -> /home/tungchiahui/mysource/ros2src/1.demo_ws/install/pkg04_hellovscode_py/share/ament_index/resource_index/packages
copying package.xml -> /home/tungchiahui/mysource/ros2src/1.demo_ws/install/pkg04_hellovscode_py/share/pkg04_hellovscode_py
running install_egg_info
Copying ../../build/pkg04_hellovscode_py/pkg04_hellovscode_py.egg-info to /home/tungchiahui/mysource/ros2src/1.demo_ws/install/pkg04_hellovscode_py/lib/python3.10/site-packages/pkg04_hellovscode_py-0.0.0-py3.10.egg-info
running install_scripts
Installing hellovscode script to /home/tungchiahui/mysource/ros2src/1.demo_ws/install/pkg04_hellovscode_py/lib/pkg04_hellovscode_py
writing list of installed files to '/home/tungchiahui/mysource/ros2src/1.demo_ws/build/pkg04_hellovscode_py/install.log'
