[0.505s] Invoking command in '/home/tungchiahui/mysource/ros2src/1.demo_ws/src/pkg04_hellovscode_py': PYTHONPATH=/home/tungchiahui/mysource/ros2src/1.demo_ws/build/pkg04_hellovscode_py/prefix_override:/home/tungchiahui/mysource/ros2src/1.demo_ws/install/pkg04_hellovscode_py/lib/python3.10/site-packages:${PYTHONPATH} /usr/bin/python3 setup.py egg_info --egg-base ../../build/pkg04_hellovscode_py build --build-base /home/tungchiahui/mysource/ros2src/1.demo_ws/build/pkg04_hellovscode_py/build install --record /home/tungchiahui/mysource/ros2src/1.demo_ws/build/pkg04_hellovscode_py/install.log --single-version-externally-managed
[0.637s] running egg_info
[0.637s] creating ../../build/pkg04_hellovscode_py/pkg04_hellovscode_py.egg-info
[0.637s] writing ../../build/pkg04_hellovscode_py/pkg04_hellovscode_py.egg-info/PKG-INFO
[0.637s] writing dependency_links to ../../build/pkg04_hellovscode_py/pkg04_hellovscode_py.egg-info/dependency_links.txt
[0.637s] writing entry points to ../../build/pkg04_hellovscode_py/pkg04_hellovscode_py.egg-info/entry_points.txt
[0.637s] writing requirements to ../../build/pkg04_hellovscode_py/pkg04_hellovscode_py.egg-info/requires.txt
[0.637s] writing top-level names to ../../build/pkg04_hellovscode_py/pkg04_hellovscode_py.egg-info/top_level.txt
[0.637s] writing manifest file '../../build/pkg04_hellovscode_py/pkg04_hellovscode_py.egg-info/SOURCES.txt'
[0.638s] reading manifest file '../../build/pkg04_hellovscode_py/pkg04_hellovscode_py.egg-info/SOURCES.txt'
[0.639s] writing manifest file '../../build/pkg04_hellovscode_py/pkg04_hellovscode_py.egg-info/SOURCES.txt'
[0.639s] running build
[0.639s] running build_py
[0.639s] creating /home/tungchiahui/mysource/ros2src/1.demo_ws/build/pkg04_hellovscode_py/build
[0.639s] creating /home/tungchiahui/mysource/ros2src/1.demo_ws/build/pkg04_hellovscode_py/build/lib
[0.639s] creating /home/tungchiahui/mysource/ros2src/1.demo_ws/build/pkg04_hellovscode_py/build/lib/pkg04_hellovscode_py
[0.639s] copying pkg04_hellovscode_py/hellovscode.py -> /home/tungchiahui/mysource/ros2src/1.demo_ws/build/pkg04_hellovscode_py/build/lib/pkg04_hellovscode_py
[0.640s] copying pkg04_hellovscode_py/__init__.py -> /home/tungchiahui/mysource/ros2src/1.demo_ws/build/pkg04_hellovscode_py/build/lib/pkg04_hellovscode_py
[0.640s] running install
[0.640s] /usr/lib/python3/dist-packages/setuptools/command/install.py:34: SetuptoolsDeprecationWarning: setup.py install is deprecated. Use build and pip and other standards-based tools.
[0.640s]   warnings.warn(
[0.640s] running install_lib
[0.640s] creating /home/tungchiahui/mysource/ros2src/1.demo_ws/install/pkg04_hellovscode_py/lib/python3.10/site-packages/pkg04_hellovscode_py
[0.640s] copying /home/tungchiahui/mysource/ros2src/1.demo_ws/build/pkg04_hellovscode_py/build/lib/pkg04_hellovscode_py/hellovscode.py -> /home/tungchiahui/mysource/ros2src/1.demo_ws/install/pkg04_hellovscode_py/lib/python3.10/site-packages/pkg04_hellovscode_py
[0.640s] copying /home/tungchiahui/mysource/ros2src/1.demo_ws/build/pkg04_hellovscode_py/build/lib/pkg04_hellovscode_py/__init__.py -> /home/tungchiahui/mysource/ros2src/1.demo_ws/install/pkg04_hellovscode_py/lib/python3.10/site-packages/pkg04_hellovscode_py
[0.640s] byte-compiling /home/tungchiahui/mysource/ros2src/1.demo_ws/install/pkg04_hellovscode_py/lib/python3.10/site-packages/pkg04_hellovscode_py/hellovscode.py to hellovscode.cpython-310.pyc
[0.640s] byte-compiling /home/tungchiahui/mysource/ros2src/1.demo_ws/install/pkg04_hellovscode_py/lib/python3.10/site-packages/pkg04_hellovscode_py/__init__.py to __init__.cpython-310.pyc
[0.641s] running install_data
[0.641s] creating /home/tungchiahui/mysource/ros2src/1.demo_ws/install/pkg04_hellovscode_py/share/ament_index
[0.641s] creating /home/tungchiahui/mysource/ros2src/1.demo_ws/install/pkg04_hellovscode_py/share/ament_index/resource_index
[0.641s] creating /home/tungchiahui/mysource/ros2src/1.demo_ws/install/pkg04_hellovscode_py/share/ament_index/resource_index/packages
[0.641s] copying resource/pkg04_hellovscode_py -> /home/tungchiahui/mysource/ros2src/1.demo_ws/install/pkg04_hellovscode_py/share/ament_index/resource_index/packages
[0.641s] copying package.xml -> /home/tungchiahui/mysource/ros2src/1.demo_ws/install/pkg04_hellovscode_py/share/pkg04_hellovscode_py
[0.641s] running install_egg_info
[0.642s] Copying ../../build/pkg04_hellovscode_py/pkg04_hellovscode_py.egg-info to /home/tungchiahui/mysource/ros2src/1.demo_ws/install/pkg04_hellovscode_py/lib/python3.10/site-packages/pkg04_hellovscode_py-0.0.0-py3.10.egg-info
[0.642s] running install_scripts
[0.655s] Installing hellovscode script to /home/tungchiahui/mysource/ros2src/1.demo_ws/install/pkg04_hellovscode_py/lib/pkg04_hellovscode_py
[0.655s] writing list of installed files to '/home/tungchiahui/mysource/ros2src/1.demo_ws/build/pkg04_hellovscode_py/install.log'
[0.677s] Invoked command in '/home/tungchiahui/mysource/ros2src/1.demo_ws/src/pkg04_hellovscode_py' returned '0': PYTHONPATH=/home/tungchiahui/mysource/ros2src/1.demo_ws/build/pkg04_hellovscode_py/prefix_override:/home/tungchiahui/mysource/ros2src/1.demo_ws/install/pkg04_hellovscode_py/lib/python3.10/site-packages:${PYTHONPATH} /usr/bin/python3 setup.py egg_info --egg-base ../../build/pkg04_hellovscode_py build --build-base /home/tungchiahui/mysource/ros2src/1.demo_ws/build/pkg04_hellovscode_py/build install --record /home/tungchiahui/mysource/ros2src/1.demo_ws/build/pkg04_hellovscode_py/install.log --single-version-externally-managed
