[0.072s] DEBUG:colcon:Command line arguments: ['/usr/bin/colcon', 'build', '--packages-select', 'mycar_navigation2']
[0.072s] DEBUG:colcon:Parsed command line arguments: Namespace(log_base=None, log_level=None, verb_name='build', build_base='build', install_base='install', merge_install=False, symlink_install=False, test_result_base=None, continue_on_error=False, executor='parallel', parallel_workers=16, event_handlers=None, ignore_user_meta=False, metas=['./colcon.meta'], base_paths=['.'], packages_ignore=None, packages_ignore_regex=None, paths=None, packages_up_to=None, packages_up_to_regex=None, packages_above=None, packages_above_and_dependencies=None, packages_above_depth=None, packages_select_by_dep=None, packages_skip_by_dep=None, packages_skip_up_to=None, packages_select_build_failed=False, packages_skip_build_finished=False, packages_select_test_failures=False, packages_skip_test_passed=False, packages_select=['mycar_navigation2'], packages_skip=None, packages_select_regex=None, packages_skip_regex=None, packages_start=None, packages_end=None, allow_overriding=[], cmake_args=None, cmake_target=None, cmake_target_skip_unavailable=False, cmake_clean_cache=False, cmake_clean_first=False, cmake_force_configure=False, ament_cmake_args=None, catkin_cmake_args=None, catkin_skip_building_tests=False, mixin_files=None, mixin=None, verb_parser=<colcon_mixin.mixin.mixin_argument.MixinArgumentDecorator object at 0x7fd067b5d480>, verb_extension=<colcon_core.verb.build.BuildVerb object at 0x7fd067c5e380>, main=<bound method BuildVerb.main of <colcon_core.verb.build.BuildVerb object at 0x7fd067c5e380>>, mixin_verb=('build',))
[0.176s] Level 1:colcon.colcon_core.package_discovery:discover_packages(colcon_meta) check parameters
[0.176s] Level 1:colcon.colcon_core.package_discovery:discover_packages(recursive) check parameters
[0.176s] Level 1:colcon.colcon_core.package_discovery:discover_packages(ignore) check parameters
[0.176s] Level 1:colcon.colcon_core.package_discovery:discover_packages(path) check parameters
[0.176s] Level 1:colcon.colcon_core.package_discovery:discover_packages(colcon_meta) discover
[0.176s] Level 1:colcon.colcon_core.package_discovery:discover_packages(recursive) discover
[0.176s] INFO:colcon.colcon_core.package_discovery:Crawling recursively for packages in '/home/tungchiahui/UserFloder/mysource/ROS/ROS2_WS/7.ws_navigation'
[0.176s] Level 1:colcon.colcon_core.package_identification:_identify(.) by extensions ['ignore', 'ignore_ament_install']
[0.176s] Level 1:colcon.colcon_core.package_identification:_identify(.) by extension 'ignore'
[0.176s] Level 1:colcon.colcon_core.package_identification:_identify(.) by extension 'ignore_ament_install'
[0.176s] Level 1:colcon.colcon_core.package_identification:_identify(.) by extensions ['colcon_pkg']
[0.177s] Level 1:colcon.colcon_core.package_identification:_identify(.) by extension 'colcon_pkg'
[0.177s] Level 1:colcon.colcon_core.package_identification:_identify(.) by extensions ['colcon_meta']
[0.177s] Level 1:colcon.colcon_core.package_identification:_identify(.) by extension 'colcon_meta'
[0.177s] Level 1:colcon.colcon_core.package_identification:_identify(.) by extensions ['ros']
[0.177s] Level 1:colcon.colcon_core.package_identification:_identify(.) by extension 'ros'
[0.184s] Level 1:colcon.colcon_core.package_identification:_identify(.) by extensions ['cmake', 'python']
[0.184s] Level 1:colcon.colcon_core.package_identification:_identify(.) by extension 'cmake'
[0.184s] Level 1:colcon.colcon_core.package_identification:_identify(.) by extension 'python'
[0.184s] Level 1:colcon.colcon_core.package_identification:_identify(.) by extensions ['python_setup_py']
[0.184s] Level 1:colcon.colcon_core.package_identification:_identify(.) by extension 'python_setup_py'
[0.184s] Level 1:colcon.colcon_core.package_identification:_identify(build) by extensions ['ignore', 'ignore_ament_install']
[0.184s] Level 1:colcon.colcon_core.package_identification:_identify(build) by extension 'ignore'
[0.184s] Level 1:colcon.colcon_core.package_identification:_identify(build) ignored
[0.185s] Level 1:colcon.colcon_core.package_identification:_identify(install) by extensions ['ignore', 'ignore_ament_install']
[0.185s] Level 1:colcon.colcon_core.package_identification:_identify(install) by extension 'ignore'
[0.185s] Level 1:colcon.colcon_core.package_identification:_identify(install) ignored
[0.185s] Level 1:colcon.colcon_core.package_identification:_identify(log) by extensions ['ignore', 'ignore_ament_install']
[0.185s] Level 1:colcon.colcon_core.package_identification:_identify(log) by extension 'ignore'
[0.185s] Level 1:colcon.colcon_core.package_identification:_identify(log) ignored
[0.185s] Level 1:colcon.colcon_core.package_identification:_identify(map) by extensions ['ignore', 'ignore_ament_install']
[0.185s] Level 1:colcon.colcon_core.package_identification:_identify(map) by extension 'ignore'
[0.185s] Level 1:colcon.colcon_core.package_identification:_identify(map) by extension 'ignore_ament_install'
[0.185s] Level 1:colcon.colcon_core.package_identification:_identify(map) by extensions ['colcon_pkg']
[0.185s] Level 1:colcon.colcon_core.package_identification:_identify(map) by extension 'colcon_pkg'
[0.185s] Level 1:colcon.colcon_core.package_identification:_identify(map) by extensions ['colcon_meta']
[0.185s] Level 1:colcon.colcon_core.package_identification:_identify(map) by extension 'colcon_meta'
[0.185s] Level 1:colcon.colcon_core.package_identification:_identify(map) by extensions ['ros']
[0.185s] Level 1:colcon.colcon_core.package_identification:_identify(map) by extension 'ros'
[0.185s] Level 1:colcon.colcon_core.package_identification:_identify(map) by extensions ['cmake', 'python']
[0.185s] Level 1:colcon.colcon_core.package_identification:_identify(map) by extension 'cmake'
[0.185s] Level 1:colcon.colcon_core.package_identification:_identify(map) by extension 'python'
[0.185s] Level 1:colcon.colcon_core.package_identification:_identify(map) by extensions ['python_setup_py']
[0.185s] Level 1:colcon.colcon_core.package_identification:_identify(map) by extension 'python_setup_py'
[0.185s] Level 1:colcon.colcon_core.package_identification:_identify(src) by extensions ['ignore', 'ignore_ament_install']
[0.185s] Level 1:colcon.colcon_core.package_identification:_identify(src) by extension 'ignore'
[0.185s] Level 1:colcon.colcon_core.package_identification:_identify(src) by extension 'ignore_ament_install'
[0.186s] Level 1:colcon.colcon_core.package_identification:_identify(src) by extensions ['colcon_pkg']
[0.186s] Level 1:colcon.colcon_core.package_identification:_identify(src) by extension 'colcon_pkg'
[0.186s] Level 1:colcon.colcon_core.package_identification:_identify(src) by extensions ['colcon_meta']
[0.186s] Level 1:colcon.colcon_core.package_identification:_identify(src) by extension 'colcon_meta'
[0.186s] Level 1:colcon.colcon_core.package_identification:_identify(src) by extensions ['ros']
[0.186s] Level 1:colcon.colcon_core.package_identification:_identify(src) by extension 'ros'
[0.186s] Level 1:colcon.colcon_core.package_identification:_identify(src) by extensions ['cmake', 'python']
[0.186s] Level 1:colcon.colcon_core.package_identification:_identify(src) by extension 'cmake'
[0.186s] Level 1:colcon.colcon_core.package_identification:_identify(src) by extension 'python'
[0.186s] Level 1:colcon.colcon_core.package_identification:_identify(src) by extensions ['python_setup_py']
[0.186s] Level 1:colcon.colcon_core.package_identification:_identify(src) by extension 'python_setup_py'
[0.186s] Level 1:colcon.colcon_core.package_identification:_identify(src/mycar_localization) by extensions ['ignore', 'ignore_ament_install']
[0.186s] Level 1:colcon.colcon_core.package_identification:_identify(src/mycar_localization) by extension 'ignore'
[0.186s] Level 1:colcon.colcon_core.package_identification:_identify(src/mycar_localization) by extension 'ignore_ament_install'
[0.186s] Level 1:colcon.colcon_core.package_identification:_identify(src/mycar_localization) by extensions ['colcon_pkg']
[0.186s] Level 1:colcon.colcon_core.package_identification:_identify(src/mycar_localization) by extension 'colcon_pkg'
[0.186s] Level 1:colcon.colcon_core.package_identification:_identify(src/mycar_localization) by extensions ['colcon_meta']
[0.186s] Level 1:colcon.colcon_core.package_identification:_identify(src/mycar_localization) by extension 'colcon_meta'
[0.186s] Level 1:colcon.colcon_core.package_identification:_identify(src/mycar_localization) by extensions ['ros']
[0.186s] Level 1:colcon.colcon_core.package_identification:_identify(src/mycar_localization) by extension 'ros'
[0.188s] DEBUG:colcon.colcon_core.package_identification:Package 'src/mycar_localization' with type 'ros.ament_cmake' and name 'mycar_localization'
[0.188s] Level 1:colcon.colcon_core.package_identification:_identify(src/mycar_map_server) by extensions ['ignore', 'ignore_ament_install']
[0.188s] Level 1:colcon.colcon_core.package_identification:_identify(src/mycar_map_server) by extension 'ignore'
[0.188s] Level 1:colcon.colcon_core.package_identification:_identify(src/mycar_map_server) by extension 'ignore_ament_install'
[0.188s] Level 1:colcon.colcon_core.package_identification:_identify(src/mycar_map_server) by extensions ['colcon_pkg']
[0.188s] Level 1:colcon.colcon_core.package_identification:_identify(src/mycar_map_server) by extension 'colcon_pkg'
[0.188s] Level 1:colcon.colcon_core.package_identification:_identify(src/mycar_map_server) by extensions ['colcon_meta']
[0.188s] Level 1:colcon.colcon_core.package_identification:_identify(src/mycar_map_server) by extension 'colcon_meta'
[0.188s] Level 1:colcon.colcon_core.package_identification:_identify(src/mycar_map_server) by extensions ['ros']
[0.188s] Level 1:colcon.colcon_core.package_identification:_identify(src/mycar_map_server) by extension 'ros'
[0.189s] DEBUG:colcon.colcon_core.package_identification:Package 'src/mycar_map_server' with type 'ros.ament_cmake' and name 'mycar_map_server'
[0.189s] Level 1:colcon.colcon_core.package_identification:_identify(src/mycar_navigation2) by extensions ['ignore', 'ignore_ament_install']
[0.189s] Level 1:colcon.colcon_core.package_identification:_identify(src/mycar_navigation2) by extension 'ignore'
[0.189s] Level 1:colcon.colcon_core.package_identification:_identify(src/mycar_navigation2) by extension 'ignore_ament_install'
[0.189s] Level 1:colcon.colcon_core.package_identification:_identify(src/mycar_navigation2) by extensions ['colcon_pkg']
[0.189s] Level 1:colcon.colcon_core.package_identification:_identify(src/mycar_navigation2) by extension 'colcon_pkg'
[0.189s] Level 1:colcon.colcon_core.package_identification:_identify(src/mycar_navigation2) by extensions ['colcon_meta']
[0.189s] Level 1:colcon.colcon_core.package_identification:_identify(src/mycar_navigation2) by extension 'colcon_meta'
[0.189s] Level 1:colcon.colcon_core.package_identification:_identify(src/mycar_navigation2) by extensions ['ros']
[0.189s] Level 1:colcon.colcon_core.package_identification:_identify(src/mycar_navigation2) by extension 'ros'
[0.189s] DEBUG:colcon.colcon_core.package_identification:Package 'src/mycar_navigation2' with type 'ros.ament_cmake' and name 'mycar_navigation2'
[0.189s] Level 1:colcon.colcon_core.package_identification:_identify(src/mycar_slam_cartographer) by extensions ['ignore', 'ignore_ament_install']
[0.190s] Level 1:colcon.colcon_core.package_identification:_identify(src/mycar_slam_cartographer) by extension 'ignore'
[0.190s] Level 1:colcon.colcon_core.package_identification:_identify(src/mycar_slam_cartographer) by extension 'ignore_ament_install'
[0.190s] Level 1:colcon.colcon_core.package_identification:_identify(src/mycar_slam_cartographer) by extensions ['colcon_pkg']
[0.190s] Level 1:colcon.colcon_core.package_identification:_identify(src/mycar_slam_cartographer) by extension 'colcon_pkg'
[0.190s] Level 1:colcon.colcon_core.package_identification:_identify(src/mycar_slam_cartographer) by extensions ['colcon_meta']
[0.190s] Level 1:colcon.colcon_core.package_identification:_identify(src/mycar_slam_cartographer) by extension 'colcon_meta'
[0.190s] Level 1:colcon.colcon_core.package_identification:_identify(src/mycar_slam_cartographer) by extensions ['ros']
[0.190s] Level 1:colcon.colcon_core.package_identification:_identify(src/mycar_slam_cartographer) by extension 'ros'
[0.190s] DEBUG:colcon.colcon_core.package_identification:Package 'src/mycar_slam_cartographer' with type 'ros.ament_cmake' and name 'mycar_slam_cartographer'
[0.190s] Level 1:colcon.colcon_core.package_identification:_identify(src/mycar_slam_slam_toolbox) by extensions ['ignore', 'ignore_ament_install']
[0.190s] Level 1:colcon.colcon_core.package_identification:_identify(src/mycar_slam_slam_toolbox) by extension 'ignore'
[0.190s] Level 1:colcon.colcon_core.package_identification:_identify(src/mycar_slam_slam_toolbox) by extension 'ignore_ament_install'
[0.190s] Level 1:colcon.colcon_core.package_identification:_identify(src/mycar_slam_slam_toolbox) by extensions ['colcon_pkg']
[0.190s] Level 1:colcon.colcon_core.package_identification:_identify(src/mycar_slam_slam_toolbox) by extension 'colcon_pkg'
[0.190s] Level 1:colcon.colcon_core.package_identification:_identify(src/mycar_slam_slam_toolbox) by extensions ['colcon_meta']
[0.190s] Level 1:colcon.colcon_core.package_identification:_identify(src/mycar_slam_slam_toolbox) by extension 'colcon_meta'
[0.190s] Level 1:colcon.colcon_core.package_identification:_identify(src/mycar_slam_slam_toolbox) by extensions ['ros']
[0.190s] Level 1:colcon.colcon_core.package_identification:_identify(src/mycar_slam_slam_toolbox) by extension 'ros'
[0.191s] DEBUG:colcon.colcon_core.package_identification:Package 'src/mycar_slam_slam_toolbox' with type 'ros.ament_cmake' and name 'mycar_slam_slam_toolbox'
[0.191s] Level 1:colcon.colcon_core.package_discovery:discover_packages(recursive) using defaults
[0.191s] Level 1:colcon.colcon_core.package_discovery:discover_packages(ignore) discover
[0.191s] Level 1:colcon.colcon_core.package_discovery:discover_packages(ignore) using defaults
[0.191s] Level 1:colcon.colcon_core.package_discovery:discover_packages(path) discover
[0.191s] Level 1:colcon.colcon_core.package_discovery:discover_packages(path) using defaults
[0.212s] INFO:colcon.colcon_core.package_selection:Skipping not selected package 'mycar_map_server' in 'src/mycar_map_server'
[0.212s] INFO:colcon.colcon_core.package_selection:Skipping not selected package 'mycar_slam_cartographer' in 'src/mycar_slam_cartographer'
[0.212s] INFO:colcon.colcon_core.package_selection:Skipping not selected package 'mycar_slam_slam_toolbox' in 'src/mycar_slam_slam_toolbox'
[0.212s] INFO:colcon.colcon_core.package_selection:Skipping not selected package 'mycar_localization' in 'src/mycar_localization'
[0.212s] Level 1:colcon.colcon_core.package_discovery:discover_packages(prefix_path) check parameters
[0.212s] Level 1:colcon.colcon_core.package_discovery:discover_packages(prefix_path) discover
[0.213s] DEBUG:colcon.colcon_installed_package_information.package_discovery:Found 4 installed packages in /home/tungchiahui/UserFloder/mysource/ROS/ROS2_WS/7.ws_navigation/install
[0.214s] DEBUG:colcon.colcon_installed_package_information.package_discovery:Found 334 installed packages in /opt/ros/humble
[0.215s] Level 1:colcon.colcon_core.package_discovery:discover_packages(prefix_path) using defaults
[0.243s] Level 5:colcon.colcon_core.verb:set package 'mycar_navigation2' build argument 'cmake_args' from command line to 'None'
[0.243s] Level 5:colcon.colcon_core.verb:set package 'mycar_navigation2' build argument 'cmake_target' from command line to 'None'
[0.243s] Level 5:colcon.colcon_core.verb:set package 'mycar_navigation2' build argument 'cmake_target_skip_unavailable' from command line to 'False'
[0.243s] Level 5:colcon.colcon_core.verb:set package 'mycar_navigation2' build argument 'cmake_clean_cache' from command line to 'False'
[0.243s] Level 5:colcon.colcon_core.verb:set package 'mycar_navigation2' build argument 'cmake_clean_first' from command line to 'False'
[0.243s] Level 5:colcon.colcon_core.verb:set package 'mycar_navigation2' build argument 'cmake_force_configure' from command line to 'False'
[0.243s] Level 5:colcon.colcon_core.verb:set package 'mycar_navigation2' build argument 'ament_cmake_args' from command line to 'None'
[0.243s] Level 5:colcon.colcon_core.verb:set package 'mycar_navigation2' build argument 'catkin_cmake_args' from command line to 'None'
[0.243s] Level 5:colcon.colcon_core.verb:set package 'mycar_navigation2' build argument 'catkin_skip_building_tests' from command line to 'False'
[0.243s] DEBUG:colcon.colcon_core.verb:Building package 'mycar_navigation2' with the following arguments: {'ament_cmake_args': None, 'build_base': '/home/tungchiahui/UserFloder/mysource/ROS/ROS2_WS/7.ws_navigation/build/mycar_navigation2', 'catkin_cmake_args': None, 'catkin_skip_building_tests': False, 'cmake_args': None, 'cmake_clean_cache': False, 'cmake_clean_first': False, 'cmake_force_configure': False, 'cmake_target': None, 'cmake_target_skip_unavailable': False, 'install_base': '/home/tungchiahui/UserFloder/mysource/ROS/ROS2_WS/7.ws_navigation/install/mycar_navigation2', 'merge_install': False, 'path': '/home/tungchiahui/UserFloder/mysource/ROS/ROS2_WS/7.ws_navigation/src/mycar_navigation2', 'symlink_install': False, 'test_result_base': None}
[0.243s] INFO:colcon.colcon_core.executor:Executing jobs using 'parallel' executor
[0.244s] DEBUG:colcon.colcon_parallel_executor.executor.parallel:run_until_complete
[0.244s] INFO:colcon.colcon_ros.task.ament_cmake.build:Building ROS package in '/home/tungchiahui/UserFloder/mysource/ROS/ROS2_WS/7.ws_navigation/src/mycar_navigation2' with build type 'ament_cmake'
[0.245s] INFO:colcon.colcon_cmake.task.cmake.build:Building CMake package in '/home/tungchiahui/UserFloder/mysource/ROS/ROS2_WS/7.ws_navigation/src/mycar_navigation2'
[0.246s] INFO:colcon.colcon_core.plugin_system:Skipping extension 'colcon_core.shell.bat': Not used on non-Windows systems
[0.246s] INFO:colcon.colcon_core.shell:Skip shell extension 'powershell' for command environment: Not usable outside of PowerShell
[0.246s] DEBUG:colcon.colcon_core.shell:Skip shell extension 'dsv' for command environment
[0.252s] DEBUG:colcon.colcon_core.event_handler.log_command:Invoking command in '/home/tungchiahui/UserFloder/mysource/ROS/ROS2_WS/7.ws_navigation/build/mycar_navigation2': CMAKE_PREFIX_PATH=${CMAKE_PREFIX_PATH}:/opt/ros/humble /usr/bin/cmake /home/tungchiahui/UserFloder/mysource/ROS/ROS2_WS/7.ws_navigation/src/mycar_navigation2 -DCMAKE_INSTALL_PREFIX=/home/tungchiahui/UserFloder/mysource/ROS/ROS2_WS/7.ws_navigation/install/mycar_navigation2
[0.658s] DEBUG:colcon.colcon_core.event_handler.log_command:Invoked command in '/home/tungchiahui/UserFloder/mysource/ROS/ROS2_WS/7.ws_navigation/build/mycar_navigation2' returned '0': CMAKE_PREFIX_PATH=${CMAKE_PREFIX_PATH}:/opt/ros/humble /usr/bin/cmake /home/tungchiahui/UserFloder/mysource/ROS/ROS2_WS/7.ws_navigation/src/mycar_navigation2 -DCMAKE_INSTALL_PREFIX=/home/tungchiahui/UserFloder/mysource/ROS/ROS2_WS/7.ws_navigation/install/mycar_navigation2
[0.659s] DEBUG:colcon.colcon_core.event_handler.log_command:Invoking command in '/home/tungchiahui/UserFloder/mysource/ROS/ROS2_WS/7.ws_navigation/build/mycar_navigation2': CMAKE_PREFIX_PATH=${CMAKE_PREFIX_PATH}:/opt/ros/humble /usr/bin/cmake --build /home/tungchiahui/UserFloder/mysource/ROS/ROS2_WS/7.ws_navigation/build/mycar_navigation2 -- -j16 -l16
[0.683s] DEBUG:colcon.colcon_core.event_handler.log_command:Invoked command in '/home/tungchiahui/UserFloder/mysource/ROS/ROS2_WS/7.ws_navigation/build/mycar_navigation2' returned '0': CMAKE_PREFIX_PATH=${CMAKE_PREFIX_PATH}:/opt/ros/humble /usr/bin/cmake --build /home/tungchiahui/UserFloder/mysource/ROS/ROS2_WS/7.ws_navigation/build/mycar_navigation2 -- -j16 -l16
[0.689s] DEBUG:colcon.colcon_core.event_handler.log_command:Invoking command in '/home/tungchiahui/UserFloder/mysource/ROS/ROS2_WS/7.ws_navigation/build/mycar_navigation2': CMAKE_PREFIX_PATH=${CMAKE_PREFIX_PATH}:/opt/ros/humble /usr/bin/cmake --install /home/tungchiahui/UserFloder/mysource/ROS/ROS2_WS/7.ws_navigation/build/mycar_navigation2
[0.695s] Level 1:colcon.colcon_core.environment:create_environment_scripts_only(mycar_navigation2)
[0.696s] DEBUG:colcon.colcon_core.event_handler.log_command:Invoked command in '/home/tungchiahui/UserFloder/mysource/ROS/ROS2_WS/7.ws_navigation/build/mycar_navigation2' returned '0': CMAKE_PREFIX_PATH=${CMAKE_PREFIX_PATH}:/opt/ros/humble /usr/bin/cmake --install /home/tungchiahui/UserFloder/mysource/ROS/ROS2_WS/7.ws_navigation/build/mycar_navigation2
[0.697s] Level 1:colcon.colcon_core.environment:checking '/home/tungchiahui/UserFloder/mysource/ROS/ROS2_WS/7.ws_navigation/install/mycar_navigation2' for CMake module files
[0.698s] Level 1:colcon.colcon_core.environment:checking '/home/tungchiahui/UserFloder/mysource/ROS/ROS2_WS/7.ws_navigation/install/mycar_navigation2' for CMake config files
[0.698s] Level 1:colcon.colcon_core.shell:create_environment_hook('mycar_navigation2', 'cmake_prefix_path')
[0.698s] INFO:colcon.colcon_core.shell:Creating environment hook '/home/tungchiahui/UserFloder/mysource/ROS/ROS2_WS/7.ws_navigation/install/mycar_navigation2/share/mycar_navigation2/hook/cmake_prefix_path.ps1'
[0.698s] INFO:colcon.colcon_core.shell:Creating environment descriptor '/home/tungchiahui/UserFloder/mysource/ROS/ROS2_WS/7.ws_navigation/install/mycar_navigation2/share/mycar_navigation2/hook/cmake_prefix_path.dsv'
[0.699s] INFO:colcon.colcon_core.shell:Creating environment hook '/home/tungchiahui/UserFloder/mysource/ROS/ROS2_WS/7.ws_navigation/install/mycar_navigation2/share/mycar_navigation2/hook/cmake_prefix_path.sh'
[0.699s] Level 1:colcon.colcon_core.environment:checking '/home/tungchiahui/UserFloder/mysource/ROS/ROS2_WS/7.ws_navigation/install/mycar_navigation2/bin'
[0.699s] Level 1:colcon.colcon_core.environment:checking '/home/tungchiahui/UserFloder/mysource/ROS/ROS2_WS/7.ws_navigation/install/mycar_navigation2/lib/pkgconfig/mycar_navigation2.pc'
[0.699s] Level 1:colcon.colcon_core.environment:checking '/home/tungchiahui/UserFloder/mysource/ROS/ROS2_WS/7.ws_navigation/install/mycar_navigation2/lib/python3.10/site-packages'
[0.699s] Level 1:colcon.colcon_core.environment:checking '/home/tungchiahui/UserFloder/mysource/ROS/ROS2_WS/7.ws_navigation/install/mycar_navigation2/bin'
[0.700s] INFO:colcon.colcon_core.shell:Creating package script '/home/tungchiahui/UserFloder/mysource/ROS/ROS2_WS/7.ws_navigation/install/mycar_navigation2/share/mycar_navigation2/package.ps1'
[0.700s] INFO:colcon.colcon_core.shell:Creating package descriptor '/home/tungchiahui/UserFloder/mysource/ROS/ROS2_WS/7.ws_navigation/install/mycar_navigation2/share/mycar_navigation2/package.dsv'
[0.700s] INFO:colcon.colcon_core.shell:Creating package script '/home/tungchiahui/UserFloder/mysource/ROS/ROS2_WS/7.ws_navigation/install/mycar_navigation2/share/mycar_navigation2/package.sh'
[0.701s] INFO:colcon.colcon_core.shell:Creating package script '/home/tungchiahui/UserFloder/mysource/ROS/ROS2_WS/7.ws_navigation/install/mycar_navigation2/share/mycar_navigation2/package.bash'
[0.701s] INFO:colcon.colcon_core.shell:Creating package script '/home/tungchiahui/UserFloder/mysource/ROS/ROS2_WS/7.ws_navigation/install/mycar_navigation2/share/mycar_navigation2/package.zsh'
[0.702s] Level 1:colcon.colcon_core.environment:create_file_with_runtime_dependencies(/home/tungchiahui/UserFloder/mysource/ROS/ROS2_WS/7.ws_navigation/install/mycar_navigation2/share/colcon-core/packages/mycar_navigation2)
[0.702s] Level 1:colcon.colcon_core.environment:create_environment_scripts_only(mycar_navigation2)
[0.702s] Level 1:colcon.colcon_core.environment:checking '/home/tungchiahui/UserFloder/mysource/ROS/ROS2_WS/7.ws_navigation/install/mycar_navigation2' for CMake module files
[0.703s] Level 1:colcon.colcon_core.environment:checking '/home/tungchiahui/UserFloder/mysource/ROS/ROS2_WS/7.ws_navigation/install/mycar_navigation2' for CMake config files
[0.703s] Level 1:colcon.colcon_core.shell:create_environment_hook('mycar_navigation2', 'cmake_prefix_path')
[0.703s] INFO:colcon.colcon_core.shell:Creating environment hook '/home/tungchiahui/UserFloder/mysource/ROS/ROS2_WS/7.ws_navigation/install/mycar_navigation2/share/mycar_navigation2/hook/cmake_prefix_path.ps1'
[0.703s] INFO:colcon.colcon_core.shell:Creating environment descriptor '/home/tungchiahui/UserFloder/mysource/ROS/ROS2_WS/7.ws_navigation/install/mycar_navigation2/share/mycar_navigation2/hook/cmake_prefix_path.dsv'
[0.703s] INFO:colcon.colcon_core.shell:Creating environment hook '/home/tungchiahui/UserFloder/mysource/ROS/ROS2_WS/7.ws_navigation/install/mycar_navigation2/share/mycar_navigation2/hook/cmake_prefix_path.sh'
[0.704s] Level 1:colcon.colcon_core.environment:checking '/home/tungchiahui/UserFloder/mysource/ROS/ROS2_WS/7.ws_navigation/install/mycar_navigation2/bin'
[0.704s] Level 1:colcon.colcon_core.environment:checking '/home/tungchiahui/UserFloder/mysource/ROS/ROS2_WS/7.ws_navigation/install/mycar_navigation2/lib/pkgconfig/mycar_navigation2.pc'
[0.704s] Level 1:colcon.colcon_core.environment:checking '/home/tungchiahui/UserFloder/mysource/ROS/ROS2_WS/7.ws_navigation/install/mycar_navigation2/lib/python3.10/site-packages'
[0.704s] Level 1:colcon.colcon_core.environment:checking '/home/tungchiahui/UserFloder/mysource/ROS/ROS2_WS/7.ws_navigation/install/mycar_navigation2/bin'
[0.704s] INFO:colcon.colcon_core.shell:Creating package script '/home/tungchiahui/UserFloder/mysource/ROS/ROS2_WS/7.ws_navigation/install/mycar_navigation2/share/mycar_navigation2/package.ps1'
[0.704s] INFO:colcon.colcon_core.shell:Creating package descriptor '/home/tungchiahui/UserFloder/mysource/ROS/ROS2_WS/7.ws_navigation/install/mycar_navigation2/share/mycar_navigation2/package.dsv'
[0.705s] INFO:colcon.colcon_core.shell:Creating package script '/home/tungchiahui/UserFloder/mysource/ROS/ROS2_WS/7.ws_navigation/install/mycar_navigation2/share/mycar_navigation2/package.sh'
[0.705s] INFO:colcon.colcon_core.shell:Creating package script '/home/tungchiahui/UserFloder/mysource/ROS/ROS2_WS/7.ws_navigation/install/mycar_navigation2/share/mycar_navigation2/package.bash'
[0.705s] INFO:colcon.colcon_core.shell:Creating package script '/home/tungchiahui/UserFloder/mysource/ROS/ROS2_WS/7.ws_navigation/install/mycar_navigation2/share/mycar_navigation2/package.zsh'
[0.705s] Level 1:colcon.colcon_core.environment:create_file_with_runtime_dependencies(/home/tungchiahui/UserFloder/mysource/ROS/ROS2_WS/7.ws_navigation/install/mycar_navigation2/share/colcon-core/packages/mycar_navigation2)
[0.706s] DEBUG:colcon.colcon_parallel_executor.executor.parallel:closing loop
[0.706s] DEBUG:colcon.colcon_parallel_executor.executor.parallel:loop closed
[0.706s] DEBUG:colcon.colcon_parallel_executor.executor.parallel:run_until_complete finished with '0'
[0.706s] DEBUG:colcon.colcon_core.event_reactor:joining thread
[0.709s] INFO:colcon.colcon_core.plugin_system:Skipping extension 'colcon_notification.desktop_notification.notify_send': Could not find 'notify-send'
[0.709s] INFO:colcon.colcon_core.plugin_system:Skipping extension 'colcon_notification.desktop_notification.terminal_notifier': Not used on non-Darwin systems
[0.709s] INFO:colcon.colcon_core.plugin_system:Skipping extension 'colcon_notification.desktop_notification.win32': Not used on non-Windows systems
[0.709s] INFO:colcon.colcon_notification.desktop_notification:Sending desktop notification using 'notify2'
[0.711s] DEBUG:colcon.colcon_notification.desktop_notification.notify2:Failed to initialize notify2: org.freedesktop.DBus.Error.Spawn.ExecFailed: /usr/bin/dbus-launch terminated abnormally without any error message
[0.711s] DEBUG:colcon.colcon_core.event_reactor:joined thread
[0.711s] INFO:colcon.colcon_core.shell:Creating prefix script '/home/tungchiahui/UserFloder/mysource/ROS/ROS2_WS/7.ws_navigation/install/local_setup.ps1'
[0.712s] INFO:colcon.colcon_core.shell:Creating prefix util module '/home/tungchiahui/UserFloder/mysource/ROS/ROS2_WS/7.ws_navigation/install/_local_setup_util_ps1.py'
[0.713s] INFO:colcon.colcon_core.shell:Creating prefix chain script '/home/tungchiahui/UserFloder/mysource/ROS/ROS2_WS/7.ws_navigation/install/setup.ps1'
[0.714s] INFO:colcon.colcon_core.shell:Creating prefix script '/home/tungchiahui/UserFloder/mysource/ROS/ROS2_WS/7.ws_navigation/install/local_setup.sh'
[0.714s] INFO:colcon.colcon_core.shell:Creating prefix util module '/home/tungchiahui/UserFloder/mysource/ROS/ROS2_WS/7.ws_navigation/install/_local_setup_util_sh.py'
[0.715s] INFO:colcon.colcon_core.shell:Creating prefix chain script '/home/tungchiahui/UserFloder/mysource/ROS/ROS2_WS/7.ws_navigation/install/setup.sh'
[0.715s] INFO:colcon.colcon_core.shell:Creating prefix script '/home/tungchiahui/UserFloder/mysource/ROS/ROS2_WS/7.ws_navigation/install/local_setup.bash'
[0.716s] INFO:colcon.colcon_core.shell:Creating prefix chain script '/home/tungchiahui/UserFloder/mysource/ROS/ROS2_WS/7.ws_navigation/install/setup.bash'
[0.716s] INFO:colcon.colcon_core.shell:Creating prefix script '/home/tungchiahui/UserFloder/mysource/ROS/ROS2_WS/7.ws_navigation/install/local_setup.zsh'
[0.717s] INFO:colcon.colcon_core.shell:Creating prefix chain script '/home/tungchiahui/UserFloder/mysource/ROS/ROS2_WS/7.ws_navigation/install/setup.zsh'
