[0.009s] Invoking command in '/home/tungchiahui/mysource/ros2src/3.ws01_plumbing/build/base_interfaces_demo': CMAKE_PREFIX_PATH=${CMAKE_PREFIX_PATH}:/opt/ros/humble /usr/bin/cmake --build /home/tungchiahui/mysource/ros2src/3.ws01_plumbing/build/base_interfaces_demo -- -j16 -l16
[0.031s] Invoked command in '/home/tungchiahui/mysource/ros2src/3.ws01_plumbing/build/base_interfaces_demo' returned '0': CMAKE_PREFIX_PATH=${CMAKE_PREFIX_PATH}:/opt/ros/humble /usr/bin/cmake --build /home/tungchiahui/mysource/ros2src/3.ws01_plumbing/build/base_interfaces_demo -- -j16 -l16
[0.048s] Invoking command in '/home/tungchiahui/mysource/ros2src/3.ws01_plumbing/build/base_interfaces_demo': CMAKE_PREFIX_PATH=${CMAKE_PREFIX_PATH}:/opt/ros/humble /usr/bin/cmake --install /home/tungchiahui/mysource/ros2src/3.ws01_plumbing/build/base_interfaces_demo
[0.052s] -- Install configuration: ""
[0.052s] -- Up-to-date: /home/tungchiahui/mysource/ros2src/3.ws01_plumbing/install/base_interfaces_demo/share/ament_index/resource_index/package_run_dependencies/base_interfaces_demo
[0.052s] -- Up-to-date: /home/tungchiahui/mysource/ros2src/3.ws01_plumbing/install/base_interfaces_demo/share/ament_index/resource_index/parent_prefix_path/base_interfaces_demo
[0.052s] -- Up-to-date: /home/tungchiahui/mysource/ros2src/3.ws01_plumbing/install/base_interfaces_demo/share/base_interfaces_demo/environment/ament_prefix_path.sh
[0.052s] -- Up-to-date: /home/tungchiahui/mysource/ros2src/3.ws01_plumbing/install/base_interfaces_demo/share/base_interfaces_demo/environment/ament_prefix_path.dsv
[0.052s] -- Up-to-date: /home/tungchiahui/mysource/ros2src/3.ws01_plumbing/install/base_interfaces_demo/share/base_interfaces_demo/environment/path.sh
[0.052s] -- Up-to-date: /home/tungchiahui/mysource/ros2src/3.ws01_plumbing/install/base_interfaces_demo/share/base_interfaces_demo/environment/path.dsv
[0.052s] -- Up-to-date: /home/tungchiahui/mysource/ros2src/3.ws01_plumbing/install/base_interfaces_demo/share/base_interfaces_demo/local_setup.bash
[0.052s] -- Up-to-date: /home/tungchiahui/mysource/ros2src/3.ws01_plumbing/install/base_interfaces_demo/share/base_interfaces_demo/local_setup.sh
[0.052s] -- Up-to-date: /home/tungchiahui/mysource/ros2src/3.ws01_plumbing/install/base_interfaces_demo/share/base_interfaces_demo/local_setup.zsh
[0.053s] -- Up-to-date: /home/tungchiahui/mysource/ros2src/3.ws01_plumbing/install/base_interfaces_demo/share/base_interfaces_demo/local_setup.dsv
[0.053s] -- Installing: /home/tungchiahui/mysource/ros2src/3.ws01_plumbing/install/base_interfaces_demo/share/base_interfaces_demo/package.dsv
[0.053s] -- Up-to-date: /home/tungchiahui/mysource/ros2src/3.ws01_plumbing/install/base_interfaces_demo/share/ament_index/resource_index/packages/base_interfaces_demo
[0.053s] -- Up-to-date: /home/tungchiahui/mysource/ros2src/3.ws01_plumbing/install/base_interfaces_demo/share/base_interfaces_demo/cmake/base_interfaces_demoConfig.cmake
[0.053s] -- Up-to-date: /home/tungchiahui/mysource/ros2src/3.ws01_plumbing/install/base_interfaces_demo/share/base_interfaces_demo/cmake/base_interfaces_demoConfig-version.cmake
[0.053s] -- Up-to-date: /home/tungchiahui/mysource/ros2src/3.ws01_plumbing/install/base_interfaces_demo/share/base_interfaces_demo/package.xml
[0.054s] Invoked command in '/home/tungchiahui/mysource/ros2src/3.ws01_plumbing/build/base_interfaces_demo' returned '0': CMAKE_PREFIX_PATH=${CMAKE_PREFIX_PATH}:/opt/ros/humble /usr/bin/cmake --install /home/tungchiahui/mysource/ros2src/3.ws01_plumbing/build/base_interfaces_demo
