[0.011s] Invoking command in '/home/tungchiahui/UserFloder/mysource/ROS/ROS2_WS/6.ws_simulations/build/Stage': /usr/bin/cmake /home/tungchiahui/UserFloder/mysource/ROS/ROS2_WS/6.ws_simulations/src/Stage -DCMAKE_INSTALL_PREFIX=/home/tungchiahui/UserFloder/mysource/ROS/ROS2_WS/6.ws_simulations/install/Stage
[0.018s] [0mCMake Deprecation Warning at CMakeLists.txt:1 (cmake_minimum_required):
[0.018s]   Compatibility with CMake < 3.5 will be removed from a future version of
[0.018s]   CMake.
[0.018s] 
[0.018s]   Update the VERSION argument <min> value or use a ...<max> suffix to tell
[0.019s]   CMake that the project does not need compatibility with older versions.
[0.019s] 
[0.019s] [0m
[0.072s] -- The C compiler identification is GNU 13.3.0
[0.128s] -- The CXX compiler identification is GNU 13.3.0
[0.141s] -- Detecting C compiler ABI info
[0.205s] -- Detecting C compiler ABI info - done
[0.214s] -- Check for working C compiler: /usr/bin/cc - skipped
[0.214s] -- Detecting C compile features
[0.215s] -- Detecting C compile features - done
[0.224s] -- Detecting CXX compiler ABI info
[0.301s] -- Detecting CXX compiler ABI info - done
[0.309s] -- Check for working CXX compiler: /usr/bin/c++ - skipped
[0.310s] -- Detecting CXX compile features
[0.310s] -- Detecting CXX compile features - done
[0.311s] -- Stage version 4.3.0
[0.312s] -- Operating system is Linux
[0.312s] -- Installing Libraries to /home/tungchiahui/UserFloder/mysource/ROS/ROS2_WS/6.ws_simulations/install/Stage/lib
[0.312s] -- Installing Plugins to /home/tungchiahui/UserFloder/mysource/ROS/ROS2_WS/6.ws_simulations/install/Stage/lib/Stage-4.3
[0.312s] -- Build type RELEASE
[0.312s] -- Checking for libtool
[0.321s] -- Checking for required libraries...
[0.335s] -- Found JPEG: /usr/lib/x86_64-linux-gnu/libjpeg.so (found version "80") 
[0.351s] -- Found ZLIB: /usr/lib/x86_64-linux-gnu/libz.so (found version "1.3")  
[0.373s] -- Found PNG: /usr/lib/x86_64-linux-gnu/libpng.so (found version "1.6.43") 
[0.384s] [33mCMake Warning (dev) at /usr/share/cmake-3.28/Modules/FindOpenGL.cmake:381 (message):
[0.384s]   Policy CMP0072 is not set: FindOpenGL prefers GLVND by default when
[0.384s]   available.  Run "cmake --help-policy CMP0072" for policy details.  Use the
[0.385s]   cmake_policy command to set the policy and suppress this warning.
[0.385s] 
[0.385s]   FindOpenGL found both a legacy GL library:
[0.385s] 
[0.385s]     OPENGL_gl_LIBRARY: /usr/lib/x86_64-linux-gnu/libGL.so
[0.385s] 
[0.385s]   and GLVND libraries for OpenGL and GLX:
[0.385s] 
[0.385s]     OPENGL_opengl_LIBRARY: /usr/lib/x86_64-linux-gnu/libOpenGL.so
[0.385s]     OPENGL_glx_LIBRARY: /usr/lib/x86_64-linux-gnu/libGLX.so
[0.385s] 
[0.385s]   OpenGL_GL_PREFERENCE has not been set to "GLVND" or "LEGACY", so for
[0.385s]   compatibility with CMake 3.10 and below the legacy GL library will be used.
[0.385s] Call Stack (most recent call first):
[0.385s]   /usr/share/cmake-3.28/Modules/FindFLTK.cmake:87 (find_package)
[0.385s]   CMakeLists.txt:100 (find_package)
[0.385s] This warning is for project developers.  Use -Wno-dev to suppress it.
[0.385s] [0m
[0.385s] -- Found OpenGL: /usr/lib/x86_64-linux-gnu/libOpenGL.so   
[0.520s] -- Found X11: /usr/include   
[0.521s] -- Looking for XOpenDisplay in /usr/lib/x86_64-linux-gnu/libX11.so;/usr/lib/x86_64-linux-gnu/libXext.so
[0.596s] -- Looking for XOpenDisplay in /usr/lib/x86_64-linux-gnu/libX11.so;/usr/lib/x86_64-linux-gnu/libXext.so - found
[0.597s] -- Looking for gethostbyname
[0.664s] -- Looking for gethostbyname - found
[0.664s] -- Looking for connect
[0.728s] -- Looking for connect - found
[0.728s] -- Looking for remove
[0.793s] -- Looking for remove - found
[0.793s] -- Looking for shmat
[0.857s] -- Looking for shmat - found
[0.857s] -- Looking for IceConnectionNumber in ICE
[0.937s] -- Looking for IceConnectionNumber in ICE - found
[0.980s] -- Found FLTK: fltk_images;fltk_forms;fltk_gl;/usr/lib/x86_64-linux-gnu/libGL.so;fltk  
[0.982s] -- Checking for optional libraries...
[0.982s] -- Installation path CMAKE_INSTALL_PREFIX=/home/tungchiahui/UserFloder/mysource/ROS/ROS2_WS/6.ws_simulations/install/Stage
[0.983s] -- Configuring libstage
[0.991s] -- Found PkgConfig: /usr/bin/pkg-config (found version "1.8.1") 
[0.991s] -- Checking for one of the modules 'playercore>=2.1.0'
[1.015s] --   * Player not detected. If Player is installed but not detected, check your PKG_CONFIG_PATH.
[1.029s] -- Configuring done (1.0s)
[1.061s] -- Generating done (0.0s)
[1.070s] -- Build files have been written to: /home/tungchiahui/UserFloder/mysource/ROS/ROS2_WS/6.ws_simulations/build/Stage
[1.078s] Invoked command in '/home/tungchiahui/UserFloder/mysource/ROS/ROS2_WS/6.ws_simulations/build/Stage' returned '0': /usr/bin/cmake /home/tungchiahui/UserFloder/mysource/ROS/ROS2_WS/6.ws_simulations/src/Stage -DCMAKE_INSTALL_PREFIX=/home/tungchiahui/UserFloder/mysource/ROS/ROS2_WS/6.ws_simulations/install/Stage
[1.079s] Invoking command in '/home/tungchiahui/UserFloder/mysource/ROS/ROS2_WS/6.ws_simulations/build/Stage': /usr/bin/cmake --build /home/tungchiahui/UserFloder/mysource/ROS/ROS2_WS/6.ws_simulations/build/Stage -- -j16 -l16
[1.136s] [  5%] [32mBuilding CXX object libstage/CMakeFiles/stage.dir/camera.cc.o[0m
[1.136s] [  5%] [32mBuilding CXX object libstage/CMakeFiles/stage.dir/blockgroup.cc.o[0m
[1.136s] [  6%] [32mBuilding CXX object libstage/CMakeFiles/stage.dir/file_manager.cc.o[0m
[1.136s] [  8%] [32mBuilding CXX object libstage/CMakeFiles/stage.dir/color.cc.o[0m
[1.136s] [  8%] [32mBuilding CXX object libstage/CMakeFiles/stage.dir/block.cc.o[0m
[1.136s] [ 11%] [32mBuilding CXX object libstage/CMakeFiles/stage.dir/model_blobfinder.cc.o[0m
[1.136s] [ 11%] [32mBuilding CXX object libstage/CMakeFiles/stage.dir/gl.cc.o[0m
[1.136s] [ 13%] [32mBuilding CXX object libstage/CMakeFiles/stage.dir/model_camera.cc.o[0m
[1.136s] [ 16%] [32mBuilding CXX object libstage/CMakeFiles/stage.dir/logentry.cc.o[0m
[1.137s] [ 16%] [32mBuilding CXX object libstage/CMakeFiles/stage.dir/model_blinkenlight.cc.o[0m
[1.137s] [ 18%] [32mBuilding CXX object libstage/CMakeFiles/stage.dir/model.cc.o[0m
[1.137s] [ 20%] [32mBuilding CXX object libstage/CMakeFiles/stage.dir/model_fiducial.cc.o[0m
[1.137s] [ 23%] [32mBuilding CXX object libstage/CMakeFiles/stage.dir/model_draw.cc.o[0m
[1.137s] [ 23%] [32mBuilding CXX object libstage/CMakeFiles/stage.dir/model_actuator.cc.o[0m
[1.139s] [ 25%] [32mBuilding CXX object libstage/CMakeFiles/stage.dir/model_callbacks.cc.o[0m
[1.139s] [ 27%] [32mBuilding CXX object libstage/CMakeFiles/stage.dir/model_bumper.cc.o[0m
[2.385s] [ 28%] [32mBuilding CXX object libstage/CMakeFiles/stage.dir/model_gripper.cc.o[0m
[2.435s] [ 30%] [32mBuilding CXX object libstage/CMakeFiles/stage.dir/model_lightindicator.cc.o[0m
[2.507s] [ 32%] [32mBuilding CXX object libstage/CMakeFiles/stage.dir/model_position.cc.o[0m
[2.528s] [ 33%] [32mBuilding CXX object libstage/CMakeFiles/stage.dir/model_ranger.cc.o[0m
[2.556s] [ 35%] [32mBuilding CXX object libstage/CMakeFiles/stage.dir/option.cc.o[0m
[2.584s] [ 37%] [32mBuilding CXX object libstage/CMakeFiles/stage.dir/powerpack.cc.o[0m
[2.658s] [ 38%] [32mBuilding CXX object libstage/CMakeFiles/stage.dir/region.cc.o[0m
[2.777s] [ 40%] [32mBuilding CXX object libstage/CMakeFiles/stage.dir/stage.cc.o[0m
[2.816s] [ 42%] [32mBuilding CXX object libstage/CMakeFiles/stage.dir/texture_manager.cc.o[0m
[2.828s] [ 44%] [32mBuilding CXX object libstage/CMakeFiles/stage.dir/typetable.cc.o[0m
[2.858s] [ 45%] [32mBuilding CXX object libstage/CMakeFiles/stage.dir/world.cc.o[0m
[3.053s] [ 47%] [32mBuilding CXX object libstage/CMakeFiles/stage.dir/worldfile.cc.o[0m
[3.090s] [ 49%] [32mBuilding CXX object libstage/CMakeFiles/stage.dir/canvas.cc.o[0m
[3.108s] [ 50%] [32mBuilding CXX object libstage/CMakeFiles/stage.dir/options_dlg.cc.o[0m
[3.139s] [ 52%] [32mBuilding CXX object libstage/CMakeFiles/stage.dir/vis_strip.cc.o[0m
[3.752s] [ 54%] [32mBuilding CXX object libstage/CMakeFiles/stage.dir/worldgui.cc.o[0m
[4.035s] [ 55%] [32mBuilding CXX object libstage/CMakeFiles/stage.dir/ancestor.cc.o[0m
[5.694s] [ 57%] [32m[1mLinking CXX shared library libstage.so[0m
[5.807s] [ 57%] Built target stage
[5.830s] [ 59%] [32mBuilding CXX object examples/ctrl/CMakeFiles/dynamic.dir/dynamic.cc.o[0m
[5.831s] [ 61%] [32mBuilding CXX object examples/ctrl/CMakeFiles/source.dir/source.cc.o[0m
[5.831s] [ 62%] [32mBuilding CXX object examples/ctrl/CMakeFiles/fasr.dir/fasr.cc.o[0m
[5.831s] [ 64%] [32mBuilding CXX object examples/ctrl/CMakeFiles/wander.dir/wander.cc.o[0m
[5.831s] [ 66%] [32mBuilding CXX object examples/ctrl/CMakeFiles/rasterize.dir/rasterize.cc.o[0m
[5.831s] [ 67%] [32mBuilding CXX object libstage/CMakeFiles/stagebinary.dir/main.cc.o[0m
[5.832s] [ 69%] [32mBuilding CXX object examples/ctrl/CMakeFiles/lasernoise.dir/lasernoise.cc.o[0m
[5.832s] [ 71%] [32mBuilding CXX object worlds/benchmark/CMakeFiles/expand_swarm.dir/expand_swarm.cc.o[0m
[5.833s] [ 72%] [32mBuilding CXX object examples/ctrl/CMakeFiles/fasr2.dir/astar/findpath.cpp.o[0m
[5.833s] [ 74%] [32mBuilding CXX object examples/ctrl/CMakeFiles/pioneer_flocking.dir/pioneer_flocking.cc.o[0m
[5.833s] [ 76%] [32mBuilding CXX object worlds/benchmark/CMakeFiles/expand_pioneer.dir/expand_pioneer.cc.o[0m
[5.833s] [ 77%] [32mBuilding CXX object examples/ctrl/CMakeFiles/fasr2.dir/fasr2.cc.o[0m
[5.833s] [ 79%] [32mBuilding CXX object examples/ctrl/CMakeFiles/sink.dir/sink.cc.o[0m
[6.772s] [ 81%] [32m[1mLinking CXX shared module lasernoise.so[0m
[6.843s] [ 83%] [32m[1mLinking CXX shared module expand_pioneer.so[0m
[6.862s] [ 84%] [32m[1mLinking CXX shared module sink.so[0m
[6.866s] [ 86%] [32m[1mLinking CXX shared module rasterize.so[0m
[6.885s] [ 88%] [32m[1mLinking CXX shared module dynamic.so[0m
[6.888s] [ 88%] Built target lasernoise
[6.890s] [ 89%] [32m[1mLinking CXX shared module fasr.so[0m
[6.905s] [ 91%] [32m[1mLinking CXX shared module pioneer_flocking.so[0m
[6.925s] [ 93%] [32m[1mLinking CXX executable stage[0m
[6.954s] [ 94%] [32m[1mLinking CXX shared module expand_swarm.so[0m
[6.965s] [ 94%] Built target expand_pioneer
[6.969s] [ 96%] [32m[1mLinking CXX shared module source.so[0m
[6.975s] [ 98%] [32m[1mLinking CXX shared module wander.so[0m
[6.983s] [ 98%] Built target rasterize
[6.993s] [ 98%] Built target dynamic
[7.000s] [ 98%] Built target sink
[7.037s] [ 98%] Built target fasr
[7.049s] [ 98%] Built target pioneer_flocking
[7.059s] [ 98%] Built target source
[7.067s] [ 98%] Built target wander
[7.073s] [ 98%] Built target stagebinary
[7.073s] [ 98%] Built target expand_swarm
[7.397s] [100%] [32m[1mLinking CXX shared module fasr2.so[0m
[7.479s] [100%] Built target fasr2
[7.489s] Invoked command in '/home/tungchiahui/UserFloder/mysource/ROS/ROS2_WS/6.ws_simulations/build/Stage' returned '0': /usr/bin/cmake --build /home/tungchiahui/UserFloder/mysource/ROS/ROS2_WS/6.ws_simulations/build/Stage -- -j16 -l16
[7.490s] Invoking command in '/home/tungchiahui/UserFloder/mysource/ROS/ROS2_WS/6.ws_simulations/build/Stage': /usr/bin/cmake --install /home/tungchiahui/UserFloder/mysource/ROS/ROS2_WS/6.ws_simulations/build/Stage
[7.496s] -- Install configuration: "RELEASE"
[7.497s] -- Installing: /home/tungchiahui/UserFloder/mysource/ROS/ROS2_WS/6.ws_simulations/install/Stage/lib/pkgconfig/stage.pc
[7.497s] -- Installing: /home/tungchiahui/UserFloder/mysource/ROS/ROS2_WS/6.ws_simulations/install/Stage/lib/cmake/Stage/stage-config.cmake
[7.497s] -- Installing: /home/tungchiahui/UserFloder/mysource/ROS/ROS2_WS/6.ws_simulations/install/Stage/lib/cmake/Stage/stage-config-version.cmake
[7.497s] -- Installing: /home/tungchiahui/UserFloder/mysource/ROS/ROS2_WS/6.ws_simulations/install/Stage/bin/stage
[7.497s] -- Set non-toolchain portion of runtime path of "/home/tungchiahui/UserFloder/mysource/ROS/ROS2_WS/6.ws_simulations/install/Stage/bin/stage" to ""
[7.497s] -- Installing: /home/tungchiahui/UserFloder/mysource/ROS/ROS2_WS/6.ws_simulations/install/Stage/lib/libstage.so.4.3.0
[7.498s] -- Installing: /home/tungchiahui/UserFloder/mysource/ROS/ROS2_WS/6.ws_simulations/install/Stage/lib/libstage.so
[7.498s] -- Installing: /home/tungchiahui/UserFloder/mysource/ROS/ROS2_WS/6.ws_simulations/install/Stage/include/Stage-4.3/stage.hh
[7.498s] -- Installing: /home/tungchiahui/UserFloder/mysource/ROS/ROS2_WS/6.ws_simulations/install/Stage/lib/Stage-4.3/fasr.so
[7.499s] -- Set non-toolchain portion of runtime path of "/home/tungchiahui/UserFloder/mysource/ROS/ROS2_WS/6.ws_simulations/install/Stage/lib/Stage-4.3/fasr.so" to ""
[7.499s] -- Installing: /home/tungchiahui/UserFloder/mysource/ROS/ROS2_WS/6.ws_simulations/install/Stage/lib/Stage-4.3/sink.so
[7.499s] -- Set non-toolchain portion of runtime path of "/home/tungchiahui/UserFloder/mysource/ROS/ROS2_WS/6.ws_simulations/install/Stage/lib/Stage-4.3/sink.so" to ""
[7.499s] -- Installing: /home/tungchiahui/UserFloder/mysource/ROS/ROS2_WS/6.ws_simulations/install/Stage/lib/Stage-4.3/source.so
[7.499s] -- Set non-toolchain portion of runtime path of "/home/tungchiahui/UserFloder/mysource/ROS/ROS2_WS/6.ws_simulations/install/Stage/lib/Stage-4.3/source.so" to ""
[7.499s] -- Installing: /home/tungchiahui/UserFloder/mysource/ROS/ROS2_WS/6.ws_simulations/install/Stage/lib/Stage-4.3/wander.so
[7.500s] -- Set non-toolchain portion of runtime path of "/home/tungchiahui/UserFloder/mysource/ROS/ROS2_WS/6.ws_simulations/install/Stage/lib/Stage-4.3/wander.so" to ""
[7.500s] -- Installing: /home/tungchiahui/UserFloder/mysource/ROS/ROS2_WS/6.ws_simulations/install/Stage/lib/Stage-4.3/pioneer_flocking.so
[7.500s] -- Set non-toolchain portion of runtime path of "/home/tungchiahui/UserFloder/mysource/ROS/ROS2_WS/6.ws_simulations/install/Stage/lib/Stage-4.3/pioneer_flocking.so" to ""
[7.500s] -- Installing: /home/tungchiahui/UserFloder/mysource/ROS/ROS2_WS/6.ws_simulations/install/Stage/lib/Stage-4.3/rasterize.so
[7.500s] -- Set non-toolchain portion of runtime path of "/home/tungchiahui/UserFloder/mysource/ROS/ROS2_WS/6.ws_simulations/install/Stage/lib/Stage-4.3/rasterize.so" to ""
[7.501s] -- Installing: /home/tungchiahui/UserFloder/mysource/ROS/ROS2_WS/6.ws_simulations/install/Stage/lib/Stage-4.3/lasernoise.so
[7.501s] -- Set non-toolchain portion of runtime path of "/home/tungchiahui/UserFloder/mysource/ROS/ROS2_WS/6.ws_simulations/install/Stage/lib/Stage-4.3/lasernoise.so" to ""
[7.501s] -- Installing: /home/tungchiahui/UserFloder/mysource/ROS/ROS2_WS/6.ws_simulations/install/Stage/lib/Stage-4.3/dynamic.so
[7.501s] -- Set non-toolchain portion of runtime path of "/home/tungchiahui/UserFloder/mysource/ROS/ROS2_WS/6.ws_simulations/install/Stage/lib/Stage-4.3/dynamic.so" to ""
[7.501s] -- Installing: /home/tungchiahui/UserFloder/mysource/ROS/ROS2_WS/6.ws_simulations/install/Stage/lib/Stage-4.3/fasr2.so
[7.502s] -- Set non-toolchain portion of runtime path of "/home/tungchiahui/UserFloder/mysource/ROS/ROS2_WS/6.ws_simulations/install/Stage/lib/Stage-4.3/fasr2.so" to ""
[7.502s] -- Installing: /home/tungchiahui/UserFloder/mysource/ROS/ROS2_WS/6.ws_simulations/install/Stage/share/stage/assets/blue.png
[7.502s] -- Installing: /home/tungchiahui/UserFloder/mysource/ROS/ROS2_WS/6.ws_simulations/install/Stage/share/stage/assets/death.png
[7.502s] -- Installing: /home/tungchiahui/UserFloder/mysource/ROS/ROS2_WS/6.ws_simulations/install/Stage/share/stage/assets/green.png
[7.502s] -- Installing: /home/tungchiahui/UserFloder/mysource/ROS/ROS2_WS/6.ws_simulations/install/Stage/share/stage/assets/logo.png
[7.502s] -- Installing: /home/tungchiahui/UserFloder/mysource/ROS/ROS2_WS/6.ws_simulations/install/Stage/share/stage/assets/mains.png
[7.502s] -- Installing: /home/tungchiahui/UserFloder/mysource/ROS/ROS2_WS/6.ws_simulations/install/Stage/share/stage/assets/mainspower.png
[7.502s] -- Installing: /home/tungchiahui/UserFloder/mysource/ROS/ROS2_WS/6.ws_simulations/install/Stage/share/stage/assets/question_mark.png
[7.502s] -- Installing: /home/tungchiahui/UserFloder/mysource/ROS/ROS2_WS/6.ws_simulations/install/Stage/share/stage/assets/red.png
[7.502s] -- Installing: /home/tungchiahui/UserFloder/mysource/ROS/ROS2_WS/6.ws_simulations/install/Stage/share/stage/assets/stagelogo.png
[7.502s] -- Installing: /home/tungchiahui/UserFloder/mysource/ROS/ROS2_WS/6.ws_simulations/install/Stage/share/stage/assets/stall-old.png
[7.502s] -- Installing: /home/tungchiahui/UserFloder/mysource/ROS/ROS2_WS/6.ws_simulations/install/Stage/share/stage/assets/stall.png
[7.503s] -- Installing: /home/tungchiahui/UserFloder/mysource/ROS/ROS2_WS/6.ws_simulations/install/Stage/share/stage/assets/rgb.txt
[7.503s] -- Installing: /home/tungchiahui/UserFloder/mysource/ROS/ROS2_WS/6.ws_simulations/install/Stage/share/stage/rgb.txt
[7.503s] -- Installing: /home/tungchiahui/UserFloder/mysource/ROS/ROS2_WS/6.ws_simulations/install/Stage/share/stage/worlds/amcl-sonar.cfg
[7.503s] -- Installing: /home/tungchiahui/UserFloder/mysource/ROS/ROS2_WS/6.ws_simulations/install/Stage/share/stage/worlds/autolab.cfg
[7.503s] -- Installing: /home/tungchiahui/UserFloder/mysource/ROS/ROS2_WS/6.ws_simulations/install/Stage/share/stage/worlds/camera.cfg
[7.503s] -- Installing: /home/tungchiahui/UserFloder/mysource/ROS/ROS2_WS/6.ws_simulations/install/Stage/share/stage/worlds/everything.cfg
[7.503s] -- Installing: /home/tungchiahui/UserFloder/mysource/ROS/ROS2_WS/6.ws_simulations/install/Stage/share/stage/worlds/lsp_test.cfg
[7.503s] -- Installing: /home/tungchiahui/UserFloder/mysource/ROS/ROS2_WS/6.ws_simulations/install/Stage/share/stage/worlds/mbicp.cfg
[7.503s] -- Installing: /home/tungchiahui/UserFloder/mysource/ROS/ROS2_WS/6.ws_simulations/install/Stage/share/stage/worlds/nd.cfg
[7.503s] -- Installing: /home/tungchiahui/UserFloder/mysource/ROS/ROS2_WS/6.ws_simulations/install/Stage/share/stage/worlds/roomba.cfg
[7.503s] -- Installing: /home/tungchiahui/UserFloder/mysource/ROS/ROS2_WS/6.ws_simulations/install/Stage/share/stage/worlds/simple.cfg
[7.503s] -- Installing: /home/tungchiahui/UserFloder/mysource/ROS/ROS2_WS/6.ws_simulations/install/Stage/share/stage/worlds/test.cfg
[7.503s] -- Installing: /home/tungchiahui/UserFloder/mysource/ROS/ROS2_WS/6.ws_simulations/install/Stage/share/stage/worlds/uoa_robotics_lab.cfg
[7.503s] -- Installing: /home/tungchiahui/UserFloder/mysource/ROS/ROS2_WS/6.ws_simulations/install/Stage/share/stage/worlds/vfh.cfg
[7.503s] -- Installing: /home/tungchiahui/UserFloder/mysource/ROS/ROS2_WS/6.ws_simulations/install/Stage/share/stage/worlds/wavefront-remote.cfg
[7.504s] -- Installing: /home/tungchiahui/UserFloder/mysource/ROS/ROS2_WS/6.ws_simulations/install/Stage/share/stage/worlds/wavefront.cfg
[7.504s] -- Installing: /home/tungchiahui/UserFloder/mysource/ROS/ROS2_WS/6.ws_simulations/install/Stage/share/stage/worlds/wifi.cfg
[7.504s] -- Installing: /home/tungchiahui/UserFloder/mysource/ROS/ROS2_WS/6.ws_simulations/install/Stage/share/stage/worlds/SFU.world
[7.504s] -- Installing: /home/tungchiahui/UserFloder/mysource/ROS/ROS2_WS/6.ws_simulations/install/Stage/share/stage/worlds/autolab.world
[7.504s] -- Installing: /home/tungchiahui/UserFloder/mysource/ROS/ROS2_WS/6.ws_simulations/install/Stage/share/stage/worlds/camera.world
[7.504s] -- Installing: /home/tungchiahui/UserFloder/mysource/ROS/ROS2_WS/6.ws_simulations/install/Stage/share/stage/worlds/circuit.world
[7.504s] -- Installing: /home/tungchiahui/UserFloder/mysource/ROS/ROS2_WS/6.ws_simulations/install/Stage/share/stage/worlds/everything.world
[7.504s] -- Installing: /home/tungchiahui/UserFloder/mysource/ROS/ROS2_WS/6.ws_simulations/install/Stage/share/stage/worlds/fasr.world
[7.504s] -- Installing: /home/tungchiahui/UserFloder/mysource/ROS/ROS2_WS/6.ws_simulations/install/Stage/share/stage/worlds/fasr2.world
[7.504s] -- Installing: /home/tungchiahui/UserFloder/mysource/ROS/ROS2_WS/6.ws_simulations/install/Stage/share/stage/worlds/fasr_plan.world
[7.504s] -- Installing: /home/tungchiahui/UserFloder/mysource/ROS/ROS2_WS/6.ws_simulations/install/Stage/share/stage/worlds/large.world
[7.504s] -- Installing: /home/tungchiahui/UserFloder/mysource/ROS/ROS2_WS/6.ws_simulations/install/Stage/share/stage/worlds/lsp_test.world
[7.504s] -- Installing: /home/tungchiahui/UserFloder/mysource/ROS/ROS2_WS/6.ws_simulations/install/Stage/share/stage/worlds/mbicp.world
[7.505s] -- Installing: /home/tungchiahui/UserFloder/mysource/ROS/ROS2_WS/6.ws_simulations/install/Stage/share/stage/worlds/pioneer_flocking.world
[7.505s] -- Installing: /home/tungchiahui/UserFloder/mysource/ROS/ROS2_WS/6.ws_simulations/install/Stage/share/stage/worlds/pioneer_follow.world
[7.505s] -- Installing: /home/tungchiahui/UserFloder/mysource/ROS/ROS2_WS/6.ws_simulations/install/Stage/share/stage/worlds/pioneer_walle.world
[7.505s] -- Installing: /home/tungchiahui/UserFloder/mysource/ROS/ROS2_WS/6.ws_simulations/install/Stage/share/stage/worlds/roomba.world
[7.505s] -- Installing: /home/tungchiahui/UserFloder/mysource/ROS/ROS2_WS/6.ws_simulations/install/Stage/share/stage/worlds/sensor_noise_demo.world
[7.505s] -- Installing: /home/tungchiahui/UserFloder/mysource/ROS/ROS2_WS/6.ws_simulations/install/Stage/share/stage/worlds/sensor_noise_module_demo.world
[7.505s] -- Installing: /home/tungchiahui/UserFloder/mysource/ROS/ROS2_WS/6.ws_simulations/install/Stage/share/stage/worlds/simple.world
[7.505s] -- Installing: /home/tungchiahui/UserFloder/mysource/ROS/ROS2_WS/6.ws_simulations/install/Stage/share/stage/worlds/uoa_robotics_lab.world
[7.505s] -- Installing: /home/tungchiahui/UserFloder/mysource/ROS/ROS2_WS/6.ws_simulations/install/Stage/share/stage/worlds/wifi.world
[7.505s] -- Installing: /home/tungchiahui/UserFloder/mysource/ROS/ROS2_WS/6.ws_simulations/install/Stage/share/stage/worlds/beacons.inc
[7.505s] -- Installing: /home/tungchiahui/UserFloder/mysource/ROS/ROS2_WS/6.ws_simulations/install/Stage/share/stage/worlds/chatterbox.inc
[7.505s] -- Installing: /home/tungchiahui/UserFloder/mysource/ROS/ROS2_WS/6.ws_simulations/install/Stage/share/stage/worlds/hokuyo.inc
[7.505s] -- Installing: /home/tungchiahui/UserFloder/mysource/ROS/ROS2_WS/6.ws_simulations/install/Stage/share/stage/worlds/irobot.inc
[7.505s] -- Installing: /home/tungchiahui/UserFloder/mysource/ROS/ROS2_WS/6.ws_simulations/install/Stage/share/stage/worlds/map.inc
[7.505s] -- Installing: /home/tungchiahui/UserFloder/mysource/ROS/ROS2_WS/6.ws_simulations/install/Stage/share/stage/worlds/objects.inc
[7.505s] -- Installing: /home/tungchiahui/UserFloder/mysource/ROS/ROS2_WS/6.ws_simulations/install/Stage/share/stage/worlds/pantilt.inc
[7.506s] -- Installing: /home/tungchiahui/UserFloder/mysource/ROS/ROS2_WS/6.ws_simulations/install/Stage/share/stage/worlds/pioneer.inc
[7.506s] -- Installing: /home/tungchiahui/UserFloder/mysource/ROS/ROS2_WS/6.ws_simulations/install/Stage/share/stage/worlds/sick.inc
[7.506s] -- Installing: /home/tungchiahui/UserFloder/mysource/ROS/ROS2_WS/6.ws_simulations/install/Stage/share/stage/worlds/ubot.inc
[7.506s] -- Installing: /home/tungchiahui/UserFloder/mysource/ROS/ROS2_WS/6.ws_simulations/install/Stage/share/stage/worlds/uoa_robotics_lab_models.inc
[7.506s] -- Installing: /home/tungchiahui/UserFloder/mysource/ROS/ROS2_WS/6.ws_simulations/install/Stage/share/stage/worlds/walle.inc
[7.506s] -- Installing: /home/tungchiahui/UserFloder/mysource/ROS/ROS2_WS/6.ws_simulations/install/Stage/share/stage/worlds/cfggen.sh
[7.506s] -- Installing: /home/tungchiahui/UserFloder/mysource/ROS/ROS2_WS/6.ws_simulations/install/Stage/share/stage/worlds/test.sh
[7.506s] -- Installing: /home/tungchiahui/UserFloder/mysource/ROS/ROS2_WS/6.ws_simulations/install/Stage/share/stage/worlds/worldgen.sh
[7.506s] -- Installing: /home/tungchiahui/UserFloder/mysource/ROS/ROS2_WS/6.ws_simulations/install/Stage/lib/Stage-4.3/expand_swarm.so
[7.506s] -- Set non-toolchain portion of runtime path of "/home/tungchiahui/UserFloder/mysource/ROS/ROS2_WS/6.ws_simulations/install/Stage/lib/Stage-4.3/expand_swarm.so" to ""
[7.506s] -- Installing: /home/tungchiahui/UserFloder/mysource/ROS/ROS2_WS/6.ws_simulations/install/Stage/lib/Stage-4.3/expand_pioneer.so
[7.506s] -- Set non-toolchain portion of runtime path of "/home/tungchiahui/UserFloder/mysource/ROS/ROS2_WS/6.ws_simulations/install/Stage/lib/Stage-4.3/expand_pioneer.so" to ""
[7.506s] -- Installing: /home/tungchiahui/UserFloder/mysource/ROS/ROS2_WS/6.ws_simulations/install/Stage/share/stage/worlds/bitmaps/889_05.png
[7.506s] -- Installing: /home/tungchiahui/UserFloder/mysource/ROS/ROS2_WS/6.ws_simulations/install/Stage/share/stage/worlds/bitmaps/SFU_1200x615.png
[7.506s] -- Installing: /home/tungchiahui/UserFloder/mysource/ROS/ROS2_WS/6.ws_simulations/install/Stage/share/stage/worlds/bitmaps/SRI-AIC-kwing.png
[7.506s] -- Installing: /home/tungchiahui/UserFloder/mysource/ROS/ROS2_WS/6.ws_simulations/install/Stage/share/stage/worlds/bitmaps/autolab.png
[7.507s] -- Installing: /home/tungchiahui/UserFloder/mysource/ROS/ROS2_WS/6.ws_simulations/install/Stage/share/stage/worlds/bitmaps/cave.png
[7.507s] -- Installing: /home/tungchiahui/UserFloder/mysource/ROS/ROS2_WS/6.ws_simulations/install/Stage/share/stage/worlds/bitmaps/cave_compact.png
[7.507s] -- Installing: /home/tungchiahui/UserFloder/mysource/ROS/ROS2_WS/6.ws_simulations/install/Stage/share/stage/worlds/bitmaps/cave_filled.png
[7.507s] -- Installing: /home/tungchiahui/UserFloder/mysource/ROS/ROS2_WS/6.ws_simulations/install/Stage/share/stage/worlds/bitmaps/frieburg.png
[7.507s] -- Installing: /home/tungchiahui/UserFloder/mysource/ROS/ROS2_WS/6.ws_simulations/install/Stage/share/stage/worlds/bitmaps/ghost.png
[7.507s] -- Installing: /home/tungchiahui/UserFloder/mysource/ROS/ROS2_WS/6.ws_simulations/install/Stage/share/stage/worlds/bitmaps/hospital.png
[7.507s] -- Installing: /home/tungchiahui/UserFloder/mysource/ROS/ROS2_WS/6.ws_simulations/install/Stage/share/stage/worlds/bitmaps/hospital_section.png
[7.507s] -- Installing: /home/tungchiahui/UserFloder/mysource/ROS/ROS2_WS/6.ws_simulations/install/Stage/share/stage/worlds/bitmaps/human_outline.png
[7.507s] -- Installing: /home/tungchiahui/UserFloder/mysource/ROS/ROS2_WS/6.ws_simulations/install/Stage/share/stage/worlds/bitmaps/mbicp.png
[7.507s] -- Installing: /home/tungchiahui/UserFloder/mysource/ROS/ROS2_WS/6.ws_simulations/install/Stage/share/stage/worlds/bitmaps/rink.png
[7.507s] -- Installing: /home/tungchiahui/UserFloder/mysource/ROS/ROS2_WS/6.ws_simulations/install/Stage/share/stage/worlds/bitmaps/sal2.png
[7.507s] -- Installing: /home/tungchiahui/UserFloder/mysource/ROS/ROS2_WS/6.ws_simulations/install/Stage/share/stage/worlds/bitmaps/simple_rooms.png
[7.507s] -- Installing: /home/tungchiahui/UserFloder/mysource/ROS/ROS2_WS/6.ws_simulations/install/Stage/share/stage/worlds/bitmaps/space_invader.png
[7.507s] -- Installing: /home/tungchiahui/UserFloder/mysource/ROS/ROS2_WS/6.ws_simulations/install/Stage/share/stage/worlds/bitmaps/submarine.png
[7.507s] -- Installing: /home/tungchiahui/UserFloder/mysource/ROS/ROS2_WS/6.ws_simulations/install/Stage/share/stage/worlds/bitmaps/submarine_small.png
[7.508s] -- Installing: /home/tungchiahui/UserFloder/mysource/ROS/ROS2_WS/6.ws_simulations/install/Stage/share/stage/worlds/bitmaps/table.png
[7.508s] -- Installing: /home/tungchiahui/UserFloder/mysource/ROS/ROS2_WS/6.ws_simulations/install/Stage/share/stage/worlds/bitmaps/uoa_robotics_lab.png
[7.508s] -- Installing: /home/tungchiahui/UserFloder/mysource/ROS/ROS2_WS/6.ws_simulations/install/Stage/share/stage/worlds/wifi/commando.world
[7.508s] -- Installing: /home/tungchiahui/UserFloder/mysource/ROS/ROS2_WS/6.ws_simulations/install/Stage/share/stage/worlds/wifi/hosp_wifi.world
[7.508s] -- Installing: /home/tungchiahui/UserFloder/mysource/ROS/ROS2_WS/6.ws_simulations/install/Stage/share/stage/worlds/wifi/hosp_wifi_5.world
[7.508s] -- Installing: /home/tungchiahui/UserFloder/mysource/ROS/ROS2_WS/6.ws_simulations/install/Stage/share/stage/worlds/wifi/wifi.world
[7.508s] -- Installing: /home/tungchiahui/UserFloder/mysource/ROS/ROS2_WS/6.ws_simulations/install/Stage/share/stage/worlds/wifi/wifi_itu.world
[7.508s] -- Installing: /home/tungchiahui/UserFloder/mysource/ROS/ROS2_WS/6.ws_simulations/install/Stage/share/stage/worlds/wifi/wifi_logdistance.world
[7.508s] -- Installing: /home/tungchiahui/UserFloder/mysource/ROS/ROS2_WS/6.ws_simulations/install/Stage/share/stage/worlds/wifi/wifi_ray.world
[7.508s] -- Installing: /home/tungchiahui/UserFloder/mysource/ROS/ROS2_WS/6.ws_simulations/install/Stage/share/stage/worlds/wifi/wifi_simple.world
[7.508s] -- Installing: /home/tungchiahui/UserFloder/mysource/ROS/ROS2_WS/6.ws_simulations/install/Stage/share/stage/worlds/wifi/map.inc
[7.510s] Invoked command in '/home/tungchiahui/UserFloder/mysource/ROS/ROS2_WS/6.ws_simulations/build/Stage' returned '0': /usr/bin/cmake --install /home/tungchiahui/UserFloder/mysource/ROS/ROS2_WS/6.ws_simulations/build/Stage
