[1.628s] Invoking command in '/home/tungchiahui/mysource/ros2src/2.example_ws/src/ros2_21_tutorials/learning_parameter': PYTHONPATH=/home/tungchiahui/mysource/ros2src/2.example_ws/build/learning_parameter/prefix_override:/home/tungchiahui/mysource/ros2src/2.example_ws/install/learning_parameter/lib/python3.10/site-packages:${PYTHONPATH} /usr/bin/python3 setup.py egg_info --egg-base ../../../build/learning_parameter build --build-base /home/tungchiahui/mysource/ros2src/2.example_ws/build/learning_parameter/build install --record /home/tungchiahui/mysource/ros2src/2.example_ws/build/learning_parameter/install.log --single-version-externally-managed
[1.894s] running egg_info
[1.894s] creating ../../../build/learning_parameter/learning_parameter.egg-info
[1.894s] writing ../../../build/learning_parameter/learning_parameter.egg-info/PKG-INFO
[1.894s] writing dependency_links to ../../../build/learning_parameter/learning_parameter.egg-info/dependency_links.txt
[1.894s] writing entry points to ../../../build/learning_parameter/learning_parameter.egg-info/entry_points.txt
[1.894s] writing requirements to ../../../build/learning_parameter/learning_parameter.egg-info/requires.txt
[1.894s] writing top-level names to ../../../build/learning_parameter/learning_parameter.egg-info/top_level.txt
[1.894s] writing manifest file '../../../build/learning_parameter/learning_parameter.egg-info/SOURCES.txt'
[1.895s] reading manifest file '../../../build/learning_parameter/learning_parameter.egg-info/SOURCES.txt'
[1.898s] writing manifest file '../../../build/learning_parameter/learning_parameter.egg-info/SOURCES.txt'
[1.898s] running build
[1.898s] running build_py
[1.898s] creating /home/tungchiahui/mysource/ros2src/2.example_ws/build/learning_parameter/build
[1.898s] creating /home/tungchiahui/mysource/ros2src/2.example_ws/build/learning_parameter/build/lib
[1.898s] creating /home/tungchiahui/mysource/ros2src/2.example_ws/build/learning_parameter/build/lib/learning_parameter
[1.898s] copying learning_parameter/param_object_detect.py -> /home/tungchiahui/mysource/ros2src/2.example_ws/build/learning_parameter/build/lib/learning_parameter
[1.898s] copying learning_parameter/__init__.py -> /home/tungchiahui/mysource/ros2src/2.example_ws/build/learning_parameter/build/lib/learning_parameter
[1.898s] copying learning_parameter/param_declare.py -> /home/tungchiahui/mysource/ros2src/2.example_ws/build/learning_parameter/build/lib/learning_parameter
[1.898s] running install
[1.898s] running install_lib
[1.899s] /usr/lib/python3/dist-packages/setuptools/command/install.py:34: SetuptoolsDeprecationWarning: setup.py install is deprecated. Use build and pip and other standards-based tools.
[1.899s]   warnings.warn(
[1.899s] creating /home/tungchiahui/mysource/ros2src/2.example_ws/install/learning_parameter/lib/python3.10/site-packages/learning_parameter
[1.899s] copying /home/tungchiahui/mysource/ros2src/2.example_ws/build/learning_parameter/build/lib/learning_parameter/param_object_detect.py -> /home/tungchiahui/mysource/ros2src/2.example_ws/install/learning_parameter/lib/python3.10/site-packages/learning_parameter
[1.899s] copying /home/tungchiahui/mysource/ros2src/2.example_ws/build/learning_parameter/build/lib/learning_parameter/__init__.py -> /home/tungchiahui/mysource/ros2src/2.example_ws/install/learning_parameter/lib/python3.10/site-packages/learning_parameter
[1.899s] copying /home/tungchiahui/mysource/ros2src/2.example_ws/build/learning_parameter/build/lib/learning_parameter/param_declare.py -> /home/tungchiahui/mysource/ros2src/2.example_ws/install/learning_parameter/lib/python3.10/site-packages/learning_parameter
[1.899s] byte-compiling /home/tungchiahui/mysource/ros2src/2.example_ws/install/learning_parameter/lib/python3.10/site-packages/learning_parameter/param_object_detect.py to param_object_detect.cpython-310.pyc
[1.900s] byte-compiling /home/tungchiahui/mysource/ros2src/2.example_ws/install/learning_parameter/lib/python3.10/site-packages/learning_parameter/__init__.py to __init__.cpython-310.pyc
[1.900s] byte-compiling /home/tungchiahui/mysource/ros2src/2.example_ws/install/learning_parameter/lib/python3.10/site-packages/learning_parameter/param_declare.py to param_declare.cpython-310.pyc
[1.900s] running install_data
[1.903s] creating /home/tungchiahui/mysource/ros2src/2.example_ws/install/learning_parameter/share/ament_index
[1.903s] creating /home/tungchiahui/mysource/ros2src/2.example_ws/install/learning_parameter/share/ament_index/resource_index
[1.903s] creating /home/tungchiahui/mysource/ros2src/2.example_ws/install/learning_parameter/share/ament_index/resource_index/packages
[1.903s] copying resource/learning_parameter -> /home/tungchiahui/mysource/ros2src/2.example_ws/install/learning_parameter/share/ament_index/resource_index/packages
[1.903s] copying package.xml -> /home/tungchiahui/mysource/ros2src/2.example_ws/install/learning_parameter/share/learning_parameter
[1.903s] running install_egg_info
[1.904s] Copying ../../../build/learning_parameter/learning_parameter.egg-info to /home/tungchiahui/mysource/ros2src/2.example_ws/install/learning_parameter/lib/python3.10/site-packages/learning_parameter-0.0.0-py3.10.egg-info
[1.904s] running install_scripts
[1.930s] Installing param_declare script to /home/tungchiahui/mysource/ros2src/2.example_ws/install/learning_parameter/lib/learning_parameter
[1.930s] Installing param_object_detect script to /home/tungchiahui/mysource/ros2src/2.example_ws/install/learning_parameter/lib/learning_parameter
[1.930s] writing list of installed files to '/home/tungchiahui/mysource/ros2src/2.example_ws/build/learning_parameter/install.log'
[1.961s] Invoked command in '/home/tungchiahui/mysource/ros2src/2.example_ws/src/ros2_21_tutorials/learning_parameter' returned '0': PYTHONPATH=/home/tungchiahui/mysource/ros2src/2.example_ws/build/learning_parameter/prefix_override:/home/tungchiahui/mysource/ros2src/2.example_ws/install/learning_parameter/lib/python3.10/site-packages:${PYTHONPATH} /usr/bin/python3 setup.py egg_info --egg-base ../../../build/learning_parameter build --build-base /home/tungchiahui/mysource/ros2src/2.example_ws/build/learning_parameter/build install --record /home/tungchiahui/mysource/ros2src/2.example_ws/build/learning_parameter/install.log --single-version-externally-managed
