[35m[1mConsolidate compiler generated dependencies of target opencv_node2[0m
[ 50%] Built target opencv_node
[ 75%] [32mBuilding CXX object CMakeFiles/opencv_node2.dir/src/opencv_node2.cpp.o[0m
[100%] [32m[1mLinking CXX executable opencv_node2[0m
[100%] Built target opencv_node2
-- Install configuration: ""
-- Up-to-date: /home/tungchiahui/mysource/ros2src/5.opencv_demo_ws/install/opencv_demo1/lib/opencv_demo1/opencv_node
-- Installing: /home/tungchiahui/mysource/ros2src/5.opencv_demo_ws/install/opencv_demo1/lib/opencv_demo1/opencv_node2
-- Set runtime path of "/home/tungchiahui/mysource/ros2src/5.opencv_demo_ws/install/opencv_demo1/lib/opencv_demo1/opencv_node2" to ""
-- Up-to-date: /home/tungchiahui/mysource/ros2src/5.opencv_demo_ws/install/opencv_demo1/share/ament_index/resource_index/package_run_dependencies/opencv_demo1
-- Up-to-date: /home/tungchiahui/mysource/ros2src/5.opencv_demo_ws/install/opencv_demo1/share/ament_index/resource_index/parent_prefix_path/opencv_demo1
-- Up-to-date: /home/tungchiahui/mysource/ros2src/5.opencv_demo_ws/install/opencv_demo1/share/opencv_demo1/environment/ament_prefix_path.sh
-- Up-to-date: /home/tungchiahui/mysource/ros2src/5.opencv_demo_ws/install/opencv_demo1/share/opencv_demo1/environment/ament_prefix_path.dsv
-- Up-to-date: /home/tungchiahui/mysource/ros2src/5.opencv_demo_ws/install/opencv_demo1/share/opencv_demo1/environment/path.sh
-- Up-to-date: /home/tungchiahui/mysource/ros2src/5.opencv_demo_ws/install/opencv_demo1/share/opencv_demo1/environment/path.dsv
-- Up-to-date: /home/tungchiahui/mysource/ros2src/5.opencv_demo_ws/install/opencv_demo1/share/opencv_demo1/local_setup.bash
-- Up-to-date: /home/tungchiahui/mysource/ros2src/5.opencv_demo_ws/install/opencv_demo1/share/opencv_demo1/local_setup.sh
-- Up-to-date: /home/tungchiahui/mysource/ros2src/5.opencv_demo_ws/install/opencv_demo1/share/opencv_demo1/local_setup.zsh
-- Up-to-date: /home/tungchiahui/mysource/ros2src/5.opencv_demo_ws/install/opencv_demo1/share/opencv_demo1/local_setup.dsv
-- Installing: /home/tungchiahui/mysource/ros2src/5.opencv_demo_ws/install/opencv_demo1/share/opencv_demo1/package.dsv
-- Up-to-date: /home/tungchiahui/mysource/ros2src/5.opencv_demo_ws/install/opencv_demo1/share/ament_index/resource_index/packages/opencv_demo1
-- Up-to-date: /home/tungchiahui/mysource/ros2src/5.opencv_demo_ws/install/opencv_demo1/share/opencv_demo1/cmake/opencv_demo1Config.cmake
-- Up-to-date: /home/tungchiahui/mysource/ros2src/5.opencv_demo_ws/install/opencv_demo1/share/opencv_demo1/cmake/opencv_demo1Config-version.cmake
-- Up-to-date: /home/tungchiahui/mysource/ros2src/5.opencv_demo_ws/install/opencv_demo1/share/opencv_demo1/package.xml
