[0.042s] Invoking command in '/home/tungchiahui/mysource/ros2src/5.opencv_demo_ws/build/opencv_demo1': CMAKE_PREFIX_PATH=${CMAKE_PREFIX_PATH}:/opt/ros/humble /usr/bin/cmake --build /home/tungchiahui/mysource/ros2src/5.opencv_demo_ws/build/opencv_demo1 -- -j16 -l16
[0.066s] [35m[1mConsolidate compiler generated dependencies of target opencv_node2[0m
[0.075s] [ 50%] Built target opencv_node
[0.078s] [ 75%] [32mBuilding CXX object CMakeFiles/opencv_node2.dir/src/opencv_node2.cpp.o[0m
[2.735s] [100%] [32m[1mLinking CXX executable opencv_node2[0m
[2.867s] [100%] Built target opencv_node2
[2.876s] Invoked command in '/home/tungchiahui/mysource/ros2src/5.opencv_demo_ws/build/opencv_demo1' returned '0': CMAKE_PREFIX_PATH=${CMAKE_PREFIX_PATH}:/opt/ros/humble /usr/bin/cmake --build /home/tungchiahui/mysource/ros2src/5.opencv_demo_ws/build/opencv_demo1 -- -j16 -l16
[2.899s] Invoking command in '/home/tungchiahui/mysource/ros2src/5.opencv_demo_ws/build/opencv_demo1': CMAKE_PREFIX_PATH=${CMAKE_PREFIX_PATH}:/opt/ros/humble /usr/bin/cmake --install /home/tungchiahui/mysource/ros2src/5.opencv_demo_ws/build/opencv_demo1
[2.903s] -- Install configuration: ""
[2.903s] -- Up-to-date: /home/tungchiahui/mysource/ros2src/5.opencv_demo_ws/install/opencv_demo1/lib/opencv_demo1/opencv_node
[2.903s] -- Installing: /home/tungchiahui/mysource/ros2src/5.opencv_demo_ws/install/opencv_demo1/lib/opencv_demo1/opencv_node2
[2.904s] -- Set runtime path of "/home/tungchiahui/mysource/ros2src/5.opencv_demo_ws/install/opencv_demo1/lib/opencv_demo1/opencv_node2" to ""
[2.904s] -- Up-to-date: /home/tungchiahui/mysource/ros2src/5.opencv_demo_ws/install/opencv_demo1/share/ament_index/resource_index/package_run_dependencies/opencv_demo1
[2.904s] -- Up-to-date: /home/tungchiahui/mysource/ros2src/5.opencv_demo_ws/install/opencv_demo1/share/ament_index/resource_index/parent_prefix_path/opencv_demo1
[2.904s] -- Up-to-date: /home/tungchiahui/mysource/ros2src/5.opencv_demo_ws/install/opencv_demo1/share/opencv_demo1/environment/ament_prefix_path.sh
[2.904s] -- Up-to-date: /home/tungchiahui/mysource/ros2src/5.opencv_demo_ws/install/opencv_demo1/share/opencv_demo1/environment/ament_prefix_path.dsv
[2.904s] -- Up-to-date: /home/tungchiahui/mysource/ros2src/5.opencv_demo_ws/install/opencv_demo1/share/opencv_demo1/environment/path.sh
[2.904s] -- Up-to-date: /home/tungchiahui/mysource/ros2src/5.opencv_demo_ws/install/opencv_demo1/share/opencv_demo1/environment/path.dsv
[2.904s] -- Up-to-date: /home/tungchiahui/mysource/ros2src/5.opencv_demo_ws/install/opencv_demo1/share/opencv_demo1/local_setup.bash
[2.904s] -- Up-to-date: /home/tungchiahui/mysource/ros2src/5.opencv_demo_ws/install/opencv_demo1/share/opencv_demo1/local_setup.sh
[2.904s] -- Up-to-date: /home/tungchiahui/mysource/ros2src/5.opencv_demo_ws/install/opencv_demo1/share/opencv_demo1/local_setup.zsh
[2.904s] -- Up-to-date: /home/tungchiahui/mysource/ros2src/5.opencv_demo_ws/install/opencv_demo1/share/opencv_demo1/local_setup.dsv
[2.905s] -- Installing: /home/tungchiahui/mysource/ros2src/5.opencv_demo_ws/install/opencv_demo1/share/opencv_demo1/package.dsv
[2.905s] -- Up-to-date: /home/tungchiahui/mysource/ros2src/5.opencv_demo_ws/install/opencv_demo1/share/ament_index/resource_index/packages/opencv_demo1
[2.905s] -- Up-to-date: /home/tungchiahui/mysource/ros2src/5.opencv_demo_ws/install/opencv_demo1/share/opencv_demo1/cmake/opencv_demo1Config.cmake
[2.905s] -- Up-to-date: /home/tungchiahui/mysource/ros2src/5.opencv_demo_ws/install/opencv_demo1/share/opencv_demo1/cmake/opencv_demo1Config-version.cmake
[2.905s] -- Up-to-date: /home/tungchiahui/mysource/ros2src/5.opencv_demo_ws/install/opencv_demo1/share/opencv_demo1/package.xml
[2.905s] Invoked command in '/home/tungchiahui/mysource/ros2src/5.opencv_demo_ws/build/opencv_demo1' returned '0': CMAKE_PREFIX_PATH=${CMAKE_PREFIX_PATH}:/opt/ros/humble /usr/bin/cmake --install /home/tungchiahui/mysource/ros2src/5.opencv_demo_ws/build/opencv_demo1
