[0.044s] Invoking command in '/home/tungchiahui/user/mysource/ros2src/5.opencv_demo_ws/build/opencv_demo3_1_color_space': CMAKE_PREFIX_PATH=${CMAKE_PREFIX_PATH}:/opt/ros/humble /usr/bin/cmake /home/tungchiahui/user/mysource/ros2src/5.opencv_demo_ws/src/opencv_demo3_1_color_space -DCMAKE_INSTALL_PREFIX=/home/tungchiahui/user/mysource/ros2src/5.opencv_demo_ws/install/opencv_demo3_1_color_space
[0.077s] -- The C compiler identification is GNU 11.4.0
[0.112s] -- The CXX compiler identification is GNU 11.4.0
[0.117s] -- Detecting C compiler ABI info
[0.160s] -- Detecting C compiler ABI info - done
[0.165s] -- Check for working C compiler: /usr/bin/cc - skipped
[0.165s] -- Detecting C compile features
[0.165s] -- Detecting C compile features - done
[0.167s] -- Detecting CXX compiler ABI info
[0.225s] -- Detecting CXX compiler ABI info - done
[0.230s] -- Check for working CXX compiler: /usr/bin/c++ - skipped
[0.230s] -- Detecting CXX compile features
[0.230s] -- Detecting CXX compile features - done
[0.231s] -- Found ament_cmake: 1.3.6 (/opt/ros/humble/share/ament_cmake/cmake)
[0.357s] -- Found Python3: /usr/bin/python3.10 (found version "3.10.12") found components: Interpreter 
[0.416s] -- Found rclcpp: 16.0.7 (/opt/ros/humble/share/rclcpp/cmake)
[0.455s] -- Found rosidl_generator_c: 3.1.5 (/opt/ros/humble/share/rosidl_generator_c/cmake)
[0.460s] -- Found rosidl_adapter: 3.1.5 (/opt/ros/humble/share/rosidl_adapter/cmake)
[0.467s] -- Found rosidl_generator_cpp: 3.1.5 (/opt/ros/humble/share/rosidl_generator_cpp/cmake)
[0.480s] -- Using all available rosidl_typesupport_c: rosidl_typesupport_fastrtps_c;rosidl_typesupport_introspection_c
[0.491s] -- Using all available rosidl_typesupport_cpp: rosidl_typesupport_fastrtps_cpp;rosidl_typesupport_introspection_cpp
[0.533s] -- Found rmw_implementation_cmake: 6.1.1 (/opt/ros/humble/share/rmw_implementation_cmake/cmake)
[0.534s] -- Found rmw_fastrtps_cpp: 6.2.5 (/opt/ros/humble/share/rmw_fastrtps_cpp/cmake)
[0.592s] -- Found OpenSSL: /usr/lib/x86_64-linux-gnu/libcrypto.so (found version "3.0.2")  
[0.610s] -- Found FastRTPS: /opt/ros/humble/include  
[0.640s] -- Using RMW implementation 'rmw_fastrtps_cpp' as default
[0.645s] -- Looking for pthread.h
[0.689s] -- Looking for pthread.h - found
[0.690s] -- Performing Test CMAKE_HAVE_LIBC_PTHREAD
[0.740s] -- Performing Test CMAKE_HAVE_LIBC_PTHREAD - Success
[0.741s] -- Found Threads: TRUE  
[0.854s] -- Found CUDA: /usr/local/cuda-11.8 (found suitable exact version "11.8") 
[0.859s] -- Found OpenCV: /usr/local/opencv-4.8.1 (found version "4.8.1") 
[0.860s] -- Found sensor_msgs: 4.2.3 (/opt/ros/humble/share/sensor_msgs/cmake)
[0.945s] -- Found cv_bridge: 3.2.1 (/opt/ros/humble/share/cv_bridge/cmake)
[0.952s] -- Found image_transport: 3.1.7 (/opt/ros/humble/share/image_transport/cmake)
[0.984s] -- Found ament_lint_auto: 0.12.9 (/opt/ros/humble/share/ament_lint_auto/cmake)
[1.034s] -- Added test 'cppcheck' to perform static code analysis on C / C++ code
[1.035s] -- Configured cppcheck include dirs: $<BUILD_INTERFACE:/home/tungchiahui/user/mysource/ros2src/5.opencv_demo_ws/src/opencv_demo3_1_color_space/include>
[1.035s] -- Configured cppcheck exclude dirs and/or files: 
[1.035s] -- Added test 'lint_cmake' to check CMake code style
[1.035s] -- Added test 'uncrustify' to check C / C++ code style
[1.036s] -- Configured uncrustify additional arguments: 
[1.036s] -- Added test 'xmllint' to check XML markup files
[1.037s] -- Configuring done
[1.049s] -- Generating done
[1.051s] -- Build files have been written to: /home/tungchiahui/user/mysource/ros2src/5.opencv_demo_ws/build/opencv_demo3_1_color_space
[1.059s] Invoked command in '/home/tungchiahui/user/mysource/ros2src/5.opencv_demo_ws/build/opencv_demo3_1_color_space' returned '0': CMAKE_PREFIX_PATH=${CMAKE_PREFIX_PATH}:/opt/ros/humble /usr/bin/cmake /home/tungchiahui/user/mysource/ros2src/5.opencv_demo_ws/src/opencv_demo3_1_color_space -DCMAKE_INSTALL_PREFIX=/home/tungchiahui/user/mysource/ros2src/5.opencv_demo_ws/install/opencv_demo3_1_color_space
[1.062s] Invoking command in '/home/tungchiahui/user/mysource/ros2src/5.opencv_demo_ws/build/opencv_demo3_1_color_space': CMAKE_PREFIX_PATH=${CMAKE_PREFIX_PATH}:/opt/ros/humble /usr/bin/cmake --build /home/tungchiahui/user/mysource/ros2src/5.opencv_demo_ws/build/opencv_demo3_1_color_space -- -j16 -l16
[1.096s] [ 50%] [32mBuilding CXX object CMakeFiles/imgae_convert_color_space.dir/src/imgae_convert_color_space.cpp.o[0m
[1.096s] [ 50%] [32mBuilding CXX object CMakeFiles/image_split_and_merge_node.dir/src/image_split_and_merge_node.cpp.o[0m
[4.323s] [ 75%] [32m[1mLinking CXX executable imgae_convert_color_space[0m
[4.551s] [ 75%] Built target imgae_convert_color_space
[5.492s] [100%] [32m[1mLinking CXX executable image_split_and_merge_node[0m
[5.589s] [100%] Built target image_split_and_merge_node
[5.598s] Invoked command in '/home/tungchiahui/user/mysource/ros2src/5.opencv_demo_ws/build/opencv_demo3_1_color_space' returned '0': CMAKE_PREFIX_PATH=${CMAKE_PREFIX_PATH}:/opt/ros/humble /usr/bin/cmake --build /home/tungchiahui/user/mysource/ros2src/5.opencv_demo_ws/build/opencv_demo3_1_color_space -- -j16 -l16
[5.621s] Invoking command in '/home/tungchiahui/user/mysource/ros2src/5.opencv_demo_ws/build/opencv_demo3_1_color_space': CMAKE_PREFIX_PATH=${CMAKE_PREFIX_PATH}:/opt/ros/humble /usr/bin/cmake --install /home/tungchiahui/user/mysource/ros2src/5.opencv_demo_ws/build/opencv_demo3_1_color_space
[5.627s] -- Install configuration: ""
[5.627s] -- Installing: /home/tungchiahui/user/mysource/ros2src/5.opencv_demo_ws/install/opencv_demo3_1_color_space/lib/opencv_demo3_1_color_space/image_split_and_merge_node
[5.627s] -- Set runtime path of "/home/tungchiahui/user/mysource/ros2src/5.opencv_demo_ws/install/opencv_demo3_1_color_space/lib/opencv_demo3_1_color_space/image_split_and_merge_node" to ""
[5.627s] -- Installing: /home/tungchiahui/user/mysource/ros2src/5.opencv_demo_ws/install/opencv_demo3_1_color_space/lib/opencv_demo3_1_color_space/imgae_convert_color_space
[5.628s] -- Set runtime path of "/home/tungchiahui/user/mysource/ros2src/5.opencv_demo_ws/install/opencv_demo3_1_color_space/lib/opencv_demo3_1_color_space/imgae_convert_color_space" to ""
[5.628s] -- Installing: /home/tungchiahui/user/mysource/ros2src/5.opencv_demo_ws/install/opencv_demo3_1_color_space/share/ament_index/resource_index/package_run_dependencies/opencv_demo3_1_color_space
[5.628s] -- Installing: /home/tungchiahui/user/mysource/ros2src/5.opencv_demo_ws/install/opencv_demo3_1_color_space/share/ament_index/resource_index/parent_prefix_path/opencv_demo3_1_color_space
[5.628s] -- Installing: /home/tungchiahui/user/mysource/ros2src/5.opencv_demo_ws/install/opencv_demo3_1_color_space/share/opencv_demo3_1_color_space/environment/ament_prefix_path.sh
[5.628s] -- Installing: /home/tungchiahui/user/mysource/ros2src/5.opencv_demo_ws/install/opencv_demo3_1_color_space/share/opencv_demo3_1_color_space/environment/ament_prefix_path.dsv
[5.628s] -- Installing: /home/tungchiahui/user/mysource/ros2src/5.opencv_demo_ws/install/opencv_demo3_1_color_space/share/opencv_demo3_1_color_space/environment/path.sh
[5.629s] -- Installing: /home/tungchiahui/user/mysource/ros2src/5.opencv_demo_ws/install/opencv_demo3_1_color_space/share/opencv_demo3_1_color_space/environment/path.dsv
[5.629s] -- Installing: /home/tungchiahui/user/mysource/ros2src/5.opencv_demo_ws/install/opencv_demo3_1_color_space/share/opencv_demo3_1_color_space/local_setup.bash
[5.629s] -- Installing: /home/tungchiahui/user/mysource/ros2src/5.opencv_demo_ws/install/opencv_demo3_1_color_space/share/opencv_demo3_1_color_space/local_setup.sh
[5.629s] -- Installing: /home/tungchiahui/user/mysource/ros2src/5.opencv_demo_ws/install/opencv_demo3_1_color_space/share/opencv_demo3_1_color_space/local_setup.zsh
[5.629s] -- Installing: /home/tungchiahui/user/mysource/ros2src/5.opencv_demo_ws/install/opencv_demo3_1_color_space/share/opencv_demo3_1_color_space/local_setup.dsv
[5.629s] -- Installing: /home/tungchiahui/user/mysource/ros2src/5.opencv_demo_ws/install/opencv_demo3_1_color_space/share/opencv_demo3_1_color_space/package.dsv
[5.630s] -- Installing: /home/tungchiahui/user/mysource/ros2src/5.opencv_demo_ws/install/opencv_demo3_1_color_space/share/ament_index/resource_index/packages/opencv_demo3_1_color_space
[5.630s] -- Installing: /home/tungchiahui/user/mysource/ros2src/5.opencv_demo_ws/install/opencv_demo3_1_color_space/share/opencv_demo3_1_color_space/cmake/opencv_demo3_1_color_spaceConfig.cmake
[5.630s] -- Installing: /home/tungchiahui/user/mysource/ros2src/5.opencv_demo_ws/install/opencv_demo3_1_color_space/share/opencv_demo3_1_color_space/cmake/opencv_demo3_1_color_spaceConfig-version.cmake
[5.630s] -- Installing: /home/tungchiahui/user/mysource/ros2src/5.opencv_demo_ws/install/opencv_demo3_1_color_space/share/opencv_demo3_1_color_space/package.xml
[5.632s] Invoked command in '/home/tungchiahui/user/mysource/ros2src/5.opencv_demo_ws/build/opencv_demo3_1_color_space' returned '0': CMAKE_PREFIX_PATH=${CMAKE_PREFIX_PATH}:/opt/ros/humble /usr/bin/cmake --install /home/tungchiahui/user/mysource/ros2src/5.opencv_demo_ws/build/opencv_demo3_1_color_space
