[1.562s] Invoking command in '/home/tungchiahui/mysource/ros2src/2.example_ws/src/ros2_21_tutorials/learning_pkg_python': PYTHONPATH=/home/tungchiahui/mysource/ros2src/2.example_ws/build/learning_pkg_python/prefix_override:/home/tungchiahui/mysource/ros2src/2.example_ws/install/learning_pkg_python/lib/python3.10/site-packages:${PYTHONPATH} /usr/bin/python3 setup.py egg_info --egg-base ../../../build/learning_pkg_python build --build-base /home/tungchiahui/mysource/ros2src/2.example_ws/build/learning_pkg_python/build install --record /home/tungchiahui/mysource/ros2src/2.example_ws/build/learning_pkg_python/install.log --single-version-externally-managed
[1.731s] running egg_info
[1.732s] creating ../../../build/learning_pkg_python/learning_pkg_python.egg-info
[1.732s] writing ../../../build/learning_pkg_python/learning_pkg_python.egg-info/PKG-INFO
[1.732s] writing dependency_links to ../../../build/learning_pkg_python/learning_pkg_python.egg-info/dependency_links.txt
[1.732s] writing entry points to ../../../build/learning_pkg_python/learning_pkg_python.egg-info/entry_points.txt
[1.732s] writing requirements to ../../../build/learning_pkg_python/learning_pkg_python.egg-info/requires.txt
[1.732s] writing top-level names to ../../../build/learning_pkg_python/learning_pkg_python.egg-info/top_level.txt
[1.732s] writing manifest file '../../../build/learning_pkg_python/learning_pkg_python.egg-info/SOURCES.txt'
[1.733s] reading manifest file '../../../build/learning_pkg_python/learning_pkg_python.egg-info/SOURCES.txt'
[1.734s] writing manifest file '../../../build/learning_pkg_python/learning_pkg_python.egg-info/SOURCES.txt'
[1.734s] running build
[1.734s] running build_py
[1.734s] creating /home/tungchiahui/mysource/ros2src/2.example_ws/build/learning_pkg_python/build
[1.734s] creating /home/tungchiahui/mysource/ros2src/2.example_ws/build/learning_pkg_python/build/lib
[1.734s] creating /home/tungchiahui/mysource/ros2src/2.example_ws/build/learning_pkg_python/build/lib/learning_pkg_python
[1.735s] copying learning_pkg_python/__init__.py -> /home/tungchiahui/mysource/ros2src/2.example_ws/build/learning_pkg_python/build/lib/learning_pkg_python
[1.735s] running install
[1.735s] /usr/lib/python3/dist-packages/setuptools/command/install.py:34: SetuptoolsDeprecationWarning: setup.py install is deprecated. Use build and pip and other standards-based tools.
[1.735s]   warnings.warn(
[1.736s] running install_lib
[1.736s] creating /home/tungchiahui/mysource/ros2src/2.example_ws/install/learning_pkg_python/lib/python3.10/site-packages/learning_pkg_python
[1.736s] copying /home/tungchiahui/mysource/ros2src/2.example_ws/build/learning_pkg_python/build/lib/learning_pkg_python/__init__.py -> /home/tungchiahui/mysource/ros2src/2.example_ws/install/learning_pkg_python/lib/python3.10/site-packages/learning_pkg_python
[1.736s] byte-compiling /home/tungchiahui/mysource/ros2src/2.example_ws/install/learning_pkg_python/lib/python3.10/site-packages/learning_pkg_python/__init__.py to __init__.cpython-310.pyc
[1.736s] running install_data
[1.736s] creating /home/tungchiahui/mysource/ros2src/2.example_ws/install/learning_pkg_python/share/ament_index
[1.736s] creating /home/tungchiahui/mysource/ros2src/2.example_ws/install/learning_pkg_python/share/ament_index/resource_index
[1.737s] creating /home/tungchiahui/mysource/ros2src/2.example_ws/install/learning_pkg_python/share/ament_index/resource_index/packages
[1.737s] copying resource/learning_pkg_python -> /home/tungchiahui/mysource/ros2src/2.example_ws/install/learning_pkg_python/share/ament_index/resource_index/packages
[1.737s] copying package.xml -> /home/tungchiahui/mysource/ros2src/2.example_ws/install/learning_pkg_python/share/learning_pkg_python
[1.737s] running install_egg_info
[1.738s] Copying ../../../build/learning_pkg_python/learning_pkg_python.egg-info to /home/tungchiahui/mysource/ros2src/2.example_ws/install/learning_pkg_python/lib/python3.10/site-packages/learning_pkg_python-0.0.0-py3.10.egg-info
[1.738s] running install_scripts
[1.754s] writing list of installed files to '/home/tungchiahui/mysource/ros2src/2.example_ws/build/learning_pkg_python/install.log'
[1.776s] Invoked command in '/home/tungchiahui/mysource/ros2src/2.example_ws/src/ros2_21_tutorials/learning_pkg_python' returned '0': PYTHONPATH=/home/tungchiahui/mysource/ros2src/2.example_ws/build/learning_pkg_python/prefix_override:/home/tungchiahui/mysource/ros2src/2.example_ws/install/learning_pkg_python/lib/python3.10/site-packages:${PYTHONPATH} /usr/bin/python3 setup.py egg_info --egg-base ../../../build/learning_pkg_python build --build-base /home/tungchiahui/mysource/ros2src/2.example_ws/build/learning_pkg_python/build install --record /home/tungchiahui/mysource/ros2src/2.example_ws/build/learning_pkg_python/install.log --single-version-externally-managed
