[0.042s] Invoking command in '/home/tungchiahui/mysource/ros2src/5.opencv_demo_ws/build/opencv_demo1': CMAKE_PREFIX_PATH=${CMAKE_PREFIX_PATH}:/opt/ros/humble /usr/bin/cmake --build /home/tungchiahui/mysource/ros2src/5.opencv_demo_ws/build/opencv_demo1 -- -j16 -l16
[0.068s] [35m[1mConsolidate compiler generated dependencies of target opencv_node[0m
[0.068s] [35m[1mConsolidate compiler generated dependencies of target opencv_node2[0m
[0.081s] [ 50%] [32mBuilding CXX object CMakeFiles/opencv_node2.dir/src/opencv_node2.cpp.o[0m
[0.081s] [ 50%] [32mBuilding CXX object CMakeFiles/opencv_node.dir/src/opencv_node.cpp.o[0m
[2.913s] [ 75%] [32m[1mLinking CXX executable opencv_node2[0m
[2.970s] [100%] [32m[1mLinking CXX executable opencv_node[0m
[3.063s] [100%] Built target opencv_node2
[3.113s] [100%] Built target opencv_node
[3.121s] Invoked command in '/home/tungchiahui/mysource/ros2src/5.opencv_demo_ws/build/opencv_demo1' returned '0': CMAKE_PREFIX_PATH=${CMAKE_PREFIX_PATH}:/opt/ros/humble /usr/bin/cmake --build /home/tungchiahui/mysource/ros2src/5.opencv_demo_ws/build/opencv_demo1 -- -j16 -l16
[3.143s] Invoking command in '/home/tungchiahui/mysource/ros2src/5.opencv_demo_ws/build/opencv_demo1': CMAKE_PREFIX_PATH=${CMAKE_PREFIX_PATH}:/opt/ros/humble /usr/bin/cmake --install /home/tungchiahui/mysource/ros2src/5.opencv_demo_ws/build/opencv_demo1
[3.147s] -- Install configuration: ""
[3.147s] -- Installing: /home/tungchiahui/mysource/ros2src/5.opencv_demo_ws/install/opencv_demo1/lib/opencv_demo1/opencv_node
[3.148s] -- Set runtime path of "/home/tungchiahui/mysource/ros2src/5.opencv_demo_ws/install/opencv_demo1/lib/opencv_demo1/opencv_node" to ""
[3.148s] -- Installing: /home/tungchiahui/mysource/ros2src/5.opencv_demo_ws/install/opencv_demo1/lib/opencv_demo1/opencv_node2
[3.148s] -- Set runtime path of "/home/tungchiahui/mysource/ros2src/5.opencv_demo_ws/install/opencv_demo1/lib/opencv_demo1/opencv_node2" to ""
[3.148s] -- Up-to-date: /home/tungchiahui/mysource/ros2src/5.opencv_demo_ws/install/opencv_demo1/share/ament_index/resource_index/package_run_dependencies/opencv_demo1
[3.148s] -- Up-to-date: /home/tungchiahui/mysource/ros2src/5.opencv_demo_ws/install/opencv_demo1/share/ament_index/resource_index/parent_prefix_path/opencv_demo1
[3.148s] -- Up-to-date: /home/tungchiahui/mysource/ros2src/5.opencv_demo_ws/install/opencv_demo1/share/opencv_demo1/environment/ament_prefix_path.sh
[3.148s] -- Up-to-date: /home/tungchiahui/mysource/ros2src/5.opencv_demo_ws/install/opencv_demo1/share/opencv_demo1/environment/ament_prefix_path.dsv
[3.148s] -- Up-to-date: /home/tungchiahui/mysource/ros2src/5.opencv_demo_ws/install/opencv_demo1/share/opencv_demo1/environment/path.sh
[3.148s] -- Up-to-date: /home/tungchiahui/mysource/ros2src/5.opencv_demo_ws/install/opencv_demo1/share/opencv_demo1/environment/path.dsv
[3.148s] -- Up-to-date: /home/tungchiahui/mysource/ros2src/5.opencv_demo_ws/install/opencv_demo1/share/opencv_demo1/local_setup.bash
[3.148s] -- Up-to-date: /home/tungchiahui/mysource/ros2src/5.opencv_demo_ws/install/opencv_demo1/share/opencv_demo1/local_setup.sh
[3.148s] -- Up-to-date: /home/tungchiahui/mysource/ros2src/5.opencv_demo_ws/install/opencv_demo1/share/opencv_demo1/local_setup.zsh
[3.148s] -- Up-to-date: /home/tungchiahui/mysource/ros2src/5.opencv_demo_ws/install/opencv_demo1/share/opencv_demo1/local_setup.dsv
[3.148s] -- Installing: /home/tungchiahui/mysource/ros2src/5.opencv_demo_ws/install/opencv_demo1/share/opencv_demo1/package.dsv
[3.148s] -- Up-to-date: /home/tungchiahui/mysource/ros2src/5.opencv_demo_ws/install/opencv_demo1/share/ament_index/resource_index/packages/opencv_demo1
[3.148s] -- Up-to-date: /home/tungchiahui/mysource/ros2src/5.opencv_demo_ws/install/opencv_demo1/share/opencv_demo1/cmake/opencv_demo1Config.cmake
[3.148s] -- Up-to-date: /home/tungchiahui/mysource/ros2src/5.opencv_demo_ws/install/opencv_demo1/share/opencv_demo1/cmake/opencv_demo1Config-version.cmake
[3.148s] -- Up-to-date: /home/tungchiahui/mysource/ros2src/5.opencv_demo_ws/install/opencv_demo1/share/opencv_demo1/package.xml
[3.149s] Invoked command in '/home/tungchiahui/mysource/ros2src/5.opencv_demo_ws/build/opencv_demo1' returned '0': CMAKE_PREFIX_PATH=${CMAKE_PREFIX_PATH}:/opt/ros/humble /usr/bin/cmake --install /home/tungchiahui/mysource/ros2src/5.opencv_demo_ws/build/opencv_demo1
