[0.205s] DEBUG:colcon:Command line arguments: ['/usr/bin/colcon', 'list', '-p', '--base-paths', '/home/tungchiahui/mysource/ros2src/4.ws02_tools']
[0.206s] DEBUG:colcon:Parsed command line arguments: Namespace(log_base=None, log_level=None, verb_name='list', build_base='build', ignore_user_meta=False, metas=['./colcon.meta'], base_paths=['/home/tungchiahui/mysource/ros2src/4.ws02_tools'], packages_ignore=None, packages_ignore_regex=None, paths=None, packages_up_to=None, packages_up_to_regex=None, packages_above=None, packages_above_and_dependencies=None, packages_above_depth=None, packages_select_by_dep=None, packages_skip_by_dep=None, packages_skip_up_to=None, packages_select_build_failed=False, packages_skip_build_finished=False, packages_select_test_failures=False, packages_skip_test_passed=False, packages_select=None, packages_skip=None, packages_select_regex=None, packages_skip_regex=None, packages_start=None, packages_end=None, allow_overriding=[], topological_order=False, names_only=False, paths_only=True, topological_graph=False, topological_graph_dot=False, topological_graph_density=False, topological_graph_legend=False, topological_graph_dot_cluster=False, topological_graph_dot_include_skipped=False, verb_parser=<colcon_defaults.argument_parser.defaults.DefaultArgumentsDecorator object at 0x7f5870a88460>, verb_extension=<colcon_package_information.verb.list.ListVerb object at 0x7f58709fef20>, main=<bound method ListVerb.main of <colcon_package_information.verb.list.ListVerb object at 0x7f58709fef20>>)
[0.224s] Level 1:colcon.colcon_core.package_discovery:discover_packages(colcon_meta) check parameters
[0.224s] Level 1:colcon.colcon_core.package_discovery:discover_packages(recursive) check parameters
[0.224s] Level 1:colcon.colcon_core.package_discovery:discover_packages(ignore) check parameters
[0.225s] Level 1:colcon.colcon_core.package_discovery:discover_packages(path) check parameters
[0.225s] Level 1:colcon.colcon_core.package_discovery:discover_packages(recursive) discover
[0.225s] INFO:colcon.colcon_core.package_discovery:Crawling recursively for packages in '/home/tungchiahui/mysource/ros2src/4.ws02_tools'
[0.225s] Level 1:colcon.colcon_core.package_identification:_identify(/home/tungchiahui/mysource/ros2src/4.ws02_tools) by extensions ['ignore', 'ignore_ament_install']
[0.225s] Level 1:colcon.colcon_core.package_identification:_identify(/home/tungchiahui/mysource/ros2src/4.ws02_tools) by extension 'ignore'
[0.225s] Level 1:colcon.colcon_core.package_identification:_identify(/home/tungchiahui/mysource/ros2src/4.ws02_tools) by extension 'ignore_ament_install'
[0.225s] Level 1:colcon.colcon_core.package_identification:_identify(/home/tungchiahui/mysource/ros2src/4.ws02_tools) by extensions ['colcon_pkg']
[0.225s] Level 1:colcon.colcon_core.package_identification:_identify(/home/tungchiahui/mysource/ros2src/4.ws02_tools) by extension 'colcon_pkg'
[0.225s] Level 1:colcon.colcon_core.package_identification:_identify(/home/tungchiahui/mysource/ros2src/4.ws02_tools) by extensions ['colcon_meta']
[0.225s] Level 1:colcon.colcon_core.package_identification:_identify(/home/tungchiahui/mysource/ros2src/4.ws02_tools) by extension 'colcon_meta'
[0.225s] Level 1:colcon.colcon_core.package_identification:_identify(/home/tungchiahui/mysource/ros2src/4.ws02_tools) by extensions ['ros']
[0.225s] Level 1:colcon.colcon_core.package_identification:_identify(/home/tungchiahui/mysource/ros2src/4.ws02_tools) by extension 'ros'
[0.238s] Level 1:colcon.colcon_core.package_identification:_identify(/home/tungchiahui/mysource/ros2src/4.ws02_tools) by extensions ['cmake', 'python']
[0.238s] Level 1:colcon.colcon_core.package_identification:_identify(/home/tungchiahui/mysource/ros2src/4.ws02_tools) by extension 'cmake'
[0.238s] Level 1:colcon.colcon_core.package_identification:_identify(/home/tungchiahui/mysource/ros2src/4.ws02_tools) by extension 'python'
[0.238s] Level 1:colcon.colcon_core.package_identification:_identify(/home/tungchiahui/mysource/ros2src/4.ws02_tools) by extensions ['python_setup_py']
[0.238s] Level 1:colcon.colcon_core.package_identification:_identify(/home/tungchiahui/mysource/ros2src/4.ws02_tools) by extension 'python_setup_py'
[0.238s] Level 1:colcon.colcon_core.package_identification:_identify(/home/tungchiahui/mysource/ros2src/4.ws02_tools/build) by extensions ['ignore', 'ignore_ament_install']
[0.238s] Level 1:colcon.colcon_core.package_identification:_identify(/home/tungchiahui/mysource/ros2src/4.ws02_tools/build) by extension 'ignore'
[0.238s] Level 1:colcon.colcon_core.package_identification:_identify(/home/tungchiahui/mysource/ros2src/4.ws02_tools/build) ignored
[0.238s] Level 1:colcon.colcon_core.package_identification:_identify(/home/tungchiahui/mysource/ros2src/4.ws02_tools/install) by extensions ['ignore', 'ignore_ament_install']
[0.238s] Level 1:colcon.colcon_core.package_identification:_identify(/home/tungchiahui/mysource/ros2src/4.ws02_tools/install) by extension 'ignore'
[0.239s] Level 1:colcon.colcon_core.package_identification:_identify(/home/tungchiahui/mysource/ros2src/4.ws02_tools/install) ignored
[0.239s] Level 1:colcon.colcon_core.package_identification:_identify(/home/tungchiahui/mysource/ros2src/4.ws02_tools/log) by extensions ['ignore', 'ignore_ament_install']
[0.239s] Level 1:colcon.colcon_core.package_identification:_identify(/home/tungchiahui/mysource/ros2src/4.ws02_tools/log) by extension 'ignore'
[0.239s] Level 1:colcon.colcon_core.package_identification:_identify(/home/tungchiahui/mysource/ros2src/4.ws02_tools/log) ignored
[0.239s] Level 1:colcon.colcon_core.package_identification:_identify(/home/tungchiahui/mysource/ros2src/4.ws02_tools/src) by extensions ['ignore', 'ignore_ament_install']
[0.239s] Level 1:colcon.colcon_core.package_identification:_identify(/home/tungchiahui/mysource/ros2src/4.ws02_tools/src) by extension 'ignore'
[0.239s] Level 1:colcon.colcon_core.package_identification:_identify(/home/tungchiahui/mysource/ros2src/4.ws02_tools/src) by extension 'ignore_ament_install'
[0.239s] Level 1:colcon.colcon_core.package_identification:_identify(/home/tungchiahui/mysource/ros2src/4.ws02_tools/src) by extensions ['colcon_pkg']
[0.239s] Level 1:colcon.colcon_core.package_identification:_identify(/home/tungchiahui/mysource/ros2src/4.ws02_tools/src) by extension 'colcon_pkg'
[0.239s] Level 1:colcon.colcon_core.package_identification:_identify(/home/tungchiahui/mysource/ros2src/4.ws02_tools/src) by extensions ['colcon_meta']
[0.239s] Level 1:colcon.colcon_core.package_identification:_identify(/home/tungchiahui/mysource/ros2src/4.ws02_tools/src) by extension 'colcon_meta'
[0.239s] Level 1:colcon.colcon_core.package_identification:_identify(/home/tungchiahui/mysource/ros2src/4.ws02_tools/src) by extensions ['ros']
[0.239s] Level 1:colcon.colcon_core.package_identification:_identify(/home/tungchiahui/mysource/ros2src/4.ws02_tools/src) by extension 'ros'
[0.239s] Level 1:colcon.colcon_core.package_identification:_identify(/home/tungchiahui/mysource/ros2src/4.ws02_tools/src) by extensions ['cmake', 'python']
[0.239s] Level 1:colcon.colcon_core.package_identification:_identify(/home/tungchiahui/mysource/ros2src/4.ws02_tools/src) by extension 'cmake'
[0.239s] Level 1:colcon.colcon_core.package_identification:_identify(/home/tungchiahui/mysource/ros2src/4.ws02_tools/src) by extension 'python'
[0.239s] Level 1:colcon.colcon_core.package_identification:_identify(/home/tungchiahui/mysource/ros2src/4.ws02_tools/src) by extensions ['python_setup_py']
[0.239s] Level 1:colcon.colcon_core.package_identification:_identify(/home/tungchiahui/mysource/ros2src/4.ws02_tools/src) by extension 'python_setup_py'
[0.240s] Level 1:colcon.colcon_core.package_identification:_identify(/home/tungchiahui/mysource/ros2src/4.ws02_tools/src/cpp01_launch) by extensions ['ignore', 'ignore_ament_install']
[0.240s] Level 1:colcon.colcon_core.package_identification:_identify(/home/tungchiahui/mysource/ros2src/4.ws02_tools/src/cpp01_launch) by extension 'ignore'
[0.240s] Level 1:colcon.colcon_core.package_identification:_identify(/home/tungchiahui/mysource/ros2src/4.ws02_tools/src/cpp01_launch) by extension 'ignore_ament_install'
[0.240s] Level 1:colcon.colcon_core.package_identification:_identify(/home/tungchiahui/mysource/ros2src/4.ws02_tools/src/cpp01_launch) by extensions ['colcon_pkg']
[0.240s] Level 1:colcon.colcon_core.package_identification:_identify(/home/tungchiahui/mysource/ros2src/4.ws02_tools/src/cpp01_launch) by extension 'colcon_pkg'
[0.240s] Level 1:colcon.colcon_core.package_identification:_identify(/home/tungchiahui/mysource/ros2src/4.ws02_tools/src/cpp01_launch) by extensions ['colcon_meta']
[0.240s] Level 1:colcon.colcon_core.package_identification:_identify(/home/tungchiahui/mysource/ros2src/4.ws02_tools/src/cpp01_launch) by extension 'colcon_meta'
[0.240s] Level 1:colcon.colcon_core.package_identification:_identify(/home/tungchiahui/mysource/ros2src/4.ws02_tools/src/cpp01_launch) by extensions ['ros']
[0.240s] Level 1:colcon.colcon_core.package_identification:_identify(/home/tungchiahui/mysource/ros2src/4.ws02_tools/src/cpp01_launch) by extension 'ros'
[0.242s] DEBUG:colcon.colcon_core.package_identification:Package '/home/tungchiahui/mysource/ros2src/4.ws02_tools/src/cpp01_launch' with type 'ros.ament_cmake' and name 'cpp01_launch'
[0.242s] Level 1:colcon.colcon_core.package_discovery:discover_packages(recursive) using defaults
