[0.009s] Invoking command in '/home/tungchiahui/mysource/ros2src/3.ws01_plumbing/build/cpp03_action': CMAKE_PREFIX_PATH=/home/tungchiahui/mysource/ros2src/3.ws01_plumbing/install/base_interfaces_demo:/home/tungchiahui/mysource/ros2src/3.ws01_plumbing/install/cpp03_action:/home/tungchiahui/mysource/ros2src/3.ws01_plumbing/install/cpp02_service:/home/tungchiahui/mysource/ros2src/3.ws01_plumbing/install/cpp01_topic:/opt/ros/humble /usr/bin/cmake --build /home/tungchiahui/mysource/ros2src/3.ws01_plumbing/build/cpp03_action -- -j16 -l16
[0.033s] [35m[1mConsolidate compiler generated dependencies of target demo02_action_client[0m
[0.041s] [ 50%] Built target demo01_action_server
[0.044s] [ 75%] [32mBuilding CXX object CMakeFiles/demo02_action_client.dir/src/demo02_action_client.cpp.o[0m
[2.689s] [100%] [32m[1mLinking CXX executable demo02_action_client[0m
[2.799s] [100%] Built target demo02_action_client
[2.807s] Invoked command in '/home/tungchiahui/mysource/ros2src/3.ws01_plumbing/build/cpp03_action' returned '0': CMAKE_PREFIX_PATH=/home/tungchiahui/mysource/ros2src/3.ws01_plumbing/install/base_interfaces_demo:/home/tungchiahui/mysource/ros2src/3.ws01_plumbing/install/cpp03_action:/home/tungchiahui/mysource/ros2src/3.ws01_plumbing/install/cpp02_service:/home/tungchiahui/mysource/ros2src/3.ws01_plumbing/install/cpp01_topic:/opt/ros/humble /usr/bin/cmake --build /home/tungchiahui/mysource/ros2src/3.ws01_plumbing/build/cpp03_action -- -j16 -l16
[2.831s] Invoking command in '/home/tungchiahui/mysource/ros2src/3.ws01_plumbing/build/cpp03_action': CMAKE_PREFIX_PATH=/home/tungchiahui/mysource/ros2src/3.ws01_plumbing/install/base_interfaces_demo:/home/tungchiahui/mysource/ros2src/3.ws01_plumbing/install/cpp03_action:/home/tungchiahui/mysource/ros2src/3.ws01_plumbing/install/cpp02_service:/home/tungchiahui/mysource/ros2src/3.ws01_plumbing/install/cpp01_topic:/opt/ros/humble /usr/bin/cmake --install /home/tungchiahui/mysource/ros2src/3.ws01_plumbing/build/cpp03_action
[2.836s] -- Install configuration: ""
[2.836s] -- Up-to-date: /home/tungchiahui/mysource/ros2src/3.ws01_plumbing/install/cpp03_action/lib/cpp03_action/demo01_action_server
[2.836s] -- Installing: /home/tungchiahui/mysource/ros2src/3.ws01_plumbing/install/cpp03_action/lib/cpp03_action/demo02_action_client
[2.837s] -- Set runtime path of "/home/tungchiahui/mysource/ros2src/3.ws01_plumbing/install/cpp03_action/lib/cpp03_action/demo02_action_client" to ""
[2.837s] -- Up-to-date: /home/tungchiahui/mysource/ros2src/3.ws01_plumbing/install/cpp03_action/share/ament_index/resource_index/package_run_dependencies/cpp03_action
[2.837s] -- Up-to-date: /home/tungchiahui/mysource/ros2src/3.ws01_plumbing/install/cpp03_action/share/ament_index/resource_index/parent_prefix_path/cpp03_action
[2.837s] -- Up-to-date: /home/tungchiahui/mysource/ros2src/3.ws01_plumbing/install/cpp03_action/share/cpp03_action/environment/ament_prefix_path.sh
[2.837s] -- Up-to-date: /home/tungchiahui/mysource/ros2src/3.ws01_plumbing/install/cpp03_action/share/cpp03_action/environment/ament_prefix_path.dsv
[2.837s] -- Up-to-date: /home/tungchiahui/mysource/ros2src/3.ws01_plumbing/install/cpp03_action/share/cpp03_action/environment/path.sh
[2.837s] -- Up-to-date: /home/tungchiahui/mysource/ros2src/3.ws01_plumbing/install/cpp03_action/share/cpp03_action/environment/path.dsv
[2.838s] -- Up-to-date: /home/tungchiahui/mysource/ros2src/3.ws01_plumbing/install/cpp03_action/share/cpp03_action/local_setup.bash
[2.838s] -- Up-to-date: /home/tungchiahui/mysource/ros2src/3.ws01_plumbing/install/cpp03_action/share/cpp03_action/local_setup.sh
[2.838s] -- Up-to-date: /home/tungchiahui/mysource/ros2src/3.ws01_plumbing/install/cpp03_action/share/cpp03_action/local_setup.zsh
[2.838s] -- Up-to-date: /home/tungchiahui/mysource/ros2src/3.ws01_plumbing/install/cpp03_action/share/cpp03_action/local_setup.dsv
[2.838s] -- Installing: /home/tungchiahui/mysource/ros2src/3.ws01_plumbing/install/cpp03_action/share/cpp03_action/package.dsv
[2.838s] -- Up-to-date: /home/tungchiahui/mysource/ros2src/3.ws01_plumbing/install/cpp03_action/share/ament_index/resource_index/packages/cpp03_action
[2.838s] -- Up-to-date: /home/tungchiahui/mysource/ros2src/3.ws01_plumbing/install/cpp03_action/share/cpp03_action/cmake/cpp03_actionConfig.cmake
[2.838s] -- Up-to-date: /home/tungchiahui/mysource/ros2src/3.ws01_plumbing/install/cpp03_action/share/cpp03_action/cmake/cpp03_actionConfig-version.cmake
[2.838s] -- Up-to-date: /home/tungchiahui/mysource/ros2src/3.ws01_plumbing/install/cpp03_action/share/cpp03_action/package.xml
[2.839s] Invoked command in '/home/tungchiahui/mysource/ros2src/3.ws01_plumbing/build/cpp03_action' returned '0': CMAKE_PREFIX_PATH=/home/tungchiahui/mysource/ros2src/3.ws01_plumbing/install/base_interfaces_demo:/home/tungchiahui/mysource/ros2src/3.ws01_plumbing/install/cpp03_action:/home/tungchiahui/mysource/ros2src/3.ws01_plumbing/install/cpp02_service:/home/tungchiahui/mysource/ros2src/3.ws01_plumbing/install/cpp01_topic:/opt/ros/humble /usr/bin/cmake --install /home/tungchiahui/mysource/ros2src/3.ws01_plumbing/build/cpp03_action
