[0.548s] DEBUG:colcon:Command line arguments: ['/usr/bin/colcon', 'build']
[0.548s] DEBUG:colcon:Parsed command line arguments: Namespace(log_base=None, log_level=None, verb_name='build', build_base='build', install_base='install', merge_install=False, symlink_install=False, test_result_base=None, continue_on_error=False, executor='parallel', parallel_workers=16, event_handlers=None, ignore_user_meta=False, metas=['./colcon.meta'], base_paths=['.'], packages_ignore=None, packages_ignore_regex=None, paths=None, packages_up_to=None, packages_up_to_regex=None, packages_above=None, packages_above_and_dependencies=None, packages_above_depth=None, packages_select_by_dep=None, packages_skip_by_dep=None, packages_skip_up_to=None, packages_select_build_failed=False, packages_skip_build_finished=False, packages_select_test_failures=False, packages_skip_test_passed=False, packages_select=None, packages_skip=None, packages_select_regex=None, packages_skip_regex=None, packages_start=None, packages_end=None, allow_overriding=[], cmake_args=None, cmake_target=None, cmake_target_skip_unavailable=False, cmake_clean_cache=False, cmake_clean_first=False, cmake_force_configure=False, ament_cmake_args=None, catkin_cmake_args=None, catkin_skip_building_tests=False, verb_parser=<colcon_defaults.argument_parser.defaults.DefaultArgumentsDecorator object at 0x7f113aabbfd0>, verb_extension=<colcon_core.verb.build.BuildVerb object at 0x7f113aabb550>, main=<bound method BuildVerb.main of <colcon_core.verb.build.BuildVerb object at 0x7f113aabb550>>)
[0.574s] Level 1:colcon.colcon_core.package_discovery:discover_packages(colcon_meta) check parameters
[0.574s] Level 1:colcon.colcon_core.package_discovery:discover_packages(recursive) check parameters
[0.574s] Level 1:colcon.colcon_core.package_discovery:discover_packages(ignore) check parameters
[0.574s] Level 1:colcon.colcon_core.package_discovery:discover_packages(path) check parameters
[0.574s] Level 1:colcon.colcon_core.package_discovery:discover_packages(colcon_meta) discover
[0.574s] Level 1:colcon.colcon_core.package_discovery:discover_packages(recursive) discover
[0.574s] INFO:colcon.colcon_core.package_discovery:Crawling recursively for packages in '/home/tungchiahui/user/mysource/ros2src/5.opencv_demo_ws'
[0.574s] Level 1:colcon.colcon_core.package_identification:_identify(.) by extensions ['ignore', 'ignore_ament_install']
[0.574s] Level 1:colcon.colcon_core.package_identification:_identify(.) by extension 'ignore'
[0.574s] Level 1:colcon.colcon_core.package_identification:_identify(.) by extension 'ignore_ament_install'
[0.574s] Level 1:colcon.colcon_core.package_identification:_identify(.) by extensions ['colcon_pkg']
[0.574s] Level 1:colcon.colcon_core.package_identification:_identify(.) by extension 'colcon_pkg'
[0.574s] Level 1:colcon.colcon_core.package_identification:_identify(.) by extensions ['colcon_meta']
[0.574s] Level 1:colcon.colcon_core.package_identification:_identify(.) by extension 'colcon_meta'
[0.574s] Level 1:colcon.colcon_core.package_identification:_identify(.) by extensions ['ros']
[0.574s] Level 1:colcon.colcon_core.package_identification:_identify(.) by extension 'ros'
[0.582s] Level 1:colcon.colcon_core.package_identification:_identify(.) by extensions ['cmake', 'python']
[0.582s] Level 1:colcon.colcon_core.package_identification:_identify(.) by extension 'cmake'
[0.582s] Level 1:colcon.colcon_core.package_identification:_identify(.) by extension 'python'
[0.582s] Level 1:colcon.colcon_core.package_identification:_identify(.) by extensions ['python_setup_py']
[0.582s] Level 1:colcon.colcon_core.package_identification:_identify(.) by extension 'python_setup_py'
[0.582s] Level 1:colcon.colcon_core.package_identification:_identify(build) by extensions ['ignore', 'ignore_ament_install']
[0.582s] Level 1:colcon.colcon_core.package_identification:_identify(build) by extension 'ignore'
[0.582s] Level 1:colcon.colcon_core.package_identification:_identify(build) ignored
[0.582s] Level 1:colcon.colcon_core.package_identification:_identify(install) by extensions ['ignore', 'ignore_ament_install']
[0.582s] Level 1:colcon.colcon_core.package_identification:_identify(install) by extension 'ignore'
[0.582s] Level 1:colcon.colcon_core.package_identification:_identify(install) ignored
[0.582s] Level 1:colcon.colcon_core.package_identification:_identify(log) by extensions ['ignore', 'ignore_ament_install']
[0.582s] Level 1:colcon.colcon_core.package_identification:_identify(log) by extension 'ignore'
[0.582s] Level 1:colcon.colcon_core.package_identification:_identify(log) ignored
[0.582s] Level 1:colcon.colcon_core.package_identification:_identify(media) by extensions ['ignore', 'ignore_ament_install']
[0.582s] Level 1:colcon.colcon_core.package_identification:_identify(media) by extension 'ignore'
[0.582s] Level 1:colcon.colcon_core.package_identification:_identify(media) by extension 'ignore_ament_install'
[0.582s] Level 1:colcon.colcon_core.package_identification:_identify(media) by extensions ['colcon_pkg']
[0.582s] Level 1:colcon.colcon_core.package_identification:_identify(media) by extension 'colcon_pkg'
[0.582s] Level 1:colcon.colcon_core.package_identification:_identify(media) by extensions ['colcon_meta']
[0.582s] Level 1:colcon.colcon_core.package_identification:_identify(media) by extension 'colcon_meta'
[0.582s] Level 1:colcon.colcon_core.package_identification:_identify(media) by extensions ['ros']
[0.582s] Level 1:colcon.colcon_core.package_identification:_identify(media) by extension 'ros'
[0.582s] Level 1:colcon.colcon_core.package_identification:_identify(media) by extensions ['cmake', 'python']
[0.582s] Level 1:colcon.colcon_core.package_identification:_identify(media) by extension 'cmake'
[0.583s] Level 1:colcon.colcon_core.package_identification:_identify(media) by extension 'python'
[0.583s] Level 1:colcon.colcon_core.package_identification:_identify(media) by extensions ['python_setup_py']
[0.583s] Level 1:colcon.colcon_core.package_identification:_identify(media) by extension 'python_setup_py'
[0.583s] Level 1:colcon.colcon_core.package_identification:_identify(src) by extensions ['ignore', 'ignore_ament_install']
[0.583s] Level 1:colcon.colcon_core.package_identification:_identify(src) by extension 'ignore'
[0.583s] Level 1:colcon.colcon_core.package_identification:_identify(src) by extension 'ignore_ament_install'
[0.583s] Level 1:colcon.colcon_core.package_identification:_identify(src) by extensions ['colcon_pkg']
[0.583s] Level 1:colcon.colcon_core.package_identification:_identify(src) by extension 'colcon_pkg'
[0.583s] Level 1:colcon.colcon_core.package_identification:_identify(src) by extensions ['colcon_meta']
[0.583s] Level 1:colcon.colcon_core.package_identification:_identify(src) by extension 'colcon_meta'
[0.583s] Level 1:colcon.colcon_core.package_identification:_identify(src) by extensions ['ros']
[0.583s] Level 1:colcon.colcon_core.package_identification:_identify(src) by extension 'ros'
[0.583s] Level 1:colcon.colcon_core.package_identification:_identify(src) by extensions ['cmake', 'python']
[0.583s] Level 1:colcon.colcon_core.package_identification:_identify(src) by extension 'cmake'
[0.583s] Level 1:colcon.colcon_core.package_identification:_identify(src) by extension 'python'
[0.583s] Level 1:colcon.colcon_core.package_identification:_identify(src) by extensions ['python_setup_py']
[0.583s] Level 1:colcon.colcon_core.package_identification:_identify(src) by extension 'python_setup_py'
[0.583s] Level 1:colcon.colcon_core.package_identification:_identify(src/opencv_demo1_0_show_image) by extensions ['ignore', 'ignore_ament_install']
[0.583s] Level 1:colcon.colcon_core.package_identification:_identify(src/opencv_demo1_0_show_image) by extension 'ignore'
[0.583s] Level 1:colcon.colcon_core.package_identification:_identify(src/opencv_demo1_0_show_image) by extension 'ignore_ament_install'
[0.583s] Level 1:colcon.colcon_core.package_identification:_identify(src/opencv_demo1_0_show_image) by extensions ['colcon_pkg']
[0.583s] Level 1:colcon.colcon_core.package_identification:_identify(src/opencv_demo1_0_show_image) by extension 'colcon_pkg'
[0.583s] Level 1:colcon.colcon_core.package_identification:_identify(src/opencv_demo1_0_show_image) by extensions ['colcon_meta']
[0.583s] Level 1:colcon.colcon_core.package_identification:_identify(src/opencv_demo1_0_show_image) by extension 'colcon_meta'
[0.583s] Level 1:colcon.colcon_core.package_identification:_identify(src/opencv_demo1_0_show_image) by extensions ['ros']
[0.583s] Level 1:colcon.colcon_core.package_identification:_identify(src/opencv_demo1_0_show_image) by extension 'ros'
[0.585s] DEBUG:colcon.colcon_core.package_identification:Package 'src/opencv_demo1_0_show_image' with type 'ros.ament_cmake' and name 'opencv_demo1_0_show_image'
[0.585s] Level 1:colcon.colcon_core.package_identification:_identify(src/opencv_demo2_0_video_capture) by extensions ['ignore', 'ignore_ament_install']
[0.585s] Level 1:colcon.colcon_core.package_identification:_identify(src/opencv_demo2_0_video_capture) by extension 'ignore'
[0.585s] Level 1:colcon.colcon_core.package_identification:_identify(src/opencv_demo2_0_video_capture) by extension 'ignore_ament_install'
[0.585s] Level 1:colcon.colcon_core.package_identification:_identify(src/opencv_demo2_0_video_capture) by extensions ['colcon_pkg']
[0.585s] Level 1:colcon.colcon_core.package_identification:_identify(src/opencv_demo2_0_video_capture) by extension 'colcon_pkg'
[0.585s] Level 1:colcon.colcon_core.package_identification:_identify(src/opencv_demo2_0_video_capture) by extensions ['colcon_meta']
[0.585s] Level 1:colcon.colcon_core.package_identification:_identify(src/opencv_demo2_0_video_capture) by extension 'colcon_meta'
[0.585s] Level 1:colcon.colcon_core.package_identification:_identify(src/opencv_demo2_0_video_capture) by extensions ['ros']
[0.585s] Level 1:colcon.colcon_core.package_identification:_identify(src/opencv_demo2_0_video_capture) by extension 'ros'
[0.586s] DEBUG:colcon.colcon_core.package_identification:Package 'src/opencv_demo2_0_video_capture' with type 'ros.ament_cmake' and name 'opencv_demo2_0_video_capture'
[0.586s] Level 1:colcon.colcon_core.package_identification:_identify(src/opencv_demo3_0_save_media_file) by extensions ['ignore', 'ignore_ament_install']
[0.586s] Level 1:colcon.colcon_core.package_identification:_identify(src/opencv_demo3_0_save_media_file) by extension 'ignore'
[0.586s] Level 1:colcon.colcon_core.package_identification:_identify(src/opencv_demo3_0_save_media_file) by extension 'ignore_ament_install'
[0.586s] Level 1:colcon.colcon_core.package_identification:_identify(src/opencv_demo3_0_save_media_file) by extensions ['colcon_pkg']
[0.586s] Level 1:colcon.colcon_core.package_identification:_identify(src/opencv_demo3_0_save_media_file) by extension 'colcon_pkg'
[0.586s] Level 1:colcon.colcon_core.package_identification:_identify(src/opencv_demo3_0_save_media_file) by extensions ['colcon_meta']
[0.586s] Level 1:colcon.colcon_core.package_identification:_identify(src/opencv_demo3_0_save_media_file) by extension 'colcon_meta'
[0.586s] Level 1:colcon.colcon_core.package_identification:_identify(src/opencv_demo3_0_save_media_file) by extensions ['ros']
[0.586s] Level 1:colcon.colcon_core.package_identification:_identify(src/opencv_demo3_0_save_media_file) by extension 'ros'
[0.586s] DEBUG:colcon.colcon_core.package_identification:Package 'src/opencv_demo3_0_save_media_file' with type 'ros.ament_cmake' and name 'opencv_demo3_0_save_media_file'
[0.587s] Level 1:colcon.colcon_core.package_identification:_identify(src/opencv_demo3_1_color_space) by extensions ['ignore', 'ignore_ament_install']
[0.587s] Level 1:colcon.colcon_core.package_identification:_identify(src/opencv_demo3_1_color_space) by extension 'ignore'
[0.587s] Level 1:colcon.colcon_core.package_identification:_identify(src/opencv_demo3_1_color_space) by extension 'ignore_ament_install'
[0.587s] Level 1:colcon.colcon_core.package_identification:_identify(src/opencv_demo3_1_color_space) by extensions ['colcon_pkg']
[0.587s] Level 1:colcon.colcon_core.package_identification:_identify(src/opencv_demo3_1_color_space) by extension 'colcon_pkg'
[0.587s] Level 1:colcon.colcon_core.package_identification:_identify(src/opencv_demo3_1_color_space) by extensions ['colcon_meta']
[0.587s] Level 1:colcon.colcon_core.package_identification:_identify(src/opencv_demo3_1_color_space) by extension 'colcon_meta'
[0.587s] Level 1:colcon.colcon_core.package_identification:_identify(src/opencv_demo3_1_color_space) by extensions ['ros']
[0.587s] Level 1:colcon.colcon_core.package_identification:_identify(src/opencv_demo3_1_color_space) by extension 'ros'
[0.587s] DEBUG:colcon.colcon_core.package_identification:Package 'src/opencv_demo3_1_color_space' with type 'ros.ament_cmake' and name 'opencv_demo3_1_color_space'
[0.587s] Level 1:colcon.colcon_core.package_discovery:discover_packages(recursive) using defaults
[0.587s] Level 1:colcon.colcon_core.package_discovery:discover_packages(ignore) discover
[0.587s] Level 1:colcon.colcon_core.package_discovery:discover_packages(ignore) using defaults
[0.587s] Level 1:colcon.colcon_core.package_discovery:discover_packages(path) discover
[0.587s] Level 1:colcon.colcon_core.package_discovery:discover_packages(path) using defaults
[0.639s] Level 1:colcon.colcon_core.package_discovery:discover_packages(prefix_path) check parameters
[0.639s] Level 1:colcon.colcon_core.package_discovery:discover_packages(prefix_path) discover
[0.647s] WARNING:colcon.colcon_ros.prefix_path.ament:The path '/home/tungchiahui/user/mysource/ros2src/5.opencv_demo_ws/install/opencv_demo3_save_media_file' in the environment variable AMENT_PREFIX_PATH doesn't exist
[0.647s] WARNING:colcon.colcon_ros.prefix_path.ament:The path '/home/tungchiahui/user/mysource/ros2src/5.opencv_demo_ws/install/opencv_demo2_video_capture' in the environment variable AMENT_PREFIX_PATH doesn't exist
[0.647s] WARNING:colcon.colcon_ros.prefix_path.ament:The path '/home/tungchiahui/user/mysource/ros2src/5.opencv_demo_ws/install/opencv_demo1_show_image' in the environment variable AMENT_PREFIX_PATH doesn't exist
[0.648s] WARNING:colcon.colcon_ros.prefix_path.catkin:The path '/home/tungchiahui/user/mysource/ros2src/5.opencv_demo_ws/install/opencv_demo3_save_media_file' in the environment variable CMAKE_PREFIX_PATH doesn't exist
[0.648s] WARNING:colcon.colcon_ros.prefix_path.catkin:The path '/home/tungchiahui/user/mysource/ros2src/5.opencv_demo_ws/install/opencv_demo2_video_capture' in the environment variable CMAKE_PREFIX_PATH doesn't exist
[0.648s] WARNING:colcon.colcon_ros.prefix_path.catkin:The path '/home/tungchiahui/user/mysource/ros2src/5.opencv_demo_ws/install/opencv_demo1_show_image' in the environment variable CMAKE_PREFIX_PATH doesn't exist
[0.656s] DEBUG:colcon.colcon_installed_package_information.package_discovery:Found 0 installed packages in /home/tungchiahui/user/mysource/ros2src/5.opencv_demo_ws/install
[0.664s] DEBUG:colcon.colcon_installed_package_information.package_discovery:Found 270 installed packages in /opt/ros/humble
[0.665s] Level 1:colcon.colcon_core.package_discovery:discover_packages(prefix_path) using defaults
[0.726s] Level 5:colcon.colcon_core.verb:set package 'opencv_demo1_0_show_image' build argument 'cmake_args' from command line to 'None'
[0.726s] Level 5:colcon.colcon_core.verb:set package 'opencv_demo1_0_show_image' build argument 'cmake_target' from command line to 'None'
[0.726s] Level 5:colcon.colcon_core.verb:set package 'opencv_demo1_0_show_image' build argument 'cmake_target_skip_unavailable' from command line to 'False'
[0.726s] Level 5:colcon.colcon_core.verb:set package 'opencv_demo1_0_show_image' build argument 'cmake_clean_cache' from command line to 'False'
[0.726s] Level 5:colcon.colcon_core.verb:set package 'opencv_demo1_0_show_image' build argument 'cmake_clean_first' from command line to 'False'
[0.726s] Level 5:colcon.colcon_core.verb:set package 'opencv_demo1_0_show_image' build argument 'cmake_force_configure' from command line to 'False'
[0.726s] Level 5:colcon.colcon_core.verb:set package 'opencv_demo1_0_show_image' build argument 'ament_cmake_args' from command line to 'None'
[0.726s] Level 5:colcon.colcon_core.verb:set package 'opencv_demo1_0_show_image' build argument 'catkin_cmake_args' from command line to 'None'
[0.727s] Level 5:colcon.colcon_core.verb:set package 'opencv_demo1_0_show_image' build argument 'catkin_skip_building_tests' from command line to 'False'
[0.727s] DEBUG:colcon.colcon_core.verb:Building package 'opencv_demo1_0_show_image' with the following arguments: {'ament_cmake_args': None, 'build_base': '/home/tungchiahui/user/mysource/ros2src/5.opencv_demo_ws/build/opencv_demo1_0_show_image', 'catkin_cmake_args': None, 'catkin_skip_building_tests': False, 'cmake_args': None, 'cmake_clean_cache': False, 'cmake_clean_first': False, 'cmake_force_configure': False, 'cmake_target': None, 'cmake_target_skip_unavailable': False, 'install_base': '/home/tungchiahui/user/mysource/ros2src/5.opencv_demo_ws/install/opencv_demo1_0_show_image', 'merge_install': False, 'path': '/home/tungchiahui/user/mysource/ros2src/5.opencv_demo_ws/src/opencv_demo1_0_show_image', 'symlink_install': False, 'test_result_base': None}
[0.735s] Level 5:colcon.colcon_core.verb:set package 'opencv_demo2_0_video_capture' build argument 'cmake_args' from command line to 'None'
[0.735s] Level 5:colcon.colcon_core.verb:set package 'opencv_demo2_0_video_capture' build argument 'cmake_target' from command line to 'None'
[0.735s] Level 5:colcon.colcon_core.verb:set package 'opencv_demo2_0_video_capture' build argument 'cmake_target_skip_unavailable' from command line to 'False'
[0.735s] Level 5:colcon.colcon_core.verb:set package 'opencv_demo2_0_video_capture' build argument 'cmake_clean_cache' from command line to 'False'
[0.735s] Level 5:colcon.colcon_core.verb:set package 'opencv_demo2_0_video_capture' build argument 'cmake_clean_first' from command line to 'False'
[0.735s] Level 5:colcon.colcon_core.verb:set package 'opencv_demo2_0_video_capture' build argument 'cmake_force_configure' from command line to 'False'
[0.735s] Level 5:colcon.colcon_core.verb:set package 'opencv_demo2_0_video_capture' build argument 'ament_cmake_args' from command line to 'None'
[0.735s] Level 5:colcon.colcon_core.verb:set package 'opencv_demo2_0_video_capture' build argument 'catkin_cmake_args' from command line to 'None'
[0.735s] Level 5:colcon.colcon_core.verb:set package 'opencv_demo2_0_video_capture' build argument 'catkin_skip_building_tests' from command line to 'False'
[0.735s] DEBUG:colcon.colcon_core.verb:Building package 'opencv_demo2_0_video_capture' with the following arguments: {'ament_cmake_args': None, 'build_base': '/home/tungchiahui/user/mysource/ros2src/5.opencv_demo_ws/build/opencv_demo2_0_video_capture', 'catkin_cmake_args': None, 'catkin_skip_building_tests': False, 'cmake_args': None, 'cmake_clean_cache': False, 'cmake_clean_first': False, 'cmake_force_configure': False, 'cmake_target': None, 'cmake_target_skip_unavailable': False, 'install_base': '/home/tungchiahui/user/mysource/ros2src/5.opencv_demo_ws/install/opencv_demo2_0_video_capture', 'merge_install': False, 'path': '/home/tungchiahui/user/mysource/ros2src/5.opencv_demo_ws/src/opencv_demo2_0_video_capture', 'symlink_install': False, 'test_result_base': None}
[0.743s] Level 5:colcon.colcon_core.verb:set package 'opencv_demo3_0_save_media_file' build argument 'cmake_args' from command line to 'None'
[0.743s] Level 5:colcon.colcon_core.verb:set package 'opencv_demo3_0_save_media_file' build argument 'cmake_target' from command line to 'None'
[0.743s] Level 5:colcon.colcon_core.verb:set package 'opencv_demo3_0_save_media_file' build argument 'cmake_target_skip_unavailable' from command line to 'False'
[0.743s] Level 5:colcon.colcon_core.verb:set package 'opencv_demo3_0_save_media_file' build argument 'cmake_clean_cache' from command line to 'False'
[0.743s] Level 5:colcon.colcon_core.verb:set package 'opencv_demo3_0_save_media_file' build argument 'cmake_clean_first' from command line to 'False'
[0.743s] Level 5:colcon.colcon_core.verb:set package 'opencv_demo3_0_save_media_file' build argument 'cmake_force_configure' from command line to 'False'
[0.743s] Level 5:colcon.colcon_core.verb:set package 'opencv_demo3_0_save_media_file' build argument 'ament_cmake_args' from command line to 'None'
[0.743s] Level 5:colcon.colcon_core.verb:set package 'opencv_demo3_0_save_media_file' build argument 'catkin_cmake_args' from command line to 'None'
[0.743s] Level 5:colcon.colcon_core.verb:set package 'opencv_demo3_0_save_media_file' build argument 'catkin_skip_building_tests' from command line to 'False'
[0.743s] DEBUG:colcon.colcon_core.verb:Building package 'opencv_demo3_0_save_media_file' with the following arguments: {'ament_cmake_args': None, 'build_base': '/home/tungchiahui/user/mysource/ros2src/5.opencv_demo_ws/build/opencv_demo3_0_save_media_file', 'catkin_cmake_args': None, 'catkin_skip_building_tests': False, 'cmake_args': None, 'cmake_clean_cache': False, 'cmake_clean_first': False, 'cmake_force_configure': False, 'cmake_target': None, 'cmake_target_skip_unavailable': False, 'install_base': '/home/tungchiahui/user/mysource/ros2src/5.opencv_demo_ws/install/opencv_demo3_0_save_media_file', 'merge_install': False, 'path': '/home/tungchiahui/user/mysource/ros2src/5.opencv_demo_ws/src/opencv_demo3_0_save_media_file', 'symlink_install': False, 'test_result_base': None}
[0.751s] Level 5:colcon.colcon_core.verb:set package 'opencv_demo3_1_color_space' build argument 'cmake_args' from command line to 'None'
[0.751s] Level 5:colcon.colcon_core.verb:set package 'opencv_demo3_1_color_space' build argument 'cmake_target' from command line to 'None'
[0.751s] Level 5:colcon.colcon_core.verb:set package 'opencv_demo3_1_color_space' build argument 'cmake_target_skip_unavailable' from command line to 'False'
[0.751s] Level 5:colcon.colcon_core.verb:set package 'opencv_demo3_1_color_space' build argument 'cmake_clean_cache' from command line to 'False'
[0.751s] Level 5:colcon.colcon_core.verb:set package 'opencv_demo3_1_color_space' build argument 'cmake_clean_first' from command line to 'False'
[0.751s] Level 5:colcon.colcon_core.verb:set package 'opencv_demo3_1_color_space' build argument 'cmake_force_configure' from command line to 'False'
[0.751s] Level 5:colcon.colcon_core.verb:set package 'opencv_demo3_1_color_space' build argument 'ament_cmake_args' from command line to 'None'
[0.751s] Level 5:colcon.colcon_core.verb:set package 'opencv_demo3_1_color_space' build argument 'catkin_cmake_args' from command line to 'None'
[0.751s] Level 5:colcon.colcon_core.verb:set package 'opencv_demo3_1_color_space' build argument 'catkin_skip_building_tests' from command line to 'False'
[0.751s] DEBUG:colcon.colcon_core.verb:Building package 'opencv_demo3_1_color_space' with the following arguments: {'ament_cmake_args': None, 'build_base': '/home/tungchiahui/user/mysource/ros2src/5.opencv_demo_ws/build/opencv_demo3_1_color_space', 'catkin_cmake_args': None, 'catkin_skip_building_tests': False, 'cmake_args': None, 'cmake_clean_cache': False, 'cmake_clean_first': False, 'cmake_force_configure': False, 'cmake_target': None, 'cmake_target_skip_unavailable': False, 'install_base': '/home/tungchiahui/user/mysource/ros2src/5.opencv_demo_ws/install/opencv_demo3_1_color_space', 'merge_install': False, 'path': '/home/tungchiahui/user/mysource/ros2src/5.opencv_demo_ws/src/opencv_demo3_1_color_space', 'symlink_install': False, 'test_result_base': None}
[0.759s] INFO:colcon.colcon_core.executor:Executing jobs using 'parallel' executor
[0.767s] DEBUG:colcon.colcon_parallel_executor.executor.parallel:run_until_complete
[0.767s] INFO:colcon.colcon_ros.task.ament_cmake.build:Building ROS package in '/home/tungchiahui/user/mysource/ros2src/5.opencv_demo_ws/src/opencv_demo1_0_show_image' with build type 'ament_cmake'
[0.767s] INFO:colcon.colcon_cmake.task.cmake.build:Building CMake package in '/home/tungchiahui/user/mysource/ros2src/5.opencv_demo_ws/src/opencv_demo1_0_show_image'
[0.776s] INFO:colcon.colcon_core.plugin_system:Skipping extension 'colcon_core.shell.bat': Not used on non-Windows systems
[0.776s] INFO:colcon.colcon_core.shell:Skip shell extension 'powershell' for command environment: Not usable outside of PowerShell
[0.776s] DEBUG:colcon.colcon_core.shell:Skip shell extension 'dsv' for command environment
[0.803s] INFO:colcon.colcon_ros.task.ament_cmake.build:Building ROS package in '/home/tungchiahui/user/mysource/ros2src/5.opencv_demo_ws/src/opencv_demo2_0_video_capture' with build type 'ament_cmake'
[0.803s] INFO:colcon.colcon_cmake.task.cmake.build:Building CMake package in '/home/tungchiahui/user/mysource/ros2src/5.opencv_demo_ws/src/opencv_demo2_0_video_capture'
[0.811s] INFO:colcon.colcon_core.shell:Skip shell extension 'powershell' for command environment: Not usable outside of PowerShell
[0.811s] DEBUG:colcon.colcon_core.shell:Skip shell extension 'dsv' for command environment
[0.838s] INFO:colcon.colcon_ros.task.ament_cmake.build:Building ROS package in '/home/tungchiahui/user/mysource/ros2src/5.opencv_demo_ws/src/opencv_demo3_0_save_media_file' with build type 'ament_cmake'
[0.838s] INFO:colcon.colcon_cmake.task.cmake.build:Building CMake package in '/home/tungchiahui/user/mysource/ros2src/5.opencv_demo_ws/src/opencv_demo3_0_save_media_file'
[0.846s] INFO:colcon.colcon_core.shell:Skip shell extension 'powershell' for command environment: Not usable outside of PowerShell
[0.846s] DEBUG:colcon.colcon_core.shell:Skip shell extension 'dsv' for command environment
[0.874s] INFO:colcon.colcon_ros.task.ament_cmake.build:Building ROS package in '/home/tungchiahui/user/mysource/ros2src/5.opencv_demo_ws/src/opencv_demo3_1_color_space' with build type 'ament_cmake'
[0.874s] INFO:colcon.colcon_cmake.task.cmake.build:Building CMake package in '/home/tungchiahui/user/mysource/ros2src/5.opencv_demo_ws/src/opencv_demo3_1_color_space'
[0.883s] INFO:colcon.colcon_core.shell:Skip shell extension 'powershell' for command environment: Not usable outside of PowerShell
[0.883s] DEBUG:colcon.colcon_core.shell:Skip shell extension 'dsv' for command environment
[0.913s] DEBUG:colcon.colcon_core.event_handler.log_command:Invoking command in '/home/tungchiahui/user/mysource/ros2src/5.opencv_demo_ws/build/opencv_demo1_0_show_image': CMAKE_PREFIX_PATH=${CMAKE_PREFIX_PATH}:/opt/ros/humble /usr/bin/cmake /home/tungchiahui/user/mysource/ros2src/5.opencv_demo_ws/src/opencv_demo1_0_show_image -DCMAKE_INSTALL_PREFIX=/home/tungchiahui/user/mysource/ros2src/5.opencv_demo_ws/install/opencv_demo1_0_show_image
[0.914s] DEBUG:colcon.colcon_core.event_handler.log_command:Invoking command in '/home/tungchiahui/user/mysource/ros2src/5.opencv_demo_ws/build/opencv_demo2_0_video_capture': CMAKE_PREFIX_PATH=${CMAKE_PREFIX_PATH}:/opt/ros/humble /usr/bin/cmake /home/tungchiahui/user/mysource/ros2src/5.opencv_demo_ws/src/opencv_demo2_0_video_capture -DCMAKE_INSTALL_PREFIX=/home/tungchiahui/user/mysource/ros2src/5.opencv_demo_ws/install/opencv_demo2_0_video_capture
[0.916s] DEBUG:colcon.colcon_core.event_handler.log_command:Invoking command in '/home/tungchiahui/user/mysource/ros2src/5.opencv_demo_ws/build/opencv_demo3_0_save_media_file': CMAKE_PREFIX_PATH=${CMAKE_PREFIX_PATH}:/opt/ros/humble /usr/bin/cmake /home/tungchiahui/user/mysource/ros2src/5.opencv_demo_ws/src/opencv_demo3_0_save_media_file -DCMAKE_INSTALL_PREFIX=/home/tungchiahui/user/mysource/ros2src/5.opencv_demo_ws/install/opencv_demo3_0_save_media_file
[0.918s] DEBUG:colcon.colcon_core.event_handler.log_command:Invoking command in '/home/tungchiahui/user/mysource/ros2src/5.opencv_demo_ws/build/opencv_demo3_1_color_space': CMAKE_PREFIX_PATH=${CMAKE_PREFIX_PATH}:/opt/ros/humble /usr/bin/cmake /home/tungchiahui/user/mysource/ros2src/5.opencv_demo_ws/src/opencv_demo3_1_color_space -DCMAKE_INSTALL_PREFIX=/home/tungchiahui/user/mysource/ros2src/5.opencv_demo_ws/install/opencv_demo3_1_color_space
[1.945s] DEBUG:colcon.colcon_core.event_handler.log_command:Invoked command in '/home/tungchiahui/user/mysource/ros2src/5.opencv_demo_ws/build/opencv_demo1_0_show_image' returned '1': CMAKE_PREFIX_PATH=${CMAKE_PREFIX_PATH}:/opt/ros/humble /usr/bin/cmake /home/tungchiahui/user/mysource/ros2src/5.opencv_demo_ws/src/opencv_demo1_0_show_image -DCMAKE_INSTALL_PREFIX=/home/tungchiahui/user/mysource/ros2src/5.opencv_demo_ws/install/opencv_demo1_0_show_image
[1.947s] DEBUG:colcon.colcon_core.event_handler.log_command:Invoked command in '/home/tungchiahui/user/mysource/ros2src/5.opencv_demo_ws/build/opencv_demo3_0_save_media_file' returned '1': CMAKE_PREFIX_PATH=${CMAKE_PREFIX_PATH}:/opt/ros/humble /usr/bin/cmake /home/tungchiahui/user/mysource/ros2src/5.opencv_demo_ws/src/opencv_demo3_0_save_media_file -DCMAKE_INSTALL_PREFIX=/home/tungchiahui/user/mysource/ros2src/5.opencv_demo_ws/install/opencv_demo3_0_save_media_file
[1.954s] Level 1:colcon.colcon_core.environment:create_environment_scripts_only(opencv_demo1_0_show_image)
[1.964s] Level 1:colcon.colcon_core.environment:checking '/home/tungchiahui/user/mysource/ros2src/5.opencv_demo_ws/install/opencv_demo1_0_show_image' for CMake module files
[1.964s] Level 1:colcon.colcon_core.environment:checking '/home/tungchiahui/user/mysource/ros2src/5.opencv_demo_ws/install/opencv_demo1_0_show_image' for CMake config files
[1.964s] Level 1:colcon.colcon_core.environment:checking '/home/tungchiahui/user/mysource/ros2src/5.opencv_demo_ws/install/opencv_demo1_0_show_image/bin'
[1.964s] Level 1:colcon.colcon_core.environment:checking '/home/tungchiahui/user/mysource/ros2src/5.opencv_demo_ws/install/opencv_demo1_0_show_image/lib/pkgconfig/opencv_demo1_0_show_image.pc'
[1.965s] Level 1:colcon.colcon_core.environment:checking '/home/tungchiahui/user/mysource/ros2src/5.opencv_demo_ws/install/opencv_demo1_0_show_image/lib/python3.10/site-packages'
[1.965s] Level 1:colcon.colcon_core.environment:checking '/home/tungchiahui/user/mysource/ros2src/5.opencv_demo_ws/install/opencv_demo1_0_show_image/bin'
[1.975s] INFO:colcon.colcon_core.shell:Creating package script '/home/tungchiahui/user/mysource/ros2src/5.opencv_demo_ws/install/opencv_demo1_0_show_image/share/opencv_demo1_0_show_image/package.ps1'
[1.976s] INFO:colcon.colcon_core.shell:Creating package descriptor '/home/tungchiahui/user/mysource/ros2src/5.opencv_demo_ws/install/opencv_demo1_0_show_image/share/opencv_demo1_0_show_image/package.dsv'
[1.976s] INFO:colcon.colcon_core.shell:Creating package script '/home/tungchiahui/user/mysource/ros2src/5.opencv_demo_ws/install/opencv_demo1_0_show_image/share/opencv_demo1_0_show_image/package.sh'
[1.976s] INFO:colcon.colcon_core.shell:Creating package script '/home/tungchiahui/user/mysource/ros2src/5.opencv_demo_ws/install/opencv_demo1_0_show_image/share/opencv_demo1_0_show_image/package.bash'
[1.977s] INFO:colcon.colcon_core.shell:Creating package script '/home/tungchiahui/user/mysource/ros2src/5.opencv_demo_ws/install/opencv_demo1_0_show_image/share/opencv_demo1_0_show_image/package.zsh'
[1.978s] Level 1:colcon.colcon_core.environment:create_file_with_runtime_dependencies(/home/tungchiahui/user/mysource/ros2src/5.opencv_demo_ws/install/opencv_demo1_0_show_image/share/colcon-core/packages/opencv_demo1_0_show_image)
[1.989s] DEBUG:colcon.colcon_parallel_executor.executor.parallel:closing loop
[1.990s] DEBUG:colcon.colcon_parallel_executor.executor.parallel:loop closed
[1.990s] DEBUG:colcon.colcon_parallel_executor.executor.parallel:run_until_complete finished with '1'
[1.990s] DEBUG:colcon.colcon_core.event_reactor:joining thread
[2.003s] INFO:colcon.colcon_core.plugin_system:Skipping extension 'colcon_notification.desktop_notification.terminal_notifier': Not used on non-Darwin systems
[2.003s] INFO:colcon.colcon_core.plugin_system:Skipping extension 'colcon_notification.desktop_notification.win32': Not used on non-Windows systems
[2.003s] INFO:colcon.colcon_notification.desktop_notification:Sending desktop notification using 'notify2'
[2.020s] DEBUG:colcon.colcon_core.event_reactor:joined thread
[2.030s] INFO:colcon.colcon_core.shell:Creating prefix script '/home/tungchiahui/user/mysource/ros2src/5.opencv_demo_ws/install/local_setup.ps1'
[2.030s] INFO:colcon.colcon_core.shell:Creating prefix util module '/home/tungchiahui/user/mysource/ros2src/5.opencv_demo_ws/install/_local_setup_util_ps1.py'
[2.031s] INFO:colcon.colcon_core.shell:Creating prefix chain script '/home/tungchiahui/user/mysource/ros2src/5.opencv_demo_ws/install/setup.ps1'
[2.040s] INFO:colcon.colcon_core.shell:Creating prefix script '/home/tungchiahui/user/mysource/ros2src/5.opencv_demo_ws/install/local_setup.sh'
[2.040s] INFO:colcon.colcon_core.shell:Creating prefix util module '/home/tungchiahui/user/mysource/ros2src/5.opencv_demo_ws/install/_local_setup_util_sh.py'
[2.041s] INFO:colcon.colcon_core.shell:Creating prefix chain script '/home/tungchiahui/user/mysource/ros2src/5.opencv_demo_ws/install/setup.sh'
[2.050s] INFO:colcon.colcon_core.shell:Creating prefix script '/home/tungchiahui/user/mysource/ros2src/5.opencv_demo_ws/install/local_setup.bash'
[2.050s] INFO:colcon.colcon_core.shell:Creating prefix chain script '/home/tungchiahui/user/mysource/ros2src/5.opencv_demo_ws/install/setup.bash'
[2.059s] INFO:colcon.colcon_core.shell:Creating prefix script '/home/tungchiahui/user/mysource/ros2src/5.opencv_demo_ws/install/local_setup.zsh'
[2.059s] INFO:colcon.colcon_core.shell:Creating prefix chain script '/home/tungchiahui/user/mysource/ros2src/5.opencv_demo_ws/install/setup.zsh'
