[0.011s] Invoking command in '/home/tungchiahui/mysource/ros2src/3.ws01_plumbing/build/base_interfaces_demo': CMAKE_PREFIX_PATH=/opt/ros/humble /usr/bin/cmake --build /home/tungchiahui/mysource/ros2src/3.ws01_plumbing/build/base_interfaces_demo -- -j16 -l16
[0.041s] -- Found ament_cmake: 1.3.5 (/opt/ros/humble/share/ament_cmake/cmake)
[0.145s] -- Found rosidl_default_generators: 1.2.0 (/opt/ros/humble/share/rosidl_default_generators/cmake)
[0.147s] -- Using all available rosidl_typesupport_c: rosidl_typesupport_fastrtps_c;rosidl_typesupport_introspection_c
[0.150s] -- Found rosidl_adapter: 3.1.4 (/opt/ros/humble/share/rosidl_adapter/cmake)
[0.179s] -- Using all available rosidl_typesupport_cpp: rosidl_typesupport_fastrtps_cpp;rosidl_typesupport_introspection_cpp
[0.355s] -- Found ament_cmake_ros: 0.10.0 (/opt/ros/humble/share/ament_cmake_ros/cmake)
[0.471s] -- Using all available rosidl_typesupport_c: rosidl_typesupport_fastrtps_c;rosidl_typesupport_introspection_c
[0.625s] -- Using all available rosidl_typesupport_cpp: rosidl_typesupport_fastrtps_cpp;rosidl_typesupport_introspection_cpp
[0.640s] -- Found python_cmake_module: 0.10.0 (/opt/ros/humble/share/python_cmake_module/cmake)
[0.655s] -- Using PYTHON_EXECUTABLE: /usr/bin/python3
[0.655s] -- Using PYTHON_INCLUDE_DIRS: /usr/include/python3.10
[0.655s] -- Using PYTHON_LIBRARIES: /usr/lib/x86_64-linux-gnu/libpython3.10.so
[0.663s] -- Found ament_lint_auto: 0.12.6 (/opt/ros/humble/share/ament_lint_auto/cmake)
[0.672s] -- Configuring done
[0.698s] -- Generating done
[0.700s] -- Build files have been written to: /home/tungchiahui/mysource/ros2src/3.ws01_plumbing/build/base_interfaces_demo
[0.716s] [  2%] [34m[1mGenerating C code for ROS interfaces[0m
[0.721s] [  5%] [34m[1mGenerating C++ code for ROS interfaces[0m
[0.729s] [  5%] Built target ament_cmake_python_copy_base_interfaces_demo
[0.868s] running egg_info
[0.869s] writing base_interfaces_demo.egg-info/PKG-INFO
[0.869s] writing dependency_links to base_interfaces_demo.egg-info/dependency_links.txt
[0.869s] writing top-level names to base_interfaces_demo.egg-info/top_level.txt
[0.871s] reading manifest file 'base_interfaces_demo.egg-info/SOURCES.txt'
[0.872s] writing manifest file 'base_interfaces_demo.egg-info/SOURCES.txt'
[0.889s] [  5%] Built target ament_cmake_python_build_base_interfaces_demo_egg
[0.929s] [  5%] Built target base_interfaces_demo__cpp
[0.930s] [35m[1mConsolidate compiler generated dependencies of target base_interfaces_demo__rosidl_generator_c[0m
[0.935s] [ 12%] [34m[1mGenerating C++ type support dispatch for ROS interfaces[0m
[0.935s] [ 12%] [34m[1mGenerating C++ type support for eProsima Fast-RTPS[0m
[0.935s] [ 12%] [34m[1mGenerating C++ introspection for ROS interfaces[0m
[0.936s] [ 15%] [32mBuilding C object CMakeFiles/base_interfaces_demo__rosidl_generator_c.dir/rosidl_generator_c/base_interfaces_demo/msg/detail/student__functions.c.o[0m
[0.936s] [ 17%] [32mBuilding C object CMakeFiles/base_interfaces_demo__rosidl_generator_c.dir/rosidl_generator_c/base_interfaces_demo/srv/detail/add_ints__functions.c.o[0m
[0.997s] [ 20%] [32m[1mLinking C shared library libbase_interfaces_demo__rosidl_generator_c.so[0m
[1.030s] [ 20%] Built target base_interfaces_demo__rosidl_generator_c
[1.036s] [ 28%] [34m[1mGenerating C type support dispatch for ROS interfaces[0m
[1.036s] [ 28%] [34m[1mGenerating C type support for eProsima Fast-RTPS[0m
[1.036s] [ 28%] [34m[1mGenerating C introspection for ROS interfaces[0m
[1.095s] [35m[1mConsolidate compiler generated dependencies of target base_interfaces_demo__rosidl_typesupport_cpp[0m
[1.102s] [ 33%] [32mBuilding CXX object CMakeFiles/base_interfaces_demo__rosidl_typesupport_cpp.dir/rosidl_typesupport_cpp/base_interfaces_demo/msg/student__type_support.cpp.o[0m
[1.102s] [ 33%] [32mBuilding CXX object CMakeFiles/base_interfaces_demo__rosidl_typesupport_cpp.dir/rosidl_typesupport_cpp/base_interfaces_demo/srv/add_ints__type_support.cpp.o[0m
[1.115s] [35m[1mConsolidate compiler generated dependencies of target base_interfaces_demo__rosidl_typesupport_introspection_cpp[0m
[1.124s] [ 35%] [32mBuilding CXX object CMakeFiles/base_interfaces_demo__rosidl_typesupport_introspection_cpp.dir/rosidl_typesupport_introspection_cpp/base_interfaces_demo/msg/detail/student__type_support.cpp.o[0m
[1.125s] [ 38%] [32mBuilding CXX object CMakeFiles/base_interfaces_demo__rosidl_typesupport_introspection_cpp.dir/rosidl_typesupport_introspection_cpp/base_interfaces_demo/srv/detail/add_ints__type_support.cpp.o[0m
[1.132s] [35m[1mConsolidate compiler generated dependencies of target base_interfaces_demo__rosidl_typesupport_fastrtps_cpp[0m
[1.140s] [ 41%] [32mBuilding CXX object CMakeFiles/base_interfaces_demo__rosidl_typesupport_fastrtps_cpp.dir/rosidl_typesupport_fastrtps_cpp/base_interfaces_demo/msg/detail/dds_fastrtps/student__type_support.cpp.o[0m
[1.141s] [ 43%] [32mBuilding CXX object CMakeFiles/base_interfaces_demo__rosidl_typesupport_fastrtps_cpp.dir/rosidl_typesupport_fastrtps_cpp/base_interfaces_demo/srv/detail/dds_fastrtps/add_ints__type_support.cpp.o[0m
[1.210s] [35m[1mConsolidate compiler generated dependencies of target base_interfaces_demo__rosidl_typesupport_c[0m
[1.219s] [ 46%] [32mBuilding CXX object CMakeFiles/base_interfaces_demo__rosidl_typesupport_c.dir/rosidl_typesupport_c/base_interfaces_demo/msg/student__type_support.cpp.o[0m
[1.220s] [ 48%] [32mBuilding CXX object CMakeFiles/base_interfaces_demo__rosidl_typesupport_c.dir/rosidl_typesupport_c/base_interfaces_demo/srv/add_ints__type_support.cpp.o[0m
[1.247s] [35m[1mConsolidate compiler generated dependencies of target base_interfaces_demo__rosidl_typesupport_introspection_c[0m
[1.247s] [35m[1mConsolidate compiler generated dependencies of target base_interfaces_demo__rosidl_typesupport_fastrtps_c[0m
[1.248s] [ 51%] [32m[1mLinking CXX shared library libbase_interfaces_demo__rosidl_typesupport_c.so[0m
[1.254s] [ 53%] [32mBuilding C object CMakeFiles/base_interfaces_demo__rosidl_typesupport_introspection_c.dir/rosidl_typesupport_introspection_c/base_interfaces_demo/msg/detail/student__type_support.c.o[0m
[1.256s] [ 56%] [32mBuilding C object CMakeFiles/base_interfaces_demo__rosidl_typesupport_introspection_c.dir/rosidl_typesupport_introspection_c/base_interfaces_demo/srv/detail/add_ints__type_support.c.o[0m
[1.256s] [ 58%] [32mBuilding CXX object CMakeFiles/base_interfaces_demo__rosidl_typesupport_fastrtps_c.dir/rosidl_typesupport_fastrtps_c/base_interfaces_demo/msg/detail/student__type_support_c.cpp.o[0m
[1.256s] [ 61%] [32mBuilding CXX object CMakeFiles/base_interfaces_demo__rosidl_typesupport_fastrtps_c.dir/rosidl_typesupport_fastrtps_c/base_interfaces_demo/srv/detail/add_ints__type_support_c.cpp.o[0m
[1.275s] [ 61%] Built target base_interfaces_demo__rosidl_typesupport_c
[1.286s] [ 64%] [32m[1mLinking C shared library libbase_interfaces_demo__rosidl_typesupport_introspection_c.so[0m
[1.306s] [ 64%] Built target base_interfaces_demo__rosidl_typesupport_introspection_c
[1.370s] [ 66%] [32m[1mLinking CXX shared library libbase_interfaces_demo__rosidl_typesupport_cpp.so[0m
[1.402s] [ 66%] Built target base_interfaces_demo__rosidl_typesupport_cpp
[1.497s] [ 69%] [32m[1mLinking CXX shared library libbase_interfaces_demo__rosidl_typesupport_introspection_cpp.so[0m
[1.498s] [ 71%] [32m[1mLinking CXX shared library libbase_interfaces_demo__rosidl_typesupport_fastrtps_cpp.so[0m
[1.511s] [ 74%] [32m[1mLinking CXX shared library libbase_interfaces_demo__rosidl_typesupport_fastrtps_c.so[0m
[1.538s] [ 74%] Built target base_interfaces_demo__rosidl_typesupport_introspection_cpp
[1.548s] [ 74%] Built target base_interfaces_demo__rosidl_typesupport_fastrtps_cpp
[1.557s] [ 74%] Built target base_interfaces_demo__rosidl_typesupport_fastrtps_c
[1.567s] [ 74%] Built target base_interfaces_demo
[1.578s] [ 76%] [34m[1mGenerating Python code for ROS interfaces[0m
[1.853s] [ 76%] Built target base_interfaces_demo__py
[1.859s] [35m[1mConsolidate compiler generated dependencies of target base_interfaces_demo__rosidl_generator_py[0m
[1.866s] [ 79%] [32mBuilding C object CMakeFiles/base_interfaces_demo__rosidl_generator_py.dir/rosidl_generator_py/base_interfaces_demo/msg/_student_s.c.o[0m
[1.866s] [ 82%] [32mBuilding C object CMakeFiles/base_interfaces_demo__rosidl_generator_py.dir/rosidl_generator_py/base_interfaces_demo/srv/_add_ints_s.c.o[0m
[1.953s] [ 84%] [32m[1mLinking C shared library rosidl_generator_py/base_interfaces_demo/libbase_interfaces_demo__rosidl_generator_py.so[0m
[1.975s] [ 84%] Built target base_interfaces_demo__rosidl_generator_py
[1.981s] [35m[1mConsolidate compiler generated dependencies of target base_interfaces_demo__rosidl_typesupport_introspection_c__pyext[0m
[1.981s] [35m[1mConsolidate compiler generated dependencies of target base_interfaces_demo__rosidl_typesupport_c__pyext[0m
[1.981s] [35m[1mConsolidate compiler generated dependencies of target base_interfaces_demo__rosidl_typesupport_fastrtps_c__pyext[0m
[1.988s] [ 92%] [32mBuilding C object CMakeFiles/base_interfaces_demo__rosidl_typesupport_introspection_c__pyext.dir/rosidl_generator_py/base_interfaces_demo/_base_interfaces_demo_s.ep.rosidl_typesupport_introspection_c.c.o[0m
[1.988s] [ 92%] [32mBuilding C object CMakeFiles/base_interfaces_demo__rosidl_typesupport_fastrtps_c__pyext.dir/rosidl_generator_py/base_interfaces_demo/_base_interfaces_demo_s.ep.rosidl_typesupport_fastrtps_c.c.o[0m
[1.988s] [ 92%] [32mBuilding C object CMakeFiles/base_interfaces_demo__rosidl_typesupport_c__pyext.dir/rosidl_generator_py/base_interfaces_demo/_base_interfaces_demo_s.ep.rosidl_typesupport_c.c.o[0m
[2.049s] [ 97%] [32m[1mLinking C shared library rosidl_generator_py/base_interfaces_demo/base_interfaces_demo_s__rosidl_typesupport_c.cpython-310-x86_64-linux-gnu.so[0m
[2.049s] [ 97%] [32m[1mLinking C shared library rosidl_generator_py/base_interfaces_demo/base_interfaces_demo_s__rosidl_typesupport_introspection_c.cpython-310-x86_64-linux-gnu.so[0m
[2.049s] [100%] [32m[1mLinking C shared library rosidl_generator_py/base_interfaces_demo/base_interfaces_demo_s__rosidl_typesupport_fastrtps_c.cpython-310-x86_64-linux-gnu.so[0m
[2.068s] [100%] Built target base_interfaces_demo__rosidl_typesupport_fastrtps_c__pyext
[2.068s] [100%] Built target base_interfaces_demo__rosidl_typesupport_c__pyext
[2.068s] [100%] Built target base_interfaces_demo__rosidl_typesupport_introspection_c__pyext
[2.074s] Invoked command in '/home/tungchiahui/mysource/ros2src/3.ws01_plumbing/build/base_interfaces_demo' returned '0': CMAKE_PREFIX_PATH=/opt/ros/humble /usr/bin/cmake --build /home/tungchiahui/mysource/ros2src/3.ws01_plumbing/build/base_interfaces_demo -- -j16 -l16
[2.119s] Invoking command in '/home/tungchiahui/mysource/ros2src/3.ws01_plumbing/build/base_interfaces_demo': CMAKE_PREFIX_PATH=/opt/ros/humble /usr/bin/cmake --install /home/tungchiahui/mysource/ros2src/3.ws01_plumbing/build/base_interfaces_demo
[2.124s] -- Install configuration: ""
[2.124s] -- Installing: /home/tungchiahui/mysource/ros2src/3.ws01_plumbing/install/base_interfaces_demo/share/ament_index/resource_index/rosidl_interfaces/base_interfaces_demo
[2.124s] -- Up-to-date: /home/tungchiahui/mysource/ros2src/3.ws01_plumbing/install/base_interfaces_demo/include/base_interfaces_demo/base_interfaces_demo
[2.124s] -- Installing: /home/tungchiahui/mysource/ros2src/3.ws01_plumbing/install/base_interfaces_demo/include/base_interfaces_demo/base_interfaces_demo/srv
[2.124s] -- Installing: /home/tungchiahui/mysource/ros2src/3.ws01_plumbing/install/base_interfaces_demo/include/base_interfaces_demo/base_interfaces_demo/srv/add_ints.h
[2.124s] -- Installing: /home/tungchiahui/mysource/ros2src/3.ws01_plumbing/install/base_interfaces_demo/include/base_interfaces_demo/base_interfaces_demo/srv/detail
[2.124s] -- Installing: /home/tungchiahui/mysource/ros2src/3.ws01_plumbing/install/base_interfaces_demo/include/base_interfaces_demo/base_interfaces_demo/srv/detail/add_ints__type_support.h
[2.124s] -- Installing: /home/tungchiahui/mysource/ros2src/3.ws01_plumbing/install/base_interfaces_demo/include/base_interfaces_demo/base_interfaces_demo/srv/detail/add_ints__functions.h
[2.124s] -- Installing: /home/tungchiahui/mysource/ros2src/3.ws01_plumbing/install/base_interfaces_demo/include/base_interfaces_demo/base_interfaces_demo/srv/detail/add_ints__functions.c
[2.124s] -- Installing: /home/tungchiahui/mysource/ros2src/3.ws01_plumbing/install/base_interfaces_demo/include/base_interfaces_demo/base_interfaces_demo/srv/detail/add_ints__struct.h
[2.125s] -- Up-to-date: /home/tungchiahui/mysource/ros2src/3.ws01_plumbing/install/base_interfaces_demo/include/base_interfaces_demo/base_interfaces_demo/msg
[2.125s] -- Up-to-date: /home/tungchiahui/mysource/ros2src/3.ws01_plumbing/install/base_interfaces_demo/include/base_interfaces_demo/base_interfaces_demo/msg/rosidl_generator_c__visibility_control.h
[2.125s] -- Installing: /home/tungchiahui/mysource/ros2src/3.ws01_plumbing/install/base_interfaces_demo/include/base_interfaces_demo/base_interfaces_demo/msg/student.h
[2.125s] -- Up-to-date: /home/tungchiahui/mysource/ros2src/3.ws01_plumbing/install/base_interfaces_demo/include/base_interfaces_demo/base_interfaces_demo/msg/detail
[2.125s] -- Installing: /home/tungchiahui/mysource/ros2src/3.ws01_plumbing/install/base_interfaces_demo/include/base_interfaces_demo/base_interfaces_demo/msg/detail/student__type_support.h
[2.125s] -- Installing: /home/tungchiahui/mysource/ros2src/3.ws01_plumbing/install/base_interfaces_demo/include/base_interfaces_demo/base_interfaces_demo/msg/detail/student__functions.h
[2.125s] -- Installing: /home/tungchiahui/mysource/ros2src/3.ws01_plumbing/install/base_interfaces_demo/include/base_interfaces_demo/base_interfaces_demo/msg/detail/student__struct.h
[2.125s] -- Installing: /home/tungchiahui/mysource/ros2src/3.ws01_plumbing/install/base_interfaces_demo/include/base_interfaces_demo/base_interfaces_demo/msg/detail/student__functions.c
[2.125s] -- Up-to-date: /home/tungchiahui/mysource/ros2src/3.ws01_plumbing/install/base_interfaces_demo/share/base_interfaces_demo/environment/library_path.sh
[2.125s] -- Installing: /home/tungchiahui/mysource/ros2src/3.ws01_plumbing/install/base_interfaces_demo/share/base_interfaces_demo/environment/library_path.dsv
[2.125s] -- Installing: /home/tungchiahui/mysource/ros2src/3.ws01_plumbing/install/base_interfaces_demo/lib/libbase_interfaces_demo__rosidl_generator_c.so
[2.126s] -- Set runtime path of "/home/tungchiahui/mysource/ros2src/3.ws01_plumbing/install/base_interfaces_demo/lib/libbase_interfaces_demo__rosidl_generator_c.so" to ""
[2.126s] -- Up-to-date: /home/tungchiahui/mysource/ros2src/3.ws01_plumbing/install/base_interfaces_demo/include/base_interfaces_demo/base_interfaces_demo
[2.126s] -- Up-to-date: /home/tungchiahui/mysource/ros2src/3.ws01_plumbing/install/base_interfaces_demo/include/base_interfaces_demo/base_interfaces_demo/srv
[2.126s] -- Up-to-date: /home/tungchiahui/mysource/ros2src/3.ws01_plumbing/install/base_interfaces_demo/include/base_interfaces_demo/base_interfaces_demo/srv/detail
[2.126s] -- Installing: /home/tungchiahui/mysource/ros2src/3.ws01_plumbing/install/base_interfaces_demo/include/base_interfaces_demo/base_interfaces_demo/srv/detail/add_ints__rosidl_typesupport_fastrtps_c.h
[2.126s] -- Up-to-date: /home/tungchiahui/mysource/ros2src/3.ws01_plumbing/install/base_interfaces_demo/include/base_interfaces_demo/base_interfaces_demo/msg
[2.126s] -- Up-to-date: /home/tungchiahui/mysource/ros2src/3.ws01_plumbing/install/base_interfaces_demo/include/base_interfaces_demo/base_interfaces_demo/msg/rosidl_typesupport_fastrtps_c__visibility_control.h
[2.126s] -- Up-to-date: /home/tungchiahui/mysource/ros2src/3.ws01_plumbing/install/base_interfaces_demo/include/base_interfaces_demo/base_interfaces_demo/msg/detail
[2.126s] -- Installing: /home/tungchiahui/mysource/ros2src/3.ws01_plumbing/install/base_interfaces_demo/include/base_interfaces_demo/base_interfaces_demo/msg/detail/student__rosidl_typesupport_fastrtps_c.h
[2.126s] -- Installing: /home/tungchiahui/mysource/ros2src/3.ws01_plumbing/install/base_interfaces_demo/lib/libbase_interfaces_demo__rosidl_typesupport_fastrtps_c.so
[2.126s] -- Set runtime path of "/home/tungchiahui/mysource/ros2src/3.ws01_plumbing/install/base_interfaces_demo/lib/libbase_interfaces_demo__rosidl_typesupport_fastrtps_c.so" to ""
[2.126s] -- Up-to-date: /home/tungchiahui/mysource/ros2src/3.ws01_plumbing/install/base_interfaces_demo/include/base_interfaces_demo/base_interfaces_demo
[2.126s] -- Up-to-date: /home/tungchiahui/mysource/ros2src/3.ws01_plumbing/install/base_interfaces_demo/include/base_interfaces_demo/base_interfaces_demo/srv
[2.126s] -- Up-to-date: /home/tungchiahui/mysource/ros2src/3.ws01_plumbing/install/base_interfaces_demo/include/base_interfaces_demo/base_interfaces_demo/srv/detail
[2.127s] -- Installing: /home/tungchiahui/mysource/ros2src/3.ws01_plumbing/install/base_interfaces_demo/include/base_interfaces_demo/base_interfaces_demo/srv/detail/add_ints__type_support.c
[2.127s] -- Installing: /home/tungchiahui/mysource/ros2src/3.ws01_plumbing/install/base_interfaces_demo/include/base_interfaces_demo/base_interfaces_demo/srv/detail/add_ints__rosidl_typesupport_introspection_c.h
[2.127s] -- Up-to-date: /home/tungchiahui/mysource/ros2src/3.ws01_plumbing/install/base_interfaces_demo/include/base_interfaces_demo/base_interfaces_demo/msg
[2.127s] -- Up-to-date: /home/tungchiahui/mysource/ros2src/3.ws01_plumbing/install/base_interfaces_demo/include/base_interfaces_demo/base_interfaces_demo/msg/rosidl_typesupport_introspection_c__visibility_control.h
[2.127s] -- Up-to-date: /home/tungchiahui/mysource/ros2src/3.ws01_plumbing/install/base_interfaces_demo/include/base_interfaces_demo/base_interfaces_demo/msg/detail
[2.127s] -- Installing: /home/tungchiahui/mysource/ros2src/3.ws01_plumbing/install/base_interfaces_demo/include/base_interfaces_demo/base_interfaces_demo/msg/detail/student__rosidl_typesupport_introspection_c.h
[2.127s] -- Installing: /home/tungchiahui/mysource/ros2src/3.ws01_plumbing/install/base_interfaces_demo/include/base_interfaces_demo/base_interfaces_demo/msg/detail/student__type_support.c
[2.127s] -- Installing: /home/tungchiahui/mysource/ros2src/3.ws01_plumbing/install/base_interfaces_demo/lib/libbase_interfaces_demo__rosidl_typesupport_introspection_c.so
[2.127s] -- Set runtime path of "/home/tungchiahui/mysource/ros2src/3.ws01_plumbing/install/base_interfaces_demo/lib/libbase_interfaces_demo__rosidl_typesupport_introspection_c.so" to ""
[2.127s] -- Installing: /home/tungchiahui/mysource/ros2src/3.ws01_plumbing/install/base_interfaces_demo/lib/libbase_interfaces_demo__rosidl_typesupport_c.so
[2.127s] -- Set runtime path of "/home/tungchiahui/mysource/ros2src/3.ws01_plumbing/install/base_interfaces_demo/lib/libbase_interfaces_demo__rosidl_typesupport_c.so" to ""
[2.128s] -- Up-to-date: /home/tungchiahui/mysource/ros2src/3.ws01_plumbing/install/base_interfaces_demo/include/base_interfaces_demo/base_interfaces_demo
[2.128s] -- Up-to-date: /home/tungchiahui/mysource/ros2src/3.ws01_plumbing/install/base_interfaces_demo/include/base_interfaces_demo/base_interfaces_demo/srv
[2.128s] -- Installing: /home/tungchiahui/mysource/ros2src/3.ws01_plumbing/install/base_interfaces_demo/include/base_interfaces_demo/base_interfaces_demo/srv/add_ints.hpp
[2.128s] -- Up-to-date: /home/tungchiahui/mysource/ros2src/3.ws01_plumbing/install/base_interfaces_demo/include/base_interfaces_demo/base_interfaces_demo/srv/detail
[2.128s] -- Installing: /home/tungchiahui/mysource/ros2src/3.ws01_plumbing/install/base_interfaces_demo/include/base_interfaces_demo/base_interfaces_demo/srv/detail/add_ints__struct.hpp
[2.128s] -- Installing: /home/tungchiahui/mysource/ros2src/3.ws01_plumbing/install/base_interfaces_demo/include/base_interfaces_demo/base_interfaces_demo/srv/detail/add_ints__builder.hpp
[2.128s] -- Installing: /home/tungchiahui/mysource/ros2src/3.ws01_plumbing/install/base_interfaces_demo/include/base_interfaces_demo/base_interfaces_demo/srv/detail/add_ints__traits.hpp
[2.128s] -- Up-to-date: /home/tungchiahui/mysource/ros2src/3.ws01_plumbing/install/base_interfaces_demo/include/base_interfaces_demo/base_interfaces_demo/msg
[2.128s] -- Installing: /home/tungchiahui/mysource/ros2src/3.ws01_plumbing/install/base_interfaces_demo/include/base_interfaces_demo/base_interfaces_demo/msg/student.hpp
[2.128s] -- Up-to-date: /home/tungchiahui/mysource/ros2src/3.ws01_plumbing/install/base_interfaces_demo/include/base_interfaces_demo/base_interfaces_demo/msg/detail
[2.128s] -- Installing: /home/tungchiahui/mysource/ros2src/3.ws01_plumbing/install/base_interfaces_demo/include/base_interfaces_demo/base_interfaces_demo/msg/detail/student__traits.hpp
[2.128s] -- Installing: /home/tungchiahui/mysource/ros2src/3.ws01_plumbing/install/base_interfaces_demo/include/base_interfaces_demo/base_interfaces_demo/msg/detail/student__builder.hpp
[2.128s] -- Installing: /home/tungchiahui/mysource/ros2src/3.ws01_plumbing/install/base_interfaces_demo/include/base_interfaces_demo/base_interfaces_demo/msg/detail/student__struct.hpp
[2.128s] -- Up-to-date: /home/tungchiahui/mysource/ros2src/3.ws01_plumbing/install/base_interfaces_demo/include/base_interfaces_demo/base_interfaces_demo
[2.129s] -- Up-to-date: /home/tungchiahui/mysource/ros2src/3.ws01_plumbing/install/base_interfaces_demo/include/base_interfaces_demo/base_interfaces_demo/srv
[2.129s] -- Up-to-date: /home/tungchiahui/mysource/ros2src/3.ws01_plumbing/install/base_interfaces_demo/include/base_interfaces_demo/base_interfaces_demo/srv/detail
[2.129s] -- Installing: /home/tungchiahui/mysource/ros2src/3.ws01_plumbing/install/base_interfaces_demo/include/base_interfaces_demo/base_interfaces_demo/srv/detail/add_ints__rosidl_typesupport_fastrtps_cpp.hpp
[2.129s] -- Installing: /home/tungchiahui/mysource/ros2src/3.ws01_plumbing/install/base_interfaces_demo/include/base_interfaces_demo/base_interfaces_demo/srv/detail/dds_fastrtps
[2.129s] -- Up-to-date: /home/tungchiahui/mysource/ros2src/3.ws01_plumbing/install/base_interfaces_demo/include/base_interfaces_demo/base_interfaces_demo/msg
[2.129s] -- Up-to-date: /home/tungchiahui/mysource/ros2src/3.ws01_plumbing/install/base_interfaces_demo/include/base_interfaces_demo/base_interfaces_demo/msg/rosidl_typesupport_fastrtps_cpp__visibility_control.h
[2.129s] -- Up-to-date: /home/tungchiahui/mysource/ros2src/3.ws01_plumbing/install/base_interfaces_demo/include/base_interfaces_demo/base_interfaces_demo/msg/detail
[2.129s] -- Installing: /home/tungchiahui/mysource/ros2src/3.ws01_plumbing/install/base_interfaces_demo/include/base_interfaces_demo/base_interfaces_demo/msg/detail/student__rosidl_typesupport_fastrtps_cpp.hpp
[2.129s] -- Up-to-date: /home/tungchiahui/mysource/ros2src/3.ws01_plumbing/install/base_interfaces_demo/include/base_interfaces_demo/base_interfaces_demo/msg/detail/dds_fastrtps
[2.129s] -- Installing: /home/tungchiahui/mysource/ros2src/3.ws01_plumbing/install/base_interfaces_demo/lib/libbase_interfaces_demo__rosidl_typesupport_fastrtps_cpp.so
[2.129s] -- Set runtime path of "/home/tungchiahui/mysource/ros2src/3.ws01_plumbing/install/base_interfaces_demo/lib/libbase_interfaces_demo__rosidl_typesupport_fastrtps_cpp.so" to ""
[2.129s] -- Up-to-date: /home/tungchiahui/mysource/ros2src/3.ws01_plumbing/install/base_interfaces_demo/include/base_interfaces_demo/base_interfaces_demo
[2.129s] -- Up-to-date: /home/tungchiahui/mysource/ros2src/3.ws01_plumbing/install/base_interfaces_demo/include/base_interfaces_demo/base_interfaces_demo/srv
[2.129s] -- Up-to-date: /home/tungchiahui/mysource/ros2src/3.ws01_plumbing/install/base_interfaces_demo/include/base_interfaces_demo/base_interfaces_demo/srv/detail
[2.129s] -- Installing: /home/tungchiahui/mysource/ros2src/3.ws01_plumbing/install/base_interfaces_demo/include/base_interfaces_demo/base_interfaces_demo/srv/detail/add_ints__rosidl_typesupport_introspection_cpp.hpp
[2.129s] -- Installing: /home/tungchiahui/mysource/ros2src/3.ws01_plumbing/install/base_interfaces_demo/include/base_interfaces_demo/base_interfaces_demo/srv/detail/add_ints__type_support.cpp
[2.130s] -- Up-to-date: /home/tungchiahui/mysource/ros2src/3.ws01_plumbing/install/base_interfaces_demo/include/base_interfaces_demo/base_interfaces_demo/msg
[2.130s] -- Up-to-date: /home/tungchiahui/mysource/ros2src/3.ws01_plumbing/install/base_interfaces_demo/include/base_interfaces_demo/base_interfaces_demo/msg/detail
[2.130s] -- Installing: /home/tungchiahui/mysource/ros2src/3.ws01_plumbing/install/base_interfaces_demo/include/base_interfaces_demo/base_interfaces_demo/msg/detail/student__type_support.cpp
[2.130s] -- Installing: /home/tungchiahui/mysource/ros2src/3.ws01_plumbing/install/base_interfaces_demo/include/base_interfaces_demo/base_interfaces_demo/msg/detail/student__rosidl_typesupport_introspection_cpp.hpp
[2.130s] -- Installing: /home/tungchiahui/mysource/ros2src/3.ws01_plumbing/install/base_interfaces_demo/lib/libbase_interfaces_demo__rosidl_typesupport_introspection_cpp.so
[2.130s] -- Set runtime path of "/home/tungchiahui/mysource/ros2src/3.ws01_plumbing/install/base_interfaces_demo/lib/libbase_interfaces_demo__rosidl_typesupport_introspection_cpp.so" to ""
[2.130s] -- Installing: /home/tungchiahui/mysource/ros2src/3.ws01_plumbing/install/base_interfaces_demo/lib/libbase_interfaces_demo__rosidl_typesupport_cpp.so
[2.130s] -- Set runtime path of "/home/tungchiahui/mysource/ros2src/3.ws01_plumbing/install/base_interfaces_demo/lib/libbase_interfaces_demo__rosidl_typesupport_cpp.so" to ""
[2.130s] -- Up-to-date: /home/tungchiahui/mysource/ros2src/3.ws01_plumbing/install/base_interfaces_demo/share/base_interfaces_demo/environment/pythonpath.sh
[2.130s] -- Installing: /home/tungchiahui/mysource/ros2src/3.ws01_plumbing/install/base_interfaces_demo/share/base_interfaces_demo/environment/pythonpath.dsv
[2.130s] -- Up-to-date: /home/tungchiahui/mysource/ros2src/3.ws01_plumbing/install/base_interfaces_demo/local/lib/python3.10/dist-packages/base_interfaces_demo-0.0.0-py3.10.egg-info
[2.130s] -- Installing: /home/tungchiahui/mysource/ros2src/3.ws01_plumbing/install/base_interfaces_demo/local/lib/python3.10/dist-packages/base_interfaces_demo-0.0.0-py3.10.egg-info/top_level.txt
[2.130s] -- Installing: /home/tungchiahui/mysource/ros2src/3.ws01_plumbing/install/base_interfaces_demo/local/lib/python3.10/dist-packages/base_interfaces_demo-0.0.0-py3.10.egg-info/dependency_links.txt
[2.131s] -- Installing: /home/tungchiahui/mysource/ros2src/3.ws01_plumbing/install/base_interfaces_demo/local/lib/python3.10/dist-packages/base_interfaces_demo-0.0.0-py3.10.egg-info/SOURCES.txt
[2.131s] -- Installing: /home/tungchiahui/mysource/ros2src/3.ws01_plumbing/install/base_interfaces_demo/local/lib/python3.10/dist-packages/base_interfaces_demo-0.0.0-py3.10.egg-info/PKG-INFO
[2.131s] -- Up-to-date: /home/tungchiahui/mysource/ros2src/3.ws01_plumbing/install/base_interfaces_demo/local/lib/python3.10/dist-packages/base_interfaces_demo
[2.131s] -- Installing: /home/tungchiahui/mysource/ros2src/3.ws01_plumbing/install/base_interfaces_demo/local/lib/python3.10/dist-packages/base_interfaces_demo/_base_interfaces_demo_s.ep.rosidl_typesupport_fastrtps_c.c
[2.131s] -- Installing: /home/tungchiahui/mysource/ros2src/3.ws01_plumbing/install/base_interfaces_demo/local/lib/python3.10/dist-packages/base_interfaces_demo/srv
[2.131s] -- Installing: /home/tungchiahui/mysource/ros2src/3.ws01_plumbing/install/base_interfaces_demo/local/lib/python3.10/dist-packages/base_interfaces_demo/srv/_add_ints_s.c
[2.131s] -- Installing: /home/tungchiahui/mysource/ros2src/3.ws01_plumbing/install/base_interfaces_demo/local/lib/python3.10/dist-packages/base_interfaces_demo/srv/__init__.py
[2.131s] -- Installing: /home/tungchiahui/mysource/ros2src/3.ws01_plumbing/install/base_interfaces_demo/local/lib/python3.10/dist-packages/base_interfaces_demo/srv/_add_ints.py
[2.131s] -- Installing: /home/tungchiahui/mysource/ros2src/3.ws01_plumbing/install/base_interfaces_demo/local/lib/python3.10/dist-packages/base_interfaces_demo/__init__.py
[2.131s] -- Installing: /home/tungchiahui/mysource/ros2src/3.ws01_plumbing/install/base_interfaces_demo/local/lib/python3.10/dist-packages/base_interfaces_demo/base_interfaces_demo_s__rosidl_typesupport_c.cpython-310-x86_64-linux-gnu.so
[2.131s] -- Installing: /home/tungchiahui/mysource/ros2src/3.ws01_plumbing/install/base_interfaces_demo/local/lib/python3.10/dist-packages/base_interfaces_demo/base_interfaces_demo_s__rosidl_typesupport_fastrtps_c.cpython-310-x86_64-linux-gnu.so
[2.131s] -- Installing: /home/tungchiahui/mysource/ros2src/3.ws01_plumbing/install/base_interfaces_demo/local/lib/python3.10/dist-packages/base_interfaces_demo/base_interfaces_demo_s__rosidl_typesupport_introspection_c.cpython-310-x86_64-linux-gnu.so
[2.131s] -- Installing: /home/tungchiahui/mysource/ros2src/3.ws01_plumbing/install/base_interfaces_demo/local/lib/python3.10/dist-packages/base_interfaces_demo/_base_interfaces_demo_s.ep.rosidl_typesupport_c.c
[2.131s] -- Up-to-date: /home/tungchiahui/mysource/ros2src/3.ws01_plumbing/install/base_interfaces_demo/local/lib/python3.10/dist-packages/base_interfaces_demo/msg
[2.132s] -- Installing: /home/tungchiahui/mysource/ros2src/3.ws01_plumbing/install/base_interfaces_demo/local/lib/python3.10/dist-packages/base_interfaces_demo/msg/_student_s.c
[2.132s] -- Installing: /home/tungchiahui/mysource/ros2src/3.ws01_plumbing/install/base_interfaces_demo/local/lib/python3.10/dist-packages/base_interfaces_demo/msg/__init__.py
[2.132s] -- Installing: /home/tungchiahui/mysource/ros2src/3.ws01_plumbing/install/base_interfaces_demo/local/lib/python3.10/dist-packages/base_interfaces_demo/msg/_student.py
[2.132s] -- Installing: /home/tungchiahui/mysource/ros2src/3.ws01_plumbing/install/base_interfaces_demo/local/lib/python3.10/dist-packages/base_interfaces_demo/libbase_interfaces_demo__rosidl_generator_py.so
[2.132s] -- Installing: /home/tungchiahui/mysource/ros2src/3.ws01_plumbing/install/base_interfaces_demo/local/lib/python3.10/dist-packages/base_interfaces_demo/_base_interfaces_demo_s.ep.rosidl_typesupport_introspection_c.c
[2.154s] Listing '/home/tungchiahui/mysource/ros2src/3.ws01_plumbing/install/base_interfaces_demo/local/lib/python3.10/dist-packages/base_interfaces_demo'...
[2.154s] Compiling '/home/tungchiahui/mysource/ros2src/3.ws01_plumbing/install/base_interfaces_demo/local/lib/python3.10/dist-packages/base_interfaces_demo/__init__.py'...
[2.154s] Listing '/home/tungchiahui/mysource/ros2src/3.ws01_plumbing/install/base_interfaces_demo/local/lib/python3.10/dist-packages/base_interfaces_demo/msg'...
[2.154s] Compiling '/home/tungchiahui/mysource/ros2src/3.ws01_plumbing/install/base_interfaces_demo/local/lib/python3.10/dist-packages/base_interfaces_demo/msg/__init__.py'...
[2.155s] Compiling '/home/tungchiahui/mysource/ros2src/3.ws01_plumbing/install/base_interfaces_demo/local/lib/python3.10/dist-packages/base_interfaces_demo/msg/_student.py'...
[2.155s] Listing '/home/tungchiahui/mysource/ros2src/3.ws01_plumbing/install/base_interfaces_demo/local/lib/python3.10/dist-packages/base_interfaces_demo/srv'...
[2.155s] Compiling '/home/tungchiahui/mysource/ros2src/3.ws01_plumbing/install/base_interfaces_demo/local/lib/python3.10/dist-packages/base_interfaces_demo/srv/__init__.py'...
[2.155s] Compiling '/home/tungchiahui/mysource/ros2src/3.ws01_plumbing/install/base_interfaces_demo/local/lib/python3.10/dist-packages/base_interfaces_demo/srv/_add_ints.py'...
[2.157s] -- Installing: /home/tungchiahui/mysource/ros2src/3.ws01_plumbing/install/base_interfaces_demo/local/lib/python3.10/dist-packages/base_interfaces_demo/base_interfaces_demo_s__rosidl_typesupport_fastrtps_c.cpython-310-x86_64-linux-gnu.so
[2.157s] -- Set runtime path of "/home/tungchiahui/mysource/ros2src/3.ws01_plumbing/install/base_interfaces_demo/local/lib/python3.10/dist-packages/base_interfaces_demo/base_interfaces_demo_s__rosidl_typesupport_fastrtps_c.cpython-310-x86_64-linux-gnu.so" to ""
[2.157s] -- Installing: /home/tungchiahui/mysource/ros2src/3.ws01_plumbing/install/base_interfaces_demo/local/lib/python3.10/dist-packages/base_interfaces_demo/base_interfaces_demo_s__rosidl_typesupport_introspection_c.cpython-310-x86_64-linux-gnu.so
[2.157s] -- Set runtime path of "/home/tungchiahui/mysource/ros2src/3.ws01_plumbing/install/base_interfaces_demo/local/lib/python3.10/dist-packages/base_interfaces_demo/base_interfaces_demo_s__rosidl_typesupport_introspection_c.cpython-310-x86_64-linux-gnu.so" to ""
[2.158s] -- Installing: /home/tungchiahui/mysource/ros2src/3.ws01_plumbing/install/base_interfaces_demo/local/lib/python3.10/dist-packages/base_interfaces_demo/base_interfaces_demo_s__rosidl_typesupport_c.cpython-310-x86_64-linux-gnu.so
[2.158s] -- Set runtime path of "/home/tungchiahui/mysource/ros2src/3.ws01_plumbing/install/base_interfaces_demo/local/lib/python3.10/dist-packages/base_interfaces_demo/base_interfaces_demo_s__rosidl_typesupport_c.cpython-310-x86_64-linux-gnu.so" to ""
[2.158s] -- Installing: /home/tungchiahui/mysource/ros2src/3.ws01_plumbing/install/base_interfaces_demo/lib/libbase_interfaces_demo__rosidl_generator_py.so
[2.158s] -- Set runtime path of "/home/tungchiahui/mysource/ros2src/3.ws01_plumbing/install/base_interfaces_demo/lib/libbase_interfaces_demo__rosidl_generator_py.so" to ""
[2.159s] -- Up-to-date: /home/tungchiahui/mysource/ros2src/3.ws01_plumbing/install/base_interfaces_demo/share/base_interfaces_demo/msg/Student.idl
[2.159s] -- Installing: /home/tungchiahui/mysource/ros2src/3.ws01_plumbing/install/base_interfaces_demo/share/base_interfaces_demo/srv/AddInts.idl
[2.159s] -- Up-to-date: /home/tungchiahui/mysource/ros2src/3.ws01_plumbing/install/base_interfaces_demo/share/base_interfaces_demo/msg/Student.msg
[2.159s] -- Installing: /home/tungchiahui/mysource/ros2src/3.ws01_plumbing/install/base_interfaces_demo/share/base_interfaces_demo/srv/AddInts.srv
[2.159s] -- Installing: /home/tungchiahui/mysource/ros2src/3.ws01_plumbing/install/base_interfaces_demo/share/base_interfaces_demo/srv/AddInts_Request.msg
[2.159s] -- Installing: /home/tungchiahui/mysource/ros2src/3.ws01_plumbing/install/base_interfaces_demo/share/base_interfaces_demo/srv/AddInts_Response.msg
[2.159s] -- Up-to-date: /home/tungchiahui/mysource/ros2src/3.ws01_plumbing/install/base_interfaces_demo/share/ament_index/resource_index/package_run_dependencies/base_interfaces_demo
[2.159s] -- Installing: /home/tungchiahui/mysource/ros2src/3.ws01_plumbing/install/base_interfaces_demo/share/ament_index/resource_index/parent_prefix_path/base_interfaces_demo
[2.159s] -- Up-to-date: /home/tungchiahui/mysource/ros2src/3.ws01_plumbing/install/base_interfaces_demo/share/base_interfaces_demo/environment/ament_prefix_path.sh
[2.159s] -- Installing: /home/tungchiahui/mysource/ros2src/3.ws01_plumbing/install/base_interfaces_demo/share/base_interfaces_demo/environment/ament_prefix_path.dsv
[2.159s] -- Up-to-date: /home/tungchiahui/mysource/ros2src/3.ws01_plumbing/install/base_interfaces_demo/share/base_interfaces_demo/environment/path.sh
[2.159s] -- Installing: /home/tungchiahui/mysource/ros2src/3.ws01_plumbing/install/base_interfaces_demo/share/base_interfaces_demo/environment/path.dsv
[2.160s] -- Up-to-date: /home/tungchiahui/mysource/ros2src/3.ws01_plumbing/install/base_interfaces_demo/share/base_interfaces_demo/local_setup.bash
[2.160s] -- Up-to-date: /home/tungchiahui/mysource/ros2src/3.ws01_plumbing/install/base_interfaces_demo/share/base_interfaces_demo/local_setup.sh
[2.160s] -- Up-to-date: /home/tungchiahui/mysource/ros2src/3.ws01_plumbing/install/base_interfaces_demo/share/base_interfaces_demo/local_setup.zsh
[2.160s] -- Installing: /home/tungchiahui/mysource/ros2src/3.ws01_plumbing/install/base_interfaces_demo/share/base_interfaces_demo/local_setup.dsv
[2.160s] -- Installing: /home/tungchiahui/mysource/ros2src/3.ws01_plumbing/install/base_interfaces_demo/share/base_interfaces_demo/package.dsv
[2.160s] -- Up-to-date: /home/tungchiahui/mysource/ros2src/3.ws01_plumbing/install/base_interfaces_demo/share/ament_index/resource_index/packages/base_interfaces_demo
[2.160s] -- Up-to-date: /home/tungchiahui/mysource/ros2src/3.ws01_plumbing/install/base_interfaces_demo/share/base_interfaces_demo/cmake/export_base_interfaces_demo__rosidl_generator_cExport.cmake
[2.160s] -- Up-to-date: /home/tungchiahui/mysource/ros2src/3.ws01_plumbing/install/base_interfaces_demo/share/base_interfaces_demo/cmake/export_base_interfaces_demo__rosidl_generator_cExport-noconfig.cmake
[2.160s] -- Up-to-date: /home/tungchiahui/mysource/ros2src/3.ws01_plumbing/install/base_interfaces_demo/share/base_interfaces_demo/cmake/export_base_interfaces_demo__rosidl_typesupport_fastrtps_cExport.cmake
[2.160s] -- Up-to-date: /home/tungchiahui/mysource/ros2src/3.ws01_plumbing/install/base_interfaces_demo/share/base_interfaces_demo/cmake/export_base_interfaces_demo__rosidl_typesupport_fastrtps_cExport-noconfig.cmake
[2.160s] -- Up-to-date: /home/tungchiahui/mysource/ros2src/3.ws01_plumbing/install/base_interfaces_demo/share/base_interfaces_demo/cmake/base_interfaces_demo__rosidl_typesupport_introspection_cExport.cmake
[2.160s] -- Up-to-date: /home/tungchiahui/mysource/ros2src/3.ws01_plumbing/install/base_interfaces_demo/share/base_interfaces_demo/cmake/base_interfaces_demo__rosidl_typesupport_introspection_cExport-noconfig.cmake
[2.160s] -- Up-to-date: /home/tungchiahui/mysource/ros2src/3.ws01_plumbing/install/base_interfaces_demo/share/base_interfaces_demo/cmake/base_interfaces_demo__rosidl_typesupport_cExport.cmake
[2.160s] -- Up-to-date: /home/tungchiahui/mysource/ros2src/3.ws01_plumbing/install/base_interfaces_demo/share/base_interfaces_demo/cmake/base_interfaces_demo__rosidl_typesupport_cExport-noconfig.cmake
[2.160s] -- Up-to-date: /home/tungchiahui/mysource/ros2src/3.ws01_plumbing/install/base_interfaces_demo/share/base_interfaces_demo/cmake/export_base_interfaces_demo__rosidl_generator_cppExport.cmake
[2.161s] -- Up-to-date: /home/tungchiahui/mysource/ros2src/3.ws01_plumbing/install/base_interfaces_demo/share/base_interfaces_demo/cmake/export_base_interfaces_demo__rosidl_typesupport_fastrtps_cppExport.cmake
[2.161s] -- Up-to-date: /home/tungchiahui/mysource/ros2src/3.ws01_plumbing/install/base_interfaces_demo/share/base_interfaces_demo/cmake/export_base_interfaces_demo__rosidl_typesupport_fastrtps_cppExport-noconfig.cmake
[2.161s] -- Up-to-date: /home/tungchiahui/mysource/ros2src/3.ws01_plumbing/install/base_interfaces_demo/share/base_interfaces_demo/cmake/base_interfaces_demo__rosidl_typesupport_introspection_cppExport.cmake
[2.161s] -- Up-to-date: /home/tungchiahui/mysource/ros2src/3.ws01_plumbing/install/base_interfaces_demo/share/base_interfaces_demo/cmake/base_interfaces_demo__rosidl_typesupport_introspection_cppExport-noconfig.cmake
[2.161s] -- Up-to-date: /home/tungchiahui/mysource/ros2src/3.ws01_plumbing/install/base_interfaces_demo/share/base_interfaces_demo/cmake/base_interfaces_demo__rosidl_typesupport_cppExport.cmake
[2.161s] -- Up-to-date: /home/tungchiahui/mysource/ros2src/3.ws01_plumbing/install/base_interfaces_demo/share/base_interfaces_demo/cmake/base_interfaces_demo__rosidl_typesupport_cppExport-noconfig.cmake
[2.161s] -- Up-to-date: /home/tungchiahui/mysource/ros2src/3.ws01_plumbing/install/base_interfaces_demo/share/base_interfaces_demo/cmake/export_base_interfaces_demo__rosidl_generator_pyExport.cmake
[2.161s] -- Up-to-date: /home/tungchiahui/mysource/ros2src/3.ws01_plumbing/install/base_interfaces_demo/share/base_interfaces_demo/cmake/export_base_interfaces_demo__rosidl_generator_pyExport-noconfig.cmake
[2.161s] -- Installing: /home/tungchiahui/mysource/ros2src/3.ws01_plumbing/install/base_interfaces_demo/share/base_interfaces_demo/cmake/rosidl_cmake-extras.cmake
[2.161s] -- Up-to-date: /home/tungchiahui/mysource/ros2src/3.ws01_plumbing/install/base_interfaces_demo/share/base_interfaces_demo/cmake/ament_cmake_export_include_directories-extras.cmake
[2.161s] -- Up-to-date: /home/tungchiahui/mysource/ros2src/3.ws01_plumbing/install/base_interfaces_demo/share/base_interfaces_demo/cmake/ament_cmake_export_libraries-extras.cmake
[2.161s] -- Up-to-date: /home/tungchiahui/mysource/ros2src/3.ws01_plumbing/install/base_interfaces_demo/share/base_interfaces_demo/cmake/ament_cmake_export_targets-extras.cmake
[2.161s] -- Up-to-date: /home/tungchiahui/mysource/ros2src/3.ws01_plumbing/install/base_interfaces_demo/share/base_interfaces_demo/cmake/rosidl_cmake_export_typesupport_targets-extras.cmake
[2.162s] -- Up-to-date: /home/tungchiahui/mysource/ros2src/3.ws01_plumbing/install/base_interfaces_demo/share/base_interfaces_demo/cmake/ament_cmake_export_dependencies-extras.cmake
[2.162s] -- Up-to-date: /home/tungchiahui/mysource/ros2src/3.ws01_plumbing/install/base_interfaces_demo/share/base_interfaces_demo/cmake/rosidl_cmake_export_typesupport_libraries-extras.cmake
[2.162s] -- Up-to-date: /home/tungchiahui/mysource/ros2src/3.ws01_plumbing/install/base_interfaces_demo/share/base_interfaces_demo/cmake/base_interfaces_demoConfig.cmake
[2.162s] -- Up-to-date: /home/tungchiahui/mysource/ros2src/3.ws01_plumbing/install/base_interfaces_demo/share/base_interfaces_demo/cmake/base_interfaces_demoConfig-version.cmake
[2.162s] -- Up-to-date: /home/tungchiahui/mysource/ros2src/3.ws01_plumbing/install/base_interfaces_demo/share/base_interfaces_demo/package.xml
[2.164s] Invoked command in '/home/tungchiahui/mysource/ros2src/3.ws01_plumbing/build/base_interfaces_demo' returned '0': CMAKE_PREFIX_PATH=/opt/ros/humble /usr/bin/cmake --install /home/tungchiahui/mysource/ros2src/3.ws01_plumbing/build/base_interfaces_demo
