[0.008s] Invoking command in '/home/tungchiahui/UserFloder/mysource/ROS/ROS2_WS/7.ws_navigation/build/mycar_navigation2': CMAKE_PREFIX_PATH=${CMAKE_PREFIX_PATH}:/opt/ros/humble /usr/bin/cmake --build /home/tungchiahui/UserFloder/mysource/ROS/ROS2_WS/7.ws_navigation/build/mycar_navigation2 -- -j16 -l16
[0.034s] Invoked command in '/home/tungchiahui/UserFloder/mysource/ROS/ROS2_WS/7.ws_navigation/build/mycar_navigation2' returned '0': CMAKE_PREFIX_PATH=${CMAKE_PREFIX_PATH}:/opt/ros/humble /usr/bin/cmake --build /home/tungchiahui/UserFloder/mysource/ROS/ROS2_WS/7.ws_navigation/build/mycar_navigation2 -- -j16 -l16
[0.041s] Invoking command in '/home/tungchiahui/UserFloder/mysource/ROS/ROS2_WS/7.ws_navigation/build/mycar_navigation2': CMAKE_PREFIX_PATH=${CMAKE_PREFIX_PATH}:/opt/ros/humble /usr/bin/cmake --install /home/tungchiahui/UserFloder/mysource/ROS/ROS2_WS/7.ws_navigation/build/mycar_navigation2
[0.045s] -- Install configuration: ""
[0.045s] -- Up-to-date: /home/tungchiahui/UserFloder/mysource/ROS/ROS2_WS/7.ws_navigation/install/mycar_navigation2/share/mycar_navigation2/launch
[0.045s] -- Up-to-date: /home/tungchiahui/UserFloder/mysource/ROS/ROS2_WS/7.ws_navigation/install/mycar_navigation2/share/mycar_navigation2/launch/nav2.launch.py
[0.045s] -- Up-to-date: /home/tungchiahui/UserFloder/mysource/ROS/ROS2_WS/7.ws_navigation/install/mycar_navigation2/share/mycar_navigation2/launch/bringup.launch.py
[0.045s] -- Installing: /home/tungchiahui/UserFloder/mysource/ROS/ROS2_WS/7.ws_navigation/install/mycar_navigation2/share/mycar_navigation2/launch/auto_slam.launch.py
[0.045s] -- Up-to-date: /home/tungchiahui/UserFloder/mysource/ROS/ROS2_WS/7.ws_navigation/install/mycar_navigation2/share/mycar_navigation2/params
[0.046s] -- Up-to-date: /home/tungchiahui/UserFloder/mysource/ROS/ROS2_WS/7.ws_navigation/install/mycar_navigation2/share/mycar_navigation2/params/bt.yaml
[0.046s] -- Up-to-date: /home/tungchiahui/UserFloder/mysource/ROS/ROS2_WS/7.ws_navigation/install/mycar_navigation2/share/mycar_navigation2/params/planner.yaml
[0.046s] -- Up-to-date: /home/tungchiahui/UserFloder/mysource/ROS/ROS2_WS/7.ws_navigation/install/mycar_navigation2/share/mycar_navigation2/params/controller.yaml
[0.046s] -- Up-to-date: /home/tungchiahui/UserFloder/mysource/ROS/ROS2_WS/7.ws_navigation/install/mycar_navigation2/share/mycar_navigation2/params/behavior.yaml
[0.046s] -- Up-to-date: /home/tungchiahui/UserFloder/mysource/ROS/ROS2_WS/7.ws_navigation/install/mycar_navigation2/share/mycar_navigation2/params/waypoint.yaml
[0.046s] -- Up-to-date: /home/tungchiahui/UserFloder/mysource/ROS/ROS2_WS/7.ws_navigation/install/mycar_navigation2/share/mycar_navigation2/params/velocity.yaml
[0.046s] -- Up-to-date: /home/tungchiahui/UserFloder/mysource/ROS/ROS2_WS/7.ws_navigation/install/mycar_navigation2/share/mycar_navigation2/params/smootherr.yaml
[0.046s] -- Up-to-date: /home/tungchiahui/UserFloder/mysource/ROS/ROS2_WS/7.ws_navigation/install/mycar_navigation2/share/mycar_navigation2/bts
[0.046s] -- Up-to-date: /home/tungchiahui/UserFloder/mysource/ROS/ROS2_WS/7.ws_navigation/install/mycar_navigation2/share/mycar_navigation2/bts/bt_planner_controller_behavior.xml
[0.046s] -- Up-to-date: /home/tungchiahui/UserFloder/mysource/ROS/ROS2_WS/7.ws_navigation/install/mycar_navigation2/share/mycar_navigation2/bts/bt_planner_controller_behavior_poses.xml
[0.046s] -- Up-to-date: /home/tungchiahui/UserFloder/mysource/ROS/ROS2_WS/7.ws_navigation/install/mycar_navigation2/share/ament_index/resource_index/package_run_dependencies/mycar_navigation2
[0.046s] -- Up-to-date: /home/tungchiahui/UserFloder/mysource/ROS/ROS2_WS/7.ws_navigation/install/mycar_navigation2/share/ament_index/resource_index/parent_prefix_path/mycar_navigation2
[0.046s] -- Up-to-date: /home/tungchiahui/UserFloder/mysource/ROS/ROS2_WS/7.ws_navigation/install/mycar_navigation2/share/mycar_navigation2/environment/ament_prefix_path.sh
[0.046s] -- Up-to-date: /home/tungchiahui/UserFloder/mysource/ROS/ROS2_WS/7.ws_navigation/install/mycar_navigation2/share/mycar_navigation2/environment/ament_prefix_path.dsv
[0.046s] -- Up-to-date: /home/tungchiahui/UserFloder/mysource/ROS/ROS2_WS/7.ws_navigation/install/mycar_navigation2/share/mycar_navigation2/environment/path.sh
[0.046s] -- Up-to-date: /home/tungchiahui/UserFloder/mysource/ROS/ROS2_WS/7.ws_navigation/install/mycar_navigation2/share/mycar_navigation2/environment/path.dsv
[0.046s] -- Up-to-date: /home/tungchiahui/UserFloder/mysource/ROS/ROS2_WS/7.ws_navigation/install/mycar_navigation2/share/mycar_navigation2/local_setup.bash
[0.046s] -- Up-to-date: /home/tungchiahui/UserFloder/mysource/ROS/ROS2_WS/7.ws_navigation/install/mycar_navigation2/share/mycar_navigation2/local_setup.sh
[0.046s] -- Up-to-date: /home/tungchiahui/UserFloder/mysource/ROS/ROS2_WS/7.ws_navigation/install/mycar_navigation2/share/mycar_navigation2/local_setup.zsh
[0.046s] -- Up-to-date: /home/tungchiahui/UserFloder/mysource/ROS/ROS2_WS/7.ws_navigation/install/mycar_navigation2/share/mycar_navigation2/local_setup.dsv
[0.046s] -- Installing: /home/tungchiahui/UserFloder/mysource/ROS/ROS2_WS/7.ws_navigation/install/mycar_navigation2/share/mycar_navigation2/package.dsv
[0.047s] -- Up-to-date: /home/tungchiahui/UserFloder/mysource/ROS/ROS2_WS/7.ws_navigation/install/mycar_navigation2/share/ament_index/resource_index/packages/mycar_navigation2
[0.047s] -- Up-to-date: /home/tungchiahui/UserFloder/mysource/ROS/ROS2_WS/7.ws_navigation/install/mycar_navigation2/share/mycar_navigation2/cmake/mycar_navigation2Config.cmake
[0.047s] -- Up-to-date: /home/tungchiahui/UserFloder/mysource/ROS/ROS2_WS/7.ws_navigation/install/mycar_navigation2/share/mycar_navigation2/cmake/mycar_navigation2Config-version.cmake
[0.047s] -- Up-to-date: /home/tungchiahui/UserFloder/mysource/ROS/ROS2_WS/7.ws_navigation/install/mycar_navigation2/share/mycar_navigation2/package.xml
[0.047s] Invoked command in '/home/tungchiahui/UserFloder/mysource/ROS/ROS2_WS/7.ws_navigation/build/mycar_navigation2' returned '0': CMAKE_PREFIX_PATH=${CMAKE_PREFIX_PATH}:/opt/ros/humble /usr/bin/cmake --install /home/tungchiahui/UserFloder/mysource/ROS/ROS2_WS/7.ws_navigation/build/mycar_navigation2
