[0.023s] Invoking command in '/home/tungchiahui/source/ROS2_WS/4.ws02_tools/build/cpp04_tf_listener': CMAKE_PREFIX_PATH=${CMAKE_PREFIX_PATH}:/opt/ros/jazzy /usr/bin/cmake --build /home/tungchiahui/source/ROS2_WS/4.ws02_tools/build/cpp04_tf_listener -- -j16 -l16
[0.115s] [ 50%] Built target demo01_tf_listener
[0.125s] [100%] Built target demo02_message_filter
[0.159s] Invoked command in '/home/tungchiahui/source/ROS2_WS/4.ws02_tools/build/cpp04_tf_listener' returned '0': CMAKE_PREFIX_PATH=${CMAKE_PREFIX_PATH}:/opt/ros/jazzy /usr/bin/cmake --build /home/tungchiahui/source/ROS2_WS/4.ws02_tools/build/cpp04_tf_listener -- -j16 -l16
[0.161s] Invoking command in '/home/tungchiahui/source/ROS2_WS/4.ws02_tools/build/cpp04_tf_listener': CMAKE_PREFIX_PATH=${CMAKE_PREFIX_PATH}:/opt/ros/jazzy /usr/bin/cmake --install /home/tungchiahui/source/ROS2_WS/4.ws02_tools/build/cpp04_tf_listener
[0.168s] -- Install configuration: ""
[0.171s] -- Up-to-date: /home/tungchiahui/source/ROS2_WS/4.ws02_tools/install/cpp04_tf_listener/lib/cpp04_tf_listener/demo01_tf_listener
[0.172s] -- Up-to-date: /home/tungchiahui/source/ROS2_WS/4.ws02_tools/install/cpp04_tf_listener/lib/cpp04_tf_listener/demo02_message_filter
[0.172s] -- Up-to-date: /home/tungchiahui/source/ROS2_WS/4.ws02_tools/install/cpp04_tf_listener/share/ament_index/resource_index/package_run_dependencies/cpp04_tf_listener
[0.173s] -- Up-to-date: /home/tungchiahui/source/ROS2_WS/4.ws02_tools/install/cpp04_tf_listener/share/ament_index/resource_index/parent_prefix_path/cpp04_tf_listener
[0.173s] -- Up-to-date: /home/tungchiahui/source/ROS2_WS/4.ws02_tools/install/cpp04_tf_listener/share/cpp04_tf_listener/environment/ament_prefix_path.sh
[0.173s] -- Up-to-date: /home/tungchiahui/source/ROS2_WS/4.ws02_tools/install/cpp04_tf_listener/share/cpp04_tf_listener/environment/ament_prefix_path.dsv
[0.173s] -- Up-to-date: /home/tungchiahui/source/ROS2_WS/4.ws02_tools/install/cpp04_tf_listener/share/cpp04_tf_listener/environment/path.sh
[0.173s] -- Up-to-date: /home/tungchiahui/source/ROS2_WS/4.ws02_tools/install/cpp04_tf_listener/share/cpp04_tf_listener/environment/path.dsv
[0.174s] -- Up-to-date: /home/tungchiahui/source/ROS2_WS/4.ws02_tools/install/cpp04_tf_listener/share/cpp04_tf_listener/local_setup.bash
[0.174s] -- Up-to-date: /home/tungchiahui/source/ROS2_WS/4.ws02_tools/install/cpp04_tf_listener/share/cpp04_tf_listener/local_setup.sh
[0.174s] -- Up-to-date: /home/tungchiahui/source/ROS2_WS/4.ws02_tools/install/cpp04_tf_listener/share/cpp04_tf_listener/local_setup.zsh
[0.174s] -- Up-to-date: /home/tungchiahui/source/ROS2_WS/4.ws02_tools/install/cpp04_tf_listener/share/cpp04_tf_listener/local_setup.dsv
[0.174s] -- Installing: /home/tungchiahui/source/ROS2_WS/4.ws02_tools/install/cpp04_tf_listener/share/cpp04_tf_listener/package.dsv
[0.174s] -- Up-to-date: /home/tungchiahui/source/ROS2_WS/4.ws02_tools/install/cpp04_tf_listener/share/ament_index/resource_index/packages/cpp04_tf_listener
[0.175s] -- Up-to-date: /home/tungchiahui/source/ROS2_WS/4.ws02_tools/install/cpp04_tf_listener/share/cpp04_tf_listener/cmake/cpp04_tf_listenerConfig.cmake
[0.175s] -- Up-to-date: /home/tungchiahui/source/ROS2_WS/4.ws02_tools/install/cpp04_tf_listener/share/cpp04_tf_listener/cmake/cpp04_tf_listenerConfig-version.cmake
[0.175s] -- Up-to-date: /home/tungchiahui/source/ROS2_WS/4.ws02_tools/install/cpp04_tf_listener/share/cpp04_tf_listener/package.xml
[0.194s] Invoked command in '/home/tungchiahui/source/ROS2_WS/4.ws02_tools/build/cpp04_tf_listener' returned '0': CMAKE_PREFIX_PATH=${CMAKE_PREFIX_PATH}:/opt/ros/jazzy /usr/bin/cmake --install /home/tungchiahui/source/ROS2_WS/4.ws02_tools/build/cpp04_tf_listener
