[0.094s] DEBUG:colcon:Command line arguments: ['/usr/bin/colcon', 'build']
[0.094s] DEBUG:colcon:Parsed command line arguments: Namespace(log_base=None, log_level=None, verb_name='build', build_base='build', install_base='install', merge_install=False, symlink_install=False, test_result_base=None, continue_on_error=False, executor='parallel', parallel_workers=16, event_handlers=None, ignore_user_meta=False, metas=['./colcon.meta'], base_paths=['.'], packages_ignore=None, packages_ignore_regex=None, paths=None, packages_up_to=None, packages_up_to_regex=None, packages_above=None, packages_above_and_dependencies=None, packages_above_depth=None, packages_select_by_dep=None, packages_skip_by_dep=None, packages_skip_up_to=None, packages_select_build_failed=False, packages_skip_build_finished=False, packages_select_test_failures=False, packages_skip_test_passed=False, packages_select=None, packages_skip=None, packages_select_regex=None, packages_skip_regex=None, packages_start=None, packages_end=None, allow_overriding=[], cmake_args=None, cmake_target=None, cmake_target_skip_unavailable=False, cmake_clean_cache=False, cmake_clean_first=False, cmake_force_configure=False, ament_cmake_args=None, catkin_cmake_args=None, catkin_skip_building_tests=False, mixin_files=None, mixin=None, verb_parser=<colcon_mixin.mixin.mixin_argument.MixinArgumentDecorator object at 0x7f77b21cd450>, verb_extension=<colcon_core.verb.build.BuildVerb object at 0x7f77b22ce350>, main=<bound method BuildVerb.main of <colcon_core.verb.build.BuildVerb object at 0x7f77b22ce350>>, mixin_verb=('build',))
[0.210s] Level 1:colcon.colcon_core.package_discovery:discover_packages(colcon_meta) check parameters
[0.210s] Level 1:colcon.colcon_core.package_discovery:discover_packages(recursive) check parameters
[0.210s] Level 1:colcon.colcon_core.package_discovery:discover_packages(ignore) check parameters
[0.210s] Level 1:colcon.colcon_core.package_discovery:discover_packages(path) check parameters
[0.210s] Level 1:colcon.colcon_core.package_discovery:discover_packages(colcon_meta) discover
[0.210s] Level 1:colcon.colcon_core.package_discovery:discover_packages(recursive) discover
[0.210s] INFO:colcon.colcon_core.package_discovery:Crawling recursively for packages in '/home/tungchiahui/UserFloder/mysource/ROS/ROS2_WS/6.ws_simulations'
[0.210s] Level 1:colcon.colcon_core.package_identification:_identify(.) by extensions ['ignore', 'ignore_ament_install']
[0.210s] Level 1:colcon.colcon_core.package_identification:_identify(.) by extension 'ignore'
[0.210s] Level 1:colcon.colcon_core.package_identification:_identify(.) by extension 'ignore_ament_install'
[0.210s] Level 1:colcon.colcon_core.package_identification:_identify(.) by extensions ['colcon_pkg']
[0.210s] Level 1:colcon.colcon_core.package_identification:_identify(.) by extension 'colcon_pkg'
[0.210s] Level 1:colcon.colcon_core.package_identification:_identify(.) by extensions ['colcon_meta']
[0.210s] Level 1:colcon.colcon_core.package_identification:_identify(.) by extension 'colcon_meta'
[0.210s] Level 1:colcon.colcon_core.package_identification:_identify(.) by extensions ['ros']
[0.210s] Level 1:colcon.colcon_core.package_identification:_identify(.) by extension 'ros'
[0.219s] Level 1:colcon.colcon_core.package_identification:_identify(.) by extensions ['cmake', 'python']
[0.219s] Level 1:colcon.colcon_core.package_identification:_identify(.) by extension 'cmake'
[0.219s] Level 1:colcon.colcon_core.package_identification:_identify(.) by extension 'python'
[0.219s] Level 1:colcon.colcon_core.package_identification:_identify(.) by extensions ['python_setup_py']
[0.219s] Level 1:colcon.colcon_core.package_identification:_identify(.) by extension 'python_setup_py'
[0.219s] Level 1:colcon.colcon_core.package_identification:_identify(build) by extensions ['ignore', 'ignore_ament_install']
[0.219s] Level 1:colcon.colcon_core.package_identification:_identify(build) by extension 'ignore'
[0.219s] Level 1:colcon.colcon_core.package_identification:_identify(build) ignored
[0.219s] Level 1:colcon.colcon_core.package_identification:_identify(install) by extensions ['ignore', 'ignore_ament_install']
[0.219s] Level 1:colcon.colcon_core.package_identification:_identify(install) by extension 'ignore'
[0.219s] Level 1:colcon.colcon_core.package_identification:_identify(install) ignored
[0.219s] Level 1:colcon.colcon_core.package_identification:_identify(log) by extensions ['ignore', 'ignore_ament_install']
[0.219s] Level 1:colcon.colcon_core.package_identification:_identify(log) by extension 'ignore'
[0.219s] Level 1:colcon.colcon_core.package_identification:_identify(log) ignored
[0.219s] Level 1:colcon.colcon_core.package_identification:_identify(src) by extensions ['ignore', 'ignore_ament_install']
[0.219s] Level 1:colcon.colcon_core.package_identification:_identify(src) by extension 'ignore'
[0.219s] Level 1:colcon.colcon_core.package_identification:_identify(src) by extension 'ignore_ament_install'
[0.219s] Level 1:colcon.colcon_core.package_identification:_identify(src) by extensions ['colcon_pkg']
[0.219s] Level 1:colcon.colcon_core.package_identification:_identify(src) by extension 'colcon_pkg'
[0.219s] Level 1:colcon.colcon_core.package_identification:_identify(src) by extensions ['colcon_meta']
[0.219s] Level 1:colcon.colcon_core.package_identification:_identify(src) by extension 'colcon_meta'
[0.219s] Level 1:colcon.colcon_core.package_identification:_identify(src) by extensions ['ros']
[0.219s] Level 1:colcon.colcon_core.package_identification:_identify(src) by extension 'ros'
[0.219s] Level 1:colcon.colcon_core.package_identification:_identify(src) by extensions ['cmake', 'python']
[0.219s] Level 1:colcon.colcon_core.package_identification:_identify(src) by extension 'cmake'
[0.220s] Level 1:colcon.colcon_core.package_identification:_identify(src) by extension 'python'
[0.220s] Level 1:colcon.colcon_core.package_identification:_identify(src) by extensions ['python_setup_py']
[0.220s] Level 1:colcon.colcon_core.package_identification:_identify(src) by extension 'python_setup_py'
[0.220s] Level 1:colcon.colcon_core.package_identification:_identify(src/Stage) by extensions ['ignore', 'ignore_ament_install']
[0.220s] Level 1:colcon.colcon_core.package_identification:_identify(src/Stage) by extension 'ignore'
[0.220s] Level 1:colcon.colcon_core.package_identification:_identify(src/Stage) by extension 'ignore_ament_install'
[0.220s] Level 1:colcon.colcon_core.package_identification:_identify(src/Stage) by extensions ['colcon_pkg']
[0.220s] Level 1:colcon.colcon_core.package_identification:_identify(src/Stage) by extension 'colcon_pkg'
[0.220s] Level 1:colcon.colcon_core.package_identification:_identify(src/Stage) by extensions ['colcon_meta']
[0.220s] Level 1:colcon.colcon_core.package_identification:_identify(src/Stage) by extension 'colcon_meta'
[0.220s] Level 1:colcon.colcon_core.package_identification:_identify(src/Stage) by extensions ['ros']
[0.220s] Level 1:colcon.colcon_core.package_identification:_identify(src/Stage) by extension 'ros'
[0.220s] Level 1:colcon.colcon_core.package_identification:_identify(src/Stage) by extensions ['cmake', 'python']
[0.220s] Level 1:colcon.colcon_core.package_identification:_identify(src/Stage) by extension 'cmake'
[0.222s] Level 1:colcon.colcon_core.package_identification:_identify(src/Stage) by extension 'python'
[0.223s] DEBUG:colcon.colcon_core.package_identification:Package 'src/Stage' with type 'cmake' and name 'Stage'
[0.223s] Level 1:colcon.colcon_core.package_identification:_identify(src/demo_gazebo_sim) by extensions ['ignore', 'ignore_ament_install']
[0.223s] Level 1:colcon.colcon_core.package_identification:_identify(src/demo_gazebo_sim) by extension 'ignore'
[0.223s] Level 1:colcon.colcon_core.package_identification:_identify(src/demo_gazebo_sim) by extension 'ignore_ament_install'
[0.223s] Level 1:colcon.colcon_core.package_identification:_identify(src/demo_gazebo_sim) by extensions ['colcon_pkg']
[0.223s] Level 1:colcon.colcon_core.package_identification:_identify(src/demo_gazebo_sim) by extension 'colcon_pkg'
[0.223s] Level 1:colcon.colcon_core.package_identification:_identify(src/demo_gazebo_sim) by extensions ['colcon_meta']
[0.223s] Level 1:colcon.colcon_core.package_identification:_identify(src/demo_gazebo_sim) by extension 'colcon_meta'
[0.223s] Level 1:colcon.colcon_core.package_identification:_identify(src/demo_gazebo_sim) by extensions ['ros']
[0.223s] Level 1:colcon.colcon_core.package_identification:_identify(src/demo_gazebo_sim) by extension 'ros'
[0.224s] DEBUG:colcon.colcon_core.package_identification:Package 'src/demo_gazebo_sim' with type 'ros.ament_cmake' and name 'demo_gazebo_sim'
[0.225s] Level 1:colcon.colcon_core.package_identification:_identify(src/mycar_description) by extensions ['ignore', 'ignore_ament_install']
[0.225s] Level 1:colcon.colcon_core.package_identification:_identify(src/mycar_description) by extension 'ignore'
[0.225s] Level 1:colcon.colcon_core.package_identification:_identify(src/mycar_description) by extension 'ignore_ament_install'
[0.225s] Level 1:colcon.colcon_core.package_identification:_identify(src/mycar_description) by extensions ['colcon_pkg']
[0.225s] Level 1:colcon.colcon_core.package_identification:_identify(src/mycar_description) by extension 'colcon_pkg'
[0.225s] Level 1:colcon.colcon_core.package_identification:_identify(src/mycar_description) by extensions ['colcon_meta']
[0.225s] Level 1:colcon.colcon_core.package_identification:_identify(src/mycar_description) by extension 'colcon_meta'
[0.225s] Level 1:colcon.colcon_core.package_identification:_identify(src/mycar_description) by extensions ['ros']
[0.225s] Level 1:colcon.colcon_core.package_identification:_identify(src/mycar_description) by extension 'ros'
[0.225s] DEBUG:colcon.colcon_core.package_identification:Package 'src/mycar_description' with type 'ros.ament_cmake' and name 'mycar_description'
[0.225s] Level 1:colcon.colcon_core.package_discovery:discover_packages(recursive) using defaults
[0.225s] Level 1:colcon.colcon_core.package_discovery:discover_packages(ignore) discover
[0.225s] Level 1:colcon.colcon_core.package_discovery:discover_packages(ignore) using defaults
[0.225s] Level 1:colcon.colcon_core.package_discovery:discover_packages(path) discover
[0.225s] Level 1:colcon.colcon_core.package_discovery:discover_packages(path) using defaults
[0.241s] Level 1:colcon.colcon_core.package_discovery:discover_packages(prefix_path) check parameters
[0.241s] Level 1:colcon.colcon_core.package_discovery:discover_packages(prefix_path) discover
[0.243s] DEBUG:colcon.colcon_installed_package_information.package_discovery:Found 333 installed packages in /opt/ros/humble
[0.250s] Level 1:colcon.colcon_core.package_discovery:discover_packages(prefix_path) using defaults
[0.277s] Level 5:colcon.colcon_core.verb:set package 'Stage' build argument 'cmake_args' from command line to 'None'
[0.277s] Level 5:colcon.colcon_core.verb:set package 'Stage' build argument 'cmake_target' from command line to 'None'
[0.277s] Level 5:colcon.colcon_core.verb:set package 'Stage' build argument 'cmake_target_skip_unavailable' from command line to 'False'
[0.277s] Level 5:colcon.colcon_core.verb:set package 'Stage' build argument 'cmake_clean_cache' from command line to 'False'
[0.277s] Level 5:colcon.colcon_core.verb:set package 'Stage' build argument 'cmake_clean_first' from command line to 'False'
[0.277s] Level 5:colcon.colcon_core.verb:set package 'Stage' build argument 'cmake_force_configure' from command line to 'False'
[0.277s] Level 5:colcon.colcon_core.verb:set package 'Stage' build argument 'ament_cmake_args' from command line to 'None'
[0.278s] Level 5:colcon.colcon_core.verb:set package 'Stage' build argument 'catkin_cmake_args' from command line to 'None'
[0.278s] Level 5:colcon.colcon_core.verb:set package 'Stage' build argument 'catkin_skip_building_tests' from command line to 'False'
[0.278s] DEBUG:colcon.colcon_core.verb:Building package 'Stage' with the following arguments: {'ament_cmake_args': None, 'build_base': '/home/tungchiahui/UserFloder/mysource/ROS/ROS2_WS/6.ws_simulations/build/Stage', 'catkin_cmake_args': None, 'catkin_skip_building_tests': False, 'cmake_args': None, 'cmake_clean_cache': False, 'cmake_clean_first': False, 'cmake_force_configure': False, 'cmake_target': None, 'cmake_target_skip_unavailable': False, 'install_base': '/home/tungchiahui/UserFloder/mysource/ROS/ROS2_WS/6.ws_simulations/install/Stage', 'merge_install': False, 'path': '/home/tungchiahui/UserFloder/mysource/ROS/ROS2_WS/6.ws_simulations/src/Stage', 'symlink_install': False, 'test_result_base': None}
[0.278s] Level 5:colcon.colcon_core.verb:set package 'demo_gazebo_sim' build argument 'cmake_args' from command line to 'None'
[0.278s] Level 5:colcon.colcon_core.verb:set package 'demo_gazebo_sim' build argument 'cmake_target' from command line to 'None'
[0.278s] Level 5:colcon.colcon_core.verb:set package 'demo_gazebo_sim' build argument 'cmake_target_skip_unavailable' from command line to 'False'
[0.278s] Level 5:colcon.colcon_core.verb:set package 'demo_gazebo_sim' build argument 'cmake_clean_cache' from command line to 'False'
[0.278s] Level 5:colcon.colcon_core.verb:set package 'demo_gazebo_sim' build argument 'cmake_clean_first' from command line to 'False'
[0.278s] Level 5:colcon.colcon_core.verb:set package 'demo_gazebo_sim' build argument 'cmake_force_configure' from command line to 'False'
[0.278s] Level 5:colcon.colcon_core.verb:set package 'demo_gazebo_sim' build argument 'ament_cmake_args' from command line to 'None'
[0.278s] Level 5:colcon.colcon_core.verb:set package 'demo_gazebo_sim' build argument 'catkin_cmake_args' from command line to 'None'
[0.278s] Level 5:colcon.colcon_core.verb:set package 'demo_gazebo_sim' build argument 'catkin_skip_building_tests' from command line to 'False'
[0.278s] DEBUG:colcon.colcon_core.verb:Building package 'demo_gazebo_sim' with the following arguments: {'ament_cmake_args': None, 'build_base': '/home/tungchiahui/UserFloder/mysource/ROS/ROS2_WS/6.ws_simulations/build/demo_gazebo_sim', 'catkin_cmake_args': None, 'catkin_skip_building_tests': False, 'cmake_args': None, 'cmake_clean_cache': False, 'cmake_clean_first': False, 'cmake_force_configure': False, 'cmake_target': None, 'cmake_target_skip_unavailable': False, 'install_base': '/home/tungchiahui/UserFloder/mysource/ROS/ROS2_WS/6.ws_simulations/install/demo_gazebo_sim', 'merge_install': False, 'path': '/home/tungchiahui/UserFloder/mysource/ROS/ROS2_WS/6.ws_simulations/src/demo_gazebo_sim', 'symlink_install': False, 'test_result_base': None}
[0.278s] Level 5:colcon.colcon_core.verb:set package 'mycar_description' build argument 'cmake_args' from command line to 'None'
[0.278s] Level 5:colcon.colcon_core.verb:set package 'mycar_description' build argument 'cmake_target' from command line to 'None'
[0.278s] Level 5:colcon.colcon_core.verb:set package 'mycar_description' build argument 'cmake_target_skip_unavailable' from command line to 'False'
[0.278s] Level 5:colcon.colcon_core.verb:set package 'mycar_description' build argument 'cmake_clean_cache' from command line to 'False'
[0.278s] Level 5:colcon.colcon_core.verb:set package 'mycar_description' build argument 'cmake_clean_first' from command line to 'False'
[0.278s] Level 5:colcon.colcon_core.verb:set package 'mycar_description' build argument 'cmake_force_configure' from command line to 'False'
[0.278s] Level 5:colcon.colcon_core.verb:set package 'mycar_description' build argument 'ament_cmake_args' from command line to 'None'
[0.278s] Level 5:colcon.colcon_core.verb:set package 'mycar_description' build argument 'catkin_cmake_args' from command line to 'None'
[0.278s] Level 5:colcon.colcon_core.verb:set package 'mycar_description' build argument 'catkin_skip_building_tests' from command line to 'False'
[0.278s] DEBUG:colcon.colcon_core.verb:Building package 'mycar_description' with the following arguments: {'ament_cmake_args': None, 'build_base': '/home/tungchiahui/UserFloder/mysource/ROS/ROS2_WS/6.ws_simulations/build/mycar_description', 'catkin_cmake_args': None, 'catkin_skip_building_tests': False, 'cmake_args': None, 'cmake_clean_cache': False, 'cmake_clean_first': False, 'cmake_force_configure': False, 'cmake_target': None, 'cmake_target_skip_unavailable': False, 'install_base': '/home/tungchiahui/UserFloder/mysource/ROS/ROS2_WS/6.ws_simulations/install/mycar_description', 'merge_install': False, 'path': '/home/tungchiahui/UserFloder/mysource/ROS/ROS2_WS/6.ws_simulations/src/mycar_description', 'symlink_install': False, 'test_result_base': None}
[0.278s] INFO:colcon.colcon_core.executor:Executing jobs using 'parallel' executor
[0.279s] DEBUG:colcon.colcon_parallel_executor.executor.parallel:run_until_complete
[0.279s] INFO:colcon.colcon_cmake.task.cmake.build:Building CMake package in '/home/tungchiahui/UserFloder/mysource/ROS/ROS2_WS/6.ws_simulations/src/Stage'
[0.281s] INFO:colcon.colcon_core.plugin_system:Skipping extension 'colcon_core.shell.bat': Not used on non-Windows systems
[0.281s] INFO:colcon.colcon_core.shell:Skip shell extension 'powershell' for command environment: Not usable outside of PowerShell
[0.282s] DEBUG:colcon.colcon_core.shell:Skip shell extension 'dsv' for command environment
[0.284s] INFO:colcon.colcon_ros.task.ament_cmake.build:Building ROS package in '/home/tungchiahui/UserFloder/mysource/ROS/ROS2_WS/6.ws_simulations/src/demo_gazebo_sim' with build type 'ament_cmake'
[0.284s] INFO:colcon.colcon_cmake.task.cmake.build:Building CMake package in '/home/tungchiahui/UserFloder/mysource/ROS/ROS2_WS/6.ws_simulations/src/demo_gazebo_sim'
[0.284s] INFO:colcon.colcon_core.shell:Skip shell extension 'powershell' for command environment: Not usable outside of PowerShell
[0.284s] DEBUG:colcon.colcon_core.shell:Skip shell extension 'dsv' for command environment
[0.285s] INFO:colcon.colcon_ros.task.ament_cmake.build:Building ROS package in '/home/tungchiahui/UserFloder/mysource/ROS/ROS2_WS/6.ws_simulations/src/mycar_description' with build type 'ament_cmake'
[0.285s] INFO:colcon.colcon_cmake.task.cmake.build:Building CMake package in '/home/tungchiahui/UserFloder/mysource/ROS/ROS2_WS/6.ws_simulations/src/mycar_description'
[0.286s] INFO:colcon.colcon_core.shell:Skip shell extension 'powershell' for command environment: Not usable outside of PowerShell
[0.286s] DEBUG:colcon.colcon_core.shell:Skip shell extension 'dsv' for command environment
[0.289s] DEBUG:colcon.colcon_core.event_handler.log_command:Invoking command in '/home/tungchiahui/UserFloder/mysource/ROS/ROS2_WS/6.ws_simulations/build/Stage': /usr/bin/cmake /home/tungchiahui/UserFloder/mysource/ROS/ROS2_WS/6.ws_simulations/src/Stage -DCMAKE_INSTALL_PREFIX=/home/tungchiahui/UserFloder/mysource/ROS/ROS2_WS/6.ws_simulations/install/Stage
[0.291s] DEBUG:colcon.colcon_core.event_handler.log_command:Invoking command in '/home/tungchiahui/UserFloder/mysource/ROS/ROS2_WS/6.ws_simulations/build/demo_gazebo_sim': CMAKE_PREFIX_PATH=/opt/ros/humble /usr/bin/cmake /home/tungchiahui/UserFloder/mysource/ROS/ROS2_WS/6.ws_simulations/src/demo_gazebo_sim -DCMAKE_INSTALL_PREFIX=/home/tungchiahui/UserFloder/mysource/ROS/ROS2_WS/6.ws_simulations/install/demo_gazebo_sim
[0.294s] DEBUG:colcon.colcon_core.event_handler.log_command:Invoking command in '/home/tungchiahui/UserFloder/mysource/ROS/ROS2_WS/6.ws_simulations/build/mycar_description': CMAKE_PREFIX_PATH=/opt/ros/humble /usr/bin/cmake /home/tungchiahui/UserFloder/mysource/ROS/ROS2_WS/6.ws_simulations/src/mycar_description -DCMAKE_INSTALL_PREFIX=/home/tungchiahui/UserFloder/mysource/ROS/ROS2_WS/6.ws_simulations/install/mycar_description
[0.707s] DEBUG:colcon.colcon_core.event_handler.log_command:Invoked command in '/home/tungchiahui/UserFloder/mysource/ROS/ROS2_WS/6.ws_simulations/build/mycar_description' returned '0': CMAKE_PREFIX_PATH=/opt/ros/humble /usr/bin/cmake /home/tungchiahui/UserFloder/mysource/ROS/ROS2_WS/6.ws_simulations/src/mycar_description -DCMAKE_INSTALL_PREFIX=/home/tungchiahui/UserFloder/mysource/ROS/ROS2_WS/6.ws_simulations/install/mycar_description
[0.708s] DEBUG:colcon.colcon_core.event_handler.log_command:Invoking command in '/home/tungchiahui/UserFloder/mysource/ROS/ROS2_WS/6.ws_simulations/build/mycar_description': CMAKE_PREFIX_PATH=/opt/ros/humble /usr/bin/cmake --build /home/tungchiahui/UserFloder/mysource/ROS/ROS2_WS/6.ws_simulations/build/mycar_description -- -j16 -l16
[0.708s] DEBUG:colcon.colcon_core.event_handler.log_command:Invoked command in '/home/tungchiahui/UserFloder/mysource/ROS/ROS2_WS/6.ws_simulations/build/demo_gazebo_sim' returned '0': CMAKE_PREFIX_PATH=/opt/ros/humble /usr/bin/cmake /home/tungchiahui/UserFloder/mysource/ROS/ROS2_WS/6.ws_simulations/src/demo_gazebo_sim -DCMAKE_INSTALL_PREFIX=/home/tungchiahui/UserFloder/mysource/ROS/ROS2_WS/6.ws_simulations/install/demo_gazebo_sim
[0.709s] DEBUG:colcon.colcon_core.event_handler.log_command:Invoking command in '/home/tungchiahui/UserFloder/mysource/ROS/ROS2_WS/6.ws_simulations/build/demo_gazebo_sim': CMAKE_PREFIX_PATH=/opt/ros/humble /usr/bin/cmake --build /home/tungchiahui/UserFloder/mysource/ROS/ROS2_WS/6.ws_simulations/build/demo_gazebo_sim -- -j16 -l16
[0.732s] DEBUG:colcon.colcon_core.event_handler.log_command:Invoked command in '/home/tungchiahui/UserFloder/mysource/ROS/ROS2_WS/6.ws_simulations/build/demo_gazebo_sim' returned '0': CMAKE_PREFIX_PATH=/opt/ros/humble /usr/bin/cmake --build /home/tungchiahui/UserFloder/mysource/ROS/ROS2_WS/6.ws_simulations/build/demo_gazebo_sim -- -j16 -l16
[0.738s] DEBUG:colcon.colcon_core.event_handler.log_command:Invoking command in '/home/tungchiahui/UserFloder/mysource/ROS/ROS2_WS/6.ws_simulations/build/demo_gazebo_sim': CMAKE_PREFIX_PATH=/opt/ros/humble /usr/bin/cmake --install /home/tungchiahui/UserFloder/mysource/ROS/ROS2_WS/6.ws_simulations/build/demo_gazebo_sim
[0.739s] DEBUG:colcon.colcon_core.event_handler.log_command:Invoked command in '/home/tungchiahui/UserFloder/mysource/ROS/ROS2_WS/6.ws_simulations/build/mycar_description' returned '0': CMAKE_PREFIX_PATH=/opt/ros/humble /usr/bin/cmake --build /home/tungchiahui/UserFloder/mysource/ROS/ROS2_WS/6.ws_simulations/build/mycar_description -- -j16 -l16
[0.740s] DEBUG:colcon.colcon_core.event_handler.log_command:Invoking command in '/home/tungchiahui/UserFloder/mysource/ROS/ROS2_WS/6.ws_simulations/build/mycar_description': CMAKE_PREFIX_PATH=/opt/ros/humble /usr/bin/cmake --install /home/tungchiahui/UserFloder/mysource/ROS/ROS2_WS/6.ws_simulations/build/mycar_description
[0.746s] Level 1:colcon.colcon_core.environment:create_environment_scripts_only(demo_gazebo_sim)
[0.748s] DEBUG:colcon.colcon_core.event_handler.log_command:Invoked command in '/home/tungchiahui/UserFloder/mysource/ROS/ROS2_WS/6.ws_simulations/build/demo_gazebo_sim' returned '0': CMAKE_PREFIX_PATH=/opt/ros/humble /usr/bin/cmake --install /home/tungchiahui/UserFloder/mysource/ROS/ROS2_WS/6.ws_simulations/build/demo_gazebo_sim
[0.751s] Level 1:colcon.colcon_core.environment:checking '/home/tungchiahui/UserFloder/mysource/ROS/ROS2_WS/6.ws_simulations/install/demo_gazebo_sim' for CMake module files
[0.752s] Level 1:colcon.colcon_core.environment:checking '/home/tungchiahui/UserFloder/mysource/ROS/ROS2_WS/6.ws_simulations/install/demo_gazebo_sim' for CMake config files
[0.752s] Level 1:colcon.colcon_core.shell:create_environment_hook('demo_gazebo_sim', 'cmake_prefix_path')
[0.752s] INFO:colcon.colcon_core.shell:Creating environment hook '/home/tungchiahui/UserFloder/mysource/ROS/ROS2_WS/6.ws_simulations/install/demo_gazebo_sim/share/demo_gazebo_sim/hook/cmake_prefix_path.ps1'
[0.753s] INFO:colcon.colcon_core.shell:Creating environment descriptor '/home/tungchiahui/UserFloder/mysource/ROS/ROS2_WS/6.ws_simulations/install/demo_gazebo_sim/share/demo_gazebo_sim/hook/cmake_prefix_path.dsv'
[0.753s] INFO:colcon.colcon_core.shell:Creating environment hook '/home/tungchiahui/UserFloder/mysource/ROS/ROS2_WS/6.ws_simulations/install/demo_gazebo_sim/share/demo_gazebo_sim/hook/cmake_prefix_path.sh'
[0.754s] Level 1:colcon.colcon_core.environment:checking '/home/tungchiahui/UserFloder/mysource/ROS/ROS2_WS/6.ws_simulations/install/demo_gazebo_sim/bin'
[0.754s] Level 1:colcon.colcon_core.environment:checking '/home/tungchiahui/UserFloder/mysource/ROS/ROS2_WS/6.ws_simulations/install/demo_gazebo_sim/lib/pkgconfig/demo_gazebo_sim.pc'
[0.754s] Level 1:colcon.colcon_core.environment:checking '/home/tungchiahui/UserFloder/mysource/ROS/ROS2_WS/6.ws_simulations/install/demo_gazebo_sim/lib/python3.10/site-packages'
[0.754s] Level 1:colcon.colcon_core.environment:checking '/home/tungchiahui/UserFloder/mysource/ROS/ROS2_WS/6.ws_simulations/install/demo_gazebo_sim/bin'
[0.755s] INFO:colcon.colcon_core.shell:Creating package script '/home/tungchiahui/UserFloder/mysource/ROS/ROS2_WS/6.ws_simulations/install/demo_gazebo_sim/share/demo_gazebo_sim/package.ps1'
[0.755s] INFO:colcon.colcon_core.shell:Creating package descriptor '/home/tungchiahui/UserFloder/mysource/ROS/ROS2_WS/6.ws_simulations/install/demo_gazebo_sim/share/demo_gazebo_sim/package.dsv'
[0.756s] INFO:colcon.colcon_core.shell:Creating package script '/home/tungchiahui/UserFloder/mysource/ROS/ROS2_WS/6.ws_simulations/install/demo_gazebo_sim/share/demo_gazebo_sim/package.sh'
[0.756s] INFO:colcon.colcon_core.shell:Creating package script '/home/tungchiahui/UserFloder/mysource/ROS/ROS2_WS/6.ws_simulations/install/demo_gazebo_sim/share/demo_gazebo_sim/package.bash'
[0.757s] INFO:colcon.colcon_core.shell:Creating package script '/home/tungchiahui/UserFloder/mysource/ROS/ROS2_WS/6.ws_simulations/install/demo_gazebo_sim/share/demo_gazebo_sim/package.zsh'
[0.757s] Level 1:colcon.colcon_core.environment:create_file_with_runtime_dependencies(/home/tungchiahui/UserFloder/mysource/ROS/ROS2_WS/6.ws_simulations/install/demo_gazebo_sim/share/colcon-core/packages/demo_gazebo_sim)
[0.757s] Level 1:colcon.colcon_core.environment:create_environment_scripts_only(demo_gazebo_sim)
[0.758s] Level 1:colcon.colcon_core.environment:checking '/home/tungchiahui/UserFloder/mysource/ROS/ROS2_WS/6.ws_simulations/install/demo_gazebo_sim' for CMake module files
[0.758s] Level 1:colcon.colcon_core.environment:checking '/home/tungchiahui/UserFloder/mysource/ROS/ROS2_WS/6.ws_simulations/install/demo_gazebo_sim' for CMake config files
[0.758s] Level 1:colcon.colcon_core.shell:create_environment_hook('demo_gazebo_sim', 'cmake_prefix_path')
[0.758s] INFO:colcon.colcon_core.shell:Creating environment hook '/home/tungchiahui/UserFloder/mysource/ROS/ROS2_WS/6.ws_simulations/install/demo_gazebo_sim/share/demo_gazebo_sim/hook/cmake_prefix_path.ps1'
[0.759s] INFO:colcon.colcon_core.shell:Creating environment descriptor '/home/tungchiahui/UserFloder/mysource/ROS/ROS2_WS/6.ws_simulations/install/demo_gazebo_sim/share/demo_gazebo_sim/hook/cmake_prefix_path.dsv'
[0.759s] INFO:colcon.colcon_core.shell:Creating environment hook '/home/tungchiahui/UserFloder/mysource/ROS/ROS2_WS/6.ws_simulations/install/demo_gazebo_sim/share/demo_gazebo_sim/hook/cmake_prefix_path.sh'
[0.759s] Level 1:colcon.colcon_core.environment:checking '/home/tungchiahui/UserFloder/mysource/ROS/ROS2_WS/6.ws_simulations/install/demo_gazebo_sim/bin'
[0.759s] Level 1:colcon.colcon_core.environment:checking '/home/tungchiahui/UserFloder/mysource/ROS/ROS2_WS/6.ws_simulations/install/demo_gazebo_sim/lib/pkgconfig/demo_gazebo_sim.pc'
[0.759s] Level 1:colcon.colcon_core.environment:checking '/home/tungchiahui/UserFloder/mysource/ROS/ROS2_WS/6.ws_simulations/install/demo_gazebo_sim/lib/python3.10/site-packages'
[0.760s] Level 1:colcon.colcon_core.environment:checking '/home/tungchiahui/UserFloder/mysource/ROS/ROS2_WS/6.ws_simulations/install/demo_gazebo_sim/bin'
[0.760s] INFO:colcon.colcon_core.shell:Creating package script '/home/tungchiahui/UserFloder/mysource/ROS/ROS2_WS/6.ws_simulations/install/demo_gazebo_sim/share/demo_gazebo_sim/package.ps1'
[0.760s] INFO:colcon.colcon_core.shell:Creating package descriptor '/home/tungchiahui/UserFloder/mysource/ROS/ROS2_WS/6.ws_simulations/install/demo_gazebo_sim/share/demo_gazebo_sim/package.dsv'
[0.760s] INFO:colcon.colcon_core.shell:Creating package script '/home/tungchiahui/UserFloder/mysource/ROS/ROS2_WS/6.ws_simulations/install/demo_gazebo_sim/share/demo_gazebo_sim/package.sh'
[0.761s] INFO:colcon.colcon_core.shell:Creating package script '/home/tungchiahui/UserFloder/mysource/ROS/ROS2_WS/6.ws_simulations/install/demo_gazebo_sim/share/demo_gazebo_sim/package.bash'
[0.761s] INFO:colcon.colcon_core.shell:Creating package script '/home/tungchiahui/UserFloder/mysource/ROS/ROS2_WS/6.ws_simulations/install/demo_gazebo_sim/share/demo_gazebo_sim/package.zsh'
[0.761s] Level 1:colcon.colcon_core.environment:create_file_with_runtime_dependencies(/home/tungchiahui/UserFloder/mysource/ROS/ROS2_WS/6.ws_simulations/install/demo_gazebo_sim/share/colcon-core/packages/demo_gazebo_sim)
[0.762s] Level 1:colcon.colcon_core.environment:create_environment_scripts_only(mycar_description)
[0.762s] Level 1:colcon.colcon_core.environment:checking '/home/tungchiahui/UserFloder/mysource/ROS/ROS2_WS/6.ws_simulations/install/mycar_description' for CMake module files
[0.763s] DEBUG:colcon.colcon_core.event_handler.log_command:Invoked command in '/home/tungchiahui/UserFloder/mysource/ROS/ROS2_WS/6.ws_simulations/build/mycar_description' returned '0': CMAKE_PREFIX_PATH=/opt/ros/humble /usr/bin/cmake --install /home/tungchiahui/UserFloder/mysource/ROS/ROS2_WS/6.ws_simulations/build/mycar_description
[0.763s] Level 1:colcon.colcon_core.environment:checking '/home/tungchiahui/UserFloder/mysource/ROS/ROS2_WS/6.ws_simulations/install/mycar_description' for CMake config files
[0.763s] Level 1:colcon.colcon_core.shell:create_environment_hook('mycar_description', 'cmake_prefix_path')
[0.763s] INFO:colcon.colcon_core.shell:Creating environment hook '/home/tungchiahui/UserFloder/mysource/ROS/ROS2_WS/6.ws_simulations/install/mycar_description/share/mycar_description/hook/cmake_prefix_path.ps1'
[0.764s] INFO:colcon.colcon_core.shell:Creating environment descriptor '/home/tungchiahui/UserFloder/mysource/ROS/ROS2_WS/6.ws_simulations/install/mycar_description/share/mycar_description/hook/cmake_prefix_path.dsv'
[0.764s] INFO:colcon.colcon_core.shell:Creating environment hook '/home/tungchiahui/UserFloder/mysource/ROS/ROS2_WS/6.ws_simulations/install/mycar_description/share/mycar_description/hook/cmake_prefix_path.sh'
[0.764s] Level 1:colcon.colcon_core.environment:checking '/home/tungchiahui/UserFloder/mysource/ROS/ROS2_WS/6.ws_simulations/install/mycar_description/bin'
[0.764s] Level 1:colcon.colcon_core.environment:checking '/home/tungchiahui/UserFloder/mysource/ROS/ROS2_WS/6.ws_simulations/install/mycar_description/lib/pkgconfig/mycar_description.pc'
[0.765s] Level 1:colcon.colcon_core.environment:checking '/home/tungchiahui/UserFloder/mysource/ROS/ROS2_WS/6.ws_simulations/install/mycar_description/lib/python3.10/site-packages'
[0.765s] Level 1:colcon.colcon_core.environment:checking '/home/tungchiahui/UserFloder/mysource/ROS/ROS2_WS/6.ws_simulations/install/mycar_description/bin'
[0.765s] INFO:colcon.colcon_core.shell:Creating package script '/home/tungchiahui/UserFloder/mysource/ROS/ROS2_WS/6.ws_simulations/install/mycar_description/share/mycar_description/package.ps1'
[0.765s] INFO:colcon.colcon_core.shell:Creating package descriptor '/home/tungchiahui/UserFloder/mysource/ROS/ROS2_WS/6.ws_simulations/install/mycar_description/share/mycar_description/package.dsv'
[0.765s] INFO:colcon.colcon_core.shell:Creating package script '/home/tungchiahui/UserFloder/mysource/ROS/ROS2_WS/6.ws_simulations/install/mycar_description/share/mycar_description/package.sh'
[0.766s] INFO:colcon.colcon_core.shell:Creating package script '/home/tungchiahui/UserFloder/mysource/ROS/ROS2_WS/6.ws_simulations/install/mycar_description/share/mycar_description/package.bash'
[0.766s] INFO:colcon.colcon_core.shell:Creating package script '/home/tungchiahui/UserFloder/mysource/ROS/ROS2_WS/6.ws_simulations/install/mycar_description/share/mycar_description/package.zsh'
[0.766s] Level 1:colcon.colcon_core.environment:create_file_with_runtime_dependencies(/home/tungchiahui/UserFloder/mysource/ROS/ROS2_WS/6.ws_simulations/install/mycar_description/share/colcon-core/packages/mycar_description)
[0.767s] Level 1:colcon.colcon_core.environment:create_environment_scripts_only(mycar_description)
[0.767s] Level 1:colcon.colcon_core.environment:checking '/home/tungchiahui/UserFloder/mysource/ROS/ROS2_WS/6.ws_simulations/install/mycar_description' for CMake module files
[0.768s] Level 1:colcon.colcon_core.environment:checking '/home/tungchiahui/UserFloder/mysource/ROS/ROS2_WS/6.ws_simulations/install/mycar_description' for CMake config files
[0.768s] Level 1:colcon.colcon_core.shell:create_environment_hook('mycar_description', 'cmake_prefix_path')
[0.768s] INFO:colcon.colcon_core.shell:Creating environment hook '/home/tungchiahui/UserFloder/mysource/ROS/ROS2_WS/6.ws_simulations/install/mycar_description/share/mycar_description/hook/cmake_prefix_path.ps1'
[0.768s] INFO:colcon.colcon_core.shell:Creating environment descriptor '/home/tungchiahui/UserFloder/mysource/ROS/ROS2_WS/6.ws_simulations/install/mycar_description/share/mycar_description/hook/cmake_prefix_path.dsv'
[0.769s] INFO:colcon.colcon_core.shell:Creating environment hook '/home/tungchiahui/UserFloder/mysource/ROS/ROS2_WS/6.ws_simulations/install/mycar_description/share/mycar_description/hook/cmake_prefix_path.sh'
[0.769s] Level 1:colcon.colcon_core.environment:checking '/home/tungchiahui/UserFloder/mysource/ROS/ROS2_WS/6.ws_simulations/install/mycar_description/bin'
[0.769s] Level 1:colcon.colcon_core.environment:checking '/home/tungchiahui/UserFloder/mysource/ROS/ROS2_WS/6.ws_simulations/install/mycar_description/lib/pkgconfig/mycar_description.pc'
[0.769s] Level 1:colcon.colcon_core.environment:checking '/home/tungchiahui/UserFloder/mysource/ROS/ROS2_WS/6.ws_simulations/install/mycar_description/lib/python3.10/site-packages'
[0.770s] Level 1:colcon.colcon_core.environment:checking '/home/tungchiahui/UserFloder/mysource/ROS/ROS2_WS/6.ws_simulations/install/mycar_description/bin'
[0.770s] INFO:colcon.colcon_core.shell:Creating package script '/home/tungchiahui/UserFloder/mysource/ROS/ROS2_WS/6.ws_simulations/install/mycar_description/share/mycar_description/package.ps1'
[0.770s] INFO:colcon.colcon_core.shell:Creating package descriptor '/home/tungchiahui/UserFloder/mysource/ROS/ROS2_WS/6.ws_simulations/install/mycar_description/share/mycar_description/package.dsv'
[0.771s] INFO:colcon.colcon_core.shell:Creating package script '/home/tungchiahui/UserFloder/mysource/ROS/ROS2_WS/6.ws_simulations/install/mycar_description/share/mycar_description/package.sh'
[0.771s] INFO:colcon.colcon_core.shell:Creating package script '/home/tungchiahui/UserFloder/mysource/ROS/ROS2_WS/6.ws_simulations/install/mycar_description/share/mycar_description/package.bash'
[0.771s] INFO:colcon.colcon_core.shell:Creating package script '/home/tungchiahui/UserFloder/mysource/ROS/ROS2_WS/6.ws_simulations/install/mycar_description/share/mycar_description/package.zsh'
[0.772s] Level 1:colcon.colcon_core.environment:create_file_with_runtime_dependencies(/home/tungchiahui/UserFloder/mysource/ROS/ROS2_WS/6.ws_simulations/install/mycar_description/share/colcon-core/packages/mycar_description)
[0.948s] DEBUG:colcon.colcon_core.event_handler.log_command:Invoked command in '/home/tungchiahui/UserFloder/mysource/ROS/ROS2_WS/6.ws_simulations/build/Stage' returned '0': /usr/bin/cmake /home/tungchiahui/UserFloder/mysource/ROS/ROS2_WS/6.ws_simulations/src/Stage -DCMAKE_INSTALL_PREFIX=/home/tungchiahui/UserFloder/mysource/ROS/ROS2_WS/6.ws_simulations/install/Stage
[0.949s] DEBUG:colcon.colcon_core.event_handler.log_command:Invoking command in '/home/tungchiahui/UserFloder/mysource/ROS/ROS2_WS/6.ws_simulations/build/Stage': /usr/bin/cmake --build /home/tungchiahui/UserFloder/mysource/ROS/ROS2_WS/6.ws_simulations/build/Stage -- -j16 -l16
[6.539s] DEBUG:colcon.colcon_core.event_handler.log_command:Invoked command in '/home/tungchiahui/UserFloder/mysource/ROS/ROS2_WS/6.ws_simulations/build/Stage' returned '0': /usr/bin/cmake --build /home/tungchiahui/UserFloder/mysource/ROS/ROS2_WS/6.ws_simulations/build/Stage -- -j16 -l16
[6.540s] DEBUG:colcon.colcon_core.event_handler.log_command:Invoking command in '/home/tungchiahui/UserFloder/mysource/ROS/ROS2_WS/6.ws_simulations/build/Stage': /usr/bin/cmake --install /home/tungchiahui/UserFloder/mysource/ROS/ROS2_WS/6.ws_simulations/build/Stage
[6.556s] Level 1:colcon.colcon_core.environment:create_environment_scripts_only(Stage)
[6.557s] Level 1:colcon.colcon_core.environment:checking '/home/tungchiahui/UserFloder/mysource/ROS/ROS2_WS/6.ws_simulations/install/Stage' for CMake module files
[6.557s] DEBUG:colcon.colcon_core.event_handler.log_command:Invoked command in '/home/tungchiahui/UserFloder/mysource/ROS/ROS2_WS/6.ws_simulations/build/Stage' returned '0': /usr/bin/cmake --install /home/tungchiahui/UserFloder/mysource/ROS/ROS2_WS/6.ws_simulations/build/Stage
[6.557s] Level 1:colcon.colcon_core.environment:checking '/home/tungchiahui/UserFloder/mysource/ROS/ROS2_WS/6.ws_simulations/install/Stage' for CMake config files
[6.557s] Level 1:colcon.colcon_core.shell:create_environment_hook('Stage', 'cmake_prefix_path')
[6.557s] INFO:colcon.colcon_core.shell:Creating environment hook '/home/tungchiahui/UserFloder/mysource/ROS/ROS2_WS/6.ws_simulations/install/Stage/share/Stage/hook/cmake_prefix_path.ps1'
[6.558s] INFO:colcon.colcon_core.shell:Creating environment descriptor '/home/tungchiahui/UserFloder/mysource/ROS/ROS2_WS/6.ws_simulations/install/Stage/share/Stage/hook/cmake_prefix_path.dsv'
[6.558s] INFO:colcon.colcon_core.shell:Creating environment hook '/home/tungchiahui/UserFloder/mysource/ROS/ROS2_WS/6.ws_simulations/install/Stage/share/Stage/hook/cmake_prefix_path.sh'
[6.558s] Level 1:colcon.colcon_core.environment:checking '/home/tungchiahui/UserFloder/mysource/ROS/ROS2_WS/6.ws_simulations/install/Stage/lib'
[6.558s] Level 1:colcon.colcon_core.shell:create_environment_hook('Stage', 'ld_library_path_lib')
[6.558s] INFO:colcon.colcon_core.shell:Creating environment hook '/home/tungchiahui/UserFloder/mysource/ROS/ROS2_WS/6.ws_simulations/install/Stage/share/Stage/hook/ld_library_path_lib.ps1'
[6.559s] INFO:colcon.colcon_core.shell:Creating environment descriptor '/home/tungchiahui/UserFloder/mysource/ROS/ROS2_WS/6.ws_simulations/install/Stage/share/Stage/hook/ld_library_path_lib.dsv'
[6.559s] INFO:colcon.colcon_core.shell:Creating environment hook '/home/tungchiahui/UserFloder/mysource/ROS/ROS2_WS/6.ws_simulations/install/Stage/share/Stage/hook/ld_library_path_lib.sh'
[6.559s] Level 1:colcon.colcon_core.environment:checking '/home/tungchiahui/UserFloder/mysource/ROS/ROS2_WS/6.ws_simulations/install/Stage/bin'
[6.559s] Level 1:colcon.colcon_core.shell:create_environment_hook('Stage', 'path')
[6.559s] INFO:colcon.colcon_core.shell:Creating environment hook '/home/tungchiahui/UserFloder/mysource/ROS/ROS2_WS/6.ws_simulations/install/Stage/share/Stage/hook/path.ps1'
[6.560s] INFO:colcon.colcon_core.shell:Creating environment descriptor '/home/tungchiahui/UserFloder/mysource/ROS/ROS2_WS/6.ws_simulations/install/Stage/share/Stage/hook/path.dsv'
[6.560s] INFO:colcon.colcon_core.shell:Creating environment hook '/home/tungchiahui/UserFloder/mysource/ROS/ROS2_WS/6.ws_simulations/install/Stage/share/Stage/hook/path.sh'
[6.560s] Level 1:colcon.colcon_core.environment:checking '/home/tungchiahui/UserFloder/mysource/ROS/ROS2_WS/6.ws_simulations/install/Stage/lib/pkgconfig/Stage.pc'
[6.560s] Level 1:colcon.colcon_core.environment:checking '/home/tungchiahui/UserFloder/mysource/ROS/ROS2_WS/6.ws_simulations/install/Stage/lib/python3.10/site-packages'
[6.560s] Level 1:colcon.colcon_core.environment:checking '/home/tungchiahui/UserFloder/mysource/ROS/ROS2_WS/6.ws_simulations/install/Stage/bin'
[6.560s] Level 1:colcon.colcon_core.shell:create_environment_hook('Stage', 'pythonscriptspath')
[6.561s] INFO:colcon.colcon_core.shell:Creating environment hook '/home/tungchiahui/UserFloder/mysource/ROS/ROS2_WS/6.ws_simulations/install/Stage/share/Stage/hook/pythonscriptspath.ps1'
[6.561s] INFO:colcon.colcon_core.shell:Creating environment descriptor '/home/tungchiahui/UserFloder/mysource/ROS/ROS2_WS/6.ws_simulations/install/Stage/share/Stage/hook/pythonscriptspath.dsv'
[6.561s] INFO:colcon.colcon_core.shell:Creating environment hook '/home/tungchiahui/UserFloder/mysource/ROS/ROS2_WS/6.ws_simulations/install/Stage/share/Stage/hook/pythonscriptspath.sh'
[6.562s] INFO:colcon.colcon_core.shell:Creating package script '/home/tungchiahui/UserFloder/mysource/ROS/ROS2_WS/6.ws_simulations/install/Stage/share/Stage/package.ps1'
[6.562s] INFO:colcon.colcon_core.shell:Creating package descriptor '/home/tungchiahui/UserFloder/mysource/ROS/ROS2_WS/6.ws_simulations/install/Stage/share/Stage/package.dsv'
[6.562s] INFO:colcon.colcon_core.shell:Creating package script '/home/tungchiahui/UserFloder/mysource/ROS/ROS2_WS/6.ws_simulations/install/Stage/share/Stage/package.sh'
[6.563s] INFO:colcon.colcon_core.shell:Creating package script '/home/tungchiahui/UserFloder/mysource/ROS/ROS2_WS/6.ws_simulations/install/Stage/share/Stage/package.bash'
[6.563s] INFO:colcon.colcon_core.shell:Creating package script '/home/tungchiahui/UserFloder/mysource/ROS/ROS2_WS/6.ws_simulations/install/Stage/share/Stage/package.zsh'
[6.563s] Level 1:colcon.colcon_core.environment:create_file_with_runtime_dependencies(/home/tungchiahui/UserFloder/mysource/ROS/ROS2_WS/6.ws_simulations/install/Stage/share/colcon-core/packages/Stage)
[6.563s] DEBUG:colcon.colcon_parallel_executor.executor.parallel:closing loop
[6.564s] DEBUG:colcon.colcon_parallel_executor.executor.parallel:loop closed
[6.564s] DEBUG:colcon.colcon_parallel_executor.executor.parallel:run_until_complete finished with '0'
[6.564s] DEBUG:colcon.colcon_core.event_reactor:joining thread
[6.568s] INFO:colcon.colcon_core.plugin_system:Skipping extension 'colcon_notification.desktop_notification.notify_send': Could not find 'notify-send'
[6.568s] INFO:colcon.colcon_core.plugin_system:Skipping extension 'colcon_notification.desktop_notification.terminal_notifier': Not used on non-Darwin systems
[6.568s] INFO:colcon.colcon_core.plugin_system:Skipping extension 'colcon_notification.desktop_notification.win32': Not used on non-Windows systems
[6.568s] INFO:colcon.colcon_notification.desktop_notification:Sending desktop notification using 'notify2'
[6.570s] DEBUG:colcon.colcon_notification.desktop_notification.notify2:Failed to initialize notify2: org.freedesktop.DBus.Error.Spawn.ExecFailed: /usr/bin/dbus-launch terminated abnormally without any error message
[6.570s] DEBUG:colcon.colcon_core.event_reactor:joined thread
[6.570s] INFO:colcon.colcon_core.shell:Creating prefix script '/home/tungchiahui/UserFloder/mysource/ROS/ROS2_WS/6.ws_simulations/install/local_setup.ps1'
[6.571s] INFO:colcon.colcon_core.shell:Creating prefix util module '/home/tungchiahui/UserFloder/mysource/ROS/ROS2_WS/6.ws_simulations/install/_local_setup_util_ps1.py'
[6.572s] INFO:colcon.colcon_core.shell:Creating prefix chain script '/home/tungchiahui/UserFloder/mysource/ROS/ROS2_WS/6.ws_simulations/install/setup.ps1'
[6.573s] INFO:colcon.colcon_core.shell:Creating prefix script '/home/tungchiahui/UserFloder/mysource/ROS/ROS2_WS/6.ws_simulations/install/local_setup.sh'
[6.574s] INFO:colcon.colcon_core.shell:Creating prefix util module '/home/tungchiahui/UserFloder/mysource/ROS/ROS2_WS/6.ws_simulations/install/_local_setup_util_sh.py'
[6.574s] INFO:colcon.colcon_core.shell:Creating prefix chain script '/home/tungchiahui/UserFloder/mysource/ROS/ROS2_WS/6.ws_simulations/install/setup.sh'
[6.575s] INFO:colcon.colcon_core.shell:Creating prefix script '/home/tungchiahui/UserFloder/mysource/ROS/ROS2_WS/6.ws_simulations/install/local_setup.bash'
[6.575s] INFO:colcon.colcon_core.shell:Creating prefix chain script '/home/tungchiahui/UserFloder/mysource/ROS/ROS2_WS/6.ws_simulations/install/setup.bash'
[6.576s] INFO:colcon.colcon_core.shell:Creating prefix script '/home/tungchiahui/UserFloder/mysource/ROS/ROS2_WS/6.ws_simulations/install/local_setup.zsh'
[6.576s] INFO:colcon.colcon_core.shell:Creating prefix chain script '/home/tungchiahui/UserFloder/mysource/ROS/ROS2_WS/6.ws_simulations/install/setup.zsh'
