[0.014s] Invoking command in '/home/tungchiahui/mysource/ros2src/3.ws01_plumbing/build/cpp03_action': AMENT_PREFIX_PATH=/home/tungchiahui/mysource/ros2src/3.ws01_plumbing/install/base_interfaces_demo:${AMENT_PREFIX_PATH} CMAKE_PREFIX_PATH=/home/tungchiahui/mysource/ros2src/3.ws01_plumbing/install/base_interfaces_demo:/opt/ros/humble LD_LIBRARY_PATH=/home/tungchiahui/mysource/ros2src/3.ws01_plumbing/install/base_interfaces_demo/lib:${LD_LIBRARY_PATH} PYTHONPATH=/home/tungchiahui/mysource/ros2src/3.ws01_plumbing/install/base_interfaces_demo/local/lib/python3.10/dist-packages:${PYTHONPATH} /usr/bin/cmake --build /home/tungchiahui/mysource/ros2src/3.ws01_plumbing/build/cpp03_action -- -j16 -l16
[0.076s] [35m[1mConsolidate compiler generated dependencies of target demo01_action_server[0m
[0.077s] [35m[1mConsolidate compiler generated dependencies of target demo02_action_client[0m
[0.086s] [ 25%] [32mBuilding CXX object CMakeFiles/demo01_action_server.dir/src/demo01_action_server.cpp.o[0m
[0.086s] [ 75%] Built target demo02_action_client
[1.693s] [01m[K/home/tungchiahui/mysource/ros2src/3.ws01_plumbing/src/cpp03_action/src/demo01_action_server.cpp:[m[K In member function ‘[01m[Krclcpp_action::CancelResponse ProgressActionServer::handle_cancel_callback(std::shared_ptr<rclcpp_action::ServerGoalHandle<base_interfaces_demo::action::Progress> >)[m[K’:
[1.693s] [01m[K/home/tungchiahui/mysource/ros2src/3.ws01_plumbing/src/cpp03_action/src/demo01_action_server.cpp:43:117:[m[K [01;35m[Kwarning: [m[Kunused parameter ‘[01m[Kgoal_handle[m[K’ [[01;35m[K]8;;https://gcc.gnu.org/onlinedocs/gcc/Warning-Options.html#index-Wunused-parameter-Wunused-parameter]8;;[m[K]
[1.693s]    43 |     rclcpp_action::CancelResponse handle_cancel_callback([01;35m[Kstd::shared_ptr<rclcpp_action::ServerGoalHandle<Progress>> goal_handle[m[K)
[1.693s]       |                                                          [01;35m[K~~~~~~~~~~~~~~~~~~~~~~~~~~~~~~~~~~~~~~~~~~~~~~~~~~~~~~~~~~~^~~~~~~~~~~[m[K
[1.693s] [01m[K/home/tungchiahui/mysource/ros2src/3.ws01_plumbing/src/cpp03_action/src/demo01_action_server.cpp:[m[K In member function ‘[01m[Kvoid ProgressActionServer::handle_accepted_callback(std::shared_ptr<rclcpp_action::ServerGoalHandle<base_interfaces_demo::action::Progress> >)[m[K’:
[1.693s] [01m[K/home/tungchiahui/mysource/ros2src/3.ws01_plumbing/src/cpp03_action/src/demo01_action_server.cpp:50:94:[m[K [01;35m[Kwarning: [m[Kunused parameter ‘[01m[Kgoal_handle[m[K’ [[01;35m[K]8;;https://gcc.gnu.org/onlinedocs/gcc/Warning-Options.html#index-Wunused-parameter-Wunused-parameter]8;;[m[K]
[1.693s]    50 |     void handle_accepted_callback([01;35m[Kstd::shared_ptr<rclcpp_action::ServerGoalHandle<Progress>> goal_handle[m[K)
[1.693s]       |                                   [01;35m[K~~~~~~~~~~~~~~~~~~~~~~~~~~~~~~~~~~~~~~~~~~~~~~~~~~~~~~~~~~~^~~~~~~~~~~[m[K
[2.495s] [100%] [32m[1mLinking CXX executable demo01_action_server[0m
[2.637s] [100%] Built target demo01_action_server
[2.645s] Invoked command in '/home/tungchiahui/mysource/ros2src/3.ws01_plumbing/build/cpp03_action' returned '0': AMENT_PREFIX_PATH=/home/tungchiahui/mysource/ros2src/3.ws01_plumbing/install/base_interfaces_demo:${AMENT_PREFIX_PATH} CMAKE_PREFIX_PATH=/home/tungchiahui/mysource/ros2src/3.ws01_plumbing/install/base_interfaces_demo:/opt/ros/humble LD_LIBRARY_PATH=/home/tungchiahui/mysource/ros2src/3.ws01_plumbing/install/base_interfaces_demo/lib:${LD_LIBRARY_PATH} PYTHONPATH=/home/tungchiahui/mysource/ros2src/3.ws01_plumbing/install/base_interfaces_demo/local/lib/python3.10/dist-packages:${PYTHONPATH} /usr/bin/cmake --build /home/tungchiahui/mysource/ros2src/3.ws01_plumbing/build/cpp03_action -- -j16 -l16
[2.666s] Invoking command in '/home/tungchiahui/mysource/ros2src/3.ws01_plumbing/build/cpp03_action': AMENT_PREFIX_PATH=/home/tungchiahui/mysource/ros2src/3.ws01_plumbing/install/base_interfaces_demo:${AMENT_PREFIX_PATH} CMAKE_PREFIX_PATH=/home/tungchiahui/mysource/ros2src/3.ws01_plumbing/install/base_interfaces_demo:/opt/ros/humble LD_LIBRARY_PATH=/home/tungchiahui/mysource/ros2src/3.ws01_plumbing/install/base_interfaces_demo/lib:${LD_LIBRARY_PATH} PYTHONPATH=/home/tungchiahui/mysource/ros2src/3.ws01_plumbing/install/base_interfaces_demo/local/lib/python3.10/dist-packages:${PYTHONPATH} /usr/bin/cmake --install /home/tungchiahui/mysource/ros2src/3.ws01_plumbing/build/cpp03_action
[2.671s] -- Install configuration: ""
[2.672s] -- Installing: /home/tungchiahui/mysource/ros2src/3.ws01_plumbing/install/cpp03_action/lib/cpp03_action/demo01_action_server
[2.673s] -- Set runtime path of "/home/tungchiahui/mysource/ros2src/3.ws01_plumbing/install/cpp03_action/lib/cpp03_action/demo01_action_server" to ""
[2.674s] -- Up-to-date: /home/tungchiahui/mysource/ros2src/3.ws01_plumbing/install/cpp03_action/lib/cpp03_action/demo02_action_client
[2.674s] -- Up-to-date: /home/tungchiahui/mysource/ros2src/3.ws01_plumbing/install/cpp03_action/share/ament_index/resource_index/package_run_dependencies/cpp03_action
[2.674s] -- Up-to-date: /home/tungchiahui/mysource/ros2src/3.ws01_plumbing/install/cpp03_action/share/ament_index/resource_index/parent_prefix_path/cpp03_action
[2.674s] -- Up-to-date: /home/tungchiahui/mysource/ros2src/3.ws01_plumbing/install/cpp03_action/share/cpp03_action/environment/ament_prefix_path.sh
[2.674s] -- Up-to-date: /home/tungchiahui/mysource/ros2src/3.ws01_plumbing/install/cpp03_action/share/cpp03_action/environment/ament_prefix_path.dsv
[2.674s] -- Up-to-date: /home/tungchiahui/mysource/ros2src/3.ws01_plumbing/install/cpp03_action/share/cpp03_action/environment/path.sh
[2.674s] -- Up-to-date: /home/tungchiahui/mysource/ros2src/3.ws01_plumbing/install/cpp03_action/share/cpp03_action/environment/path.dsv
[2.674s] -- Up-to-date: /home/tungchiahui/mysource/ros2src/3.ws01_plumbing/install/cpp03_action/share/cpp03_action/local_setup.bash
[2.674s] -- Up-to-date: /home/tungchiahui/mysource/ros2src/3.ws01_plumbing/install/cpp03_action/share/cpp03_action/local_setup.sh
[2.674s] -- Up-to-date: /home/tungchiahui/mysource/ros2src/3.ws01_plumbing/install/cpp03_action/share/cpp03_action/local_setup.zsh
[2.674s] -- Up-to-date: /home/tungchiahui/mysource/ros2src/3.ws01_plumbing/install/cpp03_action/share/cpp03_action/local_setup.dsv
[2.674s] -- Installing: /home/tungchiahui/mysource/ros2src/3.ws01_plumbing/install/cpp03_action/share/cpp03_action/package.dsv
[2.674s] -- Up-to-date: /home/tungchiahui/mysource/ros2src/3.ws01_plumbing/install/cpp03_action/share/ament_index/resource_index/packages/cpp03_action
[2.674s] -- Up-to-date: /home/tungchiahui/mysource/ros2src/3.ws01_plumbing/install/cpp03_action/share/cpp03_action/cmake/cpp03_actionConfig.cmake
[2.674s] -- Up-to-date: /home/tungchiahui/mysource/ros2src/3.ws01_plumbing/install/cpp03_action/share/cpp03_action/cmake/cpp03_actionConfig-version.cmake
[2.674s] -- Up-to-date: /home/tungchiahui/mysource/ros2src/3.ws01_plumbing/install/cpp03_action/share/cpp03_action/package.xml
[2.676s] Invoked command in '/home/tungchiahui/mysource/ros2src/3.ws01_plumbing/build/cpp03_action' returned '0': AMENT_PREFIX_PATH=/home/tungchiahui/mysource/ros2src/3.ws01_plumbing/install/base_interfaces_demo:${AMENT_PREFIX_PATH} CMAKE_PREFIX_PATH=/home/tungchiahui/mysource/ros2src/3.ws01_plumbing/install/base_interfaces_demo:/opt/ros/humble LD_LIBRARY_PATH=/home/tungchiahui/mysource/ros2src/3.ws01_plumbing/install/base_interfaces_demo/lib:${LD_LIBRARY_PATH} PYTHONPATH=/home/tungchiahui/mysource/ros2src/3.ws01_plumbing/install/base_interfaces_demo/local/lib/python3.10/dist-packages:${PYTHONPATH} /usr/bin/cmake --install /home/tungchiahui/mysource/ros2src/3.ws01_plumbing/build/cpp03_action
