-- The C compiler identification is GNU 11.4.0
-- The CXX compiler identification is GNU 11.4.0
-- Detecting C compiler ABI info
-- Detecting C compiler ABI info - done
-- Check for working C compiler: /usr/bin/cc - skipped
-- Detecting C compile features
-- Detecting C compile features - done
-- Detecting CXX compiler ABI info
-- Detecting CXX compiler ABI info - done
-- Check for working CXX compiler: /usr/bin/c++ - skipped
-- Detecting CXX compile features
-- Detecting CXX compile features - done
-- Found ament_cmake: 1.3.6 (/opt/ros/humble/share/ament_cmake/cmake)
-- Found Python3: /usr/bin/python3.10 (found version "3.10.12") found components: Interpreter 
-- Found rclcpp: 16.0.7 (/opt/ros/humble/share/rclcpp/cmake)
-- Found rosidl_generator_c: 3.1.5 (/opt/ros/humble/share/rosidl_generator_c/cmake)
-- Found rosidl_adapter: 3.1.5 (/opt/ros/humble/share/rosidl_adapter/cmake)
-- Found rosidl_generator_cpp: 3.1.5 (/opt/ros/humble/share/rosidl_generator_cpp/cmake)
-- Using all available rosidl_typesupport_c: rosidl_typesupport_fastrtps_c;rosidl_typesupport_introspection_c
-- Using all available rosidl_typesupport_cpp: rosidl_typesupport_fastrtps_cpp;rosidl_typesupport_introspection_cpp
-- Found rmw_implementation_cmake: 6.1.1 (/opt/ros/humble/share/rmw_implementation_cmake/cmake)
-- Found rmw_fastrtps_cpp: 6.2.5 (/opt/ros/humble/share/rmw_fastrtps_cpp/cmake)
-- Found OpenSSL: /usr/lib/x86_64-linux-gnu/libcrypto.so (found version "3.0.2")  
-- Found FastRTPS: /opt/ros/humble/include  
-- Using RMW implementation 'rmw_fastrtps_cpp' as default
-- Looking for pthread.h
-- Looking for pthread.h - found
-- Performing Test CMAKE_HAVE_LIBC_PTHREAD
-- Performing Test CMAKE_HAVE_LIBC_PTHREAD - Success
-- Found Threads: TRUE  
-- Found OpenCV: /usr/local (found version "4.8.1") 
-- Found sensor_msgs: 4.2.3 (/opt/ros/humble/share/sensor_msgs/cmake)
-- Found cv_bridge: 3.2.1 (/opt/ros/humble/share/cv_bridge/cmake)
-- Found image_transport: 3.1.7 (/opt/ros/humble/share/image_transport/cmake)
-- Found ament_lint_auto: 0.12.9 (/opt/ros/humble/share/ament_lint_auto/cmake)
-- Added test 'cppcheck' to perform static code analysis on C / C++ code
-- Configured cppcheck include dirs: $<BUILD_INTERFACE:/home/tungchiahui/mysource/ros2src/5.opencv_demo_ws/src/opencv_demo3_save_media_file/include>
-- Configured cppcheck exclude dirs and/or files: 
-- Added test 'lint_cmake' to check CMake code style
-- Added test 'uncrustify' to check C / C++ code style
-- Configured uncrustify additional arguments: 
-- Added test 'xmllint' to check XML markup files
-- Configuring done
-- Generating done
-- Build files have been written to: /home/tungchiahui/mysource/ros2src/5.opencv_demo_ws/build/opencv_demo3_save_media_file
[ 50%] [32mBuilding CXX object CMakeFiles/opencv_save_image_node.dir/src/opencv_save_image_node.cpp.o[0m
[01m[K/home/tungchiahui/mysource/ros2src/5.opencv_demo_ws/src/opencv_demo3_save_media_file/src/opencv_save_image_node.cpp:[m[K In member function ‘[01m[Kvoid OpenCV_Node::AlphaMat(cv::Mat*)[m[K’:
[01m[K/home/tungchiahui/mysource/ros2src/5.opencv_demo_ws/src/opencv_demo3_save_media_file/src/opencv_save_image_node.cpp:53:17:[m[K [01;35m[Kwarning: [m[Kvariable ‘[01m[Kbgra[m[K’ set but not used [[01;35m[K]8;;https://gcc.gnu.org/onlinedocs/gcc/Warning-Options.html#index-Wunused-but-set-variable-Wunused-but-set-variable]8;;[m[K]
   53 |       cv::Vec4b [01;35m[Kbgra[m[K = mat->at<cv::Vec4b>(i,j);
      |                 [01;35m[K^~~~[m[K
[100%] [32m[1mLinking CXX executable opencv_save_image_node[0m
[100%] Built target opencv_save_image_node
-- Install configuration: ""
-- Installing: /home/tungchiahui/mysource/ros2src/5.opencv_demo_ws/install/opencv_demo3_save_media_file/lib/opencv_demo3_save_media_file/opencv_save_image_node
-- Set runtime path of "/home/tungchiahui/mysource/ros2src/5.opencv_demo_ws/install/opencv_demo3_save_media_file/lib/opencv_demo3_save_media_file/opencv_save_image_node" to ""
-- Installing: /home/tungchiahui/mysource/ros2src/5.opencv_demo_ws/install/opencv_demo3_save_media_file/share/ament_index/resource_index/package_run_dependencies/opencv_demo3_save_media_file
-- Installing: /home/tungchiahui/mysource/ros2src/5.opencv_demo_ws/install/opencv_demo3_save_media_file/share/ament_index/resource_index/parent_prefix_path/opencv_demo3_save_media_file
-- Installing: /home/tungchiahui/mysource/ros2src/5.opencv_demo_ws/install/opencv_demo3_save_media_file/share/opencv_demo3_save_media_file/environment/ament_prefix_path.sh
-- Installing: /home/tungchiahui/mysource/ros2src/5.opencv_demo_ws/install/opencv_demo3_save_media_file/share/opencv_demo3_save_media_file/environment/ament_prefix_path.dsv
-- Installing: /home/tungchiahui/mysource/ros2src/5.opencv_demo_ws/install/opencv_demo3_save_media_file/share/opencv_demo3_save_media_file/environment/path.sh
-- Installing: /home/tungchiahui/mysource/ros2src/5.opencv_demo_ws/install/opencv_demo3_save_media_file/share/opencv_demo3_save_media_file/environment/path.dsv
-- Installing: /home/tungchiahui/mysource/ros2src/5.opencv_demo_ws/install/opencv_demo3_save_media_file/share/opencv_demo3_save_media_file/local_setup.bash
-- Installing: /home/tungchiahui/mysource/ros2src/5.opencv_demo_ws/install/opencv_demo3_save_media_file/share/opencv_demo3_save_media_file/local_setup.sh
-- Installing: /home/tungchiahui/mysource/ros2src/5.opencv_demo_ws/install/opencv_demo3_save_media_file/share/opencv_demo3_save_media_file/local_setup.zsh
-- Installing: /home/tungchiahui/mysource/ros2src/5.opencv_demo_ws/install/opencv_demo3_save_media_file/share/opencv_demo3_save_media_file/local_setup.dsv
-- Installing: /home/tungchiahui/mysource/ros2src/5.opencv_demo_ws/install/opencv_demo3_save_media_file/share/opencv_demo3_save_media_file/package.dsv
-- Installing: /home/tungchiahui/mysource/ros2src/5.opencv_demo_ws/install/opencv_demo3_save_media_file/share/ament_index/resource_index/packages/opencv_demo3_save_media_file
-- Installing: /home/tungchiahui/mysource/ros2src/5.opencv_demo_ws/install/opencv_demo3_save_media_file/share/opencv_demo3_save_media_file/cmake/opencv_demo3_save_media_fileConfig.cmake
-- Installing: /home/tungchiahui/mysource/ros2src/5.opencv_demo_ws/install/opencv_demo3_save_media_file/share/opencv_demo3_save_media_file/cmake/opencv_demo3_save_media_fileConfig-version.cmake
-- Installing: /home/tungchiahui/mysource/ros2src/5.opencv_demo_ws/install/opencv_demo3_save_media_file/share/opencv_demo3_save_media_file/package.xml
