[0.552s] Invoking command in '/home/tungchiahui/mysource/ros2src/1.demo_ws/src/pkg04_hellovscode_py': PYTHONPATH=/home/tungchiahui/mysource/ros2src/1.demo_ws/build/pkg04_hellovscode_py/prefix_override:/home/tungchiahui/mysource/ros2src/1.demo_ws/install/pkg04_hellovscode_py/lib/python3.10/site-packages:${PYTHONPATH} /usr/bin/python3 setup.py egg_info --egg-base ../../build/pkg04_hellovscode_py build --build-base /home/tungchiahui/mysource/ros2src/1.demo_ws/build/pkg04_hellovscode_py/build install --record /home/tungchiahui/mysource/ros2src/1.demo_ws/build/pkg04_hellovscode_py/install.log --single-version-externally-managed
[0.687s] running egg_info
[0.687s] writing ../../build/pkg04_hellovscode_py/pkg04_hellovscode_py.egg-info/PKG-INFO
[0.687s] writing dependency_links to ../../build/pkg04_hellovscode_py/pkg04_hellovscode_py.egg-info/dependency_links.txt
[0.687s] writing entry points to ../../build/pkg04_hellovscode_py/pkg04_hellovscode_py.egg-info/entry_points.txt
[0.687s] writing requirements to ../../build/pkg04_hellovscode_py/pkg04_hellovscode_py.egg-info/requires.txt
[0.687s] writing top-level names to ../../build/pkg04_hellovscode_py/pkg04_hellovscode_py.egg-info/top_level.txt
[0.689s] reading manifest file '../../build/pkg04_hellovscode_py/pkg04_hellovscode_py.egg-info/SOURCES.txt'
[0.689s] writing manifest file '../../build/pkg04_hellovscode_py/pkg04_hellovscode_py.egg-info/SOURCES.txt'
[0.690s] running build
[0.690s] running build_py
[0.690s] copying pkg04_hellovscode_py/hellovscode.py -> /home/tungchiahui/mysource/ros2src/1.demo_ws/build/pkg04_hellovscode_py/build/lib/pkg04_hellovscode_py
[0.690s] running install
[0.690s] /usr/lib/python3/dist-packages/setuptools/command/install.py:34: SetuptoolsDeprecationWarning: setup.py install is deprecated. Use build and pip and other standards-based tools.
[0.690s]   warnings.warn(
[0.690s] running install_lib
[0.690s] copying /home/tungchiahui/mysource/ros2src/1.demo_ws/build/pkg04_hellovscode_py/build/lib/pkg04_hellovscode_py/hellovscode.py -> /home/tungchiahui/mysource/ros2src/1.demo_ws/install/pkg04_hellovscode_py/lib/python3.10/site-packages/pkg04_hellovscode_py
[0.691s] byte-compiling /home/tungchiahui/mysource/ros2src/1.demo_ws/install/pkg04_hellovscode_py/lib/python3.10/site-packages/pkg04_hellovscode_py/hellovscode.py to hellovscode.cpython-310.pyc
[0.691s] running install_data
[0.691s] running install_egg_info
[0.693s] removing '/home/tungchiahui/mysource/ros2src/1.demo_ws/install/pkg04_hellovscode_py/lib/python3.10/site-packages/pkg04_hellovscode_py-0.0.0-py3.10.egg-info' (and everything under it)
[0.693s] Copying ../../build/pkg04_hellovscode_py/pkg04_hellovscode_py.egg-info to /home/tungchiahui/mysource/ros2src/1.demo_ws/install/pkg04_hellovscode_py/lib/python3.10/site-packages/pkg04_hellovscode_py-0.0.0-py3.10.egg-info
[0.693s] running install_scripts
[0.709s] Installing hellovscode script to /home/tungchiahui/mysource/ros2src/1.demo_ws/install/pkg04_hellovscode_py/lib/pkg04_hellovscode_py
[0.709s] writing list of installed files to '/home/tungchiahui/mysource/ros2src/1.demo_ws/build/pkg04_hellovscode_py/install.log'
[0.731s] Invoked command in '/home/tungchiahui/mysource/ros2src/1.demo_ws/src/pkg04_hellovscode_py' returned '0': PYTHONPATH=/home/tungchiahui/mysource/ros2src/1.demo_ws/build/pkg04_hellovscode_py/prefix_override:/home/tungchiahui/mysource/ros2src/1.demo_ws/install/pkg04_hellovscode_py/lib/python3.10/site-packages:${PYTHONPATH} /usr/bin/python3 setup.py egg_info --egg-base ../../build/pkg04_hellovscode_py build --build-base /home/tungchiahui/mysource/ros2src/1.demo_ws/build/pkg04_hellovscode_py/build install --record /home/tungchiahui/mysource/ros2src/1.demo_ws/build/pkg04_hellovscode_py/install.log --single-version-externally-managed
