[0.007s] Invoking command in '/home/tungchiahui/UserFloder/mysource/ROS2_WS/6.ws_simulations/build/demo_gazebo_sim': CMAKE_PREFIX_PATH=${CMAKE_PREFIX_PATH}:/opt/ros/jazzy /usr/bin/cmake /home/tungchiahui/UserFloder/mysource/ROS2_WS/6.ws_simulations/src/demo_gazebo_sim -DCMAKE_INSTALL_PREFIX=/home/tungchiahui/UserFloder/mysource/ROS2_WS/6.ws_simulations/install/demo_gazebo_sim
[0.021s] -- Found ament_cmake: 2.5.3 (/opt/ros/jazzy/share/ament_cmake/cmake)
[0.125s] -- Found Python3: /usr/bin/python3 (found version "3.12.3") found components: Interpreter 
[0.214s] -- Found ament_lint_auto: 0.17.1 (/opt/ros/jazzy/share/ament_lint_auto/cmake)
[0.291s] -- Added test 'flake8' to check Python code syntax and style conventions
[0.291s] -- Configured 'flake8' exclude dirs and/or files: 
[0.292s] -- Added test 'lint_cmake' to check CMake code style
[0.292s] -- Added test 'pep257' to check Python code against some of the docstring style conventions in PEP 257
[0.293s] -- Added test 'xmllint' to check XML markup files
[0.294s] -- Configuring done (0.3s)
[0.297s] -- Generating done (0.0s)
[0.298s] -- Build files have been written to: /home/tungchiahui/UserFloder/mysource/ROS2_WS/6.ws_simulations/build/demo_gazebo_sim
[0.300s] Invoked command in '/home/tungchiahui/UserFloder/mysource/ROS2_WS/6.ws_simulations/build/demo_gazebo_sim' returned '0': CMAKE_PREFIX_PATH=${CMAKE_PREFIX_PATH}:/opt/ros/jazzy /usr/bin/cmake /home/tungchiahui/UserFloder/mysource/ROS2_WS/6.ws_simulations/src/demo_gazebo_sim -DCMAKE_INSTALL_PREFIX=/home/tungchiahui/UserFloder/mysource/ROS2_WS/6.ws_simulations/install/demo_gazebo_sim
[0.301s] Invoking command in '/home/tungchiahui/UserFloder/mysource/ROS2_WS/6.ws_simulations/build/demo_gazebo_sim': CMAKE_PREFIX_PATH=${CMAKE_PREFIX_PATH}:/opt/ros/jazzy /usr/bin/cmake --build /home/tungchiahui/UserFloder/mysource/ROS2_WS/6.ws_simulations/build/demo_gazebo_sim -- -j16 -l16
[0.330s] Invoked command in '/home/tungchiahui/UserFloder/mysource/ROS2_WS/6.ws_simulations/build/demo_gazebo_sim' returned '0': CMAKE_PREFIX_PATH=${CMAKE_PREFIX_PATH}:/opt/ros/jazzy /usr/bin/cmake --build /home/tungchiahui/UserFloder/mysource/ROS2_WS/6.ws_simulations/build/demo_gazebo_sim -- -j16 -l16
[0.336s] Invoking command in '/home/tungchiahui/UserFloder/mysource/ROS2_WS/6.ws_simulations/build/demo_gazebo_sim': CMAKE_PREFIX_PATH=${CMAKE_PREFIX_PATH}:/opt/ros/jazzy /usr/bin/cmake --install /home/tungchiahui/UserFloder/mysource/ROS2_WS/6.ws_simulations/build/demo_gazebo_sim
[0.342s] -- Install configuration: ""
[0.342s] [31mCMake Error at cmake_install.cmake:46 (file):
[0.342s]   file INSTALL cannot find
[0.342s]   "/home/tungchiahui/UserFloder/mysource/ROS2_WS/6.ws_simulations/src/demo_gazebo_sim/rviz":
[0.342s]   No such file or directory.
[0.342s] 
[0.342s] [0m
[0.342s] Invoked command in '/home/tungchiahui/UserFloder/mysource/ROS2_WS/6.ws_simulations/build/demo_gazebo_sim' returned '1': CMAKE_PREFIX_PATH=${CMAKE_PREFIX_PATH}:/opt/ros/jazzy /usr/bin/cmake --install /home/tungchiahui/UserFloder/mysource/ROS2_WS/6.ws_simulations/build/demo_gazebo_sim
