[0.042s] Invoking command in '/home/tungchiahui/mysource/ros2src/4.ws02_tools/build/cpp01_launch': CMAKE_PREFIX_PATH=/opt/ros/humble /usr/bin/cmake /home/tungchiahui/mysource/ros2src/4.ws02_tools/src/cpp01_launch -DCMAKE_INSTALL_PREFIX=/home/tungchiahui/mysource/ros2src/4.ws02_tools/install/cpp01_launch
[0.126s] -- The C compiler identification is GNU 11.4.0
[0.192s] -- The CXX compiler identification is GNU 11.4.0
[0.199s] -- Detecting C compiler ABI info
[0.246s] -- Detecting C compiler ABI info - done
[0.251s] -- Check for working C compiler: /usr/bin/cc - skipped
[0.251s] -- Detecting C compile features
[0.252s] -- Detecting C compile features - done
[0.254s] -- Detecting CXX compiler ABI info
[0.301s] -- Detecting CXX compiler ABI info - done
[0.307s] -- Check for working CXX compiler: /usr/bin/c++ - skipped
[0.307s] -- Detecting CXX compile features
[0.307s] -- Detecting CXX compile features - done
[0.311s] -- Found ament_cmake: 1.3.5 (/opt/ros/humble/share/ament_cmake/cmake)
[0.417s] -- Found Python3: /usr/bin/python3.10 (found version "3.10.12") found components: Interpreter 
[0.484s] -- Found rclcpp: 16.0.5 (/opt/ros/humble/share/rclcpp/cmake)
[0.523s] -- Found rosidl_generator_c: 3.1.5 (/opt/ros/humble/share/rosidl_generator_c/cmake)
[0.527s] -- Found rosidl_adapter: 3.1.5 (/opt/ros/humble/share/rosidl_adapter/cmake)
[0.534s] -- Found rosidl_generator_cpp: 3.1.5 (/opt/ros/humble/share/rosidl_generator_cpp/cmake)
[0.548s] -- Using all available rosidl_typesupport_c: rosidl_typesupport_fastrtps_c;rosidl_typesupport_introspection_c
[0.566s] -- Using all available rosidl_typesupport_cpp: rosidl_typesupport_fastrtps_cpp;rosidl_typesupport_introspection_cpp
[0.624s] -- Found rmw_implementation_cmake: 6.1.1 (/opt/ros/humble/share/rmw_implementation_cmake/cmake)
[0.627s] -- Found rmw_fastrtps_cpp: 6.2.3 (/opt/ros/humble/share/rmw_fastrtps_cpp/cmake)
[0.695s] -- Found OpenSSL: /usr/lib/x86_64-linux-gnu/libcrypto.so (found version "3.0.2")  
[0.713s] -- Found FastRTPS: /opt/ros/humble/include  
[0.743s] -- Using RMW implementation 'rmw_fastrtps_cpp' as default
[0.751s] -- Looking for pthread.h
[0.793s] -- Looking for pthread.h - found
[0.793s] -- Performing Test CMAKE_HAVE_LIBC_PTHREAD
[0.836s] -- Performing Test CMAKE_HAVE_LIBC_PTHREAD - Success
[0.837s] -- Found Threads: TRUE  
[0.952s] -- Found ament_lint_auto: 0.12.7 (/opt/ros/humble/share/ament_lint_auto/cmake)
[1.005s] -- Added test 'lint_cmake' to check CMake code style
[1.006s] -- Added test 'xmllint' to check XML markup files
[1.007s] -- Configuring done
[1.010s] -- Generating done
[1.011s] -- Build files have been written to: /home/tungchiahui/mysource/ros2src/4.ws02_tools/build/cpp01_launch
[1.017s] Invoked command in '/home/tungchiahui/mysource/ros2src/4.ws02_tools/build/cpp01_launch' returned '0': CMAKE_PREFIX_PATH=/opt/ros/humble /usr/bin/cmake /home/tungchiahui/mysource/ros2src/4.ws02_tools/src/cpp01_launch -DCMAKE_INSTALL_PREFIX=/home/tungchiahui/mysource/ros2src/4.ws02_tools/install/cpp01_launch
[1.018s] Invoking command in '/home/tungchiahui/mysource/ros2src/4.ws02_tools/build/cpp01_launch': CMAKE_PREFIX_PATH=/opt/ros/humble /usr/bin/cmake --build /home/tungchiahui/mysource/ros2src/4.ws02_tools/build/cpp01_launch -- -j16 -l16
[1.039s] Invoked command in '/home/tungchiahui/mysource/ros2src/4.ws02_tools/build/cpp01_launch' returned '0': CMAKE_PREFIX_PATH=/opt/ros/humble /usr/bin/cmake --build /home/tungchiahui/mysource/ros2src/4.ws02_tools/build/cpp01_launch -- -j16 -l16
[1.055s] Invoking command in '/home/tungchiahui/mysource/ros2src/4.ws02_tools/build/cpp01_launch': CMAKE_PREFIX_PATH=/opt/ros/humble /usr/bin/cmake --install /home/tungchiahui/mysource/ros2src/4.ws02_tools/build/cpp01_launch
[1.059s] -- Install configuration: ""
[1.059s] -- Installing: /home/tungchiahui/mysource/ros2src/4.ws02_tools/install/cpp01_launch/share/cpp01_launch/launch
[1.059s] -- Installing: /home/tungchiahui/mysource/ros2src/4.ws02_tools/install/cpp01_launch/share/cpp01_launch/launch/py
[1.059s] -- Installing: /home/tungchiahui/mysource/ros2src/4.ws02_tools/install/cpp01_launch/share/cpp01_launch/launch/xml
[1.059s] -- Installing: /home/tungchiahui/mysource/ros2src/4.ws02_tools/install/cpp01_launch/share/cpp01_launch/launch/yaml
[1.059s] -- Installing: /home/tungchiahui/mysource/ros2src/4.ws02_tools/install/cpp01_launch/share/ament_index/resource_index/package_run_dependencies/cpp01_launch
[1.059s] -- Installing: /home/tungchiahui/mysource/ros2src/4.ws02_tools/install/cpp01_launch/share/ament_index/resource_index/parent_prefix_path/cpp01_launch
[1.059s] -- Installing: /home/tungchiahui/mysource/ros2src/4.ws02_tools/install/cpp01_launch/share/cpp01_launch/environment/ament_prefix_path.sh
[1.059s] -- Installing: /home/tungchiahui/mysource/ros2src/4.ws02_tools/install/cpp01_launch/share/cpp01_launch/environment/ament_prefix_path.dsv
[1.059s] -- Installing: /home/tungchiahui/mysource/ros2src/4.ws02_tools/install/cpp01_launch/share/cpp01_launch/environment/path.sh
[1.059s] -- Installing: /home/tungchiahui/mysource/ros2src/4.ws02_tools/install/cpp01_launch/share/cpp01_launch/environment/path.dsv
[1.059s] -- Installing: /home/tungchiahui/mysource/ros2src/4.ws02_tools/install/cpp01_launch/share/cpp01_launch/local_setup.bash
[1.059s] -- Installing: /home/tungchiahui/mysource/ros2src/4.ws02_tools/install/cpp01_launch/share/cpp01_launch/local_setup.sh
[1.059s] -- Installing: /home/tungchiahui/mysource/ros2src/4.ws02_tools/install/cpp01_launch/share/cpp01_launch/local_setup.zsh
[1.059s] -- Installing: /home/tungchiahui/mysource/ros2src/4.ws02_tools/install/cpp01_launch/share/cpp01_launch/local_setup.dsv
[1.059s] -- Installing: /home/tungchiahui/mysource/ros2src/4.ws02_tools/install/cpp01_launch/share/cpp01_launch/package.dsv
[1.059s] -- Installing: /home/tungchiahui/mysource/ros2src/4.ws02_tools/install/cpp01_launch/share/ament_index/resource_index/packages/cpp01_launch
[1.059s] -- Installing: /home/tungchiahui/mysource/ros2src/4.ws02_tools/install/cpp01_launch/share/cpp01_launch/cmake/cpp01_launchConfig.cmake
[1.060s] -- Installing: /home/tungchiahui/mysource/ros2src/4.ws02_tools/install/cpp01_launch/share/cpp01_launch/cmake/cpp01_launchConfig-version.cmake
[1.060s] -- Installing: /home/tungchiahui/mysource/ros2src/4.ws02_tools/install/cpp01_launch/share/cpp01_launch/package.xml
[1.061s] Invoked command in '/home/tungchiahui/mysource/ros2src/4.ws02_tools/build/cpp01_launch' returned '0': CMAKE_PREFIX_PATH=/opt/ros/humble /usr/bin/cmake --install /home/tungchiahui/mysource/ros2src/4.ws02_tools/build/cpp01_launch
