[1.650s] Invoking command in '/home/tungchiahui/mysource/ros2src/2.example_ws/src/ros2_21_tutorials/learning_urdf': PYTHONPATH=/home/tungchiahui/mysource/ros2src/2.example_ws/build/learning_urdf/prefix_override:/home/tungchiahui/mysource/ros2src/2.example_ws/install/learning_urdf/lib/python3.10/site-packages:${PYTHONPATH} /usr/bin/python3 setup.py egg_info --egg-base ../../../build/learning_urdf build --build-base /home/tungchiahui/mysource/ros2src/2.example_ws/build/learning_urdf/build install --record /home/tungchiahui/mysource/ros2src/2.example_ws/build/learning_urdf/install.log --single-version-externally-managed
[1.832s] running egg_info
[1.833s] creating ../../../build/learning_urdf/learning_urdf.egg-info
[1.833s] writing ../../../build/learning_urdf/learning_urdf.egg-info/PKG-INFO
[1.833s] writing dependency_links to ../../../build/learning_urdf/learning_urdf.egg-info/dependency_links.txt
[1.833s] writing entry points to ../../../build/learning_urdf/learning_urdf.egg-info/entry_points.txt
[1.833s] writing requirements to ../../../build/learning_urdf/learning_urdf.egg-info/requires.txt
[1.833s] writing top-level names to ../../../build/learning_urdf/learning_urdf.egg-info/top_level.txt
[1.833s] writing manifest file '../../../build/learning_urdf/learning_urdf.egg-info/SOURCES.txt'
[1.835s] reading manifest file '../../../build/learning_urdf/learning_urdf.egg-info/SOURCES.txt'
[1.836s] writing manifest file '../../../build/learning_urdf/learning_urdf.egg-info/SOURCES.txt'
[1.836s] running build
[1.837s] running build_py
[1.837s] creating /home/tungchiahui/mysource/ros2src/2.example_ws/build/learning_urdf/build
[1.837s] creating /home/tungchiahui/mysource/ros2src/2.example_ws/build/learning_urdf/build/lib
[1.837s] creating /home/tungchiahui/mysource/ros2src/2.example_ws/build/learning_urdf/build/lib/learning_urdf
[1.837s] copying learning_urdf/__init__.py -> /home/tungchiahui/mysource/ros2src/2.example_ws/build/learning_urdf/build/lib/learning_urdf
[1.837s] running install
[1.837s] /usr/lib/python3/dist-packages/setuptools/command/install.py:34: SetuptoolsDeprecationWarning: setup.py install is deprecated. Use build and pip and other standards-based tools.
[1.837s]   warnings.warn(
[1.837s] running install_lib
[1.838s] creating /home/tungchiahui/mysource/ros2src/2.example_ws/install/learning_urdf/lib/python3.10/site-packages/learning_urdf
[1.838s] copying /home/tungchiahui/mysource/ros2src/2.example_ws/build/learning_urdf/build/lib/learning_urdf/__init__.py -> /home/tungchiahui/mysource/ros2src/2.example_ws/install/learning_urdf/lib/python3.10/site-packages/learning_urdf
[1.838s] byte-compiling /home/tungchiahui/mysource/ros2src/2.example_ws/install/learning_urdf/lib/python3.10/site-packages/learning_urdf/__init__.py to __init__.cpython-310.pyc
[1.839s] running install_data
[1.839s] creating /home/tungchiahui/mysource/ros2src/2.example_ws/install/learning_urdf/share/ament_index
[1.839s] creating /home/tungchiahui/mysource/ros2src/2.example_ws/install/learning_urdf/share/ament_index/resource_index
[1.839s] creating /home/tungchiahui/mysource/ros2src/2.example_ws/install/learning_urdf/share/ament_index/resource_index/packages
[1.839s] copying resource/learning_urdf -> /home/tungchiahui/mysource/ros2src/2.example_ws/install/learning_urdf/share/ament_index/resource_index/packages
[1.839s] copying package.xml -> /home/tungchiahui/mysource/ros2src/2.example_ws/install/learning_urdf/share/learning_urdf
[1.839s] creating /home/tungchiahui/mysource/ros2src/2.example_ws/install/learning_urdf/share/learning_urdf/launch
[1.839s] copying launch/display.launch.py -> /home/tungchiahui/mysource/ros2src/2.example_ws/install/learning_urdf/share/learning_urdf/launch
[1.839s] creating /home/tungchiahui/mysource/ros2src/2.example_ws/install/learning_urdf/share/learning_urdf/urdf
[1.840s] copying urdf/mbot_with_camera.urdf -> /home/tungchiahui/mysource/ros2src/2.example_ws/install/learning_urdf/share/learning_urdf/urdf
[1.840s] copying urdf/mbot_base.urdf -> /home/tungchiahui/mysource/ros2src/2.example_ws/install/learning_urdf/share/learning_urdf/urdf
[1.840s] copying urdf/mbot_with_kinect.urdf -> /home/tungchiahui/mysource/ros2src/2.example_ws/install/learning_urdf/share/learning_urdf/urdf
[1.840s] copying urdf/mbot_with_laser.urdf -> /home/tungchiahui/mysource/ros2src/2.example_ws/install/learning_urdf/share/learning_urdf/urdf
[1.840s] creating /home/tungchiahui/mysource/ros2src/2.example_ws/install/learning_urdf/share/learning_urdf/urdf/sensors
[1.840s] copying urdf/sensors/lidar_gazebo.xacro -> /home/tungchiahui/mysource/ros2src/2.example_ws/install/learning_urdf/share/learning_urdf/urdf/sensors
[1.840s] copying urdf/sensors/kinect_gazebo.xacro -> /home/tungchiahui/mysource/ros2src/2.example_ws/install/learning_urdf/share/learning_urdf/urdf/sensors
[1.840s] copying urdf/sensors/camera_gazebo.xacro -> /home/tungchiahui/mysource/ros2src/2.example_ws/install/learning_urdf/share/learning_urdf/urdf/sensors
[1.840s] creating /home/tungchiahui/mysource/ros2src/2.example_ws/install/learning_urdf/share/learning_urdf/meshes
[1.840s] copying meshes/kinect.tga -> /home/tungchiahui/mysource/ros2src/2.example_ws/install/learning_urdf/share/learning_urdf/meshes
[1.841s] copying meshes/kinect.jpg -> /home/tungchiahui/mysource/ros2src/2.example_ws/install/learning_urdf/share/learning_urdf/meshes
[1.841s] copying meshes/kinect.dae -> /home/tungchiahui/mysource/ros2src/2.example_ws/install/learning_urdf/share/learning_urdf/meshes
[1.842s] creating /home/tungchiahui/mysource/ros2src/2.example_ws/install/learning_urdf/share/learning_urdf/rviz
[1.842s] copying rviz/urdf.rviz -> /home/tungchiahui/mysource/ros2src/2.example_ws/install/learning_urdf/share/learning_urdf/rviz
[1.842s] running install_egg_info
[1.845s] Copying ../../../build/learning_urdf/learning_urdf.egg-info to /home/tungchiahui/mysource/ros2src/2.example_ws/install/learning_urdf/lib/python3.10/site-packages/learning_urdf-0.0.0-py3.10.egg-info
[1.846s] running install_scripts
[1.869s] writing list of installed files to '/home/tungchiahui/mysource/ros2src/2.example_ws/build/learning_urdf/install.log'
[1.899s] Invoked command in '/home/tungchiahui/mysource/ros2src/2.example_ws/src/ros2_21_tutorials/learning_urdf' returned '0': PYTHONPATH=/home/tungchiahui/mysource/ros2src/2.example_ws/build/learning_urdf/prefix_override:/home/tungchiahui/mysource/ros2src/2.example_ws/install/learning_urdf/lib/python3.10/site-packages:${PYTHONPATH} /usr/bin/python3 setup.py egg_info --egg-base ../../../build/learning_urdf build --build-base /home/tungchiahui/mysource/ros2src/2.example_ws/build/learning_urdf/build install --record /home/tungchiahui/mysource/ros2src/2.example_ws/build/learning_urdf/install.log --single-version-externally-managed
