[0.208s] DEBUG:colcon:Command line arguments: ['/usr/bin/colcon', 'build', '--packages-select', 'cpp04_tf_listener']
[0.209s] DEBUG:colcon:Parsed command line arguments: Namespace(log_base=None, log_level=None, verb_name='build', build_base='build', install_base='install', merge_install=False, symlink_install=False, test_result_base=None, continue_on_error=False, executor='parallel', parallel_workers=16, event_handlers=None, ignore_user_meta=False, metas=['./colcon.meta'], base_paths=['.'], packages_ignore=None, packages_ignore_regex=None, paths=None, packages_up_to=None, packages_up_to_regex=None, packages_above=None, packages_above_and_dependencies=None, packages_above_depth=None, packages_select_by_dep=None, packages_skip_by_dep=None, packages_skip_up_to=None, packages_select_build_failed=False, packages_skip_build_finished=False, packages_select_test_failures=False, packages_skip_test_passed=False, packages_select=['cpp04_tf_listener'], packages_skip=None, packages_select_regex=None, packages_skip_regex=None, packages_start=None, packages_end=None, allow_overriding=[], cmake_args=None, cmake_target=None, cmake_target_skip_unavailable=False, cmake_clean_cache=False, cmake_clean_first=False, cmake_force_configure=False, ament_cmake_args=None, catkin_cmake_args=None, catkin_skip_building_tests=False, mixin_files=None, mixin=None, verb_parser=<colcon_mixin.mixin.mixin_argument.MixinArgumentDecorator object at 0x7f985cc25d30>, verb_extension=<colcon_core.verb.build.BuildVerb object at 0x7f985cb9fb90>, main=<bound method BuildVerb.main of <colcon_core.verb.build.BuildVerb object at 0x7f985cb9fb90>>, mixin_verb=('build',))
[0.275s] Level 1:colcon.colcon_core.package_discovery:discover_packages(colcon_meta) check parameters
[0.275s] Level 1:colcon.colcon_core.package_discovery:discover_packages(recursive) check parameters
[0.275s] Level 1:colcon.colcon_core.package_discovery:discover_packages(ignore) check parameters
[0.275s] Level 1:colcon.colcon_core.package_discovery:discover_packages(path) check parameters
[0.275s] Level 1:colcon.colcon_core.package_discovery:discover_packages(colcon_meta) discover
[0.275s] Level 1:colcon.colcon_core.package_discovery:discover_packages(recursive) discover
[0.275s] INFO:colcon.colcon_core.package_discovery:Crawling recursively for packages in '/home/tungchiahui/source/ROS2_WS/4.ws02_tools'
[0.275s] Level 1:colcon.colcon_core.package_identification:_identify(.) by extensions ['ignore', 'ignore_ament_install']
[0.275s] Level 1:colcon.colcon_core.package_identification:_identify(.) by extension 'ignore'
[0.275s] Level 1:colcon.colcon_core.package_identification:_identify(.) by extension 'ignore_ament_install'
[0.276s] Level 1:colcon.colcon_core.package_identification:_identify(.) by extensions ['colcon_pkg']
[0.276s] Level 1:colcon.colcon_core.package_identification:_identify(.) by extension 'colcon_pkg'
[0.276s] Level 1:colcon.colcon_core.package_identification:_identify(.) by extensions ['colcon_meta']
[0.276s] Level 1:colcon.colcon_core.package_identification:_identify(.) by extension 'colcon_meta'
[0.276s] Level 1:colcon.colcon_core.package_identification:_identify(.) by extensions ['ros']
[0.276s] Level 1:colcon.colcon_core.package_identification:_identify(.) by extension 'ros'
[0.299s] Level 1:colcon.colcon_core.package_identification:_identify(.) by extensions ['cmake', 'python']
[0.299s] Level 1:colcon.colcon_core.package_identification:_identify(.) by extension 'cmake'
[0.299s] Level 1:colcon.colcon_core.package_identification:_identify(.) by extension 'python'
[0.299s] Level 1:colcon.colcon_core.package_identification:_identify(.) by extensions ['python_setup_py']
[0.299s] Level 1:colcon.colcon_core.package_identification:_identify(.) by extension 'python_setup_py'
[0.300s] Level 1:colcon.colcon_core.package_identification:_identify(build) by extensions ['ignore', 'ignore_ament_install']
[0.300s] Level 1:colcon.colcon_core.package_identification:_identify(build) by extension 'ignore'
[0.300s] Level 1:colcon.colcon_core.package_identification:_identify(build) ignored
[0.300s] Level 1:colcon.colcon_core.package_identification:_identify(install) by extensions ['ignore', 'ignore_ament_install']
[0.300s] Level 1:colcon.colcon_core.package_identification:_identify(install) by extension 'ignore'
[0.300s] Level 1:colcon.colcon_core.package_identification:_identify(install) ignored
[0.300s] Level 1:colcon.colcon_core.package_identification:_identify(log) by extensions ['ignore', 'ignore_ament_install']
[0.300s] Level 1:colcon.colcon_core.package_identification:_identify(log) by extension 'ignore'
[0.300s] Level 1:colcon.colcon_core.package_identification:_identify(log) ignored
[0.300s] Level 1:colcon.colcon_core.package_identification:_identify(src) by extensions ['ignore', 'ignore_ament_install']
[0.300s] Level 1:colcon.colcon_core.package_identification:_identify(src) by extension 'ignore'
[0.300s] Level 1:colcon.colcon_core.package_identification:_identify(src) by extension 'ignore_ament_install'
[0.301s] Level 1:colcon.colcon_core.package_identification:_identify(src) by extensions ['colcon_pkg']
[0.301s] Level 1:colcon.colcon_core.package_identification:_identify(src) by extension 'colcon_pkg'
[0.301s] Level 1:colcon.colcon_core.package_identification:_identify(src) by extensions ['colcon_meta']
[0.301s] Level 1:colcon.colcon_core.package_identification:_identify(src) by extension 'colcon_meta'
[0.301s] Level 1:colcon.colcon_core.package_identification:_identify(src) by extensions ['ros']
[0.301s] Level 1:colcon.colcon_core.package_identification:_identify(src) by extension 'ros'
[0.301s] Level 1:colcon.colcon_core.package_identification:_identify(src) by extensions ['cmake', 'python']
[0.301s] Level 1:colcon.colcon_core.package_identification:_identify(src) by extension 'cmake'
[0.301s] Level 1:colcon.colcon_core.package_identification:_identify(src) by extension 'python'
[0.301s] Level 1:colcon.colcon_core.package_identification:_identify(src) by extensions ['python_setup_py']
[0.301s] Level 1:colcon.colcon_core.package_identification:_identify(src) by extension 'python_setup_py'
[0.301s] Level 1:colcon.colcon_core.package_identification:_identify(src/cpp01_launch) by extensions ['ignore', 'ignore_ament_install']
[0.301s] Level 1:colcon.colcon_core.package_identification:_identify(src/cpp01_launch) by extension 'ignore'
[0.301s] Level 1:colcon.colcon_core.package_identification:_identify(src/cpp01_launch) by extension 'ignore_ament_install'
[0.301s] Level 1:colcon.colcon_core.package_identification:_identify(src/cpp01_launch) by extensions ['colcon_pkg']
[0.301s] Level 1:colcon.colcon_core.package_identification:_identify(src/cpp01_launch) by extension 'colcon_pkg'
[0.301s] Level 1:colcon.colcon_core.package_identification:_identify(src/cpp01_launch) by extensions ['colcon_meta']
[0.301s] Level 1:colcon.colcon_core.package_identification:_identify(src/cpp01_launch) by extension 'colcon_meta'
[0.301s] Level 1:colcon.colcon_core.package_identification:_identify(src/cpp01_launch) by extensions ['ros']
[0.301s] Level 1:colcon.colcon_core.package_identification:_identify(src/cpp01_launch) by extension 'ros'
[0.305s] DEBUG:colcon.colcon_core.package_identification:Package 'src/cpp01_launch' with type 'ros.ament_cmake' and name 'cpp01_launch'
[0.305s] Level 1:colcon.colcon_core.package_identification:_identify(src/cpp02_rosbag) by extensions ['ignore', 'ignore_ament_install']
[0.305s] Level 1:colcon.colcon_core.package_identification:_identify(src/cpp02_rosbag) by extension 'ignore'
[0.305s] Level 1:colcon.colcon_core.package_identification:_identify(src/cpp02_rosbag) by extension 'ignore_ament_install'
[0.306s] Level 1:colcon.colcon_core.package_identification:_identify(src/cpp02_rosbag) by extensions ['colcon_pkg']
[0.306s] Level 1:colcon.colcon_core.package_identification:_identify(src/cpp02_rosbag) by extension 'colcon_pkg'
[0.306s] Level 1:colcon.colcon_core.package_identification:_identify(src/cpp02_rosbag) by extensions ['colcon_meta']
[0.306s] Level 1:colcon.colcon_core.package_identification:_identify(src/cpp02_rosbag) by extension 'colcon_meta'
[0.306s] Level 1:colcon.colcon_core.package_identification:_identify(src/cpp02_rosbag) by extensions ['ros']
[0.306s] Level 1:colcon.colcon_core.package_identification:_identify(src/cpp02_rosbag) by extension 'ros'
[0.307s] DEBUG:colcon.colcon_core.package_identification:Package 'src/cpp02_rosbag' with type 'ros.ament_cmake' and name 'cpp02_rosbag'
[0.307s] Level 1:colcon.colcon_core.package_identification:_identify(src/cpp03_tf_broadcaster) by extensions ['ignore', 'ignore_ament_install']
[0.307s] Level 1:colcon.colcon_core.package_identification:_identify(src/cpp03_tf_broadcaster) by extension 'ignore'
[0.307s] Level 1:colcon.colcon_core.package_identification:_identify(src/cpp03_tf_broadcaster) by extension 'ignore_ament_install'
[0.307s] Level 1:colcon.colcon_core.package_identification:_identify(src/cpp03_tf_broadcaster) by extensions ['colcon_pkg']
[0.307s] Level 1:colcon.colcon_core.package_identification:_identify(src/cpp03_tf_broadcaster) by extension 'colcon_pkg'
[0.307s] Level 1:colcon.colcon_core.package_identification:_identify(src/cpp03_tf_broadcaster) by extensions ['colcon_meta']
[0.307s] Level 1:colcon.colcon_core.package_identification:_identify(src/cpp03_tf_broadcaster) by extension 'colcon_meta'
[0.307s] Level 1:colcon.colcon_core.package_identification:_identify(src/cpp03_tf_broadcaster) by extensions ['ros']
[0.307s] Level 1:colcon.colcon_core.package_identification:_identify(src/cpp03_tf_broadcaster) by extension 'ros'
[0.308s] DEBUG:colcon.colcon_core.package_identification:Package 'src/cpp03_tf_broadcaster' with type 'ros.ament_cmake' and name 'cpp03_tf_broadcaster'
[0.308s] Level 1:colcon.colcon_core.package_identification:_identify(src/cpp04_tf_listener) by extensions ['ignore', 'ignore_ament_install']
[0.308s] Level 1:colcon.colcon_core.package_identification:_identify(src/cpp04_tf_listener) by extension 'ignore'
[0.308s] Level 1:colcon.colcon_core.package_identification:_identify(src/cpp04_tf_listener) by extension 'ignore_ament_install'
[0.308s] Level 1:colcon.colcon_core.package_identification:_identify(src/cpp04_tf_listener) by extensions ['colcon_pkg']
[0.308s] Level 1:colcon.colcon_core.package_identification:_identify(src/cpp04_tf_listener) by extension 'colcon_pkg'
[0.308s] Level 1:colcon.colcon_core.package_identification:_identify(src/cpp04_tf_listener) by extensions ['colcon_meta']
[0.308s] Level 1:colcon.colcon_core.package_identification:_identify(src/cpp04_tf_listener) by extension 'colcon_meta'
[0.308s] Level 1:colcon.colcon_core.package_identification:_identify(src/cpp04_tf_listener) by extensions ['ros']
[0.308s] Level 1:colcon.colcon_core.package_identification:_identify(src/cpp04_tf_listener) by extension 'ros'
[0.309s] DEBUG:colcon.colcon_core.package_identification:Package 'src/cpp04_tf_listener' with type 'ros.ament_cmake' and name 'cpp04_tf_listener'
[0.309s] Level 1:colcon.colcon_core.package_identification:_identify(src/cpp06_urdf) by extensions ['ignore', 'ignore_ament_install']
[0.309s] Level 1:colcon.colcon_core.package_identification:_identify(src/cpp06_urdf) by extension 'ignore'
[0.309s] Level 1:colcon.colcon_core.package_identification:_identify(src/cpp06_urdf) by extension 'ignore_ament_install'
[0.309s] Level 1:colcon.colcon_core.package_identification:_identify(src/cpp06_urdf) by extensions ['colcon_pkg']
[0.309s] Level 1:colcon.colcon_core.package_identification:_identify(src/cpp06_urdf) by extension 'colcon_pkg'
[0.309s] Level 1:colcon.colcon_core.package_identification:_identify(src/cpp06_urdf) by extensions ['colcon_meta']
[0.309s] Level 1:colcon.colcon_core.package_identification:_identify(src/cpp06_urdf) by extension 'colcon_meta'
[0.309s] Level 1:colcon.colcon_core.package_identification:_identify(src/cpp06_urdf) by extensions ['ros']
[0.309s] Level 1:colcon.colcon_core.package_identification:_identify(src/cpp06_urdf) by extension 'ros'
[0.310s] DEBUG:colcon.colcon_core.package_identification:Package 'src/cpp06_urdf' with type 'ros.ament_cmake' and name 'cpp06_urdf'
[0.310s] Level 1:colcon.colcon_core.package_discovery:discover_packages(recursive) using defaults
[0.310s] Level 1:colcon.colcon_core.package_discovery:discover_packages(ignore) discover
[0.310s] Level 1:colcon.colcon_core.package_discovery:discover_packages(ignore) using defaults
[0.310s] Level 1:colcon.colcon_core.package_discovery:discover_packages(path) discover
[0.310s] Level 1:colcon.colcon_core.package_discovery:discover_packages(path) using defaults
[0.341s] INFO:colcon.colcon_core.package_selection:Skipping not selected package 'cpp01_launch' in 'src/cpp01_launch'
[0.341s] INFO:colcon.colcon_core.package_selection:Skipping not selected package 'cpp02_rosbag' in 'src/cpp02_rosbag'
[0.341s] INFO:colcon.colcon_core.package_selection:Skipping not selected package 'cpp03_tf_broadcaster' in 'src/cpp03_tf_broadcaster'
[0.341s] INFO:colcon.colcon_core.package_selection:Skipping not selected package 'cpp06_urdf' in 'src/cpp06_urdf'
[0.341s] Level 1:colcon.colcon_core.package_discovery:discover_packages(prefix_path) check parameters
[0.342s] Level 1:colcon.colcon_core.package_discovery:discover_packages(prefix_path) discover
[0.346s] DEBUG:colcon.colcon_installed_package_information.package_discovery:Found 287 installed packages in /opt/ros/jazzy
[0.347s] Level 1:colcon.colcon_core.package_discovery:discover_packages(prefix_path) using defaults
[0.430s] Level 5:colcon.colcon_core.verb:set package 'cpp04_tf_listener' build argument 'cmake_args' from command line to 'None'
[0.430s] Level 5:colcon.colcon_core.verb:set package 'cpp04_tf_listener' build argument 'cmake_target' from command line to 'None'
[0.430s] Level 5:colcon.colcon_core.verb:set package 'cpp04_tf_listener' build argument 'cmake_target_skip_unavailable' from command line to 'False'
[0.430s] Level 5:colcon.colcon_core.verb:set package 'cpp04_tf_listener' build argument 'cmake_clean_cache' from command line to 'False'
[0.430s] Level 5:colcon.colcon_core.verb:set package 'cpp04_tf_listener' build argument 'cmake_clean_first' from command line to 'False'
[0.430s] Level 5:colcon.colcon_core.verb:set package 'cpp04_tf_listener' build argument 'cmake_force_configure' from command line to 'False'
[0.430s] Level 5:colcon.colcon_core.verb:set package 'cpp04_tf_listener' build argument 'ament_cmake_args' from command line to 'None'
[0.430s] Level 5:colcon.colcon_core.verb:set package 'cpp04_tf_listener' build argument 'catkin_cmake_args' from command line to 'None'
[0.430s] Level 5:colcon.colcon_core.verb:set package 'cpp04_tf_listener' build argument 'catkin_skip_building_tests' from command line to 'False'
[0.430s] DEBUG:colcon.colcon_core.verb:Building package 'cpp04_tf_listener' with the following arguments: {'ament_cmake_args': None, 'build_base': '/home/tungchiahui/source/ROS2_WS/4.ws02_tools/build/cpp04_tf_listener', 'catkin_cmake_args': None, 'catkin_skip_building_tests': False, 'cmake_args': None, 'cmake_clean_cache': False, 'cmake_clean_first': False, 'cmake_force_configure': False, 'cmake_target': None, 'cmake_target_skip_unavailable': False, 'install_base': '/home/tungchiahui/source/ROS2_WS/4.ws02_tools/install/cpp04_tf_listener', 'merge_install': False, 'path': '/home/tungchiahui/source/ROS2_WS/4.ws02_tools/src/cpp04_tf_listener', 'symlink_install': False, 'test_result_base': None}
[0.430s] INFO:colcon.colcon_core.executor:Executing jobs using 'parallel' executor
[0.431s] DEBUG:colcon.colcon_parallel_executor.executor.parallel:run_until_complete
[0.432s] INFO:colcon.colcon_ros.task.ament_cmake.build:Building ROS package in '/home/tungchiahui/source/ROS2_WS/4.ws02_tools/src/cpp04_tf_listener' with build type 'ament_cmake'
[0.432s] INFO:colcon.colcon_cmake.task.cmake.build:Building CMake package in '/home/tungchiahui/source/ROS2_WS/4.ws02_tools/src/cpp04_tf_listener'
[0.438s] INFO:colcon.colcon_core.plugin_system:Skipping extension 'colcon_core.shell.bat': Not used on non-Windows systems
[0.439s] INFO:colcon.colcon_core.shell:Skip shell extension 'powershell' for command environment: Not usable outside of PowerShell
[0.439s] DEBUG:colcon.colcon_core.shell:Skip shell extension 'dsv' for command environment
[0.448s] DEBUG:colcon.colcon_core.event_handler.log_command:Invoking command in '/home/tungchiahui/source/ROS2_WS/4.ws02_tools/build/cpp04_tf_listener': CMAKE_PREFIX_PATH=${CMAKE_PREFIX_PATH}:/opt/ros/jazzy /usr/bin/cmake /home/tungchiahui/source/ROS2_WS/4.ws02_tools/src/cpp04_tf_listener -DCMAKE_INSTALL_PREFIX=/home/tungchiahui/source/ROS2_WS/4.ws02_tools/install/cpp04_tf_listener
[2.495s] DEBUG:colcon.colcon_core.event_handler.log_command:Invoked command in '/home/tungchiahui/source/ROS2_WS/4.ws02_tools/build/cpp04_tf_listener' returned '0': CMAKE_PREFIX_PATH=${CMAKE_PREFIX_PATH}:/opt/ros/jazzy /usr/bin/cmake /home/tungchiahui/source/ROS2_WS/4.ws02_tools/src/cpp04_tf_listener -DCMAKE_INSTALL_PREFIX=/home/tungchiahui/source/ROS2_WS/4.ws02_tools/install/cpp04_tf_listener
[2.496s] DEBUG:colcon.colcon_core.event_handler.log_command:Invoking command in '/home/tungchiahui/source/ROS2_WS/4.ws02_tools/build/cpp04_tf_listener': CMAKE_PREFIX_PATH=${CMAKE_PREFIX_PATH}:/opt/ros/jazzy /usr/bin/cmake --build /home/tungchiahui/source/ROS2_WS/4.ws02_tools/build/cpp04_tf_listener -- -j16 -l16
[6.221s] DEBUG:colcon.colcon_core.event_handler.log_command:Invoked command in '/home/tungchiahui/source/ROS2_WS/4.ws02_tools/build/cpp04_tf_listener' returned '0': CMAKE_PREFIX_PATH=${CMAKE_PREFIX_PATH}:/opt/ros/jazzy /usr/bin/cmake --build /home/tungchiahui/source/ROS2_WS/4.ws02_tools/build/cpp04_tf_listener -- -j16 -l16
[6.228s] DEBUG:colcon.colcon_core.event_handler.log_command:Invoking command in '/home/tungchiahui/source/ROS2_WS/4.ws02_tools/build/cpp04_tf_listener': CMAKE_PREFIX_PATH=${CMAKE_PREFIX_PATH}:/opt/ros/jazzy /usr/bin/cmake --install /home/tungchiahui/source/ROS2_WS/4.ws02_tools/build/cpp04_tf_listener
[6.238s] Level 1:colcon.colcon_core.environment:create_environment_scripts_only(cpp04_tf_listener)
[6.238s] DEBUG:colcon.colcon_core.event_handler.log_command:Invoked command in '/home/tungchiahui/source/ROS2_WS/4.ws02_tools/build/cpp04_tf_listener' returned '0': CMAKE_PREFIX_PATH=${CMAKE_PREFIX_PATH}:/opt/ros/jazzy /usr/bin/cmake --install /home/tungchiahui/source/ROS2_WS/4.ws02_tools/build/cpp04_tf_listener
[6.244s] Level 1:colcon.colcon_core.environment:checking '/home/tungchiahui/source/ROS2_WS/4.ws02_tools/install/cpp04_tf_listener' for CMake module files
[6.245s] Level 1:colcon.colcon_core.environment:checking '/home/tungchiahui/source/ROS2_WS/4.ws02_tools/install/cpp04_tf_listener' for CMake config files
[6.245s] Level 1:colcon.colcon_core.shell:create_environment_hook('cpp04_tf_listener', 'cmake_prefix_path')
[6.245s] INFO:colcon.colcon_core.shell:Creating environment hook '/home/tungchiahui/source/ROS2_WS/4.ws02_tools/install/cpp04_tf_listener/share/cpp04_tf_listener/hook/cmake_prefix_path.ps1'
[6.246s] INFO:colcon.colcon_core.shell:Creating environment descriptor '/home/tungchiahui/source/ROS2_WS/4.ws02_tools/install/cpp04_tf_listener/share/cpp04_tf_listener/hook/cmake_prefix_path.dsv'
[6.247s] INFO:colcon.colcon_core.shell:Creating environment hook '/home/tungchiahui/source/ROS2_WS/4.ws02_tools/install/cpp04_tf_listener/share/cpp04_tf_listener/hook/cmake_prefix_path.sh'
[6.248s] Level 1:colcon.colcon_core.environment:checking '/home/tungchiahui/source/ROS2_WS/4.ws02_tools/install/cpp04_tf_listener/lib'
[6.248s] Level 1:colcon.colcon_core.environment:checking '/home/tungchiahui/source/ROS2_WS/4.ws02_tools/install/cpp04_tf_listener/bin'
[6.248s] Level 1:colcon.colcon_core.environment:checking '/home/tungchiahui/source/ROS2_WS/4.ws02_tools/install/cpp04_tf_listener/lib/pkgconfig/cpp04_tf_listener.pc'
[6.248s] Level 1:colcon.colcon_core.environment:checking '/home/tungchiahui/source/ROS2_WS/4.ws02_tools/install/cpp04_tf_listener/lib/python3.12/site-packages'
[6.248s] Level 1:colcon.colcon_core.environment:checking '/home/tungchiahui/source/ROS2_WS/4.ws02_tools/install/cpp04_tf_listener/bin'
[6.249s] INFO:colcon.colcon_core.shell:Creating package script '/home/tungchiahui/source/ROS2_WS/4.ws02_tools/install/cpp04_tf_listener/share/cpp04_tf_listener/package.ps1'
[6.249s] INFO:colcon.colcon_core.shell:Creating package descriptor '/home/tungchiahui/source/ROS2_WS/4.ws02_tools/install/cpp04_tf_listener/share/cpp04_tf_listener/package.dsv'
[6.250s] INFO:colcon.colcon_core.shell:Creating package script '/home/tungchiahui/source/ROS2_WS/4.ws02_tools/install/cpp04_tf_listener/share/cpp04_tf_listener/package.sh'
[6.251s] INFO:colcon.colcon_core.shell:Creating package script '/home/tungchiahui/source/ROS2_WS/4.ws02_tools/install/cpp04_tf_listener/share/cpp04_tf_listener/package.bash'
[6.252s] INFO:colcon.colcon_core.shell:Creating package script '/home/tungchiahui/source/ROS2_WS/4.ws02_tools/install/cpp04_tf_listener/share/cpp04_tf_listener/package.zsh'
[6.253s] Level 1:colcon.colcon_core.environment:create_file_with_runtime_dependencies(/home/tungchiahui/source/ROS2_WS/4.ws02_tools/install/cpp04_tf_listener/share/colcon-core/packages/cpp04_tf_listener)
[6.253s] Level 1:colcon.colcon_core.environment:create_environment_scripts_only(cpp04_tf_listener)
[6.254s] Level 1:colcon.colcon_core.environment:checking '/home/tungchiahui/source/ROS2_WS/4.ws02_tools/install/cpp04_tf_listener' for CMake module files
[6.254s] Level 1:colcon.colcon_core.environment:checking '/home/tungchiahui/source/ROS2_WS/4.ws02_tools/install/cpp04_tf_listener' for CMake config files
[6.254s] Level 1:colcon.colcon_core.shell:create_environment_hook('cpp04_tf_listener', 'cmake_prefix_path')
[6.254s] INFO:colcon.colcon_core.shell:Creating environment hook '/home/tungchiahui/source/ROS2_WS/4.ws02_tools/install/cpp04_tf_listener/share/cpp04_tf_listener/hook/cmake_prefix_path.ps1'
[6.255s] INFO:colcon.colcon_core.shell:Creating environment descriptor '/home/tungchiahui/source/ROS2_WS/4.ws02_tools/install/cpp04_tf_listener/share/cpp04_tf_listener/hook/cmake_prefix_path.dsv'
[6.255s] INFO:colcon.colcon_core.shell:Creating environment hook '/home/tungchiahui/source/ROS2_WS/4.ws02_tools/install/cpp04_tf_listener/share/cpp04_tf_listener/hook/cmake_prefix_path.sh'
[6.256s] Level 1:colcon.colcon_core.environment:checking '/home/tungchiahui/source/ROS2_WS/4.ws02_tools/install/cpp04_tf_listener/lib'
[6.256s] Level 1:colcon.colcon_core.environment:checking '/home/tungchiahui/source/ROS2_WS/4.ws02_tools/install/cpp04_tf_listener/bin'
[6.256s] Level 1:colcon.colcon_core.environment:checking '/home/tungchiahui/source/ROS2_WS/4.ws02_tools/install/cpp04_tf_listener/lib/pkgconfig/cpp04_tf_listener.pc'
[6.256s] Level 1:colcon.colcon_core.environment:checking '/home/tungchiahui/source/ROS2_WS/4.ws02_tools/install/cpp04_tf_listener/lib/python3.12/site-packages'
[6.256s] Level 1:colcon.colcon_core.environment:checking '/home/tungchiahui/source/ROS2_WS/4.ws02_tools/install/cpp04_tf_listener/bin'
[6.256s] INFO:colcon.colcon_core.shell:Creating package script '/home/tungchiahui/source/ROS2_WS/4.ws02_tools/install/cpp04_tf_listener/share/cpp04_tf_listener/package.ps1'
[6.257s] INFO:colcon.colcon_core.shell:Creating package descriptor '/home/tungchiahui/source/ROS2_WS/4.ws02_tools/install/cpp04_tf_listener/share/cpp04_tf_listener/package.dsv'
[6.257s] INFO:colcon.colcon_core.shell:Creating package script '/home/tungchiahui/source/ROS2_WS/4.ws02_tools/install/cpp04_tf_listener/share/cpp04_tf_listener/package.sh'
[6.258s] INFO:colcon.colcon_core.shell:Creating package script '/home/tungchiahui/source/ROS2_WS/4.ws02_tools/install/cpp04_tf_listener/share/cpp04_tf_listener/package.bash'
[6.258s] INFO:colcon.colcon_core.shell:Creating package script '/home/tungchiahui/source/ROS2_WS/4.ws02_tools/install/cpp04_tf_listener/share/cpp04_tf_listener/package.zsh'
[6.258s] Level 1:colcon.colcon_core.environment:create_file_with_runtime_dependencies(/home/tungchiahui/source/ROS2_WS/4.ws02_tools/install/cpp04_tf_listener/share/colcon-core/packages/cpp04_tf_listener)
[6.259s] DEBUG:colcon.colcon_parallel_executor.executor.parallel:closing loop
[6.259s] DEBUG:colcon.colcon_parallel_executor.executor.parallel:loop closed
[6.259s] DEBUG:colcon.colcon_parallel_executor.executor.parallel:run_until_complete finished with '0'
[6.259s] DEBUG:colcon.colcon_core.event_reactor:joining thread
[6.279s] INFO:colcon.colcon_core.plugin_system:Skipping extension 'colcon_notification.desktop_notification.notify_send': Could not find 'notify-send'
[6.279s] INFO:colcon.colcon_core.plugin_system:Skipping extension 'colcon_notification.desktop_notification.terminal_notifier': Not used on non-Darwin systems
[6.279s] INFO:colcon.colcon_core.plugin_system:Skipping extension 'colcon_notification.desktop_notification.win32': Not used on non-Windows systems
[6.279s] INFO:colcon.colcon_notification.desktop_notification:Sending desktop notification using 'notify2'
[6.281s] DEBUG:colcon.colcon_notification.desktop_notification.notify2:Failed to initialize notify2: org.freedesktop.DBus.Error.ServiceUnknown: The name org.freedesktop.Notifications was not provided by any .service files
[6.281s] DEBUG:colcon.colcon_core.event_reactor:joined thread
[6.281s] INFO:colcon.colcon_core.shell:Creating prefix script '/home/tungchiahui/source/ROS2_WS/4.ws02_tools/install/local_setup.ps1'
[6.282s] INFO:colcon.colcon_core.shell:Creating prefix util module '/home/tungchiahui/source/ROS2_WS/4.ws02_tools/install/_local_setup_util_ps1.py'
[6.284s] INFO:colcon.colcon_core.shell:Creating prefix chain script '/home/tungchiahui/source/ROS2_WS/4.ws02_tools/install/setup.ps1'
[6.285s] INFO:colcon.colcon_core.shell:Creating prefix script '/home/tungchiahui/source/ROS2_WS/4.ws02_tools/install/local_setup.sh'
[6.286s] INFO:colcon.colcon_core.shell:Creating prefix util module '/home/tungchiahui/source/ROS2_WS/4.ws02_tools/install/_local_setup_util_sh.py'
[6.286s] INFO:colcon.colcon_core.shell:Creating prefix chain script '/home/tungchiahui/source/ROS2_WS/4.ws02_tools/install/setup.sh'
[6.288s] INFO:colcon.colcon_core.shell:Creating prefix script '/home/tungchiahui/source/ROS2_WS/4.ws02_tools/install/local_setup.bash'
[6.289s] INFO:colcon.colcon_core.shell:Creating prefix chain script '/home/tungchiahui/source/ROS2_WS/4.ws02_tools/install/setup.bash'
[6.290s] INFO:colcon.colcon_core.shell:Creating prefix script '/home/tungchiahui/source/ROS2_WS/4.ws02_tools/install/local_setup.zsh'
[6.291s] INFO:colcon.colcon_core.shell:Creating prefix chain script '/home/tungchiahui/source/ROS2_WS/4.ws02_tools/install/setup.zsh'
