[0.004s] Invoking command in '/home/tungchiahui/UserFloder/mysource/ROS2_WS/6.ws_simulations/build/demo_gazebo_sim': /usr/bin/cmake /home/tungchiahui/UserFloder/mysource/ROS2_WS/6.ws_simulations/src/demo_gazebo_sim -DCMAKE_INSTALL_PREFIX=/home/tungchiahui/UserFloder/mysource/ROS2_WS/6.ws_simulations/install/demo_gazebo_sim
[0.041s] -- The C compiler identification is GNU 13.3.0
[0.076s] -- The CXX compiler identification is GNU 13.3.0
[0.086s] -- Detecting C compiler ABI info
[0.140s] -- Detecting C compiler ABI info - done
[0.146s] -- Check for working C compiler: /usr/bin/cc - skipped
[0.147s] -- Detecting C compile features
[0.147s] -- Detecting C compile features - done
[0.153s] -- Detecting CXX compiler ABI info
[0.210s] -- Detecting CXX compiler ABI info - done
[0.217s] -- Check for working CXX compiler: /usr/bin/c++ - skipped
[0.217s] -- Detecting CXX compile features
[0.218s] -- Detecting CXX compile features - done
[0.225s] [31mCMake Error at CMakeLists.txt:9 (find_package):
[0.225s]   By not providing "Findament_cmake.cmake" in CMAKE_MODULE_PATH this project
[0.225s]   has asked CMake to find a package configuration file provided by
[0.225s]   "ament_cmake", but CMake did not find one.
[0.225s] 
[0.225s]   Could not find a package configuration file provided by "ament_cmake" with
[0.225s]   any of the following names:
[0.225s] 
[0.225s]     ament_cmakeConfig.cmake
[0.225s]     ament_cmake-config.cmake
[0.225s] 
[0.225s]   Add the installation prefix of "ament_cmake" to CMAKE_PREFIX_PATH or set
[0.226s]   "ament_cmake_DIR" to a directory containing one of the above files.  If
[0.226s]   "ament_cmake" provides a separate development package or SDK, be sure it
[0.226s]   has been installed.
[0.226s] 
[0.226s] [0m
[0.226s] -- Configuring incomplete, errors occurred!
[0.228s] Invoked command in '/home/tungchiahui/UserFloder/mysource/ROS2_WS/6.ws_simulations/build/demo_gazebo_sim' returned '1': /usr/bin/cmake /home/tungchiahui/UserFloder/mysource/ROS2_WS/6.ws_simulations/src/demo_gazebo_sim -DCMAKE_INSTALL_PREFIX=/home/tungchiahui/UserFloder/mysource/ROS2_WS/6.ws_simulations/install/demo_gazebo_sim
