-- The C compiler identification is GNU 11.3.0
-- The CXX compiler identification is GNU 11.3.0
-- Detecting C compiler ABI info
-- Detecting C compiler ABI info - done
-- Check for working C compiler: /usr/bin/cc - skipped
-- Detecting C compile features
-- Detecting C compile features - done
-- Detecting CXX compiler ABI info
-- Detecting CXX compiler ABI info - done
-- Check for working CXX compiler: /usr/bin/c++ - skipped
-- Detecting CXX compile features
-- Detecting CXX compile features - done
-- Found ament_cmake: 1.3.5 (/opt/ros/humble/share/ament_cmake/cmake)
-- Found Python3: /usr/bin/python3.10 (found version "3.10.6") found components: Interpreter 
-- Found ament_lint_auto: 0.12.7 (/opt/ros/humble/share/ament_lint_auto/cmake)
-- Added test 'cppcheck' to perform static code analysis on C / C++ code
-- Configured cppcheck include dirs: $<BUILD_INTERFACE:/home/tungchiahui/mysource/ros2src/3.ws01_plumbing/src/cpp05_names/include>
-- Configured cppcheck exclude dirs and/or files: 
-- Added test 'flake8' to check Python code syntax and style conventions
-- Added test 'lint_cmake' to check CMake code style
-- Added test 'pep257' to check Python code against some of the docstring style conventions in PEP 257
-- Added test 'uncrustify' to check C / C++ code style
-- Configured uncrustify additional arguments: 
-- Added test 'xmllint' to check XML markup files
-- Configuring done
-- Generating done
-- Build files have been written to: /home/tungchiahui/mysource/ros2src/3.ws01_plumbing/build/cpp05_names
[ 50%] [32mBuilding CXX object CMakeFiles/demo01_names.dir/src/demo01_names.cpp.o[0m
[100%] [32m[1mLinking CXX executable demo01_names[0m
[100%] Built target demo01_names
-- Install configuration: ""
-- Installing: /home/tungchiahui/mysource/ros2src/3.ws01_plumbing/install/cpp05_names/lib/cpp05_names/demo01_names
-- Installing: /home/tungchiahui/mysource/ros2src/3.ws01_plumbing/install/cpp05_names/share/cpp05_names/launch
-- Installing: /home/tungchiahui/mysource/ros2src/3.ws01_plumbing/install/cpp05_names/share/cpp05_names/launch/demo01_names_launch.py
-- Installing: /home/tungchiahui/mysource/ros2src/3.ws01_plumbing/install/cpp05_names/share/ament_index/resource_index/package_run_dependencies/cpp05_names
-- Installing: /home/tungchiahui/mysource/ros2src/3.ws01_plumbing/install/cpp05_names/share/ament_index/resource_index/parent_prefix_path/cpp05_names
-- Installing: /home/tungchiahui/mysource/ros2src/3.ws01_plumbing/install/cpp05_names/share/cpp05_names/environment/ament_prefix_path.sh
-- Installing: /home/tungchiahui/mysource/ros2src/3.ws01_plumbing/install/cpp05_names/share/cpp05_names/environment/ament_prefix_path.dsv
-- Installing: /home/tungchiahui/mysource/ros2src/3.ws01_plumbing/install/cpp05_names/share/cpp05_names/environment/path.sh
-- Installing: /home/tungchiahui/mysource/ros2src/3.ws01_plumbing/install/cpp05_names/share/cpp05_names/environment/path.dsv
-- Installing: /home/tungchiahui/mysource/ros2src/3.ws01_plumbing/install/cpp05_names/share/cpp05_names/local_setup.bash
-- Installing: /home/tungchiahui/mysource/ros2src/3.ws01_plumbing/install/cpp05_names/share/cpp05_names/local_setup.sh
-- Installing: /home/tungchiahui/mysource/ros2src/3.ws01_plumbing/install/cpp05_names/share/cpp05_names/local_setup.zsh
-- Installing: /home/tungchiahui/mysource/ros2src/3.ws01_plumbing/install/cpp05_names/share/cpp05_names/local_setup.dsv
-- Installing: /home/tungchiahui/mysource/ros2src/3.ws01_plumbing/install/cpp05_names/share/cpp05_names/package.dsv
-- Installing: /home/tungchiahui/mysource/ros2src/3.ws01_plumbing/install/cpp05_names/share/ament_index/resource_index/packages/cpp05_names
-- Installing: /home/tungchiahui/mysource/ros2src/3.ws01_plumbing/install/cpp05_names/share/cpp05_names/cmake/cpp05_namesConfig.cmake
-- Installing: /home/tungchiahui/mysource/ros2src/3.ws01_plumbing/install/cpp05_names/share/cpp05_names/cmake/cpp05_namesConfig-version.cmake
-- Installing: /home/tungchiahui/mysource/ros2src/3.ws01_plumbing/install/cpp05_names/share/cpp05_names/package.xml
