[0.009s] Invoking command in '/home/tungchiahui/mysource/ros2src/3.ws01_plumbing/build/cpp05_names': CMAKE_PREFIX_PATH=/opt/ros/humble /usr/bin/cmake /home/tungchiahui/mysource/ros2src/3.ws01_plumbing/src/cpp05_names -DCMAKE_INSTALL_PREFIX=/home/tungchiahui/mysource/ros2src/3.ws01_plumbing/install/cpp05_names
[0.044s] -- The C compiler identification is GNU 11.3.0
[0.075s] -- The CXX compiler identification is GNU 11.3.0
[0.080s] -- Detecting C compiler ABI info
[0.120s] -- Detecting C compiler ABI info - done
[0.125s] -- Check for working C compiler: /usr/bin/cc - skipped
[0.125s] -- Detecting C compile features
[0.125s] -- Detecting C compile features - done
[0.127s] -- Detecting CXX compiler ABI info
[0.172s] -- Detecting CXX compiler ABI info - done
[0.177s] -- Check for working CXX compiler: /usr/bin/c++ - skipped
[0.177s] -- Detecting CXX compile features
[0.177s] -- Detecting CXX compile features - done
[0.179s] -- Found ament_cmake: 1.3.5 (/opt/ros/humble/share/ament_cmake/cmake)
[0.278s] -- Found Python3: /usr/bin/python3.10 (found version "3.10.6") found components: Interpreter 
[0.327s] -- Found ament_lint_auto: 0.12.7 (/opt/ros/humble/share/ament_lint_auto/cmake)
[0.375s] -- Added test 'cppcheck' to perform static code analysis on C / C++ code
[0.376s] -- Configured cppcheck include dirs: $<BUILD_INTERFACE:/home/tungchiahui/mysource/ros2src/3.ws01_plumbing/src/cpp05_names/include>
[0.376s] -- Configured cppcheck exclude dirs and/or files: 
[0.376s] -- Added test 'flake8' to check Python code syntax and style conventions
[0.376s] -- Added test 'lint_cmake' to check CMake code style
[0.376s] -- Added test 'pep257' to check Python code against some of the docstring style conventions in PEP 257
[0.377s] -- Added test 'uncrustify' to check C / C++ code style
[0.377s] -- Configured uncrustify additional arguments: 
[0.377s] -- Added test 'xmllint' to check XML markup files
[0.378s] -- Configuring done
[0.380s] -- Generating done
[0.381s] -- Build files have been written to: /home/tungchiahui/mysource/ros2src/3.ws01_plumbing/build/cpp05_names
[0.385s] Invoked command in '/home/tungchiahui/mysource/ros2src/3.ws01_plumbing/build/cpp05_names' returned '0': CMAKE_PREFIX_PATH=/opt/ros/humble /usr/bin/cmake /home/tungchiahui/mysource/ros2src/3.ws01_plumbing/src/cpp05_names -DCMAKE_INSTALL_PREFIX=/home/tungchiahui/mysource/ros2src/3.ws01_plumbing/install/cpp05_names
[0.385s] Invoking command in '/home/tungchiahui/mysource/ros2src/3.ws01_plumbing/build/cpp05_names': CMAKE_PREFIX_PATH=/opt/ros/humble /usr/bin/cmake --build /home/tungchiahui/mysource/ros2src/3.ws01_plumbing/build/cpp05_names -- -j16 -l16
[0.410s] [ 50%] [32mBuilding CXX object CMakeFiles/demo01_names.dir/src/demo01_names.cpp.o[0m
[0.435s] [100%] [32m[1mLinking CXX executable demo01_names[0m
[0.460s] [100%] Built target demo01_names
[0.466s] Invoked command in '/home/tungchiahui/mysource/ros2src/3.ws01_plumbing/build/cpp05_names' returned '0': CMAKE_PREFIX_PATH=/opt/ros/humble /usr/bin/cmake --build /home/tungchiahui/mysource/ros2src/3.ws01_plumbing/build/cpp05_names -- -j16 -l16
[0.483s] Invoking command in '/home/tungchiahui/mysource/ros2src/3.ws01_plumbing/build/cpp05_names': CMAKE_PREFIX_PATH=/opt/ros/humble /usr/bin/cmake --install /home/tungchiahui/mysource/ros2src/3.ws01_plumbing/build/cpp05_names
[0.486s] -- Install configuration: ""
[0.486s] -- Installing: /home/tungchiahui/mysource/ros2src/3.ws01_plumbing/install/cpp05_names/lib/cpp05_names/demo01_names
[0.487s] -- Installing: /home/tungchiahui/mysource/ros2src/3.ws01_plumbing/install/cpp05_names/share/cpp05_names/launch
[0.487s] -- Installing: /home/tungchiahui/mysource/ros2src/3.ws01_plumbing/install/cpp05_names/share/cpp05_names/launch/demo01_names_launch.py
[0.487s] -- Installing: /home/tungchiahui/mysource/ros2src/3.ws01_plumbing/install/cpp05_names/share/ament_index/resource_index/package_run_dependencies/cpp05_names
[0.487s] -- Installing: /home/tungchiahui/mysource/ros2src/3.ws01_plumbing/install/cpp05_names/share/ament_index/resource_index/parent_prefix_path/cpp05_names
[0.487s] -- Installing: /home/tungchiahui/mysource/ros2src/3.ws01_plumbing/install/cpp05_names/share/cpp05_names/environment/ament_prefix_path.sh
[0.487s] -- Installing: /home/tungchiahui/mysource/ros2src/3.ws01_plumbing/install/cpp05_names/share/cpp05_names/environment/ament_prefix_path.dsv
[0.487s] -- Installing: /home/tungchiahui/mysource/ros2src/3.ws01_plumbing/install/cpp05_names/share/cpp05_names/environment/path.sh
[0.487s] -- Installing: /home/tungchiahui/mysource/ros2src/3.ws01_plumbing/install/cpp05_names/share/cpp05_names/environment/path.dsv
[0.487s] -- Installing: /home/tungchiahui/mysource/ros2src/3.ws01_plumbing/install/cpp05_names/share/cpp05_names/local_setup.bash
[0.487s] -- Installing: /home/tungchiahui/mysource/ros2src/3.ws01_plumbing/install/cpp05_names/share/cpp05_names/local_setup.sh
[0.487s] -- Installing: /home/tungchiahui/mysource/ros2src/3.ws01_plumbing/install/cpp05_names/share/cpp05_names/local_setup.zsh
[0.488s] -- Installing: /home/tungchiahui/mysource/ros2src/3.ws01_plumbing/install/cpp05_names/share/cpp05_names/local_setup.dsv
[0.488s] -- Installing: /home/tungchiahui/mysource/ros2src/3.ws01_plumbing/install/cpp05_names/share/cpp05_names/package.dsv
[0.488s] -- Installing: /home/tungchiahui/mysource/ros2src/3.ws01_plumbing/install/cpp05_names/share/ament_index/resource_index/packages/cpp05_names
[0.488s] -- Installing: /home/tungchiahui/mysource/ros2src/3.ws01_plumbing/install/cpp05_names/share/cpp05_names/cmake/cpp05_namesConfig.cmake
[0.488s] -- Installing: /home/tungchiahui/mysource/ros2src/3.ws01_plumbing/install/cpp05_names/share/cpp05_names/cmake/cpp05_namesConfig-version.cmake
[0.488s] -- Installing: /home/tungchiahui/mysource/ros2src/3.ws01_plumbing/install/cpp05_names/share/cpp05_names/package.xml
[0.490s] Invoked command in '/home/tungchiahui/mysource/ros2src/3.ws01_plumbing/build/cpp05_names' returned '0': CMAKE_PREFIX_PATH=/opt/ros/humble /usr/bin/cmake --install /home/tungchiahui/mysource/ros2src/3.ws01_plumbing/build/cpp05_names
