[0.078s] Invoking command in '/home/tungchiahui/user/mysource/ros2src/5.opencv_demo_ws/build/opencv_demo3_0_save_media_file': CMAKE_PREFIX_PATH=${CMAKE_PREFIX_PATH}:/opt/ros/humble /usr/bin/cmake /home/tungchiahui/user/mysource/ros2src/5.opencv_demo_ws/src/opencv_demo3_0_save_media_file -DCMAKE_INSTALL_PREFIX=/home/tungchiahui/user/mysource/ros2src/5.opencv_demo_ws/install/opencv_demo3_0_save_media_file
[0.116s] -- The C compiler identification is GNU 11.4.0
[0.159s] -- The CXX compiler identification is GNU 11.4.0
[0.164s] -- Detecting C compiler ABI info
[0.211s] -- Detecting C compiler ABI info - done
[0.216s] -- Check for working C compiler: /usr/bin/cc - skipped
[0.216s] -- Detecting C compile features
[0.216s] -- Detecting C compile features - done
[0.218s] -- Detecting CXX compiler ABI info
[0.274s] -- Detecting CXX compiler ABI info - done
[0.279s] -- Check for working CXX compiler: /usr/bin/c++ - skipped
[0.279s] -- Detecting CXX compile features
[0.279s] -- Detecting CXX compile features - done
[0.280s] -- Found ament_cmake: 1.3.6 (/opt/ros/humble/share/ament_cmake/cmake)
[0.397s] -- Found Python3: /usr/bin/python3.10 (found version "3.10.12") found components: Interpreter 
[0.453s] -- Found rclcpp: 16.0.7 (/opt/ros/humble/share/rclcpp/cmake)
[0.479s] -- Found rosidl_generator_c: 3.1.5 (/opt/ros/humble/share/rosidl_generator_c/cmake)
[0.482s] -- Found rosidl_adapter: 3.1.5 (/opt/ros/humble/share/rosidl_adapter/cmake)
[0.487s] -- Found rosidl_generator_cpp: 3.1.5 (/opt/ros/humble/share/rosidl_generator_cpp/cmake)
[0.496s] -- Using all available rosidl_typesupport_c: rosidl_typesupport_fastrtps_c;rosidl_typesupport_introspection_c
[0.514s] -- Using all available rosidl_typesupport_cpp: rosidl_typesupport_fastrtps_cpp;rosidl_typesupport_introspection_cpp
[0.565s] -- Found rmw_implementation_cmake: 6.1.1 (/opt/ros/humble/share/rmw_implementation_cmake/cmake)
[0.567s] -- Found rmw_fastrtps_cpp: 6.2.5 (/opt/ros/humble/share/rmw_fastrtps_cpp/cmake)
[0.627s] -- Found OpenSSL: /usr/lib/x86_64-linux-gnu/libcrypto.so (found version "3.0.2")  
[0.647s] -- Found FastRTPS: /opt/ros/humble/include  
[0.678s] -- Using RMW implementation 'rmw_fastrtps_cpp' as default
[0.684s] -- Looking for pthread.h
[0.734s] -- Looking for pthread.h - found
[0.734s] -- Performing Test CMAKE_HAVE_LIBC_PTHREAD
[0.793s] -- Performing Test CMAKE_HAVE_LIBC_PTHREAD - Success
[0.794s] -- Found Threads: TRUE  
[0.910s] -- Found CUDA: /usr/local/cuda-11.8 (found suitable exact version "11.8") 
[0.918s] -- Found OpenCV: /usr/local/opencv-4.8.1 (found version "4.8.1") 
[0.918s] -- Found sensor_msgs: 4.2.3 (/opt/ros/humble/share/sensor_msgs/cmake)
[1.003s] -- Found cv_bridge: 3.2.1 (/opt/ros/humble/share/cv_bridge/cmake)
[1.009s] -- Found image_transport: 3.1.7 (/opt/ros/humble/share/image_transport/cmake)
[1.048s] -- Found ament_lint_auto: 0.12.9 (/opt/ros/humble/share/ament_lint_auto/cmake)
[1.098s] [31mCMake Error at /opt/ros/humble/share/ament_cmake_core/cmake/core/ament_package_xml.cmake:53 (message):
[1.098s]   ament_package_xml() package name 'opencv_demo3_0_save_media_file' in
[1.098s]   '/package.xml' does not match current PROJECT_NAME
[1.098s]   'opencv_demo3_save_media_file'.  You must call project() with the same
[1.098s]   package name before.
[1.098s] Call Stack (most recent call first):
[1.098s]   /opt/ros/humble/share/ament_lint_auto/cmake/ament_lint_auto_find_test_dependencies.cmake:31 (ament_package_xml)
[1.098s]   CMakeLists.txt:69 (ament_lint_auto_find_test_dependencies)
[1.098s] 
[1.098s] [0m
[1.098s] -- Configuring incomplete, errors occurred!
[1.098s] See also "/home/tungchiahui/user/mysource/ros2src/5.opencv_demo_ws/build/opencv_demo3_0_save_media_file/CMakeFiles/CMakeOutput.log".
[1.109s] Invoked command in '/home/tungchiahui/user/mysource/ros2src/5.opencv_demo_ws/build/opencv_demo3_0_save_media_file' returned '1': CMAKE_PREFIX_PATH=${CMAKE_PREFIX_PATH}:/opt/ros/humble /usr/bin/cmake /home/tungchiahui/user/mysource/ros2src/5.opencv_demo_ws/src/opencv_demo3_0_save_media_file -DCMAKE_INSTALL_PREFIX=/home/tungchiahui/user/mysource/ros2src/5.opencv_demo_ws/install/opencv_demo3_0_save_media_file
