[0.540s] DEBUG:colcon:Command line arguments: ['/usr/bin/colcon', 'build', '--packages-select', 'opencv_demo1_show_image']
[0.540s] DEBUG:colcon:Parsed command line arguments: Namespace(log_base=None, log_level=None, verb_name='build', build_base='build', install_base='install', merge_install=False, symlink_install=False, test_result_base=None, continue_on_error=False, executor='parallel', parallel_workers=16, event_handlers=None, ignore_user_meta=False, metas=['./colcon.meta'], base_paths=['.'], packages_ignore=None, packages_ignore_regex=None, paths=None, packages_up_to=None, packages_up_to_regex=None, packages_above=None, packages_above_and_dependencies=None, packages_above_depth=None, packages_select_by_dep=None, packages_skip_by_dep=None, packages_skip_up_to=None, packages_select_build_failed=False, packages_skip_build_finished=False, packages_select_test_failures=False, packages_skip_test_passed=False, packages_select=['opencv_demo1_show_image'], packages_skip=None, packages_select_regex=None, packages_skip_regex=None, packages_start=None, packages_end=None, allow_overriding=[], cmake_args=None, cmake_target=None, cmake_target_skip_unavailable=False, cmake_clean_cache=False, cmake_clean_first=False, cmake_force_configure=False, ament_cmake_args=None, catkin_cmake_args=None, catkin_skip_building_tests=False, verb_parser=<colcon_defaults.argument_parser.defaults.DefaultArgumentsDecorator object at 0x7f5461cc0e80>, verb_extension=<colcon_core.verb.build.BuildVerb object at 0x7f5461cc3820>, main=<bound method BuildVerb.main of <colcon_core.verb.build.BuildVerb object at 0x7f5461cc3820>>)
[0.579s] Level 1:colcon.colcon_core.package_discovery:discover_packages(colcon_meta) check parameters
[0.579s] Level 1:colcon.colcon_core.package_discovery:discover_packages(recursive) check parameters
[0.579s] Level 1:colcon.colcon_core.package_discovery:discover_packages(ignore) check parameters
[0.579s] Level 1:colcon.colcon_core.package_discovery:discover_packages(path) check parameters
[0.579s] Level 1:colcon.colcon_core.package_discovery:discover_packages(colcon_meta) discover
[0.579s] Level 1:colcon.colcon_core.package_discovery:discover_packages(recursive) discover
[0.579s] INFO:colcon.colcon_core.package_discovery:Crawling recursively for packages in '/home/tungchiahui/user/mysource/ros2src/5.opencv_demo_ws'
[0.580s] Level 1:colcon.colcon_core.package_identification:_identify(.) by extensions ['ignore', 'ignore_ament_install']
[0.580s] Level 1:colcon.colcon_core.package_identification:_identify(.) by extension 'ignore'
[0.580s] Level 1:colcon.colcon_core.package_identification:_identify(.) by extension 'ignore_ament_install'
[0.580s] Level 1:colcon.colcon_core.package_identification:_identify(.) by extensions ['colcon_pkg']
[0.580s] Level 1:colcon.colcon_core.package_identification:_identify(.) by extension 'colcon_pkg'
[0.580s] Level 1:colcon.colcon_core.package_identification:_identify(.) by extensions ['colcon_meta']
[0.580s] Level 1:colcon.colcon_core.package_identification:_identify(.) by extension 'colcon_meta'
[0.580s] Level 1:colcon.colcon_core.package_identification:_identify(.) by extensions ['ros']
[0.580s] Level 1:colcon.colcon_core.package_identification:_identify(.) by extension 'ros'
[0.588s] Level 1:colcon.colcon_core.package_identification:_identify(.) by extensions ['cmake', 'python']
[0.588s] Level 1:colcon.colcon_core.package_identification:_identify(.) by extension 'cmake'
[0.588s] Level 1:colcon.colcon_core.package_identification:_identify(.) by extension 'python'
[0.588s] Level 1:colcon.colcon_core.package_identification:_identify(.) by extensions ['python_setup_py']
[0.588s] Level 1:colcon.colcon_core.package_identification:_identify(.) by extension 'python_setup_py'
[0.588s] Level 1:colcon.colcon_core.package_identification:_identify(build) by extensions ['ignore', 'ignore_ament_install']
[0.588s] Level 1:colcon.colcon_core.package_identification:_identify(build) by extension 'ignore'
[0.588s] Level 1:colcon.colcon_core.package_identification:_identify(build) ignored
[0.589s] Level 1:colcon.colcon_core.package_identification:_identify(install) by extensions ['ignore', 'ignore_ament_install']
[0.589s] Level 1:colcon.colcon_core.package_identification:_identify(install) by extension 'ignore'
[0.589s] Level 1:colcon.colcon_core.package_identification:_identify(install) ignored
[0.589s] Level 1:colcon.colcon_core.package_identification:_identify(log) by extensions ['ignore', 'ignore_ament_install']
[0.589s] Level 1:colcon.colcon_core.package_identification:_identify(log) by extension 'ignore'
[0.589s] Level 1:colcon.colcon_core.package_identification:_identify(log) ignored
[0.589s] Level 1:colcon.colcon_core.package_identification:_identify(media) by extensions ['ignore', 'ignore_ament_install']
[0.589s] Level 1:colcon.colcon_core.package_identification:_identify(media) by extension 'ignore'
[0.589s] Level 1:colcon.colcon_core.package_identification:_identify(media) by extension 'ignore_ament_install'
[0.589s] Level 1:colcon.colcon_core.package_identification:_identify(media) by extensions ['colcon_pkg']
[0.589s] Level 1:colcon.colcon_core.package_identification:_identify(media) by extension 'colcon_pkg'
[0.589s] Level 1:colcon.colcon_core.package_identification:_identify(media) by extensions ['colcon_meta']
[0.589s] Level 1:colcon.colcon_core.package_identification:_identify(media) by extension 'colcon_meta'
[0.589s] Level 1:colcon.colcon_core.package_identification:_identify(media) by extensions ['ros']
[0.589s] Level 1:colcon.colcon_core.package_identification:_identify(media) by extension 'ros'
[0.589s] Level 1:colcon.colcon_core.package_identification:_identify(media) by extensions ['cmake', 'python']
[0.589s] Level 1:colcon.colcon_core.package_identification:_identify(media) by extension 'cmake'
[0.589s] Level 1:colcon.colcon_core.package_identification:_identify(media) by extension 'python'
[0.590s] Level 1:colcon.colcon_core.package_identification:_identify(media) by extensions ['python_setup_py']
[0.590s] Level 1:colcon.colcon_core.package_identification:_identify(media) by extension 'python_setup_py'
[0.590s] Level 1:colcon.colcon_core.package_identification:_identify(src) by extensions ['ignore', 'ignore_ament_install']
[0.590s] Level 1:colcon.colcon_core.package_identification:_identify(src) by extension 'ignore'
[0.590s] Level 1:colcon.colcon_core.package_identification:_identify(src) by extension 'ignore_ament_install'
[0.590s] Level 1:colcon.colcon_core.package_identification:_identify(src) by extensions ['colcon_pkg']
[0.590s] Level 1:colcon.colcon_core.package_identification:_identify(src) by extension 'colcon_pkg'
[0.590s] Level 1:colcon.colcon_core.package_identification:_identify(src) by extensions ['colcon_meta']
[0.590s] Level 1:colcon.colcon_core.package_identification:_identify(src) by extension 'colcon_meta'
[0.590s] Level 1:colcon.colcon_core.package_identification:_identify(src) by extensions ['ros']
[0.590s] Level 1:colcon.colcon_core.package_identification:_identify(src) by extension 'ros'
[0.590s] Level 1:colcon.colcon_core.package_identification:_identify(src) by extensions ['cmake', 'python']
[0.590s] Level 1:colcon.colcon_core.package_identification:_identify(src) by extension 'cmake'
[0.590s] Level 1:colcon.colcon_core.package_identification:_identify(src) by extension 'python'
[0.590s] Level 1:colcon.colcon_core.package_identification:_identify(src) by extensions ['python_setup_py']
[0.590s] Level 1:colcon.colcon_core.package_identification:_identify(src) by extension 'python_setup_py'
[0.590s] Level 1:colcon.colcon_core.package_identification:_identify(src/opencv_demo1_show_image) by extensions ['ignore', 'ignore_ament_install']
[0.590s] Level 1:colcon.colcon_core.package_identification:_identify(src/opencv_demo1_show_image) by extension 'ignore'
[0.590s] Level 1:colcon.colcon_core.package_identification:_identify(src/opencv_demo1_show_image) by extension 'ignore_ament_install'
[0.590s] Level 1:colcon.colcon_core.package_identification:_identify(src/opencv_demo1_show_image) by extensions ['colcon_pkg']
[0.590s] Level 1:colcon.colcon_core.package_identification:_identify(src/opencv_demo1_show_image) by extension 'colcon_pkg'
[0.590s] Level 1:colcon.colcon_core.package_identification:_identify(src/opencv_demo1_show_image) by extensions ['colcon_meta']
[0.590s] Level 1:colcon.colcon_core.package_identification:_identify(src/opencv_demo1_show_image) by extension 'colcon_meta'
[0.590s] Level 1:colcon.colcon_core.package_identification:_identify(src/opencv_demo1_show_image) by extensions ['ros']
[0.591s] Level 1:colcon.colcon_core.package_identification:_identify(src/opencv_demo1_show_image) by extension 'ros'
[0.593s] DEBUG:colcon.colcon_core.package_identification:Package 'src/opencv_demo1_show_image' with type 'ros.ament_cmake' and name 'opencv_demo1_show_image'
[0.593s] Level 1:colcon.colcon_core.package_identification:_identify(src/opencv_demo2_video_capture) by extensions ['ignore', 'ignore_ament_install']
[0.593s] Level 1:colcon.colcon_core.package_identification:_identify(src/opencv_demo2_video_capture) by extension 'ignore'
[0.593s] Level 1:colcon.colcon_core.package_identification:_identify(src/opencv_demo2_video_capture) by extension 'ignore_ament_install'
[0.594s] Level 1:colcon.colcon_core.package_identification:_identify(src/opencv_demo2_video_capture) by extensions ['colcon_pkg']
[0.594s] Level 1:colcon.colcon_core.package_identification:_identify(src/opencv_demo2_video_capture) by extension 'colcon_pkg'
[0.594s] Level 1:colcon.colcon_core.package_identification:_identify(src/opencv_demo2_video_capture) by extensions ['colcon_meta']
[0.594s] Level 1:colcon.colcon_core.package_identification:_identify(src/opencv_demo2_video_capture) by extension 'colcon_meta'
[0.594s] Level 1:colcon.colcon_core.package_identification:_identify(src/opencv_demo2_video_capture) by extensions ['ros']
[0.594s] Level 1:colcon.colcon_core.package_identification:_identify(src/opencv_demo2_video_capture) by extension 'ros'
[0.594s] DEBUG:colcon.colcon_core.package_identification:Package 'src/opencv_demo2_video_capture' with type 'ros.ament_cmake' and name 'opencv_demo2_video_capture'
[0.595s] Level 1:colcon.colcon_core.package_identification:_identify(src/opencv_demo3_save_media_file) by extensions ['ignore', 'ignore_ament_install']
[0.595s] Level 1:colcon.colcon_core.package_identification:_identify(src/opencv_demo3_save_media_file) by extension 'ignore'
[0.595s] Level 1:colcon.colcon_core.package_identification:_identify(src/opencv_demo3_save_media_file) by extension 'ignore_ament_install'
[0.595s] Level 1:colcon.colcon_core.package_identification:_identify(src/opencv_demo3_save_media_file) by extensions ['colcon_pkg']
[0.595s] Level 1:colcon.colcon_core.package_identification:_identify(src/opencv_demo3_save_media_file) by extension 'colcon_pkg'
[0.595s] Level 1:colcon.colcon_core.package_identification:_identify(src/opencv_demo3_save_media_file) by extensions ['colcon_meta']
[0.595s] Level 1:colcon.colcon_core.package_identification:_identify(src/opencv_demo3_save_media_file) by extension 'colcon_meta'
[0.595s] Level 1:colcon.colcon_core.package_identification:_identify(src/opencv_demo3_save_media_file) by extensions ['ros']
[0.595s] Level 1:colcon.colcon_core.package_identification:_identify(src/opencv_demo3_save_media_file) by extension 'ros'
[0.596s] DEBUG:colcon.colcon_core.package_identification:Package 'src/opencv_demo3_save_media_file' with type 'ros.ament_cmake' and name 'opencv_demo3_save_media_file'
[0.596s] Level 1:colcon.colcon_core.package_discovery:discover_packages(recursive) using defaults
[0.596s] Level 1:colcon.colcon_core.package_discovery:discover_packages(ignore) discover
[0.596s] Level 1:colcon.colcon_core.package_discovery:discover_packages(ignore) using defaults
[0.596s] Level 1:colcon.colcon_core.package_discovery:discover_packages(path) discover
[0.596s] Level 1:colcon.colcon_core.package_discovery:discover_packages(path) using defaults
[0.648s] INFO:colcon.colcon_core.package_selection:Skipping not selected package 'opencv_demo2_video_capture' in 'src/opencv_demo2_video_capture'
[0.648s] INFO:colcon.colcon_core.package_selection:Skipping not selected package 'opencv_demo3_save_media_file' in 'src/opencv_demo3_save_media_file'
[0.664s] Level 1:colcon.colcon_core.package_discovery:discover_packages(prefix_path) check parameters
[0.664s] Level 1:colcon.colcon_core.package_discovery:discover_packages(prefix_path) discover
[0.680s] DEBUG:colcon.colcon_installed_package_information.package_discovery:Found 270 installed packages in /opt/ros/humble
[0.681s] Level 1:colcon.colcon_core.package_discovery:discover_packages(prefix_path) using defaults
[0.742s] Level 5:colcon.colcon_core.verb:set package 'opencv_demo1_show_image' build argument 'cmake_args' from command line to 'None'
[0.742s] Level 5:colcon.colcon_core.verb:set package 'opencv_demo1_show_image' build argument 'cmake_target' from command line to 'None'
[0.742s] Level 5:colcon.colcon_core.verb:set package 'opencv_demo1_show_image' build argument 'cmake_target_skip_unavailable' from command line to 'False'
[0.742s] Level 5:colcon.colcon_core.verb:set package 'opencv_demo1_show_image' build argument 'cmake_clean_cache' from command line to 'False'
[0.742s] Level 5:colcon.colcon_core.verb:set package 'opencv_demo1_show_image' build argument 'cmake_clean_first' from command line to 'False'
[0.742s] Level 5:colcon.colcon_core.verb:set package 'opencv_demo1_show_image' build argument 'cmake_force_configure' from command line to 'False'
[0.742s] Level 5:colcon.colcon_core.verb:set package 'opencv_demo1_show_image' build argument 'ament_cmake_args' from command line to 'None'
[0.742s] Level 5:colcon.colcon_core.verb:set package 'opencv_demo1_show_image' build argument 'catkin_cmake_args' from command line to 'None'
[0.742s] Level 5:colcon.colcon_core.verb:set package 'opencv_demo1_show_image' build argument 'catkin_skip_building_tests' from command line to 'False'
[0.742s] DEBUG:colcon.colcon_core.verb:Building package 'opencv_demo1_show_image' with the following arguments: {'ament_cmake_args': None, 'build_base': '/home/tungchiahui/user/mysource/ros2src/5.opencv_demo_ws/build/opencv_demo1_show_image', 'catkin_cmake_args': None, 'catkin_skip_building_tests': False, 'cmake_args': None, 'cmake_clean_cache': False, 'cmake_clean_first': False, 'cmake_force_configure': False, 'cmake_target': None, 'cmake_target_skip_unavailable': False, 'install_base': '/home/tungchiahui/user/mysource/ros2src/5.opencv_demo_ws/install/opencv_demo1_show_image', 'merge_install': False, 'path': '/home/tungchiahui/user/mysource/ros2src/5.opencv_demo_ws/src/opencv_demo1_show_image', 'symlink_install': False, 'test_result_base': None}
[0.750s] INFO:colcon.colcon_core.executor:Executing jobs using 'parallel' executor
[0.759s] DEBUG:colcon.colcon_parallel_executor.executor.parallel:run_until_complete
[0.759s] INFO:colcon.colcon_ros.task.ament_cmake.build:Building ROS package in '/home/tungchiahui/user/mysource/ros2src/5.opencv_demo_ws/src/opencv_demo1_show_image' with build type 'ament_cmake'
[0.759s] INFO:colcon.colcon_cmake.task.cmake.build:Building CMake package in '/home/tungchiahui/user/mysource/ros2src/5.opencv_demo_ws/src/opencv_demo1_show_image'
[0.768s] INFO:colcon.colcon_core.plugin_system:Skipping extension 'colcon_core.shell.bat': Not used on non-Windows systems
[0.768s] INFO:colcon.colcon_core.shell:Skip shell extension 'powershell' for command environment: Not usable outside of PowerShell
[0.768s] DEBUG:colcon.colcon_core.shell:Skip shell extension 'dsv' for command environment
[0.792s] DEBUG:colcon.colcon_core.event_handler.log_command:Invoking command in '/home/tungchiahui/user/mysource/ros2src/5.opencv_demo_ws/build/opencv_demo1_show_image': CMAKE_PREFIX_PATH=/opt/ros/humble /usr/bin/cmake /home/tungchiahui/user/mysource/ros2src/5.opencv_demo_ws/src/opencv_demo1_show_image -DCMAKE_INSTALL_PREFIX=/home/tungchiahui/user/mysource/ros2src/5.opencv_demo_ws/install/opencv_demo1_show_image
[1.789s] DEBUG:colcon.colcon_core.event_handler.log_command:Invoked command in '/home/tungchiahui/user/mysource/ros2src/5.opencv_demo_ws/build/opencv_demo1_show_image' returned '0': CMAKE_PREFIX_PATH=/opt/ros/humble /usr/bin/cmake /home/tungchiahui/user/mysource/ros2src/5.opencv_demo_ws/src/opencv_demo1_show_image -DCMAKE_INSTALL_PREFIX=/home/tungchiahui/user/mysource/ros2src/5.opencv_demo_ws/install/opencv_demo1_show_image
[1.791s] DEBUG:colcon.colcon_core.event_handler.log_command:Invoking command in '/home/tungchiahui/user/mysource/ros2src/5.opencv_demo_ws/build/opencv_demo1_show_image': CMAKE_PREFIX_PATH=/opt/ros/humble /usr/bin/cmake --build /home/tungchiahui/user/mysource/ros2src/5.opencv_demo_ws/build/opencv_demo1_show_image -- -j16 -l16
[4.885s] DEBUG:colcon.colcon_core.event_handler.log_command:Invoked command in '/home/tungchiahui/user/mysource/ros2src/5.opencv_demo_ws/build/opencv_demo1_show_image' returned '0': CMAKE_PREFIX_PATH=/opt/ros/humble /usr/bin/cmake --build /home/tungchiahui/user/mysource/ros2src/5.opencv_demo_ws/build/opencv_demo1_show_image -- -j16 -l16
[4.912s] DEBUG:colcon.colcon_core.event_handler.log_command:Invoking command in '/home/tungchiahui/user/mysource/ros2src/5.opencv_demo_ws/build/opencv_demo1_show_image': CMAKE_PREFIX_PATH=/opt/ros/humble /usr/bin/cmake --install /home/tungchiahui/user/mysource/ros2src/5.opencv_demo_ws/build/opencv_demo1_show_image
[4.922s] Level 1:colcon.colcon_core.environment:create_environment_scripts_only(opencv_demo1_show_image)
[4.922s] DEBUG:colcon.colcon_core.event_handler.log_command:Invoked command in '/home/tungchiahui/user/mysource/ros2src/5.opencv_demo_ws/build/opencv_demo1_show_image' returned '0': CMAKE_PREFIX_PATH=/opt/ros/humble /usr/bin/cmake --install /home/tungchiahui/user/mysource/ros2src/5.opencv_demo_ws/build/opencv_demo1_show_image
[4.932s] Level 1:colcon.colcon_core.environment:checking '/home/tungchiahui/user/mysource/ros2src/5.opencv_demo_ws/install/opencv_demo1_show_image' for CMake module files
[4.933s] Level 1:colcon.colcon_core.environment:checking '/home/tungchiahui/user/mysource/ros2src/5.opencv_demo_ws/install/opencv_demo1_show_image' for CMake config files
[4.933s] Level 1:colcon.colcon_core.shell:create_environment_hook('opencv_demo1_show_image', 'cmake_prefix_path')
[4.942s] INFO:colcon.colcon_core.shell:Creating environment hook '/home/tungchiahui/user/mysource/ros2src/5.opencv_demo_ws/install/opencv_demo1_show_image/share/opencv_demo1_show_image/hook/cmake_prefix_path.ps1'
[4.942s] INFO:colcon.colcon_core.shell:Creating environment descriptor '/home/tungchiahui/user/mysource/ros2src/5.opencv_demo_ws/install/opencv_demo1_show_image/share/opencv_demo1_show_image/hook/cmake_prefix_path.dsv'
[4.943s] INFO:colcon.colcon_core.shell:Creating environment hook '/home/tungchiahui/user/mysource/ros2src/5.opencv_demo_ws/install/opencv_demo1_show_image/share/opencv_demo1_show_image/hook/cmake_prefix_path.sh'
[4.943s] Level 1:colcon.colcon_core.environment:checking '/home/tungchiahui/user/mysource/ros2src/5.opencv_demo_ws/install/opencv_demo1_show_image/lib'
[4.943s] Level 1:colcon.colcon_core.environment:checking '/home/tungchiahui/user/mysource/ros2src/5.opencv_demo_ws/install/opencv_demo1_show_image/bin'
[4.943s] Level 1:colcon.colcon_core.environment:checking '/home/tungchiahui/user/mysource/ros2src/5.opencv_demo_ws/install/opencv_demo1_show_image/lib/pkgconfig/opencv_demo1_show_image.pc'
[4.944s] Level 1:colcon.colcon_core.environment:checking '/home/tungchiahui/user/mysource/ros2src/5.opencv_demo_ws/install/opencv_demo1_show_image/lib/python3.10/site-packages'
[4.944s] Level 1:colcon.colcon_core.environment:checking '/home/tungchiahui/user/mysource/ros2src/5.opencv_demo_ws/install/opencv_demo1_show_image/bin'
[4.952s] INFO:colcon.colcon_core.shell:Creating package script '/home/tungchiahui/user/mysource/ros2src/5.opencv_demo_ws/install/opencv_demo1_show_image/share/opencv_demo1_show_image/package.ps1'
[4.952s] INFO:colcon.colcon_core.shell:Creating package descriptor '/home/tungchiahui/user/mysource/ros2src/5.opencv_demo_ws/install/opencv_demo1_show_image/share/opencv_demo1_show_image/package.dsv'
[4.953s] INFO:colcon.colcon_core.shell:Creating package script '/home/tungchiahui/user/mysource/ros2src/5.opencv_demo_ws/install/opencv_demo1_show_image/share/opencv_demo1_show_image/package.sh'
[4.953s] INFO:colcon.colcon_core.shell:Creating package script '/home/tungchiahui/user/mysource/ros2src/5.opencv_demo_ws/install/opencv_demo1_show_image/share/opencv_demo1_show_image/package.bash'
[4.953s] INFO:colcon.colcon_core.shell:Creating package script '/home/tungchiahui/user/mysource/ros2src/5.opencv_demo_ws/install/opencv_demo1_show_image/share/opencv_demo1_show_image/package.zsh'
[4.954s] Level 1:colcon.colcon_core.environment:create_file_with_runtime_dependencies(/home/tungchiahui/user/mysource/ros2src/5.opencv_demo_ws/install/opencv_demo1_show_image/share/colcon-core/packages/opencv_demo1_show_image)
[4.984s] Level 1:colcon.colcon_core.environment:create_environment_scripts_only(opencv_demo1_show_image)
[4.993s] Level 1:colcon.colcon_core.environment:checking '/home/tungchiahui/user/mysource/ros2src/5.opencv_demo_ws/install/opencv_demo1_show_image' for CMake module files
[4.993s] Level 1:colcon.colcon_core.environment:checking '/home/tungchiahui/user/mysource/ros2src/5.opencv_demo_ws/install/opencv_demo1_show_image' for CMake config files
[4.994s] Level 1:colcon.colcon_core.shell:create_environment_hook('opencv_demo1_show_image', 'cmake_prefix_path')
[5.002s] INFO:colcon.colcon_core.shell:Creating environment hook '/home/tungchiahui/user/mysource/ros2src/5.opencv_demo_ws/install/opencv_demo1_show_image/share/opencv_demo1_show_image/hook/cmake_prefix_path.ps1'
[5.002s] INFO:colcon.colcon_core.shell:Creating environment descriptor '/home/tungchiahui/user/mysource/ros2src/5.opencv_demo_ws/install/opencv_demo1_show_image/share/opencv_demo1_show_image/hook/cmake_prefix_path.dsv'
[5.002s] INFO:colcon.colcon_core.shell:Creating environment hook '/home/tungchiahui/user/mysource/ros2src/5.opencv_demo_ws/install/opencv_demo1_show_image/share/opencv_demo1_show_image/hook/cmake_prefix_path.sh'
[5.002s] Level 1:colcon.colcon_core.environment:checking '/home/tungchiahui/user/mysource/ros2src/5.opencv_demo_ws/install/opencv_demo1_show_image/lib'
[5.003s] Level 1:colcon.colcon_core.environment:checking '/home/tungchiahui/user/mysource/ros2src/5.opencv_demo_ws/install/opencv_demo1_show_image/bin'
[5.003s] Level 1:colcon.colcon_core.environment:checking '/home/tungchiahui/user/mysource/ros2src/5.opencv_demo_ws/install/opencv_demo1_show_image/lib/pkgconfig/opencv_demo1_show_image.pc'
[5.003s] Level 1:colcon.colcon_core.environment:checking '/home/tungchiahui/user/mysource/ros2src/5.opencv_demo_ws/install/opencv_demo1_show_image/lib/python3.10/site-packages'
[5.003s] Level 1:colcon.colcon_core.environment:checking '/home/tungchiahui/user/mysource/ros2src/5.opencv_demo_ws/install/opencv_demo1_show_image/bin'
[5.011s] INFO:colcon.colcon_core.shell:Creating package script '/home/tungchiahui/user/mysource/ros2src/5.opencv_demo_ws/install/opencv_demo1_show_image/share/opencv_demo1_show_image/package.ps1'
[5.011s] INFO:colcon.colcon_core.shell:Creating package descriptor '/home/tungchiahui/user/mysource/ros2src/5.opencv_demo_ws/install/opencv_demo1_show_image/share/opencv_demo1_show_image/package.dsv'
[5.012s] INFO:colcon.colcon_core.shell:Creating package script '/home/tungchiahui/user/mysource/ros2src/5.opencv_demo_ws/install/opencv_demo1_show_image/share/opencv_demo1_show_image/package.sh'
[5.012s] INFO:colcon.colcon_core.shell:Creating package script '/home/tungchiahui/user/mysource/ros2src/5.opencv_demo_ws/install/opencv_demo1_show_image/share/opencv_demo1_show_image/package.bash'
[5.012s] INFO:colcon.colcon_core.shell:Creating package script '/home/tungchiahui/user/mysource/ros2src/5.opencv_demo_ws/install/opencv_demo1_show_image/share/opencv_demo1_show_image/package.zsh'
[5.012s] Level 1:colcon.colcon_core.environment:create_file_with_runtime_dependencies(/home/tungchiahui/user/mysource/ros2src/5.opencv_demo_ws/install/opencv_demo1_show_image/share/colcon-core/packages/opencv_demo1_show_image)
[5.012s] DEBUG:colcon.colcon_parallel_executor.executor.parallel:closing loop
[5.013s] DEBUG:colcon.colcon_parallel_executor.executor.parallel:loop closed
[5.013s] DEBUG:colcon.colcon_parallel_executor.executor.parallel:run_until_complete finished with '0'
[5.013s] DEBUG:colcon.colcon_core.event_reactor:joining thread
[5.028s] INFO:colcon.colcon_core.plugin_system:Skipping extension 'colcon_notification.desktop_notification.terminal_notifier': Not used on non-Darwin systems
[5.028s] INFO:colcon.colcon_core.plugin_system:Skipping extension 'colcon_notification.desktop_notification.win32': Not used on non-Windows systems
[5.028s] INFO:colcon.colcon_notification.desktop_notification:Sending desktop notification using 'notify2'
[5.051s] DEBUG:colcon.colcon_core.event_reactor:joined thread
[5.061s] INFO:colcon.colcon_core.shell:Creating prefix script '/home/tungchiahui/user/mysource/ros2src/5.opencv_demo_ws/install/local_setup.ps1'
[5.062s] INFO:colcon.colcon_core.shell:Creating prefix util module '/home/tungchiahui/user/mysource/ros2src/5.opencv_demo_ws/install/_local_setup_util_ps1.py'
[5.063s] INFO:colcon.colcon_core.shell:Creating prefix chain script '/home/tungchiahui/user/mysource/ros2src/5.opencv_demo_ws/install/setup.ps1'
[5.072s] INFO:colcon.colcon_core.shell:Creating prefix script '/home/tungchiahui/user/mysource/ros2src/5.opencv_demo_ws/install/local_setup.sh'
[5.072s] INFO:colcon.colcon_core.shell:Creating prefix util module '/home/tungchiahui/user/mysource/ros2src/5.opencv_demo_ws/install/_local_setup_util_sh.py'
[5.073s] INFO:colcon.colcon_core.shell:Creating prefix chain script '/home/tungchiahui/user/mysource/ros2src/5.opencv_demo_ws/install/setup.sh'
[5.082s] INFO:colcon.colcon_core.shell:Creating prefix script '/home/tungchiahui/user/mysource/ros2src/5.opencv_demo_ws/install/local_setup.bash'
[5.082s] INFO:colcon.colcon_core.shell:Creating prefix chain script '/home/tungchiahui/user/mysource/ros2src/5.opencv_demo_ws/install/setup.bash'
[5.091s] INFO:colcon.colcon_core.shell:Creating prefix script '/home/tungchiahui/user/mysource/ros2src/5.opencv_demo_ws/install/local_setup.zsh'
[5.091s] INFO:colcon.colcon_core.shell:Creating prefix chain script '/home/tungchiahui/user/mysource/ros2src/5.opencv_demo_ws/install/setup.zsh'
