[0.044s] Invoking command in '/home/tungchiahui/user/mysource/ros2src/5.opencv_demo_ws/build/opencv_demo3_1_color_space': CMAKE_PREFIX_PATH=${CMAKE_PREFIX_PATH}:/opt/ros/humble /usr/bin/cmake /home/tungchiahui/user/mysource/ros2src/5.opencv_demo_ws/src/opencv_demo3_1_color_space -DCMAKE_INSTALL_PREFIX=/home/tungchiahui/user/mysource/ros2src/5.opencv_demo_ws/install/opencv_demo3_1_color_space
[0.078s] -- The C compiler identification is GNU 11.4.0
[0.113s] -- The CXX compiler identification is GNU 11.4.0
[0.118s] -- Detecting C compiler ABI info
[0.162s] -- Detecting C compiler ABI info - done
[0.167s] -- Check for working C compiler: /usr/bin/cc - skipped
[0.167s] -- Detecting C compile features
[0.167s] -- Detecting C compile features - done
[0.169s] -- Detecting CXX compiler ABI info
[0.227s] -- Detecting CXX compiler ABI info - done
[0.231s] -- Check for working CXX compiler: /usr/bin/c++ - skipped
[0.232s] -- Detecting CXX compile features
[0.232s] -- Detecting CXX compile features - done
[0.233s] -- Found ament_cmake: 1.3.6 (/opt/ros/humble/share/ament_cmake/cmake)
[0.351s] -- Found Python3: /usr/bin/python3.10 (found version "3.10.12") found components: Interpreter 
[0.412s] -- Found rclcpp: 16.0.7 (/opt/ros/humble/share/rclcpp/cmake)
[0.449s] -- Found rosidl_generator_c: 3.1.5 (/opt/ros/humble/share/rosidl_generator_c/cmake)
[0.452s] -- Found rosidl_adapter: 3.1.5 (/opt/ros/humble/share/rosidl_adapter/cmake)
[0.458s] -- Found rosidl_generator_cpp: 3.1.5 (/opt/ros/humble/share/rosidl_generator_cpp/cmake)
[0.470s] -- Using all available rosidl_typesupport_c: rosidl_typesupport_fastrtps_c;rosidl_typesupport_introspection_c
[0.488s] -- Using all available rosidl_typesupport_cpp: rosidl_typesupport_fastrtps_cpp;rosidl_typesupport_introspection_cpp
[0.533s] -- Found rmw_implementation_cmake: 6.1.1 (/opt/ros/humble/share/rmw_implementation_cmake/cmake)
[0.534s] -- Found rmw_fastrtps_cpp: 6.2.5 (/opt/ros/humble/share/rmw_fastrtps_cpp/cmake)
[0.592s] -- Found OpenSSL: /usr/lib/x86_64-linux-gnu/libcrypto.so (found version "3.0.2")  
[0.610s] -- Found FastRTPS: /opt/ros/humble/include  
[0.644s] -- Using RMW implementation 'rmw_fastrtps_cpp' as default
[0.649s] -- Looking for pthread.h
[0.702s] -- Looking for pthread.h - found
[0.702s] -- Performing Test CMAKE_HAVE_LIBC_PTHREAD
[0.750s] -- Performing Test CMAKE_HAVE_LIBC_PTHREAD - Success
[0.751s] -- Found Threads: TRUE  
[0.863s] -- Found CUDA: /usr/local/cuda-11.8 (found suitable exact version "11.8") 
[0.870s] -- Found OpenCV: /usr/local/opencv-4.8.1 (found version "4.8.1") 
[0.870s] -- Found sensor_msgs: 4.2.3 (/opt/ros/humble/share/sensor_msgs/cmake)
[0.964s] -- Found cv_bridge: 3.2.1 (/opt/ros/humble/share/cv_bridge/cmake)
[0.972s] -- Found image_transport: 3.1.7 (/opt/ros/humble/share/image_transport/cmake)
[1.009s] -- Found ament_lint_auto: 0.12.9 (/opt/ros/humble/share/ament_lint_auto/cmake)
[1.060s] -- Added test 'cppcheck' to perform static code analysis on C / C++ code
[1.060s] -- Configured cppcheck include dirs: $<BUILD_INTERFACE:/home/tungchiahui/user/mysource/ros2src/5.opencv_demo_ws/src/opencv_demo3_1_color_space/include>
[1.060s] -- Configured cppcheck exclude dirs and/or files: 
[1.060s] -- Added test 'lint_cmake' to check CMake code style
[1.061s] -- Added test 'uncrustify' to check C / C++ code style
[1.061s] -- Configured uncrustify additional arguments: 
[1.061s] -- Added test 'xmllint' to check XML markup files
[1.062s] -- Configuring done
[1.075s] -- Generating done
[1.076s] -- Build files have been written to: /home/tungchiahui/user/mysource/ros2src/5.opencv_demo_ws/build/opencv_demo3_1_color_space
[1.085s] Invoked command in '/home/tungchiahui/user/mysource/ros2src/5.opencv_demo_ws/build/opencv_demo3_1_color_space' returned '0': CMAKE_PREFIX_PATH=${CMAKE_PREFIX_PATH}:/opt/ros/humble /usr/bin/cmake /home/tungchiahui/user/mysource/ros2src/5.opencv_demo_ws/src/opencv_demo3_1_color_space -DCMAKE_INSTALL_PREFIX=/home/tungchiahui/user/mysource/ros2src/5.opencv_demo_ws/install/opencv_demo3_1_color_space
[1.087s] Invoking command in '/home/tungchiahui/user/mysource/ros2src/5.opencv_demo_ws/build/opencv_demo3_1_color_space': CMAKE_PREFIX_PATH=${CMAKE_PREFIX_PATH}:/opt/ros/humble /usr/bin/cmake --build /home/tungchiahui/user/mysource/ros2src/5.opencv_demo_ws/build/opencv_demo3_1_color_space -- -j16 -l16
[1.131s] [ 25%] [32mBuilding CXX object CMakeFiles/image_split_and_merge_node.dir/src/image_split_and_merge_node.cpp.o[0m
[1.132s] [ 50%] [32mBuilding CXX object CMakeFiles/image_convert_color_space.dir/src/image_convert_color_space.cpp.o[0m
[5.557s] [ 75%] [32m[1mLinking CXX executable image_convert_color_space[0m
[5.597s] [100%] [32m[1mLinking CXX executable image_split_and_merge_node[0m
[5.732s] [100%] Built target image_split_and_merge_node
[5.745s] [100%] Built target image_convert_color_space
[5.753s] Invoked command in '/home/tungchiahui/user/mysource/ros2src/5.opencv_demo_ws/build/opencv_demo3_1_color_space' returned '0': CMAKE_PREFIX_PATH=${CMAKE_PREFIX_PATH}:/opt/ros/humble /usr/bin/cmake --build /home/tungchiahui/user/mysource/ros2src/5.opencv_demo_ws/build/opencv_demo3_1_color_space -- -j16 -l16
[5.771s] Invoking command in '/home/tungchiahui/user/mysource/ros2src/5.opencv_demo_ws/build/opencv_demo3_1_color_space': CMAKE_PREFIX_PATH=${CMAKE_PREFIX_PATH}:/opt/ros/humble /usr/bin/cmake --install /home/tungchiahui/user/mysource/ros2src/5.opencv_demo_ws/build/opencv_demo3_1_color_space
[5.777s] -- Install configuration: ""
[5.777s] -- Installing: /home/tungchiahui/user/mysource/ros2src/5.opencv_demo_ws/install/opencv_demo3_1_color_space/lib/opencv_demo3_1_color_space/image_split_and_merge_node
[5.777s] -- Set runtime path of "/home/tungchiahui/user/mysource/ros2src/5.opencv_demo_ws/install/opencv_demo3_1_color_space/lib/opencv_demo3_1_color_space/image_split_and_merge_node" to ""
[5.777s] -- Installing: /home/tungchiahui/user/mysource/ros2src/5.opencv_demo_ws/install/opencv_demo3_1_color_space/lib/opencv_demo3_1_color_space/image_convert_color_space
[5.778s] -- Set runtime path of "/home/tungchiahui/user/mysource/ros2src/5.opencv_demo_ws/install/opencv_demo3_1_color_space/lib/opencv_demo3_1_color_space/image_convert_color_space" to ""
[5.778s] -- Installing: /home/tungchiahui/user/mysource/ros2src/5.opencv_demo_ws/install/opencv_demo3_1_color_space/share/ament_index/resource_index/package_run_dependencies/opencv_demo3_1_color_space
[5.778s] -- Installing: /home/tungchiahui/user/mysource/ros2src/5.opencv_demo_ws/install/opencv_demo3_1_color_space/share/ament_index/resource_index/parent_prefix_path/opencv_demo3_1_color_space
[5.778s] -- Installing: /home/tungchiahui/user/mysource/ros2src/5.opencv_demo_ws/install/opencv_demo3_1_color_space/share/opencv_demo3_1_color_space/environment/ament_prefix_path.sh
[5.778s] -- Installing: /home/tungchiahui/user/mysource/ros2src/5.opencv_demo_ws/install/opencv_demo3_1_color_space/share/opencv_demo3_1_color_space/environment/ament_prefix_path.dsv
[5.778s] -- Installing: /home/tungchiahui/user/mysource/ros2src/5.opencv_demo_ws/install/opencv_demo3_1_color_space/share/opencv_demo3_1_color_space/environment/path.sh
[5.778s] -- Installing: /home/tungchiahui/user/mysource/ros2src/5.opencv_demo_ws/install/opencv_demo3_1_color_space/share/opencv_demo3_1_color_space/environment/path.dsv
[5.778s] -- Installing: /home/tungchiahui/user/mysource/ros2src/5.opencv_demo_ws/install/opencv_demo3_1_color_space/share/opencv_demo3_1_color_space/local_setup.bash
[5.778s] -- Installing: /home/tungchiahui/user/mysource/ros2src/5.opencv_demo_ws/install/opencv_demo3_1_color_space/share/opencv_demo3_1_color_space/local_setup.sh
[5.778s] -- Installing: /home/tungchiahui/user/mysource/ros2src/5.opencv_demo_ws/install/opencv_demo3_1_color_space/share/opencv_demo3_1_color_space/local_setup.zsh
[5.778s] -- Installing: /home/tungchiahui/user/mysource/ros2src/5.opencv_demo_ws/install/opencv_demo3_1_color_space/share/opencv_demo3_1_color_space/local_setup.dsv
[5.778s] -- Installing: /home/tungchiahui/user/mysource/ros2src/5.opencv_demo_ws/install/opencv_demo3_1_color_space/share/opencv_demo3_1_color_space/package.dsv
[5.778s] -- Installing: /home/tungchiahui/user/mysource/ros2src/5.opencv_demo_ws/install/opencv_demo3_1_color_space/share/ament_index/resource_index/packages/opencv_demo3_1_color_space
[5.778s] -- Installing: /home/tungchiahui/user/mysource/ros2src/5.opencv_demo_ws/install/opencv_demo3_1_color_space/share/opencv_demo3_1_color_space/cmake/opencv_demo3_1_color_spaceConfig.cmake
[5.778s] -- Installing: /home/tungchiahui/user/mysource/ros2src/5.opencv_demo_ws/install/opencv_demo3_1_color_space/share/opencv_demo3_1_color_space/cmake/opencv_demo3_1_color_spaceConfig-version.cmake
[5.779s] -- Installing: /home/tungchiahui/user/mysource/ros2src/5.opencv_demo_ws/install/opencv_demo3_1_color_space/share/opencv_demo3_1_color_space/package.xml
[5.780s] Invoked command in '/home/tungchiahui/user/mysource/ros2src/5.opencv_demo_ws/build/opencv_demo3_1_color_space' returned '0': CMAKE_PREFIX_PATH=${CMAKE_PREFIX_PATH}:/opt/ros/humble /usr/bin/cmake --install /home/tungchiahui/user/mysource/ros2src/5.opencv_demo_ws/build/opencv_demo3_1_color_space
