[0.030s] Invoking command in '/home/tungchiahui/mysource/ros2src/5.opencv_demo_ws/build/opencv_demo1': CMAKE_PREFIX_PATH=/opt/ros/humble /usr/bin/cmake /home/tungchiahui/mysource/ros2src/5.opencv_demo_ws/src/opencv_demo1 -DCMAKE_INSTALL_PREFIX=/home/tungchiahui/mysource/ros2src/5.opencv_demo_ws/install/opencv_demo1
[0.145s] -- The C compiler identification is GNU 11.4.0
[0.237s] -- The CXX compiler identification is GNU 11.4.0
[0.243s] -- Detecting C compiler ABI info
[0.289s] -- Detecting C compiler ABI info - done
[0.293s] -- Check for working C compiler: /usr/bin/cc - skipped
[0.294s] -- Detecting C compile features
[0.294s] -- Detecting C compile features - done
[0.297s] -- Detecting CXX compiler ABI info
[0.345s] -- Detecting CXX compiler ABI info - done
[0.350s] -- Check for working CXX compiler: /usr/bin/c++ - skipped
[0.350s] -- Detecting CXX compile features
[0.350s] -- Detecting CXX compile features - done
[0.354s] -- Found ament_cmake: 1.3.5 (/opt/ros/humble/share/ament_cmake/cmake)
[0.455s] -- Found Python3: /usr/bin/python3.10 (found version "3.10.12") found components: Interpreter 
[0.518s] -- Found rclcpp: 16.0.6 (/opt/ros/humble/share/rclcpp/cmake)
[0.556s] -- Found rosidl_generator_c: 3.1.5 (/opt/ros/humble/share/rosidl_generator_c/cmake)
[0.560s] -- Found rosidl_adapter: 3.1.5 (/opt/ros/humble/share/rosidl_adapter/cmake)
[0.567s] -- Found rosidl_generator_cpp: 3.1.5 (/opt/ros/humble/share/rosidl_generator_cpp/cmake)
[0.579s] -- Using all available rosidl_typesupport_c: rosidl_typesupport_fastrtps_c;rosidl_typesupport_introspection_c
[0.594s] -- Using all available rosidl_typesupport_cpp: rosidl_typesupport_fastrtps_cpp;rosidl_typesupport_introspection_cpp
[0.646s] -- Found rmw_implementation_cmake: 6.1.1 (/opt/ros/humble/share/rmw_implementation_cmake/cmake)
[0.649s] -- Found rmw_fastrtps_cpp: 6.2.4 (/opt/ros/humble/share/rmw_fastrtps_cpp/cmake)
[0.714s] -- Found OpenSSL: /usr/lib/x86_64-linux-gnu/libcrypto.so (found version "3.0.2")  
[0.732s] -- Found FastRTPS: /opt/ros/humble/include  
[0.759s] -- Using RMW implementation 'rmw_fastrtps_cpp' as default
[0.768s] -- Looking for pthread.h
[0.818s] -- Looking for pthread.h - found
[0.818s] -- Performing Test CMAKE_HAVE_LIBC_PTHREAD
[0.861s] -- Performing Test CMAKE_HAVE_LIBC_PTHREAD - Success
[0.861s] -- Found Threads: TRUE  
[0.972s] -- Found OpenCV: /usr/local (found version "4.8.1") 
[0.974s] -- Found sensor_msgs: 4.2.3 (/opt/ros/humble/share/sensor_msgs/cmake)
[1.056s] -- Found cv_bridge: 3.2.1 (/opt/ros/humble/share/cv_bridge/cmake)
[1.062s] -- Found image_transport: 3.1.7 (/opt/ros/humble/share/image_transport/cmake)
[1.097s] -- Found ament_lint_auto: 0.12.8 (/opt/ros/humble/share/ament_lint_auto/cmake)
[1.147s] -- Added test 'cppcheck' to perform static code analysis on C / C++ code
[1.147s] -- Configured cppcheck include dirs: $<BUILD_INTERFACE:/home/tungchiahui/mysource/ros2src/5.opencv_demo_ws/src/opencv_demo1/include>
[1.147s] -- Configured cppcheck exclude dirs and/or files: 
[1.147s] -- Added test 'lint_cmake' to check CMake code style
[1.148s] -- Added test 'uncrustify' to check C / C++ code style
[1.148s] -- Configured uncrustify additional arguments: 
[1.148s] -- Added test 'xmllint' to check XML markup files
[1.149s] -- Configuring done
[1.159s] -- Generating done
[1.160s] -- Build files have been written to: /home/tungchiahui/mysource/ros2src/5.opencv_demo_ws/build/opencv_demo1
[1.169s] Invoked command in '/home/tungchiahui/mysource/ros2src/5.opencv_demo_ws/build/opencv_demo1' returned '0': CMAKE_PREFIX_PATH=/opt/ros/humble /usr/bin/cmake /home/tungchiahui/mysource/ros2src/5.opencv_demo_ws/src/opencv_demo1 -DCMAKE_INSTALL_PREFIX=/home/tungchiahui/mysource/ros2src/5.opencv_demo_ws/install/opencv_demo1
[1.169s] Invoking command in '/home/tungchiahui/mysource/ros2src/5.opencv_demo_ws/build/opencv_demo1': CMAKE_PREFIX_PATH=/opt/ros/humble /usr/bin/cmake --build /home/tungchiahui/mysource/ros2src/5.opencv_demo_ws/build/opencv_demo1 -- -j16 -l16
[1.197s] [ 50%] [32mBuilding CXX object CMakeFiles/opencv_node.dir/src/opencv_node.cpp.o[0m
[1.229s] [100%] [32m[1mLinking CXX executable opencv_node[0m
[1.494s] [100%] Built target opencv_node
[1.501s] Invoked command in '/home/tungchiahui/mysource/ros2src/5.opencv_demo_ws/build/opencv_demo1' returned '0': CMAKE_PREFIX_PATH=/opt/ros/humble /usr/bin/cmake --build /home/tungchiahui/mysource/ros2src/5.opencv_demo_ws/build/opencv_demo1 -- -j16 -l16
[1.520s] Invoking command in '/home/tungchiahui/mysource/ros2src/5.opencv_demo_ws/build/opencv_demo1': CMAKE_PREFIX_PATH=/opt/ros/humble /usr/bin/cmake --install /home/tungchiahui/mysource/ros2src/5.opencv_demo_ws/build/opencv_demo1
[1.524s] -- Install configuration: ""
[1.524s] -- Installing: /home/tungchiahui/mysource/ros2src/5.opencv_demo_ws/install/opencv_demo1/lib/opencv_demo1/opencv_node
[1.524s] -- Set runtime path of "/home/tungchiahui/mysource/ros2src/5.opencv_demo_ws/install/opencv_demo1/lib/opencv_demo1/opencv_node" to ""
[1.524s] -- Installing: /home/tungchiahui/mysource/ros2src/5.opencv_demo_ws/install/opencv_demo1/share/ament_index/resource_index/package_run_dependencies/opencv_demo1
[1.524s] -- Installing: /home/tungchiahui/mysource/ros2src/5.opencv_demo_ws/install/opencv_demo1/share/ament_index/resource_index/parent_prefix_path/opencv_demo1
[1.524s] -- Installing: /home/tungchiahui/mysource/ros2src/5.opencv_demo_ws/install/opencv_demo1/share/opencv_demo1/environment/ament_prefix_path.sh
[1.524s] -- Installing: /home/tungchiahui/mysource/ros2src/5.opencv_demo_ws/install/opencv_demo1/share/opencv_demo1/environment/ament_prefix_path.dsv
[1.524s] -- Installing: /home/tungchiahui/mysource/ros2src/5.opencv_demo_ws/install/opencv_demo1/share/opencv_demo1/environment/path.sh
[1.525s] -- Installing: /home/tungchiahui/mysource/ros2src/5.opencv_demo_ws/install/opencv_demo1/share/opencv_demo1/environment/path.dsv
[1.525s] -- Installing: /home/tungchiahui/mysource/ros2src/5.opencv_demo_ws/install/opencv_demo1/share/opencv_demo1/local_setup.bash
[1.525s] -- Installing: /home/tungchiahui/mysource/ros2src/5.opencv_demo_ws/install/opencv_demo1/share/opencv_demo1/local_setup.sh
[1.525s] -- Installing: /home/tungchiahui/mysource/ros2src/5.opencv_demo_ws/install/opencv_demo1/share/opencv_demo1/local_setup.zsh
[1.525s] -- Installing: /home/tungchiahui/mysource/ros2src/5.opencv_demo_ws/install/opencv_demo1/share/opencv_demo1/local_setup.dsv
[1.525s] -- Installing: /home/tungchiahui/mysource/ros2src/5.opencv_demo_ws/install/opencv_demo1/share/opencv_demo1/package.dsv
[1.525s] -- Installing: /home/tungchiahui/mysource/ros2src/5.opencv_demo_ws/install/opencv_demo1/share/ament_index/resource_index/packages/opencv_demo1
[1.525s] -- Installing: /home/tungchiahui/mysource/ros2src/5.opencv_demo_ws/install/opencv_demo1/share/opencv_demo1/cmake/opencv_demo1Config.cmake
[1.525s] -- Installing: /home/tungchiahui/mysource/ros2src/5.opencv_demo_ws/install/opencv_demo1/share/opencv_demo1/cmake/opencv_demo1Config-version.cmake
[1.525s] -- Installing: /home/tungchiahui/mysource/ros2src/5.opencv_demo_ws/install/opencv_demo1/share/opencv_demo1/package.xml
[1.526s] Invoked command in '/home/tungchiahui/mysource/ros2src/5.opencv_demo_ws/build/opencv_demo1' returned '0': CMAKE_PREFIX_PATH=/opt/ros/humble /usr/bin/cmake --install /home/tungchiahui/mysource/ros2src/5.opencv_demo_ws/build/opencv_demo1
