[0.014s] Invoking command in '/home/tungchiahui/UserFloder/mysource/ROS/ROS2_WS/7.ws_navigation/build/mycar_slam_slam_toolbox': CMAKE_PREFIX_PATH=/opt/ros/humble /usr/bin/cmake /home/tungchiahui/UserFloder/mysource/ROS/ROS2_WS/7.ws_navigation/src/mycar_slam_slam_toolbox -DCMAKE_INSTALL_PREFIX=/home/tungchiahui/UserFloder/mysource/ROS/ROS2_WS/7.ws_navigation/install/mycar_slam_slam_toolbox
[0.070s] -- The C compiler identification is GNU 11.4.0
[0.129s] -- The CXX compiler identification is GNU 11.4.0
[0.137s] -- Detecting C compiler ABI info
[0.200s] -- Detecting C compiler ABI info - done
[0.208s] -- Check for working C compiler: /usr/bin/cc - skipped
[0.208s] -- Detecting C compile features
[0.209s] -- Detecting C compile features - done
[0.212s] -- Detecting CXX compiler ABI info
[0.294s] -- Detecting CXX compiler ABI info - done
[0.300s] -- Check for working CXX compiler: /usr/bin/c++ - skipped
[0.301s] -- Detecting CXX compile features
[0.301s] -- Detecting CXX compile features - done
[0.304s] -- Found ament_cmake: 1.3.11 (/opt/ros/humble/share/ament_cmake/cmake)
[0.471s] -- Found Python3: /usr/bin/python3 (found version "3.10.12") found components: Interpreter 
[0.563s] -- Found slam_toolbox: 2.6.9 (/opt/ros/humble/share/slam_toolbox/cmake)
[0.593s] -- Found rosidl_generator_c: 3.1.6 (/opt/ros/humble/share/rosidl_generator_c/cmake)
[0.597s] -- Found rosidl_adapter: 3.1.6 (/opt/ros/humble/share/rosidl_adapter/cmake)
[0.605s] -- Found rosidl_generator_cpp: 3.1.6 (/opt/ros/humble/share/rosidl_generator_cpp/cmake)
[0.618s] -- Using all available rosidl_typesupport_c: rosidl_typesupport_fastrtps_c;rosidl_typesupport_introspection_c
[0.634s] -- Using all available rosidl_typesupport_cpp: rosidl_typesupport_fastrtps_cpp;rosidl_typesupport_introspection_cpp
[0.790s] -- Found rmw_implementation_cmake: 6.1.2 (/opt/ros/humble/share/rmw_implementation_cmake/cmake)
[0.792s] -- Found rmw_fastrtps_cpp: 6.2.7 (/opt/ros/humble/share/rmw_fastrtps_cpp/cmake)
[0.880s] -- Found OpenSSL: /usr/lib/x86_64-linux-gnu/libcrypto.so (found version "3.0.2")  
[0.910s] -- Found FastRTPS: /opt/ros/humble/include  
[0.952s] -- Using RMW implementation 'rmw_fastrtps_cpp' as default
[0.959s] -- Looking for pthread.h
[1.034s] -- Looking for pthread.h - found
[1.034s] -- Performing Test CMAKE_HAVE_LIBC_PTHREAD
[1.102s] -- Performing Test CMAKE_HAVE_LIBC_PTHREAD - Success
[1.104s] -- Found Threads: TRUE  
[1.282s] -- Found eigen3_cmake_module: 0.1.1 (/opt/ros/humble/share/eigen3_cmake_module/cmake)
[1.283s] -- Found Eigen3: TRUE (found version "3.4.0") 
[1.283s] -- Ensuring Eigen3 include directory is part of orocos-kdl CMake target
[1.327s] -- Setting assimp_DIR to: '/opt/ros/humble/share/rviz_assimp_vendor/cmake/../../../opt/rviz_assimp_vendor/lib/cmake/assimp-4.1'
[1.333s] -- Setting OGRE_DIR to: '/opt/ros/humble/share/rviz_ogre_vendor/cmake/../../../opt/rviz_ogre_vendor/lib/OGRE/cmake'
[1.334s] -- Found OGRE
[1.334s] --   static     : OFF
[1.334s] --   components : HLMS;MeshLodGenerator;Overlay;Paging;Property;RTShaderSystem;Terrain;Volume
[1.334s] --   plugins    : Plugin_BSPSceneManager;Plugin_OctreeSceneManager;Plugin_PCZSceneManager;Plugin_ParticleFX;RenderSystem_GL;RenderSystem_GL3Plus;Codec_STBI
[1.335s] --   media      : /opt/ros/humble/opt/rviz_ogre_vendor/share/OGRE/Media
[1.335s] -- OGRE_LIBRARIES: OgreHLMS;OgreMeshLodGenerator;OgreOverlay;OgrePaging;OgreProperty;OgreRTShaderSystem;OgreTerrain;OgreVolume;OgreMain
[1.335s] -- OGRE_LIBRARY_DIRS: /opt/ros/humble/opt/rviz_ogre_vendor/lib
[1.335s] -- OGRE_PLUGINS: Plugin_BSPSceneManager;Plugin_OctreeSceneManager;Plugin_PCZSceneManager;Plugin_ParticleFX;RenderSystem_GL;RenderSystem_GL3Plus;Codec_STBI
[1.335s] -- OGRE_PLUGIN_DIR: /opt/ros/humble/opt/rviz_ogre_vendor/lib/OGRE
[1.335s] -- rviz_ogre_vendor::OgreOverlay for IMPORTED_LOCATION_RELEASE: /opt/ros/humble/opt/rviz_ogre_vendor/lib/libOgreOverlay.so
[1.335s] -- rviz_ogre_vendor::OgreOverlay for IMPORTED_LOCATION_DEBUG: /opt/ros/humble/opt/rviz_ogre_vendor/lib/libOgreOverlay.so
[1.335s] -- rviz_ogre_vendor::OgreMain for IMPORTED_LOCATION_RELEASE: /opt/ros/humble/opt/rviz_ogre_vendor/lib/libOgreMain.so
[1.335s] -- rviz_ogre_vendor::OgreMain for IMPORTED_LOCATION_DEBUG: /opt/ros/humble/opt/rviz_ogre_vendor/lib/libOgreMain.so
[1.350s] -- Found ZLIB: /usr/lib/x86_64-linux-gnu/libz.so (found version "1.2.11") 
[1.353s] -- Found OpenGL: /usr/lib/x86_64-linux-gnu/libOpenGL.so   
[1.439s] -- Found X11: /usr/include   
[1.440s] -- Looking for XOpenDisplay in /usr/lib/x86_64-linux-gnu/libX11.so;/usr/lib/x86_64-linux-gnu/libXext.so
[1.513s] -- Looking for XOpenDisplay in /usr/lib/x86_64-linux-gnu/libX11.so;/usr/lib/x86_64-linux-gnu/libXext.so - found
[1.513s] -- Looking for gethostbyname
[1.579s] -- Looking for gethostbyname - found
[1.579s] -- Looking for connect
[1.648s] -- Looking for connect - found
[1.648s] -- Looking for remove
[1.716s] -- Looking for remove - found
[1.716s] -- Looking for shmat
[1.784s] -- Looking for shmat - found
[1.784s] -- Looking for IceConnectionNumber in ICE
[1.854s] -- Looking for IceConnectionNumber in ICE - found
[1.951s] -- library: /usr/lib/x86_64-linux-gnu/libcurl.so
[2.038s] -- Found ament_lint_auto: 0.12.11 (/opt/ros/humble/share/ament_lint_auto/cmake)
[2.108s] -- Added test 'flake8' to check Python code syntax and style conventions
[2.108s] -- Added test 'lint_cmake' to check CMake code style
[2.108s] -- Added test 'pep257' to check Python code against some of the docstring style conventions in PEP 257
[2.109s] -- Added test 'xmllint' to check XML markup files
[2.110s] -- Configuring done
[2.118s] -- Generating done
[2.122s] -- Build files have been written to: /home/tungchiahui/UserFloder/mysource/ROS/ROS2_WS/7.ws_navigation/build/mycar_slam_slam_toolbox
[2.136s] Invoked command in '/home/tungchiahui/UserFloder/mysource/ROS/ROS2_WS/7.ws_navigation/build/mycar_slam_slam_toolbox' returned '0': CMAKE_PREFIX_PATH=/opt/ros/humble /usr/bin/cmake /home/tungchiahui/UserFloder/mysource/ROS/ROS2_WS/7.ws_navigation/src/mycar_slam_slam_toolbox -DCMAKE_INSTALL_PREFIX=/home/tungchiahui/UserFloder/mysource/ROS/ROS2_WS/7.ws_navigation/install/mycar_slam_slam_toolbox
[2.138s] Invoking command in '/home/tungchiahui/UserFloder/mysource/ROS/ROS2_WS/7.ws_navigation/build/mycar_slam_slam_toolbox': CMAKE_PREFIX_PATH=/opt/ros/humble /usr/bin/cmake --build /home/tungchiahui/UserFloder/mysource/ROS/ROS2_WS/7.ws_navigation/build/mycar_slam_slam_toolbox -- -j16 -l16
[2.186s] Invoked command in '/home/tungchiahui/UserFloder/mysource/ROS/ROS2_WS/7.ws_navigation/build/mycar_slam_slam_toolbox' returned '0': CMAKE_PREFIX_PATH=/opt/ros/humble /usr/bin/cmake --build /home/tungchiahui/UserFloder/mysource/ROS/ROS2_WS/7.ws_navigation/build/mycar_slam_slam_toolbox -- -j16 -l16
[2.188s] Invoking command in '/home/tungchiahui/UserFloder/mysource/ROS/ROS2_WS/7.ws_navigation/build/mycar_slam_slam_toolbox': CMAKE_PREFIX_PATH=/opt/ros/humble /usr/bin/cmake --install /home/tungchiahui/UserFloder/mysource/ROS/ROS2_WS/7.ws_navigation/build/mycar_slam_slam_toolbox
[2.195s] -- Install configuration: ""
[2.195s] -- Installing: /home/tungchiahui/UserFloder/mysource/ROS/ROS2_WS/7.ws_navigation/install/mycar_slam_slam_toolbox/share/mycar_slam_slam_toolbox/launch
[2.195s] -- Installing: /home/tungchiahui/UserFloder/mysource/ROS/ROS2_WS/7.ws_navigation/install/mycar_slam_slam_toolbox/share/mycar_slam_slam_toolbox/launch/online_sync_launch.py
[2.195s] -- Installing: /home/tungchiahui/UserFloder/mysource/ROS/ROS2_WS/7.ws_navigation/install/mycar_slam_slam_toolbox/share/mycar_slam_slam_toolbox/params
[2.195s] -- Installing: /home/tungchiahui/UserFloder/mysource/ROS/ROS2_WS/7.ws_navigation/install/mycar_slam_slam_toolbox/share/mycar_slam_slam_toolbox/params/mapper_params_online_sync.yaml
[2.195s] -- Installing: /home/tungchiahui/UserFloder/mysource/ROS/ROS2_WS/7.ws_navigation/install/mycar_slam_slam_toolbox/share/ament_index/resource_index/package_run_dependencies/mycar_slam_slam_toolbox
[2.195s] -- Installing: /home/tungchiahui/UserFloder/mysource/ROS/ROS2_WS/7.ws_navigation/install/mycar_slam_slam_toolbox/share/ament_index/resource_index/parent_prefix_path/mycar_slam_slam_toolbox
[2.196s] -- Installing: /home/tungchiahui/UserFloder/mysource/ROS/ROS2_WS/7.ws_navigation/install/mycar_slam_slam_toolbox/share/mycar_slam_slam_toolbox/environment/ament_prefix_path.sh
[2.196s] -- Installing: /home/tungchiahui/UserFloder/mysource/ROS/ROS2_WS/7.ws_navigation/install/mycar_slam_slam_toolbox/share/mycar_slam_slam_toolbox/environment/ament_prefix_path.dsv
[2.196s] -- Installing: /home/tungchiahui/UserFloder/mysource/ROS/ROS2_WS/7.ws_navigation/install/mycar_slam_slam_toolbox/share/mycar_slam_slam_toolbox/environment/path.sh
[2.196s] -- Installing: /home/tungchiahui/UserFloder/mysource/ROS/ROS2_WS/7.ws_navigation/install/mycar_slam_slam_toolbox/share/mycar_slam_slam_toolbox/environment/path.dsv
[2.196s] -- Installing: /home/tungchiahui/UserFloder/mysource/ROS/ROS2_WS/7.ws_navigation/install/mycar_slam_slam_toolbox/share/mycar_slam_slam_toolbox/local_setup.bash
[2.196s] -- Installing: /home/tungchiahui/UserFloder/mysource/ROS/ROS2_WS/7.ws_navigation/install/mycar_slam_slam_toolbox/share/mycar_slam_slam_toolbox/local_setup.sh
[2.196s] -- Installing: /home/tungchiahui/UserFloder/mysource/ROS/ROS2_WS/7.ws_navigation/install/mycar_slam_slam_toolbox/share/mycar_slam_slam_toolbox/local_setup.zsh
[2.196s] -- Installing: /home/tungchiahui/UserFloder/mysource/ROS/ROS2_WS/7.ws_navigation/install/mycar_slam_slam_toolbox/share/mycar_slam_slam_toolbox/local_setup.dsv
[2.196s] -- Installing: /home/tungchiahui/UserFloder/mysource/ROS/ROS2_WS/7.ws_navigation/install/mycar_slam_slam_toolbox/share/mycar_slam_slam_toolbox/package.dsv
[2.196s] -- Installing: /home/tungchiahui/UserFloder/mysource/ROS/ROS2_WS/7.ws_navigation/install/mycar_slam_slam_toolbox/share/ament_index/resource_index/packages/mycar_slam_slam_toolbox
[2.196s] -- Installing: /home/tungchiahui/UserFloder/mysource/ROS/ROS2_WS/7.ws_navigation/install/mycar_slam_slam_toolbox/share/mycar_slam_slam_toolbox/cmake/mycar_slam_slam_toolboxConfig.cmake
[2.197s] -- Installing: /home/tungchiahui/UserFloder/mysource/ROS/ROS2_WS/7.ws_navigation/install/mycar_slam_slam_toolbox/share/mycar_slam_slam_toolbox/cmake/mycar_slam_slam_toolboxConfig-version.cmake
[2.197s] -- Installing: /home/tungchiahui/UserFloder/mysource/ROS/ROS2_WS/7.ws_navigation/install/mycar_slam_slam_toolbox/share/mycar_slam_slam_toolbox/package.xml
[2.199s] Invoked command in '/home/tungchiahui/UserFloder/mysource/ROS/ROS2_WS/7.ws_navigation/build/mycar_slam_slam_toolbox' returned '0': CMAKE_PREFIX_PATH=/opt/ros/humble /usr/bin/cmake --install /home/tungchiahui/UserFloder/mysource/ROS/ROS2_WS/7.ws_navigation/build/mycar_slam_slam_toolbox
