[0.009s] Invoking command in '/home/tungchiahui/UserFloder/mysource/ROS/ROS2_WS/6.ws_simulations/build/Stage': /usr/bin/cmake /home/tungchiahui/UserFloder/mysource/ROS/ROS2_WS/6.ws_simulations/src/Stage -DCMAKE_INSTALL_PREFIX=/home/tungchiahui/UserFloder/mysource/ROS/ROS2_WS/6.ws_simulations/install/Stage
[0.015s] [0mCMake Deprecation Warning at CMakeLists.txt:1 (cmake_minimum_required):
[0.015s]   Compatibility with CMake < 2.8.12 will be removed from a future version of
[0.015s]   CMake.
[0.015s] 
[0.015s]   Update the VERSION argument <min> value or use a ...<max> suffix to tell
[0.015s]   CMake that the project does not need compatibility with older versions.
[0.015s] 
[0.015s] [0m
[0.047s] -- The C compiler identification is GNU 11.4.0
[0.084s] -- The CXX compiler identification is GNU 11.4.0
[0.090s] -- Detecting C compiler ABI info
[0.134s] -- Detecting C compiler ABI info - done
[0.139s] -- Check for working C compiler: /usr/bin/cc - skipped
[0.139s] -- Detecting C compile features
[0.140s] -- Detecting C compile features - done
[0.144s] -- Detecting CXX compiler ABI info
[0.194s] -- Detecting CXX compiler ABI info - done
[0.200s] -- Check for working CXX compiler: /usr/bin/c++ - skipped
[0.200s] -- Detecting CXX compile features
[0.200s] -- Detecting CXX compile features - done
[0.201s] -- Stage version 4.3.0
[0.201s] -- Operating system is Linux
[0.201s] -- Installing Libraries to /home/tungchiahui/UserFloder/mysource/ROS/ROS2_WS/6.ws_simulations/install/Stage/lib
[0.201s] -- Installing Plugins to /home/tungchiahui/UserFloder/mysource/ROS/ROS2_WS/6.ws_simulations/install/Stage/lib/Stage-4.3
[0.201s] -- Build type RELEASE
[0.201s] -- Checking for libtool
[0.205s] -- Checking for required libraries...
[0.216s] -- Found JPEG: /usr/lib/x86_64-linux-gnu/libjpeg.so (found version "80") 
[0.222s] -- Found ZLIB: /usr/lib/x86_64-linux-gnu/libz.so (found version "1.2.11") 
[0.231s] -- Found PNG: /usr/lib/x86_64-linux-gnu/libpng.so (found version "1.6.37") 
[0.233s] [33mCMake Warning (dev) at /usr/share/cmake-3.22/Modules/FindOpenGL.cmake:315 (message):
[0.233s]   Policy CMP0072 is not set: FindOpenGL prefers GLVND by default when
[0.233s]   available.  Run "cmake --help-policy CMP0072" for policy details.  Use the
[0.233s]   cmake_policy command to set the policy and suppress this warning.
[0.233s] 
[0.233s]   FindOpenGL found both a legacy GL library:
[0.233s] 
[0.233s]     OPENGL_gl_LIBRARY: /usr/lib/x86_64-linux-gnu/libGL.so
[0.233s] 
[0.233s]   and GLVND libraries for OpenGL and GLX:
[0.233s] 
[0.233s]     OPENGL_opengl_LIBRARY: /usr/lib/x86_64-linux-gnu/libOpenGL.so
[0.233s]     OPENGL_glx_LIBRARY: /usr/lib/x86_64-linux-gnu/libGLX.so
[0.233s] 
[0.233s]   OpenGL_GL_PREFERENCE has not been set to "GLVND" or "LEGACY", so for
[0.233s]   compatibility with CMake 3.10 and below the legacy GL library will be used.
[0.233s] Call Stack (most recent call first):
[0.233s]   /usr/share/cmake-3.22/Modules/FindFLTK.cmake:87 (find_package)
[0.233s]   CMakeLists.txt:100 (find_package)
[0.233s] This warning is for project developers.  Use -Wno-dev to suppress it.
[0.233s] [0m
[0.233s] -- Found OpenGL: /usr/lib/x86_64-linux-gnu/libOpenGL.so   
[0.282s] -- Found X11: /usr/include   
[0.282s] -- Looking for XOpenDisplay in /usr/lib/x86_64-linux-gnu/libX11.so;/usr/lib/x86_64-linux-gnu/libXext.so
[0.333s] -- Looking for XOpenDisplay in /usr/lib/x86_64-linux-gnu/libX11.so;/usr/lib/x86_64-linux-gnu/libXext.so - found
[0.333s] -- Looking for gethostbyname
[0.381s] -- Looking for gethostbyname - found
[0.381s] -- Looking for connect
[0.428s] -- Looking for connect - found
[0.428s] -- Looking for remove
[0.481s] -- Looking for remove - found
[0.481s] -- Looking for shmat
[0.531s] -- Looking for shmat - found
[0.531s] -- Looking for IceConnectionNumber in ICE
[0.577s] -- Looking for IceConnectionNumber in ICE - found
[0.601s] -- Found FLTK: fltk_images;fltk_forms;fltk_gl;/usr/lib/x86_64-linux-gnu/libGL.so;fltk  
[0.603s] -- Checking for optional libraries...
[0.603s] -- Installation path CMAKE_INSTALL_PREFIX=/home/tungchiahui/UserFloder/mysource/ROS/ROS2_WS/6.ws_simulations/install/Stage
[0.603s] -- Configuring libstage
[0.609s] -- Found PkgConfig: /usr/bin/pkg-config (found version "0.29.2") 
[0.609s] -- Checking for one of the modules 'playercore>=2.1.0'
[0.611s] --   * Player not detected. If Player is installed but not detected, check your PKG_CONFIG_PATH.
[0.626s] -- Configuring done
[0.653s] -- Generating done
[0.659s] -- Build files have been written to: /home/tungchiahui/UserFloder/mysource/ROS/ROS2_WS/6.ws_simulations/build/Stage
[0.664s] Invoked command in '/home/tungchiahui/UserFloder/mysource/ROS/ROS2_WS/6.ws_simulations/build/Stage' returned '0': /usr/bin/cmake /home/tungchiahui/UserFloder/mysource/ROS/ROS2_WS/6.ws_simulations/src/Stage -DCMAKE_INSTALL_PREFIX=/home/tungchiahui/UserFloder/mysource/ROS/ROS2_WS/6.ws_simulations/install/Stage
[0.666s] Invoking command in '/home/tungchiahui/UserFloder/mysource/ROS/ROS2_WS/6.ws_simulations/build/Stage': /usr/bin/cmake --build /home/tungchiahui/UserFloder/mysource/ROS/ROS2_WS/6.ws_simulations/build/Stage -- -j16 -l16
[0.697s] [  6%] [32mBuilding CXX object libstage/CMakeFiles/stage.dir/camera.cc.o[0m
[0.697s] [  6%] [32mBuilding CXX object libstage/CMakeFiles/stage.dir/blockgroup.cc.o[0m
[0.697s] [  6%] [32mBuilding CXX object libstage/CMakeFiles/stage.dir/color.cc.o[0m
[0.698s] [  8%] [32mBuilding CXX object libstage/CMakeFiles/stage.dir/file_manager.cc.o[0m
[0.698s] [  6%] [32mBuilding CXX object libstage/CMakeFiles/stage.dir/block.cc.o[0m
[0.698s] [ 10%] [32mBuilding CXX object libstage/CMakeFiles/stage.dir/logentry.cc.o[0m
[0.698s] [ 11%] [32mBuilding CXX object libstage/CMakeFiles/stage.dir/model.cc.o[0m
[0.698s] [ 13%] [32mBuilding CXX object libstage/CMakeFiles/stage.dir/model_bumper.cc.o[0m
[0.698s] [ 15%] [32mBuilding CXX object libstage/CMakeFiles/stage.dir/model_blinkenlight.cc.o[0m
[0.698s] [ 16%] [32mBuilding CXX object libstage/CMakeFiles/stage.dir/model_blobfinder.cc.o[0m
[0.698s] [ 18%] [32mBuilding CXX object libstage/CMakeFiles/stage.dir/model_callbacks.cc.o[0m
[0.699s] [ 20%] [32mBuilding CXX object libstage/CMakeFiles/stage.dir/model_camera.cc.o[0m
[0.699s] [ 22%] [32mBuilding CXX object libstage/CMakeFiles/stage.dir/model_draw.cc.o[0m
[0.699s] [ 23%] [32mBuilding CXX object libstage/CMakeFiles/stage.dir/model_fiducial.cc.o[0m
[0.702s] [ 25%] [32mBuilding CXX object libstage/CMakeFiles/stage.dir/model_actuator.cc.o[0m
[0.702s] [ 27%] [32mBuilding CXX object libstage/CMakeFiles/stage.dir/gl.cc.o[0m
[1.883s] [ 28%] [32mBuilding CXX object libstage/CMakeFiles/stage.dir/model_gripper.cc.o[0m
[1.914s] [ 30%] [32mBuilding CXX object libstage/CMakeFiles/stage.dir/model_lightindicator.cc.o[0m
[1.949s] [ 32%] [32mBuilding CXX object libstage/CMakeFiles/stage.dir/model_position.cc.o[0m
[2.014s] [ 33%] [32mBuilding CXX object libstage/CMakeFiles/stage.dir/model_ranger.cc.o[0m
[2.047s] [ 35%] [32mBuilding CXX object libstage/CMakeFiles/stage.dir/option.cc.o[0m
[2.142s] [ 37%] [32mBuilding CXX object libstage/CMakeFiles/stage.dir/powerpack.cc.o[0m
[2.169s] [ 38%] [32mBuilding CXX object libstage/CMakeFiles/stage.dir/region.cc.o[0m
[2.179s] [ 40%] [32mBuilding CXX object libstage/CMakeFiles/stage.dir/stage.cc.o[0m
[2.187s] [ 42%] [32mBuilding CXX object libstage/CMakeFiles/stage.dir/texture_manager.cc.o[0m
[2.213s] [ 44%] [32mBuilding CXX object libstage/CMakeFiles/stage.dir/typetable.cc.o[0m
[2.231s] [ 45%] [32mBuilding CXX object libstage/CMakeFiles/stage.dir/world.cc.o[0m
[2.262s] [ 47%] [32mBuilding CXX object libstage/CMakeFiles/stage.dir/worldfile.cc.o[0m
[2.294s] [ 49%] [32mBuilding CXX object libstage/CMakeFiles/stage.dir/options_dlg.cc.o[0m
[2.304s] [ 50%] [32mBuilding CXX object libstage/CMakeFiles/stage.dir/canvas.cc.o[0m
[2.332s] [ 52%] [32mBuilding CXX object libstage/CMakeFiles/stage.dir/vis_strip.cc.o[0m
[3.191s] [ 54%] [32mBuilding CXX object libstage/CMakeFiles/stage.dir/worldgui.cc.o[0m
[3.317s] [ 55%] [32mBuilding CXX object libstage/CMakeFiles/stage.dir/ancestor.cc.o[0m
[4.427s] [ 57%] [32m[1mLinking CXX shared library libstage.so[0m
[4.519s] [ 57%] Built target stage
[4.535s] [ 62%] [32mBuilding CXX object examples/ctrl/CMakeFiles/fasr.dir/fasr.cc.o[0m
[4.535s] [ 62%] [32mBuilding CXX object examples/ctrl/CMakeFiles/wander.dir/wander.cc.o[0m
[4.536s] [ 62%] [32mBuilding CXX object examples/ctrl/CMakeFiles/dynamic.dir/dynamic.cc.o[0m
[4.536s] [ 64%] [32mBuilding CXX object worlds/benchmark/CMakeFiles/expand_pioneer.dir/expand_pioneer.cc.o[0m
[4.536s] [ 66%] [32mBuilding CXX object examples/ctrl/CMakeFiles/lasernoise.dir/lasernoise.cc.o[0m
[4.536s] [ 67%] [32mBuilding CXX object examples/ctrl/CMakeFiles/sink.dir/sink.cc.o[0m
[4.536s] [ 69%] [32mBuilding CXX object libstage/CMakeFiles/stagebinary.dir/main.cc.o[0m
[4.536s] [ 71%] [32mBuilding CXX object worlds/benchmark/CMakeFiles/expand_swarm.dir/expand_swarm.cc.o[0m
[4.536s] [ 72%] [32mBuilding CXX object examples/ctrl/CMakeFiles/source.dir/source.cc.o[0m
[4.537s] [ 74%] [32mBuilding CXX object examples/ctrl/CMakeFiles/fasr2.dir/fasr2.cc.o[0m
[4.537s] [ 77%] [32mBuilding CXX object examples/ctrl/CMakeFiles/fasr2.dir/astar/findpath.cpp.o[0m
[4.537s] [ 77%] [32mBuilding CXX object examples/ctrl/CMakeFiles/rasterize.dir/rasterize.cc.o[0m
[4.537s] [ 79%] [32mBuilding CXX object examples/ctrl/CMakeFiles/pioneer_flocking.dir/pioneer_flocking.cc.o[0m
[5.441s] [ 81%] [32m[1mLinking CXX executable stage[0m
[5.454s] [ 83%] [32m[1mLinking CXX shared module dynamic.so[0m
[5.498s] [ 84%] [32m[1mLinking CXX shared module fasr.so[0m
[5.536s] [ 84%] Built target dynamic
[5.538s] [ 84%] Built target stagebinary
[5.576s] [ 86%] Built target fasr
[5.577s] [ 86%] [32m[1mLinking CXX shared module lasernoise.so[0m
[5.577s] [ 88%] [32m[1mLinking CXX shared module sink.so[0m
[5.582s] [ 89%] [32m[1mLinking CXX shared module wander.so[0m
[5.608s] [ 91%] [32m[1mLinking CXX shared module pioneer_flocking.so[0m
[5.615s] [ 93%] [32m[1mLinking CXX shared module rasterize.so[0m
[5.634s] [ 94%] [32m[1mLinking CXX shared module expand_pioneer.so[0m
[5.645s] [ 96%] [32m[1mLinking CXX shared module expand_swarm.so[0m
[5.654s] [ 96%] Built target lasernoise
[5.657s] [ 96%] Built target wander
[5.657s] [ 96%] Built target sink
[5.674s] [ 98%] [32m[1mLinking CXX shared module source.so[0m
[5.689s] [ 98%] Built target pioneer_flocking
[5.703s] [ 98%] Built target rasterize
[5.712s] [ 98%] Built target expand_pioneer
[5.717s] [ 98%] Built target expand_swarm
[5.732s] [ 98%] Built target source
[5.926s] [100%] [32m[1mLinking CXX shared module fasr2.so[0m
[5.989s] [100%] Built target fasr2
[5.997s] Invoked command in '/home/tungchiahui/UserFloder/mysource/ROS/ROS2_WS/6.ws_simulations/build/Stage' returned '0': /usr/bin/cmake --build /home/tungchiahui/UserFloder/mysource/ROS/ROS2_WS/6.ws_simulations/build/Stage -- -j16 -l16
[5.998s] Invoking command in '/home/tungchiahui/UserFloder/mysource/ROS/ROS2_WS/6.ws_simulations/build/Stage': /usr/bin/cmake --install /home/tungchiahui/UserFloder/mysource/ROS/ROS2_WS/6.ws_simulations/build/Stage
[6.002s] -- Install configuration: "RELEASE"
[6.003s] -- Installing: /home/tungchiahui/UserFloder/mysource/ROS/ROS2_WS/6.ws_simulations/install/Stage/lib/pkgconfig/stage.pc
[6.003s] -- Installing: /home/tungchiahui/UserFloder/mysource/ROS/ROS2_WS/6.ws_simulations/install/Stage/lib/cmake/Stage/stage-config.cmake
[6.003s] -- Installing: /home/tungchiahui/UserFloder/mysource/ROS/ROS2_WS/6.ws_simulations/install/Stage/lib/cmake/Stage/stage-config-version.cmake
[6.003s] -- Installing: /home/tungchiahui/UserFloder/mysource/ROS/ROS2_WS/6.ws_simulations/install/Stage/bin/stage
[6.003s] -- Set runtime path of "/home/tungchiahui/UserFloder/mysource/ROS/ROS2_WS/6.ws_simulations/install/Stage/bin/stage" to ""
[6.003s] -- Installing: /home/tungchiahui/UserFloder/mysource/ROS/ROS2_WS/6.ws_simulations/install/Stage/lib/libstage.so.4.3.0
[6.004s] -- Installing: /home/tungchiahui/UserFloder/mysource/ROS/ROS2_WS/6.ws_simulations/install/Stage/lib/libstage.so
[6.004s] -- Installing: /home/tungchiahui/UserFloder/mysource/ROS/ROS2_WS/6.ws_simulations/install/Stage/include/Stage-4.3/stage.hh
[6.004s] -- Installing: /home/tungchiahui/UserFloder/mysource/ROS/ROS2_WS/6.ws_simulations/install/Stage/lib/Stage-4.3/fasr.so
[6.005s] -- Set runtime path of "/home/tungchiahui/UserFloder/mysource/ROS/ROS2_WS/6.ws_simulations/install/Stage/lib/Stage-4.3/fasr.so" to ""
[6.005s] -- Installing: /home/tungchiahui/UserFloder/mysource/ROS/ROS2_WS/6.ws_simulations/install/Stage/lib/Stage-4.3/sink.so
[6.005s] -- Set runtime path of "/home/tungchiahui/UserFloder/mysource/ROS/ROS2_WS/6.ws_simulations/install/Stage/lib/Stage-4.3/sink.so" to ""
[6.005s] -- Installing: /home/tungchiahui/UserFloder/mysource/ROS/ROS2_WS/6.ws_simulations/install/Stage/lib/Stage-4.3/source.so
[6.005s] -- Set runtime path of "/home/tungchiahui/UserFloder/mysource/ROS/ROS2_WS/6.ws_simulations/install/Stage/lib/Stage-4.3/source.so" to ""
[6.005s] -- Installing: /home/tungchiahui/UserFloder/mysource/ROS/ROS2_WS/6.ws_simulations/install/Stage/lib/Stage-4.3/wander.so
[6.006s] -- Set runtime path of "/home/tungchiahui/UserFloder/mysource/ROS/ROS2_WS/6.ws_simulations/install/Stage/lib/Stage-4.3/wander.so" to ""
[6.006s] -- Installing: /home/tungchiahui/UserFloder/mysource/ROS/ROS2_WS/6.ws_simulations/install/Stage/lib/Stage-4.3/pioneer_flocking.so
[6.006s] -- Set runtime path of "/home/tungchiahui/UserFloder/mysource/ROS/ROS2_WS/6.ws_simulations/install/Stage/lib/Stage-4.3/pioneer_flocking.so" to ""
[6.006s] -- Installing: /home/tungchiahui/UserFloder/mysource/ROS/ROS2_WS/6.ws_simulations/install/Stage/lib/Stage-4.3/rasterize.so
[6.006s] -- Set runtime path of "/home/tungchiahui/UserFloder/mysource/ROS/ROS2_WS/6.ws_simulations/install/Stage/lib/Stage-4.3/rasterize.so" to ""
[6.006s] -- Installing: /home/tungchiahui/UserFloder/mysource/ROS/ROS2_WS/6.ws_simulations/install/Stage/lib/Stage-4.3/lasernoise.so
[6.007s] -- Set runtime path of "/home/tungchiahui/UserFloder/mysource/ROS/ROS2_WS/6.ws_simulations/install/Stage/lib/Stage-4.3/lasernoise.so" to ""
[6.007s] -- Installing: /home/tungchiahui/UserFloder/mysource/ROS/ROS2_WS/6.ws_simulations/install/Stage/lib/Stage-4.3/dynamic.so
[6.007s] -- Set runtime path of "/home/tungchiahui/UserFloder/mysource/ROS/ROS2_WS/6.ws_simulations/install/Stage/lib/Stage-4.3/dynamic.so" to ""
[6.007s] -- Installing: /home/tungchiahui/UserFloder/mysource/ROS/ROS2_WS/6.ws_simulations/install/Stage/lib/Stage-4.3/fasr2.so
[6.007s] -- Set runtime path of "/home/tungchiahui/UserFloder/mysource/ROS/ROS2_WS/6.ws_simulations/install/Stage/lib/Stage-4.3/fasr2.so" to ""
[6.007s] -- Installing: /home/tungchiahui/UserFloder/mysource/ROS/ROS2_WS/6.ws_simulations/install/Stage/share/stage/assets/blue.png
[6.007s] -- Installing: /home/tungchiahui/UserFloder/mysource/ROS/ROS2_WS/6.ws_simulations/install/Stage/share/stage/assets/death.png
[6.008s] -- Installing: /home/tungchiahui/UserFloder/mysource/ROS/ROS2_WS/6.ws_simulations/install/Stage/share/stage/assets/green.png
[6.008s] -- Installing: /home/tungchiahui/UserFloder/mysource/ROS/ROS2_WS/6.ws_simulations/install/Stage/share/stage/assets/logo.png
[6.008s] -- Installing: /home/tungchiahui/UserFloder/mysource/ROS/ROS2_WS/6.ws_simulations/install/Stage/share/stage/assets/mains.png
[6.008s] -- Installing: /home/tungchiahui/UserFloder/mysource/ROS/ROS2_WS/6.ws_simulations/install/Stage/share/stage/assets/mainspower.png
[6.008s] -- Installing: /home/tungchiahui/UserFloder/mysource/ROS/ROS2_WS/6.ws_simulations/install/Stage/share/stage/assets/question_mark.png
[6.008s] -- Installing: /home/tungchiahui/UserFloder/mysource/ROS/ROS2_WS/6.ws_simulations/install/Stage/share/stage/assets/red.png
[6.008s] -- Installing: /home/tungchiahui/UserFloder/mysource/ROS/ROS2_WS/6.ws_simulations/install/Stage/share/stage/assets/stagelogo.png
[6.008s] -- Installing: /home/tungchiahui/UserFloder/mysource/ROS/ROS2_WS/6.ws_simulations/install/Stage/share/stage/assets/stall-old.png
[6.008s] -- Installing: /home/tungchiahui/UserFloder/mysource/ROS/ROS2_WS/6.ws_simulations/install/Stage/share/stage/assets/stall.png
[6.008s] -- Installing: /home/tungchiahui/UserFloder/mysource/ROS/ROS2_WS/6.ws_simulations/install/Stage/share/stage/assets/rgb.txt
[6.008s] -- Installing: /home/tungchiahui/UserFloder/mysource/ROS/ROS2_WS/6.ws_simulations/install/Stage/share/stage/rgb.txt
[6.008s] -- Installing: /home/tungchiahui/UserFloder/mysource/ROS/ROS2_WS/6.ws_simulations/install/Stage/share/stage/worlds/amcl-sonar.cfg
[6.008s] -- Installing: /home/tungchiahui/UserFloder/mysource/ROS/ROS2_WS/6.ws_simulations/install/Stage/share/stage/worlds/autolab.cfg
[6.008s] -- Installing: /home/tungchiahui/UserFloder/mysource/ROS/ROS2_WS/6.ws_simulations/install/Stage/share/stage/worlds/camera.cfg
[6.008s] -- Installing: /home/tungchiahui/UserFloder/mysource/ROS/ROS2_WS/6.ws_simulations/install/Stage/share/stage/worlds/everything.cfg
[6.008s] -- Installing: /home/tungchiahui/UserFloder/mysource/ROS/ROS2_WS/6.ws_simulations/install/Stage/share/stage/worlds/lsp_test.cfg
[6.009s] -- Installing: /home/tungchiahui/UserFloder/mysource/ROS/ROS2_WS/6.ws_simulations/install/Stage/share/stage/worlds/mbicp.cfg
[6.009s] -- Installing: /home/tungchiahui/UserFloder/mysource/ROS/ROS2_WS/6.ws_simulations/install/Stage/share/stage/worlds/nd.cfg
[6.009s] -- Installing: /home/tungchiahui/UserFloder/mysource/ROS/ROS2_WS/6.ws_simulations/install/Stage/share/stage/worlds/roomba.cfg
[6.009s] -- Installing: /home/tungchiahui/UserFloder/mysource/ROS/ROS2_WS/6.ws_simulations/install/Stage/share/stage/worlds/simple.cfg
[6.009s] -- Installing: /home/tungchiahui/UserFloder/mysource/ROS/ROS2_WS/6.ws_simulations/install/Stage/share/stage/worlds/test.cfg
[6.009s] -- Installing: /home/tungchiahui/UserFloder/mysource/ROS/ROS2_WS/6.ws_simulations/install/Stage/share/stage/worlds/uoa_robotics_lab.cfg
[6.009s] -- Installing: /home/tungchiahui/UserFloder/mysource/ROS/ROS2_WS/6.ws_simulations/install/Stage/share/stage/worlds/vfh.cfg
[6.009s] -- Installing: /home/tungchiahui/UserFloder/mysource/ROS/ROS2_WS/6.ws_simulations/install/Stage/share/stage/worlds/wavefront-remote.cfg
[6.009s] -- Installing: /home/tungchiahui/UserFloder/mysource/ROS/ROS2_WS/6.ws_simulations/install/Stage/share/stage/worlds/wavefront.cfg
[6.009s] -- Installing: /home/tungchiahui/UserFloder/mysource/ROS/ROS2_WS/6.ws_simulations/install/Stage/share/stage/worlds/wifi.cfg
[6.009s] -- Installing: /home/tungchiahui/UserFloder/mysource/ROS/ROS2_WS/6.ws_simulations/install/Stage/share/stage/worlds/SFU.world
[6.009s] -- Installing: /home/tungchiahui/UserFloder/mysource/ROS/ROS2_WS/6.ws_simulations/install/Stage/share/stage/worlds/autolab.world
[6.009s] -- Installing: /home/tungchiahui/UserFloder/mysource/ROS/ROS2_WS/6.ws_simulations/install/Stage/share/stage/worlds/camera.world
[6.009s] -- Installing: /home/tungchiahui/UserFloder/mysource/ROS/ROS2_WS/6.ws_simulations/install/Stage/share/stage/worlds/circuit.world
[6.009s] -- Installing: /home/tungchiahui/UserFloder/mysource/ROS/ROS2_WS/6.ws_simulations/install/Stage/share/stage/worlds/everything.world
[6.009s] -- Installing: /home/tungchiahui/UserFloder/mysource/ROS/ROS2_WS/6.ws_simulations/install/Stage/share/stage/worlds/fasr.world
[6.009s] -- Installing: /home/tungchiahui/UserFloder/mysource/ROS/ROS2_WS/6.ws_simulations/install/Stage/share/stage/worlds/fasr2.world
[6.009s] -- Installing: /home/tungchiahui/UserFloder/mysource/ROS/ROS2_WS/6.ws_simulations/install/Stage/share/stage/worlds/fasr_plan.world
[6.009s] -- Installing: /home/tungchiahui/UserFloder/mysource/ROS/ROS2_WS/6.ws_simulations/install/Stage/share/stage/worlds/large.world
[6.009s] -- Installing: /home/tungchiahui/UserFloder/mysource/ROS/ROS2_WS/6.ws_simulations/install/Stage/share/stage/worlds/lsp_test.world
[6.010s] -- Installing: /home/tungchiahui/UserFloder/mysource/ROS/ROS2_WS/6.ws_simulations/install/Stage/share/stage/worlds/mbicp.world
[6.010s] -- Installing: /home/tungchiahui/UserFloder/mysource/ROS/ROS2_WS/6.ws_simulations/install/Stage/share/stage/worlds/pioneer_flocking.world
[6.010s] -- Installing: /home/tungchiahui/UserFloder/mysource/ROS/ROS2_WS/6.ws_simulations/install/Stage/share/stage/worlds/pioneer_follow.world
[6.010s] -- Installing: /home/tungchiahui/UserFloder/mysource/ROS/ROS2_WS/6.ws_simulations/install/Stage/share/stage/worlds/pioneer_walle.world
[6.010s] -- Installing: /home/tungchiahui/UserFloder/mysource/ROS/ROS2_WS/6.ws_simulations/install/Stage/share/stage/worlds/roomba.world
[6.010s] -- Installing: /home/tungchiahui/UserFloder/mysource/ROS/ROS2_WS/6.ws_simulations/install/Stage/share/stage/worlds/sensor_noise_demo.world
[6.010s] -- Installing: /home/tungchiahui/UserFloder/mysource/ROS/ROS2_WS/6.ws_simulations/install/Stage/share/stage/worlds/sensor_noise_module_demo.world
[6.010s] -- Installing: /home/tungchiahui/UserFloder/mysource/ROS/ROS2_WS/6.ws_simulations/install/Stage/share/stage/worlds/simple.world
[6.010s] -- Installing: /home/tungchiahui/UserFloder/mysource/ROS/ROS2_WS/6.ws_simulations/install/Stage/share/stage/worlds/uoa_robotics_lab.world
[6.010s] -- Installing: /home/tungchiahui/UserFloder/mysource/ROS/ROS2_WS/6.ws_simulations/install/Stage/share/stage/worlds/wifi.world
[6.010s] -- Installing: /home/tungchiahui/UserFloder/mysource/ROS/ROS2_WS/6.ws_simulations/install/Stage/share/stage/worlds/beacons.inc
[6.010s] -- Installing: /home/tungchiahui/UserFloder/mysource/ROS/ROS2_WS/6.ws_simulations/install/Stage/share/stage/worlds/chatterbox.inc
[6.010s] -- Installing: /home/tungchiahui/UserFloder/mysource/ROS/ROS2_WS/6.ws_simulations/install/Stage/share/stage/worlds/hokuyo.inc
[6.010s] -- Installing: /home/tungchiahui/UserFloder/mysource/ROS/ROS2_WS/6.ws_simulations/install/Stage/share/stage/worlds/irobot.inc
[6.010s] -- Installing: /home/tungchiahui/UserFloder/mysource/ROS/ROS2_WS/6.ws_simulations/install/Stage/share/stage/worlds/map.inc
[6.010s] -- Installing: /home/tungchiahui/UserFloder/mysource/ROS/ROS2_WS/6.ws_simulations/install/Stage/share/stage/worlds/objects.inc
[6.010s] -- Installing: /home/tungchiahui/UserFloder/mysource/ROS/ROS2_WS/6.ws_simulations/install/Stage/share/stage/worlds/pantilt.inc
[6.010s] -- Installing: /home/tungchiahui/UserFloder/mysource/ROS/ROS2_WS/6.ws_simulations/install/Stage/share/stage/worlds/pioneer.inc
[6.010s] -- Installing: /home/tungchiahui/UserFloder/mysource/ROS/ROS2_WS/6.ws_simulations/install/Stage/share/stage/worlds/sick.inc
[6.010s] -- Installing: /home/tungchiahui/UserFloder/mysource/ROS/ROS2_WS/6.ws_simulations/install/Stage/share/stage/worlds/ubot.inc
[6.011s] -- Installing: /home/tungchiahui/UserFloder/mysource/ROS/ROS2_WS/6.ws_simulations/install/Stage/share/stage/worlds/uoa_robotics_lab_models.inc
[6.011s] -- Installing: /home/tungchiahui/UserFloder/mysource/ROS/ROS2_WS/6.ws_simulations/install/Stage/share/stage/worlds/walle.inc
[6.011s] -- Installing: /home/tungchiahui/UserFloder/mysource/ROS/ROS2_WS/6.ws_simulations/install/Stage/share/stage/worlds/cfggen.sh
[6.011s] -- Installing: /home/tungchiahui/UserFloder/mysource/ROS/ROS2_WS/6.ws_simulations/install/Stage/share/stage/worlds/test.sh
[6.011s] -- Installing: /home/tungchiahui/UserFloder/mysource/ROS/ROS2_WS/6.ws_simulations/install/Stage/share/stage/worlds/worldgen.sh
[6.011s] -- Installing: /home/tungchiahui/UserFloder/mysource/ROS/ROS2_WS/6.ws_simulations/install/Stage/lib/Stage-4.3/expand_swarm.so
[6.011s] -- Set runtime path of "/home/tungchiahui/UserFloder/mysource/ROS/ROS2_WS/6.ws_simulations/install/Stage/lib/Stage-4.3/expand_swarm.so" to ""
[6.011s] -- Installing: /home/tungchiahui/UserFloder/mysource/ROS/ROS2_WS/6.ws_simulations/install/Stage/lib/Stage-4.3/expand_pioneer.so
[6.011s] -- Set runtime path of "/home/tungchiahui/UserFloder/mysource/ROS/ROS2_WS/6.ws_simulations/install/Stage/lib/Stage-4.3/expand_pioneer.so" to ""
[6.012s] -- Installing: /home/tungchiahui/UserFloder/mysource/ROS/ROS2_WS/6.ws_simulations/install/Stage/share/stage/worlds/bitmaps/889_05.png
[6.012s] -- Installing: /home/tungchiahui/UserFloder/mysource/ROS/ROS2_WS/6.ws_simulations/install/Stage/share/stage/worlds/bitmaps/SFU_1200x615.png
[6.012s] -- Installing: /home/tungchiahui/UserFloder/mysource/ROS/ROS2_WS/6.ws_simulations/install/Stage/share/stage/worlds/bitmaps/SRI-AIC-kwing.png
[6.012s] -- Installing: /home/tungchiahui/UserFloder/mysource/ROS/ROS2_WS/6.ws_simulations/install/Stage/share/stage/worlds/bitmaps/autolab.png
[6.012s] -- Installing: /home/tungchiahui/UserFloder/mysource/ROS/ROS2_WS/6.ws_simulations/install/Stage/share/stage/worlds/bitmaps/cave.png
[6.012s] -- Installing: /home/tungchiahui/UserFloder/mysource/ROS/ROS2_WS/6.ws_simulations/install/Stage/share/stage/worlds/bitmaps/cave_compact.png
[6.012s] -- Installing: /home/tungchiahui/UserFloder/mysource/ROS/ROS2_WS/6.ws_simulations/install/Stage/share/stage/worlds/bitmaps/cave_filled.png
[6.012s] -- Installing: /home/tungchiahui/UserFloder/mysource/ROS/ROS2_WS/6.ws_simulations/install/Stage/share/stage/worlds/bitmaps/frieburg.png
[6.012s] -- Installing: /home/tungchiahui/UserFloder/mysource/ROS/ROS2_WS/6.ws_simulations/install/Stage/share/stage/worlds/bitmaps/ghost.png
[6.012s] -- Installing: /home/tungchiahui/UserFloder/mysource/ROS/ROS2_WS/6.ws_simulations/install/Stage/share/stage/worlds/bitmaps/hospital.png
[6.012s] -- Installing: /home/tungchiahui/UserFloder/mysource/ROS/ROS2_WS/6.ws_simulations/install/Stage/share/stage/worlds/bitmaps/hospital_section.png
[6.012s] -- Installing: /home/tungchiahui/UserFloder/mysource/ROS/ROS2_WS/6.ws_simulations/install/Stage/share/stage/worlds/bitmaps/human_outline.png
[6.012s] -- Installing: /home/tungchiahui/UserFloder/mysource/ROS/ROS2_WS/6.ws_simulations/install/Stage/share/stage/worlds/bitmaps/mbicp.png
[6.012s] -- Installing: /home/tungchiahui/UserFloder/mysource/ROS/ROS2_WS/6.ws_simulations/install/Stage/share/stage/worlds/bitmaps/rink.png
[6.012s] -- Installing: /home/tungchiahui/UserFloder/mysource/ROS/ROS2_WS/6.ws_simulations/install/Stage/share/stage/worlds/bitmaps/sal2.png
[6.012s] -- Installing: /home/tungchiahui/UserFloder/mysource/ROS/ROS2_WS/6.ws_simulations/install/Stage/share/stage/worlds/bitmaps/simple_rooms.png
[6.012s] -- Installing: /home/tungchiahui/UserFloder/mysource/ROS/ROS2_WS/6.ws_simulations/install/Stage/share/stage/worlds/bitmaps/space_invader.png
[6.012s] -- Installing: /home/tungchiahui/UserFloder/mysource/ROS/ROS2_WS/6.ws_simulations/install/Stage/share/stage/worlds/bitmaps/submarine.png
[6.012s] -- Installing: /home/tungchiahui/UserFloder/mysource/ROS/ROS2_WS/6.ws_simulations/install/Stage/share/stage/worlds/bitmaps/submarine_small.png
[6.013s] -- Installing: /home/tungchiahui/UserFloder/mysource/ROS/ROS2_WS/6.ws_simulations/install/Stage/share/stage/worlds/bitmaps/table.png
[6.013s] -- Installing: /home/tungchiahui/UserFloder/mysource/ROS/ROS2_WS/6.ws_simulations/install/Stage/share/stage/worlds/bitmaps/uoa_robotics_lab.png
[6.013s] -- Installing: /home/tungchiahui/UserFloder/mysource/ROS/ROS2_WS/6.ws_simulations/install/Stage/share/stage/worlds/wifi/commando.world
[6.013s] -- Installing: /home/tungchiahui/UserFloder/mysource/ROS/ROS2_WS/6.ws_simulations/install/Stage/share/stage/worlds/wifi/hosp_wifi.world
[6.013s] -- Installing: /home/tungchiahui/UserFloder/mysource/ROS/ROS2_WS/6.ws_simulations/install/Stage/share/stage/worlds/wifi/hosp_wifi_5.world
[6.013s] -- Installing: /home/tungchiahui/UserFloder/mysource/ROS/ROS2_WS/6.ws_simulations/install/Stage/share/stage/worlds/wifi/wifi.world
[6.013s] -- Installing: /home/tungchiahui/UserFloder/mysource/ROS/ROS2_WS/6.ws_simulations/install/Stage/share/stage/worlds/wifi/wifi_itu.world
[6.013s] -- Installing: /home/tungchiahui/UserFloder/mysource/ROS/ROS2_WS/6.ws_simulations/install/Stage/share/stage/worlds/wifi/wifi_logdistance.world
[6.013s] -- Installing: /home/tungchiahui/UserFloder/mysource/ROS/ROS2_WS/6.ws_simulations/install/Stage/share/stage/worlds/wifi/wifi_ray.world
[6.013s] -- Installing: /home/tungchiahui/UserFloder/mysource/ROS/ROS2_WS/6.ws_simulations/install/Stage/share/stage/worlds/wifi/wifi_simple.world
[6.013s] -- Installing: /home/tungchiahui/UserFloder/mysource/ROS/ROS2_WS/6.ws_simulations/install/Stage/share/stage/worlds/wifi/map.inc
[6.014s] Invoked command in '/home/tungchiahui/UserFloder/mysource/ROS/ROS2_WS/6.ws_simulations/build/Stage' returned '0': /usr/bin/cmake --install /home/tungchiahui/UserFloder/mysource/ROS/ROS2_WS/6.ws_simulations/build/Stage
