[0.010s] Invoking command in '/home/tungchiahui/mysource/ros2src/4.ws02_tools/build/cpp01_launch': CMAKE_PREFIX_PATH=${CMAKE_PREFIX_PATH}:/opt/ros/humble /usr/bin/cmake --build /home/tungchiahui/mysource/ros2src/4.ws02_tools/build/cpp01_launch -- -j16 -l16
[0.033s] Invoked command in '/home/tungchiahui/mysource/ros2src/4.ws02_tools/build/cpp01_launch' returned '0': CMAKE_PREFIX_PATH=${CMAKE_PREFIX_PATH}:/opt/ros/humble /usr/bin/cmake --build /home/tungchiahui/mysource/ros2src/4.ws02_tools/build/cpp01_launch -- -j16 -l16
[0.050s] Invoking command in '/home/tungchiahui/mysource/ros2src/4.ws02_tools/build/cpp01_launch': CMAKE_PREFIX_PATH=${CMAKE_PREFIX_PATH}:/opt/ros/humble /usr/bin/cmake --install /home/tungchiahui/mysource/ros2src/4.ws02_tools/build/cpp01_launch
[0.054s] -- Install configuration: ""
[0.054s] -- Up-to-date: /home/tungchiahui/mysource/ros2src/4.ws02_tools/install/cpp01_launch/share/cpp01_launch/launch
[0.054s] -- Up-to-date: /home/tungchiahui/mysource/ros2src/4.ws02_tools/install/cpp01_launch/share/cpp01_launch/launch/py
[0.054s] -- Up-to-date: /home/tungchiahui/mysource/ros2src/4.ws02_tools/install/cpp01_launch/share/cpp01_launch/launch/py/py01_helloworld_launch.py
[0.055s] -- Installing: /home/tungchiahui/mysource/ros2src/4.ws02_tools/install/cpp01_launch/share/cpp01_launch/launch/py/py02_node_launch.py
[0.055s] -- Up-to-date: /home/tungchiahui/mysource/ros2src/4.ws02_tools/install/cpp01_launch/share/cpp01_launch/launch/xml
[0.055s] -- Up-to-date: /home/tungchiahui/mysource/ros2src/4.ws02_tools/install/cpp01_launch/share/cpp01_launch/launch/xml/xml01_helloworld_launch.xml
[0.055s] -- Up-to-date: /home/tungchiahui/mysource/ros2src/4.ws02_tools/install/cpp01_launch/share/cpp01_launch/launch/yaml
[0.055s] -- Up-to-date: /home/tungchiahui/mysource/ros2src/4.ws02_tools/install/cpp01_launch/share/cpp01_launch/launch/yaml/yaml01_helloworld_launch.yaml
[0.055s] -- Up-to-date: /home/tungchiahui/mysource/ros2src/4.ws02_tools/install/cpp01_launch/share/cpp01_launch/config
[0.055s] -- Up-to-date: /home/tungchiahui/mysource/ros2src/4.ws02_tools/install/cpp01_launch/share/cpp01_launch/config/haha.yaml
[0.055s] -- Up-to-date: /home/tungchiahui/mysource/ros2src/4.ws02_tools/install/cpp01_launch/share/ament_index/resource_index/package_run_dependencies/cpp01_launch
[0.055s] -- Up-to-date: /home/tungchiahui/mysource/ros2src/4.ws02_tools/install/cpp01_launch/share/ament_index/resource_index/parent_prefix_path/cpp01_launch
[0.055s] -- Up-to-date: /home/tungchiahui/mysource/ros2src/4.ws02_tools/install/cpp01_launch/share/cpp01_launch/environment/ament_prefix_path.sh
[0.055s] -- Up-to-date: /home/tungchiahui/mysource/ros2src/4.ws02_tools/install/cpp01_launch/share/cpp01_launch/environment/ament_prefix_path.dsv
[0.055s] -- Up-to-date: /home/tungchiahui/mysource/ros2src/4.ws02_tools/install/cpp01_launch/share/cpp01_launch/environment/path.sh
[0.055s] -- Up-to-date: /home/tungchiahui/mysource/ros2src/4.ws02_tools/install/cpp01_launch/share/cpp01_launch/environment/path.dsv
[0.055s] -- Up-to-date: /home/tungchiahui/mysource/ros2src/4.ws02_tools/install/cpp01_launch/share/cpp01_launch/local_setup.bash
[0.055s] -- Up-to-date: /home/tungchiahui/mysource/ros2src/4.ws02_tools/install/cpp01_launch/share/cpp01_launch/local_setup.sh
[0.055s] -- Up-to-date: /home/tungchiahui/mysource/ros2src/4.ws02_tools/install/cpp01_launch/share/cpp01_launch/local_setup.zsh
[0.055s] -- Up-to-date: /home/tungchiahui/mysource/ros2src/4.ws02_tools/install/cpp01_launch/share/cpp01_launch/local_setup.dsv
[0.055s] -- Installing: /home/tungchiahui/mysource/ros2src/4.ws02_tools/install/cpp01_launch/share/cpp01_launch/package.dsv
[0.055s] -- Up-to-date: /home/tungchiahui/mysource/ros2src/4.ws02_tools/install/cpp01_launch/share/ament_index/resource_index/packages/cpp01_launch
[0.055s] -- Up-to-date: /home/tungchiahui/mysource/ros2src/4.ws02_tools/install/cpp01_launch/share/cpp01_launch/cmake/cpp01_launchConfig.cmake
[0.055s] -- Up-to-date: /home/tungchiahui/mysource/ros2src/4.ws02_tools/install/cpp01_launch/share/cpp01_launch/cmake/cpp01_launchConfig-version.cmake
[0.055s] -- Up-to-date: /home/tungchiahui/mysource/ros2src/4.ws02_tools/install/cpp01_launch/share/cpp01_launch/package.xml
[0.056s] Invoked command in '/home/tungchiahui/mysource/ros2src/4.ws02_tools/build/cpp01_launch' returned '0': CMAKE_PREFIX_PATH=${CMAKE_PREFIX_PATH}:/opt/ros/humble /usr/bin/cmake --install /home/tungchiahui/mysource/ros2src/4.ws02_tools/build/cpp01_launch
