[0.034s] Invoking command in '/home/tungchiahui/user/mysource/ros2src/4axisrobot_ws/build/cpp06_urdf': CMAKE_PREFIX_PATH=/opt/ros/humble /usr/bin/cmake --build /home/tungchiahui/user/mysource/ros2src/4axisrobot_ws/build/cpp06_urdf -- -j16 -l16
[0.061s] Invoked command in '/home/tungchiahui/user/mysource/ros2src/4axisrobot_ws/build/cpp06_urdf' returned '0': CMAKE_PREFIX_PATH=/opt/ros/humble /usr/bin/cmake --build /home/tungchiahui/user/mysource/ros2src/4axisrobot_ws/build/cpp06_urdf -- -j16 -l16
[0.081s] Invoking command in '/home/tungchiahui/user/mysource/ros2src/4axisrobot_ws/build/cpp06_urdf': CMAKE_PREFIX_PATH=/opt/ros/humble /usr/bin/cmake --install /home/tungchiahui/user/mysource/ros2src/4axisrobot_ws/build/cpp06_urdf
[0.087s] -- Install configuration: ""
[0.087s] -- Up-to-date: /home/tungchiahui/user/mysource/ros2src/4axisrobot_ws/install/cpp06_urdf/share/cpp06_urdf/launch
[0.087s] -- Up-to-date: /home/tungchiahui/user/mysource/ros2src/4axisrobot_ws/install/cpp06_urdf/share/cpp06_urdf/launch/display.launch.py
[0.087s] -- Up-to-date: /home/tungchiahui/user/mysource/ros2src/4axisrobot_ws/install/cpp06_urdf/share/cpp06_urdf/urdf
[0.087s] -- Up-to-date: /home/tungchiahui/user/mysource/ros2src/4axisrobot_ws/install/cpp06_urdf/share/cpp06_urdf/urdf/urdf
[0.087s] -- Up-to-date: /home/tungchiahui/user/mysource/ros2src/4axisrobot_ws/install/cpp06_urdf/share/cpp06_urdf/urdf/urdf/4axis_robot.urdf
[0.087s] -- Up-to-date: /home/tungchiahui/user/mysource/ros2src/4axisrobot_ws/install/cpp06_urdf/share/cpp06_urdf/urdf/urdf/4axis_robot.csv
[0.087s] -- Up-to-date: /home/tungchiahui/user/mysource/ros2src/4axisrobot_ws/install/cpp06_urdf/share/cpp06_urdf/urdf/xacro
[0.087s] -- Up-to-date: /home/tungchiahui/user/mysource/ros2src/4axisrobot_ws/install/cpp06_urdf/share/cpp06_urdf/rviz
[0.087s] -- Up-to-date: /home/tungchiahui/user/mysource/ros2src/4axisrobot_ws/install/cpp06_urdf/share/cpp06_urdf/meshes
[0.087s] -- Up-to-date: /home/tungchiahui/user/mysource/ros2src/4axisrobot_ws/install/cpp06_urdf/share/cpp06_urdf/meshes/Link3.STL
[0.087s] -- Up-to-date: /home/tungchiahui/user/mysource/ros2src/4axisrobot_ws/install/cpp06_urdf/share/cpp06_urdf/meshes/Link4.STL
[0.087s] -- Up-to-date: /home/tungchiahui/user/mysource/ros2src/4axisrobot_ws/install/cpp06_urdf/share/cpp06_urdf/meshes/base_link.STL
[0.087s] -- Up-to-date: /home/tungchiahui/user/mysource/ros2src/4axisrobot_ws/install/cpp06_urdf/share/cpp06_urdf/meshes/Link2.STL
[0.087s] -- Up-to-date: /home/tungchiahui/user/mysource/ros2src/4axisrobot_ws/install/cpp06_urdf/share/cpp06_urdf/meshes/Link1.STL
[0.087s] -- Up-to-date: /home/tungchiahui/user/mysource/ros2src/4axisrobot_ws/install/cpp06_urdf/share/ament_index/resource_index/package_run_dependencies/cpp06_urdf
[0.087s] -- Up-to-date: /home/tungchiahui/user/mysource/ros2src/4axisrobot_ws/install/cpp06_urdf/share/ament_index/resource_index/parent_prefix_path/cpp06_urdf
[0.087s] -- Up-to-date: /home/tungchiahui/user/mysource/ros2src/4axisrobot_ws/install/cpp06_urdf/share/cpp06_urdf/environment/ament_prefix_path.sh
[0.087s] -- Up-to-date: /home/tungchiahui/user/mysource/ros2src/4axisrobot_ws/install/cpp06_urdf/share/cpp06_urdf/environment/ament_prefix_path.dsv
[0.087s] -- Up-to-date: /home/tungchiahui/user/mysource/ros2src/4axisrobot_ws/install/cpp06_urdf/share/cpp06_urdf/environment/path.sh
[0.088s] -- Up-to-date: /home/tungchiahui/user/mysource/ros2src/4axisrobot_ws/install/cpp06_urdf/share/cpp06_urdf/environment/path.dsv
[0.088s] -- Up-to-date: /home/tungchiahui/user/mysource/ros2src/4axisrobot_ws/install/cpp06_urdf/share/cpp06_urdf/local_setup.bash
[0.088s] -- Up-to-date: /home/tungchiahui/user/mysource/ros2src/4axisrobot_ws/install/cpp06_urdf/share/cpp06_urdf/local_setup.sh
[0.088s] -- Up-to-date: /home/tungchiahui/user/mysource/ros2src/4axisrobot_ws/install/cpp06_urdf/share/cpp06_urdf/local_setup.zsh
[0.088s] -- Up-to-date: /home/tungchiahui/user/mysource/ros2src/4axisrobot_ws/install/cpp06_urdf/share/cpp06_urdf/local_setup.dsv
[0.088s] -- Up-to-date: /home/tungchiahui/user/mysource/ros2src/4axisrobot_ws/install/cpp06_urdf/share/cpp06_urdf/package.dsv
[0.088s] -- Up-to-date: /home/tungchiahui/user/mysource/ros2src/4axisrobot_ws/install/cpp06_urdf/share/ament_index/resource_index/packages/cpp06_urdf
[0.088s] -- Up-to-date: /home/tungchiahui/user/mysource/ros2src/4axisrobot_ws/install/cpp06_urdf/share/cpp06_urdf/cmake/cpp06_urdfConfig.cmake
[0.088s] -- Up-to-date: /home/tungchiahui/user/mysource/ros2src/4axisrobot_ws/install/cpp06_urdf/share/cpp06_urdf/cmake/cpp06_urdfConfig-version.cmake
[0.088s] -- Up-to-date: /home/tungchiahui/user/mysource/ros2src/4axisrobot_ws/install/cpp06_urdf/share/cpp06_urdf/package.xml
[0.088s] Invoked command in '/home/tungchiahui/user/mysource/ros2src/4axisrobot_ws/build/cpp06_urdf' returned '0': CMAKE_PREFIX_PATH=/opt/ros/humble /usr/bin/cmake --install /home/tungchiahui/user/mysource/ros2src/4axisrobot_ws/build/cpp06_urdf
