[0.555s] Invoking command in '/home/tungchiahui/mysource/ros2src/1.demo_ws/src/pkg02_helloworld_py': PYTHONPATH=/home/tungchiahui/mysource/ros2src/1.demo_ws/build/pkg02_helloworld_py/prefix_override:/home/tungchiahui/mysource/ros2src/1.demo_ws/install/pkg02_helloworld_py/lib/python3.10/site-packages:${PYTHONPATH} /usr/bin/python3 setup.py egg_info --egg-base ../../build/pkg02_helloworld_py build --build-base /home/tungchiahui/mysource/ros2src/1.demo_ws/build/pkg02_helloworld_py/build install --record /home/tungchiahui/mysource/ros2src/1.demo_ws/build/pkg02_helloworld_py/install.log --single-version-externally-managed
[0.688s] running egg_info
[0.688s] writing ../../build/pkg02_helloworld_py/pkg02_helloworld_py.egg-info/PKG-INFO
[0.688s] writing dependency_links to ../../build/pkg02_helloworld_py/pkg02_helloworld_py.egg-info/dependency_links.txt
[0.688s] writing entry points to ../../build/pkg02_helloworld_py/pkg02_helloworld_py.egg-info/entry_points.txt
[0.688s] writing requirements to ../../build/pkg02_helloworld_py/pkg02_helloworld_py.egg-info/requires.txt
[0.688s] writing top-level names to ../../build/pkg02_helloworld_py/pkg02_helloworld_py.egg-info/top_level.txt
[0.689s] reading manifest file '../../build/pkg02_helloworld_py/pkg02_helloworld_py.egg-info/SOURCES.txt'
[0.690s] writing manifest file '../../build/pkg02_helloworld_py/pkg02_helloworld_py.egg-info/SOURCES.txt'
[0.690s] running build
[0.690s] running build_py
[0.690s] running install
[0.691s] /usr/lib/python3/dist-packages/setuptools/command/install.py:34: SetuptoolsDeprecationWarning: setup.py install is deprecated. Use build and pip and other standards-based tools.
[0.691s]   warnings.warn(
[0.691s] running install_lib
[0.692s] running install_data
[0.692s] running install_egg_info
[0.693s] removing '/home/tungchiahui/mysource/ros2src/1.demo_ws/install/pkg02_helloworld_py/lib/python3.10/site-packages/pkg02_helloworld_py-0.0.0-py3.10.egg-info' (and everything under it)
[0.693s] Copying ../../build/pkg02_helloworld_py/pkg02_helloworld_py.egg-info to /home/tungchiahui/mysource/ros2src/1.demo_ws/install/pkg02_helloworld_py/lib/python3.10/site-packages/pkg02_helloworld_py-0.0.0-py3.10.egg-info
[0.694s] running install_scripts
[0.708s] Installing helloworld script to /home/tungchiahui/mysource/ros2src/1.demo_ws/install/pkg02_helloworld_py/lib/pkg02_helloworld_py
[0.708s] writing list of installed files to '/home/tungchiahui/mysource/ros2src/1.demo_ws/build/pkg02_helloworld_py/install.log'
[0.730s] Invoked command in '/home/tungchiahui/mysource/ros2src/1.demo_ws/src/pkg02_helloworld_py' returned '0': PYTHONPATH=/home/tungchiahui/mysource/ros2src/1.demo_ws/build/pkg02_helloworld_py/prefix_override:/home/tungchiahui/mysource/ros2src/1.demo_ws/install/pkg02_helloworld_py/lib/python3.10/site-packages:${PYTHONPATH} /usr/bin/python3 setup.py egg_info --egg-base ../../build/pkg02_helloworld_py build --build-base /home/tungchiahui/mysource/ros2src/1.demo_ws/build/pkg02_helloworld_py/build install --record /home/tungchiahui/mysource/ros2src/1.demo_ws/build/pkg02_helloworld_py/install.log --single-version-externally-managed
