[0.010s] Invoking command in '/home/tungchiahui/mysource/ros2src/3.ws01_plumbing/build/cpp06_time': CMAKE_PREFIX_PATH=${CMAKE_PREFIX_PATH}:/opt/ros/humble /usr/bin/cmake --build /home/tungchiahui/mysource/ros2src/3.ws01_plumbing/build/cpp06_time -- -j16 -l16
[0.034s] [35m[1mConsolidate compiler generated dependencies of target demo01_time[0m
[0.044s] [ 50%] [32mBuilding CXX object CMakeFiles/demo01_time.dir/src/demo01_time.cpp.o[0m
[1.839s] [100%] [32m[1mLinking CXX executable demo01_time[0m
[1.901s] [100%] Built target demo01_time
[1.907s] Invoked command in '/home/tungchiahui/mysource/ros2src/3.ws01_plumbing/build/cpp06_time' returned '0': CMAKE_PREFIX_PATH=${CMAKE_PREFIX_PATH}:/opt/ros/humble /usr/bin/cmake --build /home/tungchiahui/mysource/ros2src/3.ws01_plumbing/build/cpp06_time -- -j16 -l16
[1.927s] Invoking command in '/home/tungchiahui/mysource/ros2src/3.ws01_plumbing/build/cpp06_time': CMAKE_PREFIX_PATH=${CMAKE_PREFIX_PATH}:/opt/ros/humble /usr/bin/cmake --install /home/tungchiahui/mysource/ros2src/3.ws01_plumbing/build/cpp06_time
[1.932s] -- Install configuration: ""
[1.932s] -- Installing: /home/tungchiahui/mysource/ros2src/3.ws01_plumbing/install/cpp06_time/lib/cpp06_time/demo01_time
[1.932s] -- Set runtime path of "/home/tungchiahui/mysource/ros2src/3.ws01_plumbing/install/cpp06_time/lib/cpp06_time/demo01_time" to ""
[1.932s] -- Up-to-date: /home/tungchiahui/mysource/ros2src/3.ws01_plumbing/install/cpp06_time/share/ament_index/resource_index/package_run_dependencies/cpp06_time
[1.932s] -- Up-to-date: /home/tungchiahui/mysource/ros2src/3.ws01_plumbing/install/cpp06_time/share/ament_index/resource_index/parent_prefix_path/cpp06_time
[1.932s] -- Up-to-date: /home/tungchiahui/mysource/ros2src/3.ws01_plumbing/install/cpp06_time/share/cpp06_time/environment/ament_prefix_path.sh
[1.932s] -- Up-to-date: /home/tungchiahui/mysource/ros2src/3.ws01_plumbing/install/cpp06_time/share/cpp06_time/environment/ament_prefix_path.dsv
[1.932s] -- Up-to-date: /home/tungchiahui/mysource/ros2src/3.ws01_plumbing/install/cpp06_time/share/cpp06_time/environment/path.sh
[1.932s] -- Up-to-date: /home/tungchiahui/mysource/ros2src/3.ws01_plumbing/install/cpp06_time/share/cpp06_time/environment/path.dsv
[1.932s] -- Up-to-date: /home/tungchiahui/mysource/ros2src/3.ws01_plumbing/install/cpp06_time/share/cpp06_time/local_setup.bash
[1.933s] -- Up-to-date: /home/tungchiahui/mysource/ros2src/3.ws01_plumbing/install/cpp06_time/share/cpp06_time/local_setup.sh
[1.933s] -- Up-to-date: /home/tungchiahui/mysource/ros2src/3.ws01_plumbing/install/cpp06_time/share/cpp06_time/local_setup.zsh
[1.933s] -- Up-to-date: /home/tungchiahui/mysource/ros2src/3.ws01_plumbing/install/cpp06_time/share/cpp06_time/local_setup.dsv
[1.933s] -- Installing: /home/tungchiahui/mysource/ros2src/3.ws01_plumbing/install/cpp06_time/share/cpp06_time/package.dsv
[1.933s] -- Up-to-date: /home/tungchiahui/mysource/ros2src/3.ws01_plumbing/install/cpp06_time/share/ament_index/resource_index/packages/cpp06_time
[1.933s] -- Up-to-date: /home/tungchiahui/mysource/ros2src/3.ws01_plumbing/install/cpp06_time/share/cpp06_time/cmake/cpp06_timeConfig.cmake
[1.933s] -- Up-to-date: /home/tungchiahui/mysource/ros2src/3.ws01_plumbing/install/cpp06_time/share/cpp06_time/cmake/cpp06_timeConfig-version.cmake
[1.933s] -- Up-to-date: /home/tungchiahui/mysource/ros2src/3.ws01_plumbing/install/cpp06_time/share/cpp06_time/package.xml
[1.934s] Invoked command in '/home/tungchiahui/mysource/ros2src/3.ws01_plumbing/build/cpp06_time' returned '0': CMAKE_PREFIX_PATH=${CMAKE_PREFIX_PATH}:/opt/ros/humble /usr/bin/cmake --install /home/tungchiahui/mysource/ros2src/3.ws01_plumbing/build/cpp06_time
