[0.046s] Invoking command in '/home/tungchiahui/mysource/ros2src/5.opencv_demo_ws/build/opencv_demo1': CMAKE_PREFIX_PATH=${CMAKE_PREFIX_PATH}:/opt/ros/humble /usr/bin/cmake --build /home/tungchiahui/mysource/ros2src/5.opencv_demo_ws/build/opencv_demo1 -- -j16 -l16
[0.067s] -- Found ament_cmake: 1.3.6 (/opt/ros/humble/share/ament_cmake/cmake)
[0.170s] -- Found rclcpp: 16.0.7 (/opt/ros/humble/share/rclcpp/cmake)
[0.198s] -- Found rosidl_generator_c: 3.1.5 (/opt/ros/humble/share/rosidl_generator_c/cmake)
[0.200s] -- Found rosidl_adapter: 3.1.5 (/opt/ros/humble/share/rosidl_adapter/cmake)
[0.206s] -- Found rosidl_generator_cpp: 3.1.5 (/opt/ros/humble/share/rosidl_generator_cpp/cmake)
[0.217s] -- Using all available rosidl_typesupport_c: rosidl_typesupport_fastrtps_c;rosidl_typesupport_introspection_c
[0.230s] -- Using all available rosidl_typesupport_cpp: rosidl_typesupport_fastrtps_cpp;rosidl_typesupport_introspection_cpp
[0.276s] -- Found rmw_implementation_cmake: 6.1.1 (/opt/ros/humble/share/rmw_implementation_cmake/cmake)
[0.277s] -- Found rmw_fastrtps_cpp: 6.2.5 (/opt/ros/humble/share/rmw_fastrtps_cpp/cmake)
[0.362s] -- Using RMW implementation 'rmw_fastrtps_cpp' as default
[0.483s] -- Found sensor_msgs: 4.2.3 (/opt/ros/humble/share/sensor_msgs/cmake)
[0.573s] -- Found cv_bridge: 3.2.1 (/opt/ros/humble/share/cv_bridge/cmake)
[0.578s] -- Found image_transport: 3.1.7 (/opt/ros/humble/share/image_transport/cmake)
[0.604s] [31mCMake Error at CMakeLists.txt:17 (add_executable):
[0.604s]   add_executable cannot create target "opencv_node" because another target
[0.604s]   with the same name already exists.  The existing target is an executable
[0.604s]   created in source directory
[0.604s]   "/home/tungchiahui/mysource/ros2src/5.opencv_demo_ws/src/opencv_demo1".
[0.604s]   See documentation for policy CMP0002 for more details.
[0.604s] 
[0.604s] [0m
[0.606s] [31mCMake Error at /opt/ros/humble/share/ament_cmake_target_dependencies/cmake/ament_target_dependencies.cmake:42 (message):
[0.606s]   ament_target_dependencies() the first argument must be a valid target name
[0.606s] Call Stack (most recent call first):
[0.606s]   CMakeLists.txt:32 (ament_target_dependencies)
[0.606s] 
[0.606s] [0m
[0.606s] -- Configuring incomplete, errors occurred!
[0.606s] See also "/home/tungchiahui/mysource/ros2src/5.opencv_demo_ws/build/opencv_demo1/CMakeFiles/CMakeOutput.log".
[0.612s] gmake: *** [Makefile:267: cmake_check_build_system] Error 1
[0.614s] Invoked command in '/home/tungchiahui/mysource/ros2src/5.opencv_demo_ws/build/opencv_demo1' returned '2': CMAKE_PREFIX_PATH=${CMAKE_PREFIX_PATH}:/opt/ros/humble /usr/bin/cmake --build /home/tungchiahui/mysource/ros2src/5.opencv_demo_ws/build/opencv_demo1 -- -j16 -l16
