[0.010s] Invoking command in '/home/tungchiahui/UserFloder/mysource/ROS/ROS2_WS/6.ws_simulations/build/Stage': /usr/bin/cmake /home/tungchiahui/UserFloder/mysource/ROS/ROS2_WS/6.ws_simulations/src/Stage -DCMAKE_INSTALL_PREFIX=/home/tungchiahui/UserFloder/mysource/ROS/ROS2_WS/6.ws_simulations/install/Stage
[0.018s] [0mCMake Deprecation Warning at CMakeLists.txt:1 (cmake_minimum_required):
[0.018s]   Compatibility with CMake < 3.5 will be removed from a future version of
[0.018s]   CMake.
[0.018s] 
[0.018s]   Update the VERSION argument <min> value or use a ...<max> suffix to tell
[0.018s]   CMake that the project does not need compatibility with older versions.
[0.018s] 
[0.018s] [0m
[0.065s] -- The C compiler identification is GNU 13.3.0
[0.104s] -- The CXX compiler identification is GNU 13.3.0
[0.117s] -- Detecting C compiler ABI info
[0.180s] -- Detecting C compiler ABI info - done
[0.187s] -- Check for working C compiler: /usr/bin/cc - skipped
[0.187s] -- Detecting C compile features
[0.188s] -- Detecting C compile features - done
[0.194s] -- Detecting CXX compiler ABI info
[0.265s] -- Detecting CXX compiler ABI info - done
[0.275s] -- Check for working CXX compiler: /usr/bin/c++ - skipped
[0.275s] -- Detecting CXX compile features
[0.276s] -- Detecting CXX compile features - done
[0.277s] -- Stage version 4.3.0
[0.277s] -- Operating system is Linux
[0.277s] -- Installing Libraries to /home/tungchiahui/UserFloder/mysource/ROS/ROS2_WS/6.ws_simulations/install/Stage/lib
[0.277s] -- Installing Plugins to /home/tungchiahui/UserFloder/mysource/ROS/ROS2_WS/6.ws_simulations/install/Stage/lib/Stage-4.3
[0.277s] -- Build type RELEASE
[0.277s] -- Checking for libtool
[0.282s] -- Checking for required libraries...
[0.295s] -- Found JPEG: /usr/lib/x86_64-linux-gnu/libjpeg.so (found version "80") 
[0.308s] -- Found ZLIB: /usr/lib/x86_64-linux-gnu/libz.so (found version "1.3")  
[0.326s] -- Found PNG: /usr/lib/x86_64-linux-gnu/libpng.so (found version "1.6.43") 
[0.334s] [33mCMake Warning (dev) at /usr/share/cmake-3.28/Modules/FindOpenGL.cmake:381 (message):
[0.334s]   Policy CMP0072 is not set: FindOpenGL prefers GLVND by default when
[0.334s]   available.  Run "cmake --help-policy CMP0072" for policy details.  Use the
[0.334s]   cmake_policy command to set the policy and suppress this warning.
[0.334s] 
[0.334s]   FindOpenGL found both a legacy GL library:
[0.334s] 
[0.334s]     OPENGL_gl_LIBRARY: /usr/lib/x86_64-linux-gnu/libGL.so
[0.334s] 
[0.334s]   and GLVND libraries for OpenGL and GLX:
[0.334s] 
[0.334s]     OPENGL_opengl_LIBRARY: /usr/lib/x86_64-linux-gnu/libOpenGL.so
[0.334s]     OPENGL_glx_LIBRARY: /usr/lib/x86_64-linux-gnu/libGLX.so
[0.334s] 
[0.334s]   OpenGL_GL_PREFERENCE has not been set to "GLVND" or "LEGACY", so for
[0.334s]   compatibility with CMake 3.10 and below the legacy GL library will be used.
[0.334s] Call Stack (most recent call first):
[0.335s]   /usr/share/cmake-3.28/Modules/FindFLTK.cmake:87 (find_package)
[0.335s]   CMakeLists.txt:100 (find_package)
[0.335s] This warning is for project developers.  Use -Wno-dev to suppress it.
[0.335s] [0m
[0.335s] -- Found OpenGL: /usr/lib/x86_64-linux-gnu/libOpenGL.so   
[0.432s] -- Found X11: /usr/include   
[0.433s] -- Looking for XOpenDisplay in /usr/lib/x86_64-linux-gnu/libX11.so;/usr/lib/x86_64-linux-gnu/libXext.so
[0.496s] -- Looking for XOpenDisplay in /usr/lib/x86_64-linux-gnu/libX11.so;/usr/lib/x86_64-linux-gnu/libXext.so - found
[0.496s] -- Looking for gethostbyname
[0.561s] -- Looking for gethostbyname - found
[0.562s] -- Looking for connect
[0.625s] -- Looking for connect - found
[0.625s] -- Looking for remove
[0.684s] -- Looking for remove - found
[0.684s] -- Looking for shmat
[0.743s] -- Looking for shmat - found
[0.743s] -- Looking for IceConnectionNumber in ICE
[0.800s] -- Looking for IceConnectionNumber in ICE - found
[0.842s] -- Found FLTK: fltk_images;fltk_forms;fltk_gl;/usr/lib/x86_64-linux-gnu/libGL.so;fltk  
[0.844s] -- Checking for optional libraries...
[0.844s] -- Installation path CMAKE_INSTALL_PREFIX=/home/tungchiahui/UserFloder/mysource/ROS/ROS2_WS/6.ws_simulations/install/Stage
[0.845s] -- Configuring libstage
[0.850s] -- Found PkgConfig: /usr/bin/pkg-config (found version "1.8.1") 
[0.851s] -- Checking for one of the modules 'playercore>=2.1.0'
[0.870s] --   * Player not detected. If Player is installed but not detected, check your PKG_CONFIG_PATH.
[0.880s] -- Configuring done (0.9s)
[0.907s] -- Generating done (0.0s)
[0.913s] -- Build files have been written to: /home/tungchiahui/UserFloder/mysource/ROS/ROS2_WS/6.ws_simulations/build/Stage
[0.919s] Invoked command in '/home/tungchiahui/UserFloder/mysource/ROS/ROS2_WS/6.ws_simulations/build/Stage' returned '0': /usr/bin/cmake /home/tungchiahui/UserFloder/mysource/ROS/ROS2_WS/6.ws_simulations/src/Stage -DCMAKE_INSTALL_PREFIX=/home/tungchiahui/UserFloder/mysource/ROS/ROS2_WS/6.ws_simulations/install/Stage
[0.920s] Invoking command in '/home/tungchiahui/UserFloder/mysource/ROS/ROS2_WS/6.ws_simulations/build/Stage': /usr/bin/cmake --build /home/tungchiahui/UserFloder/mysource/ROS/ROS2_WS/6.ws_simulations/build/Stage -- -j16 -l16
[0.964s] [  1%] [32mBuilding CXX object libstage/CMakeFiles/stage.dir/blockgroup.cc.o[0m
[0.964s] [  5%] [32mBuilding CXX object libstage/CMakeFiles/stage.dir/color.cc.o[0m
[0.964s] [  5%] [32mBuilding CXX object libstage/CMakeFiles/stage.dir/camera.cc.o[0m
[0.964s] [  6%] [32mBuilding CXX object libstage/CMakeFiles/stage.dir/block.cc.o[0m
[0.964s] [  8%] [32mBuilding CXX object libstage/CMakeFiles/stage.dir/file_manager.cc.o[0m
[0.964s] [ 10%] [32mBuilding CXX object libstage/CMakeFiles/stage.dir/model_blobfinder.cc.o[0m
[0.964s] [ 11%] [32mBuilding CXX object libstage/CMakeFiles/stage.dir/logentry.cc.o[0m
[0.964s] [ 13%] [32mBuilding CXX object libstage/CMakeFiles/stage.dir/model.cc.o[0m
[0.964s] [ 15%] [32mBuilding CXX object libstage/CMakeFiles/stage.dir/model_bumper.cc.o[0m
[0.964s] [ 16%] [32mBuilding CXX object libstage/CMakeFiles/stage.dir/model_blinkenlight.cc.o[0m
[0.965s] [ 20%] [32mBuilding CXX object libstage/CMakeFiles/stage.dir/model_camera.cc.o[0m
[0.965s] [ 20%] [32mBuilding CXX object libstage/CMakeFiles/stage.dir/model_actuator.cc.o[0m
[0.965s] [ 22%] [32mBuilding CXX object libstage/CMakeFiles/stage.dir/model_draw.cc.o[0m
[0.965s] [ 25%] [32mBuilding CXX object libstage/CMakeFiles/stage.dir/gl.cc.o[0m
[0.965s] [ 25%] [32mBuilding CXX object libstage/CMakeFiles/stage.dir/model_fiducial.cc.o[0m
[0.965s] [ 27%] [32mBuilding CXX object libstage/CMakeFiles/stage.dir/model_callbacks.cc.o[0m
[1.988s] [ 28%] [32mBuilding CXX object libstage/CMakeFiles/stage.dir/model_gripper.cc.o[0m
[2.004s] [ 32%] [32mBuilding CXX object libstage/CMakeFiles/stage.dir/model_position.cc.o[0m
[2.004s] [ 32%] [32mBuilding CXX object libstage/CMakeFiles/stage.dir/model_lightindicator.cc.o[0m
[2.008s] [ 33%] [32mBuilding CXX object libstage/CMakeFiles/stage.dir/model_ranger.cc.o[0m
[2.021s] [ 35%] [32mBuilding CXX object libstage/CMakeFiles/stage.dir/option.cc.o[0m
[2.065s] [ 38%] [32mBuilding CXX object libstage/CMakeFiles/stage.dir/powerpack.cc.o[0m
[2.066s] [ 38%] [32mBuilding CXX object libstage/CMakeFiles/stage.dir/region.cc.o[0m
[2.160s] [ 40%] [32mBuilding CXX object libstage/CMakeFiles/stage.dir/stage.cc.o[0m
[2.182s] [ 42%] [32mBuilding CXX object libstage/CMakeFiles/stage.dir/texture_manager.cc.o[0m
[2.251s] [ 44%] [32mBuilding CXX object libstage/CMakeFiles/stage.dir/typetable.cc.o[0m
[2.254s] [ 45%] [32mBuilding CXX object libstage/CMakeFiles/stage.dir/world.cc.o[0m
[2.285s] [ 47%] [32mBuilding CXX object libstage/CMakeFiles/stage.dir/worldfile.cc.o[0m
[2.377s] [ 49%] [32mBuilding CXX object libstage/CMakeFiles/stage.dir/canvas.cc.o[0m
[2.390s] [ 50%] [32mBuilding CXX object libstage/CMakeFiles/stage.dir/options_dlg.cc.o[0m
[2.513s] [ 52%] [32mBuilding CXX object libstage/CMakeFiles/stage.dir/vis_strip.cc.o[0m
[3.037s] [ 54%] [32mBuilding CXX object libstage/CMakeFiles/stage.dir/worldgui.cc.o[0m
[3.098s] [ 55%] [32mBuilding CXX object libstage/CMakeFiles/stage.dir/ancestor.cc.o[0m
[4.297s] [ 57%] [32m[1mLinking CXX shared library libstage.so[0m
[4.390s] [ 57%] Built target stage
[4.410s] [ 59%] [32mBuilding CXX object examples/ctrl/CMakeFiles/source.dir/source.cc.o[0m
[4.410s] [ 61%] [32mBuilding CXX object examples/ctrl/CMakeFiles/fasr.dir/fasr.cc.o[0m
[4.410s] [ 62%] [32mBuilding CXX object examples/ctrl/CMakeFiles/wander.dir/wander.cc.o[0m
[4.411s] [ 64%] [32mBuilding CXX object examples/ctrl/CMakeFiles/lasernoise.dir/lasernoise.cc.o[0m
[4.414s] [ 66%] [32mBuilding CXX object examples/ctrl/CMakeFiles/rasterize.dir/rasterize.cc.o[0m
[4.414s] [ 67%] [32mBuilding CXX object libstage/CMakeFiles/stagebinary.dir/main.cc.o[0m
[4.414s] [ 71%] [32mBuilding CXX object examples/ctrl/CMakeFiles/pioneer_flocking.dir/pioneer_flocking.cc.o[0m
[4.414s] [ 71%] [32mBuilding CXX object examples/ctrl/CMakeFiles/sink.dir/sink.cc.o[0m
[4.414s] [ 72%] [32mBuilding CXX object examples/ctrl/CMakeFiles/fasr2.dir/astar/findpath.cpp.o[0m
[4.415s] [ 74%] [32mBuilding CXX object worlds/benchmark/CMakeFiles/expand_pioneer.dir/expand_pioneer.cc.o[0m
[4.415s] [ 76%] [32mBuilding CXX object examples/ctrl/CMakeFiles/dynamic.dir/dynamic.cc.o[0m
[4.416s] [ 79%] [32mBuilding CXX object examples/ctrl/CMakeFiles/fasr2.dir/fasr2.cc.o[0m
[4.416s] [ 79%] [32mBuilding CXX object worlds/benchmark/CMakeFiles/expand_swarm.dir/expand_swarm.cc.o[0m
[5.110s] [ 81%] [32m[1mLinking CXX shared module sink.so[0m
[5.121s] [ 83%] [32m[1mLinking CXX shared module source.so[0m
[5.180s] [ 84%] [32m[1mLinking CXX shared module wander.so[0m
[5.185s] [ 84%] Built target sink
[5.189s] [ 84%] Built target source
[5.194s] [ 86%] [32m[1mLinking CXX shared module pioneer_flocking.so[0m
[5.227s] [ 88%] [32m[1mLinking CXX shared module rasterize.so[0m
[5.243s] [ 88%] Built target wander
[5.261s] [ 88%] Built target pioneer_flocking
[5.289s] [ 88%] Built target rasterize
[5.297s] [ 89%] [32m[1mLinking CXX shared module expand_swarm.so[0m
[5.302s] [ 91%] [32m[1mLinking CXX shared module lasernoise.so[0m
[5.332s] [ 93%] [32m[1mLinking CXX executable stage[0m
[5.337s] [ 94%] [32m[1mLinking CXX shared module dynamic.so[0m
[5.347s] [ 96%] [32m[1mLinking CXX shared module expand_pioneer.so[0m
[5.366s] [ 96%] Built target lasernoise
[5.367s] [ 96%] Built target expand_swarm
[5.370s] [ 98%] [32m[1mLinking CXX shared module fasr.so[0m
[5.401s] [ 98%] Built target dynamic
[5.416s] [ 98%] Built target stagebinary
[5.416s] [ 98%] Built target expand_pioneer
[5.435s] [ 98%] Built target fasr
[5.697s] [100%] [32m[1mLinking CXX shared module fasr2.so[0m
[5.758s] [100%] Built target fasr2
[5.767s] Invoked command in '/home/tungchiahui/UserFloder/mysource/ROS/ROS2_WS/6.ws_simulations/build/Stage' returned '0': /usr/bin/cmake --build /home/tungchiahui/UserFloder/mysource/ROS/ROS2_WS/6.ws_simulations/build/Stage -- -j16 -l16
[5.768s] Invoking command in '/home/tungchiahui/UserFloder/mysource/ROS/ROS2_WS/6.ws_simulations/build/Stage': /usr/bin/cmake --install /home/tungchiahui/UserFloder/mysource/ROS/ROS2_WS/6.ws_simulations/build/Stage
[5.773s] -- Install configuration: "RELEASE"
[5.773s] -- Installing: /home/tungchiahui/UserFloder/mysource/ROS/ROS2_WS/6.ws_simulations/install/Stage/lib/pkgconfig/stage.pc
[5.773s] -- Installing: /home/tungchiahui/UserFloder/mysource/ROS/ROS2_WS/6.ws_simulations/install/Stage/lib/cmake/Stage/stage-config.cmake
[5.773s] -- Installing: /home/tungchiahui/UserFloder/mysource/ROS/ROS2_WS/6.ws_simulations/install/Stage/lib/cmake/Stage/stage-config-version.cmake
[5.773s] -- Installing: /home/tungchiahui/UserFloder/mysource/ROS/ROS2_WS/6.ws_simulations/install/Stage/bin/stage
[5.774s] -- Set non-toolchain portion of runtime path of "/home/tungchiahui/UserFloder/mysource/ROS/ROS2_WS/6.ws_simulations/install/Stage/bin/stage" to ""
[5.774s] -- Installing: /home/tungchiahui/UserFloder/mysource/ROS/ROS2_WS/6.ws_simulations/install/Stage/lib/libstage.so.4.3.0
[5.774s] -- Installing: /home/tungchiahui/UserFloder/mysource/ROS/ROS2_WS/6.ws_simulations/install/Stage/lib/libstage.so
[5.774s] -- Installing: /home/tungchiahui/UserFloder/mysource/ROS/ROS2_WS/6.ws_simulations/install/Stage/include/Stage-4.3/stage.hh
[5.775s] -- Installing: /home/tungchiahui/UserFloder/mysource/ROS/ROS2_WS/6.ws_simulations/install/Stage/lib/Stage-4.3/fasr.so
[5.775s] -- Set non-toolchain portion of runtime path of "/home/tungchiahui/UserFloder/mysource/ROS/ROS2_WS/6.ws_simulations/install/Stage/lib/Stage-4.3/fasr.so" to ""
[5.775s] -- Installing: /home/tungchiahui/UserFloder/mysource/ROS/ROS2_WS/6.ws_simulations/install/Stage/lib/Stage-4.3/sink.so
[5.776s] -- Set non-toolchain portion of runtime path of "/home/tungchiahui/UserFloder/mysource/ROS/ROS2_WS/6.ws_simulations/install/Stage/lib/Stage-4.3/sink.so" to ""
[5.776s] -- Installing: /home/tungchiahui/UserFloder/mysource/ROS/ROS2_WS/6.ws_simulations/install/Stage/lib/Stage-4.3/source.so
[5.776s] -- Set non-toolchain portion of runtime path of "/home/tungchiahui/UserFloder/mysource/ROS/ROS2_WS/6.ws_simulations/install/Stage/lib/Stage-4.3/source.so" to ""
[5.776s] -- Installing: /home/tungchiahui/UserFloder/mysource/ROS/ROS2_WS/6.ws_simulations/install/Stage/lib/Stage-4.3/wander.so
[5.776s] -- Set non-toolchain portion of runtime path of "/home/tungchiahui/UserFloder/mysource/ROS/ROS2_WS/6.ws_simulations/install/Stage/lib/Stage-4.3/wander.so" to ""
[5.776s] -- Installing: /home/tungchiahui/UserFloder/mysource/ROS/ROS2_WS/6.ws_simulations/install/Stage/lib/Stage-4.3/pioneer_flocking.so
[5.776s] -- Set non-toolchain portion of runtime path of "/home/tungchiahui/UserFloder/mysource/ROS/ROS2_WS/6.ws_simulations/install/Stage/lib/Stage-4.3/pioneer_flocking.so" to ""
[5.777s] -- Installing: /home/tungchiahui/UserFloder/mysource/ROS/ROS2_WS/6.ws_simulations/install/Stage/lib/Stage-4.3/rasterize.so
[5.777s] -- Set non-toolchain portion of runtime path of "/home/tungchiahui/UserFloder/mysource/ROS/ROS2_WS/6.ws_simulations/install/Stage/lib/Stage-4.3/rasterize.so" to ""
[5.777s] -- Installing: /home/tungchiahui/UserFloder/mysource/ROS/ROS2_WS/6.ws_simulations/install/Stage/lib/Stage-4.3/lasernoise.so
[5.777s] -- Set non-toolchain portion of runtime path of "/home/tungchiahui/UserFloder/mysource/ROS/ROS2_WS/6.ws_simulations/install/Stage/lib/Stage-4.3/lasernoise.so" to ""
[5.777s] -- Installing: /home/tungchiahui/UserFloder/mysource/ROS/ROS2_WS/6.ws_simulations/install/Stage/lib/Stage-4.3/dynamic.so
[5.777s] -- Set non-toolchain portion of runtime path of "/home/tungchiahui/UserFloder/mysource/ROS/ROS2_WS/6.ws_simulations/install/Stage/lib/Stage-4.3/dynamic.so" to ""
[5.778s] -- Installing: /home/tungchiahui/UserFloder/mysource/ROS/ROS2_WS/6.ws_simulations/install/Stage/lib/Stage-4.3/fasr2.so
[5.778s] -- Set non-toolchain portion of runtime path of "/home/tungchiahui/UserFloder/mysource/ROS/ROS2_WS/6.ws_simulations/install/Stage/lib/Stage-4.3/fasr2.so" to ""
[5.778s] -- Installing: /home/tungchiahui/UserFloder/mysource/ROS/ROS2_WS/6.ws_simulations/install/Stage/share/stage/assets/blue.png
[5.778s] -- Installing: /home/tungchiahui/UserFloder/mysource/ROS/ROS2_WS/6.ws_simulations/install/Stage/share/stage/assets/death.png
[5.779s] -- Installing: /home/tungchiahui/UserFloder/mysource/ROS/ROS2_WS/6.ws_simulations/install/Stage/share/stage/assets/green.png
[5.779s] -- Installing: /home/tungchiahui/UserFloder/mysource/ROS/ROS2_WS/6.ws_simulations/install/Stage/share/stage/assets/logo.png
[5.779s] -- Installing: /home/tungchiahui/UserFloder/mysource/ROS/ROS2_WS/6.ws_simulations/install/Stage/share/stage/assets/mains.png
[5.779s] -- Installing: /home/tungchiahui/UserFloder/mysource/ROS/ROS2_WS/6.ws_simulations/install/Stage/share/stage/assets/mainspower.png
[5.779s] -- Installing: /home/tungchiahui/UserFloder/mysource/ROS/ROS2_WS/6.ws_simulations/install/Stage/share/stage/assets/question_mark.png
[5.779s] -- Installing: /home/tungchiahui/UserFloder/mysource/ROS/ROS2_WS/6.ws_simulations/install/Stage/share/stage/assets/red.png
[5.779s] -- Installing: /home/tungchiahui/UserFloder/mysource/ROS/ROS2_WS/6.ws_simulations/install/Stage/share/stage/assets/stagelogo.png
[5.779s] -- Installing: /home/tungchiahui/UserFloder/mysource/ROS/ROS2_WS/6.ws_simulations/install/Stage/share/stage/assets/stall-old.png
[5.779s] -- Installing: /home/tungchiahui/UserFloder/mysource/ROS/ROS2_WS/6.ws_simulations/install/Stage/share/stage/assets/stall.png
[5.779s] -- Installing: /home/tungchiahui/UserFloder/mysource/ROS/ROS2_WS/6.ws_simulations/install/Stage/share/stage/assets/rgb.txt
[5.779s] -- Installing: /home/tungchiahui/UserFloder/mysource/ROS/ROS2_WS/6.ws_simulations/install/Stage/share/stage/rgb.txt
[5.779s] -- Installing: /home/tungchiahui/UserFloder/mysource/ROS/ROS2_WS/6.ws_simulations/install/Stage/share/stage/worlds/amcl-sonar.cfg
[5.780s] -- Installing: /home/tungchiahui/UserFloder/mysource/ROS/ROS2_WS/6.ws_simulations/install/Stage/share/stage/worlds/autolab.cfg
[5.780s] -- Installing: /home/tungchiahui/UserFloder/mysource/ROS/ROS2_WS/6.ws_simulations/install/Stage/share/stage/worlds/camera.cfg
[5.780s] -- Installing: /home/tungchiahui/UserFloder/mysource/ROS/ROS2_WS/6.ws_simulations/install/Stage/share/stage/worlds/everything.cfg
[5.780s] -- Installing: /home/tungchiahui/UserFloder/mysource/ROS/ROS2_WS/6.ws_simulations/install/Stage/share/stage/worlds/lsp_test.cfg
[5.780s] -- Installing: /home/tungchiahui/UserFloder/mysource/ROS/ROS2_WS/6.ws_simulations/install/Stage/share/stage/worlds/mbicp.cfg
[5.780s] -- Installing: /home/tungchiahui/UserFloder/mysource/ROS/ROS2_WS/6.ws_simulations/install/Stage/share/stage/worlds/nd.cfg
[5.780s] -- Installing: /home/tungchiahui/UserFloder/mysource/ROS/ROS2_WS/6.ws_simulations/install/Stage/share/stage/worlds/roomba.cfg
[5.780s] -- Installing: /home/tungchiahui/UserFloder/mysource/ROS/ROS2_WS/6.ws_simulations/install/Stage/share/stage/worlds/simple.cfg
[5.780s] -- Installing: /home/tungchiahui/UserFloder/mysource/ROS/ROS2_WS/6.ws_simulations/install/Stage/share/stage/worlds/test.cfg
[5.780s] -- Installing: /home/tungchiahui/UserFloder/mysource/ROS/ROS2_WS/6.ws_simulations/install/Stage/share/stage/worlds/uoa_robotics_lab.cfg
[5.780s] -- Installing: /home/tungchiahui/UserFloder/mysource/ROS/ROS2_WS/6.ws_simulations/install/Stage/share/stage/worlds/vfh.cfg
[5.780s] -- Installing: /home/tungchiahui/UserFloder/mysource/ROS/ROS2_WS/6.ws_simulations/install/Stage/share/stage/worlds/wavefront-remote.cfg
[5.780s] -- Installing: /home/tungchiahui/UserFloder/mysource/ROS/ROS2_WS/6.ws_simulations/install/Stage/share/stage/worlds/wavefront.cfg
[5.780s] -- Installing: /home/tungchiahui/UserFloder/mysource/ROS/ROS2_WS/6.ws_simulations/install/Stage/share/stage/worlds/wifi.cfg
[5.780s] -- Installing: /home/tungchiahui/UserFloder/mysource/ROS/ROS2_WS/6.ws_simulations/install/Stage/share/stage/worlds/SFU.world
[5.780s] -- Installing: /home/tungchiahui/UserFloder/mysource/ROS/ROS2_WS/6.ws_simulations/install/Stage/share/stage/worlds/autolab.world
[5.781s] -- Installing: /home/tungchiahui/UserFloder/mysource/ROS/ROS2_WS/6.ws_simulations/install/Stage/share/stage/worlds/camera.world
[5.781s] -- Installing: /home/tungchiahui/UserFloder/mysource/ROS/ROS2_WS/6.ws_simulations/install/Stage/share/stage/worlds/circuit.world
[5.781s] -- Installing: /home/tungchiahui/UserFloder/mysource/ROS/ROS2_WS/6.ws_simulations/install/Stage/share/stage/worlds/everything.world
[5.781s] -- Installing: /home/tungchiahui/UserFloder/mysource/ROS/ROS2_WS/6.ws_simulations/install/Stage/share/stage/worlds/fasr.world
[5.781s] -- Installing: /home/tungchiahui/UserFloder/mysource/ROS/ROS2_WS/6.ws_simulations/install/Stage/share/stage/worlds/fasr2.world
[5.781s] -- Installing: /home/tungchiahui/UserFloder/mysource/ROS/ROS2_WS/6.ws_simulations/install/Stage/share/stage/worlds/fasr_plan.world
[5.781s] -- Installing: /home/tungchiahui/UserFloder/mysource/ROS/ROS2_WS/6.ws_simulations/install/Stage/share/stage/worlds/large.world
[5.781s] -- Installing: /home/tungchiahui/UserFloder/mysource/ROS/ROS2_WS/6.ws_simulations/install/Stage/share/stage/worlds/lsp_test.world
[5.781s] -- Installing: /home/tungchiahui/UserFloder/mysource/ROS/ROS2_WS/6.ws_simulations/install/Stage/share/stage/worlds/mbicp.world
[5.781s] -- Installing: /home/tungchiahui/UserFloder/mysource/ROS/ROS2_WS/6.ws_simulations/install/Stage/share/stage/worlds/pioneer_flocking.world
[5.781s] -- Installing: /home/tungchiahui/UserFloder/mysource/ROS/ROS2_WS/6.ws_simulations/install/Stage/share/stage/worlds/pioneer_follow.world
[5.782s] -- Installing: /home/tungchiahui/UserFloder/mysource/ROS/ROS2_WS/6.ws_simulations/install/Stage/share/stage/worlds/pioneer_walle.world
[5.782s] -- Installing: /home/tungchiahui/UserFloder/mysource/ROS/ROS2_WS/6.ws_simulations/install/Stage/share/stage/worlds/roomba.world
[5.782s] -- Installing: /home/tungchiahui/UserFloder/mysource/ROS/ROS2_WS/6.ws_simulations/install/Stage/share/stage/worlds/sensor_noise_demo.world
[5.782s] -- Installing: /home/tungchiahui/UserFloder/mysource/ROS/ROS2_WS/6.ws_simulations/install/Stage/share/stage/worlds/sensor_noise_module_demo.world
[5.782s] -- Installing: /home/tungchiahui/UserFloder/mysource/ROS/ROS2_WS/6.ws_simulations/install/Stage/share/stage/worlds/simple.world
[5.782s] -- Installing: /home/tungchiahui/UserFloder/mysource/ROS/ROS2_WS/6.ws_simulations/install/Stage/share/stage/worlds/uoa_robotics_lab.world
[5.782s] -- Installing: /home/tungchiahui/UserFloder/mysource/ROS/ROS2_WS/6.ws_simulations/install/Stage/share/stage/worlds/wifi.world
[5.782s] -- Installing: /home/tungchiahui/UserFloder/mysource/ROS/ROS2_WS/6.ws_simulations/install/Stage/share/stage/worlds/beacons.inc
[5.782s] -- Installing: /home/tungchiahui/UserFloder/mysource/ROS/ROS2_WS/6.ws_simulations/install/Stage/share/stage/worlds/chatterbox.inc
[5.782s] -- Installing: /home/tungchiahui/UserFloder/mysource/ROS/ROS2_WS/6.ws_simulations/install/Stage/share/stage/worlds/hokuyo.inc
[5.782s] -- Installing: /home/tungchiahui/UserFloder/mysource/ROS/ROS2_WS/6.ws_simulations/install/Stage/share/stage/worlds/irobot.inc
[5.782s] -- Installing: /home/tungchiahui/UserFloder/mysource/ROS/ROS2_WS/6.ws_simulations/install/Stage/share/stage/worlds/map.inc
[5.782s] -- Installing: /home/tungchiahui/UserFloder/mysource/ROS/ROS2_WS/6.ws_simulations/install/Stage/share/stage/worlds/objects.inc
[5.783s] -- Installing: /home/tungchiahui/UserFloder/mysource/ROS/ROS2_WS/6.ws_simulations/install/Stage/share/stage/worlds/pantilt.inc
[5.783s] -- Installing: /home/tungchiahui/UserFloder/mysource/ROS/ROS2_WS/6.ws_simulations/install/Stage/share/stage/worlds/pioneer.inc
[5.783s] -- Installing: /home/tungchiahui/UserFloder/mysource/ROS/ROS2_WS/6.ws_simulations/install/Stage/share/stage/worlds/sick.inc
[5.783s] -- Installing: /home/tungchiahui/UserFloder/mysource/ROS/ROS2_WS/6.ws_simulations/install/Stage/share/stage/worlds/ubot.inc
[5.783s] -- Installing: /home/tungchiahui/UserFloder/mysource/ROS/ROS2_WS/6.ws_simulations/install/Stage/share/stage/worlds/uoa_robotics_lab_models.inc
[5.783s] -- Installing: /home/tungchiahui/UserFloder/mysource/ROS/ROS2_WS/6.ws_simulations/install/Stage/share/stage/worlds/walle.inc
[5.783s] -- Installing: /home/tungchiahui/UserFloder/mysource/ROS/ROS2_WS/6.ws_simulations/install/Stage/share/stage/worlds/cfggen.sh
[5.783s] -- Installing: /home/tungchiahui/UserFloder/mysource/ROS/ROS2_WS/6.ws_simulations/install/Stage/share/stage/worlds/test.sh
[5.783s] -- Installing: /home/tungchiahui/UserFloder/mysource/ROS/ROS2_WS/6.ws_simulations/install/Stage/share/stage/worlds/worldgen.sh
[5.783s] -- Installing: /home/tungchiahui/UserFloder/mysource/ROS/ROS2_WS/6.ws_simulations/install/Stage/lib/Stage-4.3/expand_swarm.so
[5.783s] -- Set non-toolchain portion of runtime path of "/home/tungchiahui/UserFloder/mysource/ROS/ROS2_WS/6.ws_simulations/install/Stage/lib/Stage-4.3/expand_swarm.so" to ""
[5.784s] -- Installing: /home/tungchiahui/UserFloder/mysource/ROS/ROS2_WS/6.ws_simulations/install/Stage/lib/Stage-4.3/expand_pioneer.so
[5.784s] -- Set non-toolchain portion of runtime path of "/home/tungchiahui/UserFloder/mysource/ROS/ROS2_WS/6.ws_simulations/install/Stage/lib/Stage-4.3/expand_pioneer.so" to ""
[5.784s] -- Installing: /home/tungchiahui/UserFloder/mysource/ROS/ROS2_WS/6.ws_simulations/install/Stage/share/stage/worlds/bitmaps/889_05.png
[5.784s] -- Installing: /home/tungchiahui/UserFloder/mysource/ROS/ROS2_WS/6.ws_simulations/install/Stage/share/stage/worlds/bitmaps/SFU_1200x615.png
[5.784s] -- Installing: /home/tungchiahui/UserFloder/mysource/ROS/ROS2_WS/6.ws_simulations/install/Stage/share/stage/worlds/bitmaps/SRI-AIC-kwing.png
[5.784s] -- Installing: /home/tungchiahui/UserFloder/mysource/ROS/ROS2_WS/6.ws_simulations/install/Stage/share/stage/worlds/bitmaps/autolab.png
[5.784s] -- Installing: /home/tungchiahui/UserFloder/mysource/ROS/ROS2_WS/6.ws_simulations/install/Stage/share/stage/worlds/bitmaps/cave.png
[5.784s] -- Installing: /home/tungchiahui/UserFloder/mysource/ROS/ROS2_WS/6.ws_simulations/install/Stage/share/stage/worlds/bitmaps/cave_compact.png
[5.784s] -- Installing: /home/tungchiahui/UserFloder/mysource/ROS/ROS2_WS/6.ws_simulations/install/Stage/share/stage/worlds/bitmaps/cave_filled.png
[5.784s] -- Installing: /home/tungchiahui/UserFloder/mysource/ROS/ROS2_WS/6.ws_simulations/install/Stage/share/stage/worlds/bitmaps/frieburg.png
[5.784s] -- Installing: /home/tungchiahui/UserFloder/mysource/ROS/ROS2_WS/6.ws_simulations/install/Stage/share/stage/worlds/bitmaps/ghost.png
[5.784s] -- Installing: /home/tungchiahui/UserFloder/mysource/ROS/ROS2_WS/6.ws_simulations/install/Stage/share/stage/worlds/bitmaps/hospital.png
[5.784s] -- Installing: /home/tungchiahui/UserFloder/mysource/ROS/ROS2_WS/6.ws_simulations/install/Stage/share/stage/worlds/bitmaps/hospital_section.png
[5.784s] -- Installing: /home/tungchiahui/UserFloder/mysource/ROS/ROS2_WS/6.ws_simulations/install/Stage/share/stage/worlds/bitmaps/human_outline.png
[5.784s] -- Installing: /home/tungchiahui/UserFloder/mysource/ROS/ROS2_WS/6.ws_simulations/install/Stage/share/stage/worlds/bitmaps/mbicp.png
[5.785s] -- Installing: /home/tungchiahui/UserFloder/mysource/ROS/ROS2_WS/6.ws_simulations/install/Stage/share/stage/worlds/bitmaps/rink.png
[5.785s] -- Installing: /home/tungchiahui/UserFloder/mysource/ROS/ROS2_WS/6.ws_simulations/install/Stage/share/stage/worlds/bitmaps/sal2.png
[5.785s] -- Installing: /home/tungchiahui/UserFloder/mysource/ROS/ROS2_WS/6.ws_simulations/install/Stage/share/stage/worlds/bitmaps/simple_rooms.png
[5.785s] -- Installing: /home/tungchiahui/UserFloder/mysource/ROS/ROS2_WS/6.ws_simulations/install/Stage/share/stage/worlds/bitmaps/space_invader.png
[5.785s] -- Installing: /home/tungchiahui/UserFloder/mysource/ROS/ROS2_WS/6.ws_simulations/install/Stage/share/stage/worlds/bitmaps/submarine.png
[5.785s] -- Installing: /home/tungchiahui/UserFloder/mysource/ROS/ROS2_WS/6.ws_simulations/install/Stage/share/stage/worlds/bitmaps/submarine_small.png
[5.785s] -- Installing: /home/tungchiahui/UserFloder/mysource/ROS/ROS2_WS/6.ws_simulations/install/Stage/share/stage/worlds/bitmaps/table.png
[5.785s] -- Installing: /home/tungchiahui/UserFloder/mysource/ROS/ROS2_WS/6.ws_simulations/install/Stage/share/stage/worlds/bitmaps/uoa_robotics_lab.png
[5.785s] -- Installing: /home/tungchiahui/UserFloder/mysource/ROS/ROS2_WS/6.ws_simulations/install/Stage/share/stage/worlds/wifi/commando.world
[5.785s] -- Installing: /home/tungchiahui/UserFloder/mysource/ROS/ROS2_WS/6.ws_simulations/install/Stage/share/stage/worlds/wifi/hosp_wifi.world
[5.785s] -- Installing: /home/tungchiahui/UserFloder/mysource/ROS/ROS2_WS/6.ws_simulations/install/Stage/share/stage/worlds/wifi/hosp_wifi_5.world
[5.785s] -- Installing: /home/tungchiahui/UserFloder/mysource/ROS/ROS2_WS/6.ws_simulations/install/Stage/share/stage/worlds/wifi/wifi.world
[5.786s] -- Installing: /home/tungchiahui/UserFloder/mysource/ROS/ROS2_WS/6.ws_simulations/install/Stage/share/stage/worlds/wifi/wifi_itu.world
[5.786s] -- Installing: /home/tungchiahui/UserFloder/mysource/ROS/ROS2_WS/6.ws_simulations/install/Stage/share/stage/worlds/wifi/wifi_logdistance.world
[5.786s] -- Installing: /home/tungchiahui/UserFloder/mysource/ROS/ROS2_WS/6.ws_simulations/install/Stage/share/stage/worlds/wifi/wifi_ray.world
[5.786s] -- Installing: /home/tungchiahui/UserFloder/mysource/ROS/ROS2_WS/6.ws_simulations/install/Stage/share/stage/worlds/wifi/wifi_simple.world
[5.786s] -- Installing: /home/tungchiahui/UserFloder/mysource/ROS/ROS2_WS/6.ws_simulations/install/Stage/share/stage/worlds/wifi/map.inc
[5.786s] Invoked command in '/home/tungchiahui/UserFloder/mysource/ROS/ROS2_WS/6.ws_simulations/build/Stage' returned '0': /usr/bin/cmake --install /home/tungchiahui/UserFloder/mysource/ROS/ROS2_WS/6.ws_simulations/build/Stage
