[0.185s] DEBUG:colcon:Command line arguments: ['/usr/bin/colcon', 'build']
[0.185s] DEBUG:colcon:Parsed command line arguments: Namespace(log_base=None, log_level=None, verb_name='build', build_base='build', install_base='install', merge_install=False, symlink_install=False, test_result_base=None, continue_on_error=False, executor='parallel', parallel_workers=16, event_handlers=None, ignore_user_meta=False, metas=['./colcon.meta'], base_paths=['.'], packages_ignore=None, packages_ignore_regex=None, paths=None, packages_up_to=None, packages_up_to_regex=None, packages_above=None, packages_above_and_dependencies=None, packages_above_depth=None, packages_select_by_dep=None, packages_skip_by_dep=None, packages_skip_up_to=None, packages_select_build_failed=False, packages_skip_build_finished=False, packages_select_test_failures=False, packages_skip_test_passed=False, packages_select=None, packages_skip=None, packages_select_regex=None, packages_skip_regex=None, packages_start=None, packages_end=None, allow_overriding=[], cmake_args=None, cmake_target=None, cmake_target_skip_unavailable=False, cmake_clean_cache=False, cmake_clean_first=False, cmake_force_configure=False, ament_cmake_args=None, catkin_cmake_args=None, catkin_skip_building_tests=False, verb_parser=<colcon_defaults.argument_parser.defaults.DefaultArgumentsDecorator object at 0x7f04a42ab0d0>, verb_extension=<colcon_core.verb.build.BuildVerb object at 0x7f04a4b55c90>, main=<bound method BuildVerb.main of <colcon_core.verb.build.BuildVerb object at 0x7f04a4b55c90>>)
[0.205s] Level 1:colcon.colcon_core.package_discovery:discover_packages(colcon_meta) check parameters
[0.205s] Level 1:colcon.colcon_core.package_discovery:discover_packages(recursive) check parameters
[0.205s] Level 1:colcon.colcon_core.package_discovery:discover_packages(ignore) check parameters
[0.205s] Level 1:colcon.colcon_core.package_discovery:discover_packages(path) check parameters
[0.205s] Level 1:colcon.colcon_core.package_discovery:discover_packages(colcon_meta) discover
[0.205s] Level 1:colcon.colcon_core.package_discovery:discover_packages(recursive) discover
[0.205s] INFO:colcon.colcon_core.package_discovery:Crawling recursively for packages in '/home/tungchiahui/mysource/ros2src/3.ws01_plumbing'
[0.205s] Level 1:colcon.colcon_core.package_identification:_identify(.) by extensions ['ignore', 'ignore_ament_install']
[0.205s] Level 1:colcon.colcon_core.package_identification:_identify(.) by extension 'ignore'
[0.205s] Level 1:colcon.colcon_core.package_identification:_identify(.) by extension 'ignore_ament_install'
[0.205s] Level 1:colcon.colcon_core.package_identification:_identify(.) by extensions ['colcon_pkg']
[0.205s] Level 1:colcon.colcon_core.package_identification:_identify(.) by extension 'colcon_pkg'
[0.205s] Level 1:colcon.colcon_core.package_identification:_identify(.) by extensions ['colcon_meta']
[0.205s] Level 1:colcon.colcon_core.package_identification:_identify(.) by extension 'colcon_meta'
[0.205s] Level 1:colcon.colcon_core.package_identification:_identify(.) by extensions ['ros']
[0.205s] Level 1:colcon.colcon_core.package_identification:_identify(.) by extension 'ros'
[0.212s] Level 1:colcon.colcon_core.package_identification:_identify(.) by extensions ['cmake', 'python']
[0.212s] Level 1:colcon.colcon_core.package_identification:_identify(.) by extension 'cmake'
[0.212s] Level 1:colcon.colcon_core.package_identification:_identify(.) by extension 'python'
[0.212s] Level 1:colcon.colcon_core.package_identification:_identify(.) by extensions ['python_setup_py']
[0.212s] Level 1:colcon.colcon_core.package_identification:_identify(.) by extension 'python_setup_py'
[0.213s] Level 1:colcon.colcon_core.package_identification:_identify(build) by extensions ['ignore', 'ignore_ament_install']
[0.213s] Level 1:colcon.colcon_core.package_identification:_identify(build) by extension 'ignore'
[0.213s] Level 1:colcon.colcon_core.package_identification:_identify(build) ignored
[0.213s] Level 1:colcon.colcon_core.package_identification:_identify(install) by extensions ['ignore', 'ignore_ament_install']
[0.213s] Level 1:colcon.colcon_core.package_identification:_identify(install) by extension 'ignore'
[0.213s] Level 1:colcon.colcon_core.package_identification:_identify(install) ignored
[0.213s] Level 1:colcon.colcon_core.package_identification:_identify(log) by extensions ['ignore', 'ignore_ament_install']
[0.213s] Level 1:colcon.colcon_core.package_identification:_identify(log) by extension 'ignore'
[0.213s] Level 1:colcon.colcon_core.package_identification:_identify(log) ignored
[0.213s] Level 1:colcon.colcon_core.package_identification:_identify(src) by extensions ['ignore', 'ignore_ament_install']
[0.213s] Level 1:colcon.colcon_core.package_identification:_identify(src) by extension 'ignore'
[0.213s] Level 1:colcon.colcon_core.package_identification:_identify(src) by extension 'ignore_ament_install'
[0.213s] Level 1:colcon.colcon_core.package_identification:_identify(src) by extensions ['colcon_pkg']
[0.213s] Level 1:colcon.colcon_core.package_identification:_identify(src) by extension 'colcon_pkg'
[0.213s] Level 1:colcon.colcon_core.package_identification:_identify(src) by extensions ['colcon_meta']
[0.213s] Level 1:colcon.colcon_core.package_identification:_identify(src) by extension 'colcon_meta'
[0.213s] Level 1:colcon.colcon_core.package_identification:_identify(src) by extensions ['ros']
[0.213s] Level 1:colcon.colcon_core.package_identification:_identify(src) by extension 'ros'
[0.213s] Level 1:colcon.colcon_core.package_identification:_identify(src) by extensions ['cmake', 'python']
[0.213s] Level 1:colcon.colcon_core.package_identification:_identify(src) by extension 'cmake'
[0.213s] Level 1:colcon.colcon_core.package_identification:_identify(src) by extension 'python'
[0.213s] Level 1:colcon.colcon_core.package_identification:_identify(src) by extensions ['python_setup_py']
[0.213s] Level 1:colcon.colcon_core.package_identification:_identify(src) by extension 'python_setup_py'
[0.213s] Level 1:colcon.colcon_core.package_identification:_identify(src/base_interfaces_demo) by extensions ['ignore', 'ignore_ament_install']
[0.213s] Level 1:colcon.colcon_core.package_identification:_identify(src/base_interfaces_demo) by extension 'ignore'
[0.213s] Level 1:colcon.colcon_core.package_identification:_identify(src/base_interfaces_demo) by extension 'ignore_ament_install'
[0.213s] Level 1:colcon.colcon_core.package_identification:_identify(src/base_interfaces_demo) by extensions ['colcon_pkg']
[0.213s] Level 1:colcon.colcon_core.package_identification:_identify(src/base_interfaces_demo) by extension 'colcon_pkg'
[0.213s] Level 1:colcon.colcon_core.package_identification:_identify(src/base_interfaces_demo) by extensions ['colcon_meta']
[0.213s] Level 1:colcon.colcon_core.package_identification:_identify(src/base_interfaces_demo) by extension 'colcon_meta'
[0.214s] Level 1:colcon.colcon_core.package_identification:_identify(src/base_interfaces_demo) by extensions ['ros']
[0.214s] Level 1:colcon.colcon_core.package_identification:_identify(src/base_interfaces_demo) by extension 'ros'
[0.215s] DEBUG:colcon.colcon_core.package_identification:Package 'src/base_interfaces_demo' with type 'ros.ament_cmake' and name 'base_interfaces_demo'
[0.215s] Level 1:colcon.colcon_core.package_identification:_identify(src/cpp01_topic) by extensions ['ignore', 'ignore_ament_install']
[0.215s] Level 1:colcon.colcon_core.package_identification:_identify(src/cpp01_topic) by extension 'ignore'
[0.215s] Level 1:colcon.colcon_core.package_identification:_identify(src/cpp01_topic) by extension 'ignore_ament_install'
[0.215s] Level 1:colcon.colcon_core.package_identification:_identify(src/cpp01_topic) by extensions ['colcon_pkg']
[0.215s] Level 1:colcon.colcon_core.package_identification:_identify(src/cpp01_topic) by extension 'colcon_pkg'
[0.215s] Level 1:colcon.colcon_core.package_identification:_identify(src/cpp01_topic) by extensions ['colcon_meta']
[0.215s] Level 1:colcon.colcon_core.package_identification:_identify(src/cpp01_topic) by extension 'colcon_meta'
[0.215s] Level 1:colcon.colcon_core.package_identification:_identify(src/cpp01_topic) by extensions ['ros']
[0.215s] Level 1:colcon.colcon_core.package_identification:_identify(src/cpp01_topic) by extension 'ros'
[0.216s] DEBUG:colcon.colcon_core.package_identification:Package 'src/cpp01_topic' with type 'ros.ament_cmake' and name 'cpp01_topic'
[0.216s] Level 1:colcon.colcon_core.package_identification:_identify(src/cpp02_service) by extensions ['ignore', 'ignore_ament_install']
[0.216s] Level 1:colcon.colcon_core.package_identification:_identify(src/cpp02_service) by extension 'ignore'
[0.216s] Level 1:colcon.colcon_core.package_identification:_identify(src/cpp02_service) by extension 'ignore_ament_install'
[0.216s] Level 1:colcon.colcon_core.package_identification:_identify(src/cpp02_service) by extensions ['colcon_pkg']
[0.216s] Level 1:colcon.colcon_core.package_identification:_identify(src/cpp02_service) by extension 'colcon_pkg'
[0.216s] Level 1:colcon.colcon_core.package_identification:_identify(src/cpp02_service) by extensions ['colcon_meta']
[0.216s] Level 1:colcon.colcon_core.package_identification:_identify(src/cpp02_service) by extension 'colcon_meta'
[0.216s] Level 1:colcon.colcon_core.package_identification:_identify(src/cpp02_service) by extensions ['ros']
[0.216s] Level 1:colcon.colcon_core.package_identification:_identify(src/cpp02_service) by extension 'ros'
[0.217s] DEBUG:colcon.colcon_core.package_identification:Package 'src/cpp02_service' with type 'ros.ament_cmake' and name 'cpp02_service'
[0.217s] Level 1:colcon.colcon_core.package_discovery:discover_packages(recursive) using defaults
[0.217s] Level 1:colcon.colcon_core.package_discovery:discover_packages(ignore) discover
[0.217s] Level 1:colcon.colcon_core.package_discovery:discover_packages(ignore) using defaults
[0.217s] Level 1:colcon.colcon_core.package_discovery:discover_packages(path) discover
[0.217s] Level 1:colcon.colcon_core.package_discovery:discover_packages(path) using defaults
[0.231s] Level 1:colcon.colcon_core.package_discovery:discover_packages(prefix_path) check parameters
[0.231s] Level 1:colcon.colcon_core.package_discovery:discover_packages(prefix_path) discover
[0.233s] DEBUG:colcon.colcon_installed_package_information.package_discovery:Found 3 installed packages in /home/tungchiahui/mysource/ros2src/3.ws01_plumbing/install
[0.234s] DEBUG:colcon.colcon_installed_package_information.package_discovery:Found 274 installed packages in /opt/ros/humble
[0.235s] Level 1:colcon.colcon_core.package_discovery:discover_packages(prefix_path) using defaults
[0.269s] Level 5:colcon.colcon_core.verb:set package 'base_interfaces_demo' build argument 'cmake_args' from command line to 'None'
[0.269s] Level 5:colcon.colcon_core.verb:set package 'base_interfaces_demo' build argument 'cmake_target' from command line to 'None'
[0.269s] Level 5:colcon.colcon_core.verb:set package 'base_interfaces_demo' build argument 'cmake_target_skip_unavailable' from command line to 'False'
[0.269s] Level 5:colcon.colcon_core.verb:set package 'base_interfaces_demo' build argument 'cmake_clean_cache' from command line to 'False'
[0.269s] Level 5:colcon.colcon_core.verb:set package 'base_interfaces_demo' build argument 'cmake_clean_first' from command line to 'False'
[0.269s] Level 5:colcon.colcon_core.verb:set package 'base_interfaces_demo' build argument 'cmake_force_configure' from command line to 'False'
[0.269s] Level 5:colcon.colcon_core.verb:set package 'base_interfaces_demo' build argument 'ament_cmake_args' from command line to 'None'
[0.269s] Level 5:colcon.colcon_core.verb:set package 'base_interfaces_demo' build argument 'catkin_cmake_args' from command line to 'None'
[0.269s] Level 5:colcon.colcon_core.verb:set package 'base_interfaces_demo' build argument 'catkin_skip_building_tests' from command line to 'False'
[0.269s] DEBUG:colcon.colcon_core.verb:Building package 'base_interfaces_demo' with the following arguments: {'ament_cmake_args': None, 'build_base': '/home/tungchiahui/mysource/ros2src/3.ws01_plumbing/build/base_interfaces_demo', 'catkin_cmake_args': None, 'catkin_skip_building_tests': False, 'cmake_args': None, 'cmake_clean_cache': False, 'cmake_clean_first': False, 'cmake_force_configure': False, 'cmake_target': None, 'cmake_target_skip_unavailable': False, 'install_base': '/home/tungchiahui/mysource/ros2src/3.ws01_plumbing/install/base_interfaces_demo', 'merge_install': False, 'path': '/home/tungchiahui/mysource/ros2src/3.ws01_plumbing/src/base_interfaces_demo', 'symlink_install': False, 'test_result_base': None}
[0.270s] Level 5:colcon.colcon_core.verb:set package 'cpp01_topic' build argument 'cmake_args' from command line to 'None'
[0.270s] Level 5:colcon.colcon_core.verb:set package 'cpp01_topic' build argument 'cmake_target' from command line to 'None'
[0.270s] Level 5:colcon.colcon_core.verb:set package 'cpp01_topic' build argument 'cmake_target_skip_unavailable' from command line to 'False'
[0.270s] Level 5:colcon.colcon_core.verb:set package 'cpp01_topic' build argument 'cmake_clean_cache' from command line to 'False'
[0.270s] Level 5:colcon.colcon_core.verb:set package 'cpp01_topic' build argument 'cmake_clean_first' from command line to 'False'
[0.270s] Level 5:colcon.colcon_core.verb:set package 'cpp01_topic' build argument 'cmake_force_configure' from command line to 'False'
[0.270s] Level 5:colcon.colcon_core.verb:set package 'cpp01_topic' build argument 'ament_cmake_args' from command line to 'None'
[0.270s] Level 5:colcon.colcon_core.verb:set package 'cpp01_topic' build argument 'catkin_cmake_args' from command line to 'None'
[0.270s] Level 5:colcon.colcon_core.verb:set package 'cpp01_topic' build argument 'catkin_skip_building_tests' from command line to 'False'
[0.270s] DEBUG:colcon.colcon_core.verb:Building package 'cpp01_topic' with the following arguments: {'ament_cmake_args': None, 'build_base': '/home/tungchiahui/mysource/ros2src/3.ws01_plumbing/build/cpp01_topic', 'catkin_cmake_args': None, 'catkin_skip_building_tests': False, 'cmake_args': None, 'cmake_clean_cache': False, 'cmake_clean_first': False, 'cmake_force_configure': False, 'cmake_target': None, 'cmake_target_skip_unavailable': False, 'install_base': '/home/tungchiahui/mysource/ros2src/3.ws01_plumbing/install/cpp01_topic', 'merge_install': False, 'path': '/home/tungchiahui/mysource/ros2src/3.ws01_plumbing/src/cpp01_topic', 'symlink_install': False, 'test_result_base': None}
[0.271s] Level 5:colcon.colcon_core.verb:set package 'cpp02_service' build argument 'cmake_args' from command line to 'None'
[0.271s] Level 5:colcon.colcon_core.verb:set package 'cpp02_service' build argument 'cmake_target' from command line to 'None'
[0.271s] Level 5:colcon.colcon_core.verb:set package 'cpp02_service' build argument 'cmake_target_skip_unavailable' from command line to 'False'
[0.271s] Level 5:colcon.colcon_core.verb:set package 'cpp02_service' build argument 'cmake_clean_cache' from command line to 'False'
[0.271s] Level 5:colcon.colcon_core.verb:set package 'cpp02_service' build argument 'cmake_clean_first' from command line to 'False'
[0.271s] Level 5:colcon.colcon_core.verb:set package 'cpp02_service' build argument 'cmake_force_configure' from command line to 'False'
[0.271s] Level 5:colcon.colcon_core.verb:set package 'cpp02_service' build argument 'ament_cmake_args' from command line to 'None'
[0.271s] Level 5:colcon.colcon_core.verb:set package 'cpp02_service' build argument 'catkin_cmake_args' from command line to 'None'
[0.271s] Level 5:colcon.colcon_core.verb:set package 'cpp02_service' build argument 'catkin_skip_building_tests' from command line to 'False'
[0.271s] DEBUG:colcon.colcon_core.verb:Building package 'cpp02_service' with the following arguments: {'ament_cmake_args': None, 'build_base': '/home/tungchiahui/mysource/ros2src/3.ws01_plumbing/build/cpp02_service', 'catkin_cmake_args': None, 'catkin_skip_building_tests': False, 'cmake_args': None, 'cmake_clean_cache': False, 'cmake_clean_first': False, 'cmake_force_configure': False, 'cmake_target': None, 'cmake_target_skip_unavailable': False, 'install_base': '/home/tungchiahui/mysource/ros2src/3.ws01_plumbing/install/cpp02_service', 'merge_install': False, 'path': '/home/tungchiahui/mysource/ros2src/3.ws01_plumbing/src/cpp02_service', 'symlink_install': False, 'test_result_base': None}
[0.271s] INFO:colcon.colcon_core.executor:Executing jobs using 'parallel' executor
[0.273s] DEBUG:colcon.colcon_parallel_executor.executor.parallel:run_until_complete
[0.274s] INFO:colcon.colcon_ros.task.ament_cmake.build:Building ROS package in '/home/tungchiahui/mysource/ros2src/3.ws01_plumbing/src/base_interfaces_demo' with build type 'ament_cmake'
[0.274s] INFO:colcon.colcon_cmake.task.cmake.build:Building CMake package in '/home/tungchiahui/mysource/ros2src/3.ws01_plumbing/src/base_interfaces_demo'
[0.276s] INFO:colcon.colcon_core.plugin_system:Skipping extension 'colcon_core.shell.bat': Not used on non-Windows systems
[0.277s] INFO:colcon.colcon_core.shell:Skip shell extension 'powershell' for command environment: Not usable outside of PowerShell
[0.277s] DEBUG:colcon.colcon_core.shell:Skip shell extension 'dsv' for command environment
[0.284s] DEBUG:colcon.colcon_core.event_handler.log_command:Invoking command in '/home/tungchiahui/mysource/ros2src/3.ws01_plumbing/build/base_interfaces_demo': CMAKE_PREFIX_PATH=${CMAKE_PREFIX_PATH}:/opt/ros/humble /usr/bin/cmake --build /home/tungchiahui/mysource/ros2src/3.ws01_plumbing/build/base_interfaces_demo -- -j16 -l16
[0.484s] DEBUG:colcon.colcon_core.event_handler.log_command:Invoked command in '/home/tungchiahui/mysource/ros2src/3.ws01_plumbing/build/base_interfaces_demo' returned '0': CMAKE_PREFIX_PATH=${CMAKE_PREFIX_PATH}:/opt/ros/humble /usr/bin/cmake --build /home/tungchiahui/mysource/ros2src/3.ws01_plumbing/build/base_interfaces_demo -- -j16 -l16
[0.535s] DEBUG:colcon.colcon_core.event_handler.log_command:Invoking command in '/home/tungchiahui/mysource/ros2src/3.ws01_plumbing/build/base_interfaces_demo': CMAKE_PREFIX_PATH=${CMAKE_PREFIX_PATH}:/opt/ros/humble /usr/bin/cmake --install /home/tungchiahui/mysource/ros2src/3.ws01_plumbing/build/base_interfaces_demo
[0.569s] Level 1:colcon.colcon_core.environment:create_environment_scripts_only(base_interfaces_demo)
[0.569s] DEBUG:colcon.colcon_core.event_handler.log_command:Invoked command in '/home/tungchiahui/mysource/ros2src/3.ws01_plumbing/build/base_interfaces_demo' returned '0': CMAKE_PREFIX_PATH=${CMAKE_PREFIX_PATH}:/opt/ros/humble /usr/bin/cmake --install /home/tungchiahui/mysource/ros2src/3.ws01_plumbing/build/base_interfaces_demo
[0.572s] Level 1:colcon.colcon_core.environment:checking '/home/tungchiahui/mysource/ros2src/3.ws01_plumbing/install/base_interfaces_demo' for CMake module files
[0.573s] Level 1:colcon.colcon_core.environment:checking '/home/tungchiahui/mysource/ros2src/3.ws01_plumbing/install/base_interfaces_demo' for CMake config files
[0.573s] Level 1:colcon.colcon_core.shell:create_environment_hook('base_interfaces_demo', 'cmake_prefix_path')
[0.574s] INFO:colcon.colcon_core.shell:Creating environment hook '/home/tungchiahui/mysource/ros2src/3.ws01_plumbing/install/base_interfaces_demo/share/base_interfaces_demo/hook/cmake_prefix_path.ps1'
[0.574s] INFO:colcon.colcon_core.shell:Creating environment descriptor '/home/tungchiahui/mysource/ros2src/3.ws01_plumbing/install/base_interfaces_demo/share/base_interfaces_demo/hook/cmake_prefix_path.dsv'
[0.574s] INFO:colcon.colcon_core.shell:Creating environment hook '/home/tungchiahui/mysource/ros2src/3.ws01_plumbing/install/base_interfaces_demo/share/base_interfaces_demo/hook/cmake_prefix_path.sh'
[0.575s] Level 1:colcon.colcon_core.environment:checking '/home/tungchiahui/mysource/ros2src/3.ws01_plumbing/install/base_interfaces_demo/lib'
[0.575s] Level 1:colcon.colcon_core.shell:create_environment_hook('base_interfaces_demo', 'ld_library_path_lib')
[0.576s] INFO:colcon.colcon_core.shell:Creating environment hook '/home/tungchiahui/mysource/ros2src/3.ws01_plumbing/install/base_interfaces_demo/share/base_interfaces_demo/hook/ld_library_path_lib.ps1'
[0.576s] INFO:colcon.colcon_core.shell:Creating environment descriptor '/home/tungchiahui/mysource/ros2src/3.ws01_plumbing/install/base_interfaces_demo/share/base_interfaces_demo/hook/ld_library_path_lib.dsv'
[0.576s] INFO:colcon.colcon_core.shell:Creating environment hook '/home/tungchiahui/mysource/ros2src/3.ws01_plumbing/install/base_interfaces_demo/share/base_interfaces_demo/hook/ld_library_path_lib.sh'
[0.577s] Level 1:colcon.colcon_core.environment:checking '/home/tungchiahui/mysource/ros2src/3.ws01_plumbing/install/base_interfaces_demo/bin'
[0.577s] Level 1:colcon.colcon_core.environment:checking '/home/tungchiahui/mysource/ros2src/3.ws01_plumbing/install/base_interfaces_demo/lib/pkgconfig/base_interfaces_demo.pc'
[0.577s] Level 1:colcon.colcon_core.environment:checking '/home/tungchiahui/mysource/ros2src/3.ws01_plumbing/install/base_interfaces_demo/lib/python3.10/site-packages'
[0.577s] Level 1:colcon.colcon_core.environment:checking '/home/tungchiahui/mysource/ros2src/3.ws01_plumbing/install/base_interfaces_demo/bin'
[0.578s] INFO:colcon.colcon_core.shell:Creating package script '/home/tungchiahui/mysource/ros2src/3.ws01_plumbing/install/base_interfaces_demo/share/base_interfaces_demo/package.ps1'
[0.578s] INFO:colcon.colcon_core.shell:Creating package descriptor '/home/tungchiahui/mysource/ros2src/3.ws01_plumbing/install/base_interfaces_demo/share/base_interfaces_demo/package.dsv'
[0.578s] INFO:colcon.colcon_core.shell:Creating package script '/home/tungchiahui/mysource/ros2src/3.ws01_plumbing/install/base_interfaces_demo/share/base_interfaces_demo/package.sh'
[0.579s] INFO:colcon.colcon_core.shell:Creating package script '/home/tungchiahui/mysource/ros2src/3.ws01_plumbing/install/base_interfaces_demo/share/base_interfaces_demo/package.bash'
[0.579s] INFO:colcon.colcon_core.shell:Creating package script '/home/tungchiahui/mysource/ros2src/3.ws01_plumbing/install/base_interfaces_demo/share/base_interfaces_demo/package.zsh'
[0.580s] Level 1:colcon.colcon_core.environment:create_file_with_runtime_dependencies(/home/tungchiahui/mysource/ros2src/3.ws01_plumbing/install/base_interfaces_demo/share/colcon-core/packages/base_interfaces_demo)
[0.623s] Level 1:colcon.colcon_core.environment:create_environment_scripts_only(base_interfaces_demo)
[0.624s] Level 1:colcon.colcon_core.environment:checking '/home/tungchiahui/mysource/ros2src/3.ws01_plumbing/install/base_interfaces_demo' for CMake module files
[0.625s] Level 1:colcon.colcon_core.environment:checking '/home/tungchiahui/mysource/ros2src/3.ws01_plumbing/install/base_interfaces_demo' for CMake config files
[0.625s] Level 1:colcon.colcon_core.shell:create_environment_hook('base_interfaces_demo', 'cmake_prefix_path')
[0.626s] INFO:colcon.colcon_core.shell:Creating environment hook '/home/tungchiahui/mysource/ros2src/3.ws01_plumbing/install/base_interfaces_demo/share/base_interfaces_demo/hook/cmake_prefix_path.ps1'
[0.627s] INFO:colcon.colcon_core.shell:Creating environment descriptor '/home/tungchiahui/mysource/ros2src/3.ws01_plumbing/install/base_interfaces_demo/share/base_interfaces_demo/hook/cmake_prefix_path.dsv'
[0.627s] INFO:colcon.colcon_core.shell:Creating environment hook '/home/tungchiahui/mysource/ros2src/3.ws01_plumbing/install/base_interfaces_demo/share/base_interfaces_demo/hook/cmake_prefix_path.sh'
[0.627s] Level 1:colcon.colcon_core.environment:checking '/home/tungchiahui/mysource/ros2src/3.ws01_plumbing/install/base_interfaces_demo/lib'
[0.627s] Level 1:colcon.colcon_core.shell:create_environment_hook('base_interfaces_demo', 'ld_library_path_lib')
[0.628s] INFO:colcon.colcon_core.shell:Creating environment hook '/home/tungchiahui/mysource/ros2src/3.ws01_plumbing/install/base_interfaces_demo/share/base_interfaces_demo/hook/ld_library_path_lib.ps1'
[0.628s] INFO:colcon.colcon_core.shell:Creating environment descriptor '/home/tungchiahui/mysource/ros2src/3.ws01_plumbing/install/base_interfaces_demo/share/base_interfaces_demo/hook/ld_library_path_lib.dsv'
[0.628s] INFO:colcon.colcon_core.shell:Creating environment hook '/home/tungchiahui/mysource/ros2src/3.ws01_plumbing/install/base_interfaces_demo/share/base_interfaces_demo/hook/ld_library_path_lib.sh'
[0.628s] Level 1:colcon.colcon_core.environment:checking '/home/tungchiahui/mysource/ros2src/3.ws01_plumbing/install/base_interfaces_demo/bin'
[0.629s] Level 1:colcon.colcon_core.environment:checking '/home/tungchiahui/mysource/ros2src/3.ws01_plumbing/install/base_interfaces_demo/lib/pkgconfig/base_interfaces_demo.pc'
[0.629s] Level 1:colcon.colcon_core.environment:checking '/home/tungchiahui/mysource/ros2src/3.ws01_plumbing/install/base_interfaces_demo/lib/python3.10/site-packages'
[0.629s] Level 1:colcon.colcon_core.environment:checking '/home/tungchiahui/mysource/ros2src/3.ws01_plumbing/install/base_interfaces_demo/bin'
[0.630s] INFO:colcon.colcon_core.shell:Creating package script '/home/tungchiahui/mysource/ros2src/3.ws01_plumbing/install/base_interfaces_demo/share/base_interfaces_demo/package.ps1'
[0.630s] INFO:colcon.colcon_core.shell:Creating package descriptor '/home/tungchiahui/mysource/ros2src/3.ws01_plumbing/install/base_interfaces_demo/share/base_interfaces_demo/package.dsv'
[0.630s] INFO:colcon.colcon_core.shell:Creating package script '/home/tungchiahui/mysource/ros2src/3.ws01_plumbing/install/base_interfaces_demo/share/base_interfaces_demo/package.sh'
[0.630s] INFO:colcon.colcon_core.shell:Creating package script '/home/tungchiahui/mysource/ros2src/3.ws01_plumbing/install/base_interfaces_demo/share/base_interfaces_demo/package.bash'
[0.631s] INFO:colcon.colcon_core.shell:Creating package script '/home/tungchiahui/mysource/ros2src/3.ws01_plumbing/install/base_interfaces_demo/share/base_interfaces_demo/package.zsh'
[0.631s] Level 1:colcon.colcon_core.environment:create_file_with_runtime_dependencies(/home/tungchiahui/mysource/ros2src/3.ws01_plumbing/install/base_interfaces_demo/share/colcon-core/packages/base_interfaces_demo)
[0.631s] INFO:colcon.colcon_ros.task.ament_cmake.build:Building ROS package in '/home/tungchiahui/mysource/ros2src/3.ws01_plumbing/src/cpp01_topic' with build type 'ament_cmake'
[0.631s] INFO:colcon.colcon_cmake.task.cmake.build:Building CMake package in '/home/tungchiahui/mysource/ros2src/3.ws01_plumbing/src/cpp01_topic'
[0.632s] INFO:colcon.colcon_core.shell:Skip shell extension 'powershell' for command environment: Not usable outside of PowerShell
[0.632s] DEBUG:colcon.colcon_core.shell:Skip shell extension 'dsv' for command environment
[0.635s] INFO:colcon.colcon_ros.task.ament_cmake.build:Building ROS package in '/home/tungchiahui/mysource/ros2src/3.ws01_plumbing/src/cpp02_service' with build type 'ament_cmake'
[0.635s] INFO:colcon.colcon_cmake.task.cmake.build:Building CMake package in '/home/tungchiahui/mysource/ros2src/3.ws01_plumbing/src/cpp02_service'
[0.636s] INFO:colcon.colcon_core.shell:Skip shell extension 'powershell' for command environment: Not usable outside of PowerShell
[0.636s] DEBUG:colcon.colcon_core.shell:Skip shell extension 'dsv' for command environment
[0.642s] DEBUG:colcon.colcon_core.event_handler.log_command:Invoking command in '/home/tungchiahui/mysource/ros2src/3.ws01_plumbing/build/cpp01_topic': CMAKE_PREFIX_PATH=/home/tungchiahui/mysource/ros2src/3.ws01_plumbing/install/base_interfaces_demo:/home/tungchiahui/mysource/ros2src/3.ws01_plumbing/install/cpp02_service:/home/tungchiahui/mysource/ros2src/3.ws01_plumbing/install/cpp01_topic:/opt/ros/humble /usr/bin/cmake --build /home/tungchiahui/mysource/ros2src/3.ws01_plumbing/build/cpp01_topic -- -j16 -l16
[0.644s] DEBUG:colcon.colcon_core.event_handler.log_command:Invoking command in '/home/tungchiahui/mysource/ros2src/3.ws01_plumbing/build/cpp02_service': CMAKE_PREFIX_PATH=/home/tungchiahui/mysource/ros2src/3.ws01_plumbing/install/base_interfaces_demo:/home/tungchiahui/mysource/ros2src/3.ws01_plumbing/install/cpp02_service:/home/tungchiahui/mysource/ros2src/3.ws01_plumbing/install/cpp01_topic:/opt/ros/humble /usr/bin/cmake --build /home/tungchiahui/mysource/ros2src/3.ws01_plumbing/build/cpp02_service -- -j16 -l16
[3.524s] DEBUG:colcon.colcon_core.event_handler.log_command:Invoked command in '/home/tungchiahui/mysource/ros2src/3.ws01_plumbing/build/cpp02_service' returned '0': CMAKE_PREFIX_PATH=/home/tungchiahui/mysource/ros2src/3.ws01_plumbing/install/base_interfaces_demo:/home/tungchiahui/mysource/ros2src/3.ws01_plumbing/install/cpp02_service:/home/tungchiahui/mysource/ros2src/3.ws01_plumbing/install/cpp01_topic:/opt/ros/humble /usr/bin/cmake --build /home/tungchiahui/mysource/ros2src/3.ws01_plumbing/build/cpp02_service -- -j16 -l16
[3.542s] DEBUG:colcon.colcon_core.event_handler.log_command:Invoking command in '/home/tungchiahui/mysource/ros2src/3.ws01_plumbing/build/cpp02_service': CMAKE_PREFIX_PATH=/home/tungchiahui/mysource/ros2src/3.ws01_plumbing/install/base_interfaces_demo:/home/tungchiahui/mysource/ros2src/3.ws01_plumbing/install/cpp02_service:/home/tungchiahui/mysource/ros2src/3.ws01_plumbing/install/cpp01_topic:/opt/ros/humble /usr/bin/cmake --install /home/tungchiahui/mysource/ros2src/3.ws01_plumbing/build/cpp02_service
[3.552s] Level 1:colcon.colcon_core.environment:create_environment_scripts_only(cpp02_service)
[3.554s] Level 1:colcon.colcon_core.environment:checking '/home/tungchiahui/mysource/ros2src/3.ws01_plumbing/install/cpp02_service' for CMake module files
[3.554s] DEBUG:colcon.colcon_core.event_handler.log_command:Invoked command in '/home/tungchiahui/mysource/ros2src/3.ws01_plumbing/build/cpp02_service' returned '0': CMAKE_PREFIX_PATH=/home/tungchiahui/mysource/ros2src/3.ws01_plumbing/install/base_interfaces_demo:/home/tungchiahui/mysource/ros2src/3.ws01_plumbing/install/cpp02_service:/home/tungchiahui/mysource/ros2src/3.ws01_plumbing/install/cpp01_topic:/opt/ros/humble /usr/bin/cmake --install /home/tungchiahui/mysource/ros2src/3.ws01_plumbing/build/cpp02_service
[3.554s] Level 1:colcon.colcon_core.environment:checking '/home/tungchiahui/mysource/ros2src/3.ws01_plumbing/install/cpp02_service' for CMake config files
[3.554s] Level 1:colcon.colcon_core.shell:create_environment_hook('cpp02_service', 'cmake_prefix_path')
[3.555s] INFO:colcon.colcon_core.shell:Creating environment hook '/home/tungchiahui/mysource/ros2src/3.ws01_plumbing/install/cpp02_service/share/cpp02_service/hook/cmake_prefix_path.ps1'
[3.555s] INFO:colcon.colcon_core.shell:Creating environment descriptor '/home/tungchiahui/mysource/ros2src/3.ws01_plumbing/install/cpp02_service/share/cpp02_service/hook/cmake_prefix_path.dsv'
[3.556s] INFO:colcon.colcon_core.shell:Creating environment hook '/home/tungchiahui/mysource/ros2src/3.ws01_plumbing/install/cpp02_service/share/cpp02_service/hook/cmake_prefix_path.sh'
[3.556s] Level 1:colcon.colcon_core.environment:checking '/home/tungchiahui/mysource/ros2src/3.ws01_plumbing/install/cpp02_service/lib'
[3.556s] Level 1:colcon.colcon_core.environment:checking '/home/tungchiahui/mysource/ros2src/3.ws01_plumbing/install/cpp02_service/bin'
[3.556s] Level 1:colcon.colcon_core.environment:checking '/home/tungchiahui/mysource/ros2src/3.ws01_plumbing/install/cpp02_service/lib/pkgconfig/cpp02_service.pc'
[3.556s] Level 1:colcon.colcon_core.environment:checking '/home/tungchiahui/mysource/ros2src/3.ws01_plumbing/install/cpp02_service/lib/python3.10/site-packages'
[3.556s] Level 1:colcon.colcon_core.environment:checking '/home/tungchiahui/mysource/ros2src/3.ws01_plumbing/install/cpp02_service/bin'
[3.557s] INFO:colcon.colcon_core.shell:Creating package script '/home/tungchiahui/mysource/ros2src/3.ws01_plumbing/install/cpp02_service/share/cpp02_service/package.ps1'
[3.557s] INFO:colcon.colcon_core.shell:Creating package descriptor '/home/tungchiahui/mysource/ros2src/3.ws01_plumbing/install/cpp02_service/share/cpp02_service/package.dsv'
[3.558s] INFO:colcon.colcon_core.shell:Creating package script '/home/tungchiahui/mysource/ros2src/3.ws01_plumbing/install/cpp02_service/share/cpp02_service/package.sh'
[3.558s] INFO:colcon.colcon_core.shell:Creating package script '/home/tungchiahui/mysource/ros2src/3.ws01_plumbing/install/cpp02_service/share/cpp02_service/package.bash'
[3.558s] INFO:colcon.colcon_core.shell:Creating package script '/home/tungchiahui/mysource/ros2src/3.ws01_plumbing/install/cpp02_service/share/cpp02_service/package.zsh'
[3.558s] Level 1:colcon.colcon_core.environment:create_file_with_runtime_dependencies(/home/tungchiahui/mysource/ros2src/3.ws01_plumbing/install/cpp02_service/share/colcon-core/packages/cpp02_service)
[3.576s] Level 1:colcon.colcon_core.environment:create_environment_scripts_only(cpp02_service)
[3.578s] Level 1:colcon.colcon_core.environment:checking '/home/tungchiahui/mysource/ros2src/3.ws01_plumbing/install/cpp02_service' for CMake module files
[3.578s] Level 1:colcon.colcon_core.environment:checking '/home/tungchiahui/mysource/ros2src/3.ws01_plumbing/install/cpp02_service' for CMake config files
[3.579s] Level 1:colcon.colcon_core.shell:create_environment_hook('cpp02_service', 'cmake_prefix_path')
[3.579s] INFO:colcon.colcon_core.shell:Creating environment hook '/home/tungchiahui/mysource/ros2src/3.ws01_plumbing/install/cpp02_service/share/cpp02_service/hook/cmake_prefix_path.ps1'
[3.580s] INFO:colcon.colcon_core.shell:Creating environment descriptor '/home/tungchiahui/mysource/ros2src/3.ws01_plumbing/install/cpp02_service/share/cpp02_service/hook/cmake_prefix_path.dsv'
[3.580s] INFO:colcon.colcon_core.shell:Creating environment hook '/home/tungchiahui/mysource/ros2src/3.ws01_plumbing/install/cpp02_service/share/cpp02_service/hook/cmake_prefix_path.sh'
[3.581s] Level 1:colcon.colcon_core.environment:checking '/home/tungchiahui/mysource/ros2src/3.ws01_plumbing/install/cpp02_service/lib'
[3.581s] Level 1:colcon.colcon_core.environment:checking '/home/tungchiahui/mysource/ros2src/3.ws01_plumbing/install/cpp02_service/bin'
[3.581s] Level 1:colcon.colcon_core.environment:checking '/home/tungchiahui/mysource/ros2src/3.ws01_plumbing/install/cpp02_service/lib/pkgconfig/cpp02_service.pc'
[3.581s] Level 1:colcon.colcon_core.environment:checking '/home/tungchiahui/mysource/ros2src/3.ws01_plumbing/install/cpp02_service/lib/python3.10/site-packages'
[3.581s] Level 1:colcon.colcon_core.environment:checking '/home/tungchiahui/mysource/ros2src/3.ws01_plumbing/install/cpp02_service/bin'
[3.582s] INFO:colcon.colcon_core.shell:Creating package script '/home/tungchiahui/mysource/ros2src/3.ws01_plumbing/install/cpp02_service/share/cpp02_service/package.ps1'
[3.583s] INFO:colcon.colcon_core.shell:Creating package descriptor '/home/tungchiahui/mysource/ros2src/3.ws01_plumbing/install/cpp02_service/share/cpp02_service/package.dsv'
[3.583s] INFO:colcon.colcon_core.shell:Creating package script '/home/tungchiahui/mysource/ros2src/3.ws01_plumbing/install/cpp02_service/share/cpp02_service/package.sh'
[3.583s] INFO:colcon.colcon_core.shell:Creating package script '/home/tungchiahui/mysource/ros2src/3.ws01_plumbing/install/cpp02_service/share/cpp02_service/package.bash'
[3.584s] INFO:colcon.colcon_core.shell:Creating package script '/home/tungchiahui/mysource/ros2src/3.ws01_plumbing/install/cpp02_service/share/cpp02_service/package.zsh'
[3.584s] Level 1:colcon.colcon_core.environment:create_file_with_runtime_dependencies(/home/tungchiahui/mysource/ros2src/3.ws01_plumbing/install/cpp02_service/share/colcon-core/packages/cpp02_service)
[7.317s] DEBUG:colcon.colcon_core.event_handler.log_command:Invoked command in '/home/tungchiahui/mysource/ros2src/3.ws01_plumbing/build/cpp01_topic' returned '0': CMAKE_PREFIX_PATH=/home/tungchiahui/mysource/ros2src/3.ws01_plumbing/install/base_interfaces_demo:/home/tungchiahui/mysource/ros2src/3.ws01_plumbing/install/cpp02_service:/home/tungchiahui/mysource/ros2src/3.ws01_plumbing/install/cpp01_topic:/opt/ros/humble /usr/bin/cmake --build /home/tungchiahui/mysource/ros2src/3.ws01_plumbing/build/cpp01_topic -- -j16 -l16
[7.338s] DEBUG:colcon.colcon_core.event_handler.log_command:Invoking command in '/home/tungchiahui/mysource/ros2src/3.ws01_plumbing/build/cpp01_topic': CMAKE_PREFIX_PATH=/home/tungchiahui/mysource/ros2src/3.ws01_plumbing/install/base_interfaces_demo:/home/tungchiahui/mysource/ros2src/3.ws01_plumbing/install/cpp02_service:/home/tungchiahui/mysource/ros2src/3.ws01_plumbing/install/cpp01_topic:/opt/ros/humble /usr/bin/cmake --install /home/tungchiahui/mysource/ros2src/3.ws01_plumbing/build/cpp01_topic
[7.356s] Level 1:colcon.colcon_core.environment:create_environment_scripts_only(cpp01_topic)
[7.358s] Level 1:colcon.colcon_core.environment:checking '/home/tungchiahui/mysource/ros2src/3.ws01_plumbing/install/cpp01_topic' for CMake module files
[7.358s] DEBUG:colcon.colcon_core.event_handler.log_command:Invoked command in '/home/tungchiahui/mysource/ros2src/3.ws01_plumbing/build/cpp01_topic' returned '0': CMAKE_PREFIX_PATH=/home/tungchiahui/mysource/ros2src/3.ws01_plumbing/install/base_interfaces_demo:/home/tungchiahui/mysource/ros2src/3.ws01_plumbing/install/cpp02_service:/home/tungchiahui/mysource/ros2src/3.ws01_plumbing/install/cpp01_topic:/opt/ros/humble /usr/bin/cmake --install /home/tungchiahui/mysource/ros2src/3.ws01_plumbing/build/cpp01_topic
[7.359s] Level 1:colcon.colcon_core.environment:checking '/home/tungchiahui/mysource/ros2src/3.ws01_plumbing/install/cpp01_topic' for CMake config files
[7.359s] Level 1:colcon.colcon_core.shell:create_environment_hook('cpp01_topic', 'cmake_prefix_path')
[7.360s] INFO:colcon.colcon_core.shell:Creating environment hook '/home/tungchiahui/mysource/ros2src/3.ws01_plumbing/install/cpp01_topic/share/cpp01_topic/hook/cmake_prefix_path.ps1'
[7.361s] INFO:colcon.colcon_core.shell:Creating environment descriptor '/home/tungchiahui/mysource/ros2src/3.ws01_plumbing/install/cpp01_topic/share/cpp01_topic/hook/cmake_prefix_path.dsv'
[7.361s] INFO:colcon.colcon_core.shell:Creating environment hook '/home/tungchiahui/mysource/ros2src/3.ws01_plumbing/install/cpp01_topic/share/cpp01_topic/hook/cmake_prefix_path.sh'
[7.361s] Level 1:colcon.colcon_core.environment:checking '/home/tungchiahui/mysource/ros2src/3.ws01_plumbing/install/cpp01_topic/lib'
[7.361s] Level 1:colcon.colcon_core.environment:checking '/home/tungchiahui/mysource/ros2src/3.ws01_plumbing/install/cpp01_topic/bin'
[7.362s] Level 1:colcon.colcon_core.environment:checking '/home/tungchiahui/mysource/ros2src/3.ws01_plumbing/install/cpp01_topic/lib/pkgconfig/cpp01_topic.pc'
[7.362s] Level 1:colcon.colcon_core.environment:checking '/home/tungchiahui/mysource/ros2src/3.ws01_plumbing/install/cpp01_topic/lib/python3.10/site-packages'
[7.362s] Level 1:colcon.colcon_core.environment:checking '/home/tungchiahui/mysource/ros2src/3.ws01_plumbing/install/cpp01_topic/bin'
[7.363s] INFO:colcon.colcon_core.shell:Creating package script '/home/tungchiahui/mysource/ros2src/3.ws01_plumbing/install/cpp01_topic/share/cpp01_topic/package.ps1'
[7.363s] INFO:colcon.colcon_core.shell:Creating package descriptor '/home/tungchiahui/mysource/ros2src/3.ws01_plumbing/install/cpp01_topic/share/cpp01_topic/package.dsv'
[7.363s] INFO:colcon.colcon_core.shell:Creating package script '/home/tungchiahui/mysource/ros2src/3.ws01_plumbing/install/cpp01_topic/share/cpp01_topic/package.sh'
[7.363s] INFO:colcon.colcon_core.shell:Creating package script '/home/tungchiahui/mysource/ros2src/3.ws01_plumbing/install/cpp01_topic/share/cpp01_topic/package.bash'
[7.364s] INFO:colcon.colcon_core.shell:Creating package script '/home/tungchiahui/mysource/ros2src/3.ws01_plumbing/install/cpp01_topic/share/cpp01_topic/package.zsh'
[7.364s] Level 1:colcon.colcon_core.environment:create_file_with_runtime_dependencies(/home/tungchiahui/mysource/ros2src/3.ws01_plumbing/install/cpp01_topic/share/colcon-core/packages/cpp01_topic)
[7.384s] Level 1:colcon.colcon_core.environment:create_environment_scripts_only(cpp01_topic)
[7.386s] Level 1:colcon.colcon_core.environment:checking '/home/tungchiahui/mysource/ros2src/3.ws01_plumbing/install/cpp01_topic' for CMake module files
[7.386s] Level 1:colcon.colcon_core.environment:checking '/home/tungchiahui/mysource/ros2src/3.ws01_plumbing/install/cpp01_topic' for CMake config files
[7.386s] Level 1:colcon.colcon_core.shell:create_environment_hook('cpp01_topic', 'cmake_prefix_path')
[7.387s] INFO:colcon.colcon_core.shell:Creating environment hook '/home/tungchiahui/mysource/ros2src/3.ws01_plumbing/install/cpp01_topic/share/cpp01_topic/hook/cmake_prefix_path.ps1'
[7.387s] INFO:colcon.colcon_core.shell:Creating environment descriptor '/home/tungchiahui/mysource/ros2src/3.ws01_plumbing/install/cpp01_topic/share/cpp01_topic/hook/cmake_prefix_path.dsv'
[7.387s] INFO:colcon.colcon_core.shell:Creating environment hook '/home/tungchiahui/mysource/ros2src/3.ws01_plumbing/install/cpp01_topic/share/cpp01_topic/hook/cmake_prefix_path.sh'
[7.388s] Level 1:colcon.colcon_core.environment:checking '/home/tungchiahui/mysource/ros2src/3.ws01_plumbing/install/cpp01_topic/lib'
[7.388s] Level 1:colcon.colcon_core.environment:checking '/home/tungchiahui/mysource/ros2src/3.ws01_plumbing/install/cpp01_topic/bin'
[7.388s] Level 1:colcon.colcon_core.environment:checking '/home/tungchiahui/mysource/ros2src/3.ws01_plumbing/install/cpp01_topic/lib/pkgconfig/cpp01_topic.pc'
[7.388s] Level 1:colcon.colcon_core.environment:checking '/home/tungchiahui/mysource/ros2src/3.ws01_plumbing/install/cpp01_topic/lib/python3.10/site-packages'
[7.388s] Level 1:colcon.colcon_core.environment:checking '/home/tungchiahui/mysource/ros2src/3.ws01_plumbing/install/cpp01_topic/bin'
[7.389s] INFO:colcon.colcon_core.shell:Creating package script '/home/tungchiahui/mysource/ros2src/3.ws01_plumbing/install/cpp01_topic/share/cpp01_topic/package.ps1'
[7.389s] INFO:colcon.colcon_core.shell:Creating package descriptor '/home/tungchiahui/mysource/ros2src/3.ws01_plumbing/install/cpp01_topic/share/cpp01_topic/package.dsv'
[7.390s] INFO:colcon.colcon_core.shell:Creating package script '/home/tungchiahui/mysource/ros2src/3.ws01_plumbing/install/cpp01_topic/share/cpp01_topic/package.sh'
[7.390s] INFO:colcon.colcon_core.shell:Creating package script '/home/tungchiahui/mysource/ros2src/3.ws01_plumbing/install/cpp01_topic/share/cpp01_topic/package.bash'
[7.390s] INFO:colcon.colcon_core.shell:Creating package script '/home/tungchiahui/mysource/ros2src/3.ws01_plumbing/install/cpp01_topic/share/cpp01_topic/package.zsh'
[7.390s] Level 1:colcon.colcon_core.environment:create_file_with_runtime_dependencies(/home/tungchiahui/mysource/ros2src/3.ws01_plumbing/install/cpp01_topic/share/colcon-core/packages/cpp01_topic)
[7.390s] DEBUG:colcon.colcon_parallel_executor.executor.parallel:closing loop
[7.391s] DEBUG:colcon.colcon_parallel_executor.executor.parallel:loop closed
[7.391s] DEBUG:colcon.colcon_parallel_executor.executor.parallel:run_until_complete finished with '0'
[7.391s] DEBUG:colcon.colcon_core.event_reactor:joining thread
[7.395s] INFO:colcon.colcon_core.plugin_system:Skipping extension 'colcon_notification.desktop_notification.terminal_notifier': Not used on non-Darwin systems
[7.395s] INFO:colcon.colcon_core.plugin_system:Skipping extension 'colcon_notification.desktop_notification.win32': Not used on non-Windows systems
[7.395s] INFO:colcon.colcon_notification.desktop_notification:Sending desktop notification using 'notify2'
[7.409s] DEBUG:colcon.colcon_core.event_reactor:joined thread
[7.410s] INFO:colcon.colcon_core.shell:Creating prefix script '/home/tungchiahui/mysource/ros2src/3.ws01_plumbing/install/local_setup.ps1'
[7.411s] INFO:colcon.colcon_core.shell:Creating prefix util module '/home/tungchiahui/mysource/ros2src/3.ws01_plumbing/install/_local_setup_util_ps1.py'
[7.412s] INFO:colcon.colcon_core.shell:Creating prefix chain script '/home/tungchiahui/mysource/ros2src/3.ws01_plumbing/install/setup.ps1'
[7.413s] INFO:colcon.colcon_core.shell:Creating prefix script '/home/tungchiahui/mysource/ros2src/3.ws01_plumbing/install/local_setup.sh'
[7.413s] INFO:colcon.colcon_core.shell:Creating prefix util module '/home/tungchiahui/mysource/ros2src/3.ws01_plumbing/install/_local_setup_util_sh.py'
[7.414s] INFO:colcon.colcon_core.shell:Creating prefix chain script '/home/tungchiahui/mysource/ros2src/3.ws01_plumbing/install/setup.sh'
[7.415s] INFO:colcon.colcon_core.shell:Creating prefix script '/home/tungchiahui/mysource/ros2src/3.ws01_plumbing/install/local_setup.bash'
[7.415s] INFO:colcon.colcon_core.shell:Creating prefix chain script '/home/tungchiahui/mysource/ros2src/3.ws01_plumbing/install/setup.bash'
[7.416s] INFO:colcon.colcon_core.shell:Creating prefix script '/home/tungchiahui/mysource/ros2src/3.ws01_plumbing/install/local_setup.zsh'
[7.416s] INFO:colcon.colcon_core.shell:Creating prefix chain script '/home/tungchiahui/mysource/ros2src/3.ws01_plumbing/install/setup.zsh'
