[0.060s] Invoking command in '/home/tungchiahui/user/mysource/ros2src/5.opencv_demo_ws/build/opencv_demo3_0_save_media_file': CMAKE_PREFIX_PATH=/opt/ros/humble /usr/bin/cmake /home/tungchiahui/user/mysource/ros2src/5.opencv_demo_ws/src/opencv_demo3_0_save_media_file -DCMAKE_INSTALL_PREFIX=/home/tungchiahui/user/mysource/ros2src/5.opencv_demo_ws/install/opencv_demo3_0_save_media_file
[0.093s] -- The C compiler identification is GNU 11.4.0
[0.127s] -- The CXX compiler identification is GNU 11.4.0
[0.131s] -- Detecting C compiler ABI info
[0.179s] -- Detecting C compiler ABI info - done
[0.188s] -- Check for working C compiler: /usr/bin/cc - skipped
[0.188s] -- Detecting C compile features
[0.188s] -- Detecting C compile features - done
[0.190s] -- Detecting CXX compiler ABI info
[0.244s] -- Detecting CXX compiler ABI info - done
[0.248s] -- Check for working CXX compiler: /usr/bin/c++ - skipped
[0.248s] -- Detecting CXX compile features
[0.249s] -- Detecting CXX compile features - done
[0.250s] -- Found ament_cmake: 1.3.6 (/opt/ros/humble/share/ament_cmake/cmake)
[0.361s] -- Found Python3: /usr/bin/python3.10 (found version "3.10.12") found components: Interpreter 
[0.419s] -- Found rclcpp: 16.0.7 (/opt/ros/humble/share/rclcpp/cmake)
[0.450s] -- Found rosidl_generator_c: 3.1.5 (/opt/ros/humble/share/rosidl_generator_c/cmake)
[0.455s] -- Found rosidl_adapter: 3.1.5 (/opt/ros/humble/share/rosidl_adapter/cmake)
[0.460s] -- Found rosidl_generator_cpp: 3.1.5 (/opt/ros/humble/share/rosidl_generator_cpp/cmake)
[0.469s] -- Using all available rosidl_typesupport_c: rosidl_typesupport_fastrtps_c;rosidl_typesupport_introspection_c
[0.480s] -- Using all available rosidl_typesupport_cpp: rosidl_typesupport_fastrtps_cpp;rosidl_typesupport_introspection_cpp
[0.519s] -- Found rmw_implementation_cmake: 6.1.1 (/opt/ros/humble/share/rmw_implementation_cmake/cmake)
[0.520s] -- Found rmw_fastrtps_cpp: 6.2.5 (/opt/ros/humble/share/rmw_fastrtps_cpp/cmake)
[0.579s] -- Found OpenSSL: /usr/lib/x86_64-linux-gnu/libcrypto.so (found version "3.0.2")  
[0.596s] -- Found FastRTPS: /opt/ros/humble/include  
[0.625s] -- Using RMW implementation 'rmw_fastrtps_cpp' as default
[0.631s] -- Looking for pthread.h
[0.679s] -- Looking for pthread.h - found
[0.680s] -- Performing Test CMAKE_HAVE_LIBC_PTHREAD
[0.727s] -- Performing Test CMAKE_HAVE_LIBC_PTHREAD - Success
[0.728s] -- Found Threads: TRUE  
[0.841s] -- Found CUDA: /usr/local/cuda-11.8 (found suitable exact version "11.8") 
[0.847s] -- Found OpenCV: /usr/local/opencv-4.8.1 (found version "4.8.1") 
[0.848s] -- Found sensor_msgs: 4.2.3 (/opt/ros/humble/share/sensor_msgs/cmake)
[0.959s] -- Found cv_bridge: 3.2.1 (/opt/ros/humble/share/cv_bridge/cmake)
[0.966s] -- Found image_transport: 3.1.7 (/opt/ros/humble/share/image_transport/cmake)
[1.005s] -- Found ament_lint_auto: 0.12.9 (/opt/ros/humble/share/ament_lint_auto/cmake)
[1.054s] -- Added test 'cppcheck' to perform static code analysis on C / C++ code
[1.054s] -- Configured cppcheck include dirs: /home/tungchiahui/user/mysource/ros2src/5.opencv_demo_ws/src/opencv_demo3_0_save_media_file/include/opencv_demo3_0_save_media_file;$<BUILD_INTERFACE:/home/tungchiahui/user/mysource/ros2src/5.opencv_demo_ws/src/opencv_demo3_0_save_media_file/include>
[1.054s] -- Configured cppcheck exclude dirs and/or files: 
[1.055s] -- Added test 'lint_cmake' to check CMake code style
[1.056s] -- Added test 'uncrustify' to check C / C++ code style
[1.056s] -- Configured uncrustify additional arguments: 
[1.056s] -- Added test 'xmllint' to check XML markup files
[1.057s] -- Configuring done
[1.074s] -- Generating done
[1.075s] -- Build files have been written to: /home/tungchiahui/user/mysource/ros2src/5.opencv_demo_ws/build/opencv_demo3_0_save_media_file
[1.086s] Invoked command in '/home/tungchiahui/user/mysource/ros2src/5.opencv_demo_ws/build/opencv_demo3_0_save_media_file' returned '0': CMAKE_PREFIX_PATH=/opt/ros/humble /usr/bin/cmake /home/tungchiahui/user/mysource/ros2src/5.opencv_demo_ws/src/opencv_demo3_0_save_media_file -DCMAKE_INSTALL_PREFIX=/home/tungchiahui/user/mysource/ros2src/5.opencv_demo_ws/install/opencv_demo3_0_save_media_file
[1.087s] Invoking command in '/home/tungchiahui/user/mysource/ros2src/5.opencv_demo_ws/build/opencv_demo3_0_save_media_file': CMAKE_PREFIX_PATH=/opt/ros/humble /usr/bin/cmake --build /home/tungchiahui/user/mysource/ros2src/5.opencv_demo_ws/build/opencv_demo3_0_save_media_file -- -j16 -l16
[1.126s] [ 16%] [32mBuilding CXX object CMakeFiles/opencv_save_image_node.dir/src/opencv_save_image_node.cpp.o[0m
[1.132s] [ 50%] [32mBuilding CXX object CMakeFiles/opencv_save_video_node.dir/src/opencv_save_video_node.cpp.o[0m
[1.132s] [ 50%] [32mBuilding CXX object CMakeFiles/opencv_save_image_in_video_node.dir/src/opencv_save_image_in_video_node.cpp.o[0m
[4.509s] [ 66%] [32m[1mLinking CXX executable opencv_save_video_node[0m
[4.589s] [ 83%] [32m[1mLinking CXX executable opencv_save_image_node[0m
[4.766s] [ 83%] Built target opencv_save_image_node
[4.872s] [ 83%] Built target opencv_save_video_node
[5.878s] [100%] [32m[1mLinking CXX executable opencv_save_image_in_video_node[0m
[6.125s] [100%] Built target opencv_save_image_in_video_node
[6.143s] Invoked command in '/home/tungchiahui/user/mysource/ros2src/5.opencv_demo_ws/build/opencv_demo3_0_save_media_file' returned '0': CMAKE_PREFIX_PATH=/opt/ros/humble /usr/bin/cmake --build /home/tungchiahui/user/mysource/ros2src/5.opencv_demo_ws/build/opencv_demo3_0_save_media_file -- -j16 -l16
[6.165s] Invoking command in '/home/tungchiahui/user/mysource/ros2src/5.opencv_demo_ws/build/opencv_demo3_0_save_media_file': CMAKE_PREFIX_PATH=/opt/ros/humble /usr/bin/cmake --install /home/tungchiahui/user/mysource/ros2src/5.opencv_demo_ws/build/opencv_demo3_0_save_media_file
[6.171s] -- Install configuration: ""
[6.171s] -- Installing: /home/tungchiahui/user/mysource/ros2src/5.opencv_demo_ws/install/opencv_demo3_0_save_media_file/lib/opencv_demo3_0_save_media_file/opencv_save_image_node
[6.171s] -- Set runtime path of "/home/tungchiahui/user/mysource/ros2src/5.opencv_demo_ws/install/opencv_demo3_0_save_media_file/lib/opencv_demo3_0_save_media_file/opencv_save_image_node" to ""
[6.171s] -- Installing: /home/tungchiahui/user/mysource/ros2src/5.opencv_demo_ws/install/opencv_demo3_0_save_media_file/lib/opencv_demo3_0_save_media_file/opencv_save_image_in_video_node
[6.172s] -- Set runtime path of "/home/tungchiahui/user/mysource/ros2src/5.opencv_demo_ws/install/opencv_demo3_0_save_media_file/lib/opencv_demo3_0_save_media_file/opencv_save_image_in_video_node" to ""
[6.172s] -- Installing: /home/tungchiahui/user/mysource/ros2src/5.opencv_demo_ws/install/opencv_demo3_0_save_media_file/lib/opencv_demo3_0_save_media_file/opencv_save_video_node
[6.172s] -- Set runtime path of "/home/tungchiahui/user/mysource/ros2src/5.opencv_demo_ws/install/opencv_demo3_0_save_media_file/lib/opencv_demo3_0_save_media_file/opencv_save_video_node" to ""
[6.172s] -- Installing: /home/tungchiahui/user/mysource/ros2src/5.opencv_demo_ws/install/opencv_demo3_0_save_media_file/share/ament_index/resource_index/package_run_dependencies/opencv_demo3_0_save_media_file
[6.172s] -- Installing: /home/tungchiahui/user/mysource/ros2src/5.opencv_demo_ws/install/opencv_demo3_0_save_media_file/share/ament_index/resource_index/parent_prefix_path/opencv_demo3_0_save_media_file
[6.172s] -- Installing: /home/tungchiahui/user/mysource/ros2src/5.opencv_demo_ws/install/opencv_demo3_0_save_media_file/share/opencv_demo3_0_save_media_file/environment/ament_prefix_path.sh
[6.172s] -- Installing: /home/tungchiahui/user/mysource/ros2src/5.opencv_demo_ws/install/opencv_demo3_0_save_media_file/share/opencv_demo3_0_save_media_file/environment/ament_prefix_path.dsv
[6.172s] -- Installing: /home/tungchiahui/user/mysource/ros2src/5.opencv_demo_ws/install/opencv_demo3_0_save_media_file/share/opencv_demo3_0_save_media_file/environment/path.sh
[6.172s] -- Installing: /home/tungchiahui/user/mysource/ros2src/5.opencv_demo_ws/install/opencv_demo3_0_save_media_file/share/opencv_demo3_0_save_media_file/environment/path.dsv
[6.172s] -- Installing: /home/tungchiahui/user/mysource/ros2src/5.opencv_demo_ws/install/opencv_demo3_0_save_media_file/share/opencv_demo3_0_save_media_file/local_setup.bash
[6.172s] -- Installing: /home/tungchiahui/user/mysource/ros2src/5.opencv_demo_ws/install/opencv_demo3_0_save_media_file/share/opencv_demo3_0_save_media_file/local_setup.sh
[6.172s] -- Installing: /home/tungchiahui/user/mysource/ros2src/5.opencv_demo_ws/install/opencv_demo3_0_save_media_file/share/opencv_demo3_0_save_media_file/local_setup.zsh
[6.172s] -- Installing: /home/tungchiahui/user/mysource/ros2src/5.opencv_demo_ws/install/opencv_demo3_0_save_media_file/share/opencv_demo3_0_save_media_file/local_setup.dsv
[6.172s] -- Installing: /home/tungchiahui/user/mysource/ros2src/5.opencv_demo_ws/install/opencv_demo3_0_save_media_file/share/opencv_demo3_0_save_media_file/package.dsv
[6.173s] -- Installing: /home/tungchiahui/user/mysource/ros2src/5.opencv_demo_ws/install/opencv_demo3_0_save_media_file/share/ament_index/resource_index/packages/opencv_demo3_0_save_media_file
[6.173s] -- Installing: /home/tungchiahui/user/mysource/ros2src/5.opencv_demo_ws/install/opencv_demo3_0_save_media_file/share/opencv_demo3_0_save_media_file/cmake/opencv_demo3_0_save_media_fileConfig.cmake
[6.173s] -- Installing: /home/tungchiahui/user/mysource/ros2src/5.opencv_demo_ws/install/opencv_demo3_0_save_media_file/share/opencv_demo3_0_save_media_file/cmake/opencv_demo3_0_save_media_fileConfig-version.cmake
[6.173s] -- Installing: /home/tungchiahui/user/mysource/ros2src/5.opencv_demo_ws/install/opencv_demo3_0_save_media_file/share/opencv_demo3_0_save_media_file/package.xml
[6.174s] Invoked command in '/home/tungchiahui/user/mysource/ros2src/5.opencv_demo_ws/build/opencv_demo3_0_save_media_file' returned '0': CMAKE_PREFIX_PATH=/opt/ros/humble /usr/bin/cmake --install /home/tungchiahui/user/mysource/ros2src/5.opencv_demo_ws/build/opencv_demo3_0_save_media_file
