[0.010s] Invoking command in '/home/tungchiahui/mysource/ros2src/3.ws01_plumbing/build/cpp02_service': CMAKE_PREFIX_PATH=/home/tungchiahui/mysource/ros2src/3.ws01_plumbing/install/base_interfaces_demo:/home/tungchiahui/mysource/ros2src/3.ws01_plumbing/install/cpp02_service:/home/tungchiahui/mysource/ros2src/3.ws01_plumbing/install/cpp01_topic:/opt/ros/humble /usr/bin/cmake --build /home/tungchiahui/mysource/ros2src/3.ws01_plumbing/build/cpp02_service -- -j16 -l16
[0.034s] [35m[1mConsolidate compiler generated dependencies of target demo02_client[0m
[0.034s] [35m[1mConsolidate compiler generated dependencies of target demo01_server[0m
[0.044s] [ 50%] Built target demo01_server
[0.044s] [ 75%] [32mBuilding CXX object CMakeFiles/demo02_client.dir/src/demo02_client.cpp.o[0m
[1.868s] [100%] [32m[1mLinking CXX executable demo02_client[0m
[1.932s] [100%] Built target demo02_client
[1.939s] Invoked command in '/home/tungchiahui/mysource/ros2src/3.ws01_plumbing/build/cpp02_service' returned '0': CMAKE_PREFIX_PATH=/home/tungchiahui/mysource/ros2src/3.ws01_plumbing/install/base_interfaces_demo:/home/tungchiahui/mysource/ros2src/3.ws01_plumbing/install/cpp02_service:/home/tungchiahui/mysource/ros2src/3.ws01_plumbing/install/cpp01_topic:/opt/ros/humble /usr/bin/cmake --build /home/tungchiahui/mysource/ros2src/3.ws01_plumbing/build/cpp02_service -- -j16 -l16
[1.959s] Invoking command in '/home/tungchiahui/mysource/ros2src/3.ws01_plumbing/build/cpp02_service': CMAKE_PREFIX_PATH=/home/tungchiahui/mysource/ros2src/3.ws01_plumbing/install/base_interfaces_demo:/home/tungchiahui/mysource/ros2src/3.ws01_plumbing/install/cpp02_service:/home/tungchiahui/mysource/ros2src/3.ws01_plumbing/install/cpp01_topic:/opt/ros/humble /usr/bin/cmake --install /home/tungchiahui/mysource/ros2src/3.ws01_plumbing/build/cpp02_service
[1.962s] -- Install configuration: ""
[1.963s] -- Up-to-date: /home/tungchiahui/mysource/ros2src/3.ws01_plumbing/install/cpp02_service/lib/cpp02_service/demo01_server
[1.963s] -- Installing: /home/tungchiahui/mysource/ros2src/3.ws01_plumbing/install/cpp02_service/lib/cpp02_service/demo02_client
[1.963s] -- Set runtime path of "/home/tungchiahui/mysource/ros2src/3.ws01_plumbing/install/cpp02_service/lib/cpp02_service/demo02_client" to ""
[1.963s] -- Up-to-date: /home/tungchiahui/mysource/ros2src/3.ws01_plumbing/install/cpp02_service/share/ament_index/resource_index/package_run_dependencies/cpp02_service
[1.963s] -- Up-to-date: /home/tungchiahui/mysource/ros2src/3.ws01_plumbing/install/cpp02_service/share/ament_index/resource_index/parent_prefix_path/cpp02_service
[1.963s] -- Up-to-date: /home/tungchiahui/mysource/ros2src/3.ws01_plumbing/install/cpp02_service/share/cpp02_service/environment/ament_prefix_path.sh
[1.963s] -- Up-to-date: /home/tungchiahui/mysource/ros2src/3.ws01_plumbing/install/cpp02_service/share/cpp02_service/environment/ament_prefix_path.dsv
[1.963s] -- Up-to-date: /home/tungchiahui/mysource/ros2src/3.ws01_plumbing/install/cpp02_service/share/cpp02_service/environment/path.sh
[1.963s] -- Up-to-date: /home/tungchiahui/mysource/ros2src/3.ws01_plumbing/install/cpp02_service/share/cpp02_service/environment/path.dsv
[1.963s] -- Up-to-date: /home/tungchiahui/mysource/ros2src/3.ws01_plumbing/install/cpp02_service/share/cpp02_service/local_setup.bash
[1.963s] -- Up-to-date: /home/tungchiahui/mysource/ros2src/3.ws01_plumbing/install/cpp02_service/share/cpp02_service/local_setup.sh
[1.963s] -- Up-to-date: /home/tungchiahui/mysource/ros2src/3.ws01_plumbing/install/cpp02_service/share/cpp02_service/local_setup.zsh
[1.963s] -- Up-to-date: /home/tungchiahui/mysource/ros2src/3.ws01_plumbing/install/cpp02_service/share/cpp02_service/local_setup.dsv
[1.963s] -- Installing: /home/tungchiahui/mysource/ros2src/3.ws01_plumbing/install/cpp02_service/share/cpp02_service/package.dsv
[1.963s] -- Up-to-date: /home/tungchiahui/mysource/ros2src/3.ws01_plumbing/install/cpp02_service/share/ament_index/resource_index/packages/cpp02_service
[1.963s] -- Up-to-date: /home/tungchiahui/mysource/ros2src/3.ws01_plumbing/install/cpp02_service/share/cpp02_service/cmake/cpp02_serviceConfig.cmake
[1.963s] -- Up-to-date: /home/tungchiahui/mysource/ros2src/3.ws01_plumbing/install/cpp02_service/share/cpp02_service/cmake/cpp02_serviceConfig-version.cmake
[1.963s] -- Up-to-date: /home/tungchiahui/mysource/ros2src/3.ws01_plumbing/install/cpp02_service/share/cpp02_service/package.xml
[1.965s] Invoked command in '/home/tungchiahui/mysource/ros2src/3.ws01_plumbing/build/cpp02_service' returned '0': CMAKE_PREFIX_PATH=/home/tungchiahui/mysource/ros2src/3.ws01_plumbing/install/base_interfaces_demo:/home/tungchiahui/mysource/ros2src/3.ws01_plumbing/install/cpp02_service:/home/tungchiahui/mysource/ros2src/3.ws01_plumbing/install/cpp01_topic:/opt/ros/humble /usr/bin/cmake --install /home/tungchiahui/mysource/ros2src/3.ws01_plumbing/build/cpp02_service
