[0.076s] DEBUG:colcon:Command line arguments: ['/usr/bin/colcon', 'build']
[0.076s] DEBUG:colcon:Parsed command line arguments: Namespace(log_base=None, log_level=None, verb_name='build', build_base='build', install_base='install', merge_install=False, symlink_install=False, test_result_base=None, continue_on_error=False, executor='parallel', parallel_workers=16, event_handlers=None, ignore_user_meta=False, metas=['./colcon.meta'], base_paths=['.'], packages_ignore=None, packages_ignore_regex=None, paths=None, packages_up_to=None, packages_up_to_regex=None, packages_above=None, packages_above_and_dependencies=None, packages_above_depth=None, packages_select_by_dep=None, packages_skip_by_dep=None, packages_skip_up_to=None, packages_select_build_failed=False, packages_skip_build_finished=False, packages_select_test_failures=False, packages_skip_test_passed=False, packages_select=None, packages_skip=None, packages_select_regex=None, packages_skip_regex=None, packages_start=None, packages_end=None, allow_overriding=[], cmake_args=None, cmake_target=None, cmake_target_skip_unavailable=False, cmake_clean_cache=False, cmake_clean_first=False, cmake_force_configure=False, ament_cmake_args=None, catkin_cmake_args=None, catkin_skip_building_tests=False, mixin_files=None, mixin=None, verb_parser=<colcon_mixin.mixin.mixin_argument.MixinArgumentDecorator object at 0x7ff8ec00f0b0>, verb_extension=<colcon_core.verb.build.BuildVerb object at 0x7ff8ec18b6e0>, main=<bound method BuildVerb.main of <colcon_core.verb.build.BuildVerb object at 0x7ff8ec18b6e0>>, mixin_verb=('build',))
[0.105s] Level 1:colcon.colcon_core.package_discovery:discover_packages(colcon_meta) check parameters
[0.105s] Level 1:colcon.colcon_core.package_discovery:discover_packages(recursive) check parameters
[0.105s] Level 1:colcon.colcon_core.package_discovery:discover_packages(ignore) check parameters
[0.105s] Level 1:colcon.colcon_core.package_discovery:discover_packages(path) check parameters
[0.105s] Level 1:colcon.colcon_core.package_discovery:discover_packages(colcon_meta) discover
[0.105s] Level 1:colcon.colcon_core.package_discovery:discover_packages(recursive) discover
[0.105s] INFO:colcon.colcon_core.package_discovery:Crawling recursively for packages in '/home/tungchiahui/UserFloder/mysource/ROS/ROS2_WS/6.ws_simulations'
[0.106s] Level 1:colcon.colcon_core.package_identification:_identify(.) by extensions ['ignore', 'ignore_ament_install']
[0.106s] Level 1:colcon.colcon_core.package_identification:_identify(.) by extension 'ignore'
[0.106s] Level 1:colcon.colcon_core.package_identification:_identify(.) by extension 'ignore_ament_install'
[0.106s] Level 1:colcon.colcon_core.package_identification:_identify(.) by extensions ['colcon_pkg']
[0.106s] Level 1:colcon.colcon_core.package_identification:_identify(.) by extension 'colcon_pkg'
[0.106s] Level 1:colcon.colcon_core.package_identification:_identify(.) by extensions ['colcon_meta']
[0.106s] Level 1:colcon.colcon_core.package_identification:_identify(.) by extension 'colcon_meta'
[0.106s] Level 1:colcon.colcon_core.package_identification:_identify(.) by extensions ['ros']
[0.106s] Level 1:colcon.colcon_core.package_identification:_identify(.) by extension 'ros'
[0.124s] Level 1:colcon.colcon_core.package_identification:_identify(.) by extensions ['cmake', 'python']
[0.124s] Level 1:colcon.colcon_core.package_identification:_identify(.) by extension 'cmake'
[0.124s] Level 1:colcon.colcon_core.package_identification:_identify(.) by extension 'python'
[0.124s] Level 1:colcon.colcon_core.package_identification:_identify(.) by extensions ['python_setup_py']
[0.125s] Level 1:colcon.colcon_core.package_identification:_identify(.) by extension 'python_setup_py'
[0.125s] Level 1:colcon.colcon_core.package_identification:_identify(build) by extensions ['ignore', 'ignore_ament_install']
[0.125s] Level 1:colcon.colcon_core.package_identification:_identify(build) by extension 'ignore'
[0.125s] Level 1:colcon.colcon_core.package_identification:_identify(build) ignored
[0.125s] Level 1:colcon.colcon_core.package_identification:_identify(install) by extensions ['ignore', 'ignore_ament_install']
[0.125s] Level 1:colcon.colcon_core.package_identification:_identify(install) by extension 'ignore'
[0.125s] Level 1:colcon.colcon_core.package_identification:_identify(install) ignored
[0.125s] Level 1:colcon.colcon_core.package_identification:_identify(log) by extensions ['ignore', 'ignore_ament_install']
[0.125s] Level 1:colcon.colcon_core.package_identification:_identify(log) by extension 'ignore'
[0.125s] Level 1:colcon.colcon_core.package_identification:_identify(log) ignored
[0.125s] Level 1:colcon.colcon_core.package_identification:_identify(src) by extensions ['ignore', 'ignore_ament_install']
[0.125s] Level 1:colcon.colcon_core.package_identification:_identify(src) by extension 'ignore'
[0.125s] Level 1:colcon.colcon_core.package_identification:_identify(src) by extension 'ignore_ament_install'
[0.125s] Level 1:colcon.colcon_core.package_identification:_identify(src) by extensions ['colcon_pkg']
[0.125s] Level 1:colcon.colcon_core.package_identification:_identify(src) by extension 'colcon_pkg'
[0.125s] Level 1:colcon.colcon_core.package_identification:_identify(src) by extensions ['colcon_meta']
[0.125s] Level 1:colcon.colcon_core.package_identification:_identify(src) by extension 'colcon_meta'
[0.125s] Level 1:colcon.colcon_core.package_identification:_identify(src) by extensions ['ros']
[0.125s] Level 1:colcon.colcon_core.package_identification:_identify(src) by extension 'ros'
[0.125s] Level 1:colcon.colcon_core.package_identification:_identify(src) by extensions ['cmake', 'python']
[0.125s] Level 1:colcon.colcon_core.package_identification:_identify(src) by extension 'cmake'
[0.125s] Level 1:colcon.colcon_core.package_identification:_identify(src) by extension 'python'
[0.125s] Level 1:colcon.colcon_core.package_identification:_identify(src) by extensions ['python_setup_py']
[0.125s] Level 1:colcon.colcon_core.package_identification:_identify(src) by extension 'python_setup_py'
[0.126s] Level 1:colcon.colcon_core.package_identification:_identify(src/Stage) by extensions ['ignore', 'ignore_ament_install']
[0.126s] Level 1:colcon.colcon_core.package_identification:_identify(src/Stage) by extension 'ignore'
[0.126s] Level 1:colcon.colcon_core.package_identification:_identify(src/Stage) by extension 'ignore_ament_install'
[0.126s] Level 1:colcon.colcon_core.package_identification:_identify(src/Stage) by extensions ['colcon_pkg']
[0.126s] Level 1:colcon.colcon_core.package_identification:_identify(src/Stage) by extension 'colcon_pkg'
[0.126s] Level 1:colcon.colcon_core.package_identification:_identify(src/Stage) by extensions ['colcon_meta']
[0.126s] Level 1:colcon.colcon_core.package_identification:_identify(src/Stage) by extension 'colcon_meta'
[0.126s] Level 1:colcon.colcon_core.package_identification:_identify(src/Stage) by extensions ['ros']
[0.126s] Level 1:colcon.colcon_core.package_identification:_identify(src/Stage) by extension 'ros'
[0.126s] Level 1:colcon.colcon_core.package_identification:_identify(src/Stage) by extensions ['cmake', 'python']
[0.126s] Level 1:colcon.colcon_core.package_identification:_identify(src/Stage) by extension 'cmake'
[0.128s] Level 1:colcon.colcon_core.package_identification:_identify(src/Stage) by extension 'python'
[0.128s] DEBUG:colcon.colcon_core.package_identification:Package 'src/Stage' with type 'cmake' and name 'Stage'
[0.128s] Level 1:colcon.colcon_core.package_identification:_identify(src/demo_gazebo_sim) by extensions ['ignore', 'ignore_ament_install']
[0.128s] Level 1:colcon.colcon_core.package_identification:_identify(src/demo_gazebo_sim) by extension 'ignore'
[0.128s] Level 1:colcon.colcon_core.package_identification:_identify(src/demo_gazebo_sim) by extension 'ignore_ament_install'
[0.128s] Level 1:colcon.colcon_core.package_identification:_identify(src/demo_gazebo_sim) by extensions ['colcon_pkg']
[0.128s] Level 1:colcon.colcon_core.package_identification:_identify(src/demo_gazebo_sim) by extension 'colcon_pkg'
[0.129s] Level 1:colcon.colcon_core.package_identification:_identify(src/demo_gazebo_sim) by extensions ['colcon_meta']
[0.129s] Level 1:colcon.colcon_core.package_identification:_identify(src/demo_gazebo_sim) by extension 'colcon_meta'
[0.129s] Level 1:colcon.colcon_core.package_identification:_identify(src/demo_gazebo_sim) by extensions ['ros']
[0.129s] Level 1:colcon.colcon_core.package_identification:_identify(src/demo_gazebo_sim) by extension 'ros'
[0.130s] DEBUG:colcon.colcon_core.package_identification:Package 'src/demo_gazebo_sim' with type 'ros.ament_cmake' and name 'demo_gazebo_sim'
[0.130s] Level 1:colcon.colcon_core.package_identification:_identify(src/mycar_description) by extensions ['ignore', 'ignore_ament_install']
[0.130s] Level 1:colcon.colcon_core.package_identification:_identify(src/mycar_description) by extension 'ignore'
[0.130s] Level 1:colcon.colcon_core.package_identification:_identify(src/mycar_description) by extension 'ignore_ament_install'
[0.130s] Level 1:colcon.colcon_core.package_identification:_identify(src/mycar_description) by extensions ['colcon_pkg']
[0.130s] Level 1:colcon.colcon_core.package_identification:_identify(src/mycar_description) by extension 'colcon_pkg'
[0.130s] Level 1:colcon.colcon_core.package_identification:_identify(src/mycar_description) by extensions ['colcon_meta']
[0.130s] Level 1:colcon.colcon_core.package_identification:_identify(src/mycar_description) by extension 'colcon_meta'
[0.130s] Level 1:colcon.colcon_core.package_identification:_identify(src/mycar_description) by extensions ['ros']
[0.130s] Level 1:colcon.colcon_core.package_identification:_identify(src/mycar_description) by extension 'ros'
[0.131s] DEBUG:colcon.colcon_core.package_identification:Package 'src/mycar_description' with type 'ros.ament_cmake' and name 'mycar_description'
[0.131s] Level 1:colcon.colcon_core.package_discovery:discover_packages(recursive) using defaults
[0.131s] Level 1:colcon.colcon_core.package_discovery:discover_packages(ignore) discover
[0.131s] Level 1:colcon.colcon_core.package_discovery:discover_packages(ignore) using defaults
[0.131s] Level 1:colcon.colcon_core.package_discovery:discover_packages(path) discover
[0.131s] Level 1:colcon.colcon_core.package_discovery:discover_packages(path) using defaults
[0.144s] Level 1:colcon.colcon_core.package_discovery:discover_packages(prefix_path) check parameters
[0.144s] Level 1:colcon.colcon_core.package_discovery:discover_packages(prefix_path) discover
[0.146s] DEBUG:colcon.colcon_installed_package_information.package_discovery:Found 389 installed packages in /opt/ros/jazzy
[0.148s] Level 1:colcon.colcon_core.package_discovery:discover_packages(prefix_path) using defaults
[0.184s] Level 5:colcon.colcon_core.verb:set package 'Stage' build argument 'cmake_args' from command line to 'None'
[0.185s] Level 5:colcon.colcon_core.verb:set package 'Stage' build argument 'cmake_target' from command line to 'None'
[0.185s] Level 5:colcon.colcon_core.verb:set package 'Stage' build argument 'cmake_target_skip_unavailable' from command line to 'False'
[0.185s] Level 5:colcon.colcon_core.verb:set package 'Stage' build argument 'cmake_clean_cache' from command line to 'False'
[0.185s] Level 5:colcon.colcon_core.verb:set package 'Stage' build argument 'cmake_clean_first' from command line to 'False'
[0.185s] Level 5:colcon.colcon_core.verb:set package 'Stage' build argument 'cmake_force_configure' from command line to 'False'
[0.185s] Level 5:colcon.colcon_core.verb:set package 'Stage' build argument 'ament_cmake_args' from command line to 'None'
[0.185s] Level 5:colcon.colcon_core.verb:set package 'Stage' build argument 'catkin_cmake_args' from command line to 'None'
[0.185s] Level 5:colcon.colcon_core.verb:set package 'Stage' build argument 'catkin_skip_building_tests' from command line to 'False'
[0.185s] DEBUG:colcon.colcon_core.verb:Building package 'Stage' with the following arguments: {'ament_cmake_args': None, 'build_base': '/home/tungchiahui/UserFloder/mysource/ROS/ROS2_WS/6.ws_simulations/build/Stage', 'catkin_cmake_args': None, 'catkin_skip_building_tests': False, 'cmake_args': None, 'cmake_clean_cache': False, 'cmake_clean_first': False, 'cmake_force_configure': False, 'cmake_target': None, 'cmake_target_skip_unavailable': False, 'install_base': '/home/tungchiahui/UserFloder/mysource/ROS/ROS2_WS/6.ws_simulations/install/Stage', 'merge_install': False, 'path': '/home/tungchiahui/UserFloder/mysource/ROS/ROS2_WS/6.ws_simulations/src/Stage', 'symlink_install': False, 'test_result_base': None}
[0.185s] Level 5:colcon.colcon_core.verb:set package 'demo_gazebo_sim' build argument 'cmake_args' from command line to 'None'
[0.185s] Level 5:colcon.colcon_core.verb:set package 'demo_gazebo_sim' build argument 'cmake_target' from command line to 'None'
[0.185s] Level 5:colcon.colcon_core.verb:set package 'demo_gazebo_sim' build argument 'cmake_target_skip_unavailable' from command line to 'False'
[0.185s] Level 5:colcon.colcon_core.verb:set package 'demo_gazebo_sim' build argument 'cmake_clean_cache' from command line to 'False'
[0.185s] Level 5:colcon.colcon_core.verb:set package 'demo_gazebo_sim' build argument 'cmake_clean_first' from command line to 'False'
[0.185s] Level 5:colcon.colcon_core.verb:set package 'demo_gazebo_sim' build argument 'cmake_force_configure' from command line to 'False'
[0.185s] Level 5:colcon.colcon_core.verb:set package 'demo_gazebo_sim' build argument 'ament_cmake_args' from command line to 'None'
[0.185s] Level 5:colcon.colcon_core.verb:set package 'demo_gazebo_sim' build argument 'catkin_cmake_args' from command line to 'None'
[0.185s] Level 5:colcon.colcon_core.verb:set package 'demo_gazebo_sim' build argument 'catkin_skip_building_tests' from command line to 'False'
[0.185s] DEBUG:colcon.colcon_core.verb:Building package 'demo_gazebo_sim' with the following arguments: {'ament_cmake_args': None, 'build_base': '/home/tungchiahui/UserFloder/mysource/ROS/ROS2_WS/6.ws_simulations/build/demo_gazebo_sim', 'catkin_cmake_args': None, 'catkin_skip_building_tests': False, 'cmake_args': None, 'cmake_clean_cache': False, 'cmake_clean_first': False, 'cmake_force_configure': False, 'cmake_target': None, 'cmake_target_skip_unavailable': False, 'install_base': '/home/tungchiahui/UserFloder/mysource/ROS/ROS2_WS/6.ws_simulations/install/demo_gazebo_sim', 'merge_install': False, 'path': '/home/tungchiahui/UserFloder/mysource/ROS/ROS2_WS/6.ws_simulations/src/demo_gazebo_sim', 'symlink_install': False, 'test_result_base': None}
[0.185s] Level 5:colcon.colcon_core.verb:set package 'mycar_description' build argument 'cmake_args' from command line to 'None'
[0.185s] Level 5:colcon.colcon_core.verb:set package 'mycar_description' build argument 'cmake_target' from command line to 'None'
[0.185s] Level 5:colcon.colcon_core.verb:set package 'mycar_description' build argument 'cmake_target_skip_unavailable' from command line to 'False'
[0.185s] Level 5:colcon.colcon_core.verb:set package 'mycar_description' build argument 'cmake_clean_cache' from command line to 'False'
[0.185s] Level 5:colcon.colcon_core.verb:set package 'mycar_description' build argument 'cmake_clean_first' from command line to 'False'
[0.185s] Level 5:colcon.colcon_core.verb:set package 'mycar_description' build argument 'cmake_force_configure' from command line to 'False'
[0.185s] Level 5:colcon.colcon_core.verb:set package 'mycar_description' build argument 'ament_cmake_args' from command line to 'None'
[0.185s] Level 5:colcon.colcon_core.verb:set package 'mycar_description' build argument 'catkin_cmake_args' from command line to 'None'
[0.185s] Level 5:colcon.colcon_core.verb:set package 'mycar_description' build argument 'catkin_skip_building_tests' from command line to 'False'
[0.185s] DEBUG:colcon.colcon_core.verb:Building package 'mycar_description' with the following arguments: {'ament_cmake_args': None, 'build_base': '/home/tungchiahui/UserFloder/mysource/ROS/ROS2_WS/6.ws_simulations/build/mycar_description', 'catkin_cmake_args': None, 'catkin_skip_building_tests': False, 'cmake_args': None, 'cmake_clean_cache': False, 'cmake_clean_first': False, 'cmake_force_configure': False, 'cmake_target': None, 'cmake_target_skip_unavailable': False, 'install_base': '/home/tungchiahui/UserFloder/mysource/ROS/ROS2_WS/6.ws_simulations/install/mycar_description', 'merge_install': False, 'path': '/home/tungchiahui/UserFloder/mysource/ROS/ROS2_WS/6.ws_simulations/src/mycar_description', 'symlink_install': False, 'test_result_base': None}
[0.185s] INFO:colcon.colcon_core.executor:Executing jobs using 'parallel' executor
[0.186s] DEBUG:colcon.colcon_parallel_executor.executor.parallel:run_until_complete
[0.186s] INFO:colcon.colcon_cmake.task.cmake.build:Building CMake package in '/home/tungchiahui/UserFloder/mysource/ROS/ROS2_WS/6.ws_simulations/src/Stage'
[0.188s] INFO:colcon.colcon_core.plugin_system:Skipping extension 'colcon_core.shell.bat': Not used on non-Windows systems
[0.188s] INFO:colcon.colcon_core.shell:Skip shell extension 'powershell' for command environment: Not usable outside of PowerShell
[0.188s] DEBUG:colcon.colcon_core.shell:Skip shell extension 'dsv' for command environment
[0.190s] INFO:colcon.colcon_ros.task.ament_cmake.build:Building ROS package in '/home/tungchiahui/UserFloder/mysource/ROS/ROS2_WS/6.ws_simulations/src/demo_gazebo_sim' with build type 'ament_cmake'
[0.190s] INFO:colcon.colcon_cmake.task.cmake.build:Building CMake package in '/home/tungchiahui/UserFloder/mysource/ROS/ROS2_WS/6.ws_simulations/src/demo_gazebo_sim'
[0.190s] INFO:colcon.colcon_core.shell:Skip shell extension 'powershell' for command environment: Not usable outside of PowerShell
[0.190s] DEBUG:colcon.colcon_core.shell:Skip shell extension 'dsv' for command environment
[0.192s] INFO:colcon.colcon_ros.task.ament_cmake.build:Building ROS package in '/home/tungchiahui/UserFloder/mysource/ROS/ROS2_WS/6.ws_simulations/src/mycar_description' with build type 'ament_cmake'
[0.193s] INFO:colcon.colcon_cmake.task.cmake.build:Building CMake package in '/home/tungchiahui/UserFloder/mysource/ROS/ROS2_WS/6.ws_simulations/src/mycar_description'
[0.193s] INFO:colcon.colcon_core.shell:Skip shell extension 'powershell' for command environment: Not usable outside of PowerShell
[0.193s] DEBUG:colcon.colcon_core.shell:Skip shell extension 'dsv' for command environment
[0.198s] DEBUG:colcon.colcon_core.event_handler.log_command:Invoking command in '/home/tungchiahui/UserFloder/mysource/ROS/ROS2_WS/6.ws_simulations/build/Stage': /usr/bin/cmake /home/tungchiahui/UserFloder/mysource/ROS/ROS2_WS/6.ws_simulations/src/Stage -DCMAKE_INSTALL_PREFIX=/home/tungchiahui/UserFloder/mysource/ROS/ROS2_WS/6.ws_simulations/install/Stage
[0.199s] DEBUG:colcon.colcon_core.event_handler.log_command:Invoking command in '/home/tungchiahui/UserFloder/mysource/ROS/ROS2_WS/6.ws_simulations/build/demo_gazebo_sim': CMAKE_PREFIX_PATH=${CMAKE_PREFIX_PATH}:/opt/ros/jazzy /usr/bin/cmake /home/tungchiahui/UserFloder/mysource/ROS/ROS2_WS/6.ws_simulations/src/demo_gazebo_sim -DCMAKE_INSTALL_PREFIX=/home/tungchiahui/UserFloder/mysource/ROS/ROS2_WS/6.ws_simulations/install/demo_gazebo_sim
[0.202s] DEBUG:colcon.colcon_core.event_handler.log_command:Invoking command in '/home/tungchiahui/UserFloder/mysource/ROS/ROS2_WS/6.ws_simulations/build/mycar_description': CMAKE_PREFIX_PATH=${CMAKE_PREFIX_PATH}:/opt/ros/jazzy /usr/bin/cmake /home/tungchiahui/UserFloder/mysource/ROS/ROS2_WS/6.ws_simulations/src/mycar_description -DCMAKE_INSTALL_PREFIX=/home/tungchiahui/UserFloder/mysource/ROS/ROS2_WS/6.ws_simulations/install/mycar_description
[0.867s] DEBUG:colcon.colcon_core.event_handler.log_command:Invoked command in '/home/tungchiahui/UserFloder/mysource/ROS/ROS2_WS/6.ws_simulations/build/demo_gazebo_sim' returned '0': CMAKE_PREFIX_PATH=${CMAKE_PREFIX_PATH}:/opt/ros/jazzy /usr/bin/cmake /home/tungchiahui/UserFloder/mysource/ROS/ROS2_WS/6.ws_simulations/src/demo_gazebo_sim -DCMAKE_INSTALL_PREFIX=/home/tungchiahui/UserFloder/mysource/ROS/ROS2_WS/6.ws_simulations/install/demo_gazebo_sim
[0.868s] DEBUG:colcon.colcon_core.event_handler.log_command:Invoking command in '/home/tungchiahui/UserFloder/mysource/ROS/ROS2_WS/6.ws_simulations/build/demo_gazebo_sim': CMAKE_PREFIX_PATH=${CMAKE_PREFIX_PATH}:/opt/ros/jazzy /usr/bin/cmake --build /home/tungchiahui/UserFloder/mysource/ROS/ROS2_WS/6.ws_simulations/build/demo_gazebo_sim -- -j16 -l16
[0.873s] DEBUG:colcon.colcon_core.event_handler.log_command:Invoked command in '/home/tungchiahui/UserFloder/mysource/ROS/ROS2_WS/6.ws_simulations/build/mycar_description' returned '0': CMAKE_PREFIX_PATH=${CMAKE_PREFIX_PATH}:/opt/ros/jazzy /usr/bin/cmake /home/tungchiahui/UserFloder/mysource/ROS/ROS2_WS/6.ws_simulations/src/mycar_description -DCMAKE_INSTALL_PREFIX=/home/tungchiahui/UserFloder/mysource/ROS/ROS2_WS/6.ws_simulations/install/mycar_description
[0.874s] DEBUG:colcon.colcon_core.event_handler.log_command:Invoking command in '/home/tungchiahui/UserFloder/mysource/ROS/ROS2_WS/6.ws_simulations/build/mycar_description': CMAKE_PREFIX_PATH=${CMAKE_PREFIX_PATH}:/opt/ros/jazzy /usr/bin/cmake --build /home/tungchiahui/UserFloder/mysource/ROS/ROS2_WS/6.ws_simulations/build/mycar_description -- -j16 -l16
[0.897s] DEBUG:colcon.colcon_core.event_handler.log_command:Invoked command in '/home/tungchiahui/UserFloder/mysource/ROS/ROS2_WS/6.ws_simulations/build/demo_gazebo_sim' returned '0': CMAKE_PREFIX_PATH=${CMAKE_PREFIX_PATH}:/opt/ros/jazzy /usr/bin/cmake --build /home/tungchiahui/UserFloder/mysource/ROS/ROS2_WS/6.ws_simulations/build/demo_gazebo_sim -- -j16 -l16
[0.905s] DEBUG:colcon.colcon_core.event_handler.log_command:Invoking command in '/home/tungchiahui/UserFloder/mysource/ROS/ROS2_WS/6.ws_simulations/build/demo_gazebo_sim': CMAKE_PREFIX_PATH=${CMAKE_PREFIX_PATH}:/opt/ros/jazzy /usr/bin/cmake --install /home/tungchiahui/UserFloder/mysource/ROS/ROS2_WS/6.ws_simulations/build/demo_gazebo_sim
[0.906s] DEBUG:colcon.colcon_core.event_handler.log_command:Invoked command in '/home/tungchiahui/UserFloder/mysource/ROS/ROS2_WS/6.ws_simulations/build/mycar_description' returned '0': CMAKE_PREFIX_PATH=${CMAKE_PREFIX_PATH}:/opt/ros/jazzy /usr/bin/cmake --build /home/tungchiahui/UserFloder/mysource/ROS/ROS2_WS/6.ws_simulations/build/mycar_description -- -j16 -l16
[0.907s] DEBUG:colcon.colcon_core.event_handler.log_command:Invoking command in '/home/tungchiahui/UserFloder/mysource/ROS/ROS2_WS/6.ws_simulations/build/mycar_description': CMAKE_PREFIX_PATH=${CMAKE_PREFIX_PATH}:/opt/ros/jazzy /usr/bin/cmake --install /home/tungchiahui/UserFloder/mysource/ROS/ROS2_WS/6.ws_simulations/build/mycar_description
[0.916s] Level 1:colcon.colcon_core.environment:create_environment_scripts_only(demo_gazebo_sim)
[0.918s] DEBUG:colcon.colcon_core.event_handler.log_command:Invoked command in '/home/tungchiahui/UserFloder/mysource/ROS/ROS2_WS/6.ws_simulations/build/demo_gazebo_sim' returned '0': CMAKE_PREFIX_PATH=${CMAKE_PREFIX_PATH}:/opt/ros/jazzy /usr/bin/cmake --install /home/tungchiahui/UserFloder/mysource/ROS/ROS2_WS/6.ws_simulations/build/demo_gazebo_sim
[0.919s] Level 1:colcon.colcon_core.environment:checking '/home/tungchiahui/UserFloder/mysource/ROS/ROS2_WS/6.ws_simulations/install/demo_gazebo_sim' for CMake module files
[0.920s] Level 1:colcon.colcon_core.environment:checking '/home/tungchiahui/UserFloder/mysource/ROS/ROS2_WS/6.ws_simulations/install/demo_gazebo_sim' for CMake config files
[0.920s] Level 1:colcon.colcon_core.shell:create_environment_hook('demo_gazebo_sim', 'cmake_prefix_path')
[0.920s] INFO:colcon.colcon_core.shell:Creating environment hook '/home/tungchiahui/UserFloder/mysource/ROS/ROS2_WS/6.ws_simulations/install/demo_gazebo_sim/share/demo_gazebo_sim/hook/cmake_prefix_path.ps1'
[0.921s] INFO:colcon.colcon_core.shell:Creating environment descriptor '/home/tungchiahui/UserFloder/mysource/ROS/ROS2_WS/6.ws_simulations/install/demo_gazebo_sim/share/demo_gazebo_sim/hook/cmake_prefix_path.dsv'
[0.921s] INFO:colcon.colcon_core.shell:Creating environment hook '/home/tungchiahui/UserFloder/mysource/ROS/ROS2_WS/6.ws_simulations/install/demo_gazebo_sim/share/demo_gazebo_sim/hook/cmake_prefix_path.sh'
[0.922s] Level 1:colcon.colcon_core.environment:checking '/home/tungchiahui/UserFloder/mysource/ROS/ROS2_WS/6.ws_simulations/install/demo_gazebo_sim/bin'
[0.922s] Level 1:colcon.colcon_core.environment:checking '/home/tungchiahui/UserFloder/mysource/ROS/ROS2_WS/6.ws_simulations/install/demo_gazebo_sim/lib/pkgconfig/demo_gazebo_sim.pc'
[0.922s] Level 1:colcon.colcon_core.environment:checking '/home/tungchiahui/UserFloder/mysource/ROS/ROS2_WS/6.ws_simulations/install/demo_gazebo_sim/lib/python3.12/site-packages'
[0.923s] Level 1:colcon.colcon_core.environment:checking '/home/tungchiahui/UserFloder/mysource/ROS/ROS2_WS/6.ws_simulations/install/demo_gazebo_sim/bin'
[0.923s] INFO:colcon.colcon_core.shell:Creating package script '/home/tungchiahui/UserFloder/mysource/ROS/ROS2_WS/6.ws_simulations/install/demo_gazebo_sim/share/demo_gazebo_sim/package.ps1'
[0.924s] INFO:colcon.colcon_core.shell:Creating package descriptor '/home/tungchiahui/UserFloder/mysource/ROS/ROS2_WS/6.ws_simulations/install/demo_gazebo_sim/share/demo_gazebo_sim/package.dsv'
[0.924s] INFO:colcon.colcon_core.shell:Creating package script '/home/tungchiahui/UserFloder/mysource/ROS/ROS2_WS/6.ws_simulations/install/demo_gazebo_sim/share/demo_gazebo_sim/package.sh'
[0.925s] INFO:colcon.colcon_core.shell:Creating package script '/home/tungchiahui/UserFloder/mysource/ROS/ROS2_WS/6.ws_simulations/install/demo_gazebo_sim/share/demo_gazebo_sim/package.bash'
[0.925s] INFO:colcon.colcon_core.shell:Creating package script '/home/tungchiahui/UserFloder/mysource/ROS/ROS2_WS/6.ws_simulations/install/demo_gazebo_sim/share/demo_gazebo_sim/package.zsh'
[0.926s] Level 1:colcon.colcon_core.environment:create_file_with_runtime_dependencies(/home/tungchiahui/UserFloder/mysource/ROS/ROS2_WS/6.ws_simulations/install/demo_gazebo_sim/share/colcon-core/packages/demo_gazebo_sim)
[0.926s] Level 1:colcon.colcon_core.environment:create_environment_scripts_only(demo_gazebo_sim)
[0.926s] Level 1:colcon.colcon_core.environment:checking '/home/tungchiahui/UserFloder/mysource/ROS/ROS2_WS/6.ws_simulations/install/demo_gazebo_sim' for CMake module files
[0.927s] Level 1:colcon.colcon_core.environment:checking '/home/tungchiahui/UserFloder/mysource/ROS/ROS2_WS/6.ws_simulations/install/demo_gazebo_sim' for CMake config files
[0.927s] Level 1:colcon.colcon_core.shell:create_environment_hook('demo_gazebo_sim', 'cmake_prefix_path')
[0.927s] INFO:colcon.colcon_core.shell:Creating environment hook '/home/tungchiahui/UserFloder/mysource/ROS/ROS2_WS/6.ws_simulations/install/demo_gazebo_sim/share/demo_gazebo_sim/hook/cmake_prefix_path.ps1'
[0.928s] INFO:colcon.colcon_core.shell:Creating environment descriptor '/home/tungchiahui/UserFloder/mysource/ROS/ROS2_WS/6.ws_simulations/install/demo_gazebo_sim/share/demo_gazebo_sim/hook/cmake_prefix_path.dsv'
[0.928s] INFO:colcon.colcon_core.shell:Creating environment hook '/home/tungchiahui/UserFloder/mysource/ROS/ROS2_WS/6.ws_simulations/install/demo_gazebo_sim/share/demo_gazebo_sim/hook/cmake_prefix_path.sh'
[0.928s] Level 1:colcon.colcon_core.environment:checking '/home/tungchiahui/UserFloder/mysource/ROS/ROS2_WS/6.ws_simulations/install/demo_gazebo_sim/bin'
[0.928s] Level 1:colcon.colcon_core.environment:checking '/home/tungchiahui/UserFloder/mysource/ROS/ROS2_WS/6.ws_simulations/install/demo_gazebo_sim/lib/pkgconfig/demo_gazebo_sim.pc'
[0.929s] Level 1:colcon.colcon_core.environment:checking '/home/tungchiahui/UserFloder/mysource/ROS/ROS2_WS/6.ws_simulations/install/demo_gazebo_sim/lib/python3.12/site-packages'
[0.929s] Level 1:colcon.colcon_core.environment:checking '/home/tungchiahui/UserFloder/mysource/ROS/ROS2_WS/6.ws_simulations/install/demo_gazebo_sim/bin'
[0.929s] INFO:colcon.colcon_core.shell:Creating package script '/home/tungchiahui/UserFloder/mysource/ROS/ROS2_WS/6.ws_simulations/install/demo_gazebo_sim/share/demo_gazebo_sim/package.ps1'
[0.930s] INFO:colcon.colcon_core.shell:Creating package descriptor '/home/tungchiahui/UserFloder/mysource/ROS/ROS2_WS/6.ws_simulations/install/demo_gazebo_sim/share/demo_gazebo_sim/package.dsv'
[0.930s] INFO:colcon.colcon_core.shell:Creating package script '/home/tungchiahui/UserFloder/mysource/ROS/ROS2_WS/6.ws_simulations/install/demo_gazebo_sim/share/demo_gazebo_sim/package.sh'
[0.930s] INFO:colcon.colcon_core.shell:Creating package script '/home/tungchiahui/UserFloder/mysource/ROS/ROS2_WS/6.ws_simulations/install/demo_gazebo_sim/share/demo_gazebo_sim/package.bash'
[0.931s] INFO:colcon.colcon_core.shell:Creating package script '/home/tungchiahui/UserFloder/mysource/ROS/ROS2_WS/6.ws_simulations/install/demo_gazebo_sim/share/demo_gazebo_sim/package.zsh'
[0.931s] Level 1:colcon.colcon_core.environment:create_file_with_runtime_dependencies(/home/tungchiahui/UserFloder/mysource/ROS/ROS2_WS/6.ws_simulations/install/demo_gazebo_sim/share/colcon-core/packages/demo_gazebo_sim)
[0.932s] Level 1:colcon.colcon_core.environment:create_environment_scripts_only(mycar_description)
[0.932s] Level 1:colcon.colcon_core.environment:checking '/home/tungchiahui/UserFloder/mysource/ROS/ROS2_WS/6.ws_simulations/install/mycar_description' for CMake module files
[0.932s] DEBUG:colcon.colcon_core.event_handler.log_command:Invoked command in '/home/tungchiahui/UserFloder/mysource/ROS/ROS2_WS/6.ws_simulations/build/mycar_description' returned '0': CMAKE_PREFIX_PATH=${CMAKE_PREFIX_PATH}:/opt/ros/jazzy /usr/bin/cmake --install /home/tungchiahui/UserFloder/mysource/ROS/ROS2_WS/6.ws_simulations/build/mycar_description
[0.933s] Level 1:colcon.colcon_core.environment:checking '/home/tungchiahui/UserFloder/mysource/ROS/ROS2_WS/6.ws_simulations/install/mycar_description' for CMake config files
[0.933s] Level 1:colcon.colcon_core.shell:create_environment_hook('mycar_description', 'cmake_prefix_path')
[0.933s] INFO:colcon.colcon_core.shell:Creating environment hook '/home/tungchiahui/UserFloder/mysource/ROS/ROS2_WS/6.ws_simulations/install/mycar_description/share/mycar_description/hook/cmake_prefix_path.ps1'
[0.933s] INFO:colcon.colcon_core.shell:Creating environment descriptor '/home/tungchiahui/UserFloder/mysource/ROS/ROS2_WS/6.ws_simulations/install/mycar_description/share/mycar_description/hook/cmake_prefix_path.dsv'
[0.933s] INFO:colcon.colcon_core.shell:Creating environment hook '/home/tungchiahui/UserFloder/mysource/ROS/ROS2_WS/6.ws_simulations/install/mycar_description/share/mycar_description/hook/cmake_prefix_path.sh'
[0.934s] Level 1:colcon.colcon_core.environment:checking '/home/tungchiahui/UserFloder/mysource/ROS/ROS2_WS/6.ws_simulations/install/mycar_description/bin'
[0.934s] Level 1:colcon.colcon_core.environment:checking '/home/tungchiahui/UserFloder/mysource/ROS/ROS2_WS/6.ws_simulations/install/mycar_description/lib/pkgconfig/mycar_description.pc'
[0.934s] Level 1:colcon.colcon_core.environment:checking '/home/tungchiahui/UserFloder/mysource/ROS/ROS2_WS/6.ws_simulations/install/mycar_description/lib/python3.12/site-packages'
[0.934s] Level 1:colcon.colcon_core.environment:checking '/home/tungchiahui/UserFloder/mysource/ROS/ROS2_WS/6.ws_simulations/install/mycar_description/bin'
[0.934s] INFO:colcon.colcon_core.shell:Creating package script '/home/tungchiahui/UserFloder/mysource/ROS/ROS2_WS/6.ws_simulations/install/mycar_description/share/mycar_description/package.ps1'
[0.935s] INFO:colcon.colcon_core.shell:Creating package descriptor '/home/tungchiahui/UserFloder/mysource/ROS/ROS2_WS/6.ws_simulations/install/mycar_description/share/mycar_description/package.dsv'
[0.935s] INFO:colcon.colcon_core.shell:Creating package script '/home/tungchiahui/UserFloder/mysource/ROS/ROS2_WS/6.ws_simulations/install/mycar_description/share/mycar_description/package.sh'
[0.935s] INFO:colcon.colcon_core.shell:Creating package script '/home/tungchiahui/UserFloder/mysource/ROS/ROS2_WS/6.ws_simulations/install/mycar_description/share/mycar_description/package.bash'
[0.935s] INFO:colcon.colcon_core.shell:Creating package script '/home/tungchiahui/UserFloder/mysource/ROS/ROS2_WS/6.ws_simulations/install/mycar_description/share/mycar_description/package.zsh'
[0.936s] Level 1:colcon.colcon_core.environment:create_file_with_runtime_dependencies(/home/tungchiahui/UserFloder/mysource/ROS/ROS2_WS/6.ws_simulations/install/mycar_description/share/colcon-core/packages/mycar_description)
[0.936s] Level 1:colcon.colcon_core.environment:create_environment_scripts_only(mycar_description)
[0.936s] Level 1:colcon.colcon_core.environment:checking '/home/tungchiahui/UserFloder/mysource/ROS/ROS2_WS/6.ws_simulations/install/mycar_description' for CMake module files
[0.937s] Level 1:colcon.colcon_core.environment:checking '/home/tungchiahui/UserFloder/mysource/ROS/ROS2_WS/6.ws_simulations/install/mycar_description' for CMake config files
[0.937s] Level 1:colcon.colcon_core.shell:create_environment_hook('mycar_description', 'cmake_prefix_path')
[0.937s] INFO:colcon.colcon_core.shell:Creating environment hook '/home/tungchiahui/UserFloder/mysource/ROS/ROS2_WS/6.ws_simulations/install/mycar_description/share/mycar_description/hook/cmake_prefix_path.ps1'
[0.937s] INFO:colcon.colcon_core.shell:Creating environment descriptor '/home/tungchiahui/UserFloder/mysource/ROS/ROS2_WS/6.ws_simulations/install/mycar_description/share/mycar_description/hook/cmake_prefix_path.dsv'
[0.937s] INFO:colcon.colcon_core.shell:Creating environment hook '/home/tungchiahui/UserFloder/mysource/ROS/ROS2_WS/6.ws_simulations/install/mycar_description/share/mycar_description/hook/cmake_prefix_path.sh'
[0.938s] Level 1:colcon.colcon_core.environment:checking '/home/tungchiahui/UserFloder/mysource/ROS/ROS2_WS/6.ws_simulations/install/mycar_description/bin'
[0.938s] Level 1:colcon.colcon_core.environment:checking '/home/tungchiahui/UserFloder/mysource/ROS/ROS2_WS/6.ws_simulations/install/mycar_description/lib/pkgconfig/mycar_description.pc'
[0.938s] Level 1:colcon.colcon_core.environment:checking '/home/tungchiahui/UserFloder/mysource/ROS/ROS2_WS/6.ws_simulations/install/mycar_description/lib/python3.12/site-packages'
[0.938s] Level 1:colcon.colcon_core.environment:checking '/home/tungchiahui/UserFloder/mysource/ROS/ROS2_WS/6.ws_simulations/install/mycar_description/bin'
[0.938s] INFO:colcon.colcon_core.shell:Creating package script '/home/tungchiahui/UserFloder/mysource/ROS/ROS2_WS/6.ws_simulations/install/mycar_description/share/mycar_description/package.ps1'
[0.939s] INFO:colcon.colcon_core.shell:Creating package descriptor '/home/tungchiahui/UserFloder/mysource/ROS/ROS2_WS/6.ws_simulations/install/mycar_description/share/mycar_description/package.dsv'
[0.939s] INFO:colcon.colcon_core.shell:Creating package script '/home/tungchiahui/UserFloder/mysource/ROS/ROS2_WS/6.ws_simulations/install/mycar_description/share/mycar_description/package.sh'
[0.939s] INFO:colcon.colcon_core.shell:Creating package script '/home/tungchiahui/UserFloder/mysource/ROS/ROS2_WS/6.ws_simulations/install/mycar_description/share/mycar_description/package.bash'
[0.940s] INFO:colcon.colcon_core.shell:Creating package script '/home/tungchiahui/UserFloder/mysource/ROS/ROS2_WS/6.ws_simulations/install/mycar_description/share/mycar_description/package.zsh'
[0.940s] Level 1:colcon.colcon_core.environment:create_file_with_runtime_dependencies(/home/tungchiahui/UserFloder/mysource/ROS/ROS2_WS/6.ws_simulations/install/mycar_description/share/colcon-core/packages/mycar_description)
[1.265s] DEBUG:colcon.colcon_core.event_handler.log_command:Invoked command in '/home/tungchiahui/UserFloder/mysource/ROS/ROS2_WS/6.ws_simulations/build/Stage' returned '0': /usr/bin/cmake /home/tungchiahui/UserFloder/mysource/ROS/ROS2_WS/6.ws_simulations/src/Stage -DCMAKE_INSTALL_PREFIX=/home/tungchiahui/UserFloder/mysource/ROS/ROS2_WS/6.ws_simulations/install/Stage
[1.266s] DEBUG:colcon.colcon_core.event_handler.log_command:Invoking command in '/home/tungchiahui/UserFloder/mysource/ROS/ROS2_WS/6.ws_simulations/build/Stage': /usr/bin/cmake --build /home/tungchiahui/UserFloder/mysource/ROS/ROS2_WS/6.ws_simulations/build/Stage -- -j16 -l16
[7.676s] DEBUG:colcon.colcon_core.event_handler.log_command:Invoked command in '/home/tungchiahui/UserFloder/mysource/ROS/ROS2_WS/6.ws_simulations/build/Stage' returned '0': /usr/bin/cmake --build /home/tungchiahui/UserFloder/mysource/ROS/ROS2_WS/6.ws_simulations/build/Stage -- -j16 -l16
[7.677s] DEBUG:colcon.colcon_core.event_handler.log_command:Invoking command in '/home/tungchiahui/UserFloder/mysource/ROS/ROS2_WS/6.ws_simulations/build/Stage': /usr/bin/cmake --install /home/tungchiahui/UserFloder/mysource/ROS/ROS2_WS/6.ws_simulations/build/Stage
[7.696s] Level 1:colcon.colcon_core.environment:create_environment_scripts_only(Stage)
[7.696s] Level 1:colcon.colcon_core.environment:checking '/home/tungchiahui/UserFloder/mysource/ROS/ROS2_WS/6.ws_simulations/install/Stage' for CMake module files
[7.696s] DEBUG:colcon.colcon_core.event_handler.log_command:Invoked command in '/home/tungchiahui/UserFloder/mysource/ROS/ROS2_WS/6.ws_simulations/build/Stage' returned '0': /usr/bin/cmake --install /home/tungchiahui/UserFloder/mysource/ROS/ROS2_WS/6.ws_simulations/build/Stage
[7.696s] Level 1:colcon.colcon_core.environment:checking '/home/tungchiahui/UserFloder/mysource/ROS/ROS2_WS/6.ws_simulations/install/Stage' for CMake config files
[7.697s] Level 1:colcon.colcon_core.shell:create_environment_hook('Stage', 'cmake_prefix_path')
[7.697s] INFO:colcon.colcon_core.shell:Creating environment hook '/home/tungchiahui/UserFloder/mysource/ROS/ROS2_WS/6.ws_simulations/install/Stage/share/Stage/hook/cmake_prefix_path.ps1'
[7.697s] INFO:colcon.colcon_core.shell:Creating environment descriptor '/home/tungchiahui/UserFloder/mysource/ROS/ROS2_WS/6.ws_simulations/install/Stage/share/Stage/hook/cmake_prefix_path.dsv'
[7.697s] INFO:colcon.colcon_core.shell:Creating environment hook '/home/tungchiahui/UserFloder/mysource/ROS/ROS2_WS/6.ws_simulations/install/Stage/share/Stage/hook/cmake_prefix_path.sh'
[7.698s] Level 1:colcon.colcon_core.environment:checking '/home/tungchiahui/UserFloder/mysource/ROS/ROS2_WS/6.ws_simulations/install/Stage/lib'
[7.698s] Level 1:colcon.colcon_core.shell:create_environment_hook('Stage', 'ld_library_path_lib')
[7.698s] INFO:colcon.colcon_core.shell:Creating environment hook '/home/tungchiahui/UserFloder/mysource/ROS/ROS2_WS/6.ws_simulations/install/Stage/share/Stage/hook/ld_library_path_lib.ps1'
[7.698s] INFO:colcon.colcon_core.shell:Creating environment descriptor '/home/tungchiahui/UserFloder/mysource/ROS/ROS2_WS/6.ws_simulations/install/Stage/share/Stage/hook/ld_library_path_lib.dsv'
[7.698s] INFO:colcon.colcon_core.shell:Creating environment hook '/home/tungchiahui/UserFloder/mysource/ROS/ROS2_WS/6.ws_simulations/install/Stage/share/Stage/hook/ld_library_path_lib.sh'
[7.699s] Level 1:colcon.colcon_core.environment:checking '/home/tungchiahui/UserFloder/mysource/ROS/ROS2_WS/6.ws_simulations/install/Stage/bin'
[7.699s] Level 1:colcon.colcon_core.shell:create_environment_hook('Stage', 'path')
[7.699s] INFO:colcon.colcon_core.shell:Creating environment hook '/home/tungchiahui/UserFloder/mysource/ROS/ROS2_WS/6.ws_simulations/install/Stage/share/Stage/hook/path.ps1'
[7.699s] INFO:colcon.colcon_core.shell:Creating environment descriptor '/home/tungchiahui/UserFloder/mysource/ROS/ROS2_WS/6.ws_simulations/install/Stage/share/Stage/hook/path.dsv'
[7.699s] INFO:colcon.colcon_core.shell:Creating environment hook '/home/tungchiahui/UserFloder/mysource/ROS/ROS2_WS/6.ws_simulations/install/Stage/share/Stage/hook/path.sh'
[7.700s] Level 1:colcon.colcon_core.environment:checking '/home/tungchiahui/UserFloder/mysource/ROS/ROS2_WS/6.ws_simulations/install/Stage/lib/pkgconfig/Stage.pc'
[7.700s] Level 1:colcon.colcon_core.environment:checking '/home/tungchiahui/UserFloder/mysource/ROS/ROS2_WS/6.ws_simulations/install/Stage/lib/python3.12/site-packages'
[7.700s] Level 1:colcon.colcon_core.environment:checking '/home/tungchiahui/UserFloder/mysource/ROS/ROS2_WS/6.ws_simulations/install/Stage/bin'
[7.700s] Level 1:colcon.colcon_core.shell:create_environment_hook('Stage', 'pythonscriptspath')
[7.700s] INFO:colcon.colcon_core.shell:Creating environment hook '/home/tungchiahui/UserFloder/mysource/ROS/ROS2_WS/6.ws_simulations/install/Stage/share/Stage/hook/pythonscriptspath.ps1'
[7.700s] INFO:colcon.colcon_core.shell:Creating environment descriptor '/home/tungchiahui/UserFloder/mysource/ROS/ROS2_WS/6.ws_simulations/install/Stage/share/Stage/hook/pythonscriptspath.dsv'
[7.701s] INFO:colcon.colcon_core.shell:Creating environment hook '/home/tungchiahui/UserFloder/mysource/ROS/ROS2_WS/6.ws_simulations/install/Stage/share/Stage/hook/pythonscriptspath.sh'
[7.701s] INFO:colcon.colcon_core.shell:Creating package script '/home/tungchiahui/UserFloder/mysource/ROS/ROS2_WS/6.ws_simulations/install/Stage/share/Stage/package.ps1'
[7.701s] INFO:colcon.colcon_core.shell:Creating package descriptor '/home/tungchiahui/UserFloder/mysource/ROS/ROS2_WS/6.ws_simulations/install/Stage/share/Stage/package.dsv'
[7.702s] INFO:colcon.colcon_core.shell:Creating package script '/home/tungchiahui/UserFloder/mysource/ROS/ROS2_WS/6.ws_simulations/install/Stage/share/Stage/package.sh'
[7.702s] INFO:colcon.colcon_core.shell:Creating package script '/home/tungchiahui/UserFloder/mysource/ROS/ROS2_WS/6.ws_simulations/install/Stage/share/Stage/package.bash'
[7.702s] INFO:colcon.colcon_core.shell:Creating package script '/home/tungchiahui/UserFloder/mysource/ROS/ROS2_WS/6.ws_simulations/install/Stage/share/Stage/package.zsh'
[7.702s] Level 1:colcon.colcon_core.environment:create_file_with_runtime_dependencies(/home/tungchiahui/UserFloder/mysource/ROS/ROS2_WS/6.ws_simulations/install/Stage/share/colcon-core/packages/Stage)
[7.703s] DEBUG:colcon.colcon_parallel_executor.executor.parallel:closing loop
[7.703s] DEBUG:colcon.colcon_parallel_executor.executor.parallel:loop closed
[7.703s] DEBUG:colcon.colcon_parallel_executor.executor.parallel:run_until_complete finished with '0'
[7.703s] DEBUG:colcon.colcon_core.event_reactor:joining thread
[7.707s] INFO:colcon.colcon_core.plugin_system:Skipping extension 'colcon_notification.desktop_notification.notify_send': Could not find 'notify-send'
[7.707s] INFO:colcon.colcon_core.plugin_system:Skipping extension 'colcon_notification.desktop_notification.terminal_notifier': Not used on non-Darwin systems
[7.707s] INFO:colcon.colcon_core.plugin_system:Skipping extension 'colcon_notification.desktop_notification.win32': Not used on non-Windows systems
[7.707s] INFO:colcon.colcon_notification.desktop_notification:Sending desktop notification using 'notify2'
[7.709s] DEBUG:colcon.colcon_notification.desktop_notification.notify2:Failed to initialize notify2: org.freedesktop.DBus.Error.Spawn.ExecFailed: /usr/bin/dbus-launch terminated abnormally without any error message
[7.709s] DEBUG:colcon.colcon_core.event_reactor:joined thread
[7.710s] INFO:colcon.colcon_core.shell:Creating prefix script '/home/tungchiahui/UserFloder/mysource/ROS/ROS2_WS/6.ws_simulations/install/local_setup.ps1'
[7.711s] INFO:colcon.colcon_core.shell:Creating prefix util module '/home/tungchiahui/UserFloder/mysource/ROS/ROS2_WS/6.ws_simulations/install/_local_setup_util_ps1.py'
[7.712s] INFO:colcon.colcon_core.shell:Creating prefix chain script '/home/tungchiahui/UserFloder/mysource/ROS/ROS2_WS/6.ws_simulations/install/setup.ps1'
[7.713s] INFO:colcon.colcon_core.shell:Creating prefix script '/home/tungchiahui/UserFloder/mysource/ROS/ROS2_WS/6.ws_simulations/install/local_setup.sh'
[7.713s] INFO:colcon.colcon_core.shell:Creating prefix util module '/home/tungchiahui/UserFloder/mysource/ROS/ROS2_WS/6.ws_simulations/install/_local_setup_util_sh.py'
[7.714s] INFO:colcon.colcon_core.shell:Creating prefix chain script '/home/tungchiahui/UserFloder/mysource/ROS/ROS2_WS/6.ws_simulations/install/setup.sh'
[7.715s] INFO:colcon.colcon_core.shell:Creating prefix script '/home/tungchiahui/UserFloder/mysource/ROS/ROS2_WS/6.ws_simulations/install/local_setup.bash'
[7.715s] INFO:colcon.colcon_core.shell:Creating prefix chain script '/home/tungchiahui/UserFloder/mysource/ROS/ROS2_WS/6.ws_simulations/install/setup.bash'
[7.716s] INFO:colcon.colcon_core.shell:Creating prefix script '/home/tungchiahui/UserFloder/mysource/ROS/ROS2_WS/6.ws_simulations/install/local_setup.zsh'
[7.717s] INFO:colcon.colcon_core.shell:Creating prefix chain script '/home/tungchiahui/UserFloder/mysource/ROS/ROS2_WS/6.ws_simulations/install/setup.zsh'
