-- Install configuration: ""
-- Up-to-date: /home/tungchiahui/user/mysource/ros2src/fouraxisrobot_kine_ws/install/cpp06_urdf/share/cpp06_urdf/launch
-- Up-to-date: /home/tungchiahui/user/mysource/ros2src/fouraxisrobot_kine_ws/install/cpp06_urdf/share/cpp06_urdf/launch/display.launch.py
-- Up-to-date: /home/tungchiahui/user/mysource/ros2src/fouraxisrobot_kine_ws/install/cpp06_urdf/share/cpp06_urdf/urdf
-- Up-to-date: /home/tungchiahui/user/mysource/ros2src/fouraxisrobot_kine_ws/install/cpp06_urdf/share/cpp06_urdf/urdf/urdf
-- Up-to-date: /home/tungchiahui/user/mysource/ros2src/fouraxisrobot_kine_ws/install/cpp06_urdf/share/cpp06_urdf/urdf/urdf/fouraxisrobot_kine.csv
-- Up-to-date: /home/tungchiahui/user/mysource/ros2src/fouraxisrobot_kine_ws/install/cpp06_urdf/share/cpp06_urdf/urdf/urdf/fouraxisrobot_kine.urdf
-- Up-to-date: /home/tungchiahui/user/mysource/ros2src/fouraxisrobot_kine_ws/install/cpp06_urdf/share/cpp06_urdf/urdf/xacro
-- Up-to-date: /home/tungchiahui/user/mysource/ros2src/fouraxisrobot_kine_ws/install/cpp06_urdf/share/cpp06_urdf/rviz
-- Up-to-date: /home/tungchiahui/user/mysource/ros2src/fouraxisrobot_kine_ws/install/cpp06_urdf/share/cpp06_urdf/meshes
-- Up-to-date: /home/tungchiahui/user/mysource/ros2src/fouraxisrobot_kine_ws/install/cpp06_urdf/share/cpp06_urdf/meshes/link4.STL
-- Up-to-date: /home/tungchiahui/user/mysource/ros2src/fouraxisrobot_kine_ws/install/cpp06_urdf/share/cpp06_urdf/meshes/link1.STL
-- Up-to-date: /home/tungchiahui/user/mysource/ros2src/fouraxisrobot_kine_ws/install/cpp06_urdf/share/cpp06_urdf/meshes/link3.STL
-- Up-to-date: /home/tungchiahui/user/mysource/ros2src/fouraxisrobot_kine_ws/install/cpp06_urdf/share/cpp06_urdf/meshes/link2.STL
-- Up-to-date: /home/tungchiahui/user/mysource/ros2src/fouraxisrobot_kine_ws/install/cpp06_urdf/share/cpp06_urdf/meshes/base_link.STL
-- Up-to-date: /home/tungchiahui/user/mysource/ros2src/fouraxisrobot_kine_ws/install/cpp06_urdf/share/ament_index/resource_index/package_run_dependencies/cpp06_urdf
-- Up-to-date: /home/tungchiahui/user/mysource/ros2src/fouraxisrobot_kine_ws/install/cpp06_urdf/share/ament_index/resource_index/parent_prefix_path/cpp06_urdf
-- Up-to-date: /home/tungchiahui/user/mysource/ros2src/fouraxisrobot_kine_ws/install/cpp06_urdf/share/cpp06_urdf/environment/ament_prefix_path.sh
-- Up-to-date: /home/tungchiahui/user/mysource/ros2src/fouraxisrobot_kine_ws/install/cpp06_urdf/share/cpp06_urdf/environment/ament_prefix_path.dsv
-- Up-to-date: /home/tungchiahui/user/mysource/ros2src/fouraxisrobot_kine_ws/install/cpp06_urdf/share/cpp06_urdf/environment/path.sh
-- Up-to-date: /home/tungchiahui/user/mysource/ros2src/fouraxisrobot_kine_ws/install/cpp06_urdf/share/cpp06_urdf/environment/path.dsv
-- Up-to-date: /home/tungchiahui/user/mysource/ros2src/fouraxisrobot_kine_ws/install/cpp06_urdf/share/cpp06_urdf/local_setup.bash
-- Up-to-date: /home/tungchiahui/user/mysource/ros2src/fouraxisrobot_kine_ws/install/cpp06_urdf/share/cpp06_urdf/local_setup.sh
-- Up-to-date: /home/tungchiahui/user/mysource/ros2src/fouraxisrobot_kine_ws/install/cpp06_urdf/share/cpp06_urdf/local_setup.zsh
-- Up-to-date: /home/tungchiahui/user/mysource/ros2src/fouraxisrobot_kine_ws/install/cpp06_urdf/share/cpp06_urdf/local_setup.dsv
-- Up-to-date: /home/tungchiahui/user/mysource/ros2src/fouraxisrobot_kine_ws/install/cpp06_urdf/share/cpp06_urdf/package.dsv
-- Up-to-date: /home/tungchiahui/user/mysource/ros2src/fouraxisrobot_kine_ws/install/cpp06_urdf/share/ament_index/resource_index/packages/cpp06_urdf
-- Up-to-date: /home/tungchiahui/user/mysource/ros2src/fouraxisrobot_kine_ws/install/cpp06_urdf/share/cpp06_urdf/cmake/cpp06_urdfConfig.cmake
-- Up-to-date: /home/tungchiahui/user/mysource/ros2src/fouraxisrobot_kine_ws/install/cpp06_urdf/share/cpp06_urdf/cmake/cpp06_urdfConfig-version.cmake
-- Up-to-date: /home/tungchiahui/user/mysource/ros2src/fouraxisrobot_kine_ws/install/cpp06_urdf/share/cpp06_urdf/package.xml
