[0.042s] Invoking command in '/home/tungchiahui/mysource/ROS2_WS/8.ws_compro/build/cpp01_serial': CMAKE_PREFIX_PATH=${CMAKE_PREFIX_PATH}:/opt/ros/jazzy DEBUGINFOD_URLS=https://debuginfod.ubuntu.com /usr/bin/cmake /home/tungchiahui/mysource/ROS2_WS/8.ws_compro/src/cpp01_serial -DCMAKE_INSTALL_PREFIX=/home/tungchiahui/mysource/ROS2_WS/8.ws_compro/install/cpp01_serial
[0.431s] -- The C compiler identification is GNU 13.3.0
[0.727s] -- The CXX compiler identification is GNU 13.3.0
[0.978s] -- Detecting C compiler ABI info
[1.176s] -- Detecting C compiler ABI info - done
[1.191s] -- Check for working C compiler: /usr/bin/cc - skipped
[1.192s] -- Detecting C compile features
[1.193s] -- Detecting C compile features - done
[1.212s] -- Detecting CXX compiler ABI info
[1.422s] -- Detecting CXX compiler ABI info - done
[1.435s] -- Check for working CXX compiler: /usr/bin/c++ - skipped
[1.435s] -- Detecting CXX compile features
[1.436s] -- Detecting CXX compile features - done
[1.453s] -- Found ament_cmake: 2.5.3 (/opt/ros/jazzy/share/ament_cmake/cmake)
[1.738s] -- Found Python3: /usr/bin/python3 (found version "3.12.3") found components: Interpreter 
[2.015s] -- Found rclcpp: 28.1.6 (/opt/ros/jazzy/share/rclcpp/cmake)
[2.142s] -- Found rosidl_generator_c: 4.6.5 (/opt/ros/jazzy/share/rosidl_generator_c/cmake)
[2.189s] -- Found rosidl_generator_cpp: 4.6.5 (/opt/ros/jazzy/share/rosidl_generator_cpp/cmake)
[2.245s] -- Using all available rosidl_typesupport_c: rosidl_typesupport_fastrtps_c;rosidl_typesupport_introspection_c
[2.302s] -- Using all available rosidl_typesupport_cpp: rosidl_typesupport_fastrtps_cpp;rosidl_typesupport_introspection_cpp
[2.500s] -- Found rmw_implementation_cmake: 7.3.1 (/opt/ros/jazzy/share/rmw_implementation_cmake/cmake)
[2.510s] -- Found rmw_fastrtps_cpp: 8.4.1 (/opt/ros/jazzy/share/rmw_fastrtps_cpp/cmake)
[2.715s] -- Found OpenSSL: /usr/lib/aarch64-linux-gnu/libcrypto.so (found version "3.0.13")  
[2.749s] -- Found FastRTPS: /opt/ros/jazzy/include (Required is at least version "2.13") 
[2.790s] -- Using RMW implementation 'rmw_fastrtps_cpp' as default
[2.976s] -- Found serial_driver: 1.2.0 (/opt/ros/jazzy/share/serial_driver/cmake)
[3.074s] -- Found asio_cmake_module: 1.2.0 (/opt/ros/jazzy/share/asio_cmake_module/cmake)
[3.077s] -- Found ASIO: /usr/include  
[3.261s] -- Found ament_lint_auto: 0.17.1 (/opt/ros/jazzy/share/ament_lint_auto/cmake)
[3.473s] -- Added test 'cppcheck' to perform static code analysis on C / C++ code
[3.473s] -- Configured cppcheck include dirs: $<BUILD_INTERFACE:/home/tungchiahui/mysource/ROS2_WS/8.ws_compro/src/cpp01_serial/include>
[3.473s] -- Configured cppcheck exclude dirs and/or files: 
[3.475s] -- Added test 'lint_cmake' to check CMake code style
[3.478s] -- Added test 'uncrustify' to check C / C++ code style
[3.478s] -- Configured uncrustify additional arguments: 
[3.480s] -- Added test 'xmllint' to check XML markup files
[3.484s] -- Configuring done (3.4s)
[3.664s] -- Generating done (0.2s)
[3.672s] -- Build files have been written to: /home/tungchiahui/mysource/ROS2_WS/8.ws_compro/build/cpp01_serial
[3.699s] Invoked command in '/home/tungchiahui/mysource/ROS2_WS/8.ws_compro/build/cpp01_serial' returned '0': CMAKE_PREFIX_PATH=${CMAKE_PREFIX_PATH}:/opt/ros/jazzy DEBUGINFOD_URLS=https://debuginfod.ubuntu.com /usr/bin/cmake /home/tungchiahui/mysource/ROS2_WS/8.ws_compro/src/cpp01_serial -DCMAKE_INSTALL_PREFIX=/home/tungchiahui/mysource/ROS2_WS/8.ws_compro/install/cpp01_serial
[3.702s] Invoking command in '/home/tungchiahui/mysource/ROS2_WS/8.ws_compro/build/cpp01_serial': CMAKE_PREFIX_PATH=${CMAKE_PREFIX_PATH}:/opt/ros/jazzy DEBUGINFOD_URLS=https://debuginfod.ubuntu.com /usr/bin/cmake --build /home/tungchiahui/mysource/ROS2_WS/8.ws_compro/build/cpp01_serial -- -j4 -l4
[3.813s] [ 50%] [32mBuilding CXX object CMakeFiles/demo01_uart_send.dir/src/demo01_uart_send.cpp.o[0m
[11.840s] [100%] [32m[1mLinking CXX executable demo01_uart_send[0m
[12.332s] [100%] Built target demo01_uart_send
[12.354s] Invoked command in '/home/tungchiahui/mysource/ROS2_WS/8.ws_compro/build/cpp01_serial' returned '0': CMAKE_PREFIX_PATH=${CMAKE_PREFIX_PATH}:/opt/ros/jazzy DEBUGINFOD_URLS=https://debuginfod.ubuntu.com /usr/bin/cmake --build /home/tungchiahui/mysource/ROS2_WS/8.ws_compro/build/cpp01_serial -- -j4 -l4
[12.374s] Invoking command in '/home/tungchiahui/mysource/ROS2_WS/8.ws_compro/build/cpp01_serial': CMAKE_PREFIX_PATH=${CMAKE_PREFIX_PATH}:/opt/ros/jazzy DEBUGINFOD_URLS=https://debuginfod.ubuntu.com /usr/bin/cmake --install /home/tungchiahui/mysource/ROS2_WS/8.ws_compro/build/cpp01_serial
[12.389s] -- Install configuration: ""
[12.390s] -- Installing: /home/tungchiahui/mysource/ROS2_WS/8.ws_compro/install/cpp01_serial/lib/cpp01_serial/demo01_uart_send
[12.391s] -- Set non-toolchain portion of runtime path of "/home/tungchiahui/mysource/ROS2_WS/8.ws_compro/install/cpp01_serial/lib/cpp01_serial/demo01_uart_send" to ""
[12.391s] -- Installing: /home/tungchiahui/mysource/ROS2_WS/8.ws_compro/install/cpp01_serial/share/ament_index/resource_index/package_run_dependencies/cpp01_serial
[12.391s] -- Installing: /home/tungchiahui/mysource/ROS2_WS/8.ws_compro/install/cpp01_serial/share/ament_index/resource_index/parent_prefix_path/cpp01_serial
[12.392s] -- Installing: /home/tungchiahui/mysource/ROS2_WS/8.ws_compro/install/cpp01_serial/share/cpp01_serial/environment/ament_prefix_path.sh
[12.392s] -- Installing: /home/tungchiahui/mysource/ROS2_WS/8.ws_compro/install/cpp01_serial/share/cpp01_serial/environment/ament_prefix_path.dsv
[12.392s] -- Installing: /home/tungchiahui/mysource/ROS2_WS/8.ws_compro/install/cpp01_serial/share/cpp01_serial/environment/path.sh
[12.392s] -- Installing: /home/tungchiahui/mysource/ROS2_WS/8.ws_compro/install/cpp01_serial/share/cpp01_serial/environment/path.dsv
[12.393s] -- Installing: /home/tungchiahui/mysource/ROS2_WS/8.ws_compro/install/cpp01_serial/share/cpp01_serial/local_setup.bash
[12.393s] -- Installing: /home/tungchiahui/mysource/ROS2_WS/8.ws_compro/install/cpp01_serial/share/cpp01_serial/local_setup.sh
[12.393s] -- Installing: /home/tungchiahui/mysource/ROS2_WS/8.ws_compro/install/cpp01_serial/share/cpp01_serial/local_setup.zsh
[12.394s] -- Installing: /home/tungchiahui/mysource/ROS2_WS/8.ws_compro/install/cpp01_serial/share/cpp01_serial/local_setup.dsv
[12.394s] -- Installing: /home/tungchiahui/mysource/ROS2_WS/8.ws_compro/install/cpp01_serial/share/cpp01_serial/package.dsv
[12.394s] -- Installing: /home/tungchiahui/mysource/ROS2_WS/8.ws_compro/install/cpp01_serial/share/ament_index/resource_index/packages/cpp01_serial
[12.394s] -- Installing: /home/tungchiahui/mysource/ROS2_WS/8.ws_compro/install/cpp01_serial/share/cpp01_serial/cmake/cpp01_serialConfig.cmake
[12.395s] -- Installing: /home/tungchiahui/mysource/ROS2_WS/8.ws_compro/install/cpp01_serial/share/cpp01_serial/cmake/cpp01_serialConfig-version.cmake
[12.395s] -- Installing: /home/tungchiahui/mysource/ROS2_WS/8.ws_compro/install/cpp01_serial/share/cpp01_serial/package.xml
[12.398s] Invoked command in '/home/tungchiahui/mysource/ROS2_WS/8.ws_compro/build/cpp01_serial' returned '0': CMAKE_PREFIX_PATH=${CMAKE_PREFIX_PATH}:/opt/ros/jazzy DEBUGINFOD_URLS=https://debuginfod.ubuntu.com /usr/bin/cmake --install /home/tungchiahui/mysource/ROS2_WS/8.ws_compro/build/cpp01_serial
