[0.012s] Invoking command in '/home/tungchiahui/mysource/ros2src/3.ws01_plumbing/build/cpp04_param': CMAKE_PREFIX_PATH=/opt/ros/humble /usr/bin/cmake --build /home/tungchiahui/mysource/ros2src/3.ws01_plumbing/build/cpp04_param -- -j16 -l16
[0.095s] [35m[1mConsolidate compiler generated dependencies of target demo01_param_server[0m
[0.102s] [ 33%] Built target demo00_param
[0.102s] [ 50%] [32mBuilding CXX object CMakeFiles/demo02_param_client.dir/src/demo02_param_client.cpp.o[0m
[0.106s] [ 83%] Built target demo01_param_server
[2.115s] [100%] [32m[1mLinking CXX executable demo02_param_client[0m
[2.217s] [100%] Built target demo02_param_client
[2.224s] Invoked command in '/home/tungchiahui/mysource/ros2src/3.ws01_plumbing/build/cpp04_param' returned '0': CMAKE_PREFIX_PATH=/opt/ros/humble /usr/bin/cmake --build /home/tungchiahui/mysource/ros2src/3.ws01_plumbing/build/cpp04_param -- -j16 -l16
[2.245s] Invoking command in '/home/tungchiahui/mysource/ros2src/3.ws01_plumbing/build/cpp04_param': CMAKE_PREFIX_PATH=/opt/ros/humble /usr/bin/cmake --install /home/tungchiahui/mysource/ros2src/3.ws01_plumbing/build/cpp04_param
[2.250s] -- Install configuration: ""
[2.251s] -- Up-to-date: /home/tungchiahui/mysource/ros2src/3.ws01_plumbing/install/cpp04_param/lib/cpp04_param/demo00_param
[2.252s] -- Up-to-date: /home/tungchiahui/mysource/ros2src/3.ws01_plumbing/install/cpp04_param/lib/cpp04_param/demo01_param_server
[2.252s] -- Installing: /home/tungchiahui/mysource/ros2src/3.ws01_plumbing/install/cpp04_param/lib/cpp04_param/demo02_param_client
[2.253s] -- Set runtime path of "/home/tungchiahui/mysource/ros2src/3.ws01_plumbing/install/cpp04_param/lib/cpp04_param/demo02_param_client" to ""
[2.253s] -- Up-to-date: /home/tungchiahui/mysource/ros2src/3.ws01_plumbing/install/cpp04_param/share/ament_index/resource_index/package_run_dependencies/cpp04_param
[2.253s] -- Up-to-date: /home/tungchiahui/mysource/ros2src/3.ws01_plumbing/install/cpp04_param/share/ament_index/resource_index/parent_prefix_path/cpp04_param
[2.253s] -- Up-to-date: /home/tungchiahui/mysource/ros2src/3.ws01_plumbing/install/cpp04_param/share/cpp04_param/environment/ament_prefix_path.sh
[2.253s] -- Up-to-date: /home/tungchiahui/mysource/ros2src/3.ws01_plumbing/install/cpp04_param/share/cpp04_param/environment/ament_prefix_path.dsv
[2.253s] -- Up-to-date: /home/tungchiahui/mysource/ros2src/3.ws01_plumbing/install/cpp04_param/share/cpp04_param/environment/path.sh
[2.253s] -- Up-to-date: /home/tungchiahui/mysource/ros2src/3.ws01_plumbing/install/cpp04_param/share/cpp04_param/environment/path.dsv
[2.253s] -- Up-to-date: /home/tungchiahui/mysource/ros2src/3.ws01_plumbing/install/cpp04_param/share/cpp04_param/local_setup.bash
[2.254s] -- Up-to-date: /home/tungchiahui/mysource/ros2src/3.ws01_plumbing/install/cpp04_param/share/cpp04_param/local_setup.sh
[2.254s] -- Up-to-date: /home/tungchiahui/mysource/ros2src/3.ws01_plumbing/install/cpp04_param/share/cpp04_param/local_setup.zsh
[2.254s] -- Up-to-date: /home/tungchiahui/mysource/ros2src/3.ws01_plumbing/install/cpp04_param/share/cpp04_param/local_setup.dsv
[2.254s] -- Installing: /home/tungchiahui/mysource/ros2src/3.ws01_plumbing/install/cpp04_param/share/cpp04_param/package.dsv
[2.254s] -- Up-to-date: /home/tungchiahui/mysource/ros2src/3.ws01_plumbing/install/cpp04_param/share/ament_index/resource_index/packages/cpp04_param
[2.254s] -- Up-to-date: /home/tungchiahui/mysource/ros2src/3.ws01_plumbing/install/cpp04_param/share/cpp04_param/cmake/cpp04_paramConfig.cmake
[2.254s] -- Up-to-date: /home/tungchiahui/mysource/ros2src/3.ws01_plumbing/install/cpp04_param/share/cpp04_param/cmake/cpp04_paramConfig-version.cmake
[2.254s] -- Up-to-date: /home/tungchiahui/mysource/ros2src/3.ws01_plumbing/install/cpp04_param/share/cpp04_param/package.xml
[2.255s] Invoked command in '/home/tungchiahui/mysource/ros2src/3.ws01_plumbing/build/cpp04_param' returned '0': CMAKE_PREFIX_PATH=/opt/ros/humble /usr/bin/cmake --install /home/tungchiahui/mysource/ros2src/3.ws01_plumbing/build/cpp04_param
