[0.535s] DEBUG:colcon:Command line arguments: ['/usr/bin/colcon', 'build']
[0.535s] DEBUG:colcon:Parsed command line arguments: Namespace(log_base=None, log_level=None, verb_name='build', build_base='build', install_base='install', merge_install=False, symlink_install=False, test_result_base=None, continue_on_error=False, executor='parallel', parallel_workers=16, event_handlers=None, ignore_user_meta=False, metas=['./colcon.meta'], base_paths=['.'], packages_ignore=None, packages_ignore_regex=None, paths=None, packages_up_to=None, packages_up_to_regex=None, packages_above=None, packages_above_and_dependencies=None, packages_above_depth=None, packages_select_by_dep=None, packages_skip_by_dep=None, packages_skip_up_to=None, packages_select_build_failed=False, packages_skip_build_finished=False, packages_select_test_failures=False, packages_skip_test_passed=False, packages_select=None, packages_skip=None, packages_select_regex=None, packages_skip_regex=None, packages_start=None, packages_end=None, allow_overriding=[], cmake_args=None, cmake_target=None, cmake_target_skip_unavailable=False, cmake_clean_cache=False, cmake_clean_first=False, cmake_force_configure=False, ament_cmake_args=None, catkin_cmake_args=None, catkin_skip_building_tests=False, verb_parser=<colcon_defaults.argument_parser.defaults.DefaultArgumentsDecorator object at 0x7fd96f2b9090>, verb_extension=<colcon_core.verb.build.BuildVerb object at 0x7fd96f2bb610>, main=<bound method BuildVerb.main of <colcon_core.verb.build.BuildVerb object at 0x7fd96f2bb610>>)
[0.561s] Level 1:colcon.colcon_core.package_discovery:discover_packages(colcon_meta) check parameters
[0.561s] Level 1:colcon.colcon_core.package_discovery:discover_packages(recursive) check parameters
[0.561s] Level 1:colcon.colcon_core.package_discovery:discover_packages(ignore) check parameters
[0.561s] Level 1:colcon.colcon_core.package_discovery:discover_packages(path) check parameters
[0.561s] Level 1:colcon.colcon_core.package_discovery:discover_packages(colcon_meta) discover
[0.561s] Level 1:colcon.colcon_core.package_discovery:discover_packages(recursive) discover
[0.561s] INFO:colcon.colcon_core.package_discovery:Crawling recursively for packages in '/home/tungchiahui/user/mysource/ros2src/5.opencv_demo_ws'
[0.561s] Level 1:colcon.colcon_core.package_identification:_identify(.) by extensions ['ignore', 'ignore_ament_install']
[0.561s] Level 1:colcon.colcon_core.package_identification:_identify(.) by extension 'ignore'
[0.561s] Level 1:colcon.colcon_core.package_identification:_identify(.) by extension 'ignore_ament_install'
[0.561s] Level 1:colcon.colcon_core.package_identification:_identify(.) by extensions ['colcon_pkg']
[0.561s] Level 1:colcon.colcon_core.package_identification:_identify(.) by extension 'colcon_pkg'
[0.561s] Level 1:colcon.colcon_core.package_identification:_identify(.) by extensions ['colcon_meta']
[0.561s] Level 1:colcon.colcon_core.package_identification:_identify(.) by extension 'colcon_meta'
[0.561s] Level 1:colcon.colcon_core.package_identification:_identify(.) by extensions ['ros']
[0.561s] Level 1:colcon.colcon_core.package_identification:_identify(.) by extension 'ros'
[0.568s] Level 1:colcon.colcon_core.package_identification:_identify(.) by extensions ['cmake', 'python']
[0.568s] Level 1:colcon.colcon_core.package_identification:_identify(.) by extension 'cmake'
[0.569s] Level 1:colcon.colcon_core.package_identification:_identify(.) by extension 'python'
[0.569s] Level 1:colcon.colcon_core.package_identification:_identify(.) by extensions ['python_setup_py']
[0.569s] Level 1:colcon.colcon_core.package_identification:_identify(.) by extension 'python_setup_py'
[0.569s] Level 1:colcon.colcon_core.package_identification:_identify(build) by extensions ['ignore', 'ignore_ament_install']
[0.569s] Level 1:colcon.colcon_core.package_identification:_identify(build) by extension 'ignore'
[0.569s] Level 1:colcon.colcon_core.package_identification:_identify(build) ignored
[0.569s] Level 1:colcon.colcon_core.package_identification:_identify(install) by extensions ['ignore', 'ignore_ament_install']
[0.569s] Level 1:colcon.colcon_core.package_identification:_identify(install) by extension 'ignore'
[0.569s] Level 1:colcon.colcon_core.package_identification:_identify(install) ignored
[0.569s] Level 1:colcon.colcon_core.package_identification:_identify(log) by extensions ['ignore', 'ignore_ament_install']
[0.569s] Level 1:colcon.colcon_core.package_identification:_identify(log) by extension 'ignore'
[0.569s] Level 1:colcon.colcon_core.package_identification:_identify(log) ignored
[0.569s] Level 1:colcon.colcon_core.package_identification:_identify(media) by extensions ['ignore', 'ignore_ament_install']
[0.569s] Level 1:colcon.colcon_core.package_identification:_identify(media) by extension 'ignore'
[0.569s] Level 1:colcon.colcon_core.package_identification:_identify(media) by extension 'ignore_ament_install'
[0.569s] Level 1:colcon.colcon_core.package_identification:_identify(media) by extensions ['colcon_pkg']
[0.569s] Level 1:colcon.colcon_core.package_identification:_identify(media) by extension 'colcon_pkg'
[0.569s] Level 1:colcon.colcon_core.package_identification:_identify(media) by extensions ['colcon_meta']
[0.569s] Level 1:colcon.colcon_core.package_identification:_identify(media) by extension 'colcon_meta'
[0.569s] Level 1:colcon.colcon_core.package_identification:_identify(media) by extensions ['ros']
[0.569s] Level 1:colcon.colcon_core.package_identification:_identify(media) by extension 'ros'
[0.569s] Level 1:colcon.colcon_core.package_identification:_identify(media) by extensions ['cmake', 'python']
[0.569s] Level 1:colcon.colcon_core.package_identification:_identify(media) by extension 'cmake'
[0.569s] Level 1:colcon.colcon_core.package_identification:_identify(media) by extension 'python'
[0.569s] Level 1:colcon.colcon_core.package_identification:_identify(media) by extensions ['python_setup_py']
[0.569s] Level 1:colcon.colcon_core.package_identification:_identify(media) by extension 'python_setup_py'
[0.569s] Level 1:colcon.colcon_core.package_identification:_identify(src) by extensions ['ignore', 'ignore_ament_install']
[0.570s] Level 1:colcon.colcon_core.package_identification:_identify(src) by extension 'ignore'
[0.570s] Level 1:colcon.colcon_core.package_identification:_identify(src) by extension 'ignore_ament_install'
[0.570s] Level 1:colcon.colcon_core.package_identification:_identify(src) by extensions ['colcon_pkg']
[0.570s] Level 1:colcon.colcon_core.package_identification:_identify(src) by extension 'colcon_pkg'
[0.570s] Level 1:colcon.colcon_core.package_identification:_identify(src) by extensions ['colcon_meta']
[0.570s] Level 1:colcon.colcon_core.package_identification:_identify(src) by extension 'colcon_meta'
[0.570s] Level 1:colcon.colcon_core.package_identification:_identify(src) by extensions ['ros']
[0.570s] Level 1:colcon.colcon_core.package_identification:_identify(src) by extension 'ros'
[0.570s] Level 1:colcon.colcon_core.package_identification:_identify(src) by extensions ['cmake', 'python']
[0.570s] Level 1:colcon.colcon_core.package_identification:_identify(src) by extension 'cmake'
[0.570s] Level 1:colcon.colcon_core.package_identification:_identify(src) by extension 'python'
[0.570s] Level 1:colcon.colcon_core.package_identification:_identify(src) by extensions ['python_setup_py']
[0.570s] Level 1:colcon.colcon_core.package_identification:_identify(src) by extension 'python_setup_py'
[0.570s] Level 1:colcon.colcon_core.package_identification:_identify(src/opencv_demo1_0_show_image) by extensions ['ignore', 'ignore_ament_install']
[0.570s] Level 1:colcon.colcon_core.package_identification:_identify(src/opencv_demo1_0_show_image) by extension 'ignore'
[0.570s] Level 1:colcon.colcon_core.package_identification:_identify(src/opencv_demo1_0_show_image) by extension 'ignore_ament_install'
[0.570s] Level 1:colcon.colcon_core.package_identification:_identify(src/opencv_demo1_0_show_image) by extensions ['colcon_pkg']
[0.570s] Level 1:colcon.colcon_core.package_identification:_identify(src/opencv_demo1_0_show_image) by extension 'colcon_pkg'
[0.570s] Level 1:colcon.colcon_core.package_identification:_identify(src/opencv_demo1_0_show_image) by extensions ['colcon_meta']
[0.570s] Level 1:colcon.colcon_core.package_identification:_identify(src/opencv_demo1_0_show_image) by extension 'colcon_meta'
[0.570s] Level 1:colcon.colcon_core.package_identification:_identify(src/opencv_demo1_0_show_image) by extensions ['ros']
[0.570s] Level 1:colcon.colcon_core.package_identification:_identify(src/opencv_demo1_0_show_image) by extension 'ros'
[0.572s] DEBUG:colcon.colcon_core.package_identification:Package 'src/opencv_demo1_0_show_image' with type 'ros.ament_cmake' and name 'opencv_demo1_0_show_image'
[0.572s] Level 1:colcon.colcon_core.package_identification:_identify(src/opencv_demo2_0_video_capture) by extensions ['ignore', 'ignore_ament_install']
[0.572s] Level 1:colcon.colcon_core.package_identification:_identify(src/opencv_demo2_0_video_capture) by extension 'ignore'
[0.572s] Level 1:colcon.colcon_core.package_identification:_identify(src/opencv_demo2_0_video_capture) by extension 'ignore_ament_install'
[0.572s] Level 1:colcon.colcon_core.package_identification:_identify(src/opencv_demo2_0_video_capture) by extensions ['colcon_pkg']
[0.572s] Level 1:colcon.colcon_core.package_identification:_identify(src/opencv_demo2_0_video_capture) by extension 'colcon_pkg'
[0.572s] Level 1:colcon.colcon_core.package_identification:_identify(src/opencv_demo2_0_video_capture) by extensions ['colcon_meta']
[0.572s] Level 1:colcon.colcon_core.package_identification:_identify(src/opencv_demo2_0_video_capture) by extension 'colcon_meta'
[0.572s] Level 1:colcon.colcon_core.package_identification:_identify(src/opencv_demo2_0_video_capture) by extensions ['ros']
[0.572s] Level 1:colcon.colcon_core.package_identification:_identify(src/opencv_demo2_0_video_capture) by extension 'ros'
[0.572s] DEBUG:colcon.colcon_core.package_identification:Package 'src/opencv_demo2_0_video_capture' with type 'ros.ament_cmake' and name 'opencv_demo2_0_video_capture'
[0.573s] Level 1:colcon.colcon_core.package_identification:_identify(src/opencv_demo3_0_save_media_file) by extensions ['ignore', 'ignore_ament_install']
[0.573s] Level 1:colcon.colcon_core.package_identification:_identify(src/opencv_demo3_0_save_media_file) by extension 'ignore'
[0.573s] Level 1:colcon.colcon_core.package_identification:_identify(src/opencv_demo3_0_save_media_file) by extension 'ignore_ament_install'
[0.573s] Level 1:colcon.colcon_core.package_identification:_identify(src/opencv_demo3_0_save_media_file) by extensions ['colcon_pkg']
[0.573s] Level 1:colcon.colcon_core.package_identification:_identify(src/opencv_demo3_0_save_media_file) by extension 'colcon_pkg'
[0.573s] Level 1:colcon.colcon_core.package_identification:_identify(src/opencv_demo3_0_save_media_file) by extensions ['colcon_meta']
[0.573s] Level 1:colcon.colcon_core.package_identification:_identify(src/opencv_demo3_0_save_media_file) by extension 'colcon_meta'
[0.573s] Level 1:colcon.colcon_core.package_identification:_identify(src/opencv_demo3_0_save_media_file) by extensions ['ros']
[0.573s] Level 1:colcon.colcon_core.package_identification:_identify(src/opencv_demo3_0_save_media_file) by extension 'ros'
[0.573s] DEBUG:colcon.colcon_core.package_identification:Package 'src/opencv_demo3_0_save_media_file' with type 'ros.ament_cmake' and name 'opencv_demo3_0_save_media_file'
[0.573s] Level 1:colcon.colcon_core.package_identification:_identify(src/opencv_demo3_1_color_space) by extensions ['ignore', 'ignore_ament_install']
[0.573s] Level 1:colcon.colcon_core.package_identification:_identify(src/opencv_demo3_1_color_space) by extension 'ignore'
[0.573s] Level 1:colcon.colcon_core.package_identification:_identify(src/opencv_demo3_1_color_space) by extension 'ignore_ament_install'
[0.573s] Level 1:colcon.colcon_core.package_identification:_identify(src/opencv_demo3_1_color_space) by extensions ['colcon_pkg']
[0.573s] Level 1:colcon.colcon_core.package_identification:_identify(src/opencv_demo3_1_color_space) by extension 'colcon_pkg'
[0.573s] Level 1:colcon.colcon_core.package_identification:_identify(src/opencv_demo3_1_color_space) by extensions ['colcon_meta']
[0.573s] Level 1:colcon.colcon_core.package_identification:_identify(src/opencv_demo3_1_color_space) by extension 'colcon_meta'
[0.573s] Level 1:colcon.colcon_core.package_identification:_identify(src/opencv_demo3_1_color_space) by extensions ['ros']
[0.573s] Level 1:colcon.colcon_core.package_identification:_identify(src/opencv_demo3_1_color_space) by extension 'ros'
[0.574s] DEBUG:colcon.colcon_core.package_identification:Package 'src/opencv_demo3_1_color_space' with type 'ros.ament_cmake' and name 'opencv_demo3_1_color_space'
[0.574s] Level 1:colcon.colcon_core.package_discovery:discover_packages(recursive) using defaults
[0.574s] Level 1:colcon.colcon_core.package_discovery:discover_packages(ignore) discover
[0.574s] Level 1:colcon.colcon_core.package_discovery:discover_packages(ignore) using defaults
[0.574s] Level 1:colcon.colcon_core.package_discovery:discover_packages(path) discover
[0.574s] Level 1:colcon.colcon_core.package_discovery:discover_packages(path) using defaults
[0.623s] Level 1:colcon.colcon_core.package_discovery:discover_packages(prefix_path) check parameters
[0.623s] Level 1:colcon.colcon_core.package_discovery:discover_packages(prefix_path) discover
[0.639s] DEBUG:colcon.colcon_installed_package_information.package_discovery:Found 270 installed packages in /opt/ros/humble
[0.640s] Level 1:colcon.colcon_core.package_discovery:discover_packages(prefix_path) using defaults
[0.696s] Level 5:colcon.colcon_core.verb:set package 'opencv_demo1_0_show_image' build argument 'cmake_args' from command line to 'None'
[0.696s] Level 5:colcon.colcon_core.verb:set package 'opencv_demo1_0_show_image' build argument 'cmake_target' from command line to 'None'
[0.696s] Level 5:colcon.colcon_core.verb:set package 'opencv_demo1_0_show_image' build argument 'cmake_target_skip_unavailable' from command line to 'False'
[0.696s] Level 5:colcon.colcon_core.verb:set package 'opencv_demo1_0_show_image' build argument 'cmake_clean_cache' from command line to 'False'
[0.696s] Level 5:colcon.colcon_core.verb:set package 'opencv_demo1_0_show_image' build argument 'cmake_clean_first' from command line to 'False'
[0.696s] Level 5:colcon.colcon_core.verb:set package 'opencv_demo1_0_show_image' build argument 'cmake_force_configure' from command line to 'False'
[0.696s] Level 5:colcon.colcon_core.verb:set package 'opencv_demo1_0_show_image' build argument 'ament_cmake_args' from command line to 'None'
[0.696s] Level 5:colcon.colcon_core.verb:set package 'opencv_demo1_0_show_image' build argument 'catkin_cmake_args' from command line to 'None'
[0.696s] Level 5:colcon.colcon_core.verb:set package 'opencv_demo1_0_show_image' build argument 'catkin_skip_building_tests' from command line to 'False'
[0.696s] DEBUG:colcon.colcon_core.verb:Building package 'opencv_demo1_0_show_image' with the following arguments: {'ament_cmake_args': None, 'build_base': '/home/tungchiahui/user/mysource/ros2src/5.opencv_demo_ws/build/opencv_demo1_0_show_image', 'catkin_cmake_args': None, 'catkin_skip_building_tests': False, 'cmake_args': None, 'cmake_clean_cache': False, 'cmake_clean_first': False, 'cmake_force_configure': False, 'cmake_target': None, 'cmake_target_skip_unavailable': False, 'install_base': '/home/tungchiahui/user/mysource/ros2src/5.opencv_demo_ws/install/opencv_demo1_0_show_image', 'merge_install': False, 'path': '/home/tungchiahui/user/mysource/ros2src/5.opencv_demo_ws/src/opencv_demo1_0_show_image', 'symlink_install': False, 'test_result_base': None}
[0.704s] Level 5:colcon.colcon_core.verb:set package 'opencv_demo2_0_video_capture' build argument 'cmake_args' from command line to 'None'
[0.704s] Level 5:colcon.colcon_core.verb:set package 'opencv_demo2_0_video_capture' build argument 'cmake_target' from command line to 'None'
[0.704s] Level 5:colcon.colcon_core.verb:set package 'opencv_demo2_0_video_capture' build argument 'cmake_target_skip_unavailable' from command line to 'False'
[0.704s] Level 5:colcon.colcon_core.verb:set package 'opencv_demo2_0_video_capture' build argument 'cmake_clean_cache' from command line to 'False'
[0.704s] Level 5:colcon.colcon_core.verb:set package 'opencv_demo2_0_video_capture' build argument 'cmake_clean_first' from command line to 'False'
[0.704s] Level 5:colcon.colcon_core.verb:set package 'opencv_demo2_0_video_capture' build argument 'cmake_force_configure' from command line to 'False'
[0.704s] Level 5:colcon.colcon_core.verb:set package 'opencv_demo2_0_video_capture' build argument 'ament_cmake_args' from command line to 'None'
[0.704s] Level 5:colcon.colcon_core.verb:set package 'opencv_demo2_0_video_capture' build argument 'catkin_cmake_args' from command line to 'None'
[0.704s] Level 5:colcon.colcon_core.verb:set package 'opencv_demo2_0_video_capture' build argument 'catkin_skip_building_tests' from command line to 'False'
[0.704s] DEBUG:colcon.colcon_core.verb:Building package 'opencv_demo2_0_video_capture' with the following arguments: {'ament_cmake_args': None, 'build_base': '/home/tungchiahui/user/mysource/ros2src/5.opencv_demo_ws/build/opencv_demo2_0_video_capture', 'catkin_cmake_args': None, 'catkin_skip_building_tests': False, 'cmake_args': None, 'cmake_clean_cache': False, 'cmake_clean_first': False, 'cmake_force_configure': False, 'cmake_target': None, 'cmake_target_skip_unavailable': False, 'install_base': '/home/tungchiahui/user/mysource/ros2src/5.opencv_demo_ws/install/opencv_demo2_0_video_capture', 'merge_install': False, 'path': '/home/tungchiahui/user/mysource/ros2src/5.opencv_demo_ws/src/opencv_demo2_0_video_capture', 'symlink_install': False, 'test_result_base': None}
[0.712s] Level 5:colcon.colcon_core.verb:set package 'opencv_demo3_0_save_media_file' build argument 'cmake_args' from command line to 'None'
[0.712s] Level 5:colcon.colcon_core.verb:set package 'opencv_demo3_0_save_media_file' build argument 'cmake_target' from command line to 'None'
[0.712s] Level 5:colcon.colcon_core.verb:set package 'opencv_demo3_0_save_media_file' build argument 'cmake_target_skip_unavailable' from command line to 'False'
[0.712s] Level 5:colcon.colcon_core.verb:set package 'opencv_demo3_0_save_media_file' build argument 'cmake_clean_cache' from command line to 'False'
[0.712s] Level 5:colcon.colcon_core.verb:set package 'opencv_demo3_0_save_media_file' build argument 'cmake_clean_first' from command line to 'False'
[0.712s] Level 5:colcon.colcon_core.verb:set package 'opencv_demo3_0_save_media_file' build argument 'cmake_force_configure' from command line to 'False'
[0.712s] Level 5:colcon.colcon_core.verb:set package 'opencv_demo3_0_save_media_file' build argument 'ament_cmake_args' from command line to 'None'
[0.712s] Level 5:colcon.colcon_core.verb:set package 'opencv_demo3_0_save_media_file' build argument 'catkin_cmake_args' from command line to 'None'
[0.712s] Level 5:colcon.colcon_core.verb:set package 'opencv_demo3_0_save_media_file' build argument 'catkin_skip_building_tests' from command line to 'False'
[0.712s] DEBUG:colcon.colcon_core.verb:Building package 'opencv_demo3_0_save_media_file' with the following arguments: {'ament_cmake_args': None, 'build_base': '/home/tungchiahui/user/mysource/ros2src/5.opencv_demo_ws/build/opencv_demo3_0_save_media_file', 'catkin_cmake_args': None, 'catkin_skip_building_tests': False, 'cmake_args': None, 'cmake_clean_cache': False, 'cmake_clean_first': False, 'cmake_force_configure': False, 'cmake_target': None, 'cmake_target_skip_unavailable': False, 'install_base': '/home/tungchiahui/user/mysource/ros2src/5.opencv_demo_ws/install/opencv_demo3_0_save_media_file', 'merge_install': False, 'path': '/home/tungchiahui/user/mysource/ros2src/5.opencv_demo_ws/src/opencv_demo3_0_save_media_file', 'symlink_install': False, 'test_result_base': None}
[0.719s] Level 5:colcon.colcon_core.verb:set package 'opencv_demo3_1_color_space' build argument 'cmake_args' from command line to 'None'
[0.719s] Level 5:colcon.colcon_core.verb:set package 'opencv_demo3_1_color_space' build argument 'cmake_target' from command line to 'None'
[0.719s] Level 5:colcon.colcon_core.verb:set package 'opencv_demo3_1_color_space' build argument 'cmake_target_skip_unavailable' from command line to 'False'
[0.720s] Level 5:colcon.colcon_core.verb:set package 'opencv_demo3_1_color_space' build argument 'cmake_clean_cache' from command line to 'False'
[0.720s] Level 5:colcon.colcon_core.verb:set package 'opencv_demo3_1_color_space' build argument 'cmake_clean_first' from command line to 'False'
[0.720s] Level 5:colcon.colcon_core.verb:set package 'opencv_demo3_1_color_space' build argument 'cmake_force_configure' from command line to 'False'
[0.720s] Level 5:colcon.colcon_core.verb:set package 'opencv_demo3_1_color_space' build argument 'ament_cmake_args' from command line to 'None'
[0.720s] Level 5:colcon.colcon_core.verb:set package 'opencv_demo3_1_color_space' build argument 'catkin_cmake_args' from command line to 'None'
[0.720s] Level 5:colcon.colcon_core.verb:set package 'opencv_demo3_1_color_space' build argument 'catkin_skip_building_tests' from command line to 'False'
[0.720s] DEBUG:colcon.colcon_core.verb:Building package 'opencv_demo3_1_color_space' with the following arguments: {'ament_cmake_args': None, 'build_base': '/home/tungchiahui/user/mysource/ros2src/5.opencv_demo_ws/build/opencv_demo3_1_color_space', 'catkin_cmake_args': None, 'catkin_skip_building_tests': False, 'cmake_args': None, 'cmake_clean_cache': False, 'cmake_clean_first': False, 'cmake_force_configure': False, 'cmake_target': None, 'cmake_target_skip_unavailable': False, 'install_base': '/home/tungchiahui/user/mysource/ros2src/5.opencv_demo_ws/install/opencv_demo3_1_color_space', 'merge_install': False, 'path': '/home/tungchiahui/user/mysource/ros2src/5.opencv_demo_ws/src/opencv_demo3_1_color_space', 'symlink_install': False, 'test_result_base': None}
[0.727s] INFO:colcon.colcon_core.executor:Executing jobs using 'parallel' executor
[0.735s] DEBUG:colcon.colcon_parallel_executor.executor.parallel:run_until_complete
[0.735s] INFO:colcon.colcon_ros.task.ament_cmake.build:Building ROS package in '/home/tungchiahui/user/mysource/ros2src/5.opencv_demo_ws/src/opencv_demo1_0_show_image' with build type 'ament_cmake'
[0.735s] INFO:colcon.colcon_cmake.task.cmake.build:Building CMake package in '/home/tungchiahui/user/mysource/ros2src/5.opencv_demo_ws/src/opencv_demo1_0_show_image'
[0.744s] INFO:colcon.colcon_core.plugin_system:Skipping extension 'colcon_core.shell.bat': Not used on non-Windows systems
[0.744s] INFO:colcon.colcon_core.shell:Skip shell extension 'powershell' for command environment: Not usable outside of PowerShell
[0.744s] DEBUG:colcon.colcon_core.shell:Skip shell extension 'dsv' for command environment
[0.762s] INFO:colcon.colcon_ros.task.ament_cmake.build:Building ROS package in '/home/tungchiahui/user/mysource/ros2src/5.opencv_demo_ws/src/opencv_demo2_0_video_capture' with build type 'ament_cmake'
[0.762s] INFO:colcon.colcon_cmake.task.cmake.build:Building CMake package in '/home/tungchiahui/user/mysource/ros2src/5.opencv_demo_ws/src/opencv_demo2_0_video_capture'
[0.770s] INFO:colcon.colcon_core.shell:Skip shell extension 'powershell' for command environment: Not usable outside of PowerShell
[0.771s] DEBUG:colcon.colcon_core.shell:Skip shell extension 'dsv' for command environment
[0.789s] INFO:colcon.colcon_ros.task.ament_cmake.build:Building ROS package in '/home/tungchiahui/user/mysource/ros2src/5.opencv_demo_ws/src/opencv_demo3_0_save_media_file' with build type 'ament_cmake'
[0.789s] INFO:colcon.colcon_cmake.task.cmake.build:Building CMake package in '/home/tungchiahui/user/mysource/ros2src/5.opencv_demo_ws/src/opencv_demo3_0_save_media_file'
[0.798s] INFO:colcon.colcon_core.shell:Skip shell extension 'powershell' for command environment: Not usable outside of PowerShell
[0.798s] DEBUG:colcon.colcon_core.shell:Skip shell extension 'dsv' for command environment
[0.816s] INFO:colcon.colcon_ros.task.ament_cmake.build:Building ROS package in '/home/tungchiahui/user/mysource/ros2src/5.opencv_demo_ws/src/opencv_demo3_1_color_space' with build type 'ament_cmake'
[0.816s] INFO:colcon.colcon_cmake.task.cmake.build:Building CMake package in '/home/tungchiahui/user/mysource/ros2src/5.opencv_demo_ws/src/opencv_demo3_1_color_space'
[0.824s] INFO:colcon.colcon_core.shell:Skip shell extension 'powershell' for command environment: Not usable outside of PowerShell
[0.824s] DEBUG:colcon.colcon_core.shell:Skip shell extension 'dsv' for command environment
[0.846s] DEBUG:colcon.colcon_core.event_handler.log_command:Invoking command in '/home/tungchiahui/user/mysource/ros2src/5.opencv_demo_ws/build/opencv_demo1_0_show_image': CMAKE_PREFIX_PATH=/opt/ros/humble /usr/bin/cmake /home/tungchiahui/user/mysource/ros2src/5.opencv_demo_ws/src/opencv_demo1_0_show_image -DCMAKE_INSTALL_PREFIX=/home/tungchiahui/user/mysource/ros2src/5.opencv_demo_ws/install/opencv_demo1_0_show_image
[0.848s] DEBUG:colcon.colcon_core.event_handler.log_command:Invoking command in '/home/tungchiahui/user/mysource/ros2src/5.opencv_demo_ws/build/opencv_demo2_0_video_capture': CMAKE_PREFIX_PATH=/opt/ros/humble /usr/bin/cmake /home/tungchiahui/user/mysource/ros2src/5.opencv_demo_ws/src/opencv_demo2_0_video_capture -DCMAKE_INSTALL_PREFIX=/home/tungchiahui/user/mysource/ros2src/5.opencv_demo_ws/install/opencv_demo2_0_video_capture
[0.850s] DEBUG:colcon.colcon_core.event_handler.log_command:Invoking command in '/home/tungchiahui/user/mysource/ros2src/5.opencv_demo_ws/build/opencv_demo3_0_save_media_file': CMAKE_PREFIX_PATH=/opt/ros/humble /usr/bin/cmake /home/tungchiahui/user/mysource/ros2src/5.opencv_demo_ws/src/opencv_demo3_0_save_media_file -DCMAKE_INSTALL_PREFIX=/home/tungchiahui/user/mysource/ros2src/5.opencv_demo_ws/install/opencv_demo3_0_save_media_file
[0.851s] DEBUG:colcon.colcon_core.event_handler.log_command:Invoking command in '/home/tungchiahui/user/mysource/ros2src/5.opencv_demo_ws/build/opencv_demo3_1_color_space': CMAKE_PREFIX_PATH=/opt/ros/humble /usr/bin/cmake /home/tungchiahui/user/mysource/ros2src/5.opencv_demo_ws/src/opencv_demo3_1_color_space -DCMAKE_INSTALL_PREFIX=/home/tungchiahui/user/mysource/ros2src/5.opencv_demo_ws/install/opencv_demo3_1_color_space
[1.848s] DEBUG:colcon.colcon_core.event_handler.log_command:Invoked command in '/home/tungchiahui/user/mysource/ros2src/5.opencv_demo_ws/build/opencv_demo1_0_show_image' returned '0': CMAKE_PREFIX_PATH=/opt/ros/humble /usr/bin/cmake /home/tungchiahui/user/mysource/ros2src/5.opencv_demo_ws/src/opencv_demo1_0_show_image -DCMAKE_INSTALL_PREFIX=/home/tungchiahui/user/mysource/ros2src/5.opencv_demo_ws/install/opencv_demo1_0_show_image
[1.850s] DEBUG:colcon.colcon_core.event_handler.log_command:Invoking command in '/home/tungchiahui/user/mysource/ros2src/5.opencv_demo_ws/build/opencv_demo1_0_show_image': CMAKE_PREFIX_PATH=/opt/ros/humble /usr/bin/cmake --build /home/tungchiahui/user/mysource/ros2src/5.opencv_demo_ws/build/opencv_demo1_0_show_image -- -j16 -l16
[1.866s] DEBUG:colcon.colcon_core.event_handler.log_command:Invoked command in '/home/tungchiahui/user/mysource/ros2src/5.opencv_demo_ws/build/opencv_demo3_1_color_space' returned '0': CMAKE_PREFIX_PATH=/opt/ros/humble /usr/bin/cmake /home/tungchiahui/user/mysource/ros2src/5.opencv_demo_ws/src/opencv_demo3_1_color_space -DCMAKE_INSTALL_PREFIX=/home/tungchiahui/user/mysource/ros2src/5.opencv_demo_ws/install/opencv_demo3_1_color_space
[1.867s] DEBUG:colcon.colcon_core.event_handler.log_command:Invoking command in '/home/tungchiahui/user/mysource/ros2src/5.opencv_demo_ws/build/opencv_demo3_1_color_space': CMAKE_PREFIX_PATH=/opt/ros/humble /usr/bin/cmake --build /home/tungchiahui/user/mysource/ros2src/5.opencv_demo_ws/build/opencv_demo3_1_color_space -- -j16 -l16
[1.873s] DEBUG:colcon.colcon_core.event_handler.log_command:Invoked command in '/home/tungchiahui/user/mysource/ros2src/5.opencv_demo_ws/build/opencv_demo2_0_video_capture' returned '0': CMAKE_PREFIX_PATH=/opt/ros/humble /usr/bin/cmake /home/tungchiahui/user/mysource/ros2src/5.opencv_demo_ws/src/opencv_demo2_0_video_capture -DCMAKE_INSTALL_PREFIX=/home/tungchiahui/user/mysource/ros2src/5.opencv_demo_ws/install/opencv_demo2_0_video_capture
[1.875s] DEBUG:colcon.colcon_core.event_handler.log_command:Invoking command in '/home/tungchiahui/user/mysource/ros2src/5.opencv_demo_ws/build/opencv_demo2_0_video_capture': CMAKE_PREFIX_PATH=/opt/ros/humble /usr/bin/cmake --build /home/tungchiahui/user/mysource/ros2src/5.opencv_demo_ws/build/opencv_demo2_0_video_capture -- -j16 -l16
[1.875s] DEBUG:colcon.colcon_core.event_handler.log_command:Invoked command in '/home/tungchiahui/user/mysource/ros2src/5.opencv_demo_ws/build/opencv_demo3_0_save_media_file' returned '0': CMAKE_PREFIX_PATH=/opt/ros/humble /usr/bin/cmake /home/tungchiahui/user/mysource/ros2src/5.opencv_demo_ws/src/opencv_demo3_0_save_media_file -DCMAKE_INSTALL_PREFIX=/home/tungchiahui/user/mysource/ros2src/5.opencv_demo_ws/install/opencv_demo3_0_save_media_file
[1.877s] DEBUG:colcon.colcon_core.event_handler.log_command:Invoking command in '/home/tungchiahui/user/mysource/ros2src/5.opencv_demo_ws/build/opencv_demo3_0_save_media_file': CMAKE_PREFIX_PATH=/opt/ros/humble /usr/bin/cmake --build /home/tungchiahui/user/mysource/ros2src/5.opencv_demo_ws/build/opencv_demo3_0_save_media_file -- -j16 -l16
[5.893s] DEBUG:colcon.colcon_core.event_handler.log_command:Invoked command in '/home/tungchiahui/user/mysource/ros2src/5.opencv_demo_ws/build/opencv_demo2_0_video_capture' returned '0': CMAKE_PREFIX_PATH=/opt/ros/humble /usr/bin/cmake --build /home/tungchiahui/user/mysource/ros2src/5.opencv_demo_ws/build/opencv_demo2_0_video_capture -- -j16 -l16
[5.923s] DEBUG:colcon.colcon_core.event_handler.log_command:Invoking command in '/home/tungchiahui/user/mysource/ros2src/5.opencv_demo_ws/build/opencv_demo2_0_video_capture': CMAKE_PREFIX_PATH=/opt/ros/humble /usr/bin/cmake --install /home/tungchiahui/user/mysource/ros2src/5.opencv_demo_ws/build/opencv_demo2_0_video_capture
[5.931s] Level 1:colcon.colcon_core.environment:create_environment_scripts_only(opencv_demo2_0_video_capture)
[5.932s] DEBUG:colcon.colcon_core.event_handler.log_command:Invoked command in '/home/tungchiahui/user/mysource/ros2src/5.opencv_demo_ws/build/opencv_demo2_0_video_capture' returned '0': CMAKE_PREFIX_PATH=/opt/ros/humble /usr/bin/cmake --install /home/tungchiahui/user/mysource/ros2src/5.opencv_demo_ws/build/opencv_demo2_0_video_capture
[5.942s] Level 1:colcon.colcon_core.environment:checking '/home/tungchiahui/user/mysource/ros2src/5.opencv_demo_ws/install/opencv_demo2_0_video_capture' for CMake module files
[5.942s] Level 1:colcon.colcon_core.environment:checking '/home/tungchiahui/user/mysource/ros2src/5.opencv_demo_ws/install/opencv_demo2_0_video_capture' for CMake config files
[5.943s] Level 1:colcon.colcon_core.shell:create_environment_hook('opencv_demo2_0_video_capture', 'cmake_prefix_path')
[5.951s] INFO:colcon.colcon_core.shell:Creating environment hook '/home/tungchiahui/user/mysource/ros2src/5.opencv_demo_ws/install/opencv_demo2_0_video_capture/share/opencv_demo2_0_video_capture/hook/cmake_prefix_path.ps1'
[5.952s] INFO:colcon.colcon_core.shell:Creating environment descriptor '/home/tungchiahui/user/mysource/ros2src/5.opencv_demo_ws/install/opencv_demo2_0_video_capture/share/opencv_demo2_0_video_capture/hook/cmake_prefix_path.dsv'
[5.952s] INFO:colcon.colcon_core.shell:Creating environment hook '/home/tungchiahui/user/mysource/ros2src/5.opencv_demo_ws/install/opencv_demo2_0_video_capture/share/opencv_demo2_0_video_capture/hook/cmake_prefix_path.sh'
[5.953s] Level 1:colcon.colcon_core.environment:checking '/home/tungchiahui/user/mysource/ros2src/5.opencv_demo_ws/install/opencv_demo2_0_video_capture/lib'
[5.953s] Level 1:colcon.colcon_core.environment:checking '/home/tungchiahui/user/mysource/ros2src/5.opencv_demo_ws/install/opencv_demo2_0_video_capture/bin'
[5.953s] Level 1:colcon.colcon_core.environment:checking '/home/tungchiahui/user/mysource/ros2src/5.opencv_demo_ws/install/opencv_demo2_0_video_capture/lib/pkgconfig/opencv_demo2_0_video_capture.pc'
[5.954s] Level 1:colcon.colcon_core.environment:checking '/home/tungchiahui/user/mysource/ros2src/5.opencv_demo_ws/install/opencv_demo2_0_video_capture/lib/python3.10/site-packages'
[5.954s] Level 1:colcon.colcon_core.environment:checking '/home/tungchiahui/user/mysource/ros2src/5.opencv_demo_ws/install/opencv_demo2_0_video_capture/bin'
[5.964s] INFO:colcon.colcon_core.shell:Creating package script '/home/tungchiahui/user/mysource/ros2src/5.opencv_demo_ws/install/opencv_demo2_0_video_capture/share/opencv_demo2_0_video_capture/package.ps1'
[5.964s] INFO:colcon.colcon_core.shell:Creating package descriptor '/home/tungchiahui/user/mysource/ros2src/5.opencv_demo_ws/install/opencv_demo2_0_video_capture/share/opencv_demo2_0_video_capture/package.dsv'
[5.965s] INFO:colcon.colcon_core.shell:Creating package script '/home/tungchiahui/user/mysource/ros2src/5.opencv_demo_ws/install/opencv_demo2_0_video_capture/share/opencv_demo2_0_video_capture/package.sh'
[5.965s] INFO:colcon.colcon_core.shell:Creating package script '/home/tungchiahui/user/mysource/ros2src/5.opencv_demo_ws/install/opencv_demo2_0_video_capture/share/opencv_demo2_0_video_capture/package.bash'
[5.966s] INFO:colcon.colcon_core.shell:Creating package script '/home/tungchiahui/user/mysource/ros2src/5.opencv_demo_ws/install/opencv_demo2_0_video_capture/share/opencv_demo2_0_video_capture/package.zsh'
[5.966s] Level 1:colcon.colcon_core.environment:create_file_with_runtime_dependencies(/home/tungchiahui/user/mysource/ros2src/5.opencv_demo_ws/install/opencv_demo2_0_video_capture/share/colcon-core/packages/opencv_demo2_0_video_capture)
[6.004s] Level 1:colcon.colcon_core.environment:create_environment_scripts_only(opencv_demo2_0_video_capture)
[6.020s] Level 1:colcon.colcon_core.environment:checking '/home/tungchiahui/user/mysource/ros2src/5.opencv_demo_ws/install/opencv_demo2_0_video_capture' for CMake module files
[6.021s] Level 1:colcon.colcon_core.environment:checking '/home/tungchiahui/user/mysource/ros2src/5.opencv_demo_ws/install/opencv_demo2_0_video_capture' for CMake config files
[6.021s] Level 1:colcon.colcon_core.shell:create_environment_hook('opencv_demo2_0_video_capture', 'cmake_prefix_path')
[6.037s] INFO:colcon.colcon_core.shell:Creating environment hook '/home/tungchiahui/user/mysource/ros2src/5.opencv_demo_ws/install/opencv_demo2_0_video_capture/share/opencv_demo2_0_video_capture/hook/cmake_prefix_path.ps1'
[6.037s] INFO:colcon.colcon_core.shell:Creating environment descriptor '/home/tungchiahui/user/mysource/ros2src/5.opencv_demo_ws/install/opencv_demo2_0_video_capture/share/opencv_demo2_0_video_capture/hook/cmake_prefix_path.dsv'
[6.038s] INFO:colcon.colcon_core.shell:Creating environment hook '/home/tungchiahui/user/mysource/ros2src/5.opencv_demo_ws/install/opencv_demo2_0_video_capture/share/opencv_demo2_0_video_capture/hook/cmake_prefix_path.sh'
[6.038s] Level 1:colcon.colcon_core.environment:checking '/home/tungchiahui/user/mysource/ros2src/5.opencv_demo_ws/install/opencv_demo2_0_video_capture/lib'
[6.038s] Level 1:colcon.colcon_core.environment:checking '/home/tungchiahui/user/mysource/ros2src/5.opencv_demo_ws/install/opencv_demo2_0_video_capture/bin'
[6.038s] Level 1:colcon.colcon_core.environment:checking '/home/tungchiahui/user/mysource/ros2src/5.opencv_demo_ws/install/opencv_demo2_0_video_capture/lib/pkgconfig/opencv_demo2_0_video_capture.pc'
[6.039s] Level 1:colcon.colcon_core.environment:checking '/home/tungchiahui/user/mysource/ros2src/5.opencv_demo_ws/install/opencv_demo2_0_video_capture/lib/python3.10/site-packages'
[6.039s] Level 1:colcon.colcon_core.environment:checking '/home/tungchiahui/user/mysource/ros2src/5.opencv_demo_ws/install/opencv_demo2_0_video_capture/bin'
[6.052s] INFO:colcon.colcon_core.shell:Creating package script '/home/tungchiahui/user/mysource/ros2src/5.opencv_demo_ws/install/opencv_demo2_0_video_capture/share/opencv_demo2_0_video_capture/package.ps1'
[6.052s] INFO:colcon.colcon_core.shell:Creating package descriptor '/home/tungchiahui/user/mysource/ros2src/5.opencv_demo_ws/install/opencv_demo2_0_video_capture/share/opencv_demo2_0_video_capture/package.dsv'
[6.053s] INFO:colcon.colcon_core.shell:Creating package script '/home/tungchiahui/user/mysource/ros2src/5.opencv_demo_ws/install/opencv_demo2_0_video_capture/share/opencv_demo2_0_video_capture/package.sh'
[6.053s] INFO:colcon.colcon_core.shell:Creating package script '/home/tungchiahui/user/mysource/ros2src/5.opencv_demo_ws/install/opencv_demo2_0_video_capture/share/opencv_demo2_0_video_capture/package.bash'
[6.053s] INFO:colcon.colcon_core.shell:Creating package script '/home/tungchiahui/user/mysource/ros2src/5.opencv_demo_ws/install/opencv_demo2_0_video_capture/share/opencv_demo2_0_video_capture/package.zsh'
[6.054s] Level 1:colcon.colcon_core.environment:create_file_with_runtime_dependencies(/home/tungchiahui/user/mysource/ros2src/5.opencv_demo_ws/install/opencv_demo2_0_video_capture/share/colcon-core/packages/opencv_demo2_0_video_capture)
[6.677s] DEBUG:colcon.colcon_core.event_handler.log_command:Invoked command in '/home/tungchiahui/user/mysource/ros2src/5.opencv_demo_ws/build/opencv_demo3_1_color_space' returned '0': CMAKE_PREFIX_PATH=/opt/ros/humble /usr/bin/cmake --build /home/tungchiahui/user/mysource/ros2src/5.opencv_demo_ws/build/opencv_demo3_1_color_space -- -j16 -l16
[6.699s] DEBUG:colcon.colcon_core.event_handler.log_command:Invoking command in '/home/tungchiahui/user/mysource/ros2src/5.opencv_demo_ws/build/opencv_demo3_1_color_space': CMAKE_PREFIX_PATH=/opt/ros/humble /usr/bin/cmake --install /home/tungchiahui/user/mysource/ros2src/5.opencv_demo_ws/build/opencv_demo3_1_color_space
[6.708s] Level 1:colcon.colcon_core.environment:create_environment_scripts_only(opencv_demo3_1_color_space)
[6.709s] DEBUG:colcon.colcon_core.event_handler.log_command:Invoked command in '/home/tungchiahui/user/mysource/ros2src/5.opencv_demo_ws/build/opencv_demo3_1_color_space' returned '0': CMAKE_PREFIX_PATH=/opt/ros/humble /usr/bin/cmake --install /home/tungchiahui/user/mysource/ros2src/5.opencv_demo_ws/build/opencv_demo3_1_color_space
[6.718s] Level 1:colcon.colcon_core.environment:checking '/home/tungchiahui/user/mysource/ros2src/5.opencv_demo_ws/install/opencv_demo3_1_color_space' for CMake module files
[6.718s] Level 1:colcon.colcon_core.environment:checking '/home/tungchiahui/user/mysource/ros2src/5.opencv_demo_ws/install/opencv_demo3_1_color_space' for CMake config files
[6.718s] Level 1:colcon.colcon_core.shell:create_environment_hook('opencv_demo3_1_color_space', 'cmake_prefix_path')
[6.727s] INFO:colcon.colcon_core.shell:Creating environment hook '/home/tungchiahui/user/mysource/ros2src/5.opencv_demo_ws/install/opencv_demo3_1_color_space/share/opencv_demo3_1_color_space/hook/cmake_prefix_path.ps1'
[6.728s] INFO:colcon.colcon_core.shell:Creating environment descriptor '/home/tungchiahui/user/mysource/ros2src/5.opencv_demo_ws/install/opencv_demo3_1_color_space/share/opencv_demo3_1_color_space/hook/cmake_prefix_path.dsv'
[6.728s] INFO:colcon.colcon_core.shell:Creating environment hook '/home/tungchiahui/user/mysource/ros2src/5.opencv_demo_ws/install/opencv_demo3_1_color_space/share/opencv_demo3_1_color_space/hook/cmake_prefix_path.sh'
[6.728s] Level 1:colcon.colcon_core.environment:checking '/home/tungchiahui/user/mysource/ros2src/5.opencv_demo_ws/install/opencv_demo3_1_color_space/lib'
[6.728s] Level 1:colcon.colcon_core.environment:checking '/home/tungchiahui/user/mysource/ros2src/5.opencv_demo_ws/install/opencv_demo3_1_color_space/bin'
[6.728s] Level 1:colcon.colcon_core.environment:checking '/home/tungchiahui/user/mysource/ros2src/5.opencv_demo_ws/install/opencv_demo3_1_color_space/lib/pkgconfig/opencv_demo3_1_color_space.pc'
[6.729s] Level 1:colcon.colcon_core.environment:checking '/home/tungchiahui/user/mysource/ros2src/5.opencv_demo_ws/install/opencv_demo3_1_color_space/lib/python3.10/site-packages'
[6.729s] Level 1:colcon.colcon_core.environment:checking '/home/tungchiahui/user/mysource/ros2src/5.opencv_demo_ws/install/opencv_demo3_1_color_space/bin'
[6.737s] INFO:colcon.colcon_core.shell:Creating package script '/home/tungchiahui/user/mysource/ros2src/5.opencv_demo_ws/install/opencv_demo3_1_color_space/share/opencv_demo3_1_color_space/package.ps1'
[6.738s] INFO:colcon.colcon_core.shell:Creating package descriptor '/home/tungchiahui/user/mysource/ros2src/5.opencv_demo_ws/install/opencv_demo3_1_color_space/share/opencv_demo3_1_color_space/package.dsv'
[6.738s] INFO:colcon.colcon_core.shell:Creating package script '/home/tungchiahui/user/mysource/ros2src/5.opencv_demo_ws/install/opencv_demo3_1_color_space/share/opencv_demo3_1_color_space/package.sh'
[6.738s] INFO:colcon.colcon_core.shell:Creating package script '/home/tungchiahui/user/mysource/ros2src/5.opencv_demo_ws/install/opencv_demo3_1_color_space/share/opencv_demo3_1_color_space/package.bash'
[6.739s] INFO:colcon.colcon_core.shell:Creating package script '/home/tungchiahui/user/mysource/ros2src/5.opencv_demo_ws/install/opencv_demo3_1_color_space/share/opencv_demo3_1_color_space/package.zsh'
[6.739s] Level 1:colcon.colcon_core.environment:create_file_with_runtime_dependencies(/home/tungchiahui/user/mysource/ros2src/5.opencv_demo_ws/install/opencv_demo3_1_color_space/share/colcon-core/packages/opencv_demo3_1_color_space)
[6.769s] Level 1:colcon.colcon_core.environment:create_environment_scripts_only(opencv_demo3_1_color_space)
[6.779s] Level 1:colcon.colcon_core.environment:checking '/home/tungchiahui/user/mysource/ros2src/5.opencv_demo_ws/install/opencv_demo3_1_color_space' for CMake module files
[6.779s] Level 1:colcon.colcon_core.environment:checking '/home/tungchiahui/user/mysource/ros2src/5.opencv_demo_ws/install/opencv_demo3_1_color_space' for CMake config files
[6.779s] Level 1:colcon.colcon_core.shell:create_environment_hook('opencv_demo3_1_color_space', 'cmake_prefix_path')
[6.788s] INFO:colcon.colcon_core.shell:Creating environment hook '/home/tungchiahui/user/mysource/ros2src/5.opencv_demo_ws/install/opencv_demo3_1_color_space/share/opencv_demo3_1_color_space/hook/cmake_prefix_path.ps1'
[6.789s] INFO:colcon.colcon_core.shell:Creating environment descriptor '/home/tungchiahui/user/mysource/ros2src/5.opencv_demo_ws/install/opencv_demo3_1_color_space/share/opencv_demo3_1_color_space/hook/cmake_prefix_path.dsv'
[6.789s] INFO:colcon.colcon_core.shell:Creating environment hook '/home/tungchiahui/user/mysource/ros2src/5.opencv_demo_ws/install/opencv_demo3_1_color_space/share/opencv_demo3_1_color_space/hook/cmake_prefix_path.sh'
[6.789s] Level 1:colcon.colcon_core.environment:checking '/home/tungchiahui/user/mysource/ros2src/5.opencv_demo_ws/install/opencv_demo3_1_color_space/lib'
[6.789s] Level 1:colcon.colcon_core.environment:checking '/home/tungchiahui/user/mysource/ros2src/5.opencv_demo_ws/install/opencv_demo3_1_color_space/bin'
[6.789s] Level 1:colcon.colcon_core.environment:checking '/home/tungchiahui/user/mysource/ros2src/5.opencv_demo_ws/install/opencv_demo3_1_color_space/lib/pkgconfig/opencv_demo3_1_color_space.pc'
[6.790s] Level 1:colcon.colcon_core.environment:checking '/home/tungchiahui/user/mysource/ros2src/5.opencv_demo_ws/install/opencv_demo3_1_color_space/lib/python3.10/site-packages'
[6.790s] Level 1:colcon.colcon_core.environment:checking '/home/tungchiahui/user/mysource/ros2src/5.opencv_demo_ws/install/opencv_demo3_1_color_space/bin'
[6.798s] INFO:colcon.colcon_core.shell:Creating package script '/home/tungchiahui/user/mysource/ros2src/5.opencv_demo_ws/install/opencv_demo3_1_color_space/share/opencv_demo3_1_color_space/package.ps1'
[6.799s] INFO:colcon.colcon_core.shell:Creating package descriptor '/home/tungchiahui/user/mysource/ros2src/5.opencv_demo_ws/install/opencv_demo3_1_color_space/share/opencv_demo3_1_color_space/package.dsv'
[6.799s] INFO:colcon.colcon_core.shell:Creating package script '/home/tungchiahui/user/mysource/ros2src/5.opencv_demo_ws/install/opencv_demo3_1_color_space/share/opencv_demo3_1_color_space/package.sh'
[6.799s] INFO:colcon.colcon_core.shell:Creating package script '/home/tungchiahui/user/mysource/ros2src/5.opencv_demo_ws/install/opencv_demo3_1_color_space/share/opencv_demo3_1_color_space/package.bash'
[6.799s] INFO:colcon.colcon_core.shell:Creating package script '/home/tungchiahui/user/mysource/ros2src/5.opencv_demo_ws/install/opencv_demo3_1_color_space/share/opencv_demo3_1_color_space/package.zsh'
[6.800s] Level 1:colcon.colcon_core.environment:create_file_with_runtime_dependencies(/home/tungchiahui/user/mysource/ros2src/5.opencv_demo_ws/install/opencv_demo3_1_color_space/share/colcon-core/packages/opencv_demo3_1_color_space)
[6.801s] DEBUG:colcon.colcon_core.event_handler.log_command:Invoked command in '/home/tungchiahui/user/mysource/ros2src/5.opencv_demo_ws/build/opencv_demo1_0_show_image' returned '0': CMAKE_PREFIX_PATH=/opt/ros/humble /usr/bin/cmake --build /home/tungchiahui/user/mysource/ros2src/5.opencv_demo_ws/build/opencv_demo1_0_show_image -- -j16 -l16
[6.825s] DEBUG:colcon.colcon_core.event_handler.log_command:Invoking command in '/home/tungchiahui/user/mysource/ros2src/5.opencv_demo_ws/build/opencv_demo1_0_show_image': CMAKE_PREFIX_PATH=/opt/ros/humble /usr/bin/cmake --install /home/tungchiahui/user/mysource/ros2src/5.opencv_demo_ws/build/opencv_demo1_0_show_image
[6.835s] Level 1:colcon.colcon_core.environment:create_environment_scripts_only(opencv_demo1_0_show_image)
[6.835s] DEBUG:colcon.colcon_core.event_handler.log_command:Invoked command in '/home/tungchiahui/user/mysource/ros2src/5.opencv_demo_ws/build/opencv_demo1_0_show_image' returned '0': CMAKE_PREFIX_PATH=/opt/ros/humble /usr/bin/cmake --install /home/tungchiahui/user/mysource/ros2src/5.opencv_demo_ws/build/opencv_demo1_0_show_image
[6.844s] Level 1:colcon.colcon_core.environment:checking '/home/tungchiahui/user/mysource/ros2src/5.opencv_demo_ws/install/opencv_demo1_0_show_image' for CMake module files
[6.845s] Level 1:colcon.colcon_core.environment:checking '/home/tungchiahui/user/mysource/ros2src/5.opencv_demo_ws/install/opencv_demo1_0_show_image' for CMake config files
[6.845s] Level 1:colcon.colcon_core.shell:create_environment_hook('opencv_demo1_0_show_image', 'cmake_prefix_path')
[6.855s] INFO:colcon.colcon_core.shell:Creating environment hook '/home/tungchiahui/user/mysource/ros2src/5.opencv_demo_ws/install/opencv_demo1_0_show_image/share/opencv_demo1_0_show_image/hook/cmake_prefix_path.ps1'
[6.855s] INFO:colcon.colcon_core.shell:Creating environment descriptor '/home/tungchiahui/user/mysource/ros2src/5.opencv_demo_ws/install/opencv_demo1_0_show_image/share/opencv_demo1_0_show_image/hook/cmake_prefix_path.dsv'
[6.856s] INFO:colcon.colcon_core.shell:Creating environment hook '/home/tungchiahui/user/mysource/ros2src/5.opencv_demo_ws/install/opencv_demo1_0_show_image/share/opencv_demo1_0_show_image/hook/cmake_prefix_path.sh'
[6.856s] Level 1:colcon.colcon_core.environment:checking '/home/tungchiahui/user/mysource/ros2src/5.opencv_demo_ws/install/opencv_demo1_0_show_image/lib'
[6.856s] Level 1:colcon.colcon_core.environment:checking '/home/tungchiahui/user/mysource/ros2src/5.opencv_demo_ws/install/opencv_demo1_0_show_image/bin'
[6.856s] Level 1:colcon.colcon_core.environment:checking '/home/tungchiahui/user/mysource/ros2src/5.opencv_demo_ws/install/opencv_demo1_0_show_image/lib/pkgconfig/opencv_demo1_0_show_image.pc'
[6.857s] Level 1:colcon.colcon_core.environment:checking '/home/tungchiahui/user/mysource/ros2src/5.opencv_demo_ws/install/opencv_demo1_0_show_image/lib/python3.10/site-packages'
[6.857s] Level 1:colcon.colcon_core.environment:checking '/home/tungchiahui/user/mysource/ros2src/5.opencv_demo_ws/install/opencv_demo1_0_show_image/bin'
[6.867s] INFO:colcon.colcon_core.shell:Creating package script '/home/tungchiahui/user/mysource/ros2src/5.opencv_demo_ws/install/opencv_demo1_0_show_image/share/opencv_demo1_0_show_image/package.ps1'
[6.868s] INFO:colcon.colcon_core.shell:Creating package descriptor '/home/tungchiahui/user/mysource/ros2src/5.opencv_demo_ws/install/opencv_demo1_0_show_image/share/opencv_demo1_0_show_image/package.dsv'
[6.868s] INFO:colcon.colcon_core.shell:Creating package script '/home/tungchiahui/user/mysource/ros2src/5.opencv_demo_ws/install/opencv_demo1_0_show_image/share/opencv_demo1_0_show_image/package.sh'
[6.869s] INFO:colcon.colcon_core.shell:Creating package script '/home/tungchiahui/user/mysource/ros2src/5.opencv_demo_ws/install/opencv_demo1_0_show_image/share/opencv_demo1_0_show_image/package.bash'
[6.869s] INFO:colcon.colcon_core.shell:Creating package script '/home/tungchiahui/user/mysource/ros2src/5.opencv_demo_ws/install/opencv_demo1_0_show_image/share/opencv_demo1_0_show_image/package.zsh'
[6.869s] Level 1:colcon.colcon_core.environment:create_file_with_runtime_dependencies(/home/tungchiahui/user/mysource/ros2src/5.opencv_demo_ws/install/opencv_demo1_0_show_image/share/colcon-core/packages/opencv_demo1_0_show_image)
[6.902s] Level 1:colcon.colcon_core.environment:create_environment_scripts_only(opencv_demo1_0_show_image)
[6.910s] Level 1:colcon.colcon_core.environment:checking '/home/tungchiahui/user/mysource/ros2src/5.opencv_demo_ws/install/opencv_demo1_0_show_image' for CMake module files
[6.911s] Level 1:colcon.colcon_core.environment:checking '/home/tungchiahui/user/mysource/ros2src/5.opencv_demo_ws/install/opencv_demo1_0_show_image' for CMake config files
[6.911s] Level 1:colcon.colcon_core.shell:create_environment_hook('opencv_demo1_0_show_image', 'cmake_prefix_path')
[6.920s] INFO:colcon.colcon_core.shell:Creating environment hook '/home/tungchiahui/user/mysource/ros2src/5.opencv_demo_ws/install/opencv_demo1_0_show_image/share/opencv_demo1_0_show_image/hook/cmake_prefix_path.ps1'
[6.920s] INFO:colcon.colcon_core.shell:Creating environment descriptor '/home/tungchiahui/user/mysource/ros2src/5.opencv_demo_ws/install/opencv_demo1_0_show_image/share/opencv_demo1_0_show_image/hook/cmake_prefix_path.dsv'
[6.920s] INFO:colcon.colcon_core.shell:Creating environment hook '/home/tungchiahui/user/mysource/ros2src/5.opencv_demo_ws/install/opencv_demo1_0_show_image/share/opencv_demo1_0_show_image/hook/cmake_prefix_path.sh'
[6.921s] Level 1:colcon.colcon_core.environment:checking '/home/tungchiahui/user/mysource/ros2src/5.opencv_demo_ws/install/opencv_demo1_0_show_image/lib'
[6.921s] Level 1:colcon.colcon_core.environment:checking '/home/tungchiahui/user/mysource/ros2src/5.opencv_demo_ws/install/opencv_demo1_0_show_image/bin'
[6.921s] Level 1:colcon.colcon_core.environment:checking '/home/tungchiahui/user/mysource/ros2src/5.opencv_demo_ws/install/opencv_demo1_0_show_image/lib/pkgconfig/opencv_demo1_0_show_image.pc'
[6.921s] Level 1:colcon.colcon_core.environment:checking '/home/tungchiahui/user/mysource/ros2src/5.opencv_demo_ws/install/opencv_demo1_0_show_image/lib/python3.10/site-packages'
[6.921s] Level 1:colcon.colcon_core.environment:checking '/home/tungchiahui/user/mysource/ros2src/5.opencv_demo_ws/install/opencv_demo1_0_show_image/bin'
[6.930s] INFO:colcon.colcon_core.shell:Creating package script '/home/tungchiahui/user/mysource/ros2src/5.opencv_demo_ws/install/opencv_demo1_0_show_image/share/opencv_demo1_0_show_image/package.ps1'
[6.930s] INFO:colcon.colcon_core.shell:Creating package descriptor '/home/tungchiahui/user/mysource/ros2src/5.opencv_demo_ws/install/opencv_demo1_0_show_image/share/opencv_demo1_0_show_image/package.dsv'
[6.930s] INFO:colcon.colcon_core.shell:Creating package script '/home/tungchiahui/user/mysource/ros2src/5.opencv_demo_ws/install/opencv_demo1_0_show_image/share/opencv_demo1_0_show_image/package.sh'
[6.930s] INFO:colcon.colcon_core.shell:Creating package script '/home/tungchiahui/user/mysource/ros2src/5.opencv_demo_ws/install/opencv_demo1_0_show_image/share/opencv_demo1_0_show_image/package.bash'
[6.931s] INFO:colcon.colcon_core.shell:Creating package script '/home/tungchiahui/user/mysource/ros2src/5.opencv_demo_ws/install/opencv_demo1_0_show_image/share/opencv_demo1_0_show_image/package.zsh'
[6.931s] Level 1:colcon.colcon_core.environment:create_file_with_runtime_dependencies(/home/tungchiahui/user/mysource/ros2src/5.opencv_demo_ws/install/opencv_demo1_0_show_image/share/colcon-core/packages/opencv_demo1_0_show_image)
[6.932s] DEBUG:colcon.colcon_core.event_handler.log_command:Invoked command in '/home/tungchiahui/user/mysource/ros2src/5.opencv_demo_ws/build/opencv_demo3_0_save_media_file' returned '0': CMAKE_PREFIX_PATH=/opt/ros/humble /usr/bin/cmake --build /home/tungchiahui/user/mysource/ros2src/5.opencv_demo_ws/build/opencv_demo3_0_save_media_file -- -j16 -l16
[6.954s] DEBUG:colcon.colcon_core.event_handler.log_command:Invoking command in '/home/tungchiahui/user/mysource/ros2src/5.opencv_demo_ws/build/opencv_demo3_0_save_media_file': CMAKE_PREFIX_PATH=/opt/ros/humble /usr/bin/cmake --install /home/tungchiahui/user/mysource/ros2src/5.opencv_demo_ws/build/opencv_demo3_0_save_media_file
[6.963s] Level 1:colcon.colcon_core.environment:create_environment_scripts_only(opencv_demo3_0_save_media_file)
[6.964s] DEBUG:colcon.colcon_core.event_handler.log_command:Invoked command in '/home/tungchiahui/user/mysource/ros2src/5.opencv_demo_ws/build/opencv_demo3_0_save_media_file' returned '0': CMAKE_PREFIX_PATH=/opt/ros/humble /usr/bin/cmake --install /home/tungchiahui/user/mysource/ros2src/5.opencv_demo_ws/build/opencv_demo3_0_save_media_file
[6.973s] Level 1:colcon.colcon_core.environment:checking '/home/tungchiahui/user/mysource/ros2src/5.opencv_demo_ws/install/opencv_demo3_0_save_media_file' for CMake module files
[6.973s] Level 1:colcon.colcon_core.environment:checking '/home/tungchiahui/user/mysource/ros2src/5.opencv_demo_ws/install/opencv_demo3_0_save_media_file' for CMake config files
[6.973s] Level 1:colcon.colcon_core.shell:create_environment_hook('opencv_demo3_0_save_media_file', 'cmake_prefix_path')
[6.982s] INFO:colcon.colcon_core.shell:Creating environment hook '/home/tungchiahui/user/mysource/ros2src/5.opencv_demo_ws/install/opencv_demo3_0_save_media_file/share/opencv_demo3_0_save_media_file/hook/cmake_prefix_path.ps1'
[6.983s] INFO:colcon.colcon_core.shell:Creating environment descriptor '/home/tungchiahui/user/mysource/ros2src/5.opencv_demo_ws/install/opencv_demo3_0_save_media_file/share/opencv_demo3_0_save_media_file/hook/cmake_prefix_path.dsv'
[6.983s] INFO:colcon.colcon_core.shell:Creating environment hook '/home/tungchiahui/user/mysource/ros2src/5.opencv_demo_ws/install/opencv_demo3_0_save_media_file/share/opencv_demo3_0_save_media_file/hook/cmake_prefix_path.sh'
[6.983s] Level 1:colcon.colcon_core.environment:checking '/home/tungchiahui/user/mysource/ros2src/5.opencv_demo_ws/install/opencv_demo3_0_save_media_file/lib'
[6.983s] Level 1:colcon.colcon_core.environment:checking '/home/tungchiahui/user/mysource/ros2src/5.opencv_demo_ws/install/opencv_demo3_0_save_media_file/bin'
[6.983s] Level 1:colcon.colcon_core.environment:checking '/home/tungchiahui/user/mysource/ros2src/5.opencv_demo_ws/install/opencv_demo3_0_save_media_file/lib/pkgconfig/opencv_demo3_0_save_media_file.pc'
[6.983s] Level 1:colcon.colcon_core.environment:checking '/home/tungchiahui/user/mysource/ros2src/5.opencv_demo_ws/install/opencv_demo3_0_save_media_file/lib/python3.10/site-packages'
[6.983s] Level 1:colcon.colcon_core.environment:checking '/home/tungchiahui/user/mysource/ros2src/5.opencv_demo_ws/install/opencv_demo3_0_save_media_file/bin'
[6.993s] INFO:colcon.colcon_core.shell:Creating package script '/home/tungchiahui/user/mysource/ros2src/5.opencv_demo_ws/install/opencv_demo3_0_save_media_file/share/opencv_demo3_0_save_media_file/package.ps1'
[6.993s] INFO:colcon.colcon_core.shell:Creating package descriptor '/home/tungchiahui/user/mysource/ros2src/5.opencv_demo_ws/install/opencv_demo3_0_save_media_file/share/opencv_demo3_0_save_media_file/package.dsv'
[6.993s] INFO:colcon.colcon_core.shell:Creating package script '/home/tungchiahui/user/mysource/ros2src/5.opencv_demo_ws/install/opencv_demo3_0_save_media_file/share/opencv_demo3_0_save_media_file/package.sh'
[6.994s] INFO:colcon.colcon_core.shell:Creating package script '/home/tungchiahui/user/mysource/ros2src/5.opencv_demo_ws/install/opencv_demo3_0_save_media_file/share/opencv_demo3_0_save_media_file/package.bash'
[6.994s] INFO:colcon.colcon_core.shell:Creating package script '/home/tungchiahui/user/mysource/ros2src/5.opencv_demo_ws/install/opencv_demo3_0_save_media_file/share/opencv_demo3_0_save_media_file/package.zsh'
[6.994s] Level 1:colcon.colcon_core.environment:create_file_with_runtime_dependencies(/home/tungchiahui/user/mysource/ros2src/5.opencv_demo_ws/install/opencv_demo3_0_save_media_file/share/colcon-core/packages/opencv_demo3_0_save_media_file)
[7.024s] Level 1:colcon.colcon_core.environment:create_environment_scripts_only(opencv_demo3_0_save_media_file)
[7.032s] Level 1:colcon.colcon_core.environment:checking '/home/tungchiahui/user/mysource/ros2src/5.opencv_demo_ws/install/opencv_demo3_0_save_media_file' for CMake module files
[7.032s] Level 1:colcon.colcon_core.environment:checking '/home/tungchiahui/user/mysource/ros2src/5.opencv_demo_ws/install/opencv_demo3_0_save_media_file' for CMake config files
[7.032s] Level 1:colcon.colcon_core.shell:create_environment_hook('opencv_demo3_0_save_media_file', 'cmake_prefix_path')
[7.040s] INFO:colcon.colcon_core.shell:Creating environment hook '/home/tungchiahui/user/mysource/ros2src/5.opencv_demo_ws/install/opencv_demo3_0_save_media_file/share/opencv_demo3_0_save_media_file/hook/cmake_prefix_path.ps1'
[7.041s] INFO:colcon.colcon_core.shell:Creating environment descriptor '/home/tungchiahui/user/mysource/ros2src/5.opencv_demo_ws/install/opencv_demo3_0_save_media_file/share/opencv_demo3_0_save_media_file/hook/cmake_prefix_path.dsv'
[7.041s] INFO:colcon.colcon_core.shell:Creating environment hook '/home/tungchiahui/user/mysource/ros2src/5.opencv_demo_ws/install/opencv_demo3_0_save_media_file/share/opencv_demo3_0_save_media_file/hook/cmake_prefix_path.sh'
[7.041s] Level 1:colcon.colcon_core.environment:checking '/home/tungchiahui/user/mysource/ros2src/5.opencv_demo_ws/install/opencv_demo3_0_save_media_file/lib'
[7.041s] Level 1:colcon.colcon_core.environment:checking '/home/tungchiahui/user/mysource/ros2src/5.opencv_demo_ws/install/opencv_demo3_0_save_media_file/bin'
[7.041s] Level 1:colcon.colcon_core.environment:checking '/home/tungchiahui/user/mysource/ros2src/5.opencv_demo_ws/install/opencv_demo3_0_save_media_file/lib/pkgconfig/opencv_demo3_0_save_media_file.pc'
[7.041s] Level 1:colcon.colcon_core.environment:checking '/home/tungchiahui/user/mysource/ros2src/5.opencv_demo_ws/install/opencv_demo3_0_save_media_file/lib/python3.10/site-packages'
[7.042s] Level 1:colcon.colcon_core.environment:checking '/home/tungchiahui/user/mysource/ros2src/5.opencv_demo_ws/install/opencv_demo3_0_save_media_file/bin'
[7.050s] INFO:colcon.colcon_core.shell:Creating package script '/home/tungchiahui/user/mysource/ros2src/5.opencv_demo_ws/install/opencv_demo3_0_save_media_file/share/opencv_demo3_0_save_media_file/package.ps1'
[7.050s] INFO:colcon.colcon_core.shell:Creating package descriptor '/home/tungchiahui/user/mysource/ros2src/5.opencv_demo_ws/install/opencv_demo3_0_save_media_file/share/opencv_demo3_0_save_media_file/package.dsv'
[7.050s] INFO:colcon.colcon_core.shell:Creating package script '/home/tungchiahui/user/mysource/ros2src/5.opencv_demo_ws/install/opencv_demo3_0_save_media_file/share/opencv_demo3_0_save_media_file/package.sh'
[7.050s] INFO:colcon.colcon_core.shell:Creating package script '/home/tungchiahui/user/mysource/ros2src/5.opencv_demo_ws/install/opencv_demo3_0_save_media_file/share/opencv_demo3_0_save_media_file/package.bash'
[7.051s] INFO:colcon.colcon_core.shell:Creating package script '/home/tungchiahui/user/mysource/ros2src/5.opencv_demo_ws/install/opencv_demo3_0_save_media_file/share/opencv_demo3_0_save_media_file/package.zsh'
[7.051s] Level 1:colcon.colcon_core.environment:create_file_with_runtime_dependencies(/home/tungchiahui/user/mysource/ros2src/5.opencv_demo_ws/install/opencv_demo3_0_save_media_file/share/colcon-core/packages/opencv_demo3_0_save_media_file)
[7.051s] DEBUG:colcon.colcon_parallel_executor.executor.parallel:closing loop
[7.051s] DEBUG:colcon.colcon_parallel_executor.executor.parallel:loop closed
[7.051s] DEBUG:colcon.colcon_parallel_executor.executor.parallel:run_until_complete finished with '0'
[7.051s] DEBUG:colcon.colcon_core.event_reactor:joining thread
[7.063s] INFO:colcon.colcon_core.plugin_system:Skipping extension 'colcon_notification.desktop_notification.terminal_notifier': Not used on non-Darwin systems
[7.063s] INFO:colcon.colcon_core.plugin_system:Skipping extension 'colcon_notification.desktop_notification.win32': Not used on non-Windows systems
[7.063s] INFO:colcon.colcon_notification.desktop_notification:Sending desktop notification using 'notify2'
[7.079s] DEBUG:colcon.colcon_core.event_reactor:joined thread
[7.088s] INFO:colcon.colcon_core.shell:Creating prefix script '/home/tungchiahui/user/mysource/ros2src/5.opencv_demo_ws/install/local_setup.ps1'
[7.089s] INFO:colcon.colcon_core.shell:Creating prefix util module '/home/tungchiahui/user/mysource/ros2src/5.opencv_demo_ws/install/_local_setup_util_ps1.py'
[7.090s] INFO:colcon.colcon_core.shell:Creating prefix chain script '/home/tungchiahui/user/mysource/ros2src/5.opencv_demo_ws/install/setup.ps1'
[7.099s] INFO:colcon.colcon_core.shell:Creating prefix script '/home/tungchiahui/user/mysource/ros2src/5.opencv_demo_ws/install/local_setup.sh'
[7.099s] INFO:colcon.colcon_core.shell:Creating prefix util module '/home/tungchiahui/user/mysource/ros2src/5.opencv_demo_ws/install/_local_setup_util_sh.py'
[7.099s] INFO:colcon.colcon_core.shell:Creating prefix chain script '/home/tungchiahui/user/mysource/ros2src/5.opencv_demo_ws/install/setup.sh'
[7.108s] INFO:colcon.colcon_core.shell:Creating prefix script '/home/tungchiahui/user/mysource/ros2src/5.opencv_demo_ws/install/local_setup.bash'
[7.108s] INFO:colcon.colcon_core.shell:Creating prefix chain script '/home/tungchiahui/user/mysource/ros2src/5.opencv_demo_ws/install/setup.bash'
[7.117s] INFO:colcon.colcon_core.shell:Creating prefix script '/home/tungchiahui/user/mysource/ros2src/5.opencv_demo_ws/install/local_setup.zsh'
[7.117s] INFO:colcon.colcon_core.shell:Creating prefix chain script '/home/tungchiahui/user/mysource/ros2src/5.opencv_demo_ws/install/setup.zsh'
