[0.007s] Invoking command in '/home/tungchiahui/UserFloder/mysource/ROS/ROS2_WS/8.ws_compro/build/cpp01_serial': CMAKE_PREFIX_PATH=${CMAKE_PREFIX_PATH}:/opt/ros/humble /usr/bin/cmake --build /home/tungchiahui/UserFloder/mysource/ROS/ROS2_WS/8.ws_compro/build/cpp01_serial -- -j16 -l16
[0.035s] [35m[1mConsolidate compiler generated dependencies of target demo02_uart_receive[0m
[0.044s] [ 50%] Built target demo01_uart_send
[0.050s] [ 75%] [32mBuilding CXX object CMakeFiles/demo02_uart_receive.dir/src/demo02_uart_receive.cpp.o[0m
[1.939s] [01m[K/home/tungchiahui/UserFloder/mysource/ROS/ROS2_WS/8.ws_compro/src/cpp01_serial/src/demo02_uart_receive.cpp:[m[K In member function ‘[01m[Kvoid Serial_Node::async_receive_message()[m[K’:
[1.939s] [01m[K/home/tungchiahui/UserFloder/mysource/ROS/ROS2_WS/8.ws_compro/src/cpp01_serial/src/demo02_uart_receive.cpp:54:24:[m[K [01;31m[Kerror: [m[Kcannot convert ‘[01m[KSerial_Node::async_receive_message()::<lambda(const std::vector<unsigned char, std::allocator<unsigned char> >&)>[m[K’ to ‘[01m[Kdrivers::serial_driver::Functor[m[K’ {aka ‘[01m[Kstd::function<void(std::vector<unsigned char, std::allocator<unsigned char> >&, const long unsigned int&)>[m[K’}
[1.939s]    54 |     [01;31m[Kport->async_receive([this](const std::vector<uint8_t> &data)[m[K
[1.939s]       |     [01;31m[K~~~~~~~~~~~~~~~~~~~^~~~~~~~~~~~~~~~~~~~~~~~~~~~~~~~~~~~~~~~~[m[K
[1.939s]    55 | [01;31m[K    {[m[K
[1.939s]       |     [01;31m[K~[m[K                   
[1.939s]    56 | [01;31m[K        if (!data.empty())[m[K
[1.939s]       |         [01;31m[K~~~~~~~~~~~~~~~~~~[m[K
[1.939s]    57 | [01;31m[K        {[m[K
[1.939s]       |         [01;31m[K~[m[K               
[1.939s]    58 | [01;31m[K            // 处理接收到的数据[m[K
[1.939s]       |             [01;31m[K~~~~~~~~~~~~~~~~~~~[m[K
[1.939s]    59 | [01;31m[K            std::string received_message(data.begin(), data.end());[m[K
[1.939s]       |             [01;31m[K~~~~~~~~~~~~~~~~~~~~~~~~~~~~~~~~~~~~~~~~~~~~~~~~~~~~~~~[m[K
[1.939s]    60 | [01;31m[K            RCLCPP_INFO(this->get_logger(), "Received: %s", received_message.c_str());[m[K
[1.939s]       |             [01;31m[K~~~~~~~~~~~~~~~~~~~~~~~~~~~~~~~~~~~~~~~~~~~~~~~~~~~~~~~~~~~~~~~~~~~~~~~~~~[m[K
[1.939s]    61 | [01;31m[K        }[m[K
[1.940s]       |         [01;31m[K~[m[K               
[1.940s]    62 | [01;31m[K        // 继续监听新的数据[m[K
[1.940s]       |         [01;31m[K~~~~~~~~~~~~~~~~~~~[m[K
[1.940s]    63 | [01;31m[K        async_receive_message();[m[K
[1.940s]       |         [01;31m[K~~~~~~~~~~~~~~~~~~~~~~~~[m[K
[1.940s]    64 | [01;31m[K    }[m[K
[1.940s]       |     [01;31m[K~[m[K                   
[1.940s]    65 | [01;31m[K    )[m[K;
[1.940s]       |     [01;31m[K~[m[K                   
[1.940s] In file included from [01m[K/opt/ros/humble/include/serial_driver/serial_driver.hpp:22[m[K,
[1.940s]                  from [01m[K/home/tungchiahui/UserFloder/mysource/ROS/ROS2_WS/8.ws_compro/src/cpp01_serial/src/demo02_uart_receive.cpp:2[m[K:
[1.940s] [01m[K/opt/ros/humble/include/serial_driver/serial_port.hpp:216:30:[m[K [01;36m[Knote: [m[K  initializing argument 1 of ‘[01m[Kvoid drivers::serial_driver::SerialPort::async_receive(drivers::serial_driver::Functor)[m[K’
[1.940s]   216 |   void async_receive([01;36m[KFunctor func[m[K);
[1.940s]       |                      [01;36m[K~~~~~~~~^~~~[m[K
[2.305s] gmake[2]: *** [CMakeFiles/demo02_uart_receive.dir/build.make:76: CMakeFiles/demo02_uart_receive.dir/src/demo02_uart_receive.cpp.o] Error 1
[2.305s] gmake[1]: *** [CMakeFiles/Makefile2:165: CMakeFiles/demo02_uart_receive.dir/all] Error 2
[2.305s] gmake: *** [Makefile:146: all] Error 2
[2.307s] Invoked command in '/home/tungchiahui/UserFloder/mysource/ROS/ROS2_WS/8.ws_compro/build/cpp01_serial' returned '2': CMAKE_PREFIX_PATH=${CMAKE_PREFIX_PATH}:/opt/ros/humble /usr/bin/cmake --build /home/tungchiahui/UserFloder/mysource/ROS/ROS2_WS/8.ws_compro/build/cpp01_serial -- -j16 -l16
