[0.019s] Invoking command in '/home/tungchiahui/mysource/ros2src/1.demo_ws/build/pkg01_helloworld_cpp': CMAKE_PREFIX_PATH=/opt/ros/humble /usr/bin/cmake --build /home/tungchiahui/mysource/ros2src/1.demo_ws/build/pkg01_helloworld_cpp -- -j16 -l16
[0.167s] [ 50%] [32mBuilding CXX object CMakeFiles/helloworld.dir/src/helloworld.cpp.o[0m
[1.873s] [100%] [32m[1mLinking CXX executable helloworld[0m
[1.938s] [100%] Built target helloworld
[1.945s] Invoked command in '/home/tungchiahui/mysource/ros2src/1.demo_ws/build/pkg01_helloworld_cpp' returned '0': CMAKE_PREFIX_PATH=/opt/ros/humble /usr/bin/cmake --build /home/tungchiahui/mysource/ros2src/1.demo_ws/build/pkg01_helloworld_cpp -- -j16 -l16
[1.959s] Invoking command in '/home/tungchiahui/mysource/ros2src/1.demo_ws/build/pkg01_helloworld_cpp': CMAKE_PREFIX_PATH=/opt/ros/humble /usr/bin/cmake --install /home/tungchiahui/mysource/ros2src/1.demo_ws/build/pkg01_helloworld_cpp
[1.962s] -- Install configuration: ""
[1.962s] -- Installing: /home/tungchiahui/mysource/ros2src/1.demo_ws/install/pkg01_helloworld_cpp/lib/pkg01_helloworld_cpp/helloworld
[1.963s] -- Set runtime path of "/home/tungchiahui/mysource/ros2src/1.demo_ws/install/pkg01_helloworld_cpp/lib/pkg01_helloworld_cpp/helloworld" to ""
[1.963s] -- Up-to-date: /home/tungchiahui/mysource/ros2src/1.demo_ws/install/pkg01_helloworld_cpp/share/ament_index/resource_index/package_run_dependencies/pkg01_helloworld_cpp
[1.963s] -- Up-to-date: /home/tungchiahui/mysource/ros2src/1.demo_ws/install/pkg01_helloworld_cpp/share/ament_index/resource_index/parent_prefix_path/pkg01_helloworld_cpp
[1.963s] -- Up-to-date: /home/tungchiahui/mysource/ros2src/1.demo_ws/install/pkg01_helloworld_cpp/share/pkg01_helloworld_cpp/environment/ament_prefix_path.sh
[1.963s] -- Up-to-date: /home/tungchiahui/mysource/ros2src/1.demo_ws/install/pkg01_helloworld_cpp/share/pkg01_helloworld_cpp/environment/ament_prefix_path.dsv
[1.963s] -- Up-to-date: /home/tungchiahui/mysource/ros2src/1.demo_ws/install/pkg01_helloworld_cpp/share/pkg01_helloworld_cpp/environment/path.sh
[1.963s] -- Up-to-date: /home/tungchiahui/mysource/ros2src/1.demo_ws/install/pkg01_helloworld_cpp/share/pkg01_helloworld_cpp/environment/path.dsv
[1.963s] -- Up-to-date: /home/tungchiahui/mysource/ros2src/1.demo_ws/install/pkg01_helloworld_cpp/share/pkg01_helloworld_cpp/local_setup.bash
[1.963s] -- Up-to-date: /home/tungchiahui/mysource/ros2src/1.demo_ws/install/pkg01_helloworld_cpp/share/pkg01_helloworld_cpp/local_setup.sh
[1.963s] -- Up-to-date: /home/tungchiahui/mysource/ros2src/1.demo_ws/install/pkg01_helloworld_cpp/share/pkg01_helloworld_cpp/local_setup.zsh
[1.963s] -- Up-to-date: /home/tungchiahui/mysource/ros2src/1.demo_ws/install/pkg01_helloworld_cpp/share/pkg01_helloworld_cpp/local_setup.dsv
[1.963s] -- Installing: /home/tungchiahui/mysource/ros2src/1.demo_ws/install/pkg01_helloworld_cpp/share/pkg01_helloworld_cpp/package.dsv
[1.963s] -- Up-to-date: /home/tungchiahui/mysource/ros2src/1.demo_ws/install/pkg01_helloworld_cpp/share/ament_index/resource_index/packages/pkg01_helloworld_cpp
[1.963s] -- Up-to-date: /home/tungchiahui/mysource/ros2src/1.demo_ws/install/pkg01_helloworld_cpp/share/pkg01_helloworld_cpp/cmake/pkg01_helloworld_cppConfig.cmake
[1.963s] -- Up-to-date: /home/tungchiahui/mysource/ros2src/1.demo_ws/install/pkg01_helloworld_cpp/share/pkg01_helloworld_cpp/cmake/pkg01_helloworld_cppConfig-version.cmake
[1.963s] -- Up-to-date: /home/tungchiahui/mysource/ros2src/1.demo_ws/install/pkg01_helloworld_cpp/share/pkg01_helloworld_cpp/package.xml
[1.966s] Invoked command in '/home/tungchiahui/mysource/ros2src/1.demo_ws/build/pkg01_helloworld_cpp' returned '0': CMAKE_PREFIX_PATH=/opt/ros/humble /usr/bin/cmake --install /home/tungchiahui/mysource/ros2src/1.demo_ws/build/pkg01_helloworld_cpp
