-- The C compiler identification is GNU 11.4.0
-- The CXX compiler identification is GNU 11.4.0
-- Detecting C compiler ABI info
-- Detecting C compiler ABI info - done
-- Check for working C compiler: /usr/bin/cc - skipped
-- Detecting C compile features
-- Detecting C compile features - done
-- Detecting CXX compiler ABI info
-- Detecting CXX compiler ABI info - done
-- Check for working CXX compiler: /usr/bin/c++ - skipped
-- Detecting CXX compile features
-- Detecting CXX compile features - done
-- Found ament_cmake: 1.3.11 (/opt/ros/humble/share/ament_cmake/cmake)
-- Found Python3: /usr/bin/python3 (found version "3.10.12") found components: Interpreter 
-- Found rclcpp: 16.0.11 (/opt/ros/humble/share/rclcpp/cmake)
-- Found rosidl_generator_c: 3.1.6 (/opt/ros/humble/share/rosidl_generator_c/cmake)
-- Found rosidl_adapter: 3.1.6 (/opt/ros/humble/share/rosidl_adapter/cmake)
-- Found rosidl_generator_cpp: 3.1.6 (/opt/ros/humble/share/rosidl_generator_cpp/cmake)
-- Using all available rosidl_typesupport_c: rosidl_typesupport_fastrtps_c;rosidl_typesupport_introspection_c
-- Using all available rosidl_typesupport_cpp: rosidl_typesupport_fastrtps_cpp;rosidl_typesupport_introspection_cpp
-- Found rmw_implementation_cmake: 6.1.2 (/opt/ros/humble/share/rmw_implementation_cmake/cmake)
-- Found rmw_fastrtps_cpp: 6.2.7 (/opt/ros/humble/share/rmw_fastrtps_cpp/cmake)
-- Found OpenSSL: /usr/lib/x86_64-linux-gnu/libcrypto.so (found version "3.0.2")  
-- Found FastRTPS: /opt/ros/humble/include  
-- Using RMW implementation 'rmw_fastrtps_cpp' as default
-- Looking for pthread.h
-- Looking for pthread.h - found
-- Performing Test CMAKE_HAVE_LIBC_PTHREAD
-- Performing Test CMAKE_HAVE_LIBC_PTHREAD - Success
-- Found Threads: TRUE  
-- Found rclcpp_components: 16.0.11 (/opt/ros/humble/share/rclcpp_components/cmake)
-- Found sensor_msgs: 4.2.4 (/opt/ros/humble/share/sensor_msgs/cmake)
-- Found nav_msgs: 4.2.4 (/opt/ros/humble/share/nav_msgs/cmake)
-- Found tf2_ros: 0.25.9 (/opt/ros/humble/share/tf2_ros/cmake)
-- Found tf2_geometry_msgs: 0.25.9 (/opt/ros/humble/share/tf2_geometry_msgs/cmake)
-- Found eigen3_cmake_module: 0.1.1 (/opt/ros/humble/share/eigen3_cmake_module/cmake)
-- Found Eigen3: TRUE (found version "3.4.0") 
-- Ensuring Eigen3 include directory is part of orocos-kdl CMake target
-- Found std_srvs: 4.2.4 (/opt/ros/humble/share/std_srvs/cmake)
-- Found ament_lint_auto: 0.12.11 (/opt/ros/humble/share/ament_lint_auto/cmake)
-- Added test 'cppcheck' to perform static code analysis on C / C++ code
-- Configured cppcheck include dirs: /home/tungchiahui/UserFloder/mysource/ROS/ROS2_WS/6.ws_simulations/src/stage_ros2/./include;$<BUILD_INTERFACE:/home/tungchiahui/UserFloder/mysource/ROS/ROS2_WS/6.ws_simulations/src/stage_ros2/include>
-- Configured cppcheck exclude dirs and/or files: 
-- Added test 'flake8' to check Python code syntax and style conventions
-- Added test 'lint_cmake' to check CMake code style
-- Added test 'pep257' to check Python code against some of the docstring style conventions in PEP 257
-- Added test 'uncrustify' to check C / C++ code style
-- Configured uncrustify additional arguments: 
-- Added test 'xmllint' to check XML markup files
-- Configuring done
-- Generating done
-- Build files have been written to: /home/tungchiahui/UserFloder/mysource/ROS/ROS2_WS/6.ws_simulations/build/stage_ros2
[ 42%] [32mBuilding CXX object CMakeFiles/stage_node.dir/src/stage_node.cpp.o[0m
[ 42%] [32mBuilding CXX object CMakeFiles/stage_node.dir/src/vehicle.cpp.o[0m
[ 42%] [32mBuilding CXX object CMakeFiles/stage_node.dir/src/camera.cpp.o[0m
[ 57%] [32mBuilding CXX object CMakeFiles/stage_node.dir/src/ranger.cpp.o[0m
In file included from [01m[K/usr/include/X11/Xlib.h:44[m[K,
                 from [01m[K/usr/include/FL/x.H:37[m[K,
                 from [01m[K/usr/include/FL/fl_draw.H:27[m[K,
                 from [01m[K/home/tungchiahui/UserFloder/mysource/ROS/ROS2_WS/6.ws_simulations/install/Stage/include/Stage-4.3/stage.hh:64[m[K,
                 from [01m[K/home/tungchiahui/UserFloder/mysource/ROS/ROS2_WS/6.ws_simulations/src/stage_ros2/./include/stage_ros2/stage_node.hpp:14[m[K,
                 from [01m[K/home/tungchiahui/UserFloder/mysource/ROS/ROS2_WS/6.ws_simulations/src/stage_ros2/src/camera.cpp:1[m[K:
[01m[K/opt/ros/humble/include/rclcpp/rclcpp/utilities.hpp:56:3:[m[K [01;31m[Kerror: [m[Kexpected identifier before numeric constant
   56 |   [01;31m[KNone[m[K,
      |   [01;31m[K^~~~[m[K
[01m[K/opt/ros/humble/include/rclcpp/rclcpp/utilities.hpp:56:3:[m[K [01;31m[Kerror: [m[Kexpected ‘[01m[K}[m[K’ before numeric constant
In file included from [01m[K/opt/ros/humble/include/rclcpp/rclcpp/logging.hpp:25[m[K,
                 from [01m[K/opt/ros/humble/include/rclcpp/rclcpp/client.hpp:40[m[K,
                 from [01m[K/opt/ros/humble/include/rclcpp/rclcpp/callback_group.hpp:24[m[K,
                 from [01m[K/opt/ros/humble/include/rclcpp/rclcpp/any_executable.hpp:20[m[K,
                 from [01m[K/opt/ros/humble/include/rclcpp/rclcpp/memory_strategy.hpp:25[m[K,
                 from [01m[K/opt/ros/humble/include/rclcpp/rclcpp/memory_strategies.hpp:18[m[K,
                 from [01m[K/opt/ros/humble/include/rclcpp/rclcpp/executor_options.hpp:20[m[K,
                 from [01m[K/opt/ros/humble/include/rclcpp/rclcpp/executor.hpp:37[m[K,
                 from [01m[K/opt/ros/humble/include/rclcpp/rclcpp/executors/multi_threaded_executor.hpp:25[m[K,
                 from [01m[K/opt/ros/humble/include/rclcpp/rclcpp/executors.hpp:21[m[K,
                 from [01m[K/opt/ros/humble/include/rclcpp/rclcpp/rclcpp.hpp:155[m[K,
                 from [01m[K/home/tungchiahui/UserFloder/mysource/ROS/ROS2_WS/6.ws_simulations/src/stage_ros2/./include/stage_ros2/stage_node.hpp:17[m[K,
                 from [01m[K/home/tungchiahui/UserFloder/mysource/ROS/ROS2_WS/6.ws_simulations/src/stage_ros2/src/camera.cpp:1[m[K:
[01m[K/opt/ros/humble/include/rclcpp/rclcpp/utilities.hpp:48:1:[m[K [01;36m[Knote: [m[Kto match this ‘[01m[K{[m[K’
   48 | [01;36m[K{[m[K
      | [01;36m[K^[m[K
In file included from [01m[K/usr/include/X11/Xlib.h:44[m[K,
                 from [01m[K/usr/include/FL/x.H:37[m[K,
                 from [01m[K/usr/include/FL/fl_draw.H:27[m[K,
                 from [01m[K/home/tungchiahui/UserFloder/mysource/ROS/ROS2_WS/6.ws_simulations/install/Stage/include/Stage-4.3/stage.hh:64[m[K,
                 from [01m[K/home/tungchiahui/UserFloder/mysource/ROS/ROS2_WS/6.ws_simulations/src/stage_ros2/./include/stage_ros2/stage_node.hpp:14[m[K,
                 from [01m[K/home/tungchiahui/UserFloder/mysource/ROS/ROS2_WS/6.ws_simulations/src/stage_ros2/src/camera.cpp:1[m[K:
[01m[K/opt/ros/humble/include/rclcpp/rclcpp/utilities.hpp:56:3:[m[K [01;31m[Kerror: [m[Kexpected unqualified-id before numeric constant
   56 |   [01;31m[KNone[m[K,
      |   [01;31m[K^~~~[m[K
In file included from [01m[K/opt/ros/humble/include/rclcpp/rclcpp/logging.hpp:25[m[K,
                 from [01m[K/opt/ros/humble/include/rclcpp/rclcpp/client.hpp:40[m[K,
                 from [01m[K/opt/ros/humble/include/rclcpp/rclcpp/callback_group.hpp:24[m[K,
                 from [01m[K/opt/ros/humble/include/rclcpp/rclcpp/any_executable.hpp:20[m[K,
                 from [01m[K/opt/ros/humble/include/rclcpp/rclcpp/memory_strategy.hpp:25[m[K,
                 from [01m[K/opt/ros/humble/include/rclcpp/rclcpp/memory_strategies.hpp:18[m[K,
                 from [01m[K/opt/ros/humble/include/rclcpp/rclcpp/executor_options.hpp:20[m[K,
                 from [01m[K/opt/ros/humble/include/rclcpp/rclcpp/executor.hpp:37[m[K,
                 from [01m[K/opt/ros/humble/include/rclcpp/rclcpp/executors/multi_threaded_executor.hpp:25[m[K,
                 from [01m[K/opt/ros/humble/include/rclcpp/rclcpp/executors.hpp:21[m[K,
                 from [01m[K/opt/ros/humble/include/rclcpp/rclcpp/rclcpp.hpp:155[m[K,
                 from [01m[K/home/tungchiahui/UserFloder/mysource/ROS/ROS2_WS/6.ws_simulations/src/stage_ros2/./include/stage_ros2/stage_node.hpp:17[m[K,
                 from [01m[K/home/tungchiahui/UserFloder/mysource/ROS/ROS2_WS/6.ws_simulations/src/stage_ros2/src/camera.cpp:1[m[K:
[01m[K/opt/ros/humble/include/rclcpp/rclcpp/utilities.hpp:78:9:[m[K [01;31m[Kerror: [m[K‘[01m[KInitOptions[m[K’ does not name a type
   78 |   const [01;31m[KInitOptions[m[K & init_options = InitOptions(),
      |         [01;31m[K^~~~~~~~~~~[m[K
[01m[K/opt/ros/humble/include/rclcpp/rclcpp/utilities.hpp:78:38:[m[K [01;31m[Kerror: [m[K‘[01m[KInitOptions[m[K’ was not declared in this scope; did you mean ‘[01m[Krclcpp::InitOptions[m[K’?
   78 |   const InitOptions & init_options = [01;31m[KInitOptions[m[K(),
      |                                      [01;31m[K^~~~~~~~~~~[m[K
      |                                      [32m[Krclcpp::InitOptions[m[K
In file included from [01m[K/opt/ros/humble/include/rclcpp/rclcpp/context.hpp:34[m[K,
                 from [01m[K/opt/ros/humble/include/rclcpp/rclcpp/executor.hpp:34[m[K,
                 from [01m[K/opt/ros/humble/include/rclcpp/rclcpp/executors/multi_threaded_executor.hpp:25[m[K,
                 from [01m[K/opt/ros/humble/include/rclcpp/rclcpp/executors.hpp:21[m[K,
                 from [01m[K/opt/ros/humble/include/rclcpp/rclcpp/rclcpp.hpp:155[m[K,
                 from [01m[K/home/tungchiahui/UserFloder/mysource/ROS/ROS2_WS/6.ws_simulations/src/stage_ros2/./include/stage_ros2/stage_node.hpp:17[m[K,
                 from [01m[K/home/tungchiahui/UserFloder/mysource/ROS/ROS2_WS/6.ws_simulations/src/stage_ros2/src/camera.cpp:1[m[K:
[01m[K/opt/ros/humble/include/rclcpp/rclcpp/init_options.hpp:28:7:[m[K [01;36m[Knote: [m[K‘[01m[Krclcpp::InitOptions[m[K’ declared here
   28 | class [01;36m[KInitOptions[m[K
      |       [01;36m[K^~~~~~~~~~~[m[K
In file included from [01m[K/opt/ros/humble/include/rclcpp/rclcpp/logging.hpp:25[m[K,
                 from [01m[K/opt/ros/humble/include/rclcpp/rclcpp/client.hpp:40[m[K,
                 from [01m[K/opt/ros/humble/include/rclcpp/rclcpp/callback_group.hpp:24[m[K,
                 from [01m[K/opt/ros/humble/include/rclcpp/rclcpp/any_executable.hpp:20[m[K,
                 from [01m[K/opt/ros/humble/include/rclcpp/rclcpp/memory_strategy.hpp:25[m[K,
                 from [01m[K/opt/ros/humble/include/rclcpp/rclcpp/memory_strategies.hpp:18[m[K,
                 from [01m[K/opt/ros/humble/include/rclcpp/rclcpp/executor_options.hpp:20[m[K,
                 from [01m[K/opt/ros/humble/include/rclcpp/rclcpp/executor.hpp:37[m[K,
                 from [01m[K/opt/ros/humble/include/rclcpp/rclcpp/executors/multi_threaded_executor.hpp:25[m[K,
                 from [01m[K/opt/ros/humble/include/rclcpp/rclcpp/executors.hpp:21[m[K,
                 from [01m[K/opt/ros/humble/include/rclcpp/rclcpp/rclcpp.hpp:155[m[K,
                 from [01m[K/home/tungchiahui/UserFloder/mysource/ROS/ROS2_WS/6.ws_simulations/src/stage_ros2/./include/stage_ros2/stage_node.hpp:17[m[K,
                 from [01m[K/home/tungchiahui/UserFloder/mysource/ROS/ROS2_WS/6.ws_simulations/src/stage_ros2/src/camera.cpp:1[m[K:
[01m[K/opt/ros/humble/include/rclcpp/rclcpp/utilities.hpp:79:3:[m[K [01;31m[Kerror: [m[K‘[01m[KSignalHandlerOptions[m[K’ has not been declared
   79 |   [01;31m[KSignalHandlerOptions[m[K signal_handler_options = SignalHandlerOptions::All);
      |   [01;31m[K^~~~~~~~~~~~~~~~~~~~[m[K
[01m[K/opt/ros/humble/include/rclcpp/rclcpp/utilities.hpp:79:49:[m[K [01;31m[Kerror: [m[K‘[01m[KSignalHandlerOptions[m[K’ has not been declared
   79 |   SignalHandlerOptions signal_handler_options = [01;31m[KSignalHandlerOptions[m[K::All);
      |                                                 [01;31m[K^~~~~~~~~~~~~~~~~~~~[m[K
In file included from [01m[K/usr/include/X11/Xlib.h:44[m[K,
                 from [01m[K/usr/include/FL/x.H:37[m[K,
                 from [01m[K/usr/include/FL/fl_draw.H:27[m[K,
                 from [01m[K/home/tungchiahui/UserFloder/mysource/ROS/ROS2_WS/6.ws_simulations/install/Stage/include/Stage-4.3/stage.hh:64[m[K,
                 from [01m[K/home/tungchiahui/UserFloder/mysource/ROS/ROS2_WS/6.ws_simulations/src/stage_ros2/./include/stage_ros2/stage_node.hpp:14[m[K,
                 from [01m[K/home/tungchiahui/UserFloder/mysource/ROS/ROS2_WS/6.ws_simulations/src/stage_ros2/src/vehicle.cpp:1[m[K:
[01m[K/opt/ros/humble/include/rclcpp/rclcpp/utilities.hpp:56:3:[m[K [01;31m[Kerror: [m[Kexpected identifier before numeric constant
   56 |   [01;31m[KNone[m[K,
      |   [01;31m[K^~~~[m[K
[01m[K/opt/ros/humble/include/rclcpp/rclcpp/utilities.hpp:56:3:[m[K [01;31m[Kerror: [m[Kexpected ‘[01m[K}[m[K’ before numeric constant
In file included from [01m[K/opt/ros/humble/include/rclcpp/rclcpp/logging.hpp:25[m[K,
                 from [01m[K/opt/ros/humble/include/rclcpp/rclcpp/client.hpp:40[m[K,
                 from [01m[K/opt/ros/humble/include/rclcpp/rclcpp/callback_group.hpp:24[m[K,
                 from [01m[K/opt/ros/humble/include/rclcpp/rclcpp/any_executable.hpp:20[m[K,
                 from [01m[K/opt/ros/humble/include/rclcpp/rclcpp/memory_strategy.hpp:25[m[K,
                 from [01m[K/opt/ros/humble/include/rclcpp/rclcpp/memory_strategies.hpp:18[m[K,
                 from [01m[K/opt/ros/humble/include/rclcpp/rclcpp/executor_options.hpp:20[m[K,
                 from [01m[K/opt/ros/humble/include/rclcpp/rclcpp/executor.hpp:37[m[K,
                 from [01m[K/opt/ros/humble/include/rclcpp/rclcpp/executors/multi_threaded_executor.hpp:25[m[K,
                 from [01m[K/opt/ros/humble/include/rclcpp/rclcpp/executors.hpp:21[m[K,
                 from [01m[K/opt/ros/humble/include/rclcpp/rclcpp/rclcpp.hpp:155[m[K,
                 from [01m[K/home/tungchiahui/UserFloder/mysource/ROS/ROS2_WS/6.ws_simulations/src/stage_ros2/./include/stage_ros2/stage_node.hpp:17[m[K,
                 from [01m[K/home/tungchiahui/UserFloder/mysource/ROS/ROS2_WS/6.ws_simulations/src/stage_ros2/src/vehicle.cpp:1[m[K:
[01m[K/opt/ros/humble/include/rclcpp/rclcpp/utilities.hpp:48:1:[m[K [01;36m[Knote: [m[Kto match this ‘[01m[K{[m[K’
   48 | [01;36m[K{[m[K
      | [01;36m[K^[m[K
In file included from [01m[K/usr/include/X11/Xlib.h:44[m[K,
                 from [01m[K/usr/include/FL/x.H:37[m[K,
                 from [01m[K/usr/include/FL/fl_draw.H:27[m[K,
                 from [01m[K/home/tungchiahui/UserFloder/mysource/ROS/ROS2_WS/6.ws_simulations/install/Stage/include/Stage-4.3/stage.hh:64[m[K,
                 from [01m[K/home/tungchiahui/UserFloder/mysource/ROS/ROS2_WS/6.ws_simulations/src/stage_ros2/./include/stage_ros2/stage_node.hpp:14[m[K,
                 from [01m[K/home/tungchiahui/UserFloder/mysource/ROS/ROS2_WS/6.ws_simulations/src/stage_ros2/src/vehicle.cpp:1[m[K:
[01m[K/opt/ros/humble/include/rclcpp/rclcpp/utilities.hpp:56:3:[m[K [01;31m[Kerror: [m[Kexpected unqualified-id before numeric constant
   56 |   [01;31m[KNone[m[K,
      |   [01;31m[K^~~~[m[K
[01m[K/opt/ros/humble/include/rclcpp/rclcpp/utilities.hpp:98:25:[m[K [01;31m[Kerror: [m[K‘[01m[KSignalHandlerOptions[m[K’ was not declared in this scope; did you mean ‘[01m[Krclcpp::SignalHandlerOptions[m[K’?
   98 | install_signal_handlers([01;31m[KSignalHandlerOptions[m[K signal_handler_options = SignalHandlerOptions::All);
      |                         [01;31m[K^~~~~~~~~~~~~~~~~~~~[m[K
      |                         [32m[Krclcpp::SignalHandlerOptions[m[K
[01m[K/opt/ros/humble/include/rclcpp/rclcpp/utilities.hpp:47:12:[m[K [01;36m[Knote: [m[K‘[01m[Krclcpp::SignalHandlerOptions[m[K’ declared here
   47 | enum class [01;36m[KSignalHandlerOptions[m[K
      |            [01;36m[K^~~~~~~~~~~~~~~~~~~~[m[K
In file included from [01m[K/usr/include/X11/Xlib.h:44[m[K,
                 from [01m[K/usr/include/FL/x.H:37[m[K,
                 from [01m[K/usr/include/FL/fl_draw.H:27[m[K,
                 from [01m[K/home/tungchiahui/UserFloder/mysource/ROS/ROS2_WS/6.ws_simulations/install/Stage/include/Stage-4.3/stage.hh:64[m[K,
                 from [01m[K/home/tungchiahui/UserFloder/mysource/ROS/ROS2_WS/6.ws_simulations/src/stage_ros2/./include/stage_ros2/stage_node.hpp:14[m[K,
                 from [01m[K/home/tungchiahui/UserFloder/mysource/ROS/ROS2_WS/6.ws_simulations/src/stage_ros2/src/ranger.cpp:1[m[K:
[01m[K/opt/ros/humble/include/rclcpp/rclcpp/utilities.hpp:56:3:[m[K [01;31m[Kerror: [m[Kexpected identifier before numeric constant
   56 |   [01;31m[KNone[m[K,
      |   [01;31m[K^~~~[m[K
[01m[K/opt/ros/humble/include/rclcpp/rclcpp/utilities.hpp:56:3:[m[K [01;31m[Kerror: [m[Kexpected ‘[01m[K}[m[K’ before numeric constant
In file included from [01m[K/opt/ros/humble/include/rclcpp/rclcpp/logging.hpp:25[m[K,
                 from [01m[K/opt/ros/humble/include/rclcpp/rclcpp/client.hpp:40[m[K,
                 from [01m[K/opt/ros/humble/include/rclcpp/rclcpp/callback_group.hpp:24[m[K,
                 from [01m[K/opt/ros/humble/include/rclcpp/rclcpp/any_executable.hpp:20[m[K,
                 from [01m[K/opt/ros/humble/include/rclcpp/rclcpp/memory_strategy.hpp:25[m[K,
                 from [01m[K/opt/ros/humble/include/rclcpp/rclcpp/memory_strategies.hpp:18[m[K,
                 from [01m[K/opt/ros/humble/include/rclcpp/rclcpp/executor_options.hpp:20[m[K,
                 from [01m[K/opt/ros/humble/include/rclcpp/rclcpp/executor.hpp:37[m[K,
                 from [01m[K/opt/ros/humble/include/rclcpp/rclcpp/executors/multi_threaded_executor.hpp:25[m[K,
                 from [01m[K/opt/ros/humble/include/rclcpp/rclcpp/executors.hpp:21[m[K,
                 from [01m[K/opt/ros/humble/include/rclcpp/rclcpp/rclcpp.hpp:155[m[K,
                 from [01m[K/home/tungchiahui/UserFloder/mysource/ROS/ROS2_WS/6.ws_simulations/src/stage_ros2/./include/stage_ros2/stage_node.hpp:17[m[K,
                 from [01m[K/home/tungchiahui/UserFloder/mysource/ROS/ROS2_WS/6.ws_simulations/src/stage_ros2/src/ranger.cpp:1[m[K:
[01m[K/opt/ros/humble/include/rclcpp/rclcpp/utilities.hpp:48:1:[m[K [01;36m[Knote: [m[Kto match this ‘[01m[K{[m[K’
   48 | [01;36m[K{[m[K
      | [01;36m[K^[m[K
In file included from [01m[K/usr/include/X11/Xlib.h:44[m[K,
                 from [01m[K/usr/include/FL/x.H:37[m[K,
                 from [01m[K/usr/include/FL/fl_draw.H:27[m[K,
                 from [01m[K/home/tungchiahui/UserFloder/mysource/ROS/ROS2_WS/6.ws_simulations/install/Stage/include/Stage-4.3/stage.hh:64[m[K,
                 from [01m[K/home/tungchiahui/UserFloder/mysource/ROS/ROS2_WS/6.ws_simulations/src/stage_ros2/./include/stage_ros2/stage_node.hpp:14[m[K,
                 from [01m[K/home/tungchiahui/UserFloder/mysource/ROS/ROS2_WS/6.ws_simulations/src/stage_ros2/src/ranger.cpp:1[m[K:
[01m[K/opt/ros/humble/include/rclcpp/rclcpp/utilities.hpp:56:3:[m[K [01;31m[Kerror: [m[Kexpected unqualified-id before numeric constant
   56 |   [01;31m[KNone[m[K,
      |   [01;31m[K^~~~[m[K
In file included from [01m[K/usr/include/X11/Xlib.h:44[m[K,
                 from [01m[K/usr/include/FL/x.H:37[m[K,
                 from [01m[K/usr/include/FL/fl_draw.H:27[m[K,
                 from [01m[K/home/tungchiahui/UserFloder/mysource/ROS/ROS2_WS/6.ws_simulations/install/Stage/include/Stage-4.3/stage.hh:64[m[K,
                 from [01m[K/home/tungchiahui/UserFloder/mysource/ROS/ROS2_WS/6.ws_simulations/src/stage_ros2/./include/stage_ros2/stage_node.hpp:14[m[K,
                 from [01m[K/home/tungchiahui/UserFloder/mysource/ROS/ROS2_WS/6.ws_simulations/src/stage_ros2/src/stage_node.cpp:1[m[K:
[01m[K/opt/ros/humble/include/rclcpp/rclcpp/utilities.hpp:56:3:[m[K [01;31m[Kerror: [m[Kexpected identifier before numeric constant
   56 |   [01;31m[KNone[m[K,
      |   [01;31m[K^~~~[m[K
[01m[K/opt/ros/humble/include/rclcpp/rclcpp/utilities.hpp:56:3:[m[K [01;31m[Kerror: [m[Kexpected ‘[01m[K}[m[K’ before numeric constant
In file included from [01m[K/opt/ros/humble/include/rclcpp/rclcpp/logging.hpp:25[m[K,
                 from [01m[K/opt/ros/humble/include/rclcpp/rclcpp/client.hpp:40[m[K,
                 from [01m[K/opt/ros/humble/include/rclcpp/rclcpp/callback_group.hpp:24[m[K,
                 from [01m[K/opt/ros/humble/include/rclcpp/rclcpp/any_executable.hpp:20[m[K,
                 from [01m[K/opt/ros/humble/include/rclcpp/rclcpp/memory_strategy.hpp:25[m[K,
                 from [01m[K/opt/ros/humble/include/rclcpp/rclcpp/memory_strategies.hpp:18[m[K,
                 from [01m[K/opt/ros/humble/include/rclcpp/rclcpp/executor_options.hpp:20[m[K,
                 from [01m[K/opt/ros/humble/include/rclcpp/rclcpp/executor.hpp:37[m[K,
                 from [01m[K/opt/ros/humble/include/rclcpp/rclcpp/executors/multi_threaded_executor.hpp:25[m[K,
                 from [01m[K/opt/ros/humble/include/rclcpp/rclcpp/executors.hpp:21[m[K,
                 from [01m[K/opt/ros/humble/include/rclcpp/rclcpp/rclcpp.hpp:155[m[K,
                 from [01m[K/home/tungchiahui/UserFloder/mysource/ROS/ROS2_WS/6.ws_simulations/src/stage_ros2/./include/stage_ros2/stage_node.hpp:17[m[K,
                 from [01m[K/home/tungchiahui/UserFloder/mysource/ROS/ROS2_WS/6.ws_simulations/src/stage_ros2/src/stage_node.cpp:1[m[K:
[01m[K/opt/ros/humble/include/rclcpp/rclcpp/utilities.hpp:48:1:[m[K [01;36m[Knote: [m[Kto match this ‘[01m[K{[m[K’
   48 | [01;36m[K{[m[K
      | [01;36m[K^[m[K
In file included from [01m[K/usr/include/X11/Xlib.h:44[m[K,
                 from [01m[K/usr/include/FL/x.H:37[m[K,
                 from [01m[K/usr/include/FL/fl_draw.H:27[m[K,
                 from [01m[K/home/tungchiahui/UserFloder/mysource/ROS/ROS2_WS/6.ws_simulations/install/Stage/include/Stage-4.3/stage.hh:64[m[K,
                 from [01m[K/home/tungchiahui/UserFloder/mysource/ROS/ROS2_WS/6.ws_simulations/src/stage_ros2/./include/stage_ros2/stage_node.hpp:14[m[K,
                 from [01m[K/home/tungchiahui/UserFloder/mysource/ROS/ROS2_WS/6.ws_simulations/src/stage_ros2/src/stage_node.cpp:1[m[K:
[01m[K/opt/ros/humble/include/rclcpp/rclcpp/utilities.hpp:56:3:[m[K [01;31m[Kerror: [m[Kexpected unqualified-id before numeric constant
   56 |   [01;31m[KNone[m[K,
      |   [01;31m[K^~~~[m[K
In file included from [01m[K/opt/ros/humble/include/rclcpp/rclcpp/logging.hpp:25[m[K,
                 from [01m[K/opt/ros/humble/include/rclcpp/rclcpp/client.hpp:40[m[K,
                 from [01m[K/opt/ros/humble/include/rclcpp/rclcpp/callback_group.hpp:24[m[K,
                 from [01m[K/opt/ros/humble/include/rclcpp/rclcpp/any_executable.hpp:20[m[K,
                 from [01m[K/opt/ros/humble/include/rclcpp/rclcpp/memory_strategy.hpp:25[m[K,
                 from [01m[K/opt/ros/humble/include/rclcpp/rclcpp/memory_strategies.hpp:18[m[K,
                 from [01m[K/opt/ros/humble/include/rclcpp/rclcpp/executor_options.hpp:20[m[K,
                 from [01m[K/opt/ros/humble/include/rclcpp/rclcpp/executor.hpp:37[m[K,
                 from [01m[K/opt/ros/humble/include/rclcpp/rclcpp/executors/multi_threaded_executor.hpp:25[m[K,
                 from [01m[K/opt/ros/humble/include/rclcpp/rclcpp/executors.hpp:21[m[K,
                 from [01m[K/opt/ros/humble/include/rclcpp/rclcpp/rclcpp.hpp:155[m[K,
                 from [01m[K/home/tungchiahui/UserFloder/mysource/ROS/ROS2_WS/6.ws_simulations/src/stage_ros2/./include/stage_ros2/stage_node.hpp:17[m[K,
                 from [01m[K/home/tungchiahui/UserFloder/mysource/ROS/ROS2_WS/6.ws_simulations/src/stage_ros2/src/vehicle.cpp:1[m[K:
[01m[K/opt/ros/humble/include/rclcpp/rclcpp/utilities.hpp:78:9:[m[K [01;31m[Kerror: [m[K‘[01m[KInitOptions[m[K’ does not name a type
   78 |   const [01;31m[KInitOptions[m[K & init_options = InitOptions(),
      |         [01;31m[K^~~~~~~~~~~[m[K
[01m[K/opt/ros/humble/include/rclcpp/rclcpp/utilities.hpp:78:38:[m[K [01;31m[Kerror: [m[K‘[01m[KInitOptions[m[K’ was not declared in this scope; did you mean ‘[01m[Krclcpp::InitOptions[m[K’?
   78 |   const InitOptions & init_options = [01;31m[KInitOptions[m[K(),
      |                                      [01;31m[K^~~~~~~~~~~[m[K
      |                                      [32m[Krclcpp::InitOptions[m[K
In file included from [01m[K/opt/ros/humble/include/rclcpp/rclcpp/context.hpp:34[m[K,
                 from [01m[K/opt/ros/humble/include/rclcpp/rclcpp/executor.hpp:34[m[K,
                 from [01m[K/opt/ros/humble/include/rclcpp/rclcpp/executors/multi_threaded_executor.hpp:25[m[K,
                 from [01m[K/opt/ros/humble/include/rclcpp/rclcpp/executors.hpp:21[m[K,
                 from [01m[K/opt/ros/humble/include/rclcpp/rclcpp/rclcpp.hpp:155[m[K,
                 from [01m[K/home/tungchiahui/UserFloder/mysource/ROS/ROS2_WS/6.ws_simulations/src/stage_ros2/./include/stage_ros2/stage_node.hpp:17[m[K,
                 from [01m[K/home/tungchiahui/UserFloder/mysource/ROS/ROS2_WS/6.ws_simulations/src/stage_ros2/src/vehicle.cpp:1[m[K:
[01m[K/opt/ros/humble/include/rclcpp/rclcpp/init_options.hpp:28:7:[m[K [01;36m[Knote: [m[K‘[01m[Krclcpp::InitOptions[m[K’ declared here
   28 | class [01;36m[KInitOptions[m[K
      |       [01;36m[K^~~~~~~~~~~[m[K
In file included from [01m[K/opt/ros/humble/include/rclcpp/rclcpp/logging.hpp:25[m[K,
                 from [01m[K/opt/ros/humble/include/rclcpp/rclcpp/client.hpp:40[m[K,
                 from [01m[K/opt/ros/humble/include/rclcpp/rclcpp/callback_group.hpp:24[m[K,
                 from [01m[K/opt/ros/humble/include/rclcpp/rclcpp/any_executable.hpp:20[m[K,
                 from [01m[K/opt/ros/humble/include/rclcpp/rclcpp/memory_strategy.hpp:25[m[K,
                 from [01m[K/opt/ros/humble/include/rclcpp/rclcpp/memory_strategies.hpp:18[m[K,
                 from [01m[K/opt/ros/humble/include/rclcpp/rclcpp/executor_options.hpp:20[m[K,
                 from [01m[K/opt/ros/humble/include/rclcpp/rclcpp/executor.hpp:37[m[K,
                 from [01m[K/opt/ros/humble/include/rclcpp/rclcpp/executors/multi_threaded_executor.hpp:25[m[K,
                 from [01m[K/opt/ros/humble/include/rclcpp/rclcpp/executors.hpp:21[m[K,
                 from [01m[K/opt/ros/humble/include/rclcpp/rclcpp/rclcpp.hpp:155[m[K,
                 from [01m[K/home/tungchiahui/UserFloder/mysource/ROS/ROS2_WS/6.ws_simulations/src/stage_ros2/./include/stage_ros2/stage_node.hpp:17[m[K,
                 from [01m[K/home/tungchiahui/UserFloder/mysource/ROS/ROS2_WS/6.ws_simulations/src/stage_ros2/src/vehicle.cpp:1[m[K:
[01m[K/opt/ros/humble/include/rclcpp/rclcpp/utilities.hpp:79:3:[m[K [01;31m[Kerror: [m[K‘[01m[KSignalHandlerOptions[m[K’ has not been declared
   79 |   [01;31m[KSignalHandlerOptions[m[K signal_handler_options = SignalHandlerOptions::All);
      |   [01;31m[K^~~~~~~~~~~~~~~~~~~~[m[K
[01m[K/opt/ros/humble/include/rclcpp/rclcpp/utilities.hpp:79:49:[m[K [01;31m[Kerror: [m[K‘[01m[KSignalHandlerOptions[m[K’ has not been declared
   79 |   SignalHandlerOptions signal_handler_options = [01;31m[KSignalHandlerOptions[m[K::All);
      |                                                 [01;31m[K^~~~~~~~~~~~~~~~~~~~[m[K
[01m[K/opt/ros/humble/include/rclcpp/rclcpp/utilities.hpp:98:25:[m[K [01;31m[Kerror: [m[K‘[01m[KSignalHandlerOptions[m[K’ was not declared in this scope; did you mean ‘[01m[Krclcpp::SignalHandlerOptions[m[K’?
   98 | install_signal_handlers([01;31m[KSignalHandlerOptions[m[K signal_handler_options = SignalHandlerOptions::All);
      |                         [01;31m[K^~~~~~~~~~~~~~~~~~~~[m[K
      |                         [32m[Krclcpp::SignalHandlerOptions[m[K
[01m[K/opt/ros/humble/include/rclcpp/rclcpp/utilities.hpp:47:12:[m[K [01;36m[Knote: [m[K‘[01m[Krclcpp::SignalHandlerOptions[m[K’ declared here
   47 | enum class [01;36m[KSignalHandlerOptions[m[K
      |            [01;36m[K^~~~~~~~~~~~~~~~~~~~[m[K
In file included from [01m[K/opt/ros/humble/include/rclcpp/rclcpp/logging.hpp:25[m[K,
                 from [01m[K/opt/ros/humble/include/rclcpp/rclcpp/client.hpp:40[m[K,
                 from [01m[K/opt/ros/humble/include/rclcpp/rclcpp/callback_group.hpp:24[m[K,
                 from [01m[K/opt/ros/humble/include/rclcpp/rclcpp/any_executable.hpp:20[m[K,
                 from [01m[K/opt/ros/humble/include/rclcpp/rclcpp/memory_strategy.hpp:25[m[K,
                 from [01m[K/opt/ros/humble/include/rclcpp/rclcpp/memory_strategies.hpp:18[m[K,
                 from [01m[K/opt/ros/humble/include/rclcpp/rclcpp/executor_options.hpp:20[m[K,
                 from [01m[K/opt/ros/humble/include/rclcpp/rclcpp/executor.hpp:37[m[K,
                 from [01m[K/opt/ros/humble/include/rclcpp/rclcpp/executors/multi_threaded_executor.hpp:25[m[K,
                 from [01m[K/opt/ros/humble/include/rclcpp/rclcpp/executors.hpp:21[m[K,
                 from [01m[K/opt/ros/humble/include/rclcpp/rclcpp/rclcpp.hpp:155[m[K,
                 from [01m[K/home/tungchiahui/UserFloder/mysource/ROS/ROS2_WS/6.ws_simulations/src/stage_ros2/./include/stage_ros2/stage_node.hpp:17[m[K,
                 from [01m[K/home/tungchiahui/UserFloder/mysource/ROS/ROS2_WS/6.ws_simulations/src/stage_ros2/src/stage_node.cpp:1[m[K:
[01m[K/opt/ros/humble/include/rclcpp/rclcpp/utilities.hpp:78:9:[m[K [01;31m[Kerror: [m[K‘[01m[KInitOptions[m[K’ does not name a type
   78 |   const [01;31m[KInitOptions[m[K & init_options = InitOptions(),
      |         [01;31m[K^~~~~~~~~~~[m[K
In file included from [01m[K/opt/ros/humble/include/rclcpp/rclcpp/logging.hpp:25[m[K,
                 from [01m[K/opt/ros/humble/include/rclcpp/rclcpp/client.hpp:40[m[K,
                 from [01m[K/opt/ros/humble/include/rclcpp/rclcpp/callback_group.hpp:24[m[K,
                 from [01m[K/opt/ros/humble/include/rclcpp/rclcpp/any_executable.hpp:20[m[K,
                 from [01m[K/opt/ros/humble/include/rclcpp/rclcpp/memory_strategy.hpp:25[m[K,
                 from [01m[K/opt/ros/humble/include/rclcpp/rclcpp/memory_strategies.hpp:18[m[K,
                 from [01m[K/opt/ros/humble/include/rclcpp/rclcpp/executor_options.hpp:20[m[K,
                 from [01m[K/opt/ros/humble/include/rclcpp/rclcpp/executor.hpp:37[m[K,
                 from [01m[K/opt/ros/humble/include/rclcpp/rclcpp/executors/multi_threaded_executor.hpp:25[m[K,
                 from [01m[K/opt/ros/humble/include/rclcpp/rclcpp/executors.hpp:21[m[K,
                 from [01m[K/opt/ros/humble/include/rclcpp/rclcpp/rclcpp.hpp:155[m[K,
                 from [01m[K/home/tungchiahui/UserFloder/mysource/ROS/ROS2_WS/6.ws_simulations/src/stage_ros2/./include/stage_ros2/stage_node.hpp:17[m[K,
                 from [01m[K/home/tungchiahui/UserFloder/mysource/ROS/ROS2_WS/6.ws_simulations/src/stage_ros2/src/ranger.cpp:1[m[K:
[01m[K/opt/ros/humble/include/rclcpp/rclcpp/utilities.hpp:78:9:[m[K [01;31m[Kerror: [m[K‘[01m[KInitOptions[m[K’ does not name a type
   78 |   const [01;31m[KInitOptions[m[K & init_options = InitOptions(),
      |         [01;31m[K^~~~~~~~~~~[m[K
[01m[K/opt/ros/humble/include/rclcpp/rclcpp/utilities.hpp:78:38:[m[K [01;31m[Kerror: [m[K‘[01m[KInitOptions[m[K’ was not declared in this scope; did you mean ‘[01m[Krclcpp::InitOptions[m[K’?
   78 |   const InitOptions & init_options = [01;31m[KInitOptions[m[K(),
      |                                      [01;31m[K^~~~~~~~~~~[m[K
      |                                      [32m[Krclcpp::InitOptions[m[K
In file included from [01m[K/opt/ros/humble/include/rclcpp/rclcpp/context.hpp:34[m[K,
                 from [01m[K/opt/ros/humble/include/rclcpp/rclcpp/executor.hpp:34[m[K,
                 from [01m[K/opt/ros/humble/include/rclcpp/rclcpp/executors/multi_threaded_executor.hpp:25[m[K,
                 from [01m[K/opt/ros/humble/include/rclcpp/rclcpp/executors.hpp:21[m[K,
                 from [01m[K/opt/ros/humble/include/rclcpp/rclcpp/rclcpp.hpp:155[m[K,
                 from [01m[K/home/tungchiahui/UserFloder/mysource/ROS/ROS2_WS/6.ws_simulations/src/stage_ros2/./include/stage_ros2/stage_node.hpp:17[m[K,
                 from [01m[K/home/tungchiahui/UserFloder/mysource/ROS/ROS2_WS/6.ws_simulations/src/stage_ros2/src/stage_node.cpp:1[m[K:
[01m[K/opt/ros/humble/include/rclcpp/rclcpp/init_options.hpp:28:7:[m[K [01;36m[Knote: [m[K‘[01m[Krclcpp::InitOptions[m[K’ declared here
   28 | class [01;36m[KInitOptions[m[K
      |       [01;36m[K^~~~~~~~~~~[m[K
In file included from [01m[K/opt/ros/humble/include/rclcpp/rclcpp/logging.hpp:25[m[K,
                 from [01m[K/opt/ros/humble/include/rclcpp/rclcpp/client.hpp:40[m[K,
                 from [01m[K/opt/ros/humble/include/rclcpp/rclcpp/callback_group.hpp:24[m[K,
                 from [01m[K/opt/ros/humble/include/rclcpp/rclcpp/any_executable.hpp:20[m[K,
                 from [01m[K/opt/ros/humble/include/rclcpp/rclcpp/memory_strategy.hpp:25[m[K,
                 from [01m[K/opt/ros/humble/include/rclcpp/rclcpp/memory_strategies.hpp:18[m[K,
                 from [01m[K/opt/ros/humble/include/rclcpp/rclcpp/executor_options.hpp:20[m[K,
                 from [01m[K/opt/ros/humble/include/rclcpp/rclcpp/executor.hpp:37[m[K,
                 from [01m[K/opt/ros/humble/include/rclcpp/rclcpp/executors/multi_threaded_executor.hpp:25[m[K,
                 from [01m[K/opt/ros/humble/include/rclcpp/rclcpp/executors.hpp:21[m[K,
                 from [01m[K/opt/ros/humble/include/rclcpp/rclcpp/rclcpp.hpp:155[m[K,
                 from [01m[K/home/tungchiahui/UserFloder/mysource/ROS/ROS2_WS/6.ws_simulations/src/stage_ros2/./include/stage_ros2/stage_node.hpp:17[m[K,
                 from [01m[K/home/tungchiahui/UserFloder/mysource/ROS/ROS2_WS/6.ws_simulations/src/stage_ros2/src/stage_node.cpp:1[m[K:
[01m[K/opt/ros/humble/include/rclcpp/rclcpp/utilities.hpp:79:3:[m[K [01;31m[Kerror: [m[K‘[01m[KSignalHandlerOptions[m[K’ has not been declared
   79 |   [01;31m[KSignalHandlerOptions[m[K signal_handler_options = SignalHandlerOptions::All);
      |   [01;31m[K^~~~~~~~~~~~~~~~~~~~[m[K
[01m[K/opt/ros/humble/include/rclcpp/rclcpp/utilities.hpp:78:38:[m[K [01;31m[Kerror: [m[K‘[01m[KInitOptions[m[K’ was not declared in this scope; did you mean ‘[01m[Krclcpp::InitOptions[m[K’?
   78 |   const InitOptions & init_options = [01;31m[KInitOptions[m[K(),
      |                                      [01;31m[K^~~~~~~~~~~[m[K
      |                                      [32m[Krclcpp::InitOptions[m[K
[01m[K/opt/ros/humble/include/rclcpp/rclcpp/utilities.hpp:79:49:[m[K [01;31m[Kerror: [m[K‘[01m[KSignalHandlerOptions[m[K’ has not been declared
   79 |   SignalHandlerOptions signal_handler_options = [01;31m[KSignalHandlerOptions[m[K::All);
      |                                                 [01;31m[K^~~~~~~~~~~~~~~~~~~~[m[K
In file included from [01m[K/opt/ros/humble/include/rclcpp/rclcpp/context.hpp:34[m[K,
                 from [01m[K/opt/ros/humble/include/rclcpp/rclcpp/executor.hpp:34[m[K,
                 from [01m[K/opt/ros/humble/include/rclcpp/rclcpp/executors/multi_threaded_executor.hpp:25[m[K,
                 from [01m[K/opt/ros/humble/include/rclcpp/rclcpp/executors.hpp:21[m[K,
                 from [01m[K/opt/ros/humble/include/rclcpp/rclcpp/rclcpp.hpp:155[m[K,
                 from [01m[K/home/tungchiahui/UserFloder/mysource/ROS/ROS2_WS/6.ws_simulations/src/stage_ros2/./include/stage_ros2/stage_node.hpp:17[m[K,
                 from [01m[K/home/tungchiahui/UserFloder/mysource/ROS/ROS2_WS/6.ws_simulations/src/stage_ros2/src/ranger.cpp:1[m[K:
[01m[K/opt/ros/humble/include/rclcpp/rclcpp/init_options.hpp:28:7:[m[K [01;36m[Knote: [m[K‘[01m[Krclcpp::InitOptions[m[K’ declared here
   28 | class [01;36m[KInitOptions[m[K
      |       [01;36m[K^~~~~~~~~~~[m[K
In file included from [01m[K/opt/ros/humble/include/rclcpp/rclcpp/logging.hpp:25[m[K,
                 from [01m[K/opt/ros/humble/include/rclcpp/rclcpp/client.hpp:40[m[K,
                 from [01m[K/opt/ros/humble/include/rclcpp/rclcpp/callback_group.hpp:24[m[K,
                 from [01m[K/opt/ros/humble/include/rclcpp/rclcpp/any_executable.hpp:20[m[K,
                 from [01m[K/opt/ros/humble/include/rclcpp/rclcpp/memory_strategy.hpp:25[m[K,
                 from [01m[K/opt/ros/humble/include/rclcpp/rclcpp/memory_strategies.hpp:18[m[K,
                 from [01m[K/opt/ros/humble/include/rclcpp/rclcpp/executor_options.hpp:20[m[K,
                 from [01m[K/opt/ros/humble/include/rclcpp/rclcpp/executor.hpp:37[m[K,
                 from [01m[K/opt/ros/humble/include/rclcpp/rclcpp/executors/multi_threaded_executor.hpp:25[m[K,
                 from [01m[K/opt/ros/humble/include/rclcpp/rclcpp/executors.hpp:21[m[K,
                 from [01m[K/opt/ros/humble/include/rclcpp/rclcpp/rclcpp.hpp:155[m[K,
                 from [01m[K/home/tungchiahui/UserFloder/mysource/ROS/ROS2_WS/6.ws_simulations/src/stage_ros2/./include/stage_ros2/stage_node.hpp:17[m[K,
                 from [01m[K/home/tungchiahui/UserFloder/mysource/ROS/ROS2_WS/6.ws_simulations/src/stage_ros2/src/ranger.cpp:1[m[K:
[01m[K/opt/ros/humble/include/rclcpp/rclcpp/utilities.hpp:79:3:[m[K [01;31m[Kerror: [m[K‘[01m[KSignalHandlerOptions[m[K’ has not been declared
   79 |   [01;31m[KSignalHandlerOptions[m[K signal_handler_options = SignalHandlerOptions::All);
      |   [01;31m[K^~~~~~~~~~~~~~~~~~~~[m[K
[01m[K/opt/ros/humble/include/rclcpp/rclcpp/utilities.hpp:79:49:[m[K [01;31m[Kerror: [m[K‘[01m[KSignalHandlerOptions[m[K’ has not been declared
   79 |   SignalHandlerOptions signal_handler_options = [01;31m[KSignalHandlerOptions[m[K::All);
      |                                                 [01;31m[K^~~~~~~~~~~~~~~~~~~~[m[K
[01m[K/opt/ros/humble/include/rclcpp/rclcpp/utilities.hpp:98:25:[m[K [01;31m[Kerror: [m[K‘[01m[KSignalHandlerOptions[m[K’ was not declared in this scope; did you mean ‘[01m[Krclcpp::SignalHandlerOptions[m[K’?
   98 | install_signal_handlers([01;31m[KSignalHandlerOptions[m[K signal_handler_options = SignalHandlerOptions::All);
      |                         [01;31m[K^~~~~~~~~~~~~~~~~~~~[m[K
      |                         [32m[Krclcpp::SignalHandlerOptions[m[K
[01m[K/opt/ros/humble/include/rclcpp/rclcpp/utilities.hpp:47:12:[m[K [01;36m[Knote: [m[K‘[01m[Krclcpp::SignalHandlerOptions[m[K’ declared here
   47 | enum class [01;36m[KSignalHandlerOptions[m[K
      |            [01;36m[K^~~~~~~~~~~~~~~~~~~~[m[K
[01m[K/opt/ros/humble/include/rclcpp/rclcpp/utilities.hpp:98:25:[m[K [01;31m[Kerror: [m[K‘[01m[KSignalHandlerOptions[m[K’ was not declared in this scope; did you mean ‘[01m[Krclcpp::SignalHandlerOptions[m[K’?
   98 | install_signal_handlers([01;31m[KSignalHandlerOptions[m[K signal_handler_options = SignalHandlerOptions::All);
      |                         [01;31m[K^~~~~~~~~~~~~~~~~~~~[m[K
      |                         [32m[Krclcpp::SignalHandlerOptions[m[K
[01m[K/opt/ros/humble/include/rclcpp/rclcpp/utilities.hpp:47:12:[m[K [01;36m[Knote: [m[K‘[01m[Krclcpp::SignalHandlerOptions[m[K’ declared here
   47 | enum class [01;36m[KSignalHandlerOptions[m[K
      |            [01;36m[K^~~~~~~~~~~~~~~~~~~~[m[K
[01m[K/opt/ros/humble/include/rclcpp/rclcpp/utilities.hpp:110:1:[m[K [01;31m[Kerror: [m[K‘[01m[KSignalHandlerOptions[m[K’ does not name a type
  110 | [01;31m[KSignalHandlerOptions[m[K
      | [01;31m[K^~~~~~~~~~~~~~~~~~~~[m[K
[01m[K/opt/ros/humble/include/rclcpp/rclcpp/utilities.hpp:110:1:[m[K [01;31m[Kerror: [m[K‘[01m[KSignalHandlerOptions[m[K’ does not name a type
  110 | [01;31m[KSignalHandlerOptions[m[K
      | [01;31m[K^~~~~~~~~~~~~~~~~~~~[m[K
[01m[K/opt/ros/humble/include/rclcpp/rclcpp/utilities.hpp:110:1:[m[K [01;31m[Kerror: [m[K‘[01m[KSignalHandlerOptions[m[K’ does not name a type
  110 | [01;31m[KSignalHandlerOptions[m[K
      | [01;31m[K^~~~~~~~~~~~~~~~~~~~[m[K
[01m[K/opt/ros/humble/include/rclcpp/rclcpp/utilities.hpp:110:1:[m[K [01;31m[Kerror: [m[K‘[01m[KSignalHandlerOptions[m[K’ does not name a type
  110 | [01;31m[KSignalHandlerOptions[m[K
      | [01;31m[K^~~~~~~~~~~~~~~~~~~~[m[K
[01m[K/opt/ros/humble/include/rclcpp/rclcpp/utilities.hpp:143:9:[m[K [01;31m[Kerror: [m[K‘[01m[KInitOptions[m[K’ does not name a type
  143 |   const [01;31m[KInitOptions[m[K & init_options = InitOptions());
      |         [01;31m[K^~~~~~~~~~~[m[K
[01m[K/opt/ros/humble/include/rclcpp/rclcpp/utilities.hpp:143:38:[m[K [01;31m[Kerror: [m[K‘[01m[KInitOptions[m[K’ was not declared in this scope; did you mean ‘[01m[Krclcpp::InitOptions[m[K’?
  143 |   const InitOptions & init_options = [01;31m[KInitOptions[m[K());
      |                                      [01;31m[K^~~~~~~~~~~[m[K
      |                                      [32m[Krclcpp::InitOptions[m[K
In file included from [01m[K/opt/ros/humble/include/rclcpp/rclcpp/context.hpp:34[m[K,
                 from [01m[K/opt/ros/humble/include/rclcpp/rclcpp/executor.hpp:34[m[K,
                 from [01m[K/opt/ros/humble/include/rclcpp/rclcpp/executors/multi_threaded_executor.hpp:25[m[K,
                 from [01m[K/opt/ros/humble/include/rclcpp/rclcpp/executors.hpp:21[m[K,
                 from [01m[K/opt/ros/humble/include/rclcpp/rclcpp/rclcpp.hpp:155[m[K,
                 from [01m[K/home/tungchiahui/UserFloder/mysource/ROS/ROS2_WS/6.ws_simulations/src/stage_ros2/./include/stage_ros2/stage_node.hpp:17[m[K,
                 from [01m[K/home/tungchiahui/UserFloder/mysource/ROS/ROS2_WS/6.ws_simulations/src/stage_ros2/src/vehicle.cpp:1[m[K:
[01m[K/opt/ros/humble/include/rclcpp/rclcpp/init_options.hpp:28:7:[m[K [01;36m[Knote: [m[K‘[01m[Krclcpp::InitOptions[m[K’ declared here
   28 | class [01;36m[KInitOptions[m[K
      |       [01;36m[K^~~~~~~~~~~[m[K
In file included from [01m[K/opt/ros/humble/include/rclcpp/rclcpp/logging.hpp:25[m[K,
                 from [01m[K/opt/ros/humble/include/rclcpp/rclcpp/client.hpp:40[m[K,
                 from [01m[K/opt/ros/humble/include/rclcpp/rclcpp/callback_group.hpp:24[m[K,
                 from [01m[K/opt/ros/humble/include/rclcpp/rclcpp/any_executable.hpp:20[m[K,
                 from [01m[K/opt/ros/humble/include/rclcpp/rclcpp/memory_strategy.hpp:25[m[K,
                 from [01m[K/opt/ros/humble/include/rclcpp/rclcpp/memory_strategies.hpp:18[m[K,
                 from [01m[K/opt/ros/humble/include/rclcpp/rclcpp/executor_options.hpp:20[m[K,
                 from [01m[K/opt/ros/humble/include/rclcpp/rclcpp/executor.hpp:37[m[K,
                 from [01m[K/opt/ros/humble/include/rclcpp/rclcpp/executors/multi_threaded_executor.hpp:25[m[K,
                 from [01m[K/opt/ros/humble/include/rclcpp/rclcpp/executors.hpp:21[m[K,
                 from [01m[K/opt/ros/humble/include/rclcpp/rclcpp/rclcpp.hpp:155[m[K,
                 from [01m[K/home/tungchiahui/UserFloder/mysource/ROS/ROS2_WS/6.ws_simulations/src/stage_ros2/./include/stage_ros2/stage_node.hpp:17[m[K,
                 from [01m[K/home/tungchiahui/UserFloder/mysource/ROS/ROS2_WS/6.ws_simulations/src/stage_ros2/src/vehicle.cpp:1[m[K:
[01m[K/opt/ros/humble/include/rclcpp/rclcpp/utilities.hpp:333:1:[m[K [01;31m[Kerror: [m[Kexpected declaration before ‘[01m[K}[m[K’ token
  333 | [01;31m[K}[m[K  // namespace rclcpp
      | [01;31m[K^[m[K
[01m[K/opt/ros/humble/include/rclcpp/rclcpp/utilities.hpp:143:9:[m[K [01;31m[Kerror: [m[K‘[01m[KInitOptions[m[K’ does not name a type
  143 |   const [01;31m[KInitOptions[m[K & init_options = InitOptions());
      |         [01;31m[K^~~~~~~~~~~[m[K
[01m[K/opt/ros/humble/include/rclcpp/rclcpp/utilities.hpp:143:38:[m[K [01;31m[Kerror: [m[K‘[01m[KInitOptions[m[K’ was not declared in this scope; did you mean ‘[01m[Krclcpp::InitOptions[m[K’?
  143 |   const InitOptions & init_options = [01;31m[KInitOptions[m[K());
      |                                      [01;31m[K^~~~~~~~~~~[m[K
      |                                      [32m[Krclcpp::InitOptions[m[K
[01m[K/opt/ros/humble/include/rclcpp/rclcpp/utilities.hpp:143:9:[m[K [01;31m[Kerror: [m[K‘[01m[KInitOptions[m[K’ does not name a type
  143 |   const [01;31m[KInitOptions[m[K & init_options = InitOptions());
      |         [01;31m[K^~~~~~~~~~~[m[K
In file included from [01m[K/opt/ros/humble/include/rclcpp/rclcpp/context.hpp:34[m[K,
                 from [01m[K/opt/ros/humble/include/rclcpp/rclcpp/executor.hpp:34[m[K,
                 from [01m[K/opt/ros/humble/include/rclcpp/rclcpp/executors/multi_threaded_executor.hpp:25[m[K,
                 from [01m[K/opt/ros/humble/include/rclcpp/rclcpp/executors.hpp:21[m[K,
                 from [01m[K/opt/ros/humble/include/rclcpp/rclcpp/rclcpp.hpp:155[m[K,
                 from [01m[K/home/tungchiahui/UserFloder/mysource/ROS/ROS2_WS/6.ws_simulations/src/stage_ros2/./include/stage_ros2/stage_node.hpp:17[m[K,
                 from [01m[K/home/tungchiahui/UserFloder/mysource/ROS/ROS2_WS/6.ws_simulations/src/stage_ros2/src/camera.cpp:1[m[K:
[01m[K/opt/ros/humble/include/rclcpp/rclcpp/init_options.hpp:28:7:[m[K [01;36m[Knote: [m[K‘[01m[Krclcpp::InitOptions[m[K’ declared here
   28 | class [01;36m[KInitOptions[m[K
      |       [01;36m[K^~~~~~~~~~~[m[K
[01m[K/opt/ros/humble/include/rclcpp/rclcpp/utilities.hpp:143:9:[m[K [01;31m[Kerror: [m[K‘[01m[KInitOptions[m[K’ does not name a type
  143 |   const [01;31m[KInitOptions[m[K & init_options = InitOptions());
      |         [01;31m[K^~~~~~~~~~~[m[K
In file included from [01m[K/opt/ros/humble/include/rclcpp/rclcpp/logging.hpp:25[m[K,
                 from [01m[K/opt/ros/humble/include/rclcpp/rclcpp/client.hpp:40[m[K,
                 from [01m[K/opt/ros/humble/include/rclcpp/rclcpp/callback_group.hpp:24[m[K,
                 from [01m[K/opt/ros/humble/include/rclcpp/rclcpp/any_executable.hpp:20[m[K,
                 from [01m[K/opt/ros/humble/include/rclcpp/rclcpp/memory_strategy.hpp:25[m[K,
                 from [01m[K/opt/ros/humble/include/rclcpp/rclcpp/memory_strategies.hpp:18[m[K,
                 from [01m[K/opt/ros/humble/include/rclcpp/rclcpp/executor_options.hpp:20[m[K,
                 from [01m[K/opt/ros/humble/include/rclcpp/rclcpp/executor.hpp:37[m[K,
                 from [01m[K/opt/ros/humble/include/rclcpp/rclcpp/executors/multi_threaded_executor.hpp:25[m[K,
                 from [01m[K/opt/ros/humble/include/rclcpp/rclcpp/executors.hpp:21[m[K,
                 from [01m[K/opt/ros/humble/include/rclcpp/rclcpp/rclcpp.hpp:155[m[K,
                 from [01m[K/home/tungchiahui/UserFloder/mysource/ROS/ROS2_WS/6.ws_simulations/src/stage_ros2/./include/stage_ros2/stage_node.hpp:17[m[K,
                 from [01m[K/home/tungchiahui/UserFloder/mysource/ROS/ROS2_WS/6.ws_simulations/src/stage_ros2/src/camera.cpp:1[m[K:
[01m[K/opt/ros/humble/include/rclcpp/rclcpp/utilities.hpp:333:1:[m[K [01;31m[Kerror: [m[Kexpected declaration before ‘[01m[K}[m[K’ token
  333 | [01;31m[K}[m[K  // namespace rclcpp
      | [01;31m[K^[m[K
[01m[K/opt/ros/humble/include/rclcpp/rclcpp/utilities.hpp:143:38:[m[K [01;31m[Kerror: [m[K‘[01m[KInitOptions[m[K’ was not declared in this scope; did you mean ‘[01m[Krclcpp::InitOptions[m[K’?
  143 |   const InitOptions & init_options = [01;31m[KInitOptions[m[K());
      |                                      [01;31m[K^~~~~~~~~~~[m[K
      |                                      [32m[Krclcpp::InitOptions[m[K
In file included from [01m[K/opt/ros/humble/include/rclcpp/rclcpp/context.hpp:34[m[K,
                 from [01m[K/opt/ros/humble/include/rclcpp/rclcpp/executor.hpp:34[m[K,
                 from [01m[K/opt/ros/humble/include/rclcpp/rclcpp/executors/multi_threaded_executor.hpp:25[m[K,
                 from [01m[K/opt/ros/humble/include/rclcpp/rclcpp/executors.hpp:21[m[K,
                 from [01m[K/opt/ros/humble/include/rclcpp/rclcpp/rclcpp.hpp:155[m[K,
                 from [01m[K/home/tungchiahui/UserFloder/mysource/ROS/ROS2_WS/6.ws_simulations/src/stage_ros2/./include/stage_ros2/stage_node.hpp:17[m[K,
                 from [01m[K/home/tungchiahui/UserFloder/mysource/ROS/ROS2_WS/6.ws_simulations/src/stage_ros2/src/ranger.cpp:1[m[K:
[01m[K/opt/ros/humble/include/rclcpp/rclcpp/init_options.hpp:28:7:[m[K [01;36m[Knote: [m[K‘[01m[Krclcpp::InitOptions[m[K’ declared here
   28 | class [01;36m[KInitOptions[m[K
      |       [01;36m[K^~~~~~~~~~~[m[K
[01m[K/opt/ros/humble/include/rclcpp/rclcpp/utilities.hpp:143:38:[m[K [01;31m[Kerror: [m[K‘[01m[KInitOptions[m[K’ was not declared in this scope; did you mean ‘[01m[Krclcpp::InitOptions[m[K’?
  143 |   const InitOptions & init_options = [01;31m[KInitOptions[m[K());
      |                                      [01;31m[K^~~~~~~~~~~[m[K
      |                                      [32m[Krclcpp::InitOptions[m[K
In file included from [01m[K/opt/ros/humble/include/rclcpp/rclcpp/context.hpp:34[m[K,
                 from [01m[K/opt/ros/humble/include/rclcpp/rclcpp/executor.hpp:34[m[K,
                 from [01m[K/opt/ros/humble/include/rclcpp/rclcpp/executors/multi_threaded_executor.hpp:25[m[K,
                 from [01m[K/opt/ros/humble/include/rclcpp/rclcpp/executors.hpp:21[m[K,
                 from [01m[K/opt/ros/humble/include/rclcpp/rclcpp/rclcpp.hpp:155[m[K,
                 from [01m[K/home/tungchiahui/UserFloder/mysource/ROS/ROS2_WS/6.ws_simulations/src/stage_ros2/./include/stage_ros2/stage_node.hpp:17[m[K,
                 from [01m[K/home/tungchiahui/UserFloder/mysource/ROS/ROS2_WS/6.ws_simulations/src/stage_ros2/src/stage_node.cpp:1[m[K:
[01m[K/opt/ros/humble/include/rclcpp/rclcpp/init_options.hpp:28:7:[m[K [01;36m[Knote: [m[K‘[01m[Krclcpp::InitOptions[m[K’ declared here
   28 | class [01;36m[KInitOptions[m[K
      |       [01;36m[K^~~~~~~~~~~[m[K
In file included from [01m[K/opt/ros/humble/include/rclcpp/rclcpp/logging.hpp:25[m[K,
                 from [01m[K/opt/ros/humble/include/rclcpp/rclcpp/client.hpp:40[m[K,
                 from [01m[K/opt/ros/humble/include/rclcpp/rclcpp/callback_group.hpp:24[m[K,
                 from [01m[K/opt/ros/humble/include/rclcpp/rclcpp/any_executable.hpp:20[m[K,
                 from [01m[K/opt/ros/humble/include/rclcpp/rclcpp/memory_strategy.hpp:25[m[K,
                 from [01m[K/opt/ros/humble/include/rclcpp/rclcpp/memory_strategies.hpp:18[m[K,
                 from [01m[K/opt/ros/humble/include/rclcpp/rclcpp/executor_options.hpp:20[m[K,
                 from [01m[K/opt/ros/humble/include/rclcpp/rclcpp/executor.hpp:37[m[K,
                 from [01m[K/opt/ros/humble/include/rclcpp/rclcpp/executors/multi_threaded_executor.hpp:25[m[K,
                 from [01m[K/opt/ros/humble/include/rclcpp/rclcpp/executors.hpp:21[m[K,
                 from [01m[K/opt/ros/humble/include/rclcpp/rclcpp/rclcpp.hpp:155[m[K,
                 from [01m[K/home/tungchiahui/UserFloder/mysource/ROS/ROS2_WS/6.ws_simulations/src/stage_ros2/./include/stage_ros2/stage_node.hpp:17[m[K,
                 from [01m[K/home/tungchiahui/UserFloder/mysource/ROS/ROS2_WS/6.ws_simulations/src/stage_ros2/src/ranger.cpp:1[m[K:
[01m[K/opt/ros/humble/include/rclcpp/rclcpp/utilities.hpp:333:1:[m[K [01;31m[Kerror: [m[Kexpected declaration before ‘[01m[K}[m[K’ token
  333 | [01;31m[K}[m[K  // namespace rclcpp
      | [01;31m[K^[m[K
In file included from [01m[K/opt/ros/humble/include/rclcpp/rclcpp/logging.hpp:25[m[K,
                 from [01m[K/opt/ros/humble/include/rclcpp/rclcpp/client.hpp:40[m[K,
                 from [01m[K/opt/ros/humble/include/rclcpp/rclcpp/callback_group.hpp:24[m[K,
                 from [01m[K/opt/ros/humble/include/rclcpp/rclcpp/any_executable.hpp:20[m[K,
                 from [01m[K/opt/ros/humble/include/rclcpp/rclcpp/memory_strategy.hpp:25[m[K,
                 from [01m[K/opt/ros/humble/include/rclcpp/rclcpp/memory_strategies.hpp:18[m[K,
                 from [01m[K/opt/ros/humble/include/rclcpp/rclcpp/executor_options.hpp:20[m[K,
                 from [01m[K/opt/ros/humble/include/rclcpp/rclcpp/executor.hpp:37[m[K,
                 from [01m[K/opt/ros/humble/include/rclcpp/rclcpp/executors/multi_threaded_executor.hpp:25[m[K,
                 from [01m[K/opt/ros/humble/include/rclcpp/rclcpp/executors.hpp:21[m[K,
                 from [01m[K/opt/ros/humble/include/rclcpp/rclcpp/rclcpp.hpp:155[m[K,
                 from [01m[K/home/tungchiahui/UserFloder/mysource/ROS/ROS2_WS/6.ws_simulations/src/stage_ros2/./include/stage_ros2/stage_node.hpp:17[m[K,
                 from [01m[K/home/tungchiahui/UserFloder/mysource/ROS/ROS2_WS/6.ws_simulations/src/stage_ros2/src/stage_node.cpp:1[m[K:
[01m[K/opt/ros/humble/include/rclcpp/rclcpp/utilities.hpp:333:1:[m[K [01;31m[Kerror: [m[Kexpected declaration before ‘[01m[K}[m[K’ token
  333 | [01;31m[K}[m[K  // namespace rclcpp
      | [01;31m[K^[m[K
In file included from [01m[K/opt/ros/humble/include/rclcpp/rclcpp/timer.hpp:31[m[K,
                 from [01m[K/opt/ros/humble/include/rclcpp/rclcpp/callback_group.hpp:30[m[K,
                 from [01m[K/opt/ros/humble/include/rclcpp/rclcpp/any_executable.hpp:20[m[K,
                 from [01m[K/opt/ros/humble/include/rclcpp/rclcpp/memory_strategy.hpp:25[m[K,
                 from [01m[K/opt/ros/humble/include/rclcpp/rclcpp/memory_strategies.hpp:18[m[K,
                 from [01m[K/opt/ros/humble/include/rclcpp/rclcpp/executor_options.hpp:20[m[K,
                 from [01m[K/opt/ros/humble/include/rclcpp/rclcpp/executor.hpp:37[m[K,
                 from [01m[K/opt/ros/humble/include/rclcpp/rclcpp/executors/multi_threaded_executor.hpp:25[m[K,
                 from [01m[K/opt/ros/humble/include/rclcpp/rclcpp/executors.hpp:21[m[K,
                 from [01m[K/opt/ros/humble/include/rclcpp/rclcpp/rclcpp.hpp:155[m[K,
                 from [01m[K/home/tungchiahui/UserFloder/mysource/ROS/ROS2_WS/6.ws_simulations/src/stage_ros2/./include/stage_ros2/stage_node.hpp:17[m[K,
                 from [01m[K/home/tungchiahui/UserFloder/mysource/ROS/ROS2_WS/6.ws_simulations/src/stage_ros2/src/vehicle.cpp:1[m[K:
[01m[K/opt/ros/humble/include/rclcpp/rclcpp/rate.hpp:[m[K In member function ‘[01m[Kvirtual bool rclcpp::GenericRate<Clock>::sleep()[m[K’:
[01m[K/opt/ros/humble/include/rclcpp/rclcpp/rate.hpp:86:13:[m[K [01;31m[Kerror: [m[K‘[01m[Ksleep_for[m[K’ is not a member of ‘[01m[Krclcpp[m[K’
   86 |     rclcpp::[01;31m[Ksleep_for[m[K(time_to_sleep);
      |             [01;31m[K^~~~~~~~~[m[K
[01m[K/opt/ros/humble/include/rclcpp/rclcpp/rate.hpp:86:13:[m[K [01;36m[Knote: [m[Ksuggested alternatives:
In file included from [01m[K/opt/ros/humble/include/rclcpp/rclcpp/logging.hpp:25[m[K,
                 from [01m[K/opt/ros/humble/include/rclcpp/rclcpp/client.hpp:40[m[K,
                 from [01m[K/opt/ros/humble/include/rclcpp/rclcpp/callback_group.hpp:24[m[K,
                 from [01m[K/opt/ros/humble/include/rclcpp/rclcpp/any_executable.hpp:20[m[K,
                 from [01m[K/opt/ros/humble/include/rclcpp/rclcpp/memory_strategy.hpp:25[m[K,
                 from [01m[K/opt/ros/humble/include/rclcpp/rclcpp/memory_strategies.hpp:18[m[K,
                 from [01m[K/opt/ros/humble/include/rclcpp/rclcpp/executor_options.hpp:20[m[K,
                 from [01m[K/opt/ros/humble/include/rclcpp/rclcpp/executor.hpp:37[m[K,
                 from [01m[K/opt/ros/humble/include/rclcpp/rclcpp/executors/multi_threaded_executor.hpp:25[m[K,
                 from [01m[K/opt/ros/humble/include/rclcpp/rclcpp/executors.hpp:21[m[K,
                 from [01m[K/opt/ros/humble/include/rclcpp/rclcpp/rclcpp.hpp:155[m[K,
                 from [01m[K/home/tungchiahui/UserFloder/mysource/ROS/ROS2_WS/6.ws_simulations/src/stage_ros2/./include/stage_ros2/stage_node.hpp:17[m[K,
                 from [01m[K/home/tungchiahui/UserFloder/mysource/ROS/ROS2_WS/6.ws_simulations/src/stage_ros2/src/vehicle.cpp:1[m[K:
[01m[K/opt/ros/humble/include/rclcpp/rclcpp/utilities.hpp:232:1:[m[K [01;36m[Knote: [m[K  ‘[01m[Ksleep_for[m[K’
  232 | [01;36m[Ksleep_for[m[K(
      | [01;36m[K^~~~~~~~~[m[K
In file included from [01m[K/usr/include/c++/11/thread:44[m[K,
                 from [01m[K/opt/ros/humble/include/rclcpp/rclcpp/executors/multi_threaded_executor.hpp:22[m[K,
                 from [01m[K/opt/ros/humble/include/rclcpp/rclcpp/executors.hpp:21[m[K,
                 from [01m[K/opt/ros/humble/include/rclcpp/rclcpp/rclcpp.hpp:155[m[K,
                 from [01m[K/home/tungchiahui/UserFloder/mysource/ROS/ROS2_WS/6.ws_simulations/src/stage_ros2/./include/stage_ros2/stage_node.hpp:17[m[K,
                 from [01m[K/home/tungchiahui/UserFloder/mysource/ROS/ROS2_WS/6.ws_simulations/src/stage_ros2/src/vehicle.cpp:1[m[K:
[01m[K/usr/include/c++/11/bits/this_thread_sleep.h:70:7:[m[K [01;36m[Knote: [m[K  ‘[01m[Kstd::this_thread::sleep_for[m[K’
   70 |       [01;36m[Ksleep_for[m[K(const chrono::duration<_Rep, _Period>& __rtime)
      |       [01;36m[K^~~~~~~~~[m[K
In file included from [01m[K/opt/ros/humble/include/rclcpp/rclcpp/timer.hpp:31[m[K,
                 from [01m[K/opt/ros/humble/include/rclcpp/rclcpp/callback_group.hpp:30[m[K,
                 from [01m[K/opt/ros/humble/include/rclcpp/rclcpp/any_executable.hpp:20[m[K,
                 from [01m[K/opt/ros/humble/include/rclcpp/rclcpp/memory_strategy.hpp:25[m[K,
                 from [01m[K/opt/ros/humble/include/rclcpp/rclcpp/memory_strategies.hpp:18[m[K,
                 from [01m[K/opt/ros/humble/include/rclcpp/rclcpp/executor_options.hpp:20[m[K,
                 from [01m[K/opt/ros/humble/include/rclcpp/rclcpp/executor.hpp:37[m[K,
                 from [01m[K/opt/ros/humble/include/rclcpp/rclcpp/executors/multi_threaded_executor.hpp:25[m[K,
                 from [01m[K/opt/ros/humble/include/rclcpp/rclcpp/executors.hpp:21[m[K,
                 from [01m[K/opt/ros/humble/include/rclcpp/rclcpp/rclcpp.hpp:155[m[K,
                 from [01m[K/home/tungchiahui/UserFloder/mysource/ROS/ROS2_WS/6.ws_simulations/src/stage_ros2/./include/stage_ros2/stage_node.hpp:17[m[K,
                 from [01m[K/home/tungchiahui/UserFloder/mysource/ROS/ROS2_WS/6.ws_simulations/src/stage_ros2/src/stage_node.cpp:1[m[K:
[01m[K/opt/ros/humble/include/rclcpp/rclcpp/rate.hpp:[m[K In member function ‘[01m[Kvirtual bool rclcpp::GenericRate<Clock>::sleep()[m[K’:
[01m[K/opt/ros/humble/include/rclcpp/rclcpp/rate.hpp:86:13:[m[K [01;31m[Kerror: [m[K‘[01m[Ksleep_for[m[K’ is not a member of ‘[01m[Krclcpp[m[K’
   86 |     rclcpp::[01;31m[Ksleep_for[m[K(time_to_sleep);
      |             [01;31m[K^~~~~~~~~[m[K
[01m[K/opt/ros/humble/include/rclcpp/rclcpp/rate.hpp:86:13:[m[K [01;36m[Knote: [m[Ksuggested alternatives:
In file included from [01m[K/opt/ros/humble/include/rclcpp/rclcpp/logging.hpp:25[m[K,
                 from [01m[K/opt/ros/humble/include/rclcpp/rclcpp/client.hpp:40[m[K,
                 from [01m[K/opt/ros/humble/include/rclcpp/rclcpp/callback_group.hpp:24[m[K,
                 from [01m[K/opt/ros/humble/include/rclcpp/rclcpp/any_executable.hpp:20[m[K,
                 from [01m[K/opt/ros/humble/include/rclcpp/rclcpp/memory_strategy.hpp:25[m[K,
                 from [01m[K/opt/ros/humble/include/rclcpp/rclcpp/memory_strategies.hpp:18[m[K,
                 from [01m[K/opt/ros/humble/include/rclcpp/rclcpp/executor_options.hpp:20[m[K,
                 from [01m[K/opt/ros/humble/include/rclcpp/rclcpp/executor.hpp:37[m[K,
                 from [01m[K/opt/ros/humble/include/rclcpp/rclcpp/executors/multi_threaded_executor.hpp:25[m[K,
                 from [01m[K/opt/ros/humble/include/rclcpp/rclcpp/executors.hpp:21[m[K,
                 from [01m[K/opt/ros/humble/include/rclcpp/rclcpp/rclcpp.hpp:155[m[K,
                 from [01m[K/home/tungchiahui/UserFloder/mysource/ROS/ROS2_WS/6.ws_simulations/src/stage_ros2/./include/stage_ros2/stage_node.hpp:17[m[K,
                 from [01m[K/home/tungchiahui/UserFloder/mysource/ROS/ROS2_WS/6.ws_simulations/src/stage_ros2/src/stage_node.cpp:1[m[K:
[01m[K/opt/ros/humble/include/rclcpp/rclcpp/utilities.hpp:232:1:[m[K [01;36m[Knote: [m[K  ‘[01m[Ksleep_for[m[K’
  232 | [01;36m[Ksleep_for[m[K(
      | [01;36m[K^~~~~~~~~[m[K
In file included from [01m[K/usr/include/c++/11/thread:44[m[K,
                 from [01m[K/opt/ros/humble/include/rclcpp/rclcpp/executors/multi_threaded_executor.hpp:22[m[K,
                 from [01m[K/opt/ros/humble/include/rclcpp/rclcpp/executors.hpp:21[m[K,
                 from [01m[K/opt/ros/humble/include/rclcpp/rclcpp/rclcpp.hpp:155[m[K,
                 from [01m[K/home/tungchiahui/UserFloder/mysource/ROS/ROS2_WS/6.ws_simulations/src/stage_ros2/./include/stage_ros2/stage_node.hpp:17[m[K,
                 from [01m[K/home/tungchiahui/UserFloder/mysource/ROS/ROS2_WS/6.ws_simulations/src/stage_ros2/src/stage_node.cpp:1[m[K:
[01m[K/usr/include/c++/11/bits/this_thread_sleep.h:70:7:[m[K [01;36m[Knote: [m[K  ‘[01m[Kstd::this_thread::sleep_for[m[K’
   70 |       [01;36m[Ksleep_for[m[K(const chrono::duration<_Rep, _Period>& __rtime)
      |       [01;36m[K^~~~~~~~~[m[K
In file included from [01m[K/opt/ros/humble/include/rclcpp/rclcpp/timer.hpp:31[m[K,
                 from [01m[K/opt/ros/humble/include/rclcpp/rclcpp/callback_group.hpp:30[m[K,
                 from [01m[K/opt/ros/humble/include/rclcpp/rclcpp/any_executable.hpp:20[m[K,
                 from [01m[K/opt/ros/humble/include/rclcpp/rclcpp/memory_strategy.hpp:25[m[K,
                 from [01m[K/opt/ros/humble/include/rclcpp/rclcpp/memory_strategies.hpp:18[m[K,
                 from [01m[K/opt/ros/humble/include/rclcpp/rclcpp/executor_options.hpp:20[m[K,
                 from [01m[K/opt/ros/humble/include/rclcpp/rclcpp/executor.hpp:37[m[K,
                 from [01m[K/opt/ros/humble/include/rclcpp/rclcpp/executors/multi_threaded_executor.hpp:25[m[K,
                 from [01m[K/opt/ros/humble/include/rclcpp/rclcpp/executors.hpp:21[m[K,
                 from [01m[K/opt/ros/humble/include/rclcpp/rclcpp/rclcpp.hpp:155[m[K,
                 from [01m[K/home/tungchiahui/UserFloder/mysource/ROS/ROS2_WS/6.ws_simulations/src/stage_ros2/./include/stage_ros2/stage_node.hpp:17[m[K,
                 from [01m[K/home/tungchiahui/UserFloder/mysource/ROS/ROS2_WS/6.ws_simulations/src/stage_ros2/src/camera.cpp:1[m[K:
[01m[K/opt/ros/humble/include/rclcpp/rclcpp/rate.hpp:[m[K In member function ‘[01m[Kvirtual bool rclcpp::GenericRate<Clock>::sleep()[m[K’:
[01m[K/opt/ros/humble/include/rclcpp/rclcpp/rate.hpp:86:13:[m[K [01;31m[Kerror: [m[K‘[01m[Ksleep_for[m[K’ is not a member of ‘[01m[Krclcpp[m[K’
   86 |     rclcpp::[01;31m[Ksleep_for[m[K(time_to_sleep);
      |             [01;31m[K^~~~~~~~~[m[K
[01m[K/opt/ros/humble/include/rclcpp/rclcpp/rate.hpp:86:13:[m[K [01;36m[Knote: [m[Ksuggested alternatives:
In file included from [01m[K/opt/ros/humble/include/rclcpp/rclcpp/logging.hpp:25[m[K,
                 from [01m[K/opt/ros/humble/include/rclcpp/rclcpp/client.hpp:40[m[K,
                 from [01m[K/opt/ros/humble/include/rclcpp/rclcpp/callback_group.hpp:24[m[K,
                 from [01m[K/opt/ros/humble/include/rclcpp/rclcpp/any_executable.hpp:20[m[K,
                 from [01m[K/opt/ros/humble/include/rclcpp/rclcpp/memory_strategy.hpp:25[m[K,
                 from [01m[K/opt/ros/humble/include/rclcpp/rclcpp/memory_strategies.hpp:18[m[K,
                 from [01m[K/opt/ros/humble/include/rclcpp/rclcpp/executor_options.hpp:20[m[K,
                 from [01m[K/opt/ros/humble/include/rclcpp/rclcpp/executor.hpp:37[m[K,
                 from [01m[K/opt/ros/humble/include/rclcpp/rclcpp/executors/multi_threaded_executor.hpp:25[m[K,
                 from [01m[K/opt/ros/humble/include/rclcpp/rclcpp/executors.hpp:21[m[K,
                 from [01m[K/opt/ros/humble/include/rclcpp/rclcpp/rclcpp.hpp:155[m[K,
                 from [01m[K/home/tungchiahui/UserFloder/mysource/ROS/ROS2_WS/6.ws_simulations/src/stage_ros2/./include/stage_ros2/stage_node.hpp:17[m[K,
                 from [01m[K/home/tungchiahui/UserFloder/mysource/ROS/ROS2_WS/6.ws_simulations/src/stage_ros2/src/camera.cpp:1[m[K:
[01m[K/opt/ros/humble/include/rclcpp/rclcpp/utilities.hpp:232:1:[m[K [01;36m[Knote: [m[K  ‘[01m[Ksleep_for[m[K’
  232 | [01;36m[Ksleep_for[m[K(
      | [01;36m[K^~~~~~~~~[m[K
In file included from [01m[K/usr/include/c++/11/thread:44[m[K,
                 from [01m[K/opt/ros/humble/include/rclcpp/rclcpp/executors/multi_threaded_executor.hpp:22[m[K,
                 from [01m[K/opt/ros/humble/include/rclcpp/rclcpp/executors.hpp:21[m[K,
                 from [01m[K/opt/ros/humble/include/rclcpp/rclcpp/rclcpp.hpp:155[m[K,
                 from [01m[K/home/tungchiahui/UserFloder/mysource/ROS/ROS2_WS/6.ws_simulations/src/stage_ros2/./include/stage_ros2/stage_node.hpp:17[m[K,
                 from [01m[K/home/tungchiahui/UserFloder/mysource/ROS/ROS2_WS/6.ws_simulations/src/stage_ros2/src/camera.cpp:1[m[K:
[01m[K/usr/include/c++/11/bits/this_thread_sleep.h:70:7:[m[K [01;36m[Knote: [m[K  ‘[01m[Kstd::this_thread::sleep_for[m[K’
   70 |       [01;36m[Ksleep_for[m[K(const chrono::duration<_Rep, _Period>& __rtime)
      |       [01;36m[K^~~~~~~~~[m[K
In file included from [01m[K/opt/ros/humble/include/rclcpp/rclcpp/timer.hpp:31[m[K,
                 from [01m[K/opt/ros/humble/include/rclcpp/rclcpp/callback_group.hpp:30[m[K,
                 from [01m[K/opt/ros/humble/include/rclcpp/rclcpp/any_executable.hpp:20[m[K,
                 from [01m[K/opt/ros/humble/include/rclcpp/rclcpp/memory_strategy.hpp:25[m[K,
                 from [01m[K/opt/ros/humble/include/rclcpp/rclcpp/memory_strategies.hpp:18[m[K,
                 from [01m[K/opt/ros/humble/include/rclcpp/rclcpp/executor_options.hpp:20[m[K,
                 from [01m[K/opt/ros/humble/include/rclcpp/rclcpp/executor.hpp:37[m[K,
                 from [01m[K/opt/ros/humble/include/rclcpp/rclcpp/executors/multi_threaded_executor.hpp:25[m[K,
                 from [01m[K/opt/ros/humble/include/rclcpp/rclcpp/executors.hpp:21[m[K,
                 from [01m[K/opt/ros/humble/include/rclcpp/rclcpp/rclcpp.hpp:155[m[K,
                 from [01m[K/home/tungchiahui/UserFloder/mysource/ROS/ROS2_WS/6.ws_simulations/src/stage_ros2/./include/stage_ros2/stage_node.hpp:17[m[K,
                 from [01m[K/home/tungchiahui/UserFloder/mysource/ROS/ROS2_WS/6.ws_simulations/src/stage_ros2/src/ranger.cpp:1[m[K:
[01m[K/opt/ros/humble/include/rclcpp/rclcpp/rate.hpp:[m[K In member function ‘[01m[Kvirtual bool rclcpp::GenericRate<Clock>::sleep()[m[K’:
[01m[K/opt/ros/humble/include/rclcpp/rclcpp/rate.hpp:86:13:[m[K [01;31m[Kerror: [m[K‘[01m[Ksleep_for[m[K’ is not a member of ‘[01m[Krclcpp[m[K’
   86 |     rclcpp::[01;31m[Ksleep_for[m[K(time_to_sleep);
      |             [01;31m[K^~~~~~~~~[m[K
[01m[K/opt/ros/humble/include/rclcpp/rclcpp/rate.hpp:86:13:[m[K [01;36m[Knote: [m[Ksuggested alternatives:
In file included from [01m[K/opt/ros/humble/include/rclcpp/rclcpp/logging.hpp:25[m[K,
                 from [01m[K/opt/ros/humble/include/rclcpp/rclcpp/client.hpp:40[m[K,
                 from [01m[K/opt/ros/humble/include/rclcpp/rclcpp/callback_group.hpp:24[m[K,
                 from [01m[K/opt/ros/humble/include/rclcpp/rclcpp/any_executable.hpp:20[m[K,
                 from [01m[K/opt/ros/humble/include/rclcpp/rclcpp/memory_strategy.hpp:25[m[K,
                 from [01m[K/opt/ros/humble/include/rclcpp/rclcpp/memory_strategies.hpp:18[m[K,
                 from [01m[K/opt/ros/humble/include/rclcpp/rclcpp/executor_options.hpp:20[m[K,
                 from [01m[K/opt/ros/humble/include/rclcpp/rclcpp/executor.hpp:37[m[K,
                 from [01m[K/opt/ros/humble/include/rclcpp/rclcpp/executors/multi_threaded_executor.hpp:25[m[K,
                 from [01m[K/opt/ros/humble/include/rclcpp/rclcpp/executors.hpp:21[m[K,
                 from [01m[K/opt/ros/humble/include/rclcpp/rclcpp/rclcpp.hpp:155[m[K,
                 from [01m[K/home/tungchiahui/UserFloder/mysource/ROS/ROS2_WS/6.ws_simulations/src/stage_ros2/./include/stage_ros2/stage_node.hpp:17[m[K,
                 from [01m[K/home/tungchiahui/UserFloder/mysource/ROS/ROS2_WS/6.ws_simulations/src/stage_ros2/src/ranger.cpp:1[m[K:
[01m[K/opt/ros/humble/include/rclcpp/rclcpp/utilities.hpp:232:1:[m[K [01;36m[Knote: [m[K  ‘[01m[Ksleep_for[m[K’
  232 | [01;36m[Ksleep_for[m[K(
      | [01;36m[K^~~~~~~~~[m[K
In file included from [01m[K/usr/include/c++/11/thread:44[m[K,
                 from [01m[K/opt/ros/humble/include/rclcpp/rclcpp/executors/multi_threaded_executor.hpp:22[m[K,
                 from [01m[K/opt/ros/humble/include/rclcpp/rclcpp/executors.hpp:21[m[K,
                 from [01m[K/opt/ros/humble/include/rclcpp/rclcpp/rclcpp.hpp:155[m[K,
                 from [01m[K/home/tungchiahui/UserFloder/mysource/ROS/ROS2_WS/6.ws_simulations/src/stage_ros2/./include/stage_ros2/stage_node.hpp:17[m[K,
                 from [01m[K/home/tungchiahui/UserFloder/mysource/ROS/ROS2_WS/6.ws_simulations/src/stage_ros2/src/ranger.cpp:1[m[K:
[01m[K/usr/include/c++/11/bits/this_thread_sleep.h:70:7:[m[K [01;36m[Knote: [m[K  ‘[01m[Kstd::this_thread::sleep_for[m[K’
   70 |       [01;36m[Ksleep_for[m[K(const chrono::duration<_Rep, _Period>& __rtime)
      |       [01;36m[K^~~~~~~~~[m[K
In file included from [01m[K/opt/ros/humble/include/rclcpp/rclcpp/executors/multi_threaded_executor.hpp:25[m[K,
                 from [01m[K/opt/ros/humble/include/rclcpp/rclcpp/executors.hpp:21[m[K,
                 from [01m[K/opt/ros/humble/include/rclcpp/rclcpp/rclcpp.hpp:155[m[K,
                 from [01m[K/home/tungchiahui/UserFloder/mysource/ROS/ROS2_WS/6.ws_simulations/src/stage_ros2/./include/stage_ros2/stage_node.hpp:17[m[K,
                 from [01m[K/home/tungchiahui/UserFloder/mysource/ROS/ROS2_WS/6.ws_simulations/src/stage_ros2/src/vehicle.cpp:1[m[K:
[01m[K/opt/ros/humble/include/rclcpp/rclcpp/executor.hpp:[m[K In member function ‘[01m[Krclcpp::FutureReturnCode rclcpp::Executor::spin_until_future_complete(const FutureT&, std::chrono::duration<_Rep, _Period>)[m[K’:
[01m[K/opt/ros/humble/include/rclcpp/rclcpp/executor.hpp:360:20:[m[K [01;31m[Kerror: [m[K‘[01m[Kok[m[K’ is not a member of ‘[01m[Krclcpp[m[K’; did you mean ‘[01m[Kok[m[K’?
  360 |     while (rclcpp::[01;31m[Kok[m[K(this->context_) && spinning.load()) {
      |                    [01;31m[K^~[m[K
In file included from [01m[K/opt/ros/humble/include/rclcpp/rclcpp/logging.hpp:25[m[K,
                 from [01m[K/opt/ros/humble/include/rclcpp/rclcpp/client.hpp:40[m[K,
                 from [01m[K/opt/ros/humble/include/rclcpp/rclcpp/callback_group.hpp:24[m[K,
                 from [01m[K/opt/ros/humble/include/rclcpp/rclcpp/any_executable.hpp:20[m[K,
                 from [01m[K/opt/ros/humble/include/rclcpp/rclcpp/memory_strategy.hpp:25[m[K,
                 from [01m[K/opt/ros/humble/include/rclcpp/rclcpp/memory_strategies.hpp:18[m[K,
                 from [01m[K/opt/ros/humble/include/rclcpp/rclcpp/executor_options.hpp:20[m[K,
                 from [01m[K/opt/ros/humble/include/rclcpp/rclcpp/executor.hpp:37[m[K,
                 from [01m[K/opt/ros/humble/include/rclcpp/rclcpp/executors/multi_threaded_executor.hpp:25[m[K,
                 from [01m[K/opt/ros/humble/include/rclcpp/rclcpp/executors.hpp:21[m[K,
                 from [01m[K/opt/ros/humble/include/rclcpp/rclcpp/rclcpp.hpp:155[m[K,
                 from [01m[K/home/tungchiahui/UserFloder/mysource/ROS/ROS2_WS/6.ws_simulations/src/stage_ros2/./include/stage_ros2/stage_node.hpp:17[m[K,
                 from [01m[K/home/tungchiahui/UserFloder/mysource/ROS/ROS2_WS/6.ws_simulations/src/stage_ros2/src/vehicle.cpp:1[m[K:
[01m[K/opt/ros/humble/include/rclcpp/rclcpp/utilities.hpp:176:1:[m[K [01;36m[Knote: [m[K‘[01m[Kok[m[K’ declared here
  176 | [01;36m[Kok[m[K(rclcpp::Context::SharedPtr context = nullptr);
      | [01;36m[K^~[m[K
In file included from [01m[K/opt/ros/humble/include/rclcpp/rclcpp/executors/multi_threaded_executor.hpp:25[m[K,
                 from [01m[K/opt/ros/humble/include/rclcpp/rclcpp/executors.hpp:21[m[K,
                 from [01m[K/opt/ros/humble/include/rclcpp/rclcpp/rclcpp.hpp:155[m[K,
                 from [01m[K/home/tungchiahui/UserFloder/mysource/ROS/ROS2_WS/6.ws_simulations/src/stage_ros2/./include/stage_ros2/stage_node.hpp:17[m[K,
                 from [01m[K/home/tungchiahui/UserFloder/mysource/ROS/ROS2_WS/6.ws_simulations/src/stage_ros2/src/stage_node.cpp:1[m[K:
[01m[K/opt/ros/humble/include/rclcpp/rclcpp/executor.hpp:[m[K In member function ‘[01m[Krclcpp::FutureReturnCode rclcpp::Executor::spin_until_future_complete(const FutureT&, std::chrono::duration<_Rep, _Period>)[m[K’:
[01m[K/opt/ros/humble/include/rclcpp/rclcpp/executor.hpp:360:20:[m[K [01;31m[Kerror: [m[K‘[01m[Kok[m[K’ is not a member of ‘[01m[Krclcpp[m[K’; did you mean ‘[01m[Kok[m[K’?
  360 |     while (rclcpp::[01;31m[Kok[m[K(this->context_) && spinning.load()) {
      |                    [01;31m[K^~[m[K
In file included from [01m[K/opt/ros/humble/include/rclcpp/rclcpp/logging.hpp:25[m[K,
                 from [01m[K/opt/ros/humble/include/rclcpp/rclcpp/client.hpp:40[m[K,
                 from [01m[K/opt/ros/humble/include/rclcpp/rclcpp/callback_group.hpp:24[m[K,
                 from [01m[K/opt/ros/humble/include/rclcpp/rclcpp/any_executable.hpp:20[m[K,
                 from [01m[K/opt/ros/humble/include/rclcpp/rclcpp/memory_strategy.hpp:25[m[K,
                 from [01m[K/opt/ros/humble/include/rclcpp/rclcpp/memory_strategies.hpp:18[m[K,
                 from [01m[K/opt/ros/humble/include/rclcpp/rclcpp/executor_options.hpp:20[m[K,
                 from [01m[K/opt/ros/humble/include/rclcpp/rclcpp/executor.hpp:37[m[K,
                 from [01m[K/opt/ros/humble/include/rclcpp/rclcpp/executors/multi_threaded_executor.hpp:25[m[K,
                 from [01m[K/opt/ros/humble/include/rclcpp/rclcpp/executors.hpp:21[m[K,
                 from [01m[K/opt/ros/humble/include/rclcpp/rclcpp/rclcpp.hpp:155[m[K,
                 from [01m[K/home/tungchiahui/UserFloder/mysource/ROS/ROS2_WS/6.ws_simulations/src/stage_ros2/./include/stage_ros2/stage_node.hpp:17[m[K,
                 from [01m[K/home/tungchiahui/UserFloder/mysource/ROS/ROS2_WS/6.ws_simulations/src/stage_ros2/src/stage_node.cpp:1[m[K:
[01m[K/opt/ros/humble/include/rclcpp/rclcpp/utilities.hpp:176:1:[m[K [01;36m[Knote: [m[K‘[01m[Kok[m[K’ declared here
  176 | [01;36m[Kok[m[K(rclcpp::Context::SharedPtr context = nullptr);
      | [01;36m[K^~[m[K
In file included from [01m[K/opt/ros/humble/include/rclcpp/rclcpp/executors/multi_threaded_executor.hpp:25[m[K,
                 from [01m[K/opt/ros/humble/include/rclcpp/rclcpp/executors.hpp:21[m[K,
                 from [01m[K/opt/ros/humble/include/rclcpp/rclcpp/rclcpp.hpp:155[m[K,
                 from [01m[K/home/tungchiahui/UserFloder/mysource/ROS/ROS2_WS/6.ws_simulations/src/stage_ros2/./include/stage_ros2/stage_node.hpp:17[m[K,
                 from [01m[K/home/tungchiahui/UserFloder/mysource/ROS/ROS2_WS/6.ws_simulations/src/stage_ros2/src/ranger.cpp:1[m[K:
[01m[K/opt/ros/humble/include/rclcpp/rclcpp/executor.hpp:[m[K In member function ‘[01m[Krclcpp::FutureReturnCode rclcpp::Executor::spin_until_future_complete(const FutureT&, std::chrono::duration<_Rep, _Period>)[m[K’:
[01m[K/opt/ros/humble/include/rclcpp/rclcpp/executor.hpp:360:20:[m[K [01;31m[Kerror: [m[K‘[01m[Kok[m[K’ is not a member of ‘[01m[Krclcpp[m[K’; did you mean ‘[01m[Kok[m[K’?
  360 |     while (rclcpp::[01;31m[Kok[m[K(this->context_) && spinning.load()) {
      |                    [01;31m[K^~[m[K
In file included from [01m[K/opt/ros/humble/include/rclcpp/rclcpp/logging.hpp:25[m[K,
                 from [01m[K/opt/ros/humble/include/rclcpp/rclcpp/client.hpp:40[m[K,
                 from [01m[K/opt/ros/humble/include/rclcpp/rclcpp/callback_group.hpp:24[m[K,
                 from [01m[K/opt/ros/humble/include/rclcpp/rclcpp/any_executable.hpp:20[m[K,
                 from [01m[K/opt/ros/humble/include/rclcpp/rclcpp/memory_strategy.hpp:25[m[K,
                 from [01m[K/opt/ros/humble/include/rclcpp/rclcpp/memory_strategies.hpp:18[m[K,
                 from [01m[K/opt/ros/humble/include/rclcpp/rclcpp/executor_options.hpp:20[m[K,
                 from [01m[K/opt/ros/humble/include/rclcpp/rclcpp/executor.hpp:37[m[K,
                 from [01m[K/opt/ros/humble/include/rclcpp/rclcpp/executors/multi_threaded_executor.hpp:25[m[K,
                 from [01m[K/opt/ros/humble/include/rclcpp/rclcpp/executors.hpp:21[m[K,
                 from [01m[K/opt/ros/humble/include/rclcpp/rclcpp/rclcpp.hpp:155[m[K,
                 from [01m[K/home/tungchiahui/UserFloder/mysource/ROS/ROS2_WS/6.ws_simulations/src/stage_ros2/./include/stage_ros2/stage_node.hpp:17[m[K,
                 from [01m[K/home/tungchiahui/UserFloder/mysource/ROS/ROS2_WS/6.ws_simulations/src/stage_ros2/src/ranger.cpp:1[m[K:
[01m[K/opt/ros/humble/include/rclcpp/rclcpp/utilities.hpp:176:1:[m[K [01;36m[Knote: [m[K‘[01m[Kok[m[K’ declared here
  176 | [01;36m[Kok[m[K(rclcpp::Context::SharedPtr context = nullptr);
      | [01;36m[K^~[m[K
In file included from [01m[K/opt/ros/humble/include/rclcpp/rclcpp/executors/multi_threaded_executor.hpp:25[m[K,
                 from [01m[K/opt/ros/humble/include/rclcpp/rclcpp/executors.hpp:21[m[K,
                 from [01m[K/opt/ros/humble/include/rclcpp/rclcpp/rclcpp.hpp:155[m[K,
                 from [01m[K/home/tungchiahui/UserFloder/mysource/ROS/ROS2_WS/6.ws_simulations/src/stage_ros2/./include/stage_ros2/stage_node.hpp:17[m[K,
                 from [01m[K/home/tungchiahui/UserFloder/mysource/ROS/ROS2_WS/6.ws_simulations/src/stage_ros2/src/camera.cpp:1[m[K:
[01m[K/opt/ros/humble/include/rclcpp/rclcpp/executor.hpp:[m[K In member function ‘[01m[Krclcpp::FutureReturnCode rclcpp::Executor::spin_until_future_complete(const FutureT&, std::chrono::duration<_Rep, _Period>)[m[K’:
[01m[K/opt/ros/humble/include/rclcpp/rclcpp/executor.hpp:360:20:[m[K [01;31m[Kerror: [m[K‘[01m[Kok[m[K’ is not a member of ‘[01m[Krclcpp[m[K’; did you mean ‘[01m[Kok[m[K’?
  360 |     while (rclcpp::[01;31m[Kok[m[K(this->context_) && spinning.load()) {
      |                    [01;31m[K^~[m[K
In file included from [01m[K/opt/ros/humble/include/rclcpp/rclcpp/logging.hpp:25[m[K,
                 from [01m[K/opt/ros/humble/include/rclcpp/rclcpp/client.hpp:40[m[K,
                 from [01m[K/opt/ros/humble/include/rclcpp/rclcpp/callback_group.hpp:24[m[K,
                 from [01m[K/opt/ros/humble/include/rclcpp/rclcpp/any_executable.hpp:20[m[K,
                 from [01m[K/opt/ros/humble/include/rclcpp/rclcpp/memory_strategy.hpp:25[m[K,
                 from [01m[K/opt/ros/humble/include/rclcpp/rclcpp/memory_strategies.hpp:18[m[K,
                 from [01m[K/opt/ros/humble/include/rclcpp/rclcpp/executor_options.hpp:20[m[K,
                 from [01m[K/opt/ros/humble/include/rclcpp/rclcpp/executor.hpp:37[m[K,
                 from [01m[K/opt/ros/humble/include/rclcpp/rclcpp/executors/multi_threaded_executor.hpp:25[m[K,
                 from [01m[K/opt/ros/humble/include/rclcpp/rclcpp/executors.hpp:21[m[K,
                 from [01m[K/opt/ros/humble/include/rclcpp/rclcpp/rclcpp.hpp:155[m[K,
                 from [01m[K/home/tungchiahui/UserFloder/mysource/ROS/ROS2_WS/6.ws_simulations/src/stage_ros2/./include/stage_ros2/stage_node.hpp:17[m[K,
                 from [01m[K/home/tungchiahui/UserFloder/mysource/ROS/ROS2_WS/6.ws_simulations/src/stage_ros2/src/camera.cpp:1[m[K:
[01m[K/opt/ros/humble/include/rclcpp/rclcpp/utilities.hpp:176:1:[m[K [01;36m[Knote: [m[K‘[01m[Kok[m[K’ declared here
  176 | [01;36m[Kok[m[K(rclcpp::Context::SharedPtr context = nullptr);
      | [01;36m[K^~[m[K
[01m[K/home/tungchiahui/UserFloder/mysource/ROS/ROS2_WS/6.ws_simulations/src/stage_ros2/src/stage_node.cpp:[m[K In static member function ‘[01m[Kstatic int StageNode::callback_update_stage_world(Stg::World*, StageNode*)[m[K’:
[01m[K/home/tungchiahui/UserFloder/mysource/ROS/ROS2_WS/6.ws_simulations/src/stage_ros2/src/stage_node.cpp:160:16:[m[K [01;31m[Kerror: [m[K‘[01m[Kok[m[K’ is not a member of ‘[01m[Krclcpp[m[K’; did you mean ‘[01m[Kok[m[K’?
  160 |   if (!rclcpp::[01;31m[Kok[m[K()) {
      |                [01;31m[K^~[m[K
In file included from [01m[K/opt/ros/humble/include/rclcpp/rclcpp/logging.hpp:25[m[K,
                 from [01m[K/opt/ros/humble/include/rclcpp/rclcpp/client.hpp:40[m[K,
                 from [01m[K/opt/ros/humble/include/rclcpp/rclcpp/callback_group.hpp:24[m[K,
                 from [01m[K/opt/ros/humble/include/rclcpp/rclcpp/any_executable.hpp:20[m[K,
                 from [01m[K/opt/ros/humble/include/rclcpp/rclcpp/memory_strategy.hpp:25[m[K,
                 from [01m[K/opt/ros/humble/include/rclcpp/rclcpp/memory_strategies.hpp:18[m[K,
                 from [01m[K/opt/ros/humble/include/rclcpp/rclcpp/executor_options.hpp:20[m[K,
                 from [01m[K/opt/ros/humble/include/rclcpp/rclcpp/executor.hpp:37[m[K,
                 from [01m[K/opt/ros/humble/include/rclcpp/rclcpp/executors/multi_threaded_executor.hpp:25[m[K,
                 from [01m[K/opt/ros/humble/include/rclcpp/rclcpp/executors.hpp:21[m[K,
                 from [01m[K/opt/ros/humble/include/rclcpp/rclcpp/rclcpp.hpp:155[m[K,
                 from [01m[K/home/tungchiahui/UserFloder/mysource/ROS/ROS2_WS/6.ws_simulations/src/stage_ros2/./include/stage_ros2/stage_node.hpp:17[m[K,
                 from [01m[K/home/tungchiahui/UserFloder/mysource/ROS/ROS2_WS/6.ws_simulations/src/stage_ros2/src/stage_node.cpp:1[m[K:
[01m[K/opt/ros/humble/include/rclcpp/rclcpp/utilities.hpp:176:1:[m[K [01;36m[Knote: [m[K‘[01m[Kok[m[K’ declared here
  176 | [01;36m[Kok[m[K(rclcpp::Context::SharedPtr context = nullptr);
      | [01;36m[K^~[m[K
gmake[2]: *** [CMakeFiles/stage_node.dir/build.make:104: CMakeFiles/stage_node.dir/src/ranger.cpp.o] Error 1
gmake[2]: *** Waiting for unfinished jobs....
gmake[2]: *** [CMakeFiles/stage_node.dir/build.make:118: CMakeFiles/stage_node.dir/src/camera.cpp.o] Error 1
gmake[2]: *** [CMakeFiles/stage_node.dir/build.make:76: CMakeFiles/stage_node.dir/src/stage_node.cpp.o] Error 1
gmake[2]: *** [CMakeFiles/stage_node.dir/build.make:90: CMakeFiles/stage_node.dir/src/vehicle.cpp.o] Error 1
gmake[1]: *** [CMakeFiles/Makefile2:139: CMakeFiles/stage_node.dir/all] Error 2
gmake: *** [Makefile:146: all] Error 2
