running egg_info
creating ../../../build/learning_urdf/learning_urdf.egg-info
writing ../../../build/learning_urdf/learning_urdf.egg-info/PKG-INFO
writing dependency_links to ../../../build/learning_urdf/learning_urdf.egg-info/dependency_links.txt
writing entry points to ../../../build/learning_urdf/learning_urdf.egg-info/entry_points.txt
writing requirements to ../../../build/learning_urdf/learning_urdf.egg-info/requires.txt
writing top-level names to ../../../build/learning_urdf/learning_urdf.egg-info/top_level.txt
writing manifest file '../../../build/learning_urdf/learning_urdf.egg-info/SOURCES.txt'
reading manifest file '../../../build/learning_urdf/learning_urdf.egg-info/SOURCES.txt'
writing manifest file '../../../build/learning_urdf/learning_urdf.egg-info/SOURCES.txt'
running build
running build_py
creating /home/tungchiahui/mysource/ros2src/2.example_ws/build/learning_urdf/build
creating /home/tungchiahui/mysource/ros2src/2.example_ws/build/learning_urdf/build/lib
creating /home/tungchiahui/mysource/ros2src/2.example_ws/build/learning_urdf/build/lib/learning_urdf
copying learning_urdf/__init__.py -> /home/tungchiahui/mysource/ros2src/2.example_ws/build/learning_urdf/build/lib/learning_urdf
running install
/usr/lib/python3/dist-packages/setuptools/command/install.py:34: SetuptoolsDeprecationWarning: setup.py install is deprecated. Use build and pip and other standards-based tools.
  warnings.warn(
running install_lib
creating /home/tungchiahui/mysource/ros2src/2.example_ws/install/learning_urdf/lib/python3.10/site-packages/learning_urdf
copying /home/tungchiahui/mysource/ros2src/2.example_ws/build/learning_urdf/build/lib/learning_urdf/__init__.py -> /home/tungchiahui/mysource/ros2src/2.example_ws/install/learning_urdf/lib/python3.10/site-packages/learning_urdf
byte-compiling /home/tungchiahui/mysource/ros2src/2.example_ws/install/learning_urdf/lib/python3.10/site-packages/learning_urdf/__init__.py to __init__.cpython-310.pyc
running install_data
creating /home/tungchiahui/mysource/ros2src/2.example_ws/install/learning_urdf/share/ament_index
creating /home/tungchiahui/mysource/ros2src/2.example_ws/install/learning_urdf/share/ament_index/resource_index
creating /home/tungchiahui/mysource/ros2src/2.example_ws/install/learning_urdf/share/ament_index/resource_index/packages
copying resource/learning_urdf -> /home/tungchiahui/mysource/ros2src/2.example_ws/install/learning_urdf/share/ament_index/resource_index/packages
copying package.xml -> /home/tungchiahui/mysource/ros2src/2.example_ws/install/learning_urdf/share/learning_urdf
creating /home/tungchiahui/mysource/ros2src/2.example_ws/install/learning_urdf/share/learning_urdf/launch
copying launch/display.launch.py -> /home/tungchiahui/mysource/ros2src/2.example_ws/install/learning_urdf/share/learning_urdf/launch
creating /home/tungchiahui/mysource/ros2src/2.example_ws/install/learning_urdf/share/learning_urdf/urdf
copying urdf/mbot_with_camera.urdf -> /home/tungchiahui/mysource/ros2src/2.example_ws/install/learning_urdf/share/learning_urdf/urdf
copying urdf/mbot_base.urdf -> /home/tungchiahui/mysource/ros2src/2.example_ws/install/learning_urdf/share/learning_urdf/urdf
copying urdf/mbot_with_kinect.urdf -> /home/tungchiahui/mysource/ros2src/2.example_ws/install/learning_urdf/share/learning_urdf/urdf
copying urdf/mbot_with_laser.urdf -> /home/tungchiahui/mysource/ros2src/2.example_ws/install/learning_urdf/share/learning_urdf/urdf
creating /home/tungchiahui/mysource/ros2src/2.example_ws/install/learning_urdf/share/learning_urdf/urdf/sensors
copying urdf/sensors/lidar_gazebo.xacro -> /home/tungchiahui/mysource/ros2src/2.example_ws/install/learning_urdf/share/learning_urdf/urdf/sensors
copying urdf/sensors/kinect_gazebo.xacro -> /home/tungchiahui/mysource/ros2src/2.example_ws/install/learning_urdf/share/learning_urdf/urdf/sensors
copying urdf/sensors/camera_gazebo.xacro -> /home/tungchiahui/mysource/ros2src/2.example_ws/install/learning_urdf/share/learning_urdf/urdf/sensors
creating /home/tungchiahui/mysource/ros2src/2.example_ws/install/learning_urdf/share/learning_urdf/meshes
copying meshes/kinect.tga -> /home/tungchiahui/mysource/ros2src/2.example_ws/install/learning_urdf/share/learning_urdf/meshes
copying meshes/kinect.jpg -> /home/tungchiahui/mysource/ros2src/2.example_ws/install/learning_urdf/share/learning_urdf/meshes
copying meshes/kinect.dae -> /home/tungchiahui/mysource/ros2src/2.example_ws/install/learning_urdf/share/learning_urdf/meshes
creating /home/tungchiahui/mysource/ros2src/2.example_ws/install/learning_urdf/share/learning_urdf/rviz
copying rviz/urdf.rviz -> /home/tungchiahui/mysource/ros2src/2.example_ws/install/learning_urdf/share/learning_urdf/rviz
running install_egg_info
Copying ../../../build/learning_urdf/learning_urdf.egg-info to /home/tungchiahui/mysource/ros2src/2.example_ws/install/learning_urdf/lib/python3.10/site-packages/learning_urdf-0.0.0-py3.10.egg-info
running install_scripts
writing list of installed files to '/home/tungchiahui/mysource/ros2src/2.example_ws/build/learning_urdf/install.log'
