[0.012s] Invoking command in '/home/tungchiahui/mysource/ros2src/3.ws01_plumbing/build/cpp03_action': CMAKE_PREFIX_PATH=/home/tungchiahui/mysource/ros2src/3.ws01_plumbing/install/base_interfaces_demo:/home/tungchiahui/mysource/ros2src/3.ws01_plumbing/install/cpp02_service:/home/tungchiahui/mysource/ros2src/3.ws01_plumbing/install/cpp01_topic:/opt/ros/humble /usr/bin/cmake /home/tungchiahui/mysource/ros2src/3.ws01_plumbing/src/cpp03_action -DCMAKE_INSTALL_PREFIX=/home/tungchiahui/mysource/ros2src/3.ws01_plumbing/install/cpp03_action
[0.058s] -- The C compiler identification is GNU 11.3.0
[0.113s] -- The CXX compiler identification is GNU 11.3.0
[0.118s] -- Detecting C compiler ABI info
[0.181s] -- Detecting C compiler ABI info - done
[0.187s] -- Check for working C compiler: /usr/bin/cc - skipped
[0.188s] -- Detecting C compile features
[0.189s] -- Detecting C compile features - done
[0.192s] -- Detecting CXX compiler ABI info
[0.257s] -- Detecting CXX compiler ABI info - done
[0.262s] -- Check for working CXX compiler: /usr/bin/c++ - skipped
[0.262s] -- Detecting CXX compile features
[0.262s] -- Detecting CXX compile features - done
[0.269s] -- Found ament_cmake: 1.3.5 (/opt/ros/humble/share/ament_cmake/cmake)
[0.380s] -- Found Python3: /usr/bin/python3.10 (found version "3.10.6") found components: Interpreter 
[0.436s] -- Found rclcpp: 16.0.4 (/opt/ros/humble/share/rclcpp/cmake)
[0.468s] -- Found rosidl_generator_c: 3.1.4 (/opt/ros/humble/share/rosidl_generator_c/cmake)
[0.471s] -- Found rosidl_adapter: 3.1.4 (/opt/ros/humble/share/rosidl_adapter/cmake)
[0.477s] -- Found rosidl_generator_cpp: 3.1.4 (/opt/ros/humble/share/rosidl_generator_cpp/cmake)
[0.486s] -- Using all available rosidl_typesupport_c: rosidl_typesupport_fastrtps_c;rosidl_typesupport_introspection_c
[0.499s] -- Using all available rosidl_typesupport_cpp: rosidl_typesupport_fastrtps_cpp;rosidl_typesupport_introspection_cpp
[0.554s] -- Found rmw_implementation_cmake: 6.1.1 (/opt/ros/humble/share/rmw_implementation_cmake/cmake)
[0.557s] -- Found rmw_fastrtps_cpp: 6.2.2 (/opt/ros/humble/share/rmw_fastrtps_cpp/cmake)
[0.625s] -- Found OpenSSL: /usr/lib/x86_64-linux-gnu/libcrypto.so (found version "3.0.2")  
[0.645s] -- Found FastRTPS: /opt/ros/humble/include  
[0.673s] -- Using RMW implementation 'rmw_fastrtps_cpp' as default
[0.682s] -- Looking for pthread.h
[0.727s] -- Looking for pthread.h - found
[0.728s] -- Performing Test CMAKE_HAVE_LIBC_PTHREAD
[0.771s] -- Performing Test CMAKE_HAVE_LIBC_PTHREAD - Success
[0.772s] -- Found Threads: TRUE  
[0.885s] -- Found rclcpp_action: 16.0.4 (/opt/ros/humble/share/rclcpp_action/cmake)
[0.947s] -- Found base_interfaces_demo: 0.0.0 (/home/tungchiahui/mysource/ros2src/3.ws01_plumbing/install/base_interfaces_demo/share/base_interfaces_demo/cmake)
[0.984s] -- Found ament_lint_auto: 0.12.6 (/opt/ros/humble/share/ament_lint_auto/cmake)
[1.039s] -- Added test 'cppcheck' to perform static code analysis on C / C++ code
[1.039s] -- Configured cppcheck include dirs: $<BUILD_INTERFACE:/home/tungchiahui/mysource/ros2src/3.ws01_plumbing/src/cpp03_action/include>
[1.039s] -- Configured cppcheck exclude dirs and/or files: 
[1.040s] -- Added test 'lint_cmake' to check CMake code style
[1.040s] -- Added test 'uncrustify' to check C / C++ code style
[1.040s] -- Configured uncrustify additional arguments: 
[1.041s] -- Added test 'xmllint' to check XML markup files
[1.042s] -- Configuring done
[1.050s] -- Generating done
[1.051s] -- Build files have been written to: /home/tungchiahui/mysource/ros2src/3.ws01_plumbing/build/cpp03_action
[1.058s] Invoked command in '/home/tungchiahui/mysource/ros2src/3.ws01_plumbing/build/cpp03_action' returned '0': CMAKE_PREFIX_PATH=/home/tungchiahui/mysource/ros2src/3.ws01_plumbing/install/base_interfaces_demo:/home/tungchiahui/mysource/ros2src/3.ws01_plumbing/install/cpp02_service:/home/tungchiahui/mysource/ros2src/3.ws01_plumbing/install/cpp01_topic:/opt/ros/humble /usr/bin/cmake /home/tungchiahui/mysource/ros2src/3.ws01_plumbing/src/cpp03_action -DCMAKE_INSTALL_PREFIX=/home/tungchiahui/mysource/ros2src/3.ws01_plumbing/install/cpp03_action
[1.060s] Invoking command in '/home/tungchiahui/mysource/ros2src/3.ws01_plumbing/build/cpp03_action': CMAKE_PREFIX_PATH=/home/tungchiahui/mysource/ros2src/3.ws01_plumbing/install/base_interfaces_demo:/home/tungchiahui/mysource/ros2src/3.ws01_plumbing/install/cpp02_service:/home/tungchiahui/mysource/ros2src/3.ws01_plumbing/install/cpp01_topic:/opt/ros/humble /usr/bin/cmake --build /home/tungchiahui/mysource/ros2src/3.ws01_plumbing/build/cpp03_action -- -j16 -l16
[1.092s] [ 50%] [32mBuilding CXX object CMakeFiles/demo01_action_server.dir/src/demo01_action_server.cpp.o[0m
[1.092s] [ 50%] [32mBuilding CXX object CMakeFiles/demo02_action_client.dir/src/demo02_action_client.cpp.o[0m
[3.177s] [100%] [32m[1mLinking CXX executable demo02_action_client[0m
[3.177s] [100%] [32m[1mLinking CXX executable demo01_action_server[0m
[3.272s] [100%] Built target demo01_action_server
[3.272s] [100%] Built target demo02_action_client
[3.278s] Invoked command in '/home/tungchiahui/mysource/ros2src/3.ws01_plumbing/build/cpp03_action' returned '0': CMAKE_PREFIX_PATH=/home/tungchiahui/mysource/ros2src/3.ws01_plumbing/install/base_interfaces_demo:/home/tungchiahui/mysource/ros2src/3.ws01_plumbing/install/cpp02_service:/home/tungchiahui/mysource/ros2src/3.ws01_plumbing/install/cpp01_topic:/opt/ros/humble /usr/bin/cmake --build /home/tungchiahui/mysource/ros2src/3.ws01_plumbing/build/cpp03_action -- -j16 -l16
[3.299s] Invoking command in '/home/tungchiahui/mysource/ros2src/3.ws01_plumbing/build/cpp03_action': CMAKE_PREFIX_PATH=/home/tungchiahui/mysource/ros2src/3.ws01_plumbing/install/base_interfaces_demo:/home/tungchiahui/mysource/ros2src/3.ws01_plumbing/install/cpp02_service:/home/tungchiahui/mysource/ros2src/3.ws01_plumbing/install/cpp01_topic:/opt/ros/humble /usr/bin/cmake --install /home/tungchiahui/mysource/ros2src/3.ws01_plumbing/build/cpp03_action
[3.303s] -- Install configuration: ""
[3.303s] -- Installing: /home/tungchiahui/mysource/ros2src/3.ws01_plumbing/install/cpp03_action/lib/cpp03_action/demo01_action_server
[3.303s] -- Set runtime path of "/home/tungchiahui/mysource/ros2src/3.ws01_plumbing/install/cpp03_action/lib/cpp03_action/demo01_action_server" to ""
[3.303s] -- Installing: /home/tungchiahui/mysource/ros2src/3.ws01_plumbing/install/cpp03_action/lib/cpp03_action/demo02_action_client
[3.304s] -- Set runtime path of "/home/tungchiahui/mysource/ros2src/3.ws01_plumbing/install/cpp03_action/lib/cpp03_action/demo02_action_client" to ""
[3.304s] -- Installing: /home/tungchiahui/mysource/ros2src/3.ws01_plumbing/install/cpp03_action/share/ament_index/resource_index/package_run_dependencies/cpp03_action
[3.304s] -- Installing: /home/tungchiahui/mysource/ros2src/3.ws01_plumbing/install/cpp03_action/share/ament_index/resource_index/parent_prefix_path/cpp03_action
[3.304s] -- Installing: /home/tungchiahui/mysource/ros2src/3.ws01_plumbing/install/cpp03_action/share/cpp03_action/environment/ament_prefix_path.sh
[3.304s] -- Installing: /home/tungchiahui/mysource/ros2src/3.ws01_plumbing/install/cpp03_action/share/cpp03_action/environment/ament_prefix_path.dsv
[3.304s] -- Installing: /home/tungchiahui/mysource/ros2src/3.ws01_plumbing/install/cpp03_action/share/cpp03_action/environment/path.sh
[3.304s] -- Installing: /home/tungchiahui/mysource/ros2src/3.ws01_plumbing/install/cpp03_action/share/cpp03_action/environment/path.dsv
[3.305s] -- Installing: /home/tungchiahui/mysource/ros2src/3.ws01_plumbing/install/cpp03_action/share/cpp03_action/local_setup.bash
[3.305s] -- Installing: /home/tungchiahui/mysource/ros2src/3.ws01_plumbing/install/cpp03_action/share/cpp03_action/local_setup.sh
[3.305s] -- Installing: /home/tungchiahui/mysource/ros2src/3.ws01_plumbing/install/cpp03_action/share/cpp03_action/local_setup.zsh
[3.305s] -- Installing: /home/tungchiahui/mysource/ros2src/3.ws01_plumbing/install/cpp03_action/share/cpp03_action/local_setup.dsv
[3.305s] -- Installing: /home/tungchiahui/mysource/ros2src/3.ws01_plumbing/install/cpp03_action/share/cpp03_action/package.dsv
[3.305s] -- Installing: /home/tungchiahui/mysource/ros2src/3.ws01_plumbing/install/cpp03_action/share/ament_index/resource_index/packages/cpp03_action
[3.305s] -- Installing: /home/tungchiahui/mysource/ros2src/3.ws01_plumbing/install/cpp03_action/share/cpp03_action/cmake/cpp03_actionConfig.cmake
[3.305s] -- Installing: /home/tungchiahui/mysource/ros2src/3.ws01_plumbing/install/cpp03_action/share/cpp03_action/cmake/cpp03_actionConfig-version.cmake
[3.305s] -- Installing: /home/tungchiahui/mysource/ros2src/3.ws01_plumbing/install/cpp03_action/share/cpp03_action/package.xml
[3.307s] Invoked command in '/home/tungchiahui/mysource/ros2src/3.ws01_plumbing/build/cpp03_action' returned '0': CMAKE_PREFIX_PATH=/home/tungchiahui/mysource/ros2src/3.ws01_plumbing/install/base_interfaces_demo:/home/tungchiahui/mysource/ros2src/3.ws01_plumbing/install/cpp02_service:/home/tungchiahui/mysource/ros2src/3.ws01_plumbing/install/cpp01_topic:/opt/ros/humble /usr/bin/cmake --install /home/tungchiahui/mysource/ros2src/3.ws01_plumbing/build/cpp03_action
