[0.015s] Invoking command in '/home/tungchiahui/source/ROS2_WS/4.ws02_tools/build/cpp03_tf_broadcaster': CMAKE_PREFIX_PATH=${CMAKE_PREFIX_PATH}:/opt/ros/jazzy /usr/bin/cmake --build /home/tungchiahui/source/ROS2_WS/4.ws02_tools/build/cpp03_tf_broadcaster -- -j16 -l16
[0.086s] -- Found ament_cmake: 2.5.2 (/opt/ros/jazzy/share/ament_cmake/cmake)
[0.273s] -- Found rclcpp: 28.1.5 (/opt/ros/jazzy/share/rclcpp/cmake)
[0.342s] -- Found rosidl_generator_c: 4.6.4 (/opt/ros/jazzy/share/rosidl_generator_c/cmake)
[0.352s] -- Found rosidl_generator_cpp: 4.6.4 (/opt/ros/jazzy/share/rosidl_generator_cpp/cmake)
[0.368s] -- Using all available rosidl_typesupport_c: rosidl_typesupport_fastrtps_c;rosidl_typesupport_introspection_c
[0.385s] -- Using all available rosidl_typesupport_cpp: rosidl_typesupport_fastrtps_cpp;rosidl_typesupport_introspection_cpp
[0.458s] -- Found rmw_implementation_cmake: 7.3.1 (/opt/ros/jazzy/share/rmw_implementation_cmake/cmake)
[0.461s] -- Found rmw_fastrtps_cpp: 8.4.1 (/opt/ros/jazzy/share/rmw_fastrtps_cpp/cmake)
[0.566s] -- Using RMW implementation 'rmw_fastrtps_cpp' as default
[0.659s] -- Found tf2: 0.36.4 (/opt/ros/jazzy/share/tf2/cmake)
[0.702s] -- Found tf2_ros: 0.36.4 (/opt/ros/jazzy/share/tf2_ros/cmake)
[0.825s] -- Found turtlesim: 1.8.3 (/opt/ros/jazzy/share/turtlesim/cmake)
[0.848s] -- Found ament_lint_auto: 0.17.1 (/opt/ros/jazzy/share/ament_lint_auto/cmake)
[0.935s] -- Added test 'cppcheck' to perform static code analysis on C / C++ code
[0.935s] -- Configured cppcheck include dirs: 
[0.935s] -- Configured cppcheck exclude dirs and/or files: 
[0.936s] -- Added test 'lint_cmake' to check CMake code style
[0.937s] -- Added test 'uncrustify' to check C / C++ code style
[0.937s] -- Configured uncrustify additional arguments: 
[0.937s] -- Added test 'xmllint' to check XML markup files
[0.939s] -- Configuring done (0.9s)
[0.966s] -- Generating done (0.0s)
[0.972s] -- Build files have been written to: /home/tungchiahui/source/ROS2_WS/4.ws02_tools/build/cpp03_tf_broadcaster
[0.999s] [ 25%] [32mBuilding CXX object CMakeFiles/demo02_dynamic_tf_broadcaster.dir/src/demo02_dynamic_tf_broadcaster.cpp.o[0m
[1.011s] [ 75%] Built target demo01_static_tf_broadcaster
[8.014s] [100%] [32m[1mLinking CXX executable demo02_dynamic_tf_broadcaster[0m
[8.364s] [100%] Built target demo02_dynamic_tf_broadcaster
[8.371s] Invoked command in '/home/tungchiahui/source/ROS2_WS/4.ws02_tools/build/cpp03_tf_broadcaster' returned '0': CMAKE_PREFIX_PATH=${CMAKE_PREFIX_PATH}:/opt/ros/jazzy /usr/bin/cmake --build /home/tungchiahui/source/ROS2_WS/4.ws02_tools/build/cpp03_tf_broadcaster -- -j16 -l16
[8.378s] Invoking command in '/home/tungchiahui/source/ROS2_WS/4.ws02_tools/build/cpp03_tf_broadcaster': CMAKE_PREFIX_PATH=${CMAKE_PREFIX_PATH}:/opt/ros/jazzy /usr/bin/cmake --install /home/tungchiahui/source/ROS2_WS/4.ws02_tools/build/cpp03_tf_broadcaster
[8.382s] -- Install configuration: ""
[8.383s] -- Up-to-date: /home/tungchiahui/source/ROS2_WS/4.ws02_tools/install/cpp03_tf_broadcaster/lib/cpp03_tf_broadcaster/demo01_static_tf_broadcaster
[8.383s] -- Installing: /home/tungchiahui/source/ROS2_WS/4.ws02_tools/install/cpp03_tf_broadcaster/lib/cpp03_tf_broadcaster/demo02_dynamic_tf_broadcaster
[8.386s] -- Set non-toolchain portion of runtime path of "/home/tungchiahui/source/ROS2_WS/4.ws02_tools/install/cpp03_tf_broadcaster/lib/cpp03_tf_broadcaster/demo02_dynamic_tf_broadcaster" to ""
[8.386s] -- Up-to-date: /home/tungchiahui/source/ROS2_WS/4.ws02_tools/install/cpp03_tf_broadcaster/share/ament_index/resource_index/package_run_dependencies/cpp03_tf_broadcaster
[8.387s] -- Installing: /home/tungchiahui/source/ROS2_WS/4.ws02_tools/install/cpp03_tf_broadcaster/share/ament_index/resource_index/parent_prefix_path/cpp03_tf_broadcaster
[8.387s] -- Up-to-date: /home/tungchiahui/source/ROS2_WS/4.ws02_tools/install/cpp03_tf_broadcaster/share/cpp03_tf_broadcaster/environment/ament_prefix_path.sh
[8.387s] -- Up-to-date: /home/tungchiahui/source/ROS2_WS/4.ws02_tools/install/cpp03_tf_broadcaster/share/cpp03_tf_broadcaster/environment/ament_prefix_path.dsv
[8.387s] -- Up-to-date: /home/tungchiahui/source/ROS2_WS/4.ws02_tools/install/cpp03_tf_broadcaster/share/cpp03_tf_broadcaster/environment/path.sh
[8.387s] -- Up-to-date: /home/tungchiahui/source/ROS2_WS/4.ws02_tools/install/cpp03_tf_broadcaster/share/cpp03_tf_broadcaster/environment/path.dsv
[8.387s] -- Up-to-date: /home/tungchiahui/source/ROS2_WS/4.ws02_tools/install/cpp03_tf_broadcaster/share/cpp03_tf_broadcaster/local_setup.bash
[8.387s] -- Up-to-date: /home/tungchiahui/source/ROS2_WS/4.ws02_tools/install/cpp03_tf_broadcaster/share/cpp03_tf_broadcaster/local_setup.sh
[8.387s] -- Up-to-date: /home/tungchiahui/source/ROS2_WS/4.ws02_tools/install/cpp03_tf_broadcaster/share/cpp03_tf_broadcaster/local_setup.zsh
[8.387s] -- Up-to-date: /home/tungchiahui/source/ROS2_WS/4.ws02_tools/install/cpp03_tf_broadcaster/share/cpp03_tf_broadcaster/local_setup.dsv
[8.387s] -- Installing: /home/tungchiahui/source/ROS2_WS/4.ws02_tools/install/cpp03_tf_broadcaster/share/cpp03_tf_broadcaster/package.dsv
[8.387s] -- Up-to-date: /home/tungchiahui/source/ROS2_WS/4.ws02_tools/install/cpp03_tf_broadcaster/share/ament_index/resource_index/packages/cpp03_tf_broadcaster
[8.387s] -- Up-to-date: /home/tungchiahui/source/ROS2_WS/4.ws02_tools/install/cpp03_tf_broadcaster/share/cpp03_tf_broadcaster/cmake/cpp03_tf_broadcasterConfig.cmake
[8.387s] -- Up-to-date: /home/tungchiahui/source/ROS2_WS/4.ws02_tools/install/cpp03_tf_broadcaster/share/cpp03_tf_broadcaster/cmake/cpp03_tf_broadcasterConfig-version.cmake
[8.387s] -- Up-to-date: /home/tungchiahui/source/ROS2_WS/4.ws02_tools/install/cpp03_tf_broadcaster/share/cpp03_tf_broadcaster/package.xml
[8.389s] Invoked command in '/home/tungchiahui/source/ROS2_WS/4.ws02_tools/build/cpp03_tf_broadcaster' returned '0': CMAKE_PREFIX_PATH=${CMAKE_PREFIX_PATH}:/opt/ros/jazzy /usr/bin/cmake --install /home/tungchiahui/source/ROS2_WS/4.ws02_tools/build/cpp03_tf_broadcaster
