[0.044s] Invoking command in '/home/tungchiahui/mysource/ros2src/2.example_ws/build/learning_interface': CMAKE_PREFIX_PATH=/opt/ros/humble /usr/bin/cmake /home/tungchiahui/mysource/ros2src/2.example_ws/src/ros2_21_tutorials/learning_interface -DCMAKE_INSTALL_PREFIX=/home/tungchiahui/mysource/ros2src/2.example_ws/install/learning_interface
[1.285s] -- The C compiler identification is GNU 11.3.0
[1.286s] -- The CXX compiler identification is GNU 11.3.0
[1.286s] -- Detecting C compiler ABI info
[1.287s] -- Detecting C compiler ABI info - done
[1.287s] -- Check for working C compiler: /usr/bin/cc - skipped
[1.287s] -- Detecting C compile features
[1.287s] -- Detecting C compile features - done
[1.287s] -- Detecting CXX compiler ABI info
[1.287s] -- Detecting CXX compiler ABI info - done
[1.287s] -- Check for working CXX compiler: /usr/bin/c++ - skipped
[1.287s] -- Detecting CXX compile features
[1.287s] -- Detecting CXX compile features - done
[1.287s] -- Found ament_cmake: 1.3.5 (/opt/ros/humble/share/ament_cmake/cmake)
[1.287s] -- Found Python3: /usr/bin/python3.10 (found version "3.10.6") found components: Interpreter 
[1.287s] -- Found rosidl_default_generators: 1.2.0 (/opt/ros/humble/share/rosidl_default_generators/cmake)
[1.287s] -- Using all available rosidl_typesupport_c: rosidl_typesupport_fastrtps_c;rosidl_typesupport_introspection_c
[1.287s] -- Found rosidl_adapter: 3.1.4 (/opt/ros/humble/share/rosidl_adapter/cmake)
[1.287s] -- Using all available rosidl_typesupport_cpp: rosidl_typesupport_fastrtps_cpp;rosidl_typesupport_introspection_cpp
[1.287s] -- Found ament_cmake_ros: 0.10.0 (/opt/ros/humble/share/ament_cmake_ros/cmake)
[1.287s] -- Using all available rosidl_typesupport_c: rosidl_typesupport_fastrtps_c;rosidl_typesupport_introspection_c
[1.287s] -- Using all available rosidl_typesupport_cpp: rosidl_typesupport_fastrtps_cpp;rosidl_typesupport_introspection_cpp
[1.287s] -- Found PythonInterp: /usr/bin/python3 (found suitable version "3.10.6", minimum required is "3.6") 
[1.287s] -- Found python_cmake_module: 0.10.0 (/opt/ros/humble/share/python_cmake_module/cmake)
[1.287s] -- Found PythonLibs: /usr/lib/x86_64-linux-gnu/libpython3.10.so (found suitable version "3.10.6", minimum required is "3.5") 
[1.287s] -- Using PYTHON_EXECUTABLE: /usr/bin/python3
[1.287s] -- Using PYTHON_INCLUDE_DIRS: /usr/include/python3.10
[1.287s] -- Using PYTHON_LIBRARIES: /usr/lib/x86_64-linux-gnu/libpython3.10.so
[1.288s] -- Found PythonExtra: .so  
[1.288s] -- Found ament_lint_auto: 0.12.6 (/opt/ros/humble/share/ament_lint_auto/cmake)
[1.288s] -- Added test 'copyright' to check source files copyright and LICENSE
[1.288s] -- Added test 'lint_cmake' to check CMake code style
[1.288s] -- Added test 'xmllint' to check XML markup files
[1.288s] -- Configuring done
[1.288s] -- Generating done
[1.288s] -- Build files have been written to: /home/tungchiahui/mysource/ros2src/2.example_ws/build/learning_interface
[1.290s] Invoked command in '/home/tungchiahui/mysource/ros2src/2.example_ws/build/learning_interface' returned '0': CMAKE_PREFIX_PATH=/opt/ros/humble /usr/bin/cmake /home/tungchiahui/mysource/ros2src/2.example_ws/src/ros2_21_tutorials/learning_interface -DCMAKE_INSTALL_PREFIX=/home/tungchiahui/mysource/ros2src/2.example_ws/install/learning_interface
[1.291s] Invoking command in '/home/tungchiahui/mysource/ros2src/2.example_ws/build/learning_interface': CMAKE_PREFIX_PATH=/opt/ros/humble /usr/bin/cmake --build /home/tungchiahui/mysource/ros2src/2.example_ws/build/learning_interface -- -j16 -l16
[1.318s] [  1%] [34m[1mGenerating C code for ROS interfaces[0m
[1.325s] [  3%] [34m[1mGenerating C++ code for ROS interfaces[0m
[1.335s] [  3%] Built target ament_cmake_python_copy_learning_interface
[1.609s] running egg_info
[1.611s] creating learning_interface.egg-info
[1.612s] writing learning_interface.egg-info/PKG-INFO
[1.613s] writing dependency_links to learning_interface.egg-info/dependency_links.txt
[1.614s] writing top-level names to learning_interface.egg-info/top_level.txt
[1.614s] writing manifest file 'learning_interface.egg-info/SOURCES.txt'
[1.615s] reading manifest file 'learning_interface.egg-info/SOURCES.txt'
[1.616s] writing manifest file 'learning_interface.egg-info/SOURCES.txt'
[1.664s] [  3%] Built target ament_cmake_python_build_learning_interface_egg
[1.993s] [  3%] Built target learning_interface__cpp
[1.999s] [  9%] [34m[1mGenerating C++ type support for eProsima Fast-RTPS[0m
[1.999s] [  9%] [34m[1mGenerating C++ introspection for ROS interfaces[0m
[1.999s] [  9%] [34m[1mGenerating C++ type support dispatch for ROS interfaces[0m
[2.028s] [ 14%] [32mBuilding C object CMakeFiles/learning_interface__rosidl_generator_c.dir/rosidl_generator_c/learning_interface/action/detail/move_circle__functions.c.o[0m
[2.028s] [ 14%] [32mBuilding C object CMakeFiles/learning_interface__rosidl_generator_c.dir/rosidl_generator_c/learning_interface/srv/detail/add_two_ints__functions.c.o[0m
[2.028s] [ 14%] [32mBuilding C object CMakeFiles/learning_interface__rosidl_generator_c.dir/rosidl_generator_c/learning_interface/srv/detail/get_object_position__functions.c.o[0m
[2.028s] [ 16%] [32mBuilding C object CMakeFiles/learning_interface__rosidl_generator_c.dir/rosidl_generator_c/learning_interface/msg/detail/object_position__functions.c.o[0m
[2.119s] [ 18%] [32m[1mLinking C shared library liblearning_interface__rosidl_generator_c.so[0m
[2.142s] [ 18%] Built target learning_interface__rosidl_generator_c
[2.148s] [ 23%] [34m[1mGenerating C type support for eProsima Fast-RTPS[0m
[2.148s] [ 23%] [34m[1mGenerating C type support dispatch for ROS interfaces[0m
[2.148s] [ 23%] [34m[1mGenerating C introspection for ROS interfaces[0m
[2.322s] [ 29%] [32mBuilding CXX object CMakeFiles/learning_interface__rosidl_typesupport_cpp.dir/rosidl_typesupport_cpp/learning_interface/msg/object_position__type_support.cpp.o[0m
[2.322s] [ 29%] [32mBuilding CXX object CMakeFiles/learning_interface__rosidl_typesupport_cpp.dir/rosidl_typesupport_cpp/learning_interface/srv/get_object_position__type_support.cpp.o[0m
[2.322s] [ 29%] [32mBuilding CXX object CMakeFiles/learning_interface__rosidl_typesupport_cpp.dir/rosidl_typesupport_cpp/learning_interface/action/move_circle__type_support.cpp.o[0m
[2.323s] [ 30%] [32mBuilding CXX object CMakeFiles/learning_interface__rosidl_typesupport_cpp.dir/rosidl_typesupport_cpp/learning_interface/srv/add_two_ints__type_support.cpp.o[0m
[2.396s] [ 32%] [32mBuilding CXX object CMakeFiles/learning_interface__rosidl_typesupport_introspection_cpp.dir/rosidl_typesupport_introspection_cpp/learning_interface/msg/detail/object_position__type_support.cpp.o[0m
[2.396s] [ 34%] [32mBuilding CXX object CMakeFiles/learning_interface__rosidl_typesupport_introspection_cpp.dir/rosidl_typesupport_introspection_cpp/learning_interface/action/detail/move_circle__type_support.cpp.o[0m
[2.396s] [ 38%] [32mBuilding CXX object CMakeFiles/learning_interface__rosidl_typesupport_introspection_cpp.dir/rosidl_typesupport_introspection_cpp/learning_interface/srv/detail/add_two_ints__type_support.cpp.o[0m
[2.396s] [ 38%] [32mBuilding CXX object CMakeFiles/learning_interface__rosidl_typesupport_introspection_cpp.dir/rosidl_typesupport_introspection_cpp/learning_interface/srv/detail/get_object_position__type_support.cpp.o[0m
[2.472s] [ 43%] [32mBuilding CXX object CMakeFiles/learning_interface__rosidl_typesupport_fastrtps_cpp.dir/rosidl_typesupport_fastrtps_cpp/learning_interface/srv/detail/dds_fastrtps/add_two_ints__type_support.cpp.o[0m
[2.472s] [ 43%] [32mBuilding CXX object CMakeFiles/learning_interface__rosidl_typesupport_fastrtps_cpp.dir/rosidl_typesupport_fastrtps_cpp/learning_interface/srv/detail/dds_fastrtps/get_object_position__type_support.cpp.o[0m
[2.473s] [ 43%] [32mBuilding CXX object CMakeFiles/learning_interface__rosidl_typesupport_fastrtps_cpp.dir/rosidl_typesupport_fastrtps_cpp/learning_interface/msg/detail/dds_fastrtps/object_position__type_support.cpp.o[0m
[2.480s] [ 45%] [32mBuilding CXX object CMakeFiles/learning_interface__rosidl_typesupport_fastrtps_cpp.dir/rosidl_typesupport_fastrtps_cpp/learning_interface/action/detail/dds_fastrtps/move_circle__type_support.cpp.o[0m
[2.499s] [ 47%] [32mBuilding CXX object CMakeFiles/learning_interface__rosidl_typesupport_c.dir/rosidl_typesupport_c/learning_interface/msg/object_position__type_support.cpp.o[0m
[2.504s] [ 49%] [32mBuilding CXX object CMakeFiles/learning_interface__rosidl_typesupport_c.dir/rosidl_typesupport_c/learning_interface/srv/add_two_ints__type_support.cpp.o[0m
[2.537s] [ 50%] [32mBuilding CXX object CMakeFiles/learning_interface__rosidl_typesupport_c.dir/rosidl_typesupport_c/learning_interface/srv/get_object_position__type_support.cpp.o[0m
[2.562s] [ 52%] [32mBuilding CXX object CMakeFiles/learning_interface__rosidl_typesupport_c.dir/rosidl_typesupport_c/learning_interface/action/move_circle__type_support.cpp.o[0m
[2.615s] [ 54%] [32m[1mLinking CXX shared library liblearning_interface__rosidl_typesupport_c.so[0m
[2.664s] [ 54%] Built target learning_interface__rosidl_typesupport_c
[2.679s] [ 61%] [32mBuilding CXX object CMakeFiles/learning_interface__rosidl_typesupport_fastrtps_c.dir/rosidl_typesupport_fastrtps_c/learning_interface/msg/detail/object_position__type_support_c.cpp.o[0m
[2.680s] [ 61%] [32mBuilding CXX object CMakeFiles/learning_interface__rosidl_typesupport_fastrtps_c.dir/rosidl_typesupport_fastrtps_c/learning_interface/action/detail/move_circle__type_support_c.cpp.o[0m
[2.680s] [ 61%] [32mBuilding CXX object CMakeFiles/learning_interface__rosidl_typesupport_fastrtps_c.dir/rosidl_typesupport_fastrtps_c/learning_interface/srv/detail/get_object_position__type_support_c.cpp.o[0m
[2.680s] [ 61%] [32mBuilding CXX object CMakeFiles/learning_interface__rosidl_typesupport_fastrtps_c.dir/rosidl_typesupport_fastrtps_c/learning_interface/srv/detail/add_two_ints__type_support_c.cpp.o[0m
[2.765s] [ 63%] [32m[1mLinking CXX shared library liblearning_interface__rosidl_typesupport_cpp.so[0m
[2.813s] [ 65%] [32mBuilding C object CMakeFiles/learning_interface__rosidl_typesupport_introspection_c.dir/rosidl_typesupport_introspection_c/learning_interface/srv/detail/get_object_position__type_support.c.o[0m
[2.814s] [ 67%] [32mBuilding C object CMakeFiles/learning_interface__rosidl_typesupport_introspection_c.dir/rosidl_typesupport_introspection_c/learning_interface/srv/detail/add_two_ints__type_support.c.o[0m
[2.815s] [ 69%] [32mBuilding C object CMakeFiles/learning_interface__rosidl_typesupport_introspection_c.dir/rosidl_typesupport_introspection_c/learning_interface/msg/detail/object_position__type_support.c.o[0m
[2.823s] [ 69%] Built target learning_interface__rosidl_typesupport_cpp
[2.824s] [ 70%] [32mBuilding C object CMakeFiles/learning_interface__rosidl_typesupport_introspection_c.dir/rosidl_typesupport_introspection_c/learning_interface/action/detail/move_circle__type_support.c.o[0m
[2.864s] [ 72%] [32m[1mLinking C shared library liblearning_interface__rosidl_typesupport_introspection_c.so[0m
[2.886s] [ 72%] Built target learning_interface__rosidl_typesupport_introspection_c
[2.970s] [ 74%] [32m[1mLinking CXX shared library liblearning_interface__rosidl_typesupport_introspection_cpp.so[0m
[3.005s] [ 76%] [32m[1mLinking CXX shared library liblearning_interface__rosidl_typesupport_fastrtps_cpp.so[0m
[3.019s] [ 76%] Built target learning_interface__rosidl_typesupport_introspection_cpp
[3.035s] [ 78%] [32m[1mLinking CXX shared library liblearning_interface__rosidl_typesupport_fastrtps_c.so[0m
[3.055s] [ 78%] Built target learning_interface__rosidl_typesupport_fastrtps_cpp
[3.081s] [ 78%] Built target learning_interface__rosidl_typesupport_fastrtps_c
[3.091s] [ 78%] Built target learning_interface
[3.101s] [ 80%] [34m[1mGenerating Python code for ROS interfaces[0m
[3.914s] [ 80%] Built target learning_interface__py
[3.926s] [ 87%] [32mBuilding C object CMakeFiles/learning_interface__rosidl_generator_py.dir/rosidl_generator_py/learning_interface/srv/_get_object_position_s.c.o[0m
[3.926s] [ 87%] [32mBuilding C object CMakeFiles/learning_interface__rosidl_generator_py.dir/rosidl_generator_py/learning_interface/msg/_object_position_s.c.o[0m
[3.926s] [ 87%] [32mBuilding C object CMakeFiles/learning_interface__rosidl_generator_py.dir/rosidl_generator_py/learning_interface/srv/_add_two_ints_s.c.o[0m
[3.926s] [ 87%] [32mBuilding C object CMakeFiles/learning_interface__rosidl_generator_py.dir/rosidl_generator_py/learning_interface/action/_move_circle_s.c.o[0m
[4.032s] [ 89%] [32m[1mLinking C shared library rosidl_generator_py/learning_interface/liblearning_interface__rosidl_generator_py.so[0m
[4.058s] [ 89%] Built target learning_interface__rosidl_generator_py
[4.069s] [ 92%] [32mBuilding C object CMakeFiles/learning_interface__rosidl_typesupport_introspection_c__pyext.dir/rosidl_generator_py/learning_interface/_learning_interface_s.ep.rosidl_typesupport_introspection_c.c.o[0m
[4.069s] [ 92%] [32mBuilding C object CMakeFiles/learning_interface__rosidl_typesupport_c__pyext.dir/rosidl_generator_py/learning_interface/_learning_interface_s.ep.rosidl_typesupport_c.c.o[0m
[4.069s] [ 94%] [32mBuilding C object CMakeFiles/learning_interface__rosidl_typesupport_fastrtps_c__pyext.dir/rosidl_generator_py/learning_interface/_learning_interface_s.ep.rosidl_typesupport_fastrtps_c.c.o[0m
[4.153s] [100%] [32m[1mLinking C shared library rosidl_generator_py/learning_interface/learning_interface_s__rosidl_typesupport_introspection_c.cpython-310-x86_64-linux-gnu.so[0m
[4.153s] [100%] [32m[1mLinking C shared library rosidl_generator_py/learning_interface/learning_interface_s__rosidl_typesupport_c.cpython-310-x86_64-linux-gnu.so[0m
[4.153s] [100%] [32m[1mLinking C shared library rosidl_generator_py/learning_interface/learning_interface_s__rosidl_typesupport_fastrtps_c.cpython-310-x86_64-linux-gnu.so[0m
[4.177s] [100%] Built target learning_interface__rosidl_typesupport_fastrtps_c__pyext
[4.177s] [100%] Built target learning_interface__rosidl_typesupport_c__pyext
[4.177s] [100%] Built target learning_interface__rosidl_typesupport_introspection_c__pyext
[4.184s] Invoked command in '/home/tungchiahui/mysource/ros2src/2.example_ws/build/learning_interface' returned '0': CMAKE_PREFIX_PATH=/opt/ros/humble /usr/bin/cmake --build /home/tungchiahui/mysource/ros2src/2.example_ws/build/learning_interface -- -j16 -l16
[4.241s] Invoking command in '/home/tungchiahui/mysource/ros2src/2.example_ws/build/learning_interface': CMAKE_PREFIX_PATH=/opt/ros/humble /usr/bin/cmake --install /home/tungchiahui/mysource/ros2src/2.example_ws/build/learning_interface
[4.246s] -- Install configuration: ""
[4.246s] -- Installing: /home/tungchiahui/mysource/ros2src/2.example_ws/install/learning_interface/share/ament_index/resource_index/rosidl_interfaces/learning_interface
[4.246s] -- Installing: /home/tungchiahui/mysource/ros2src/2.example_ws/install/learning_interface/include/learning_interface/learning_interface
[4.246s] -- Installing: /home/tungchiahui/mysource/ros2src/2.example_ws/install/learning_interface/include/learning_interface/learning_interface/srv
[4.246s] -- Installing: /home/tungchiahui/mysource/ros2src/2.example_ws/install/learning_interface/include/learning_interface/learning_interface/srv/get_object_position.h
[4.247s] -- Installing: /home/tungchiahui/mysource/ros2src/2.example_ws/install/learning_interface/include/learning_interface/learning_interface/srv/add_two_ints.h
[4.247s] -- Installing: /home/tungchiahui/mysource/ros2src/2.example_ws/install/learning_interface/include/learning_interface/learning_interface/srv/detail
[4.247s] -- Installing: /home/tungchiahui/mysource/ros2src/2.example_ws/install/learning_interface/include/learning_interface/learning_interface/srv/detail/get_object_position__type_support.h
[4.247s] -- Installing: /home/tungchiahui/mysource/ros2src/2.example_ws/install/learning_interface/include/learning_interface/learning_interface/srv/detail/get_object_position__functions.h
[4.247s] -- Installing: /home/tungchiahui/mysource/ros2src/2.example_ws/install/learning_interface/include/learning_interface/learning_interface/srv/detail/add_two_ints__functions.c
[4.247s] -- Installing: /home/tungchiahui/mysource/ros2src/2.example_ws/install/learning_interface/include/learning_interface/learning_interface/srv/detail/add_two_ints__functions.h
[4.247s] -- Installing: /home/tungchiahui/mysource/ros2src/2.example_ws/install/learning_interface/include/learning_interface/learning_interface/srv/detail/add_two_ints__struct.h
[4.247s] -- Installing: /home/tungchiahui/mysource/ros2src/2.example_ws/install/learning_interface/include/learning_interface/learning_interface/srv/detail/get_object_position__functions.c
[4.247s] -- Installing: /home/tungchiahui/mysource/ros2src/2.example_ws/install/learning_interface/include/learning_interface/learning_interface/srv/detail/add_two_ints__type_support.h
[4.247s] -- Installing: /home/tungchiahui/mysource/ros2src/2.example_ws/install/learning_interface/include/learning_interface/learning_interface/srv/detail/get_object_position__struct.h
[4.247s] -- Installing: /home/tungchiahui/mysource/ros2src/2.example_ws/install/learning_interface/include/learning_interface/learning_interface/action
[4.247s] -- Installing: /home/tungchiahui/mysource/ros2src/2.example_ws/install/learning_interface/include/learning_interface/learning_interface/action/move_circle.h
[4.247s] -- Installing: /home/tungchiahui/mysource/ros2src/2.example_ws/install/learning_interface/include/learning_interface/learning_interface/action/detail
[4.247s] -- Installing: /home/tungchiahui/mysource/ros2src/2.example_ws/install/learning_interface/include/learning_interface/learning_interface/action/detail/move_circle__struct.h
[4.247s] -- Installing: /home/tungchiahui/mysource/ros2src/2.example_ws/install/learning_interface/include/learning_interface/learning_interface/action/detail/move_circle__functions.c
[4.247s] -- Installing: /home/tungchiahui/mysource/ros2src/2.example_ws/install/learning_interface/include/learning_interface/learning_interface/action/detail/move_circle__functions.h
[4.247s] -- Installing: /home/tungchiahui/mysource/ros2src/2.example_ws/install/learning_interface/include/learning_interface/learning_interface/action/detail/move_circle__type_support.h
[4.248s] -- Installing: /home/tungchiahui/mysource/ros2src/2.example_ws/install/learning_interface/include/learning_interface/learning_interface/msg
[4.248s] -- Installing: /home/tungchiahui/mysource/ros2src/2.example_ws/install/learning_interface/include/learning_interface/learning_interface/msg/object_position.h
[4.248s] -- Installing: /home/tungchiahui/mysource/ros2src/2.example_ws/install/learning_interface/include/learning_interface/learning_interface/msg/rosidl_generator_c__visibility_control.h
[4.248s] -- Installing: /home/tungchiahui/mysource/ros2src/2.example_ws/install/learning_interface/include/learning_interface/learning_interface/msg/detail
[4.248s] -- Installing: /home/tungchiahui/mysource/ros2src/2.example_ws/install/learning_interface/include/learning_interface/learning_interface/msg/detail/object_position__functions.c
[4.248s] -- Installing: /home/tungchiahui/mysource/ros2src/2.example_ws/install/learning_interface/include/learning_interface/learning_interface/msg/detail/object_position__struct.h
[4.248s] -- Installing: /home/tungchiahui/mysource/ros2src/2.example_ws/install/learning_interface/include/learning_interface/learning_interface/msg/detail/object_position__functions.h
[4.248s] -- Installing: /home/tungchiahui/mysource/ros2src/2.example_ws/install/learning_interface/include/learning_interface/learning_interface/msg/detail/object_position__type_support.h
[4.248s] -- Installing: /home/tungchiahui/mysource/ros2src/2.example_ws/install/learning_interface/share/learning_interface/environment/library_path.sh
[4.248s] -- Installing: /home/tungchiahui/mysource/ros2src/2.example_ws/install/learning_interface/share/learning_interface/environment/library_path.dsv
[4.248s] -- Installing: /home/tungchiahui/mysource/ros2src/2.example_ws/install/learning_interface/lib/liblearning_interface__rosidl_generator_c.so
[4.248s] -- Set runtime path of "/home/tungchiahui/mysource/ros2src/2.example_ws/install/learning_interface/lib/liblearning_interface__rosidl_generator_c.so" to ""
[4.248s] -- Up-to-date: /home/tungchiahui/mysource/ros2src/2.example_ws/install/learning_interface/include/learning_interface/learning_interface
[4.248s] -- Up-to-date: /home/tungchiahui/mysource/ros2src/2.example_ws/install/learning_interface/include/learning_interface/learning_interface/srv
[4.248s] -- Up-to-date: /home/tungchiahui/mysource/ros2src/2.example_ws/install/learning_interface/include/learning_interface/learning_interface/srv/detail
[4.249s] -- Installing: /home/tungchiahui/mysource/ros2src/2.example_ws/install/learning_interface/include/learning_interface/learning_interface/srv/detail/add_two_ints__rosidl_typesupport_fastrtps_c.h
[4.249s] -- Installing: /home/tungchiahui/mysource/ros2src/2.example_ws/install/learning_interface/include/learning_interface/learning_interface/srv/detail/get_object_position__rosidl_typesupport_fastrtps_c.h
[4.249s] -- Up-to-date: /home/tungchiahui/mysource/ros2src/2.example_ws/install/learning_interface/include/learning_interface/learning_interface/action
[4.249s] -- Up-to-date: /home/tungchiahui/mysource/ros2src/2.example_ws/install/learning_interface/include/learning_interface/learning_interface/action/detail
[4.249s] -- Installing: /home/tungchiahui/mysource/ros2src/2.example_ws/install/learning_interface/include/learning_interface/learning_interface/action/detail/move_circle__rosidl_typesupport_fastrtps_c.h
[4.249s] -- Up-to-date: /home/tungchiahui/mysource/ros2src/2.example_ws/install/learning_interface/include/learning_interface/learning_interface/msg
[4.249s] -- Installing: /home/tungchiahui/mysource/ros2src/2.example_ws/install/learning_interface/include/learning_interface/learning_interface/msg/rosidl_typesupport_fastrtps_c__visibility_control.h
[4.249s] -- Up-to-date: /home/tungchiahui/mysource/ros2src/2.example_ws/install/learning_interface/include/learning_interface/learning_interface/msg/detail
[4.249s] -- Installing: /home/tungchiahui/mysource/ros2src/2.example_ws/install/learning_interface/include/learning_interface/learning_interface/msg/detail/object_position__rosidl_typesupport_fastrtps_c.h
[4.249s] -- Installing: /home/tungchiahui/mysource/ros2src/2.example_ws/install/learning_interface/lib/liblearning_interface__rosidl_typesupport_fastrtps_c.so
[4.249s] -- Set runtime path of "/home/tungchiahui/mysource/ros2src/2.example_ws/install/learning_interface/lib/liblearning_interface__rosidl_typesupport_fastrtps_c.so" to ""
[4.249s] -- Up-to-date: /home/tungchiahui/mysource/ros2src/2.example_ws/install/learning_interface/include/learning_interface/learning_interface
[4.249s] -- Up-to-date: /home/tungchiahui/mysource/ros2src/2.example_ws/install/learning_interface/include/learning_interface/learning_interface/srv
[4.249s] -- Up-to-date: /home/tungchiahui/mysource/ros2src/2.example_ws/install/learning_interface/include/learning_interface/learning_interface/srv/detail
[4.249s] -- Installing: /home/tungchiahui/mysource/ros2src/2.example_ws/install/learning_interface/include/learning_interface/learning_interface/srv/detail/get_object_position__type_support.c
[4.249s] -- Installing: /home/tungchiahui/mysource/ros2src/2.example_ws/install/learning_interface/include/learning_interface/learning_interface/srv/detail/get_object_position__rosidl_typesupport_introspection_c.h
[4.249s] -- Installing: /home/tungchiahui/mysource/ros2src/2.example_ws/install/learning_interface/include/learning_interface/learning_interface/srv/detail/add_two_ints__rosidl_typesupport_introspection_c.h
[4.249s] -- Installing: /home/tungchiahui/mysource/ros2src/2.example_ws/install/learning_interface/include/learning_interface/learning_interface/srv/detail/add_two_ints__type_support.c
[4.249s] -- Up-to-date: /home/tungchiahui/mysource/ros2src/2.example_ws/install/learning_interface/include/learning_interface/learning_interface/action
[4.249s] -- Up-to-date: /home/tungchiahui/mysource/ros2src/2.example_ws/install/learning_interface/include/learning_interface/learning_interface/action/detail
[4.249s] -- Installing: /home/tungchiahui/mysource/ros2src/2.example_ws/install/learning_interface/include/learning_interface/learning_interface/action/detail/move_circle__type_support.c
[4.249s] -- Installing: /home/tungchiahui/mysource/ros2src/2.example_ws/install/learning_interface/include/learning_interface/learning_interface/action/detail/move_circle__rosidl_typesupport_introspection_c.h
[4.249s] -- Up-to-date: /home/tungchiahui/mysource/ros2src/2.example_ws/install/learning_interface/include/learning_interface/learning_interface/msg
[4.250s] -- Installing: /home/tungchiahui/mysource/ros2src/2.example_ws/install/learning_interface/include/learning_interface/learning_interface/msg/rosidl_typesupport_introspection_c__visibility_control.h
[4.250s] -- Up-to-date: /home/tungchiahui/mysource/ros2src/2.example_ws/install/learning_interface/include/learning_interface/learning_interface/msg/detail
[4.250s] -- Installing: /home/tungchiahui/mysource/ros2src/2.example_ws/install/learning_interface/include/learning_interface/learning_interface/msg/detail/object_position__type_support.c
[4.250s] -- Installing: /home/tungchiahui/mysource/ros2src/2.example_ws/install/learning_interface/include/learning_interface/learning_interface/msg/detail/object_position__rosidl_typesupport_introspection_c.h
[4.250s] -- Installing: /home/tungchiahui/mysource/ros2src/2.example_ws/install/learning_interface/lib/liblearning_interface__rosidl_typesupport_introspection_c.so
[4.250s] -- Set runtime path of "/home/tungchiahui/mysource/ros2src/2.example_ws/install/learning_interface/lib/liblearning_interface__rosidl_typesupport_introspection_c.so" to ""
[4.250s] -- Installing: /home/tungchiahui/mysource/ros2src/2.example_ws/install/learning_interface/lib/liblearning_interface__rosidl_typesupport_c.so
[4.250s] -- Set runtime path of "/home/tungchiahui/mysource/ros2src/2.example_ws/install/learning_interface/lib/liblearning_interface__rosidl_typesupport_c.so" to ""
[4.250s] -- Up-to-date: /home/tungchiahui/mysource/ros2src/2.example_ws/install/learning_interface/include/learning_interface/learning_interface
[4.250s] -- Up-to-date: /home/tungchiahui/mysource/ros2src/2.example_ws/install/learning_interface/include/learning_interface/learning_interface/srv
[4.250s] -- Installing: /home/tungchiahui/mysource/ros2src/2.example_ws/install/learning_interface/include/learning_interface/learning_interface/srv/add_two_ints.hpp
[4.250s] -- Installing: /home/tungchiahui/mysource/ros2src/2.example_ws/install/learning_interface/include/learning_interface/learning_interface/srv/get_object_position.hpp
[4.250s] -- Up-to-date: /home/tungchiahui/mysource/ros2src/2.example_ws/install/learning_interface/include/learning_interface/learning_interface/srv/detail
[4.250s] -- Installing: /home/tungchiahui/mysource/ros2src/2.example_ws/install/learning_interface/include/learning_interface/learning_interface/srv/detail/add_two_ints__struct.hpp
[4.250s] -- Installing: /home/tungchiahui/mysource/ros2src/2.example_ws/install/learning_interface/include/learning_interface/learning_interface/srv/detail/add_two_ints__traits.hpp
[4.250s] -- Installing: /home/tungchiahui/mysource/ros2src/2.example_ws/install/learning_interface/include/learning_interface/learning_interface/srv/detail/get_object_position__builder.hpp
[4.250s] -- Installing: /home/tungchiahui/mysource/ros2src/2.example_ws/install/learning_interface/include/learning_interface/learning_interface/srv/detail/add_two_ints__builder.hpp
[4.250s] -- Installing: /home/tungchiahui/mysource/ros2src/2.example_ws/install/learning_interface/include/learning_interface/learning_interface/srv/detail/get_object_position__traits.hpp
[4.250s] -- Installing: /home/tungchiahui/mysource/ros2src/2.example_ws/install/learning_interface/include/learning_interface/learning_interface/srv/detail/get_object_position__struct.hpp
[4.250s] -- Up-to-date: /home/tungchiahui/mysource/ros2src/2.example_ws/install/learning_interface/include/learning_interface/learning_interface/action
[4.250s] -- Installing: /home/tungchiahui/mysource/ros2src/2.example_ws/install/learning_interface/include/learning_interface/learning_interface/action/move_circle.hpp
[4.250s] -- Up-to-date: /home/tungchiahui/mysource/ros2src/2.example_ws/install/learning_interface/include/learning_interface/learning_interface/action/detail
[4.251s] -- Installing: /home/tungchiahui/mysource/ros2src/2.example_ws/install/learning_interface/include/learning_interface/learning_interface/action/detail/move_circle__traits.hpp
[4.251s] -- Installing: /home/tungchiahui/mysource/ros2src/2.example_ws/install/learning_interface/include/learning_interface/learning_interface/action/detail/move_circle__builder.hpp
[4.251s] -- Installing: /home/tungchiahui/mysource/ros2src/2.example_ws/install/learning_interface/include/learning_interface/learning_interface/action/detail/move_circle__struct.hpp
[4.251s] -- Up-to-date: /home/tungchiahui/mysource/ros2src/2.example_ws/install/learning_interface/include/learning_interface/learning_interface/msg
[4.251s] -- Installing: /home/tungchiahui/mysource/ros2src/2.example_ws/install/learning_interface/include/learning_interface/learning_interface/msg/object_position.hpp
[4.251s] -- Up-to-date: /home/tungchiahui/mysource/ros2src/2.example_ws/install/learning_interface/include/learning_interface/learning_interface/msg/detail
[4.251s] -- Installing: /home/tungchiahui/mysource/ros2src/2.example_ws/install/learning_interface/include/learning_interface/learning_interface/msg/detail/object_position__struct.hpp
[4.251s] -- Installing: /home/tungchiahui/mysource/ros2src/2.example_ws/install/learning_interface/include/learning_interface/learning_interface/msg/detail/object_position__traits.hpp
[4.251s] -- Installing: /home/tungchiahui/mysource/ros2src/2.example_ws/install/learning_interface/include/learning_interface/learning_interface/msg/detail/object_position__builder.hpp
[4.251s] -- Up-to-date: /home/tungchiahui/mysource/ros2src/2.example_ws/install/learning_interface/include/learning_interface/learning_interface
[4.251s] -- Up-to-date: /home/tungchiahui/mysource/ros2src/2.example_ws/install/learning_interface/include/learning_interface/learning_interface/srv
[4.251s] -- Up-to-date: /home/tungchiahui/mysource/ros2src/2.example_ws/install/learning_interface/include/learning_interface/learning_interface/srv/detail
[4.251s] -- Installing: /home/tungchiahui/mysource/ros2src/2.example_ws/install/learning_interface/include/learning_interface/learning_interface/srv/detail/dds_fastrtps
[4.251s] -- Installing: /home/tungchiahui/mysource/ros2src/2.example_ws/install/learning_interface/include/learning_interface/learning_interface/srv/detail/add_two_ints__rosidl_typesupport_fastrtps_cpp.hpp
[4.251s] -- Installing: /home/tungchiahui/mysource/ros2src/2.example_ws/install/learning_interface/include/learning_interface/learning_interface/srv/detail/get_object_position__rosidl_typesupport_fastrtps_cpp.hpp
[4.251s] -- Up-to-date: /home/tungchiahui/mysource/ros2src/2.example_ws/install/learning_interface/include/learning_interface/learning_interface/action
[4.251s] -- Up-to-date: /home/tungchiahui/mysource/ros2src/2.example_ws/install/learning_interface/include/learning_interface/learning_interface/action/detail
[4.251s] -- Installing: /home/tungchiahui/mysource/ros2src/2.example_ws/install/learning_interface/include/learning_interface/learning_interface/action/detail/dds_fastrtps
[4.251s] -- Installing: /home/tungchiahui/mysource/ros2src/2.example_ws/install/learning_interface/include/learning_interface/learning_interface/action/detail/move_circle__rosidl_typesupport_fastrtps_cpp.hpp
[4.251s] -- Up-to-date: /home/tungchiahui/mysource/ros2src/2.example_ws/install/learning_interface/include/learning_interface/learning_interface/msg
[4.251s] -- Installing: /home/tungchiahui/mysource/ros2src/2.example_ws/install/learning_interface/include/learning_interface/learning_interface/msg/rosidl_typesupport_fastrtps_cpp__visibility_control.h
[4.251s] -- Up-to-date: /home/tungchiahui/mysource/ros2src/2.example_ws/install/learning_interface/include/learning_interface/learning_interface/msg/detail
[4.251s] -- Installing: /home/tungchiahui/mysource/ros2src/2.example_ws/install/learning_interface/include/learning_interface/learning_interface/msg/detail/object_position__rosidl_typesupport_fastrtps_cpp.hpp
[4.252s] -- Installing: /home/tungchiahui/mysource/ros2src/2.example_ws/install/learning_interface/include/learning_interface/learning_interface/msg/detail/dds_fastrtps
[4.252s] -- Installing: /home/tungchiahui/mysource/ros2src/2.example_ws/install/learning_interface/lib/liblearning_interface__rosidl_typesupport_fastrtps_cpp.so
[4.252s] -- Set runtime path of "/home/tungchiahui/mysource/ros2src/2.example_ws/install/learning_interface/lib/liblearning_interface__rosidl_typesupport_fastrtps_cpp.so" to ""
[4.252s] -- Up-to-date: /home/tungchiahui/mysource/ros2src/2.example_ws/install/learning_interface/include/learning_interface/learning_interface
[4.252s] -- Up-to-date: /home/tungchiahui/mysource/ros2src/2.example_ws/install/learning_interface/include/learning_interface/learning_interface/srv
[4.252s] -- Up-to-date: /home/tungchiahui/mysource/ros2src/2.example_ws/install/learning_interface/include/learning_interface/learning_interface/srv/detail
[4.252s] -- Installing: /home/tungchiahui/mysource/ros2src/2.example_ws/install/learning_interface/include/learning_interface/learning_interface/srv/detail/add_two_ints__type_support.cpp
[4.252s] -- Installing: /home/tungchiahui/mysource/ros2src/2.example_ws/install/learning_interface/include/learning_interface/learning_interface/srv/detail/add_two_ints__rosidl_typesupport_introspection_cpp.hpp
[4.252s] -- Installing: /home/tungchiahui/mysource/ros2src/2.example_ws/install/learning_interface/include/learning_interface/learning_interface/srv/detail/get_object_position__rosidl_typesupport_introspection_cpp.hpp
[4.252s] -- Installing: /home/tungchiahui/mysource/ros2src/2.example_ws/install/learning_interface/include/learning_interface/learning_interface/srv/detail/get_object_position__type_support.cpp
[4.252s] -- Up-to-date: /home/tungchiahui/mysource/ros2src/2.example_ws/install/learning_interface/include/learning_interface/learning_interface/action
[4.252s] -- Up-to-date: /home/tungchiahui/mysource/ros2src/2.example_ws/install/learning_interface/include/learning_interface/learning_interface/action/detail
[4.252s] -- Installing: /home/tungchiahui/mysource/ros2src/2.example_ws/install/learning_interface/include/learning_interface/learning_interface/action/detail/move_circle__rosidl_typesupport_introspection_cpp.hpp
[4.252s] -- Installing: /home/tungchiahui/mysource/ros2src/2.example_ws/install/learning_interface/include/learning_interface/learning_interface/action/detail/move_circle__type_support.cpp
[4.252s] -- Up-to-date: /home/tungchiahui/mysource/ros2src/2.example_ws/install/learning_interface/include/learning_interface/learning_interface/msg
[4.252s] -- Up-to-date: /home/tungchiahui/mysource/ros2src/2.example_ws/install/learning_interface/include/learning_interface/learning_interface/msg/detail
[4.252s] -- Installing: /home/tungchiahui/mysource/ros2src/2.example_ws/install/learning_interface/include/learning_interface/learning_interface/msg/detail/object_position__type_support.cpp
[4.252s] -- Installing: /home/tungchiahui/mysource/ros2src/2.example_ws/install/learning_interface/include/learning_interface/learning_interface/msg/detail/object_position__rosidl_typesupport_introspection_cpp.hpp
[4.252s] -- Installing: /home/tungchiahui/mysource/ros2src/2.example_ws/install/learning_interface/lib/liblearning_interface__rosidl_typesupport_introspection_cpp.so
[4.252s] -- Set runtime path of "/home/tungchiahui/mysource/ros2src/2.example_ws/install/learning_interface/lib/liblearning_interface__rosidl_typesupport_introspection_cpp.so" to ""
[4.252s] -- Installing: /home/tungchiahui/mysource/ros2src/2.example_ws/install/learning_interface/lib/liblearning_interface__rosidl_typesupport_cpp.so
[4.252s] -- Set runtime path of "/home/tungchiahui/mysource/ros2src/2.example_ws/install/learning_interface/lib/liblearning_interface__rosidl_typesupport_cpp.so" to ""
[4.252s] -- Installing: /home/tungchiahui/mysource/ros2src/2.example_ws/install/learning_interface/share/learning_interface/environment/pythonpath.sh
[4.252s] -- Installing: /home/tungchiahui/mysource/ros2src/2.example_ws/install/learning_interface/share/learning_interface/environment/pythonpath.dsv
[4.253s] -- Installing: /home/tungchiahui/mysource/ros2src/2.example_ws/install/learning_interface/local/lib/python3.10/dist-packages/learning_interface-0.0.0-py3.10.egg-info
[4.253s] -- Installing: /home/tungchiahui/mysource/ros2src/2.example_ws/install/learning_interface/local/lib/python3.10/dist-packages/learning_interface-0.0.0-py3.10.egg-info/top_level.txt
[4.253s] -- Installing: /home/tungchiahui/mysource/ros2src/2.example_ws/install/learning_interface/local/lib/python3.10/dist-packages/learning_interface-0.0.0-py3.10.egg-info/dependency_links.txt
[4.253s] -- Installing: /home/tungchiahui/mysource/ros2src/2.example_ws/install/learning_interface/local/lib/python3.10/dist-packages/learning_interface-0.0.0-py3.10.egg-info/SOURCES.txt
[4.253s] -- Installing: /home/tungchiahui/mysource/ros2src/2.example_ws/install/learning_interface/local/lib/python3.10/dist-packages/learning_interface-0.0.0-py3.10.egg-info/PKG-INFO
[4.253s] -- Installing: /home/tungchiahui/mysource/ros2src/2.example_ws/install/learning_interface/local/lib/python3.10/dist-packages/learning_interface
[4.253s] -- Installing: /home/tungchiahui/mysource/ros2src/2.example_ws/install/learning_interface/local/lib/python3.10/dist-packages/learning_interface/srv
[4.253s] -- Installing: /home/tungchiahui/mysource/ros2src/2.example_ws/install/learning_interface/local/lib/python3.10/dist-packages/learning_interface/srv/_get_object_position_s.c
[4.253s] -- Installing: /home/tungchiahui/mysource/ros2src/2.example_ws/install/learning_interface/local/lib/python3.10/dist-packages/learning_interface/srv/_get_object_position.py
[4.253s] -- Installing: /home/tungchiahui/mysource/ros2src/2.example_ws/install/learning_interface/local/lib/python3.10/dist-packages/learning_interface/srv/__init__.py
[4.253s] -- Installing: /home/tungchiahui/mysource/ros2src/2.example_ws/install/learning_interface/local/lib/python3.10/dist-packages/learning_interface/srv/_add_two_ints.py
[4.253s] -- Installing: /home/tungchiahui/mysource/ros2src/2.example_ws/install/learning_interface/local/lib/python3.10/dist-packages/learning_interface/srv/_add_two_ints_s.c
[4.253s] -- Installing: /home/tungchiahui/mysource/ros2src/2.example_ws/install/learning_interface/local/lib/python3.10/dist-packages/learning_interface/_learning_interface_s.ep.rosidl_typesupport_c.c
[4.253s] -- Installing: /home/tungchiahui/mysource/ros2src/2.example_ws/install/learning_interface/local/lib/python3.10/dist-packages/learning_interface/liblearning_interface__rosidl_generator_py.so
[4.253s] -- Installing: /home/tungchiahui/mysource/ros2src/2.example_ws/install/learning_interface/local/lib/python3.10/dist-packages/learning_interface/__init__.py
[4.253s] -- Installing: /home/tungchiahui/mysource/ros2src/2.example_ws/install/learning_interface/local/lib/python3.10/dist-packages/learning_interface/learning_interface_s__rosidl_typesupport_c.cpython-310-x86_64-linux-gnu.so
[4.253s] -- Installing: /home/tungchiahui/mysource/ros2src/2.example_ws/install/learning_interface/local/lib/python3.10/dist-packages/learning_interface/learning_interface_s__rosidl_typesupport_introspection_c.cpython-310-x86_64-linux-gnu.so
[4.253s] -- Installing: /home/tungchiahui/mysource/ros2src/2.example_ws/install/learning_interface/local/lib/python3.10/dist-packages/learning_interface/learning_interface_s__rosidl_typesupport_fastrtps_c.cpython-310-x86_64-linux-gnu.so
[4.254s] -- Installing: /home/tungchiahui/mysource/ros2src/2.example_ws/install/learning_interface/local/lib/python3.10/dist-packages/learning_interface/action
[4.254s] -- Installing: /home/tungchiahui/mysource/ros2src/2.example_ws/install/learning_interface/local/lib/python3.10/dist-packages/learning_interface/action/_move_circle.py
[4.254s] -- Installing: /home/tungchiahui/mysource/ros2src/2.example_ws/install/learning_interface/local/lib/python3.10/dist-packages/learning_interface/action/_move_circle_s.c
[4.254s] -- Installing: /home/tungchiahui/mysource/ros2src/2.example_ws/install/learning_interface/local/lib/python3.10/dist-packages/learning_interface/action/__init__.py
[4.254s] -- Installing: /home/tungchiahui/mysource/ros2src/2.example_ws/install/learning_interface/local/lib/python3.10/dist-packages/learning_interface/_learning_interface_s.ep.rosidl_typesupport_introspection_c.c
[4.254s] -- Installing: /home/tungchiahui/mysource/ros2src/2.example_ws/install/learning_interface/local/lib/python3.10/dist-packages/learning_interface/_learning_interface_s.ep.rosidl_typesupport_fastrtps_c.c
[4.254s] -- Installing: /home/tungchiahui/mysource/ros2src/2.example_ws/install/learning_interface/local/lib/python3.10/dist-packages/learning_interface/msg
[4.254s] -- Installing: /home/tungchiahui/mysource/ros2src/2.example_ws/install/learning_interface/local/lib/python3.10/dist-packages/learning_interface/msg/__init__.py
[4.254s] -- Installing: /home/tungchiahui/mysource/ros2src/2.example_ws/install/learning_interface/local/lib/python3.10/dist-packages/learning_interface/msg/_object_position_s.c
[4.254s] -- Installing: /home/tungchiahui/mysource/ros2src/2.example_ws/install/learning_interface/local/lib/python3.10/dist-packages/learning_interface/msg/_object_position.py
[4.281s] Listing '/home/tungchiahui/mysource/ros2src/2.example_ws/install/learning_interface/local/lib/python3.10/dist-packages/learning_interface'...
[4.281s] Compiling '/home/tungchiahui/mysource/ros2src/2.example_ws/install/learning_interface/local/lib/python3.10/dist-packages/learning_interface/__init__.py'...
[4.281s] Listing '/home/tungchiahui/mysource/ros2src/2.example_ws/install/learning_interface/local/lib/python3.10/dist-packages/learning_interface/action'...
[4.281s] Compiling '/home/tungchiahui/mysource/ros2src/2.example_ws/install/learning_interface/local/lib/python3.10/dist-packages/learning_interface/action/__init__.py'...
[4.281s] Compiling '/home/tungchiahui/mysource/ros2src/2.example_ws/install/learning_interface/local/lib/python3.10/dist-packages/learning_interface/action/_move_circle.py'...
[4.281s] Listing '/home/tungchiahui/mysource/ros2src/2.example_ws/install/learning_interface/local/lib/python3.10/dist-packages/learning_interface/msg'...
[4.281s] Compiling '/home/tungchiahui/mysource/ros2src/2.example_ws/install/learning_interface/local/lib/python3.10/dist-packages/learning_interface/msg/__init__.py'...
[4.281s] Compiling '/home/tungchiahui/mysource/ros2src/2.example_ws/install/learning_interface/local/lib/python3.10/dist-packages/learning_interface/msg/_object_position.py'...
[4.281s] Listing '/home/tungchiahui/mysource/ros2src/2.example_ws/install/learning_interface/local/lib/python3.10/dist-packages/learning_interface/srv'...
[4.281s] Compiling '/home/tungchiahui/mysource/ros2src/2.example_ws/install/learning_interface/local/lib/python3.10/dist-packages/learning_interface/srv/__init__.py'...
[4.281s] Compiling '/home/tungchiahui/mysource/ros2src/2.example_ws/install/learning_interface/local/lib/python3.10/dist-packages/learning_interface/srv/_add_two_ints.py'...
[4.281s] Compiling '/home/tungchiahui/mysource/ros2src/2.example_ws/install/learning_interface/local/lib/python3.10/dist-packages/learning_interface/srv/_get_object_position.py'...
[4.284s] -- Installing: /home/tungchiahui/mysource/ros2src/2.example_ws/install/learning_interface/local/lib/python3.10/dist-packages/learning_interface/learning_interface_s__rosidl_typesupport_fastrtps_c.cpython-310-x86_64-linux-gnu.so
[4.284s] -- Set runtime path of "/home/tungchiahui/mysource/ros2src/2.example_ws/install/learning_interface/local/lib/python3.10/dist-packages/learning_interface/learning_interface_s__rosidl_typesupport_fastrtps_c.cpython-310-x86_64-linux-gnu.so" to ""
[4.284s] -- Installing: /home/tungchiahui/mysource/ros2src/2.example_ws/install/learning_interface/local/lib/python3.10/dist-packages/learning_interface/learning_interface_s__rosidl_typesupport_introspection_c.cpython-310-x86_64-linux-gnu.so
[4.285s] -- Set runtime path of "/home/tungchiahui/mysource/ros2src/2.example_ws/install/learning_interface/local/lib/python3.10/dist-packages/learning_interface/learning_interface_s__rosidl_typesupport_introspection_c.cpython-310-x86_64-linux-gnu.so" to ""
[4.285s] -- Installing: /home/tungchiahui/mysource/ros2src/2.example_ws/install/learning_interface/local/lib/python3.10/dist-packages/learning_interface/learning_interface_s__rosidl_typesupport_c.cpython-310-x86_64-linux-gnu.so
[4.285s] -- Set runtime path of "/home/tungchiahui/mysource/ros2src/2.example_ws/install/learning_interface/local/lib/python3.10/dist-packages/learning_interface/learning_interface_s__rosidl_typesupport_c.cpython-310-x86_64-linux-gnu.so" to ""
[4.285s] -- Installing: /home/tungchiahui/mysource/ros2src/2.example_ws/install/learning_interface/lib/liblearning_interface__rosidl_generator_py.so
[4.285s] -- Set runtime path of "/home/tungchiahui/mysource/ros2src/2.example_ws/install/learning_interface/lib/liblearning_interface__rosidl_generator_py.so" to ""
[4.285s] -- Installing: /home/tungchiahui/mysource/ros2src/2.example_ws/install/learning_interface/share/learning_interface/msg/ObjectPosition.idl
[4.285s] -- Installing: /home/tungchiahui/mysource/ros2src/2.example_ws/install/learning_interface/share/learning_interface/srv/AddTwoInts.idl
[4.285s] -- Installing: /home/tungchiahui/mysource/ros2src/2.example_ws/install/learning_interface/share/learning_interface/srv/GetObjectPosition.idl
[4.285s] -- Installing: /home/tungchiahui/mysource/ros2src/2.example_ws/install/learning_interface/share/learning_interface/action/MoveCircle.idl
[4.285s] -- Installing: /home/tungchiahui/mysource/ros2src/2.example_ws/install/learning_interface/share/learning_interface/msg/ObjectPosition.msg
[4.285s] -- Installing: /home/tungchiahui/mysource/ros2src/2.example_ws/install/learning_interface/share/learning_interface/srv/AddTwoInts.srv
[4.285s] -- Installing: /home/tungchiahui/mysource/ros2src/2.example_ws/install/learning_interface/share/learning_interface/srv/AddTwoInts_Request.msg
[4.285s] -- Installing: /home/tungchiahui/mysource/ros2src/2.example_ws/install/learning_interface/share/learning_interface/srv/AddTwoInts_Response.msg
[4.285s] -- Installing: /home/tungchiahui/mysource/ros2src/2.example_ws/install/learning_interface/share/learning_interface/srv/GetObjectPosition.srv
[4.286s] -- Installing: /home/tungchiahui/mysource/ros2src/2.example_ws/install/learning_interface/share/learning_interface/srv/GetObjectPosition_Request.msg
[4.286s] -- Installing: /home/tungchiahui/mysource/ros2src/2.example_ws/install/learning_interface/share/learning_interface/srv/GetObjectPosition_Response.msg
[4.286s] -- Installing: /home/tungchiahui/mysource/ros2src/2.example_ws/install/learning_interface/share/learning_interface/action/MoveCircle.action
[4.286s] -- Installing: /home/tungchiahui/mysource/ros2src/2.example_ws/install/learning_interface/share/ament_index/resource_index/package_run_dependencies/learning_interface
[4.286s] -- Installing: /home/tungchiahui/mysource/ros2src/2.example_ws/install/learning_interface/share/ament_index/resource_index/parent_prefix_path/learning_interface
[4.286s] -- Installing: /home/tungchiahui/mysource/ros2src/2.example_ws/install/learning_interface/share/learning_interface/environment/ament_prefix_path.sh
[4.286s] -- Installing: /home/tungchiahui/mysource/ros2src/2.example_ws/install/learning_interface/share/learning_interface/environment/ament_prefix_path.dsv
[4.286s] -- Installing: /home/tungchiahui/mysource/ros2src/2.example_ws/install/learning_interface/share/learning_interface/environment/path.sh
[4.286s] -- Installing: /home/tungchiahui/mysource/ros2src/2.example_ws/install/learning_interface/share/learning_interface/environment/path.dsv
[4.286s] -- Installing: /home/tungchiahui/mysource/ros2src/2.example_ws/install/learning_interface/share/learning_interface/local_setup.bash
[4.286s] -- Installing: /home/tungchiahui/mysource/ros2src/2.example_ws/install/learning_interface/share/learning_interface/local_setup.sh
[4.286s] -- Installing: /home/tungchiahui/mysource/ros2src/2.example_ws/install/learning_interface/share/learning_interface/local_setup.zsh
[4.286s] -- Installing: /home/tungchiahui/mysource/ros2src/2.example_ws/install/learning_interface/share/learning_interface/local_setup.dsv
[4.286s] -- Installing: /home/tungchiahui/mysource/ros2src/2.example_ws/install/learning_interface/share/learning_interface/package.dsv
[4.286s] -- Installing: /home/tungchiahui/mysource/ros2src/2.example_ws/install/learning_interface/share/ament_index/resource_index/packages/learning_interface
[4.287s] -- Installing: /home/tungchiahui/mysource/ros2src/2.example_ws/install/learning_interface/share/learning_interface/cmake/export_learning_interface__rosidl_generator_cExport.cmake
[4.287s] -- Installing: /home/tungchiahui/mysource/ros2src/2.example_ws/install/learning_interface/share/learning_interface/cmake/export_learning_interface__rosidl_generator_cExport-noconfig.cmake
[4.287s] -- Installing: /home/tungchiahui/mysource/ros2src/2.example_ws/install/learning_interface/share/learning_interface/cmake/export_learning_interface__rosidl_typesupport_fastrtps_cExport.cmake
[4.287s] -- Installing: /home/tungchiahui/mysource/ros2src/2.example_ws/install/learning_interface/share/learning_interface/cmake/export_learning_interface__rosidl_typesupport_fastrtps_cExport-noconfig.cmake
[4.287s] -- Installing: /home/tungchiahui/mysource/ros2src/2.example_ws/install/learning_interface/share/learning_interface/cmake/learning_interface__rosidl_typesupport_introspection_cExport.cmake
[4.287s] -- Installing: /home/tungchiahui/mysource/ros2src/2.example_ws/install/learning_interface/share/learning_interface/cmake/learning_interface__rosidl_typesupport_introspection_cExport-noconfig.cmake
[4.287s] -- Installing: /home/tungchiahui/mysource/ros2src/2.example_ws/install/learning_interface/share/learning_interface/cmake/learning_interface__rosidl_typesupport_cExport.cmake
[4.287s] -- Installing: /home/tungchiahui/mysource/ros2src/2.example_ws/install/learning_interface/share/learning_interface/cmake/learning_interface__rosidl_typesupport_cExport-noconfig.cmake
[4.287s] -- Installing: /home/tungchiahui/mysource/ros2src/2.example_ws/install/learning_interface/share/learning_interface/cmake/export_learning_interface__rosidl_generator_cppExport.cmake
[4.287s] -- Installing: /home/tungchiahui/mysource/ros2src/2.example_ws/install/learning_interface/share/learning_interface/cmake/export_learning_interface__rosidl_typesupport_fastrtps_cppExport.cmake
[4.287s] -- Installing: /home/tungchiahui/mysource/ros2src/2.example_ws/install/learning_interface/share/learning_interface/cmake/export_learning_interface__rosidl_typesupport_fastrtps_cppExport-noconfig.cmake
[4.287s] -- Installing: /home/tungchiahui/mysource/ros2src/2.example_ws/install/learning_interface/share/learning_interface/cmake/learning_interface__rosidl_typesupport_introspection_cppExport.cmake
[4.287s] -- Installing: /home/tungchiahui/mysource/ros2src/2.example_ws/install/learning_interface/share/learning_interface/cmake/learning_interface__rosidl_typesupport_introspection_cppExport-noconfig.cmake
[4.287s] -- Installing: /home/tungchiahui/mysource/ros2src/2.example_ws/install/learning_interface/share/learning_interface/cmake/learning_interface__rosidl_typesupport_cppExport.cmake
[4.287s] -- Installing: /home/tungchiahui/mysource/ros2src/2.example_ws/install/learning_interface/share/learning_interface/cmake/learning_interface__rosidl_typesupport_cppExport-noconfig.cmake
[4.287s] -- Installing: /home/tungchiahui/mysource/ros2src/2.example_ws/install/learning_interface/share/learning_interface/cmake/export_learning_interface__rosidl_generator_pyExport.cmake
[4.288s] -- Installing: /home/tungchiahui/mysource/ros2src/2.example_ws/install/learning_interface/share/learning_interface/cmake/export_learning_interface__rosidl_generator_pyExport-noconfig.cmake
[4.288s] -- Installing: /home/tungchiahui/mysource/ros2src/2.example_ws/install/learning_interface/share/learning_interface/cmake/rosidl_cmake-extras.cmake
[4.288s] -- Installing: /home/tungchiahui/mysource/ros2src/2.example_ws/install/learning_interface/share/learning_interface/cmake/ament_cmake_export_dependencies-extras.cmake
[4.288s] -- Installing: /home/tungchiahui/mysource/ros2src/2.example_ws/install/learning_interface/share/learning_interface/cmake/ament_cmake_export_include_directories-extras.cmake
[4.288s] -- Installing: /home/tungchiahui/mysource/ros2src/2.example_ws/install/learning_interface/share/learning_interface/cmake/ament_cmake_export_libraries-extras.cmake
[4.288s] -- Installing: /home/tungchiahui/mysource/ros2src/2.example_ws/install/learning_interface/share/learning_interface/cmake/ament_cmake_export_targets-extras.cmake
[4.288s] -- Installing: /home/tungchiahui/mysource/ros2src/2.example_ws/install/learning_interface/share/learning_interface/cmake/rosidl_cmake_export_typesupport_targets-extras.cmake
[4.288s] -- Installing: /home/tungchiahui/mysource/ros2src/2.example_ws/install/learning_interface/share/learning_interface/cmake/rosidl_cmake_export_typesupport_libraries-extras.cmake
[4.288s] -- Installing: /home/tungchiahui/mysource/ros2src/2.example_ws/install/learning_interface/share/learning_interface/cmake/learning_interfaceConfig.cmake
[4.288s] -- Installing: /home/tungchiahui/mysource/ros2src/2.example_ws/install/learning_interface/share/learning_interface/cmake/learning_interfaceConfig-version.cmake
[4.288s] -- Installing: /home/tungchiahui/mysource/ros2src/2.example_ws/install/learning_interface/share/learning_interface/package.xml
[4.292s] Invoked command in '/home/tungchiahui/mysource/ros2src/2.example_ws/build/learning_interface' returned '0': CMAKE_PREFIX_PATH=/opt/ros/humble /usr/bin/cmake --install /home/tungchiahui/mysource/ros2src/2.example_ws/build/learning_interface
