[0.013s] Invoking command in '/home/tungchiahui/source/ROS2_WS/4.ws02_tools/build/cpp02_rosbag': CMAKE_PREFIX_PATH=${CMAKE_PREFIX_PATH}:/opt/ros/jazzy /usr/bin/cmake --build /home/tungchiahui/source/ROS2_WS/4.ws02_tools/build/cpp02_rosbag -- -j16 -l16
[0.099s] [ 50%] Built target demo02_reader
[0.105s] [ 75%] [32mBuilding CXX object CMakeFiles/demo01_writer.dir/src/demo01_writer.cpp.o[0m
[6.276s] [100%] [32m[1mLinking CXX executable demo01_writer[0m
[6.498s] [100%] Built target demo01_writer
[6.504s] Invoked command in '/home/tungchiahui/source/ROS2_WS/4.ws02_tools/build/cpp02_rosbag' returned '0': CMAKE_PREFIX_PATH=${CMAKE_PREFIX_PATH}:/opt/ros/jazzy /usr/bin/cmake --build /home/tungchiahui/source/ROS2_WS/4.ws02_tools/build/cpp02_rosbag -- -j16 -l16
[6.505s] Invoking command in '/home/tungchiahui/source/ROS2_WS/4.ws02_tools/build/cpp02_rosbag': CMAKE_PREFIX_PATH=${CMAKE_PREFIX_PATH}:/opt/ros/jazzy /usr/bin/cmake --install /home/tungchiahui/source/ROS2_WS/4.ws02_tools/build/cpp02_rosbag
[6.510s] -- Install configuration: ""
[6.512s] -- Installing: /home/tungchiahui/source/ROS2_WS/4.ws02_tools/install/cpp02_rosbag/lib/cpp02_rosbag/demo01_writer
[6.514s] -- Set non-toolchain portion of runtime path of "/home/tungchiahui/source/ROS2_WS/4.ws02_tools/install/cpp02_rosbag/lib/cpp02_rosbag/demo01_writer" to ""
[6.516s] -- Up-to-date: /home/tungchiahui/source/ROS2_WS/4.ws02_tools/install/cpp02_rosbag/lib/cpp02_rosbag/demo02_reader
[6.516s] -- Up-to-date: /home/tungchiahui/source/ROS2_WS/4.ws02_tools/install/cpp02_rosbag/share/ament_index/resource_index/package_run_dependencies/cpp02_rosbag
[6.516s] -- Up-to-date: /home/tungchiahui/source/ROS2_WS/4.ws02_tools/install/cpp02_rosbag/share/ament_index/resource_index/parent_prefix_path/cpp02_rosbag
[6.516s] -- Up-to-date: /home/tungchiahui/source/ROS2_WS/4.ws02_tools/install/cpp02_rosbag/share/cpp02_rosbag/environment/ament_prefix_path.sh
[6.517s] -- Up-to-date: /home/tungchiahui/source/ROS2_WS/4.ws02_tools/install/cpp02_rosbag/share/cpp02_rosbag/environment/ament_prefix_path.dsv
[6.517s] -- Up-to-date: /home/tungchiahui/source/ROS2_WS/4.ws02_tools/install/cpp02_rosbag/share/cpp02_rosbag/environment/path.sh
[6.518s] -- Up-to-date: /home/tungchiahui/source/ROS2_WS/4.ws02_tools/install/cpp02_rosbag/share/cpp02_rosbag/environment/path.dsv
[6.518s] -- Up-to-date: /home/tungchiahui/source/ROS2_WS/4.ws02_tools/install/cpp02_rosbag/share/cpp02_rosbag/local_setup.bash
[6.518s] -- Up-to-date: /home/tungchiahui/source/ROS2_WS/4.ws02_tools/install/cpp02_rosbag/share/cpp02_rosbag/local_setup.sh
[6.518s] -- Up-to-date: /home/tungchiahui/source/ROS2_WS/4.ws02_tools/install/cpp02_rosbag/share/cpp02_rosbag/local_setup.zsh
[6.518s] -- Up-to-date: /home/tungchiahui/source/ROS2_WS/4.ws02_tools/install/cpp02_rosbag/share/cpp02_rosbag/local_setup.dsv
[6.519s] -- Installing: /home/tungchiahui/source/ROS2_WS/4.ws02_tools/install/cpp02_rosbag/share/cpp02_rosbag/package.dsv
[6.519s] -- Up-to-date: /home/tungchiahui/source/ROS2_WS/4.ws02_tools/install/cpp02_rosbag/share/ament_index/resource_index/packages/cpp02_rosbag
[6.519s] -- Up-to-date: /home/tungchiahui/source/ROS2_WS/4.ws02_tools/install/cpp02_rosbag/share/cpp02_rosbag/cmake/cpp02_rosbagConfig.cmake
[6.519s] -- Up-to-date: /home/tungchiahui/source/ROS2_WS/4.ws02_tools/install/cpp02_rosbag/share/cpp02_rosbag/cmake/cpp02_rosbagConfig-version.cmake
[6.519s] -- Up-to-date: /home/tungchiahui/source/ROS2_WS/4.ws02_tools/install/cpp02_rosbag/share/cpp02_rosbag/package.xml
[6.520s] Invoked command in '/home/tungchiahui/source/ROS2_WS/4.ws02_tools/build/cpp02_rosbag' returned '0': CMAKE_PREFIX_PATH=${CMAKE_PREFIX_PATH}:/opt/ros/jazzy /usr/bin/cmake --install /home/tungchiahui/source/ROS2_WS/4.ws02_tools/build/cpp02_rosbag
