[1.636s] Invoking command in '/home/tungchiahui/mysource/ros2src/2.example_ws/src/ros2_21_tutorials/learning_node': PYTHONPATH=/home/tungchiahui/mysource/ros2src/2.example_ws/build/learning_node/prefix_override:/home/tungchiahui/mysource/ros2src/2.example_ws/install/learning_node/lib/python3.10/site-packages:${PYTHONPATH} /usr/bin/python3 setup.py egg_info --egg-base ../../../build/learning_node build --build-base /home/tungchiahui/mysource/ros2src/2.example_ws/build/learning_node/build install --record /home/tungchiahui/mysource/ros2src/2.example_ws/build/learning_node/install.log --single-version-externally-managed
[1.900s] running egg_info
[1.903s] creating ../../../build/learning_node/learning_node.egg-info
[1.903s] writing ../../../build/learning_node/learning_node.egg-info/PKG-INFO
[1.903s] writing dependency_links to ../../../build/learning_node/learning_node.egg-info/dependency_links.txt
[1.903s] writing entry points to ../../../build/learning_node/learning_node.egg-info/entry_points.txt
[1.903s] writing requirements to ../../../build/learning_node/learning_node.egg-info/requires.txt
[1.904s] writing top-level names to ../../../build/learning_node/learning_node.egg-info/top_level.txt
[1.904s] writing manifest file '../../../build/learning_node/learning_node.egg-info/SOURCES.txt'
[1.904s] reading manifest file '../../../build/learning_node/learning_node.egg-info/SOURCES.txt'
[1.905s] writing manifest file '../../../build/learning_node/learning_node.egg-info/SOURCES.txt'
[1.905s] running build
[1.905s] running build_py
[1.905s] creating /home/tungchiahui/mysource/ros2src/2.example_ws/build/learning_node/build
[1.905s] creating /home/tungchiahui/mysource/ros2src/2.example_ws/build/learning_node/build/lib
[1.905s] creating /home/tungchiahui/mysource/ros2src/2.example_ws/build/learning_node/build/lib/learning_node
[1.905s] copying learning_node/node_helloworld.py -> /home/tungchiahui/mysource/ros2src/2.example_ws/build/learning_node/build/lib/learning_node
[1.905s] copying learning_node/__init__.py -> /home/tungchiahui/mysource/ros2src/2.example_ws/build/learning_node/build/lib/learning_node
[1.905s] copying learning_node/node_object.py -> /home/tungchiahui/mysource/ros2src/2.example_ws/build/learning_node/build/lib/learning_node
[1.905s] copying learning_node/node_helloworld_class.py -> /home/tungchiahui/mysource/ros2src/2.example_ws/build/learning_node/build/lib/learning_node
[1.908s] copying learning_node/node_object_webcam.py -> /home/tungchiahui/mysource/ros2src/2.example_ws/build/learning_node/build/lib/learning_node
[1.908s] running install
[1.908s] /usr/lib/python3/dist-packages/setuptools/command/install.py:34: SetuptoolsDeprecationWarning: setup.py install is deprecated. Use build and pip and other standards-based tools.
[1.908s]   warnings.warn(
[1.908s] running install_lib
[1.908s] creating /home/tungchiahui/mysource/ros2src/2.example_ws/install/learning_node/lib/python3.10/site-packages/learning_node
[1.908s] copying /home/tungchiahui/mysource/ros2src/2.example_ws/build/learning_node/build/lib/learning_node/node_helloworld.py -> /home/tungchiahui/mysource/ros2src/2.example_ws/install/learning_node/lib/python3.10/site-packages/learning_node
[1.908s] copying /home/tungchiahui/mysource/ros2src/2.example_ws/build/learning_node/build/lib/learning_node/__init__.py -> /home/tungchiahui/mysource/ros2src/2.example_ws/install/learning_node/lib/python3.10/site-packages/learning_node
[1.909s] copying /home/tungchiahui/mysource/ros2src/2.example_ws/build/learning_node/build/lib/learning_node/node_object.py -> /home/tungchiahui/mysource/ros2src/2.example_ws/install/learning_node/lib/python3.10/site-packages/learning_node
[1.909s] copying /home/tungchiahui/mysource/ros2src/2.example_ws/build/learning_node/build/lib/learning_node/node_helloworld_class.py -> /home/tungchiahui/mysource/ros2src/2.example_ws/install/learning_node/lib/python3.10/site-packages/learning_node
[1.909s] copying /home/tungchiahui/mysource/ros2src/2.example_ws/build/learning_node/build/lib/learning_node/node_object_webcam.py -> /home/tungchiahui/mysource/ros2src/2.example_ws/install/learning_node/lib/python3.10/site-packages/learning_node
[1.909s] byte-compiling /home/tungchiahui/mysource/ros2src/2.example_ws/install/learning_node/lib/python3.10/site-packages/learning_node/node_helloworld.py to node_helloworld.cpython-310.pyc
[1.909s] byte-compiling /home/tungchiahui/mysource/ros2src/2.example_ws/install/learning_node/lib/python3.10/site-packages/learning_node/__init__.py to __init__.cpython-310.pyc
[1.909s] byte-compiling /home/tungchiahui/mysource/ros2src/2.example_ws/install/learning_node/lib/python3.10/site-packages/learning_node/node_object.py to node_object.cpython-310.pyc
[1.909s] byte-compiling /home/tungchiahui/mysource/ros2src/2.example_ws/install/learning_node/lib/python3.10/site-packages/learning_node/node_helloworld_class.py to node_helloworld_class.cpython-310.pyc
[1.909s] byte-compiling /home/tungchiahui/mysource/ros2src/2.example_ws/install/learning_node/lib/python3.10/site-packages/learning_node/node_object_webcam.py to node_object_webcam.cpython-310.pyc
[1.909s] running install_data
[1.910s] creating /home/tungchiahui/mysource/ros2src/2.example_ws/install/learning_node/share/ament_index
[1.910s] creating /home/tungchiahui/mysource/ros2src/2.example_ws/install/learning_node/share/ament_index/resource_index
[1.910s] creating /home/tungchiahui/mysource/ros2src/2.example_ws/install/learning_node/share/ament_index/resource_index/packages
[1.910s] copying resource/learning_node -> /home/tungchiahui/mysource/ros2src/2.example_ws/install/learning_node/share/ament_index/resource_index/packages
[1.910s] copying package.xml -> /home/tungchiahui/mysource/ros2src/2.example_ws/install/learning_node/share/learning_node
[1.910s] running install_egg_info
[1.912s] Copying ../../../build/learning_node/learning_node.egg-info to /home/tungchiahui/mysource/ros2src/2.example_ws/install/learning_node/lib/python3.10/site-packages/learning_node-0.0.0-py3.10.egg-info
[1.913s] running install_scripts
[1.938s] Installing node_helloworld script to /home/tungchiahui/mysource/ros2src/2.example_ws/install/learning_node/lib/learning_node
[1.938s] Installing node_helloworld_class script to /home/tungchiahui/mysource/ros2src/2.example_ws/install/learning_node/lib/learning_node
[1.938s] Installing node_object script to /home/tungchiahui/mysource/ros2src/2.example_ws/install/learning_node/lib/learning_node
[1.938s] Installing node_object_webcam script to /home/tungchiahui/mysource/ros2src/2.example_ws/install/learning_node/lib/learning_node
[1.938s] writing list of installed files to '/home/tungchiahui/mysource/ros2src/2.example_ws/build/learning_node/install.log'
[1.977s] Invoked command in '/home/tungchiahui/mysource/ros2src/2.example_ws/src/ros2_21_tutorials/learning_node' returned '0': PYTHONPATH=/home/tungchiahui/mysource/ros2src/2.example_ws/build/learning_node/prefix_override:/home/tungchiahui/mysource/ros2src/2.example_ws/install/learning_node/lib/python3.10/site-packages:${PYTHONPATH} /usr/bin/python3 setup.py egg_info --egg-base ../../../build/learning_node build --build-base /home/tungchiahui/mysource/ros2src/2.example_ws/build/learning_node/build install --record /home/tungchiahui/mysource/ros2src/2.example_ws/build/learning_node/install.log --single-version-externally-managed
