[0.011s] Invoking command in '/home/tungchiahui/mysource/ros2src/3.ws01_plumbing/build/cpp03_action': CMAKE_PREFIX_PATH=/home/tungchiahui/mysource/ros2src/3.ws01_plumbing/install/base_interfaces_demo:/home/tungchiahui/mysource/ros2src/3.ws01_plumbing/install/cpp03_action:/home/tungchiahui/mysource/ros2src/3.ws01_plumbing/install/cpp02_service:/home/tungchiahui/mysource/ros2src/3.ws01_plumbing/install/cpp01_topic:/opt/ros/humble /usr/bin/cmake --build /home/tungchiahui/mysource/ros2src/3.ws01_plumbing/build/cpp03_action -- -j16 -l16
[0.040s] [35m[1mConsolidate compiler generated dependencies of target demo01_action_server[0m
[0.053s] [ 50%] Built target demo02_action_client
[0.057s] [ 75%] [32mBuilding CXX object CMakeFiles/demo01_action_server.dir/src/demo01_action_server.cpp.o[0m
[3.181s] [100%] [32m[1mLinking CXX executable demo01_action_server[0m
[3.319s] [100%] Built target demo01_action_server
[3.331s] Invoked command in '/home/tungchiahui/mysource/ros2src/3.ws01_plumbing/build/cpp03_action' returned '0': CMAKE_PREFIX_PATH=/home/tungchiahui/mysource/ros2src/3.ws01_plumbing/install/base_interfaces_demo:/home/tungchiahui/mysource/ros2src/3.ws01_plumbing/install/cpp03_action:/home/tungchiahui/mysource/ros2src/3.ws01_plumbing/install/cpp02_service:/home/tungchiahui/mysource/ros2src/3.ws01_plumbing/install/cpp01_topic:/opt/ros/humble /usr/bin/cmake --build /home/tungchiahui/mysource/ros2src/3.ws01_plumbing/build/cpp03_action -- -j16 -l16
[3.359s] Invoking command in '/home/tungchiahui/mysource/ros2src/3.ws01_plumbing/build/cpp03_action': CMAKE_PREFIX_PATH=/home/tungchiahui/mysource/ros2src/3.ws01_plumbing/install/base_interfaces_demo:/home/tungchiahui/mysource/ros2src/3.ws01_plumbing/install/cpp03_action:/home/tungchiahui/mysource/ros2src/3.ws01_plumbing/install/cpp02_service:/home/tungchiahui/mysource/ros2src/3.ws01_plumbing/install/cpp01_topic:/opt/ros/humble /usr/bin/cmake --install /home/tungchiahui/mysource/ros2src/3.ws01_plumbing/build/cpp03_action
[3.364s] -- Install configuration: ""
[3.364s] -- Installing: /home/tungchiahui/mysource/ros2src/3.ws01_plumbing/install/cpp03_action/lib/cpp03_action/demo01_action_server
[3.365s] -- Set runtime path of "/home/tungchiahui/mysource/ros2src/3.ws01_plumbing/install/cpp03_action/lib/cpp03_action/demo01_action_server" to ""
[3.365s] -- Up-to-date: /home/tungchiahui/mysource/ros2src/3.ws01_plumbing/install/cpp03_action/lib/cpp03_action/demo02_action_client
[3.365s] -- Up-to-date: /home/tungchiahui/mysource/ros2src/3.ws01_plumbing/install/cpp03_action/share/ament_index/resource_index/package_run_dependencies/cpp03_action
[3.365s] -- Up-to-date: /home/tungchiahui/mysource/ros2src/3.ws01_plumbing/install/cpp03_action/share/ament_index/resource_index/parent_prefix_path/cpp03_action
[3.365s] -- Up-to-date: /home/tungchiahui/mysource/ros2src/3.ws01_plumbing/install/cpp03_action/share/cpp03_action/environment/ament_prefix_path.sh
[3.365s] -- Up-to-date: /home/tungchiahui/mysource/ros2src/3.ws01_plumbing/install/cpp03_action/share/cpp03_action/environment/ament_prefix_path.dsv
[3.365s] -- Up-to-date: /home/tungchiahui/mysource/ros2src/3.ws01_plumbing/install/cpp03_action/share/cpp03_action/environment/path.sh
[3.365s] -- Up-to-date: /home/tungchiahui/mysource/ros2src/3.ws01_plumbing/install/cpp03_action/share/cpp03_action/environment/path.dsv
[3.365s] -- Up-to-date: /home/tungchiahui/mysource/ros2src/3.ws01_plumbing/install/cpp03_action/share/cpp03_action/local_setup.bash
[3.365s] -- Up-to-date: /home/tungchiahui/mysource/ros2src/3.ws01_plumbing/install/cpp03_action/share/cpp03_action/local_setup.sh
[3.365s] -- Up-to-date: /home/tungchiahui/mysource/ros2src/3.ws01_plumbing/install/cpp03_action/share/cpp03_action/local_setup.zsh
[3.365s] -- Up-to-date: /home/tungchiahui/mysource/ros2src/3.ws01_plumbing/install/cpp03_action/share/cpp03_action/local_setup.dsv
[3.365s] -- Installing: /home/tungchiahui/mysource/ros2src/3.ws01_plumbing/install/cpp03_action/share/cpp03_action/package.dsv
[3.365s] -- Up-to-date: /home/tungchiahui/mysource/ros2src/3.ws01_plumbing/install/cpp03_action/share/ament_index/resource_index/packages/cpp03_action
[3.365s] -- Up-to-date: /home/tungchiahui/mysource/ros2src/3.ws01_plumbing/install/cpp03_action/share/cpp03_action/cmake/cpp03_actionConfig.cmake
[3.365s] -- Up-to-date: /home/tungchiahui/mysource/ros2src/3.ws01_plumbing/install/cpp03_action/share/cpp03_action/cmake/cpp03_actionConfig-version.cmake
[3.365s] -- Up-to-date: /home/tungchiahui/mysource/ros2src/3.ws01_plumbing/install/cpp03_action/share/cpp03_action/package.xml
[3.367s] Invoked command in '/home/tungchiahui/mysource/ros2src/3.ws01_plumbing/build/cpp03_action' returned '0': CMAKE_PREFIX_PATH=/home/tungchiahui/mysource/ros2src/3.ws01_plumbing/install/base_interfaces_demo:/home/tungchiahui/mysource/ros2src/3.ws01_plumbing/install/cpp03_action:/home/tungchiahui/mysource/ros2src/3.ws01_plumbing/install/cpp02_service:/home/tungchiahui/mysource/ros2src/3.ws01_plumbing/install/cpp01_topic:/opt/ros/humble /usr/bin/cmake --install /home/tungchiahui/mysource/ros2src/3.ws01_plumbing/build/cpp03_action
