[0.219s] DEBUG:colcon:Command line arguments: ['/usr/bin/colcon', 'build', '--packages-select', 'cpp03_tf_broadcaster']
[0.220s] DEBUG:colcon:Parsed command line arguments: Namespace(log_base=None, log_level=None, verb_name='build', build_base='build', install_base='install', merge_install=False, symlink_install=False, test_result_base=None, continue_on_error=False, executor='parallel', parallel_workers=16, event_handlers=None, ignore_user_meta=False, metas=['./colcon.meta'], base_paths=['.'], packages_ignore=None, packages_ignore_regex=None, paths=None, packages_up_to=None, packages_up_to_regex=None, packages_above=None, packages_above_and_dependencies=None, packages_above_depth=None, packages_select_by_dep=None, packages_skip_by_dep=None, packages_skip_up_to=None, packages_select_build_failed=False, packages_skip_build_finished=False, packages_select_test_failures=False, packages_skip_test_passed=False, packages_select=['cpp03_tf_broadcaster'], packages_skip=None, packages_select_regex=None, packages_skip_regex=None, packages_start=None, packages_end=None, allow_overriding=[], cmake_args=None, cmake_target=None, cmake_target_skip_unavailable=False, cmake_clean_cache=False, cmake_clean_first=False, cmake_force_configure=False, ament_cmake_args=None, catkin_cmake_args=None, catkin_skip_building_tests=False, mixin_files=None, mixin=None, verb_parser=<colcon_mixin.mixin.mixin_argument.MixinArgumentDecorator object at 0x7f67e9945fd0>, verb_extension=<colcon_core.verb.build.BuildVerb object at 0x7f67e9af3e00>, main=<bound method BuildVerb.main of <colcon_core.verb.build.BuildVerb object at 0x7f67e9af3e00>>, mixin_verb=('build',))
[0.284s] Level 1:colcon.colcon_core.package_discovery:discover_packages(colcon_meta) check parameters
[0.284s] Level 1:colcon.colcon_core.package_discovery:discover_packages(recursive) check parameters
[0.284s] Level 1:colcon.colcon_core.package_discovery:discover_packages(ignore) check parameters
[0.284s] Level 1:colcon.colcon_core.package_discovery:discover_packages(path) check parameters
[0.284s] Level 1:colcon.colcon_core.package_discovery:discover_packages(colcon_meta) discover
[0.285s] Level 1:colcon.colcon_core.package_discovery:discover_packages(recursive) discover
[0.285s] INFO:colcon.colcon_core.package_discovery:Crawling recursively for packages in '/home/tungchiahui/source/ROS2_WS/4.ws02_tools'
[0.285s] Level 1:colcon.colcon_core.package_identification:_identify(.) by extensions ['ignore', 'ignore_ament_install']
[0.285s] Level 1:colcon.colcon_core.package_identification:_identify(.) by extension 'ignore'
[0.285s] Level 1:colcon.colcon_core.package_identification:_identify(.) by extension 'ignore_ament_install'
[0.285s] Level 1:colcon.colcon_core.package_identification:_identify(.) by extensions ['colcon_pkg']
[0.285s] Level 1:colcon.colcon_core.package_identification:_identify(.) by extension 'colcon_pkg'
[0.285s] Level 1:colcon.colcon_core.package_identification:_identify(.) by extensions ['colcon_meta']
[0.285s] Level 1:colcon.colcon_core.package_identification:_identify(.) by extension 'colcon_meta'
[0.285s] Level 1:colcon.colcon_core.package_identification:_identify(.) by extensions ['ros']
[0.285s] Level 1:colcon.colcon_core.package_identification:_identify(.) by extension 'ros'
[0.322s] Level 1:colcon.colcon_core.package_identification:_identify(.) by extensions ['cmake', 'python']
[0.322s] Level 1:colcon.colcon_core.package_identification:_identify(.) by extension 'cmake'
[0.323s] Level 1:colcon.colcon_core.package_identification:_identify(.) by extension 'python'
[0.323s] Level 1:colcon.colcon_core.package_identification:_identify(.) by extensions ['python_setup_py']
[0.323s] Level 1:colcon.colcon_core.package_identification:_identify(.) by extension 'python_setup_py'
[0.323s] Level 1:colcon.colcon_core.package_identification:_identify(build) by extensions ['ignore', 'ignore_ament_install']
[0.323s] Level 1:colcon.colcon_core.package_identification:_identify(build) by extension 'ignore'
[0.323s] Level 1:colcon.colcon_core.package_identification:_identify(build) ignored
[0.323s] Level 1:colcon.colcon_core.package_identification:_identify(install) by extensions ['ignore', 'ignore_ament_install']
[0.323s] Level 1:colcon.colcon_core.package_identification:_identify(install) by extension 'ignore'
[0.323s] Level 1:colcon.colcon_core.package_identification:_identify(install) ignored
[0.323s] Level 1:colcon.colcon_core.package_identification:_identify(log) by extensions ['ignore', 'ignore_ament_install']
[0.324s] Level 1:colcon.colcon_core.package_identification:_identify(log) by extension 'ignore'
[0.324s] Level 1:colcon.colcon_core.package_identification:_identify(log) ignored
[0.324s] Level 1:colcon.colcon_core.package_identification:_identify(src) by extensions ['ignore', 'ignore_ament_install']
[0.324s] Level 1:colcon.colcon_core.package_identification:_identify(src) by extension 'ignore'
[0.324s] Level 1:colcon.colcon_core.package_identification:_identify(src) by extension 'ignore_ament_install'
[0.324s] Level 1:colcon.colcon_core.package_identification:_identify(src) by extensions ['colcon_pkg']
[0.324s] Level 1:colcon.colcon_core.package_identification:_identify(src) by extension 'colcon_pkg'
[0.324s] Level 1:colcon.colcon_core.package_identification:_identify(src) by extensions ['colcon_meta']
[0.324s] Level 1:colcon.colcon_core.package_identification:_identify(src) by extension 'colcon_meta'
[0.324s] Level 1:colcon.colcon_core.package_identification:_identify(src) by extensions ['ros']
[0.324s] Level 1:colcon.colcon_core.package_identification:_identify(src) by extension 'ros'
[0.324s] Level 1:colcon.colcon_core.package_identification:_identify(src) by extensions ['cmake', 'python']
[0.324s] Level 1:colcon.colcon_core.package_identification:_identify(src) by extension 'cmake'
[0.324s] Level 1:colcon.colcon_core.package_identification:_identify(src) by extension 'python'
[0.324s] Level 1:colcon.colcon_core.package_identification:_identify(src) by extensions ['python_setup_py']
[0.324s] Level 1:colcon.colcon_core.package_identification:_identify(src) by extension 'python_setup_py'
[0.324s] Level 1:colcon.colcon_core.package_identification:_identify(src/cpp01_launch) by extensions ['ignore', 'ignore_ament_install']
[0.324s] Level 1:colcon.colcon_core.package_identification:_identify(src/cpp01_launch) by extension 'ignore'
[0.324s] Level 1:colcon.colcon_core.package_identification:_identify(src/cpp01_launch) by extension 'ignore_ament_install'
[0.324s] Level 1:colcon.colcon_core.package_identification:_identify(src/cpp01_launch) by extensions ['colcon_pkg']
[0.324s] Level 1:colcon.colcon_core.package_identification:_identify(src/cpp01_launch) by extension 'colcon_pkg'
[0.324s] Level 1:colcon.colcon_core.package_identification:_identify(src/cpp01_launch) by extensions ['colcon_meta']
[0.324s] Level 1:colcon.colcon_core.package_identification:_identify(src/cpp01_launch) by extension 'colcon_meta'
[0.325s] Level 1:colcon.colcon_core.package_identification:_identify(src/cpp01_launch) by extensions ['ros']
[0.325s] Level 1:colcon.colcon_core.package_identification:_identify(src/cpp01_launch) by extension 'ros'
[0.328s] DEBUG:colcon.colcon_core.package_identification:Package 'src/cpp01_launch' with type 'ros.ament_cmake' and name 'cpp01_launch'
[0.328s] Level 1:colcon.colcon_core.package_identification:_identify(src/cpp02_rosbag) by extensions ['ignore', 'ignore_ament_install']
[0.328s] Level 1:colcon.colcon_core.package_identification:_identify(src/cpp02_rosbag) by extension 'ignore'
[0.328s] Level 1:colcon.colcon_core.package_identification:_identify(src/cpp02_rosbag) by extension 'ignore_ament_install'
[0.328s] Level 1:colcon.colcon_core.package_identification:_identify(src/cpp02_rosbag) by extensions ['colcon_pkg']
[0.328s] Level 1:colcon.colcon_core.package_identification:_identify(src/cpp02_rosbag) by extension 'colcon_pkg'
[0.328s] Level 1:colcon.colcon_core.package_identification:_identify(src/cpp02_rosbag) by extensions ['colcon_meta']
[0.328s] Level 1:colcon.colcon_core.package_identification:_identify(src/cpp02_rosbag) by extension 'colcon_meta'
[0.329s] Level 1:colcon.colcon_core.package_identification:_identify(src/cpp02_rosbag) by extensions ['ros']
[0.329s] Level 1:colcon.colcon_core.package_identification:_identify(src/cpp02_rosbag) by extension 'ros'
[0.329s] DEBUG:colcon.colcon_core.package_identification:Package 'src/cpp02_rosbag' with type 'ros.ament_cmake' and name 'cpp02_rosbag'
[0.329s] Level 1:colcon.colcon_core.package_identification:_identify(src/cpp03_tf_broadcaster) by extensions ['ignore', 'ignore_ament_install']
[0.330s] Level 1:colcon.colcon_core.package_identification:_identify(src/cpp03_tf_broadcaster) by extension 'ignore'
[0.330s] Level 1:colcon.colcon_core.package_identification:_identify(src/cpp03_tf_broadcaster) by extension 'ignore_ament_install'
[0.330s] Level 1:colcon.colcon_core.package_identification:_identify(src/cpp03_tf_broadcaster) by extensions ['colcon_pkg']
[0.330s] Level 1:colcon.colcon_core.package_identification:_identify(src/cpp03_tf_broadcaster) by extension 'colcon_pkg'
[0.330s] Level 1:colcon.colcon_core.package_identification:_identify(src/cpp03_tf_broadcaster) by extensions ['colcon_meta']
[0.330s] Level 1:colcon.colcon_core.package_identification:_identify(src/cpp03_tf_broadcaster) by extension 'colcon_meta'
[0.330s] Level 1:colcon.colcon_core.package_identification:_identify(src/cpp03_tf_broadcaster) by extensions ['ros']
[0.330s] Level 1:colcon.colcon_core.package_identification:_identify(src/cpp03_tf_broadcaster) by extension 'ros'
[0.331s] DEBUG:colcon.colcon_core.package_identification:Package 'src/cpp03_tf_broadcaster' with type 'ros.ament_cmake' and name 'cpp03_tf_broadcaster'
[0.331s] Level 1:colcon.colcon_core.package_identification:_identify(src/cpp06_urdf) by extensions ['ignore', 'ignore_ament_install']
[0.331s] Level 1:colcon.colcon_core.package_identification:_identify(src/cpp06_urdf) by extension 'ignore'
[0.331s] Level 1:colcon.colcon_core.package_identification:_identify(src/cpp06_urdf) by extension 'ignore_ament_install'
[0.331s] Level 1:colcon.colcon_core.package_identification:_identify(src/cpp06_urdf) by extensions ['colcon_pkg']
[0.331s] Level 1:colcon.colcon_core.package_identification:_identify(src/cpp06_urdf) by extension 'colcon_pkg'
[0.331s] Level 1:colcon.colcon_core.package_identification:_identify(src/cpp06_urdf) by extensions ['colcon_meta']
[0.331s] Level 1:colcon.colcon_core.package_identification:_identify(src/cpp06_urdf) by extension 'colcon_meta'
[0.331s] Level 1:colcon.colcon_core.package_identification:_identify(src/cpp06_urdf) by extensions ['ros']
[0.331s] Level 1:colcon.colcon_core.package_identification:_identify(src/cpp06_urdf) by extension 'ros'
[0.332s] DEBUG:colcon.colcon_core.package_identification:Package 'src/cpp06_urdf' with type 'ros.ament_cmake' and name 'cpp06_urdf'
[0.332s] Level 1:colcon.colcon_core.package_discovery:discover_packages(recursive) using defaults
[0.332s] Level 1:colcon.colcon_core.package_discovery:discover_packages(ignore) discover
[0.332s] Level 1:colcon.colcon_core.package_discovery:discover_packages(ignore) using defaults
[0.332s] Level 1:colcon.colcon_core.package_discovery:discover_packages(path) discover
[0.332s] Level 1:colcon.colcon_core.package_discovery:discover_packages(path) using defaults
[0.360s] INFO:colcon.colcon_core.package_selection:Skipping not selected package 'cpp01_launch' in 'src/cpp01_launch'
[0.360s] INFO:colcon.colcon_core.package_selection:Skipping not selected package 'cpp02_rosbag' in 'src/cpp02_rosbag'
[0.360s] INFO:colcon.colcon_core.package_selection:Skipping not selected package 'cpp06_urdf' in 'src/cpp06_urdf'
[0.360s] Level 1:colcon.colcon_core.package_discovery:discover_packages(prefix_path) check parameters
[0.361s] Level 1:colcon.colcon_core.package_discovery:discover_packages(prefix_path) discover
[0.365s] DEBUG:colcon.colcon_installed_package_information.package_discovery:Found 287 installed packages in /opt/ros/jazzy
[0.366s] Level 1:colcon.colcon_core.package_discovery:discover_packages(prefix_path) using defaults
[0.435s] Level 5:colcon.colcon_core.verb:set package 'cpp03_tf_broadcaster' build argument 'cmake_args' from command line to 'None'
[0.435s] Level 5:colcon.colcon_core.verb:set package 'cpp03_tf_broadcaster' build argument 'cmake_target' from command line to 'None'
[0.435s] Level 5:colcon.colcon_core.verb:set package 'cpp03_tf_broadcaster' build argument 'cmake_target_skip_unavailable' from command line to 'False'
[0.435s] Level 5:colcon.colcon_core.verb:set package 'cpp03_tf_broadcaster' build argument 'cmake_clean_cache' from command line to 'False'
[0.435s] Level 5:colcon.colcon_core.verb:set package 'cpp03_tf_broadcaster' build argument 'cmake_clean_first' from command line to 'False'
[0.435s] Level 5:colcon.colcon_core.verb:set package 'cpp03_tf_broadcaster' build argument 'cmake_force_configure' from command line to 'False'
[0.435s] Level 5:colcon.colcon_core.verb:set package 'cpp03_tf_broadcaster' build argument 'ament_cmake_args' from command line to 'None'
[0.435s] Level 5:colcon.colcon_core.verb:set package 'cpp03_tf_broadcaster' build argument 'catkin_cmake_args' from command line to 'None'
[0.435s] Level 5:colcon.colcon_core.verb:set package 'cpp03_tf_broadcaster' build argument 'catkin_skip_building_tests' from command line to 'False'
[0.435s] DEBUG:colcon.colcon_core.verb:Building package 'cpp03_tf_broadcaster' with the following arguments: {'ament_cmake_args': None, 'build_base': '/home/tungchiahui/source/ROS2_WS/4.ws02_tools/build/cpp03_tf_broadcaster', 'catkin_cmake_args': None, 'catkin_skip_building_tests': False, 'cmake_args': None, 'cmake_clean_cache': False, 'cmake_clean_first': False, 'cmake_force_configure': False, 'cmake_target': None, 'cmake_target_skip_unavailable': False, 'install_base': '/home/tungchiahui/source/ROS2_WS/4.ws02_tools/install/cpp03_tf_broadcaster', 'merge_install': False, 'path': '/home/tungchiahui/source/ROS2_WS/4.ws02_tools/src/cpp03_tf_broadcaster', 'symlink_install': False, 'test_result_base': None}
[0.435s] INFO:colcon.colcon_core.executor:Executing jobs using 'parallel' executor
[0.436s] DEBUG:colcon.colcon_parallel_executor.executor.parallel:run_until_complete
[0.437s] INFO:colcon.colcon_ros.task.ament_cmake.build:Building ROS package in '/home/tungchiahui/source/ROS2_WS/4.ws02_tools/src/cpp03_tf_broadcaster' with build type 'ament_cmake'
[0.437s] INFO:colcon.colcon_cmake.task.cmake.build:Building CMake package in '/home/tungchiahui/source/ROS2_WS/4.ws02_tools/src/cpp03_tf_broadcaster'
[0.442s] INFO:colcon.colcon_core.plugin_system:Skipping extension 'colcon_core.shell.bat': Not used on non-Windows systems
[0.442s] INFO:colcon.colcon_core.shell:Skip shell extension 'powershell' for command environment: Not usable outside of PowerShell
[0.442s] DEBUG:colcon.colcon_core.shell:Skip shell extension 'dsv' for command environment
[0.453s] DEBUG:colcon.colcon_core.event_handler.log_command:Invoking command in '/home/tungchiahui/source/ROS2_WS/4.ws02_tools/build/cpp03_tf_broadcaster': CMAKE_PREFIX_PATH=${CMAKE_PREFIX_PATH}:/opt/ros/jazzy /usr/bin/cmake --build /home/tungchiahui/source/ROS2_WS/4.ws02_tools/build/cpp03_tf_broadcaster -- -j16 -l16
[8.180s] DEBUG:colcon.colcon_core.event_handler.log_command:Invoked command in '/home/tungchiahui/source/ROS2_WS/4.ws02_tools/build/cpp03_tf_broadcaster' returned '0': CMAKE_PREFIX_PATH=${CMAKE_PREFIX_PATH}:/opt/ros/jazzy /usr/bin/cmake --build /home/tungchiahui/source/ROS2_WS/4.ws02_tools/build/cpp03_tf_broadcaster -- -j16 -l16
[8.189s] DEBUG:colcon.colcon_core.event_handler.log_command:Invoking command in '/home/tungchiahui/source/ROS2_WS/4.ws02_tools/build/cpp03_tf_broadcaster': CMAKE_PREFIX_PATH=${CMAKE_PREFIX_PATH}:/opt/ros/jazzy /usr/bin/cmake --install /home/tungchiahui/source/ROS2_WS/4.ws02_tools/build/cpp03_tf_broadcaster
[8.205s] Level 1:colcon.colcon_core.environment:create_environment_scripts_only(cpp03_tf_broadcaster)
[8.205s] DEBUG:colcon.colcon_core.event_handler.log_command:Invoked command in '/home/tungchiahui/source/ROS2_WS/4.ws02_tools/build/cpp03_tf_broadcaster' returned '0': CMAKE_PREFIX_PATH=${CMAKE_PREFIX_PATH}:/opt/ros/jazzy /usr/bin/cmake --install /home/tungchiahui/source/ROS2_WS/4.ws02_tools/build/cpp03_tf_broadcaster
[8.212s] Level 1:colcon.colcon_core.environment:checking '/home/tungchiahui/source/ROS2_WS/4.ws02_tools/install/cpp03_tf_broadcaster' for CMake module files
[8.213s] Level 1:colcon.colcon_core.environment:checking '/home/tungchiahui/source/ROS2_WS/4.ws02_tools/install/cpp03_tf_broadcaster' for CMake config files
[8.213s] Level 1:colcon.colcon_core.shell:create_environment_hook('cpp03_tf_broadcaster', 'cmake_prefix_path')
[8.213s] INFO:colcon.colcon_core.shell:Creating environment hook '/home/tungchiahui/source/ROS2_WS/4.ws02_tools/install/cpp03_tf_broadcaster/share/cpp03_tf_broadcaster/hook/cmake_prefix_path.ps1'
[8.214s] INFO:colcon.colcon_core.shell:Creating environment descriptor '/home/tungchiahui/source/ROS2_WS/4.ws02_tools/install/cpp03_tf_broadcaster/share/cpp03_tf_broadcaster/hook/cmake_prefix_path.dsv'
[8.214s] INFO:colcon.colcon_core.shell:Creating environment hook '/home/tungchiahui/source/ROS2_WS/4.ws02_tools/install/cpp03_tf_broadcaster/share/cpp03_tf_broadcaster/hook/cmake_prefix_path.sh'
[8.215s] Level 1:colcon.colcon_core.environment:checking '/home/tungchiahui/source/ROS2_WS/4.ws02_tools/install/cpp03_tf_broadcaster/lib'
[8.215s] Level 1:colcon.colcon_core.environment:checking '/home/tungchiahui/source/ROS2_WS/4.ws02_tools/install/cpp03_tf_broadcaster/bin'
[8.215s] Level 1:colcon.colcon_core.environment:checking '/home/tungchiahui/source/ROS2_WS/4.ws02_tools/install/cpp03_tf_broadcaster/lib/pkgconfig/cpp03_tf_broadcaster.pc'
[8.216s] Level 1:colcon.colcon_core.environment:checking '/home/tungchiahui/source/ROS2_WS/4.ws02_tools/install/cpp03_tf_broadcaster/lib/python3.12/site-packages'
[8.216s] Level 1:colcon.colcon_core.environment:checking '/home/tungchiahui/source/ROS2_WS/4.ws02_tools/install/cpp03_tf_broadcaster/bin'
[8.216s] INFO:colcon.colcon_core.shell:Creating package script '/home/tungchiahui/source/ROS2_WS/4.ws02_tools/install/cpp03_tf_broadcaster/share/cpp03_tf_broadcaster/package.ps1'
[8.217s] INFO:colcon.colcon_core.shell:Creating package descriptor '/home/tungchiahui/source/ROS2_WS/4.ws02_tools/install/cpp03_tf_broadcaster/share/cpp03_tf_broadcaster/package.dsv'
[8.218s] INFO:colcon.colcon_core.shell:Creating package script '/home/tungchiahui/source/ROS2_WS/4.ws02_tools/install/cpp03_tf_broadcaster/share/cpp03_tf_broadcaster/package.sh'
[8.218s] INFO:colcon.colcon_core.shell:Creating package script '/home/tungchiahui/source/ROS2_WS/4.ws02_tools/install/cpp03_tf_broadcaster/share/cpp03_tf_broadcaster/package.bash'
[8.219s] INFO:colcon.colcon_core.shell:Creating package script '/home/tungchiahui/source/ROS2_WS/4.ws02_tools/install/cpp03_tf_broadcaster/share/cpp03_tf_broadcaster/package.zsh'
[8.220s] Level 1:colcon.colcon_core.environment:create_file_with_runtime_dependencies(/home/tungchiahui/source/ROS2_WS/4.ws02_tools/install/cpp03_tf_broadcaster/share/colcon-core/packages/cpp03_tf_broadcaster)
[8.220s] Level 1:colcon.colcon_core.environment:create_environment_scripts_only(cpp03_tf_broadcaster)
[8.220s] Level 1:colcon.colcon_core.environment:checking '/home/tungchiahui/source/ROS2_WS/4.ws02_tools/install/cpp03_tf_broadcaster' for CMake module files
[8.221s] Level 1:colcon.colcon_core.environment:checking '/home/tungchiahui/source/ROS2_WS/4.ws02_tools/install/cpp03_tf_broadcaster' for CMake config files
[8.221s] Level 1:colcon.colcon_core.shell:create_environment_hook('cpp03_tf_broadcaster', 'cmake_prefix_path')
[8.221s] INFO:colcon.colcon_core.shell:Creating environment hook '/home/tungchiahui/source/ROS2_WS/4.ws02_tools/install/cpp03_tf_broadcaster/share/cpp03_tf_broadcaster/hook/cmake_prefix_path.ps1'
[8.221s] INFO:colcon.colcon_core.shell:Creating environment descriptor '/home/tungchiahui/source/ROS2_WS/4.ws02_tools/install/cpp03_tf_broadcaster/share/cpp03_tf_broadcaster/hook/cmake_prefix_path.dsv'
[8.221s] INFO:colcon.colcon_core.shell:Creating environment hook '/home/tungchiahui/source/ROS2_WS/4.ws02_tools/install/cpp03_tf_broadcaster/share/cpp03_tf_broadcaster/hook/cmake_prefix_path.sh'
[8.222s] Level 1:colcon.colcon_core.environment:checking '/home/tungchiahui/source/ROS2_WS/4.ws02_tools/install/cpp03_tf_broadcaster/lib'
[8.222s] Level 1:colcon.colcon_core.environment:checking '/home/tungchiahui/source/ROS2_WS/4.ws02_tools/install/cpp03_tf_broadcaster/bin'
[8.222s] Level 1:colcon.colcon_core.environment:checking '/home/tungchiahui/source/ROS2_WS/4.ws02_tools/install/cpp03_tf_broadcaster/lib/pkgconfig/cpp03_tf_broadcaster.pc'
[8.222s] Level 1:colcon.colcon_core.environment:checking '/home/tungchiahui/source/ROS2_WS/4.ws02_tools/install/cpp03_tf_broadcaster/lib/python3.12/site-packages'
[8.223s] Level 1:colcon.colcon_core.environment:checking '/home/tungchiahui/source/ROS2_WS/4.ws02_tools/install/cpp03_tf_broadcaster/bin'
[8.223s] INFO:colcon.colcon_core.shell:Creating package script '/home/tungchiahui/source/ROS2_WS/4.ws02_tools/install/cpp03_tf_broadcaster/share/cpp03_tf_broadcaster/package.ps1'
[8.223s] INFO:colcon.colcon_core.shell:Creating package descriptor '/home/tungchiahui/source/ROS2_WS/4.ws02_tools/install/cpp03_tf_broadcaster/share/cpp03_tf_broadcaster/package.dsv'
[8.224s] INFO:colcon.colcon_core.shell:Creating package script '/home/tungchiahui/source/ROS2_WS/4.ws02_tools/install/cpp03_tf_broadcaster/share/cpp03_tf_broadcaster/package.sh'
[8.224s] INFO:colcon.colcon_core.shell:Creating package script '/home/tungchiahui/source/ROS2_WS/4.ws02_tools/install/cpp03_tf_broadcaster/share/cpp03_tf_broadcaster/package.bash'
[8.224s] INFO:colcon.colcon_core.shell:Creating package script '/home/tungchiahui/source/ROS2_WS/4.ws02_tools/install/cpp03_tf_broadcaster/share/cpp03_tf_broadcaster/package.zsh'
[8.225s] Level 1:colcon.colcon_core.environment:create_file_with_runtime_dependencies(/home/tungchiahui/source/ROS2_WS/4.ws02_tools/install/cpp03_tf_broadcaster/share/colcon-core/packages/cpp03_tf_broadcaster)
[8.225s] DEBUG:colcon.colcon_parallel_executor.executor.parallel:closing loop
[8.225s] DEBUG:colcon.colcon_parallel_executor.executor.parallel:loop closed
[8.225s] DEBUG:colcon.colcon_parallel_executor.executor.parallel:run_until_complete finished with '0'
[8.226s] DEBUG:colcon.colcon_core.event_reactor:joining thread
[8.244s] INFO:colcon.colcon_core.plugin_system:Skipping extension 'colcon_notification.desktop_notification.notify_send': Could not find 'notify-send'
[8.244s] INFO:colcon.colcon_core.plugin_system:Skipping extension 'colcon_notification.desktop_notification.terminal_notifier': Not used on non-Darwin systems
[8.244s] INFO:colcon.colcon_core.plugin_system:Skipping extension 'colcon_notification.desktop_notification.win32': Not used on non-Windows systems
[8.244s] INFO:colcon.colcon_notification.desktop_notification:Sending desktop notification using 'notify2'
[8.247s] DEBUG:colcon.colcon_notification.desktop_notification.notify2:Failed to initialize notify2: org.freedesktop.DBus.Error.ServiceUnknown: The name org.freedesktop.Notifications was not provided by any .service files
[8.247s] DEBUG:colcon.colcon_core.event_reactor:joined thread
[8.247s] INFO:colcon.colcon_core.shell:Creating prefix script '/home/tungchiahui/source/ROS2_WS/4.ws02_tools/install/local_setup.ps1'
[8.249s] INFO:colcon.colcon_core.shell:Creating prefix util module '/home/tungchiahui/source/ROS2_WS/4.ws02_tools/install/_local_setup_util_ps1.py'
[8.250s] INFO:colcon.colcon_core.shell:Creating prefix chain script '/home/tungchiahui/source/ROS2_WS/4.ws02_tools/install/setup.ps1'
[8.251s] INFO:colcon.colcon_core.shell:Creating prefix script '/home/tungchiahui/source/ROS2_WS/4.ws02_tools/install/local_setup.sh'
[8.252s] INFO:colcon.colcon_core.shell:Creating prefix util module '/home/tungchiahui/source/ROS2_WS/4.ws02_tools/install/_local_setup_util_sh.py'
[8.253s] INFO:colcon.colcon_core.shell:Creating prefix chain script '/home/tungchiahui/source/ROS2_WS/4.ws02_tools/install/setup.sh'
[8.253s] INFO:colcon.colcon_core.shell:Creating prefix script '/home/tungchiahui/source/ROS2_WS/4.ws02_tools/install/local_setup.bash'
[8.254s] INFO:colcon.colcon_core.shell:Creating prefix chain script '/home/tungchiahui/source/ROS2_WS/4.ws02_tools/install/setup.bash'
[8.255s] INFO:colcon.colcon_core.shell:Creating prefix script '/home/tungchiahui/source/ROS2_WS/4.ws02_tools/install/local_setup.zsh'
[8.256s] INFO:colcon.colcon_core.shell:Creating prefix chain script '/home/tungchiahui/source/ROS2_WS/4.ws02_tools/install/setup.zsh'
