[0.540s] DEBUG:colcon:Command line arguments: ['/usr/bin/colcon', 'build']
[0.540s] DEBUG:colcon:Parsed command line arguments: Namespace(log_base=None, log_level=None, verb_name='build', build_base='build', install_base='install', merge_install=False, symlink_install=False, test_result_base=None, continue_on_error=False, executor='parallel', parallel_workers=16, event_handlers=None, ignore_user_meta=False, metas=['./colcon.meta'], base_paths=['.'], packages_ignore=None, packages_ignore_regex=None, paths=None, packages_up_to=None, packages_up_to_regex=None, packages_above=None, packages_above_and_dependencies=None, packages_above_depth=None, packages_select_by_dep=None, packages_skip_by_dep=None, packages_skip_up_to=None, packages_select_build_failed=False, packages_skip_build_finished=False, packages_select_test_failures=False, packages_skip_test_passed=False, packages_select=None, packages_skip=None, packages_select_regex=None, packages_skip_regex=None, packages_start=None, packages_end=None, allow_overriding=[], cmake_args=None, cmake_target=None, cmake_target_skip_unavailable=False, cmake_clean_cache=False, cmake_clean_first=False, cmake_force_configure=False, ament_cmake_args=None, catkin_cmake_args=None, catkin_skip_building_tests=False, verb_parser=<colcon_defaults.argument_parser.defaults.DefaultArgumentsDecorator object at 0x7f571335ce50>, verb_extension=<colcon_core.verb.build.BuildVerb object at 0x7f571335f7f0>, main=<bound method BuildVerb.main of <colcon_core.verb.build.BuildVerb object at 0x7f571335f7f0>>)
[0.568s] Level 1:colcon.colcon_core.package_discovery:discover_packages(colcon_meta) check parameters
[0.568s] Level 1:colcon.colcon_core.package_discovery:discover_packages(recursive) check parameters
[0.568s] Level 1:colcon.colcon_core.package_discovery:discover_packages(ignore) check parameters
[0.568s] Level 1:colcon.colcon_core.package_discovery:discover_packages(path) check parameters
[0.568s] Level 1:colcon.colcon_core.package_discovery:discover_packages(colcon_meta) discover
[0.568s] Level 1:colcon.colcon_core.package_discovery:discover_packages(recursive) discover
[0.568s] INFO:colcon.colcon_core.package_discovery:Crawling recursively for packages in '/home/tungchiahui/user/mysource/ros2src/5.opencv_demo_ws'
[0.568s] Level 1:colcon.colcon_core.package_identification:_identify(.) by extensions ['ignore', 'ignore_ament_install']
[0.568s] Level 1:colcon.colcon_core.package_identification:_identify(.) by extension 'ignore'
[0.568s] Level 1:colcon.colcon_core.package_identification:_identify(.) by extension 'ignore_ament_install'
[0.568s] Level 1:colcon.colcon_core.package_identification:_identify(.) by extensions ['colcon_pkg']
[0.568s] Level 1:colcon.colcon_core.package_identification:_identify(.) by extension 'colcon_pkg'
[0.568s] Level 1:colcon.colcon_core.package_identification:_identify(.) by extensions ['colcon_meta']
[0.568s] Level 1:colcon.colcon_core.package_identification:_identify(.) by extension 'colcon_meta'
[0.568s] Level 1:colcon.colcon_core.package_identification:_identify(.) by extensions ['ros']
[0.568s] Level 1:colcon.colcon_core.package_identification:_identify(.) by extension 'ros'
[0.575s] Level 1:colcon.colcon_core.package_identification:_identify(.) by extensions ['cmake', 'python']
[0.575s] Level 1:colcon.colcon_core.package_identification:_identify(.) by extension 'cmake'
[0.575s] Level 1:colcon.colcon_core.package_identification:_identify(.) by extension 'python'
[0.575s] Level 1:colcon.colcon_core.package_identification:_identify(.) by extensions ['python_setup_py']
[0.575s] Level 1:colcon.colcon_core.package_identification:_identify(.) by extension 'python_setup_py'
[0.575s] Level 1:colcon.colcon_core.package_identification:_identify(build) by extensions ['ignore', 'ignore_ament_install']
[0.575s] Level 1:colcon.colcon_core.package_identification:_identify(build) by extension 'ignore'
[0.575s] Level 1:colcon.colcon_core.package_identification:_identify(build) ignored
[0.576s] Level 1:colcon.colcon_core.package_identification:_identify(install) by extensions ['ignore', 'ignore_ament_install']
[0.576s] Level 1:colcon.colcon_core.package_identification:_identify(install) by extension 'ignore'
[0.576s] Level 1:colcon.colcon_core.package_identification:_identify(install) ignored
[0.576s] Level 1:colcon.colcon_core.package_identification:_identify(log) by extensions ['ignore', 'ignore_ament_install']
[0.576s] Level 1:colcon.colcon_core.package_identification:_identify(log) by extension 'ignore'
[0.576s] Level 1:colcon.colcon_core.package_identification:_identify(log) ignored
[0.576s] Level 1:colcon.colcon_core.package_identification:_identify(media) by extensions ['ignore', 'ignore_ament_install']
[0.576s] Level 1:colcon.colcon_core.package_identification:_identify(media) by extension 'ignore'
[0.576s] Level 1:colcon.colcon_core.package_identification:_identify(media) by extension 'ignore_ament_install'
[0.576s] Level 1:colcon.colcon_core.package_identification:_identify(media) by extensions ['colcon_pkg']
[0.576s] Level 1:colcon.colcon_core.package_identification:_identify(media) by extension 'colcon_pkg'
[0.576s] Level 1:colcon.colcon_core.package_identification:_identify(media) by extensions ['colcon_meta']
[0.576s] Level 1:colcon.colcon_core.package_identification:_identify(media) by extension 'colcon_meta'
[0.576s] Level 1:colcon.colcon_core.package_identification:_identify(media) by extensions ['ros']
[0.576s] Level 1:colcon.colcon_core.package_identification:_identify(media) by extension 'ros'
[0.576s] Level 1:colcon.colcon_core.package_identification:_identify(media) by extensions ['cmake', 'python']
[0.576s] Level 1:colcon.colcon_core.package_identification:_identify(media) by extension 'cmake'
[0.576s] Level 1:colcon.colcon_core.package_identification:_identify(media) by extension 'python'
[0.576s] Level 1:colcon.colcon_core.package_identification:_identify(media) by extensions ['python_setup_py']
[0.576s] Level 1:colcon.colcon_core.package_identification:_identify(media) by extension 'python_setup_py'
[0.576s] Level 1:colcon.colcon_core.package_identification:_identify(src) by extensions ['ignore', 'ignore_ament_install']
[0.576s] Level 1:colcon.colcon_core.package_identification:_identify(src) by extension 'ignore'
[0.576s] Level 1:colcon.colcon_core.package_identification:_identify(src) by extension 'ignore_ament_install'
[0.576s] Level 1:colcon.colcon_core.package_identification:_identify(src) by extensions ['colcon_pkg']
[0.576s] Level 1:colcon.colcon_core.package_identification:_identify(src) by extension 'colcon_pkg'
[0.576s] Level 1:colcon.colcon_core.package_identification:_identify(src) by extensions ['colcon_meta']
[0.576s] Level 1:colcon.colcon_core.package_identification:_identify(src) by extension 'colcon_meta'
[0.576s] Level 1:colcon.colcon_core.package_identification:_identify(src) by extensions ['ros']
[0.576s] Level 1:colcon.colcon_core.package_identification:_identify(src) by extension 'ros'
[0.576s] Level 1:colcon.colcon_core.package_identification:_identify(src) by extensions ['cmake', 'python']
[0.576s] Level 1:colcon.colcon_core.package_identification:_identify(src) by extension 'cmake'
[0.576s] Level 1:colcon.colcon_core.package_identification:_identify(src) by extension 'python'
[0.577s] Level 1:colcon.colcon_core.package_identification:_identify(src) by extensions ['python_setup_py']
[0.577s] Level 1:colcon.colcon_core.package_identification:_identify(src) by extension 'python_setup_py'
[0.577s] Level 1:colcon.colcon_core.package_identification:_identify(src/opencv_demo1_0_show_image) by extensions ['ignore', 'ignore_ament_install']
[0.577s] Level 1:colcon.colcon_core.package_identification:_identify(src/opencv_demo1_0_show_image) by extension 'ignore'
[0.577s] Level 1:colcon.colcon_core.package_identification:_identify(src/opencv_demo1_0_show_image) by extension 'ignore_ament_install'
[0.577s] Level 1:colcon.colcon_core.package_identification:_identify(src/opencv_demo1_0_show_image) by extensions ['colcon_pkg']
[0.577s] Level 1:colcon.colcon_core.package_identification:_identify(src/opencv_demo1_0_show_image) by extension 'colcon_pkg'
[0.577s] Level 1:colcon.colcon_core.package_identification:_identify(src/opencv_demo1_0_show_image) by extensions ['colcon_meta']
[0.577s] Level 1:colcon.colcon_core.package_identification:_identify(src/opencv_demo1_0_show_image) by extension 'colcon_meta'
[0.577s] Level 1:colcon.colcon_core.package_identification:_identify(src/opencv_demo1_0_show_image) by extensions ['ros']
[0.577s] Level 1:colcon.colcon_core.package_identification:_identify(src/opencv_demo1_0_show_image) by extension 'ros'
[0.578s] DEBUG:colcon.colcon_core.package_identification:Package 'src/opencv_demo1_0_show_image' with type 'ros.ament_cmake' and name 'opencv_demo1_0_show_image'
[0.579s] Level 1:colcon.colcon_core.package_identification:_identify(src/opencv_demo2_0_video_capture) by extensions ['ignore', 'ignore_ament_install']
[0.579s] Level 1:colcon.colcon_core.package_identification:_identify(src/opencv_demo2_0_video_capture) by extension 'ignore'
[0.579s] Level 1:colcon.colcon_core.package_identification:_identify(src/opencv_demo2_0_video_capture) by extension 'ignore_ament_install'
[0.579s] Level 1:colcon.colcon_core.package_identification:_identify(src/opencv_demo2_0_video_capture) by extensions ['colcon_pkg']
[0.579s] Level 1:colcon.colcon_core.package_identification:_identify(src/opencv_demo2_0_video_capture) by extension 'colcon_pkg'
[0.579s] Level 1:colcon.colcon_core.package_identification:_identify(src/opencv_demo2_0_video_capture) by extensions ['colcon_meta']
[0.579s] Level 1:colcon.colcon_core.package_identification:_identify(src/opencv_demo2_0_video_capture) by extension 'colcon_meta'
[0.579s] Level 1:colcon.colcon_core.package_identification:_identify(src/opencv_demo2_0_video_capture) by extensions ['ros']
[0.579s] Level 1:colcon.colcon_core.package_identification:_identify(src/opencv_demo2_0_video_capture) by extension 'ros'
[0.579s] DEBUG:colcon.colcon_core.package_identification:Package 'src/opencv_demo2_0_video_capture' with type 'ros.ament_cmake' and name 'opencv_demo2_0_video_capture'
[0.579s] Level 1:colcon.colcon_core.package_identification:_identify(src/opencv_demo3_0_save_media_file) by extensions ['ignore', 'ignore_ament_install']
[0.579s] Level 1:colcon.colcon_core.package_identification:_identify(src/opencv_demo3_0_save_media_file) by extension 'ignore'
[0.579s] Level 1:colcon.colcon_core.package_identification:_identify(src/opencv_demo3_0_save_media_file) by extension 'ignore_ament_install'
[0.579s] Level 1:colcon.colcon_core.package_identification:_identify(src/opencv_demo3_0_save_media_file) by extensions ['colcon_pkg']
[0.579s] Level 1:colcon.colcon_core.package_identification:_identify(src/opencv_demo3_0_save_media_file) by extension 'colcon_pkg'
[0.579s] Level 1:colcon.colcon_core.package_identification:_identify(src/opencv_demo3_0_save_media_file) by extensions ['colcon_meta']
[0.579s] Level 1:colcon.colcon_core.package_identification:_identify(src/opencv_demo3_0_save_media_file) by extension 'colcon_meta'
[0.579s] Level 1:colcon.colcon_core.package_identification:_identify(src/opencv_demo3_0_save_media_file) by extensions ['ros']
[0.579s] Level 1:colcon.colcon_core.package_identification:_identify(src/opencv_demo3_0_save_media_file) by extension 'ros'
[0.580s] DEBUG:colcon.colcon_core.package_identification:Package 'src/opencv_demo3_0_save_media_file' with type 'ros.ament_cmake' and name 'opencv_demo3_0_save_media_file'
[0.580s] Level 1:colcon.colcon_core.package_identification:_identify(src/opencv_demo3_1_color_space) by extensions ['ignore', 'ignore_ament_install']
[0.580s] Level 1:colcon.colcon_core.package_identification:_identify(src/opencv_demo3_1_color_space) by extension 'ignore'
[0.580s] Level 1:colcon.colcon_core.package_identification:_identify(src/opencv_demo3_1_color_space) by extension 'ignore_ament_install'
[0.580s] Level 1:colcon.colcon_core.package_identification:_identify(src/opencv_demo3_1_color_space) by extensions ['colcon_pkg']
[0.580s] Level 1:colcon.colcon_core.package_identification:_identify(src/opencv_demo3_1_color_space) by extension 'colcon_pkg'
[0.580s] Level 1:colcon.colcon_core.package_identification:_identify(src/opencv_demo3_1_color_space) by extensions ['colcon_meta']
[0.580s] Level 1:colcon.colcon_core.package_identification:_identify(src/opencv_demo3_1_color_space) by extension 'colcon_meta'
[0.580s] Level 1:colcon.colcon_core.package_identification:_identify(src/opencv_demo3_1_color_space) by extensions ['ros']
[0.580s] Level 1:colcon.colcon_core.package_identification:_identify(src/opencv_demo3_1_color_space) by extension 'ros'
[0.581s] DEBUG:colcon.colcon_core.package_identification:Package 'src/opencv_demo3_1_color_space' with type 'ros.ament_cmake' and name 'opencv_demo3_1_color_space'
[0.581s] Level 1:colcon.colcon_core.package_discovery:discover_packages(recursive) using defaults
[0.581s] Level 1:colcon.colcon_core.package_discovery:discover_packages(ignore) discover
[0.581s] Level 1:colcon.colcon_core.package_discovery:discover_packages(ignore) using defaults
[0.581s] Level 1:colcon.colcon_core.package_discovery:discover_packages(path) discover
[0.581s] Level 1:colcon.colcon_core.package_discovery:discover_packages(path) using defaults
[0.630s] Level 1:colcon.colcon_core.package_discovery:discover_packages(prefix_path) check parameters
[0.631s] Level 1:colcon.colcon_core.package_discovery:discover_packages(prefix_path) discover
[0.647s] DEBUG:colcon.colcon_installed_package_information.package_discovery:Found 270 installed packages in /opt/ros/humble
[0.647s] Level 1:colcon.colcon_core.package_discovery:discover_packages(prefix_path) using defaults
[0.703s] Level 5:colcon.colcon_core.verb:set package 'opencv_demo1_0_show_image' build argument 'cmake_args' from command line to 'None'
[0.703s] Level 5:colcon.colcon_core.verb:set package 'opencv_demo1_0_show_image' build argument 'cmake_target' from command line to 'None'
[0.703s] Level 5:colcon.colcon_core.verb:set package 'opencv_demo1_0_show_image' build argument 'cmake_target_skip_unavailable' from command line to 'False'
[0.703s] Level 5:colcon.colcon_core.verb:set package 'opencv_demo1_0_show_image' build argument 'cmake_clean_cache' from command line to 'False'
[0.703s] Level 5:colcon.colcon_core.verb:set package 'opencv_demo1_0_show_image' build argument 'cmake_clean_first' from command line to 'False'
[0.703s] Level 5:colcon.colcon_core.verb:set package 'opencv_demo1_0_show_image' build argument 'cmake_force_configure' from command line to 'False'
[0.703s] Level 5:colcon.colcon_core.verb:set package 'opencv_demo1_0_show_image' build argument 'ament_cmake_args' from command line to 'None'
[0.703s] Level 5:colcon.colcon_core.verb:set package 'opencv_demo1_0_show_image' build argument 'catkin_cmake_args' from command line to 'None'
[0.703s] Level 5:colcon.colcon_core.verb:set package 'opencv_demo1_0_show_image' build argument 'catkin_skip_building_tests' from command line to 'False'
[0.703s] DEBUG:colcon.colcon_core.verb:Building package 'opencv_demo1_0_show_image' with the following arguments: {'ament_cmake_args': None, 'build_base': '/home/tungchiahui/user/mysource/ros2src/5.opencv_demo_ws/build/opencv_demo1_0_show_image', 'catkin_cmake_args': None, 'catkin_skip_building_tests': False, 'cmake_args': None, 'cmake_clean_cache': False, 'cmake_clean_first': False, 'cmake_force_configure': False, 'cmake_target': None, 'cmake_target_skip_unavailable': False, 'install_base': '/home/tungchiahui/user/mysource/ros2src/5.opencv_demo_ws/install/opencv_demo1_0_show_image', 'merge_install': False, 'path': '/home/tungchiahui/user/mysource/ros2src/5.opencv_demo_ws/src/opencv_demo1_0_show_image', 'symlink_install': False, 'test_result_base': None}
[0.711s] Level 5:colcon.colcon_core.verb:set package 'opencv_demo2_0_video_capture' build argument 'cmake_args' from command line to 'None'
[0.711s] Level 5:colcon.colcon_core.verb:set package 'opencv_demo2_0_video_capture' build argument 'cmake_target' from command line to 'None'
[0.711s] Level 5:colcon.colcon_core.verb:set package 'opencv_demo2_0_video_capture' build argument 'cmake_target_skip_unavailable' from command line to 'False'
[0.711s] Level 5:colcon.colcon_core.verb:set package 'opencv_demo2_0_video_capture' build argument 'cmake_clean_cache' from command line to 'False'
[0.711s] Level 5:colcon.colcon_core.verb:set package 'opencv_demo2_0_video_capture' build argument 'cmake_clean_first' from command line to 'False'
[0.711s] Level 5:colcon.colcon_core.verb:set package 'opencv_demo2_0_video_capture' build argument 'cmake_force_configure' from command line to 'False'
[0.711s] Level 5:colcon.colcon_core.verb:set package 'opencv_demo2_0_video_capture' build argument 'ament_cmake_args' from command line to 'None'
[0.711s] Level 5:colcon.colcon_core.verb:set package 'opencv_demo2_0_video_capture' build argument 'catkin_cmake_args' from command line to 'None'
[0.711s] Level 5:colcon.colcon_core.verb:set package 'opencv_demo2_0_video_capture' build argument 'catkin_skip_building_tests' from command line to 'False'
[0.711s] DEBUG:colcon.colcon_core.verb:Building package 'opencv_demo2_0_video_capture' with the following arguments: {'ament_cmake_args': None, 'build_base': '/home/tungchiahui/user/mysource/ros2src/5.opencv_demo_ws/build/opencv_demo2_0_video_capture', 'catkin_cmake_args': None, 'catkin_skip_building_tests': False, 'cmake_args': None, 'cmake_clean_cache': False, 'cmake_clean_first': False, 'cmake_force_configure': False, 'cmake_target': None, 'cmake_target_skip_unavailable': False, 'install_base': '/home/tungchiahui/user/mysource/ros2src/5.opencv_demo_ws/install/opencv_demo2_0_video_capture', 'merge_install': False, 'path': '/home/tungchiahui/user/mysource/ros2src/5.opencv_demo_ws/src/opencv_demo2_0_video_capture', 'symlink_install': False, 'test_result_base': None}
[0.718s] Level 5:colcon.colcon_core.verb:set package 'opencv_demo3_0_save_media_file' build argument 'cmake_args' from command line to 'None'
[0.718s] Level 5:colcon.colcon_core.verb:set package 'opencv_demo3_0_save_media_file' build argument 'cmake_target' from command line to 'None'
[0.718s] Level 5:colcon.colcon_core.verb:set package 'opencv_demo3_0_save_media_file' build argument 'cmake_target_skip_unavailable' from command line to 'False'
[0.718s] Level 5:colcon.colcon_core.verb:set package 'opencv_demo3_0_save_media_file' build argument 'cmake_clean_cache' from command line to 'False'
[0.718s] Level 5:colcon.colcon_core.verb:set package 'opencv_demo3_0_save_media_file' build argument 'cmake_clean_first' from command line to 'False'
[0.718s] Level 5:colcon.colcon_core.verb:set package 'opencv_demo3_0_save_media_file' build argument 'cmake_force_configure' from command line to 'False'
[0.718s] Level 5:colcon.colcon_core.verb:set package 'opencv_demo3_0_save_media_file' build argument 'ament_cmake_args' from command line to 'None'
[0.718s] Level 5:colcon.colcon_core.verb:set package 'opencv_demo3_0_save_media_file' build argument 'catkin_cmake_args' from command line to 'None'
[0.718s] Level 5:colcon.colcon_core.verb:set package 'opencv_demo3_0_save_media_file' build argument 'catkin_skip_building_tests' from command line to 'False'
[0.718s] DEBUG:colcon.colcon_core.verb:Building package 'opencv_demo3_0_save_media_file' with the following arguments: {'ament_cmake_args': None, 'build_base': '/home/tungchiahui/user/mysource/ros2src/5.opencv_demo_ws/build/opencv_demo3_0_save_media_file', 'catkin_cmake_args': None, 'catkin_skip_building_tests': False, 'cmake_args': None, 'cmake_clean_cache': False, 'cmake_clean_first': False, 'cmake_force_configure': False, 'cmake_target': None, 'cmake_target_skip_unavailable': False, 'install_base': '/home/tungchiahui/user/mysource/ros2src/5.opencv_demo_ws/install/opencv_demo3_0_save_media_file', 'merge_install': False, 'path': '/home/tungchiahui/user/mysource/ros2src/5.opencv_demo_ws/src/opencv_demo3_0_save_media_file', 'symlink_install': False, 'test_result_base': None}
[0.726s] Level 5:colcon.colcon_core.verb:set package 'opencv_demo3_1_color_space' build argument 'cmake_args' from command line to 'None'
[0.726s] Level 5:colcon.colcon_core.verb:set package 'opencv_demo3_1_color_space' build argument 'cmake_target' from command line to 'None'
[0.726s] Level 5:colcon.colcon_core.verb:set package 'opencv_demo3_1_color_space' build argument 'cmake_target_skip_unavailable' from command line to 'False'
[0.726s] Level 5:colcon.colcon_core.verb:set package 'opencv_demo3_1_color_space' build argument 'cmake_clean_cache' from command line to 'False'
[0.726s] Level 5:colcon.colcon_core.verb:set package 'opencv_demo3_1_color_space' build argument 'cmake_clean_first' from command line to 'False'
[0.726s] Level 5:colcon.colcon_core.verb:set package 'opencv_demo3_1_color_space' build argument 'cmake_force_configure' from command line to 'False'
[0.726s] Level 5:colcon.colcon_core.verb:set package 'opencv_demo3_1_color_space' build argument 'ament_cmake_args' from command line to 'None'
[0.726s] Level 5:colcon.colcon_core.verb:set package 'opencv_demo3_1_color_space' build argument 'catkin_cmake_args' from command line to 'None'
[0.726s] Level 5:colcon.colcon_core.verb:set package 'opencv_demo3_1_color_space' build argument 'catkin_skip_building_tests' from command line to 'False'
[0.726s] DEBUG:colcon.colcon_core.verb:Building package 'opencv_demo3_1_color_space' with the following arguments: {'ament_cmake_args': None, 'build_base': '/home/tungchiahui/user/mysource/ros2src/5.opencv_demo_ws/build/opencv_demo3_1_color_space', 'catkin_cmake_args': None, 'catkin_skip_building_tests': False, 'cmake_args': None, 'cmake_clean_cache': False, 'cmake_clean_first': False, 'cmake_force_configure': False, 'cmake_target': None, 'cmake_target_skip_unavailable': False, 'install_base': '/home/tungchiahui/user/mysource/ros2src/5.opencv_demo_ws/install/opencv_demo3_1_color_space', 'merge_install': False, 'path': '/home/tungchiahui/user/mysource/ros2src/5.opencv_demo_ws/src/opencv_demo3_1_color_space', 'symlink_install': False, 'test_result_base': None}
[0.734s] INFO:colcon.colcon_core.executor:Executing jobs using 'parallel' executor
[0.742s] DEBUG:colcon.colcon_parallel_executor.executor.parallel:run_until_complete
[0.742s] INFO:colcon.colcon_ros.task.ament_cmake.build:Building ROS package in '/home/tungchiahui/user/mysource/ros2src/5.opencv_demo_ws/src/opencv_demo1_0_show_image' with build type 'ament_cmake'
[0.742s] INFO:colcon.colcon_cmake.task.cmake.build:Building CMake package in '/home/tungchiahui/user/mysource/ros2src/5.opencv_demo_ws/src/opencv_demo1_0_show_image'
[0.751s] INFO:colcon.colcon_core.plugin_system:Skipping extension 'colcon_core.shell.bat': Not used on non-Windows systems
[0.751s] INFO:colcon.colcon_core.shell:Skip shell extension 'powershell' for command environment: Not usable outside of PowerShell
[0.751s] DEBUG:colcon.colcon_core.shell:Skip shell extension 'dsv' for command environment
[0.768s] INFO:colcon.colcon_ros.task.ament_cmake.build:Building ROS package in '/home/tungchiahui/user/mysource/ros2src/5.opencv_demo_ws/src/opencv_demo2_0_video_capture' with build type 'ament_cmake'
[0.768s] INFO:colcon.colcon_cmake.task.cmake.build:Building CMake package in '/home/tungchiahui/user/mysource/ros2src/5.opencv_demo_ws/src/opencv_demo2_0_video_capture'
[0.776s] INFO:colcon.colcon_core.shell:Skip shell extension 'powershell' for command environment: Not usable outside of PowerShell
[0.777s] DEBUG:colcon.colcon_core.shell:Skip shell extension 'dsv' for command environment
[0.795s] INFO:colcon.colcon_ros.task.ament_cmake.build:Building ROS package in '/home/tungchiahui/user/mysource/ros2src/5.opencv_demo_ws/src/opencv_demo3_0_save_media_file' with build type 'ament_cmake'
[0.795s] INFO:colcon.colcon_cmake.task.cmake.build:Building CMake package in '/home/tungchiahui/user/mysource/ros2src/5.opencv_demo_ws/src/opencv_demo3_0_save_media_file'
[0.804s] INFO:colcon.colcon_core.shell:Skip shell extension 'powershell' for command environment: Not usable outside of PowerShell
[0.804s] DEBUG:colcon.colcon_core.shell:Skip shell extension 'dsv' for command environment
[0.821s] INFO:colcon.colcon_ros.task.ament_cmake.build:Building ROS package in '/home/tungchiahui/user/mysource/ros2src/5.opencv_demo_ws/src/opencv_demo3_1_color_space' with build type 'ament_cmake'
[0.821s] INFO:colcon.colcon_cmake.task.cmake.build:Building CMake package in '/home/tungchiahui/user/mysource/ros2src/5.opencv_demo_ws/src/opencv_demo3_1_color_space'
[0.829s] INFO:colcon.colcon_core.shell:Skip shell extension 'powershell' for command environment: Not usable outside of PowerShell
[0.829s] DEBUG:colcon.colcon_core.shell:Skip shell extension 'dsv' for command environment
[0.851s] DEBUG:colcon.colcon_core.event_handler.log_command:Invoking command in '/home/tungchiahui/user/mysource/ros2src/5.opencv_demo_ws/build/opencv_demo1_0_show_image': CMAKE_PREFIX_PATH=/opt/ros/humble /usr/bin/cmake /home/tungchiahui/user/mysource/ros2src/5.opencv_demo_ws/src/opencv_demo1_0_show_image -DCMAKE_INSTALL_PREFIX=/home/tungchiahui/user/mysource/ros2src/5.opencv_demo_ws/install/opencv_demo1_0_show_image
[0.852s] DEBUG:colcon.colcon_core.event_handler.log_command:Invoking command in '/home/tungchiahui/user/mysource/ros2src/5.opencv_demo_ws/build/opencv_demo2_0_video_capture': CMAKE_PREFIX_PATH=/opt/ros/humble /usr/bin/cmake /home/tungchiahui/user/mysource/ros2src/5.opencv_demo_ws/src/opencv_demo2_0_video_capture -DCMAKE_INSTALL_PREFIX=/home/tungchiahui/user/mysource/ros2src/5.opencv_demo_ws/install/opencv_demo2_0_video_capture
[0.854s] DEBUG:colcon.colcon_core.event_handler.log_command:Invoking command in '/home/tungchiahui/user/mysource/ros2src/5.opencv_demo_ws/build/opencv_demo3_0_save_media_file': CMAKE_PREFIX_PATH=/opt/ros/humble /usr/bin/cmake /home/tungchiahui/user/mysource/ros2src/5.opencv_demo_ws/src/opencv_demo3_0_save_media_file -DCMAKE_INSTALL_PREFIX=/home/tungchiahui/user/mysource/ros2src/5.opencv_demo_ws/install/opencv_demo3_0_save_media_file
[0.855s] DEBUG:colcon.colcon_core.event_handler.log_command:Invoking command in '/home/tungchiahui/user/mysource/ros2src/5.opencv_demo_ws/build/opencv_demo3_1_color_space': CMAKE_PREFIX_PATH=/opt/ros/humble /usr/bin/cmake /home/tungchiahui/user/mysource/ros2src/5.opencv_demo_ws/src/opencv_demo3_1_color_space -DCMAKE_INSTALL_PREFIX=/home/tungchiahui/user/mysource/ros2src/5.opencv_demo_ws/install/opencv_demo3_1_color_space
[1.859s] DEBUG:colcon.colcon_core.event_handler.log_command:Invoked command in '/home/tungchiahui/user/mysource/ros2src/5.opencv_demo_ws/build/opencv_demo2_0_video_capture' returned '0': CMAKE_PREFIX_PATH=/opt/ros/humble /usr/bin/cmake /home/tungchiahui/user/mysource/ros2src/5.opencv_demo_ws/src/opencv_demo2_0_video_capture -DCMAKE_INSTALL_PREFIX=/home/tungchiahui/user/mysource/ros2src/5.opencv_demo_ws/install/opencv_demo2_0_video_capture
[1.861s] DEBUG:colcon.colcon_core.event_handler.log_command:Invoking command in '/home/tungchiahui/user/mysource/ros2src/5.opencv_demo_ws/build/opencv_demo2_0_video_capture': CMAKE_PREFIX_PATH=/opt/ros/humble /usr/bin/cmake --build /home/tungchiahui/user/mysource/ros2src/5.opencv_demo_ws/build/opencv_demo2_0_video_capture -- -j16 -l16
[1.884s] DEBUG:colcon.colcon_core.event_handler.log_command:Invoked command in '/home/tungchiahui/user/mysource/ros2src/5.opencv_demo_ws/build/opencv_demo1_0_show_image' returned '0': CMAKE_PREFIX_PATH=/opt/ros/humble /usr/bin/cmake /home/tungchiahui/user/mysource/ros2src/5.opencv_demo_ws/src/opencv_demo1_0_show_image -DCMAKE_INSTALL_PREFIX=/home/tungchiahui/user/mysource/ros2src/5.opencv_demo_ws/install/opencv_demo1_0_show_image
[1.886s] DEBUG:colcon.colcon_core.event_handler.log_command:Invoking command in '/home/tungchiahui/user/mysource/ros2src/5.opencv_demo_ws/build/opencv_demo1_0_show_image': CMAKE_PREFIX_PATH=/opt/ros/humble /usr/bin/cmake --build /home/tungchiahui/user/mysource/ros2src/5.opencv_demo_ws/build/opencv_demo1_0_show_image -- -j16 -l16
[1.887s] DEBUG:colcon.colcon_core.event_handler.log_command:Invoked command in '/home/tungchiahui/user/mysource/ros2src/5.opencv_demo_ws/build/opencv_demo3_0_save_media_file' returned '0': CMAKE_PREFIX_PATH=/opt/ros/humble /usr/bin/cmake /home/tungchiahui/user/mysource/ros2src/5.opencv_demo_ws/src/opencv_demo3_0_save_media_file -DCMAKE_INSTALL_PREFIX=/home/tungchiahui/user/mysource/ros2src/5.opencv_demo_ws/install/opencv_demo3_0_save_media_file
[1.888s] DEBUG:colcon.colcon_core.event_handler.log_command:Invoking command in '/home/tungchiahui/user/mysource/ros2src/5.opencv_demo_ws/build/opencv_demo3_0_save_media_file': CMAKE_PREFIX_PATH=/opt/ros/humble /usr/bin/cmake --build /home/tungchiahui/user/mysource/ros2src/5.opencv_demo_ws/build/opencv_demo3_0_save_media_file -- -j16 -l16
[1.889s] DEBUG:colcon.colcon_core.event_handler.log_command:Invoked command in '/home/tungchiahui/user/mysource/ros2src/5.opencv_demo_ws/build/opencv_demo3_1_color_space' returned '0': CMAKE_PREFIX_PATH=/opt/ros/humble /usr/bin/cmake /home/tungchiahui/user/mysource/ros2src/5.opencv_demo_ws/src/opencv_demo3_1_color_space -DCMAKE_INSTALL_PREFIX=/home/tungchiahui/user/mysource/ros2src/5.opencv_demo_ws/install/opencv_demo3_1_color_space
[1.890s] DEBUG:colcon.colcon_core.event_handler.log_command:Invoking command in '/home/tungchiahui/user/mysource/ros2src/5.opencv_demo_ws/build/opencv_demo3_1_color_space': CMAKE_PREFIX_PATH=/opt/ros/humble /usr/bin/cmake --build /home/tungchiahui/user/mysource/ros2src/5.opencv_demo_ws/build/opencv_demo3_1_color_space -- -j16 -l16
[5.562s] DEBUG:colcon.colcon_core.event_handler.log_command:Invoked command in '/home/tungchiahui/user/mysource/ros2src/5.opencv_demo_ws/build/opencv_demo2_0_video_capture' returned '0': CMAKE_PREFIX_PATH=/opt/ros/humble /usr/bin/cmake --build /home/tungchiahui/user/mysource/ros2src/5.opencv_demo_ws/build/opencv_demo2_0_video_capture -- -j16 -l16
[5.592s] DEBUG:colcon.colcon_core.event_handler.log_command:Invoking command in '/home/tungchiahui/user/mysource/ros2src/5.opencv_demo_ws/build/opencv_demo2_0_video_capture': CMAKE_PREFIX_PATH=/opt/ros/humble /usr/bin/cmake --install /home/tungchiahui/user/mysource/ros2src/5.opencv_demo_ws/build/opencv_demo2_0_video_capture
[5.602s] Level 1:colcon.colcon_core.environment:create_environment_scripts_only(opencv_demo2_0_video_capture)
[5.602s] DEBUG:colcon.colcon_core.event_handler.log_command:Invoked command in '/home/tungchiahui/user/mysource/ros2src/5.opencv_demo_ws/build/opencv_demo2_0_video_capture' returned '0': CMAKE_PREFIX_PATH=/opt/ros/humble /usr/bin/cmake --install /home/tungchiahui/user/mysource/ros2src/5.opencv_demo_ws/build/opencv_demo2_0_video_capture
[5.613s] Level 1:colcon.colcon_core.environment:checking '/home/tungchiahui/user/mysource/ros2src/5.opencv_demo_ws/install/opencv_demo2_0_video_capture' for CMake module files
[5.613s] Level 1:colcon.colcon_core.environment:checking '/home/tungchiahui/user/mysource/ros2src/5.opencv_demo_ws/install/opencv_demo2_0_video_capture' for CMake config files
[5.613s] Level 1:colcon.colcon_core.shell:create_environment_hook('opencv_demo2_0_video_capture', 'cmake_prefix_path')
[5.622s] INFO:colcon.colcon_core.shell:Creating environment hook '/home/tungchiahui/user/mysource/ros2src/5.opencv_demo_ws/install/opencv_demo2_0_video_capture/share/opencv_demo2_0_video_capture/hook/cmake_prefix_path.ps1'
[5.623s] INFO:colcon.colcon_core.shell:Creating environment descriptor '/home/tungchiahui/user/mysource/ros2src/5.opencv_demo_ws/install/opencv_demo2_0_video_capture/share/opencv_demo2_0_video_capture/hook/cmake_prefix_path.dsv'
[5.623s] INFO:colcon.colcon_core.shell:Creating environment hook '/home/tungchiahui/user/mysource/ros2src/5.opencv_demo_ws/install/opencv_demo2_0_video_capture/share/opencv_demo2_0_video_capture/hook/cmake_prefix_path.sh'
[5.624s] Level 1:colcon.colcon_core.environment:checking '/home/tungchiahui/user/mysource/ros2src/5.opencv_demo_ws/install/opencv_demo2_0_video_capture/lib'
[5.624s] Level 1:colcon.colcon_core.environment:checking '/home/tungchiahui/user/mysource/ros2src/5.opencv_demo_ws/install/opencv_demo2_0_video_capture/bin'
[5.624s] Level 1:colcon.colcon_core.environment:checking '/home/tungchiahui/user/mysource/ros2src/5.opencv_demo_ws/install/opencv_demo2_0_video_capture/lib/pkgconfig/opencv_demo2_0_video_capture.pc'
[5.624s] Level 1:colcon.colcon_core.environment:checking '/home/tungchiahui/user/mysource/ros2src/5.opencv_demo_ws/install/opencv_demo2_0_video_capture/lib/python3.10/site-packages'
[5.624s] Level 1:colcon.colcon_core.environment:checking '/home/tungchiahui/user/mysource/ros2src/5.opencv_demo_ws/install/opencv_demo2_0_video_capture/bin'
[5.633s] INFO:colcon.colcon_core.shell:Creating package script '/home/tungchiahui/user/mysource/ros2src/5.opencv_demo_ws/install/opencv_demo2_0_video_capture/share/opencv_demo2_0_video_capture/package.ps1'
[5.634s] INFO:colcon.colcon_core.shell:Creating package descriptor '/home/tungchiahui/user/mysource/ros2src/5.opencv_demo_ws/install/opencv_demo2_0_video_capture/share/opencv_demo2_0_video_capture/package.dsv'
[5.634s] INFO:colcon.colcon_core.shell:Creating package script '/home/tungchiahui/user/mysource/ros2src/5.opencv_demo_ws/install/opencv_demo2_0_video_capture/share/opencv_demo2_0_video_capture/package.sh'
[5.635s] INFO:colcon.colcon_core.shell:Creating package script '/home/tungchiahui/user/mysource/ros2src/5.opencv_demo_ws/install/opencv_demo2_0_video_capture/share/opencv_demo2_0_video_capture/package.bash'
[5.635s] INFO:colcon.colcon_core.shell:Creating package script '/home/tungchiahui/user/mysource/ros2src/5.opencv_demo_ws/install/opencv_demo2_0_video_capture/share/opencv_demo2_0_video_capture/package.zsh'
[5.635s] Level 1:colcon.colcon_core.environment:create_file_with_runtime_dependencies(/home/tungchiahui/user/mysource/ros2src/5.opencv_demo_ws/install/opencv_demo2_0_video_capture/share/colcon-core/packages/opencv_demo2_0_video_capture)
[5.668s] Level 1:colcon.colcon_core.environment:create_environment_scripts_only(opencv_demo2_0_video_capture)
[5.683s] Level 1:colcon.colcon_core.environment:checking '/home/tungchiahui/user/mysource/ros2src/5.opencv_demo_ws/install/opencv_demo2_0_video_capture' for CMake module files
[5.684s] Level 1:colcon.colcon_core.environment:checking '/home/tungchiahui/user/mysource/ros2src/5.opencv_demo_ws/install/opencv_demo2_0_video_capture' for CMake config files
[5.684s] Level 1:colcon.colcon_core.shell:create_environment_hook('opencv_demo2_0_video_capture', 'cmake_prefix_path')
[5.699s] INFO:colcon.colcon_core.shell:Creating environment hook '/home/tungchiahui/user/mysource/ros2src/5.opencv_demo_ws/install/opencv_demo2_0_video_capture/share/opencv_demo2_0_video_capture/hook/cmake_prefix_path.ps1'
[5.699s] INFO:colcon.colcon_core.shell:Creating environment descriptor '/home/tungchiahui/user/mysource/ros2src/5.opencv_demo_ws/install/opencv_demo2_0_video_capture/share/opencv_demo2_0_video_capture/hook/cmake_prefix_path.dsv'
[5.700s] INFO:colcon.colcon_core.shell:Creating environment hook '/home/tungchiahui/user/mysource/ros2src/5.opencv_demo_ws/install/opencv_demo2_0_video_capture/share/opencv_demo2_0_video_capture/hook/cmake_prefix_path.sh'
[5.700s] Level 1:colcon.colcon_core.environment:checking '/home/tungchiahui/user/mysource/ros2src/5.opencv_demo_ws/install/opencv_demo2_0_video_capture/lib'
[5.700s] Level 1:colcon.colcon_core.environment:checking '/home/tungchiahui/user/mysource/ros2src/5.opencv_demo_ws/install/opencv_demo2_0_video_capture/bin'
[5.700s] Level 1:colcon.colcon_core.environment:checking '/home/tungchiahui/user/mysource/ros2src/5.opencv_demo_ws/install/opencv_demo2_0_video_capture/lib/pkgconfig/opencv_demo2_0_video_capture.pc'
[5.700s] Level 1:colcon.colcon_core.environment:checking '/home/tungchiahui/user/mysource/ros2src/5.opencv_demo_ws/install/opencv_demo2_0_video_capture/lib/python3.10/site-packages'
[5.701s] Level 1:colcon.colcon_core.environment:checking '/home/tungchiahui/user/mysource/ros2src/5.opencv_demo_ws/install/opencv_demo2_0_video_capture/bin'
[5.715s] INFO:colcon.colcon_core.shell:Creating package script '/home/tungchiahui/user/mysource/ros2src/5.opencv_demo_ws/install/opencv_demo2_0_video_capture/share/opencv_demo2_0_video_capture/package.ps1'
[5.716s] INFO:colcon.colcon_core.shell:Creating package descriptor '/home/tungchiahui/user/mysource/ros2src/5.opencv_demo_ws/install/opencv_demo2_0_video_capture/share/opencv_demo2_0_video_capture/package.dsv'
[5.716s] INFO:colcon.colcon_core.shell:Creating package script '/home/tungchiahui/user/mysource/ros2src/5.opencv_demo_ws/install/opencv_demo2_0_video_capture/share/opencv_demo2_0_video_capture/package.sh'
[5.717s] INFO:colcon.colcon_core.shell:Creating package script '/home/tungchiahui/user/mysource/ros2src/5.opencv_demo_ws/install/opencv_demo2_0_video_capture/share/opencv_demo2_0_video_capture/package.bash'
[5.717s] INFO:colcon.colcon_core.shell:Creating package script '/home/tungchiahui/user/mysource/ros2src/5.opencv_demo_ws/install/opencv_demo2_0_video_capture/share/opencv_demo2_0_video_capture/package.zsh'
[5.717s] Level 1:colcon.colcon_core.environment:create_file_with_runtime_dependencies(/home/tungchiahui/user/mysource/ros2src/5.opencv_demo_ws/install/opencv_demo2_0_video_capture/share/colcon-core/packages/opencv_demo2_0_video_capture)
[6.420s] DEBUG:colcon.colcon_core.event_handler.log_command:Invoked command in '/home/tungchiahui/user/mysource/ros2src/5.opencv_demo_ws/build/opencv_demo1_0_show_image' returned '0': CMAKE_PREFIX_PATH=/opt/ros/humble /usr/bin/cmake --build /home/tungchiahui/user/mysource/ros2src/5.opencv_demo_ws/build/opencv_demo1_0_show_image -- -j16 -l16
[6.447s] DEBUG:colcon.colcon_core.event_handler.log_command:Invoking command in '/home/tungchiahui/user/mysource/ros2src/5.opencv_demo_ws/build/opencv_demo1_0_show_image': CMAKE_PREFIX_PATH=/opt/ros/humble /usr/bin/cmake --install /home/tungchiahui/user/mysource/ros2src/5.opencv_demo_ws/build/opencv_demo1_0_show_image
[6.460s] Level 1:colcon.colcon_core.environment:create_environment_scripts_only(opencv_demo1_0_show_image)
[6.461s] DEBUG:colcon.colcon_core.event_handler.log_command:Invoked command in '/home/tungchiahui/user/mysource/ros2src/5.opencv_demo_ws/build/opencv_demo1_0_show_image' returned '0': CMAKE_PREFIX_PATH=/opt/ros/humble /usr/bin/cmake --install /home/tungchiahui/user/mysource/ros2src/5.opencv_demo_ws/build/opencv_demo1_0_show_image
[6.472s] Level 1:colcon.colcon_core.environment:checking '/home/tungchiahui/user/mysource/ros2src/5.opencv_demo_ws/install/opencv_demo1_0_show_image' for CMake module files
[6.473s] Level 1:colcon.colcon_core.environment:checking '/home/tungchiahui/user/mysource/ros2src/5.opencv_demo_ws/install/opencv_demo1_0_show_image' for CMake config files
[6.473s] Level 1:colcon.colcon_core.shell:create_environment_hook('opencv_demo1_0_show_image', 'cmake_prefix_path')
[6.483s] INFO:colcon.colcon_core.shell:Creating environment hook '/home/tungchiahui/user/mysource/ros2src/5.opencv_demo_ws/install/opencv_demo1_0_show_image/share/opencv_demo1_0_show_image/hook/cmake_prefix_path.ps1'
[6.483s] INFO:colcon.colcon_core.shell:Creating environment descriptor '/home/tungchiahui/user/mysource/ros2src/5.opencv_demo_ws/install/opencv_demo1_0_show_image/share/opencv_demo1_0_show_image/hook/cmake_prefix_path.dsv'
[6.483s] INFO:colcon.colcon_core.shell:Creating environment hook '/home/tungchiahui/user/mysource/ros2src/5.opencv_demo_ws/install/opencv_demo1_0_show_image/share/opencv_demo1_0_show_image/hook/cmake_prefix_path.sh'
[6.484s] Level 1:colcon.colcon_core.environment:checking '/home/tungchiahui/user/mysource/ros2src/5.opencv_demo_ws/install/opencv_demo1_0_show_image/lib'
[6.484s] Level 1:colcon.colcon_core.environment:checking '/home/tungchiahui/user/mysource/ros2src/5.opencv_demo_ws/install/opencv_demo1_0_show_image/bin'
[6.484s] Level 1:colcon.colcon_core.environment:checking '/home/tungchiahui/user/mysource/ros2src/5.opencv_demo_ws/install/opencv_demo1_0_show_image/lib/pkgconfig/opencv_demo1_0_show_image.pc'
[6.484s] Level 1:colcon.colcon_core.environment:checking '/home/tungchiahui/user/mysource/ros2src/5.opencv_demo_ws/install/opencv_demo1_0_show_image/lib/python3.10/site-packages'
[6.484s] Level 1:colcon.colcon_core.environment:checking '/home/tungchiahui/user/mysource/ros2src/5.opencv_demo_ws/install/opencv_demo1_0_show_image/bin'
[6.494s] INFO:colcon.colcon_core.shell:Creating package script '/home/tungchiahui/user/mysource/ros2src/5.opencv_demo_ws/install/opencv_demo1_0_show_image/share/opencv_demo1_0_show_image/package.ps1'
[6.494s] INFO:colcon.colcon_core.shell:Creating package descriptor '/home/tungchiahui/user/mysource/ros2src/5.opencv_demo_ws/install/opencv_demo1_0_show_image/share/opencv_demo1_0_show_image/package.dsv'
[6.494s] INFO:colcon.colcon_core.shell:Creating package script '/home/tungchiahui/user/mysource/ros2src/5.opencv_demo_ws/install/opencv_demo1_0_show_image/share/opencv_demo1_0_show_image/package.sh'
[6.495s] INFO:colcon.colcon_core.shell:Creating package script '/home/tungchiahui/user/mysource/ros2src/5.opencv_demo_ws/install/opencv_demo1_0_show_image/share/opencv_demo1_0_show_image/package.bash'
[6.495s] INFO:colcon.colcon_core.shell:Creating package script '/home/tungchiahui/user/mysource/ros2src/5.opencv_demo_ws/install/opencv_demo1_0_show_image/share/opencv_demo1_0_show_image/package.zsh'
[6.495s] Level 1:colcon.colcon_core.environment:create_file_with_runtime_dependencies(/home/tungchiahui/user/mysource/ros2src/5.opencv_demo_ws/install/opencv_demo1_0_show_image/share/colcon-core/packages/opencv_demo1_0_show_image)
[6.516s] DEBUG:colcon.colcon_core.event_handler.log_command:Invoked command in '/home/tungchiahui/user/mysource/ros2src/5.opencv_demo_ws/build/opencv_demo3_1_color_space' returned '0': CMAKE_PREFIX_PATH=/opt/ros/humble /usr/bin/cmake --build /home/tungchiahui/user/mysource/ros2src/5.opencv_demo_ws/build/opencv_demo3_1_color_space -- -j16 -l16
[6.528s] Level 1:colcon.colcon_core.environment:create_environment_scripts_only(opencv_demo1_0_show_image)
[6.537s] Level 1:colcon.colcon_core.environment:checking '/home/tungchiahui/user/mysource/ros2src/5.opencv_demo_ws/install/opencv_demo1_0_show_image' for CMake module files
[6.537s] Level 1:colcon.colcon_core.environment:checking '/home/tungchiahui/user/mysource/ros2src/5.opencv_demo_ws/install/opencv_demo1_0_show_image' for CMake config files
[6.537s] Level 1:colcon.colcon_core.shell:create_environment_hook('opencv_demo1_0_show_image', 'cmake_prefix_path')
[6.547s] INFO:colcon.colcon_core.shell:Creating environment hook '/home/tungchiahui/user/mysource/ros2src/5.opencv_demo_ws/install/opencv_demo1_0_show_image/share/opencv_demo1_0_show_image/hook/cmake_prefix_path.ps1'
[6.547s] INFO:colcon.colcon_core.shell:Creating environment descriptor '/home/tungchiahui/user/mysource/ros2src/5.opencv_demo_ws/install/opencv_demo1_0_show_image/share/opencv_demo1_0_show_image/hook/cmake_prefix_path.dsv'
[6.547s] INFO:colcon.colcon_core.shell:Creating environment hook '/home/tungchiahui/user/mysource/ros2src/5.opencv_demo_ws/install/opencv_demo1_0_show_image/share/opencv_demo1_0_show_image/hook/cmake_prefix_path.sh'
[6.548s] Level 1:colcon.colcon_core.environment:checking '/home/tungchiahui/user/mysource/ros2src/5.opencv_demo_ws/install/opencv_demo1_0_show_image/lib'
[6.548s] Level 1:colcon.colcon_core.environment:checking '/home/tungchiahui/user/mysource/ros2src/5.opencv_demo_ws/install/opencv_demo1_0_show_image/bin'
[6.548s] Level 1:colcon.colcon_core.environment:checking '/home/tungchiahui/user/mysource/ros2src/5.opencv_demo_ws/install/opencv_demo1_0_show_image/lib/pkgconfig/opencv_demo1_0_show_image.pc'
[6.548s] Level 1:colcon.colcon_core.environment:checking '/home/tungchiahui/user/mysource/ros2src/5.opencv_demo_ws/install/opencv_demo1_0_show_image/lib/python3.10/site-packages'
[6.548s] Level 1:colcon.colcon_core.environment:checking '/home/tungchiahui/user/mysource/ros2src/5.opencv_demo_ws/install/opencv_demo1_0_show_image/bin'
[6.556s] INFO:colcon.colcon_core.shell:Creating package script '/home/tungchiahui/user/mysource/ros2src/5.opencv_demo_ws/install/opencv_demo1_0_show_image/share/opencv_demo1_0_show_image/package.ps1'
[6.556s] INFO:colcon.colcon_core.shell:Creating package descriptor '/home/tungchiahui/user/mysource/ros2src/5.opencv_demo_ws/install/opencv_demo1_0_show_image/share/opencv_demo1_0_show_image/package.dsv'
[6.556s] INFO:colcon.colcon_core.shell:Creating package script '/home/tungchiahui/user/mysource/ros2src/5.opencv_demo_ws/install/opencv_demo1_0_show_image/share/opencv_demo1_0_show_image/package.sh'
[6.557s] INFO:colcon.colcon_core.shell:Creating package script '/home/tungchiahui/user/mysource/ros2src/5.opencv_demo_ws/install/opencv_demo1_0_show_image/share/opencv_demo1_0_show_image/package.bash'
[6.557s] INFO:colcon.colcon_core.shell:Creating package script '/home/tungchiahui/user/mysource/ros2src/5.opencv_demo_ws/install/opencv_demo1_0_show_image/share/opencv_demo1_0_show_image/package.zsh'
[6.557s] Level 1:colcon.colcon_core.environment:create_file_with_runtime_dependencies(/home/tungchiahui/user/mysource/ros2src/5.opencv_demo_ws/install/opencv_demo1_0_show_image/share/colcon-core/packages/opencv_demo1_0_show_image)
[6.559s] DEBUG:colcon.colcon_core.event_handler.log_command:Invoking command in '/home/tungchiahui/user/mysource/ros2src/5.opencv_demo_ws/build/opencv_demo3_1_color_space': CMAKE_PREFIX_PATH=/opt/ros/humble /usr/bin/cmake --install /home/tungchiahui/user/mysource/ros2src/5.opencv_demo_ws/build/opencv_demo3_1_color_space
[6.560s] DEBUG:colcon.colcon_core.event_handler.log_command:Invoked command in '/home/tungchiahui/user/mysource/ros2src/5.opencv_demo_ws/build/opencv_demo3_0_save_media_file' returned '0': CMAKE_PREFIX_PATH=/opt/ros/humble /usr/bin/cmake --build /home/tungchiahui/user/mysource/ros2src/5.opencv_demo_ws/build/opencv_demo3_0_save_media_file -- -j16 -l16
[6.568s] Level 1:colcon.colcon_core.environment:create_environment_scripts_only(opencv_demo3_1_color_space)
[6.568s] DEBUG:colcon.colcon_core.event_handler.log_command:Invoked command in '/home/tungchiahui/user/mysource/ros2src/5.opencv_demo_ws/build/opencv_demo3_1_color_space' returned '0': CMAKE_PREFIX_PATH=/opt/ros/humble /usr/bin/cmake --install /home/tungchiahui/user/mysource/ros2src/5.opencv_demo_ws/build/opencv_demo3_1_color_space
[6.577s] Level 1:colcon.colcon_core.environment:checking '/home/tungchiahui/user/mysource/ros2src/5.opencv_demo_ws/install/opencv_demo3_1_color_space' for CMake module files
[6.577s] Level 1:colcon.colcon_core.environment:checking '/home/tungchiahui/user/mysource/ros2src/5.opencv_demo_ws/install/opencv_demo3_1_color_space' for CMake config files
[6.578s] Level 1:colcon.colcon_core.shell:create_environment_hook('opencv_demo3_1_color_space', 'cmake_prefix_path')
[6.586s] INFO:colcon.colcon_core.shell:Creating environment hook '/home/tungchiahui/user/mysource/ros2src/5.opencv_demo_ws/install/opencv_demo3_1_color_space/share/opencv_demo3_1_color_space/hook/cmake_prefix_path.ps1'
[6.587s] INFO:colcon.colcon_core.shell:Creating environment descriptor '/home/tungchiahui/user/mysource/ros2src/5.opencv_demo_ws/install/opencv_demo3_1_color_space/share/opencv_demo3_1_color_space/hook/cmake_prefix_path.dsv'
[6.587s] INFO:colcon.colcon_core.shell:Creating environment hook '/home/tungchiahui/user/mysource/ros2src/5.opencv_demo_ws/install/opencv_demo3_1_color_space/share/opencv_demo3_1_color_space/hook/cmake_prefix_path.sh'
[6.587s] Level 1:colcon.colcon_core.environment:checking '/home/tungchiahui/user/mysource/ros2src/5.opencv_demo_ws/install/opencv_demo3_1_color_space/lib'
[6.587s] Level 1:colcon.colcon_core.environment:checking '/home/tungchiahui/user/mysource/ros2src/5.opencv_demo_ws/install/opencv_demo3_1_color_space/bin'
[6.587s] Level 1:colcon.colcon_core.environment:checking '/home/tungchiahui/user/mysource/ros2src/5.opencv_demo_ws/install/opencv_demo3_1_color_space/lib/pkgconfig/opencv_demo3_1_color_space.pc'
[6.587s] Level 1:colcon.colcon_core.environment:checking '/home/tungchiahui/user/mysource/ros2src/5.opencv_demo_ws/install/opencv_demo3_1_color_space/lib/python3.10/site-packages'
[6.587s] Level 1:colcon.colcon_core.environment:checking '/home/tungchiahui/user/mysource/ros2src/5.opencv_demo_ws/install/opencv_demo3_1_color_space/bin'
[6.596s] INFO:colcon.colcon_core.shell:Creating package script '/home/tungchiahui/user/mysource/ros2src/5.opencv_demo_ws/install/opencv_demo3_1_color_space/share/opencv_demo3_1_color_space/package.ps1'
[6.596s] INFO:colcon.colcon_core.shell:Creating package descriptor '/home/tungchiahui/user/mysource/ros2src/5.opencv_demo_ws/install/opencv_demo3_1_color_space/share/opencv_demo3_1_color_space/package.dsv'
[6.597s] INFO:colcon.colcon_core.shell:Creating package script '/home/tungchiahui/user/mysource/ros2src/5.opencv_demo_ws/install/opencv_demo3_1_color_space/share/opencv_demo3_1_color_space/package.sh'
[6.597s] INFO:colcon.colcon_core.shell:Creating package script '/home/tungchiahui/user/mysource/ros2src/5.opencv_demo_ws/install/opencv_demo3_1_color_space/share/opencv_demo3_1_color_space/package.bash'
[6.597s] INFO:colcon.colcon_core.shell:Creating package script '/home/tungchiahui/user/mysource/ros2src/5.opencv_demo_ws/install/opencv_demo3_1_color_space/share/opencv_demo3_1_color_space/package.zsh'
[6.597s] Level 1:colcon.colcon_core.environment:create_file_with_runtime_dependencies(/home/tungchiahui/user/mysource/ros2src/5.opencv_demo_ws/install/opencv_demo3_1_color_space/share/colcon-core/packages/opencv_demo3_1_color_space)
[6.599s] DEBUG:colcon.colcon_core.event_handler.log_command:Invoking command in '/home/tungchiahui/user/mysource/ros2src/5.opencv_demo_ws/build/opencv_demo3_0_save_media_file': CMAKE_PREFIX_PATH=/opt/ros/humble /usr/bin/cmake --install /home/tungchiahui/user/mysource/ros2src/5.opencv_demo_ws/build/opencv_demo3_0_save_media_file
[6.607s] Level 1:colcon.colcon_core.environment:create_environment_scripts_only(opencv_demo3_0_save_media_file)
[6.607s] DEBUG:colcon.colcon_core.event_handler.log_command:Invoked command in '/home/tungchiahui/user/mysource/ros2src/5.opencv_demo_ws/build/opencv_demo3_0_save_media_file' returned '0': CMAKE_PREFIX_PATH=/opt/ros/humble /usr/bin/cmake --install /home/tungchiahui/user/mysource/ros2src/5.opencv_demo_ws/build/opencv_demo3_0_save_media_file
[6.616s] Level 1:colcon.colcon_core.environment:checking '/home/tungchiahui/user/mysource/ros2src/5.opencv_demo_ws/install/opencv_demo3_0_save_media_file' for CMake module files
[6.616s] Level 1:colcon.colcon_core.environment:checking '/home/tungchiahui/user/mysource/ros2src/5.opencv_demo_ws/install/opencv_demo3_0_save_media_file' for CMake config files
[6.616s] Level 1:colcon.colcon_core.shell:create_environment_hook('opencv_demo3_0_save_media_file', 'cmake_prefix_path')
[6.624s] INFO:colcon.colcon_core.shell:Creating environment hook '/home/tungchiahui/user/mysource/ros2src/5.opencv_demo_ws/install/opencv_demo3_0_save_media_file/share/opencv_demo3_0_save_media_file/hook/cmake_prefix_path.ps1'
[6.624s] INFO:colcon.colcon_core.shell:Creating environment descriptor '/home/tungchiahui/user/mysource/ros2src/5.opencv_demo_ws/install/opencv_demo3_0_save_media_file/share/opencv_demo3_0_save_media_file/hook/cmake_prefix_path.dsv'
[6.624s] INFO:colcon.colcon_core.shell:Creating environment hook '/home/tungchiahui/user/mysource/ros2src/5.opencv_demo_ws/install/opencv_demo3_0_save_media_file/share/opencv_demo3_0_save_media_file/hook/cmake_prefix_path.sh'
[6.625s] Level 1:colcon.colcon_core.environment:checking '/home/tungchiahui/user/mysource/ros2src/5.opencv_demo_ws/install/opencv_demo3_0_save_media_file/lib'
[6.625s] Level 1:colcon.colcon_core.environment:checking '/home/tungchiahui/user/mysource/ros2src/5.opencv_demo_ws/install/opencv_demo3_0_save_media_file/bin'
[6.625s] Level 1:colcon.colcon_core.environment:checking '/home/tungchiahui/user/mysource/ros2src/5.opencv_demo_ws/install/opencv_demo3_0_save_media_file/lib/pkgconfig/opencv_demo3_0_save_media_file.pc'
[6.625s] Level 1:colcon.colcon_core.environment:checking '/home/tungchiahui/user/mysource/ros2src/5.opencv_demo_ws/install/opencv_demo3_0_save_media_file/lib/python3.10/site-packages'
[6.625s] Level 1:colcon.colcon_core.environment:checking '/home/tungchiahui/user/mysource/ros2src/5.opencv_demo_ws/install/opencv_demo3_0_save_media_file/bin'
[6.633s] INFO:colcon.colcon_core.shell:Creating package script '/home/tungchiahui/user/mysource/ros2src/5.opencv_demo_ws/install/opencv_demo3_0_save_media_file/share/opencv_demo3_0_save_media_file/package.ps1'
[6.633s] INFO:colcon.colcon_core.shell:Creating package descriptor '/home/tungchiahui/user/mysource/ros2src/5.opencv_demo_ws/install/opencv_demo3_0_save_media_file/share/opencv_demo3_0_save_media_file/package.dsv'
[6.633s] INFO:colcon.colcon_core.shell:Creating package script '/home/tungchiahui/user/mysource/ros2src/5.opencv_demo_ws/install/opencv_demo3_0_save_media_file/share/opencv_demo3_0_save_media_file/package.sh'
[6.633s] INFO:colcon.colcon_core.shell:Creating package script '/home/tungchiahui/user/mysource/ros2src/5.opencv_demo_ws/install/opencv_demo3_0_save_media_file/share/opencv_demo3_0_save_media_file/package.bash'
[6.633s] INFO:colcon.colcon_core.shell:Creating package script '/home/tungchiahui/user/mysource/ros2src/5.opencv_demo_ws/install/opencv_demo3_0_save_media_file/share/opencv_demo3_0_save_media_file/package.zsh'
[6.633s] Level 1:colcon.colcon_core.environment:create_file_with_runtime_dependencies(/home/tungchiahui/user/mysource/ros2src/5.opencv_demo_ws/install/opencv_demo3_0_save_media_file/share/colcon-core/packages/opencv_demo3_0_save_media_file)
[6.642s] Level 1:colcon.colcon_core.environment:create_environment_scripts_only(opencv_demo3_1_color_space)
[6.650s] Level 1:colcon.colcon_core.environment:checking '/home/tungchiahui/user/mysource/ros2src/5.opencv_demo_ws/install/opencv_demo3_1_color_space' for CMake module files
[6.650s] Level 1:colcon.colcon_core.environment:checking '/home/tungchiahui/user/mysource/ros2src/5.opencv_demo_ws/install/opencv_demo3_1_color_space' for CMake config files
[6.650s] Level 1:colcon.colcon_core.shell:create_environment_hook('opencv_demo3_1_color_space', 'cmake_prefix_path')
[6.658s] INFO:colcon.colcon_core.shell:Creating environment hook '/home/tungchiahui/user/mysource/ros2src/5.opencv_demo_ws/install/opencv_demo3_1_color_space/share/opencv_demo3_1_color_space/hook/cmake_prefix_path.ps1'
[6.658s] INFO:colcon.colcon_core.shell:Creating environment descriptor '/home/tungchiahui/user/mysource/ros2src/5.opencv_demo_ws/install/opencv_demo3_1_color_space/share/opencv_demo3_1_color_space/hook/cmake_prefix_path.dsv'
[6.658s] INFO:colcon.colcon_core.shell:Creating environment hook '/home/tungchiahui/user/mysource/ros2src/5.opencv_demo_ws/install/opencv_demo3_1_color_space/share/opencv_demo3_1_color_space/hook/cmake_prefix_path.sh'
[6.658s] Level 1:colcon.colcon_core.environment:checking '/home/tungchiahui/user/mysource/ros2src/5.opencv_demo_ws/install/opencv_demo3_1_color_space/lib'
[6.658s] Level 1:colcon.colcon_core.environment:checking '/home/tungchiahui/user/mysource/ros2src/5.opencv_demo_ws/install/opencv_demo3_1_color_space/bin'
[6.659s] Level 1:colcon.colcon_core.environment:checking '/home/tungchiahui/user/mysource/ros2src/5.opencv_demo_ws/install/opencv_demo3_1_color_space/lib/pkgconfig/opencv_demo3_1_color_space.pc'
[6.659s] Level 1:colcon.colcon_core.environment:checking '/home/tungchiahui/user/mysource/ros2src/5.opencv_demo_ws/install/opencv_demo3_1_color_space/lib/python3.10/site-packages'
[6.659s] Level 1:colcon.colcon_core.environment:checking '/home/tungchiahui/user/mysource/ros2src/5.opencv_demo_ws/install/opencv_demo3_1_color_space/bin'
[6.667s] INFO:colcon.colcon_core.shell:Creating package script '/home/tungchiahui/user/mysource/ros2src/5.opencv_demo_ws/install/opencv_demo3_1_color_space/share/opencv_demo3_1_color_space/package.ps1'
[6.667s] INFO:colcon.colcon_core.shell:Creating package descriptor '/home/tungchiahui/user/mysource/ros2src/5.opencv_demo_ws/install/opencv_demo3_1_color_space/share/opencv_demo3_1_color_space/package.dsv'
[6.667s] INFO:colcon.colcon_core.shell:Creating package script '/home/tungchiahui/user/mysource/ros2src/5.opencv_demo_ws/install/opencv_demo3_1_color_space/share/opencv_demo3_1_color_space/package.sh'
[6.667s] INFO:colcon.colcon_core.shell:Creating package script '/home/tungchiahui/user/mysource/ros2src/5.opencv_demo_ws/install/opencv_demo3_1_color_space/share/opencv_demo3_1_color_space/package.bash'
[6.667s] INFO:colcon.colcon_core.shell:Creating package script '/home/tungchiahui/user/mysource/ros2src/5.opencv_demo_ws/install/opencv_demo3_1_color_space/share/opencv_demo3_1_color_space/package.zsh'
[6.668s] Level 1:colcon.colcon_core.environment:create_file_with_runtime_dependencies(/home/tungchiahui/user/mysource/ros2src/5.opencv_demo_ws/install/opencv_demo3_1_color_space/share/colcon-core/packages/opencv_demo3_1_color_space)
[6.677s] Level 1:colcon.colcon_core.environment:create_environment_scripts_only(opencv_demo3_0_save_media_file)
[6.686s] Level 1:colcon.colcon_core.environment:checking '/home/tungchiahui/user/mysource/ros2src/5.opencv_demo_ws/install/opencv_demo3_0_save_media_file' for CMake module files
[6.686s] Level 1:colcon.colcon_core.environment:checking '/home/tungchiahui/user/mysource/ros2src/5.opencv_demo_ws/install/opencv_demo3_0_save_media_file' for CMake config files
[6.686s] Level 1:colcon.colcon_core.shell:create_environment_hook('opencv_demo3_0_save_media_file', 'cmake_prefix_path')
[6.695s] INFO:colcon.colcon_core.shell:Creating environment hook '/home/tungchiahui/user/mysource/ros2src/5.opencv_demo_ws/install/opencv_demo3_0_save_media_file/share/opencv_demo3_0_save_media_file/hook/cmake_prefix_path.ps1'
[6.695s] INFO:colcon.colcon_core.shell:Creating environment descriptor '/home/tungchiahui/user/mysource/ros2src/5.opencv_demo_ws/install/opencv_demo3_0_save_media_file/share/opencv_demo3_0_save_media_file/hook/cmake_prefix_path.dsv'
[6.695s] INFO:colcon.colcon_core.shell:Creating environment hook '/home/tungchiahui/user/mysource/ros2src/5.opencv_demo_ws/install/opencv_demo3_0_save_media_file/share/opencv_demo3_0_save_media_file/hook/cmake_prefix_path.sh'
[6.695s] Level 1:colcon.colcon_core.environment:checking '/home/tungchiahui/user/mysource/ros2src/5.opencv_demo_ws/install/opencv_demo3_0_save_media_file/lib'
[6.695s] Level 1:colcon.colcon_core.environment:checking '/home/tungchiahui/user/mysource/ros2src/5.opencv_demo_ws/install/opencv_demo3_0_save_media_file/bin'
[6.695s] Level 1:colcon.colcon_core.environment:checking '/home/tungchiahui/user/mysource/ros2src/5.opencv_demo_ws/install/opencv_demo3_0_save_media_file/lib/pkgconfig/opencv_demo3_0_save_media_file.pc'
[6.696s] Level 1:colcon.colcon_core.environment:checking '/home/tungchiahui/user/mysource/ros2src/5.opencv_demo_ws/install/opencv_demo3_0_save_media_file/lib/python3.10/site-packages'
[6.696s] Level 1:colcon.colcon_core.environment:checking '/home/tungchiahui/user/mysource/ros2src/5.opencv_demo_ws/install/opencv_demo3_0_save_media_file/bin'
[6.704s] INFO:colcon.colcon_core.shell:Creating package script '/home/tungchiahui/user/mysource/ros2src/5.opencv_demo_ws/install/opencv_demo3_0_save_media_file/share/opencv_demo3_0_save_media_file/package.ps1'
[6.704s] INFO:colcon.colcon_core.shell:Creating package descriptor '/home/tungchiahui/user/mysource/ros2src/5.opencv_demo_ws/install/opencv_demo3_0_save_media_file/share/opencv_demo3_0_save_media_file/package.dsv'
[6.704s] INFO:colcon.colcon_core.shell:Creating package script '/home/tungchiahui/user/mysource/ros2src/5.opencv_demo_ws/install/opencv_demo3_0_save_media_file/share/opencv_demo3_0_save_media_file/package.sh'
[6.704s] INFO:colcon.colcon_core.shell:Creating package script '/home/tungchiahui/user/mysource/ros2src/5.opencv_demo_ws/install/opencv_demo3_0_save_media_file/share/opencv_demo3_0_save_media_file/package.bash'
[6.705s] INFO:colcon.colcon_core.shell:Creating package script '/home/tungchiahui/user/mysource/ros2src/5.opencv_demo_ws/install/opencv_demo3_0_save_media_file/share/opencv_demo3_0_save_media_file/package.zsh'
[6.705s] Level 1:colcon.colcon_core.environment:create_file_with_runtime_dependencies(/home/tungchiahui/user/mysource/ros2src/5.opencv_demo_ws/install/opencv_demo3_0_save_media_file/share/colcon-core/packages/opencv_demo3_0_save_media_file)
[6.705s] DEBUG:colcon.colcon_parallel_executor.executor.parallel:closing loop
[6.705s] DEBUG:colcon.colcon_parallel_executor.executor.parallel:loop closed
[6.705s] DEBUG:colcon.colcon_parallel_executor.executor.parallel:run_until_complete finished with '0'
[6.705s] DEBUG:colcon.colcon_core.event_reactor:joining thread
[6.717s] INFO:colcon.colcon_core.plugin_system:Skipping extension 'colcon_notification.desktop_notification.terminal_notifier': Not used on non-Darwin systems
[6.717s] INFO:colcon.colcon_core.plugin_system:Skipping extension 'colcon_notification.desktop_notification.win32': Not used on non-Windows systems
[6.717s] INFO:colcon.colcon_notification.desktop_notification:Sending desktop notification using 'notify2'
[6.733s] DEBUG:colcon.colcon_core.event_reactor:joined thread
[6.742s] INFO:colcon.colcon_core.shell:Creating prefix script '/home/tungchiahui/user/mysource/ros2src/5.opencv_demo_ws/install/local_setup.ps1'
[6.743s] INFO:colcon.colcon_core.shell:Creating prefix util module '/home/tungchiahui/user/mysource/ros2src/5.opencv_demo_ws/install/_local_setup_util_ps1.py'
[6.744s] INFO:colcon.colcon_core.shell:Creating prefix chain script '/home/tungchiahui/user/mysource/ros2src/5.opencv_demo_ws/install/setup.ps1'
[6.753s] INFO:colcon.colcon_core.shell:Creating prefix script '/home/tungchiahui/user/mysource/ros2src/5.opencv_demo_ws/install/local_setup.sh'
[6.753s] INFO:colcon.colcon_core.shell:Creating prefix util module '/home/tungchiahui/user/mysource/ros2src/5.opencv_demo_ws/install/_local_setup_util_sh.py'
[6.753s] INFO:colcon.colcon_core.shell:Creating prefix chain script '/home/tungchiahui/user/mysource/ros2src/5.opencv_demo_ws/install/setup.sh'
[6.762s] INFO:colcon.colcon_core.shell:Creating prefix script '/home/tungchiahui/user/mysource/ros2src/5.opencv_demo_ws/install/local_setup.bash'
[6.762s] INFO:colcon.colcon_core.shell:Creating prefix chain script '/home/tungchiahui/user/mysource/ros2src/5.opencv_demo_ws/install/setup.bash'
[6.771s] INFO:colcon.colcon_core.shell:Creating prefix script '/home/tungchiahui/user/mysource/ros2src/5.opencv_demo_ws/install/local_setup.zsh'
[6.771s] INFO:colcon.colcon_core.shell:Creating prefix chain script '/home/tungchiahui/user/mysource/ros2src/5.opencv_demo_ws/install/setup.zsh'
