[1.555s] Invoking command in '/home/tungchiahui/mysource/ros2src/2.example_ws/src/ros2_21_tutorials/learning_qos': PYTHONPATH=/home/tungchiahui/mysource/ros2src/2.example_ws/build/learning_qos/prefix_override:/home/tungchiahui/mysource/ros2src/2.example_ws/install/learning_qos/lib/python3.10/site-packages:${PYTHONPATH} /usr/bin/python3 setup.py egg_info --egg-base ../../../build/learning_qos build --build-base /home/tungchiahui/mysource/ros2src/2.example_ws/build/learning_qos/build install --record /home/tungchiahui/mysource/ros2src/2.example_ws/build/learning_qos/install.log --single-version-externally-managed
[1.810s] running egg_info
[1.810s] creating ../../../build/learning_qos/learning_qos.egg-info
[1.811s] writing ../../../build/learning_qos/learning_qos.egg-info/PKG-INFO
[1.811s] writing dependency_links to ../../../build/learning_qos/learning_qos.egg-info/dependency_links.txt
[1.811s] writing entry points to ../../../build/learning_qos/learning_qos.egg-info/entry_points.txt
[1.811s] writing requirements to ../../../build/learning_qos/learning_qos.egg-info/requires.txt
[1.811s] writing top-level names to ../../../build/learning_qos/learning_qos.egg-info/top_level.txt
[1.811s] writing manifest file '../../../build/learning_qos/learning_qos.egg-info/SOURCES.txt'
[1.813s] reading manifest file '../../../build/learning_qos/learning_qos.egg-info/SOURCES.txt'
[1.814s] writing manifest file '../../../build/learning_qos/learning_qos.egg-info/SOURCES.txt'
[1.814s] running build
[1.814s] running build_py
[1.814s] creating /home/tungchiahui/mysource/ros2src/2.example_ws/build/learning_qos/build
[1.814s] creating /home/tungchiahui/mysource/ros2src/2.example_ws/build/learning_qos/build/lib
[1.814s] creating /home/tungchiahui/mysource/ros2src/2.example_ws/build/learning_qos/build/lib/learning_qos
[1.815s] copying learning_qos/__init__.py -> /home/tungchiahui/mysource/ros2src/2.example_ws/build/learning_qos/build/lib/learning_qos
[1.815s] copying learning_qos/qos_helloworld_sub.py -> /home/tungchiahui/mysource/ros2src/2.example_ws/build/learning_qos/build/lib/learning_qos
[1.815s] copying learning_qos/qos_helloworld_pub.py -> /home/tungchiahui/mysource/ros2src/2.example_ws/build/learning_qos/build/lib/learning_qos
[1.815s] /usr/lib/python3/dist-packages/setuptools/command/install.py:34: SetuptoolsDeprecationWarning: setup.py install is deprecated. Use build and pip and other standards-based tools.
[1.815s]   warnings.warn(
[1.815s] running install
[1.815s] running install_lib
[1.816s] creating /home/tungchiahui/mysource/ros2src/2.example_ws/install/learning_qos/lib/python3.10/site-packages/learning_qos
[1.816s] copying /home/tungchiahui/mysource/ros2src/2.example_ws/build/learning_qos/build/lib/learning_qos/__init__.py -> /home/tungchiahui/mysource/ros2src/2.example_ws/install/learning_qos/lib/python3.10/site-packages/learning_qos
[1.816s] copying /home/tungchiahui/mysource/ros2src/2.example_ws/build/learning_qos/build/lib/learning_qos/qos_helloworld_sub.py -> /home/tungchiahui/mysource/ros2src/2.example_ws/install/learning_qos/lib/python3.10/site-packages/learning_qos
[1.817s] copying /home/tungchiahui/mysource/ros2src/2.example_ws/build/learning_qos/build/lib/learning_qos/qos_helloworld_pub.py -> /home/tungchiahui/mysource/ros2src/2.example_ws/install/learning_qos/lib/python3.10/site-packages/learning_qos
[1.817s] byte-compiling /home/tungchiahui/mysource/ros2src/2.example_ws/install/learning_qos/lib/python3.10/site-packages/learning_qos/__init__.py to __init__.cpython-310.pyc
[1.817s] byte-compiling /home/tungchiahui/mysource/ros2src/2.example_ws/install/learning_qos/lib/python3.10/site-packages/learning_qos/qos_helloworld_sub.py to qos_helloworld_sub.cpython-310.pyc
[1.818s] byte-compiling /home/tungchiahui/mysource/ros2src/2.example_ws/install/learning_qos/lib/python3.10/site-packages/learning_qos/qos_helloworld_pub.py to qos_helloworld_pub.cpython-310.pyc
[1.818s] running install_data
[1.819s] creating /home/tungchiahui/mysource/ros2src/2.example_ws/install/learning_qos/share/ament_index
[1.819s] creating /home/tungchiahui/mysource/ros2src/2.example_ws/install/learning_qos/share/ament_index/resource_index
[1.819s] creating /home/tungchiahui/mysource/ros2src/2.example_ws/install/learning_qos/share/ament_index/resource_index/packages
[1.819s] copying resource/learning_qos -> /home/tungchiahui/mysource/ros2src/2.example_ws/install/learning_qos/share/ament_index/resource_index/packages
[1.819s] copying package.xml -> /home/tungchiahui/mysource/ros2src/2.example_ws/install/learning_qos/share/learning_qos
[1.819s] running install_egg_info
[1.821s] Copying ../../../build/learning_qos/learning_qos.egg-info to /home/tungchiahui/mysource/ros2src/2.example_ws/install/learning_qos/lib/python3.10/site-packages/learning_qos-0.0.0-py3.10.egg-info
[1.821s] running install_scripts
[1.847s] Installing qos_helloworld_pub script to /home/tungchiahui/mysource/ros2src/2.example_ws/install/learning_qos/lib/learning_qos
[1.847s] Installing qos_helloworld_sub script to /home/tungchiahui/mysource/ros2src/2.example_ws/install/learning_qos/lib/learning_qos
[1.847s] writing list of installed files to '/home/tungchiahui/mysource/ros2src/2.example_ws/build/learning_qos/install.log'
[1.883s] Invoked command in '/home/tungchiahui/mysource/ros2src/2.example_ws/src/ros2_21_tutorials/learning_qos' returned '0': PYTHONPATH=/home/tungchiahui/mysource/ros2src/2.example_ws/build/learning_qos/prefix_override:/home/tungchiahui/mysource/ros2src/2.example_ws/install/learning_qos/lib/python3.10/site-packages:${PYTHONPATH} /usr/bin/python3 setup.py egg_info --egg-base ../../../build/learning_qos build --build-base /home/tungchiahui/mysource/ros2src/2.example_ws/build/learning_qos/build install --record /home/tungchiahui/mysource/ros2src/2.example_ws/build/learning_qos/install.log --single-version-externally-managed
