[0.033s] Invoking command in '/home/tungchiahui/user/mysource/ros2src/4.ws02_tools/build/cpp06_urdf': CMAKE_PREFIX_PATH=/opt/ros/humble /usr/bin/cmake --build /home/tungchiahui/user/mysource/ros2src/4.ws02_tools/build/cpp06_urdf -- -j16 -l16
[0.069s] Invoked command in '/home/tungchiahui/user/mysource/ros2src/4.ws02_tools/build/cpp06_urdf' returned '0': CMAKE_PREFIX_PATH=/opt/ros/humble /usr/bin/cmake --build /home/tungchiahui/user/mysource/ros2src/4.ws02_tools/build/cpp06_urdf -- -j16 -l16
[0.092s] Invoking command in '/home/tungchiahui/user/mysource/ros2src/4.ws02_tools/build/cpp06_urdf': CMAKE_PREFIX_PATH=/opt/ros/humble /usr/bin/cmake --install /home/tungchiahui/user/mysource/ros2src/4.ws02_tools/build/cpp06_urdf
[0.098s] -- Install configuration: ""
[0.098s] -- Up-to-date: /home/tungchiahui/user/mysource/ros2src/4.ws02_tools/install/cpp06_urdf/share/cpp06_urdf/launch
[0.098s] -- Installing: /home/tungchiahui/user/mysource/ros2src/4.ws02_tools/install/cpp06_urdf/share/cpp06_urdf/launch/display.launch.py
[0.098s] -- Up-to-date: /home/tungchiahui/user/mysource/ros2src/4.ws02_tools/install/cpp06_urdf/share/cpp06_urdf/urdf
[0.098s] -- Up-to-date: /home/tungchiahui/user/mysource/ros2src/4.ws02_tools/install/cpp06_urdf/share/cpp06_urdf/urdf/urdf
[0.099s] -- Up-to-date: /home/tungchiahui/user/mysource/ros2src/4.ws02_tools/install/cpp06_urdf/share/cpp06_urdf/urdf/urdf/demo01_boxrobot.urdf
[0.099s] -- Installing: /home/tungchiahui/user/mysource/ros2src/4.ws02_tools/install/cpp06_urdf/share/cpp06_urdf/urdf/urdf/demo02_link.urdf
[0.099s] -- Up-to-date: /home/tungchiahui/user/mysource/ros2src/4.ws02_tools/install/cpp06_urdf/share/cpp06_urdf/urdf/xacro
[0.099s] -- Up-to-date: /home/tungchiahui/user/mysource/ros2src/4.ws02_tools/install/cpp06_urdf/share/cpp06_urdf/rviz
[0.099s] -- Up-to-date: /home/tungchiahui/user/mysource/ros2src/4.ws02_tools/install/cpp06_urdf/share/cpp06_urdf/rviz/urdf.rviz
[0.099s] -- Up-to-date: /home/tungchiahui/user/mysource/ros2src/4.ws02_tools/install/cpp06_urdf/share/cpp06_urdf/meshes
[0.099s] -- Up-to-date: /home/tungchiahui/user/mysource/ros2src/4.ws02_tools/install/cpp06_urdf/share/ament_index/resource_index/package_run_dependencies/cpp06_urdf
[0.099s] -- Up-to-date: /home/tungchiahui/user/mysource/ros2src/4.ws02_tools/install/cpp06_urdf/share/ament_index/resource_index/parent_prefix_path/cpp06_urdf
[0.099s] -- Up-to-date: /home/tungchiahui/user/mysource/ros2src/4.ws02_tools/install/cpp06_urdf/share/cpp06_urdf/environment/ament_prefix_path.sh
[0.099s] -- Up-to-date: /home/tungchiahui/user/mysource/ros2src/4.ws02_tools/install/cpp06_urdf/share/cpp06_urdf/environment/ament_prefix_path.dsv
[0.099s] -- Up-to-date: /home/tungchiahui/user/mysource/ros2src/4.ws02_tools/install/cpp06_urdf/share/cpp06_urdf/environment/path.sh
[0.099s] -- Up-to-date: /home/tungchiahui/user/mysource/ros2src/4.ws02_tools/install/cpp06_urdf/share/cpp06_urdf/environment/path.dsv
[0.099s] -- Up-to-date: /home/tungchiahui/user/mysource/ros2src/4.ws02_tools/install/cpp06_urdf/share/cpp06_urdf/local_setup.bash
[0.099s] -- Up-to-date: /home/tungchiahui/user/mysource/ros2src/4.ws02_tools/install/cpp06_urdf/share/cpp06_urdf/local_setup.sh
[0.100s] -- Up-to-date: /home/tungchiahui/user/mysource/ros2src/4.ws02_tools/install/cpp06_urdf/share/cpp06_urdf/local_setup.zsh
[0.100s] -- Up-to-date: /home/tungchiahui/user/mysource/ros2src/4.ws02_tools/install/cpp06_urdf/share/cpp06_urdf/local_setup.dsv
[0.100s] -- Installing: /home/tungchiahui/user/mysource/ros2src/4.ws02_tools/install/cpp06_urdf/share/cpp06_urdf/package.dsv
[0.100s] -- Up-to-date: /home/tungchiahui/user/mysource/ros2src/4.ws02_tools/install/cpp06_urdf/share/ament_index/resource_index/packages/cpp06_urdf
[0.100s] -- Up-to-date: /home/tungchiahui/user/mysource/ros2src/4.ws02_tools/install/cpp06_urdf/share/cpp06_urdf/cmake/cpp06_urdfConfig.cmake
[0.100s] -- Up-to-date: /home/tungchiahui/user/mysource/ros2src/4.ws02_tools/install/cpp06_urdf/share/cpp06_urdf/cmake/cpp06_urdfConfig-version.cmake
[0.100s] -- Up-to-date: /home/tungchiahui/user/mysource/ros2src/4.ws02_tools/install/cpp06_urdf/share/cpp06_urdf/package.xml
[0.103s] Invoked command in '/home/tungchiahui/user/mysource/ros2src/4.ws02_tools/build/cpp06_urdf' returned '0': CMAKE_PREFIX_PATH=/opt/ros/humble /usr/bin/cmake --install /home/tungchiahui/user/mysource/ros2src/4.ws02_tools/build/cpp06_urdf
