[1.556s] Invoking command in '/home/tungchiahui/mysource/ros2src/2.example_ws/src/ros2_21_tutorials/learning_tf': PYTHONPATH=/home/tungchiahui/mysource/ros2src/2.example_ws/build/learning_tf/prefix_override:/home/tungchiahui/mysource/ros2src/2.example_ws/install/learning_tf/lib/python3.10/site-packages:${PYTHONPATH} /usr/bin/python3 setup.py egg_info --egg-base ../../../build/learning_tf build --build-base /home/tungchiahui/mysource/ros2src/2.example_ws/build/learning_tf/build install --record /home/tungchiahui/mysource/ros2src/2.example_ws/build/learning_tf/install.log --single-version-externally-managed
[1.736s] running egg_info
[1.737s] creating ../../../build/learning_tf/learning_tf.egg-info
[1.737s] writing ../../../build/learning_tf/learning_tf.egg-info/PKG-INFO
[1.737s] writing dependency_links to ../../../build/learning_tf/learning_tf.egg-info/dependency_links.txt
[1.737s] writing entry points to ../../../build/learning_tf/learning_tf.egg-info/entry_points.txt
[1.737s] writing requirements to ../../../build/learning_tf/learning_tf.egg-info/requires.txt
[1.737s] writing top-level names to ../../../build/learning_tf/learning_tf.egg-info/top_level.txt
[1.738s] writing manifest file '../../../build/learning_tf/learning_tf.egg-info/SOURCES.txt'
[1.739s] reading manifest file '../../../build/learning_tf/learning_tf.egg-info/SOURCES.txt'
[1.739s] writing manifest file '../../../build/learning_tf/learning_tf.egg-info/SOURCES.txt'
[1.739s] running build
[1.740s] running build_py
[1.740s] creating /home/tungchiahui/mysource/ros2src/2.example_ws/build/learning_tf/build
[1.740s] creating /home/tungchiahui/mysource/ros2src/2.example_ws/build/learning_tf/build/lib
[1.740s] creating /home/tungchiahui/mysource/ros2src/2.example_ws/build/learning_tf/build/lib/learning_tf
[1.740s] copying learning_tf/tf_listener.py -> /home/tungchiahui/mysource/ros2src/2.example_ws/build/learning_tf/build/lib/learning_tf
[1.740s] copying learning_tf/static_tf_broadcaster.py -> /home/tungchiahui/mysource/ros2src/2.example_ws/build/learning_tf/build/lib/learning_tf
[1.740s] copying learning_tf/__init__.py -> /home/tungchiahui/mysource/ros2src/2.example_ws/build/learning_tf/build/lib/learning_tf
[1.740s] copying learning_tf/turtle_following.py -> /home/tungchiahui/mysource/ros2src/2.example_ws/build/learning_tf/build/lib/learning_tf
[1.740s] copying learning_tf/turtle_tf_broadcaster.py -> /home/tungchiahui/mysource/ros2src/2.example_ws/build/learning_tf/build/lib/learning_tf
[1.740s] running install
[1.740s] /usr/lib/python3/dist-packages/setuptools/command/install.py:34: SetuptoolsDeprecationWarning: setup.py install is deprecated. Use build and pip and other standards-based tools.
[1.741s]   warnings.warn(
[1.741s] running install_lib
[1.741s] creating /home/tungchiahui/mysource/ros2src/2.example_ws/install/learning_tf/lib/python3.10/site-packages/learning_tf
[1.741s] copying /home/tungchiahui/mysource/ros2src/2.example_ws/build/learning_tf/build/lib/learning_tf/tf_listener.py -> /home/tungchiahui/mysource/ros2src/2.example_ws/install/learning_tf/lib/python3.10/site-packages/learning_tf
[1.742s] copying /home/tungchiahui/mysource/ros2src/2.example_ws/build/learning_tf/build/lib/learning_tf/static_tf_broadcaster.py -> /home/tungchiahui/mysource/ros2src/2.example_ws/install/learning_tf/lib/python3.10/site-packages/learning_tf
[1.742s] copying /home/tungchiahui/mysource/ros2src/2.example_ws/build/learning_tf/build/lib/learning_tf/__init__.py -> /home/tungchiahui/mysource/ros2src/2.example_ws/install/learning_tf/lib/python3.10/site-packages/learning_tf
[1.742s] copying /home/tungchiahui/mysource/ros2src/2.example_ws/build/learning_tf/build/lib/learning_tf/turtle_following.py -> /home/tungchiahui/mysource/ros2src/2.example_ws/install/learning_tf/lib/python3.10/site-packages/learning_tf
[1.742s] copying /home/tungchiahui/mysource/ros2src/2.example_ws/build/learning_tf/build/lib/learning_tf/turtle_tf_broadcaster.py -> /home/tungchiahui/mysource/ros2src/2.example_ws/install/learning_tf/lib/python3.10/site-packages/learning_tf
[1.742s] byte-compiling /home/tungchiahui/mysource/ros2src/2.example_ws/install/learning_tf/lib/python3.10/site-packages/learning_tf/tf_listener.py to tf_listener.cpython-310.pyc
[1.743s] byte-compiling /home/tungchiahui/mysource/ros2src/2.example_ws/install/learning_tf/lib/python3.10/site-packages/learning_tf/static_tf_broadcaster.py to static_tf_broadcaster.cpython-310.pyc
[1.743s] byte-compiling /home/tungchiahui/mysource/ros2src/2.example_ws/install/learning_tf/lib/python3.10/site-packages/learning_tf/__init__.py to __init__.cpython-310.pyc
[1.743s] byte-compiling /home/tungchiahui/mysource/ros2src/2.example_ws/install/learning_tf/lib/python3.10/site-packages/learning_tf/turtle_following.py to turtle_following.cpython-310.pyc
[1.744s] byte-compiling /home/tungchiahui/mysource/ros2src/2.example_ws/install/learning_tf/lib/python3.10/site-packages/learning_tf/turtle_tf_broadcaster.py to turtle_tf_broadcaster.cpython-310.pyc
[1.744s] running install_data
[1.745s] creating /home/tungchiahui/mysource/ros2src/2.example_ws/install/learning_tf/share/ament_index
[1.745s] creating /home/tungchiahui/mysource/ros2src/2.example_ws/install/learning_tf/share/ament_index/resource_index
[1.745s] creating /home/tungchiahui/mysource/ros2src/2.example_ws/install/learning_tf/share/ament_index/resource_index/packages
[1.745s] copying resource/learning_tf -> /home/tungchiahui/mysource/ros2src/2.example_ws/install/learning_tf/share/ament_index/resource_index/packages
[1.745s] copying package.xml -> /home/tungchiahui/mysource/ros2src/2.example_ws/install/learning_tf/share/learning_tf
[1.745s] creating /home/tungchiahui/mysource/ros2src/2.example_ws/install/learning_tf/share/learning_tf/launch
[1.745s] copying launch/turtle_following_demo.launch.py -> /home/tungchiahui/mysource/ros2src/2.example_ws/install/learning_tf/share/learning_tf/launch
[1.745s] running install_egg_info
[1.746s] Copying ../../../build/learning_tf/learning_tf.egg-info to /home/tungchiahui/mysource/ros2src/2.example_ws/install/learning_tf/lib/python3.10/site-packages/learning_tf-0.0.0-py3.10.egg-info
[1.747s] running install_scripts
[1.763s] Installing static_tf_broadcaster script to /home/tungchiahui/mysource/ros2src/2.example_ws/install/learning_tf/lib/learning_tf
[1.764s] Installing tf_listener script to /home/tungchiahui/mysource/ros2src/2.example_ws/install/learning_tf/lib/learning_tf
[1.766s] Installing turtle_following script to /home/tungchiahui/mysource/ros2src/2.example_ws/install/learning_tf/lib/learning_tf
[1.766s] Installing turtle_tf_broadcaster script to /home/tungchiahui/mysource/ros2src/2.example_ws/install/learning_tf/lib/learning_tf
[1.766s] writing list of installed files to '/home/tungchiahui/mysource/ros2src/2.example_ws/build/learning_tf/install.log'
[1.785s] Invoked command in '/home/tungchiahui/mysource/ros2src/2.example_ws/src/ros2_21_tutorials/learning_tf' returned '0': PYTHONPATH=/home/tungchiahui/mysource/ros2src/2.example_ws/build/learning_tf/prefix_override:/home/tungchiahui/mysource/ros2src/2.example_ws/install/learning_tf/lib/python3.10/site-packages:${PYTHONPATH} /usr/bin/python3 setup.py egg_info --egg-base ../../../build/learning_tf build --build-base /home/tungchiahui/mysource/ros2src/2.example_ws/build/learning_tf/build install --record /home/tungchiahui/mysource/ros2src/2.example_ws/build/learning_tf/install.log --single-version-externally-managed
