[0.010s] Invoking command in '/home/tungchiahui/UserFloder/mysource/ROS/ROS2_WS/6.ws_simulations/build/Stage': /usr/bin/cmake /home/tungchiahui/UserFloder/mysource/ROS/ROS2_WS/6.ws_simulations/src/Stage -DCMAKE_INSTALL_PREFIX=/home/tungchiahui/UserFloder/mysource/ROS/ROS2_WS/6.ws_simulations/install/Stage
[0.017s] [0mCMake Deprecation Warning at CMakeLists.txt:1 (cmake_minimum_required):
[0.017s]   Compatibility with CMake < 2.8.12 will be removed from a future version of
[0.017s]   CMake.
[0.017s] 
[0.017s]   Update the VERSION argument <min> value or use a ...<max> suffix to tell
[0.018s]   CMake that the project does not need compatibility with older versions.
[0.018s] 
[0.018s] [0m
[0.052s] -- The C compiler identification is GNU 11.4.0
[0.091s] -- The CXX compiler identification is GNU 11.4.0
[0.098s] -- Detecting C compiler ABI info
[0.147s] -- Detecting C compiler ABI info - done
[0.153s] -- Check for working C compiler: /usr/bin/cc - skipped
[0.153s] -- Detecting C compile features
[0.153s] -- Detecting C compile features - done
[0.156s] -- Detecting CXX compiler ABI info
[0.207s] -- Detecting CXX compiler ABI info - done
[0.214s] -- Check for working CXX compiler: /usr/bin/c++ - skipped
[0.214s] -- Detecting CXX compile features
[0.214s] -- Detecting CXX compile features - done
[0.215s] -- Stage version 4.3.0
[0.215s] -- Operating system is Linux
[0.216s] -- Installing Libraries to /home/tungchiahui/UserFloder/mysource/ROS/ROS2_WS/6.ws_simulations/install/Stage/lib
[0.216s] -- Installing Plugins to /home/tungchiahui/UserFloder/mysource/ROS/ROS2_WS/6.ws_simulations/install/Stage/lib/Stage-4.3
[0.216s] -- Build type RELEASE
[0.216s] -- Checking for libtool
[0.220s] -- Checking for required libraries...
[0.231s] -- Found JPEG: /usr/lib/x86_64-linux-gnu/libjpeg.so (found version "80") 
[0.237s] -- Found ZLIB: /usr/lib/x86_64-linux-gnu/libz.so (found version "1.2.11") 
[0.246s] -- Found PNG: /usr/lib/x86_64-linux-gnu/libpng.so (found version "1.6.37") 
[0.249s] [33mCMake Warning (dev) at /usr/share/cmake-3.22/Modules/FindOpenGL.cmake:315 (message):
[0.249s]   Policy CMP0072 is not set: FindOpenGL prefers GLVND by default when
[0.249s]   available.  Run "cmake --help-policy CMP0072" for policy details.  Use the
[0.249s]   cmake_policy command to set the policy and suppress this warning.
[0.249s] 
[0.249s]   FindOpenGL found both a legacy GL library:
[0.249s] 
[0.249s]     OPENGL_gl_LIBRARY: /usr/lib/x86_64-linux-gnu/libGL.so
[0.249s] 
[0.249s]   and GLVND libraries for OpenGL and GLX:
[0.250s] 
[0.250s]     OPENGL_opengl_LIBRARY: /usr/lib/x86_64-linux-gnu/libOpenGL.so
[0.250s]     OPENGL_glx_LIBRARY: /usr/lib/x86_64-linux-gnu/libGLX.so
[0.250s] 
[0.250s]   OpenGL_GL_PREFERENCE has not been set to "GLVND" or "LEGACY", so for
[0.250s]   compatibility with CMake 3.10 and below the legacy GL library will be used.
[0.250s] Call Stack (most recent call first):
[0.250s]   /usr/share/cmake-3.22/Modules/FindFLTK.cmake:87 (find_package)
[0.250s]   CMakeLists.txt:100 (find_package)
[0.250s] This warning is for project developers.  Use -Wno-dev to suppress it.
[0.250s] [0m
[0.250s] -- Found OpenGL: /usr/lib/x86_64-linux-gnu/libOpenGL.so   
[0.300s] -- Found X11: /usr/include   
[0.300s] -- Looking for XOpenDisplay in /usr/lib/x86_64-linux-gnu/libX11.so;/usr/lib/x86_64-linux-gnu/libXext.so
[0.350s] -- Looking for XOpenDisplay in /usr/lib/x86_64-linux-gnu/libX11.so;/usr/lib/x86_64-linux-gnu/libXext.so - found
[0.350s] -- Looking for gethostbyname
[0.396s] -- Looking for gethostbyname - found
[0.396s] -- Looking for connect
[0.447s] -- Looking for connect - found
[0.448s] -- Looking for remove
[0.497s] -- Looking for remove - found
[0.497s] -- Looking for shmat
[0.548s] -- Looking for shmat - found
[0.548s] -- Looking for IceConnectionNumber in ICE
[0.597s] -- Looking for IceConnectionNumber in ICE - found
[0.642s] -- Found FLTK: fltk_images;fltk_forms;fltk_gl;/usr/lib/x86_64-linux-gnu/libGL.so;fltk  
[0.643s] -- Checking for optional libraries...
[0.643s] -- Installation path CMAKE_INSTALL_PREFIX=/home/tungchiahui/UserFloder/mysource/ROS/ROS2_WS/6.ws_simulations/install/Stage
[0.644s] -- Configuring libstage
[0.649s] -- Found PkgConfig: /usr/bin/pkg-config (found version "0.29.2") 
[0.649s] -- Checking for one of the modules 'playercore>=2.1.0'
[0.651s] --   * Player not detected. If Player is installed but not detected, check your PKG_CONFIG_PATH.
[0.659s] -- Configuring done
[0.686s] -- Generating done
[0.692s] -- Build files have been written to: /home/tungchiahui/UserFloder/mysource/ROS/ROS2_WS/6.ws_simulations/build/Stage
[0.696s] Invoked command in '/home/tungchiahui/UserFloder/mysource/ROS/ROS2_WS/6.ws_simulations/build/Stage' returned '0': /usr/bin/cmake /home/tungchiahui/UserFloder/mysource/ROS/ROS2_WS/6.ws_simulations/src/Stage -DCMAKE_INSTALL_PREFIX=/home/tungchiahui/UserFloder/mysource/ROS/ROS2_WS/6.ws_simulations/install/Stage
[0.697s] Invoking command in '/home/tungchiahui/UserFloder/mysource/ROS/ROS2_WS/6.ws_simulations/build/Stage': /usr/bin/cmake --build /home/tungchiahui/UserFloder/mysource/ROS/ROS2_WS/6.ws_simulations/build/Stage -- -j16 -l16
[0.732s] [  5%] [32mBuilding CXX object libstage/CMakeFiles/stage.dir/file_manager.cc.o[0m
[0.732s] [  5%] [32mBuilding CXX object libstage/CMakeFiles/stage.dir/blockgroup.cc.o[0m
[0.732s] [  5%] [32mBuilding CXX object libstage/CMakeFiles/stage.dir/camera.cc.o[0m
[0.732s] [  8%] [32mBuilding CXX object libstage/CMakeFiles/stage.dir/color.cc.o[0m
[0.732s] [  8%] [32mBuilding CXX object libstage/CMakeFiles/stage.dir/block.cc.o[0m
[0.733s] [ 10%] [32mBuilding CXX object libstage/CMakeFiles/stage.dir/logentry.cc.o[0m
[0.733s] [ 11%] [32mBuilding CXX object libstage/CMakeFiles/stage.dir/model_blinkenlight.cc.o[0m
[0.733s] [ 13%] [32mBuilding CXX object libstage/CMakeFiles/stage.dir/model_actuator.cc.o[0m
[0.734s] [ 16%] [32mBuilding CXX object libstage/CMakeFiles/stage.dir/model_bumper.cc.o[0m
[0.734s] [ 16%] [32mBuilding CXX object libstage/CMakeFiles/stage.dir/model.cc.o[0m
[0.734s] [ 18%] [32mBuilding CXX object libstage/CMakeFiles/stage.dir/model_blobfinder.cc.o[0m
[0.734s] [ 20%] [32mBuilding CXX object libstage/CMakeFiles/stage.dir/model_callbacks.cc.o[0m
[0.734s] [ 22%] [32mBuilding CXX object libstage/CMakeFiles/stage.dir/model_fiducial.cc.o[0m
[0.735s] [ 23%] [32mBuilding CXX object libstage/CMakeFiles/stage.dir/gl.cc.o[0m
[0.735s] [ 25%] [32mBuilding CXX object libstage/CMakeFiles/stage.dir/model_camera.cc.o[0m
[0.736s] [ 27%] [32mBuilding CXX object libstage/CMakeFiles/stage.dir/model_draw.cc.o[0m
[2.041s] [ 28%] [32mBuilding CXX object libstage/CMakeFiles/stage.dir/model_gripper.cc.o[0m
[2.101s] [ 30%] [32mBuilding CXX object libstage/CMakeFiles/stage.dir/model_lightindicator.cc.o[0m
[2.154s] [ 32%] [32mBuilding CXX object libstage/CMakeFiles/stage.dir/model_position.cc.o[0m
[2.176s] [ 33%] [32mBuilding CXX object libstage/CMakeFiles/stage.dir/model_ranger.cc.o[0m
[2.204s] [ 35%] [32mBuilding CXX object libstage/CMakeFiles/stage.dir/option.cc.o[0m
[2.329s] [ 37%] [32mBuilding CXX object libstage/CMakeFiles/stage.dir/powerpack.cc.o[0m
[2.373s] [ 38%] [32mBuilding CXX object libstage/CMakeFiles/stage.dir/region.cc.o[0m
[2.393s] [ 40%] [32mBuilding CXX object libstage/CMakeFiles/stage.dir/stage.cc.o[0m
[2.406s] [ 42%] [32mBuilding CXX object libstage/CMakeFiles/stage.dir/texture_manager.cc.o[0m
[2.412s] [ 44%] [32mBuilding CXX object libstage/CMakeFiles/stage.dir/typetable.cc.o[0m
[2.448s] [ 45%] [32mBuilding CXX object libstage/CMakeFiles/stage.dir/world.cc.o[0m
[2.566s] [ 47%] [32mBuilding CXX object libstage/CMakeFiles/stage.dir/worldfile.cc.o[0m
[2.644s] [ 49%] [32mBuilding CXX object libstage/CMakeFiles/stage.dir/options_dlg.cc.o[0m
[2.650s] [ 50%] [32mBuilding CXX object libstage/CMakeFiles/stage.dir/canvas.cc.o[0m
[2.672s] [ 52%] [32mBuilding CXX object libstage/CMakeFiles/stage.dir/vis_strip.cc.o[0m
[3.511s] [ 54%] [32mBuilding CXX object libstage/CMakeFiles/stage.dir/worldgui.cc.o[0m
[3.538s] [ 55%] [32mBuilding CXX object libstage/CMakeFiles/stage.dir/ancestor.cc.o[0m
[4.788s] [ 57%] [32m[1mLinking CXX shared library libstage.so[0m
[4.881s] [ 57%] Built target stage
[4.895s] [ 59%] [32mBuilding CXX object examples/ctrl/CMakeFiles/fasr.dir/fasr.cc.o[0m
[4.895s] [ 61%] [32mBuilding CXX object examples/ctrl/CMakeFiles/sink.dir/sink.cc.o[0m
[4.896s] [ 62%] [32mBuilding CXX object libstage/CMakeFiles/stagebinary.dir/main.cc.o[0m
[4.896s] [ 64%] [32mBuilding CXX object examples/ctrl/CMakeFiles/rasterize.dir/rasterize.cc.o[0m
[4.897s] [ 66%] [32mBuilding CXX object examples/ctrl/CMakeFiles/fasr2.dir/fasr2.cc.o[0m
[4.897s] [ 67%] [32mBuilding CXX object examples/ctrl/CMakeFiles/fasr2.dir/astar/findpath.cpp.o[0m
[4.897s] [ 69%] [32mBuilding CXX object examples/ctrl/CMakeFiles/source.dir/source.cc.o[0m
[4.898s] [ 71%] [32mBuilding CXX object examples/ctrl/CMakeFiles/pioneer_flocking.dir/pioneer_flocking.cc.o[0m
[4.898s] [ 72%] [32mBuilding CXX object worlds/benchmark/CMakeFiles/expand_swarm.dir/expand_swarm.cc.o[0m
[4.898s] [ 74%] [32mBuilding CXX object examples/ctrl/CMakeFiles/wander.dir/wander.cc.o[0m
[4.898s] [ 76%] [32mBuilding CXX object examples/ctrl/CMakeFiles/lasernoise.dir/lasernoise.cc.o[0m
[4.899s] [ 79%] [32mBuilding CXX object examples/ctrl/CMakeFiles/dynamic.dir/dynamic.cc.o[0m
[4.899s] [ 79%] [32mBuilding CXX object worlds/benchmark/CMakeFiles/expand_pioneer.dir/expand_pioneer.cc.o[0m
[5.703s] [ 81%] [32m[1mLinking CXX shared module lasernoise.so[0m
[5.720s] [ 83%] [32m[1mLinking CXX executable stage[0m
[5.781s] [ 84%] [32m[1mLinking CXX shared module pioneer_flocking.so[0m
[5.791s] [ 84%] Built target lasernoise
[5.821s] [ 84%] Built target stagebinary
[5.866s] [ 84%] Built target pioneer_flocking
[5.995s] [ 86%] [32m[1mLinking CXX shared module sink.so[0m
[6.019s] [ 88%] [32m[1mLinking CXX shared module expand_swarm.so[0m
[6.037s] [ 89%] [32m[1mLinking CXX shared module expand_pioneer.so[0m
[6.044s] [ 91%] [32m[1mLinking CXX shared module rasterize.so[0m
[6.048s] [ 93%] [32m[1mLinking CXX shared module dynamic.so[0m
[6.073s] [ 94%] [32m[1mLinking CXX shared module wander.so[0m
[6.073s] [ 94%] Built target sink
[6.083s] [ 96%] [32m[1mLinking CXX shared module source.so[0m
[6.103s] [ 98%] [32m[1mLinking CXX shared module fasr.so[0m
[6.107s] [ 98%] Built target expand_swarm
[6.126s] [ 98%] Built target expand_pioneer
[6.129s] [ 98%] Built target rasterize
[6.133s] [ 98%] Built target dynamic
[6.144s] [ 98%] Built target wander
[6.153s] [ 98%] Built target source
[6.172s] [ 98%] Built target fasr
[6.373s] [100%] [32m[1mLinking CXX shared module fasr2.so[0m
[6.437s] [100%] Built target fasr2
[6.444s] Invoked command in '/home/tungchiahui/UserFloder/mysource/ROS/ROS2_WS/6.ws_simulations/build/Stage' returned '0': /usr/bin/cmake --build /home/tungchiahui/UserFloder/mysource/ROS/ROS2_WS/6.ws_simulations/build/Stage -- -j16 -l16
[6.445s] Invoking command in '/home/tungchiahui/UserFloder/mysource/ROS/ROS2_WS/6.ws_simulations/build/Stage': /usr/bin/cmake --install /home/tungchiahui/UserFloder/mysource/ROS/ROS2_WS/6.ws_simulations/build/Stage
[6.450s] -- Install configuration: "RELEASE"
[6.450s] -- Installing: /home/tungchiahui/UserFloder/mysource/ROS/ROS2_WS/6.ws_simulations/install/Stage/lib/pkgconfig/stage.pc
[6.450s] -- Installing: /home/tungchiahui/UserFloder/mysource/ROS/ROS2_WS/6.ws_simulations/install/Stage/lib/cmake/Stage/stage-config.cmake
[6.450s] -- Installing: /home/tungchiahui/UserFloder/mysource/ROS/ROS2_WS/6.ws_simulations/install/Stage/lib/cmake/Stage/stage-config-version.cmake
[6.450s] -- Installing: /home/tungchiahui/UserFloder/mysource/ROS/ROS2_WS/6.ws_simulations/install/Stage/bin/stage
[6.450s] -- Set runtime path of "/home/tungchiahui/UserFloder/mysource/ROS/ROS2_WS/6.ws_simulations/install/Stage/bin/stage" to ""
[6.450s] -- Installing: /home/tungchiahui/UserFloder/mysource/ROS/ROS2_WS/6.ws_simulations/install/Stage/lib/libstage.so.4.3.0
[6.451s] -- Installing: /home/tungchiahui/UserFloder/mysource/ROS/ROS2_WS/6.ws_simulations/install/Stage/lib/libstage.so
[6.451s] -- Installing: /home/tungchiahui/UserFloder/mysource/ROS/ROS2_WS/6.ws_simulations/install/Stage/include/Stage-4.3/stage.hh
[6.452s] -- Installing: /home/tungchiahui/UserFloder/mysource/ROS/ROS2_WS/6.ws_simulations/install/Stage/lib/Stage-4.3/fasr.so
[6.452s] -- Set runtime path of "/home/tungchiahui/UserFloder/mysource/ROS/ROS2_WS/6.ws_simulations/install/Stage/lib/Stage-4.3/fasr.so" to ""
[6.452s] -- Installing: /home/tungchiahui/UserFloder/mysource/ROS/ROS2_WS/6.ws_simulations/install/Stage/lib/Stage-4.3/sink.so
[6.452s] -- Set runtime path of "/home/tungchiahui/UserFloder/mysource/ROS/ROS2_WS/6.ws_simulations/install/Stage/lib/Stage-4.3/sink.so" to ""
[6.452s] -- Installing: /home/tungchiahui/UserFloder/mysource/ROS/ROS2_WS/6.ws_simulations/install/Stage/lib/Stage-4.3/source.so
[6.452s] -- Set runtime path of "/home/tungchiahui/UserFloder/mysource/ROS/ROS2_WS/6.ws_simulations/install/Stage/lib/Stage-4.3/source.so" to ""
[6.452s] -- Installing: /home/tungchiahui/UserFloder/mysource/ROS/ROS2_WS/6.ws_simulations/install/Stage/lib/Stage-4.3/wander.so
[6.453s] -- Set runtime path of "/home/tungchiahui/UserFloder/mysource/ROS/ROS2_WS/6.ws_simulations/install/Stage/lib/Stage-4.3/wander.so" to ""
[6.453s] -- Installing: /home/tungchiahui/UserFloder/mysource/ROS/ROS2_WS/6.ws_simulations/install/Stage/lib/Stage-4.3/pioneer_flocking.so
[6.453s] -- Set runtime path of "/home/tungchiahui/UserFloder/mysource/ROS/ROS2_WS/6.ws_simulations/install/Stage/lib/Stage-4.3/pioneer_flocking.so" to ""
[6.453s] -- Installing: /home/tungchiahui/UserFloder/mysource/ROS/ROS2_WS/6.ws_simulations/install/Stage/lib/Stage-4.3/rasterize.so
[6.453s] -- Set runtime path of "/home/tungchiahui/UserFloder/mysource/ROS/ROS2_WS/6.ws_simulations/install/Stage/lib/Stage-4.3/rasterize.so" to ""
[6.453s] -- Installing: /home/tungchiahui/UserFloder/mysource/ROS/ROS2_WS/6.ws_simulations/install/Stage/lib/Stage-4.3/lasernoise.so
[6.454s] -- Set runtime path of "/home/tungchiahui/UserFloder/mysource/ROS/ROS2_WS/6.ws_simulations/install/Stage/lib/Stage-4.3/lasernoise.so" to ""
[6.454s] -- Installing: /home/tungchiahui/UserFloder/mysource/ROS/ROS2_WS/6.ws_simulations/install/Stage/lib/Stage-4.3/dynamic.so
[6.454s] -- Set runtime path of "/home/tungchiahui/UserFloder/mysource/ROS/ROS2_WS/6.ws_simulations/install/Stage/lib/Stage-4.3/dynamic.so" to ""
[6.454s] -- Installing: /home/tungchiahui/UserFloder/mysource/ROS/ROS2_WS/6.ws_simulations/install/Stage/lib/Stage-4.3/fasr2.so
[6.455s] -- Set runtime path of "/home/tungchiahui/UserFloder/mysource/ROS/ROS2_WS/6.ws_simulations/install/Stage/lib/Stage-4.3/fasr2.so" to ""
[6.455s] -- Installing: /home/tungchiahui/UserFloder/mysource/ROS/ROS2_WS/6.ws_simulations/install/Stage/share/stage/assets/blue.png
[6.455s] -- Installing: /home/tungchiahui/UserFloder/mysource/ROS/ROS2_WS/6.ws_simulations/install/Stage/share/stage/assets/death.png
[6.455s] -- Installing: /home/tungchiahui/UserFloder/mysource/ROS/ROS2_WS/6.ws_simulations/install/Stage/share/stage/assets/green.png
[6.455s] -- Installing: /home/tungchiahui/UserFloder/mysource/ROS/ROS2_WS/6.ws_simulations/install/Stage/share/stage/assets/logo.png
[6.455s] -- Installing: /home/tungchiahui/UserFloder/mysource/ROS/ROS2_WS/6.ws_simulations/install/Stage/share/stage/assets/mains.png
[6.455s] -- Installing: /home/tungchiahui/UserFloder/mysource/ROS/ROS2_WS/6.ws_simulations/install/Stage/share/stage/assets/mainspower.png
[6.455s] -- Installing: /home/tungchiahui/UserFloder/mysource/ROS/ROS2_WS/6.ws_simulations/install/Stage/share/stage/assets/question_mark.png
[6.455s] -- Installing: /home/tungchiahui/UserFloder/mysource/ROS/ROS2_WS/6.ws_simulations/install/Stage/share/stage/assets/red.png
[6.455s] -- Installing: /home/tungchiahui/UserFloder/mysource/ROS/ROS2_WS/6.ws_simulations/install/Stage/share/stage/assets/stagelogo.png
[6.456s] -- Installing: /home/tungchiahui/UserFloder/mysource/ROS/ROS2_WS/6.ws_simulations/install/Stage/share/stage/assets/stall-old.png
[6.456s] -- Installing: /home/tungchiahui/UserFloder/mysource/ROS/ROS2_WS/6.ws_simulations/install/Stage/share/stage/assets/stall.png
[6.456s] -- Installing: /home/tungchiahui/UserFloder/mysource/ROS/ROS2_WS/6.ws_simulations/install/Stage/share/stage/assets/rgb.txt
[6.456s] -- Installing: /home/tungchiahui/UserFloder/mysource/ROS/ROS2_WS/6.ws_simulations/install/Stage/share/stage/rgb.txt
[6.456s] -- Installing: /home/tungchiahui/UserFloder/mysource/ROS/ROS2_WS/6.ws_simulations/install/Stage/share/stage/worlds/amcl-sonar.cfg
[6.456s] -- Installing: /home/tungchiahui/UserFloder/mysource/ROS/ROS2_WS/6.ws_simulations/install/Stage/share/stage/worlds/autolab.cfg
[6.456s] -- Installing: /home/tungchiahui/UserFloder/mysource/ROS/ROS2_WS/6.ws_simulations/install/Stage/share/stage/worlds/camera.cfg
[6.456s] -- Installing: /home/tungchiahui/UserFloder/mysource/ROS/ROS2_WS/6.ws_simulations/install/Stage/share/stage/worlds/everything.cfg
[6.456s] -- Installing: /home/tungchiahui/UserFloder/mysource/ROS/ROS2_WS/6.ws_simulations/install/Stage/share/stage/worlds/lsp_test.cfg
[6.456s] -- Installing: /home/tungchiahui/UserFloder/mysource/ROS/ROS2_WS/6.ws_simulations/install/Stage/share/stage/worlds/mbicp.cfg
[6.456s] -- Installing: /home/tungchiahui/UserFloder/mysource/ROS/ROS2_WS/6.ws_simulations/install/Stage/share/stage/worlds/nd.cfg
[6.456s] -- Installing: /home/tungchiahui/UserFloder/mysource/ROS/ROS2_WS/6.ws_simulations/install/Stage/share/stage/worlds/roomba.cfg
[6.457s] -- Installing: /home/tungchiahui/UserFloder/mysource/ROS/ROS2_WS/6.ws_simulations/install/Stage/share/stage/worlds/simple.cfg
[6.457s] -- Installing: /home/tungchiahui/UserFloder/mysource/ROS/ROS2_WS/6.ws_simulations/install/Stage/share/stage/worlds/test.cfg
[6.457s] -- Installing: /home/tungchiahui/UserFloder/mysource/ROS/ROS2_WS/6.ws_simulations/install/Stage/share/stage/worlds/uoa_robotics_lab.cfg
[6.457s] -- Installing: /home/tungchiahui/UserFloder/mysource/ROS/ROS2_WS/6.ws_simulations/install/Stage/share/stage/worlds/vfh.cfg
[6.457s] -- Installing: /home/tungchiahui/UserFloder/mysource/ROS/ROS2_WS/6.ws_simulations/install/Stage/share/stage/worlds/wavefront-remote.cfg
[6.457s] -- Installing: /home/tungchiahui/UserFloder/mysource/ROS/ROS2_WS/6.ws_simulations/install/Stage/share/stage/worlds/wavefront.cfg
[6.457s] -- Installing: /home/tungchiahui/UserFloder/mysource/ROS/ROS2_WS/6.ws_simulations/install/Stage/share/stage/worlds/wifi.cfg
[6.457s] -- Installing: /home/tungchiahui/UserFloder/mysource/ROS/ROS2_WS/6.ws_simulations/install/Stage/share/stage/worlds/SFU.world
[6.457s] -- Installing: /home/tungchiahui/UserFloder/mysource/ROS/ROS2_WS/6.ws_simulations/install/Stage/share/stage/worlds/autolab.world
[6.457s] -- Installing: /home/tungchiahui/UserFloder/mysource/ROS/ROS2_WS/6.ws_simulations/install/Stage/share/stage/worlds/camera.world
[6.457s] -- Installing: /home/tungchiahui/UserFloder/mysource/ROS/ROS2_WS/6.ws_simulations/install/Stage/share/stage/worlds/circuit.world
[6.457s] -- Installing: /home/tungchiahui/UserFloder/mysource/ROS/ROS2_WS/6.ws_simulations/install/Stage/share/stage/worlds/everything.world
[6.457s] -- Installing: /home/tungchiahui/UserFloder/mysource/ROS/ROS2_WS/6.ws_simulations/install/Stage/share/stage/worlds/fasr.world
[6.457s] -- Installing: /home/tungchiahui/UserFloder/mysource/ROS/ROS2_WS/6.ws_simulations/install/Stage/share/stage/worlds/fasr2.world
[6.457s] -- Installing: /home/tungchiahui/UserFloder/mysource/ROS/ROS2_WS/6.ws_simulations/install/Stage/share/stage/worlds/fasr_plan.world
[6.457s] -- Installing: /home/tungchiahui/UserFloder/mysource/ROS/ROS2_WS/6.ws_simulations/install/Stage/share/stage/worlds/large.world
[6.457s] -- Installing: /home/tungchiahui/UserFloder/mysource/ROS/ROS2_WS/6.ws_simulations/install/Stage/share/stage/worlds/lsp_test.world
[6.457s] -- Installing: /home/tungchiahui/UserFloder/mysource/ROS/ROS2_WS/6.ws_simulations/install/Stage/share/stage/worlds/mbicp.world
[6.457s] -- Installing: /home/tungchiahui/UserFloder/mysource/ROS/ROS2_WS/6.ws_simulations/install/Stage/share/stage/worlds/pioneer_flocking.world
[6.457s] -- Installing: /home/tungchiahui/UserFloder/mysource/ROS/ROS2_WS/6.ws_simulations/install/Stage/share/stage/worlds/pioneer_follow.world
[6.458s] -- Installing: /home/tungchiahui/UserFloder/mysource/ROS/ROS2_WS/6.ws_simulations/install/Stage/share/stage/worlds/pioneer_walle.world
[6.458s] -- Installing: /home/tungchiahui/UserFloder/mysource/ROS/ROS2_WS/6.ws_simulations/install/Stage/share/stage/worlds/roomba.world
[6.458s] -- Installing: /home/tungchiahui/UserFloder/mysource/ROS/ROS2_WS/6.ws_simulations/install/Stage/share/stage/worlds/sensor_noise_demo.world
[6.458s] -- Installing: /home/tungchiahui/UserFloder/mysource/ROS/ROS2_WS/6.ws_simulations/install/Stage/share/stage/worlds/sensor_noise_module_demo.world
[6.458s] -- Installing: /home/tungchiahui/UserFloder/mysource/ROS/ROS2_WS/6.ws_simulations/install/Stage/share/stage/worlds/simple.world
[6.458s] -- Installing: /home/tungchiahui/UserFloder/mysource/ROS/ROS2_WS/6.ws_simulations/install/Stage/share/stage/worlds/uoa_robotics_lab.world
[6.458s] -- Installing: /home/tungchiahui/UserFloder/mysource/ROS/ROS2_WS/6.ws_simulations/install/Stage/share/stage/worlds/wifi.world
[6.458s] -- Installing: /home/tungchiahui/UserFloder/mysource/ROS/ROS2_WS/6.ws_simulations/install/Stage/share/stage/worlds/beacons.inc
[6.458s] -- Installing: /home/tungchiahui/UserFloder/mysource/ROS/ROS2_WS/6.ws_simulations/install/Stage/share/stage/worlds/chatterbox.inc
[6.458s] -- Installing: /home/tungchiahui/UserFloder/mysource/ROS/ROS2_WS/6.ws_simulations/install/Stage/share/stage/worlds/hokuyo.inc
[6.458s] -- Installing: /home/tungchiahui/UserFloder/mysource/ROS/ROS2_WS/6.ws_simulations/install/Stage/share/stage/worlds/irobot.inc
[6.458s] -- Installing: /home/tungchiahui/UserFloder/mysource/ROS/ROS2_WS/6.ws_simulations/install/Stage/share/stage/worlds/map.inc
[6.458s] -- Installing: /home/tungchiahui/UserFloder/mysource/ROS/ROS2_WS/6.ws_simulations/install/Stage/share/stage/worlds/objects.inc
[6.458s] -- Installing: /home/tungchiahui/UserFloder/mysource/ROS/ROS2_WS/6.ws_simulations/install/Stage/share/stage/worlds/pantilt.inc
[6.458s] -- Installing: /home/tungchiahui/UserFloder/mysource/ROS/ROS2_WS/6.ws_simulations/install/Stage/share/stage/worlds/pioneer.inc
[6.458s] -- Installing: /home/tungchiahui/UserFloder/mysource/ROS/ROS2_WS/6.ws_simulations/install/Stage/share/stage/worlds/sick.inc
[6.458s] -- Installing: /home/tungchiahui/UserFloder/mysource/ROS/ROS2_WS/6.ws_simulations/install/Stage/share/stage/worlds/ubot.inc
[6.458s] -- Installing: /home/tungchiahui/UserFloder/mysource/ROS/ROS2_WS/6.ws_simulations/install/Stage/share/stage/worlds/uoa_robotics_lab_models.inc
[6.458s] -- Installing: /home/tungchiahui/UserFloder/mysource/ROS/ROS2_WS/6.ws_simulations/install/Stage/share/stage/worlds/walle.inc
[6.458s] -- Installing: /home/tungchiahui/UserFloder/mysource/ROS/ROS2_WS/6.ws_simulations/install/Stage/share/stage/worlds/cfggen.sh
[6.459s] -- Installing: /home/tungchiahui/UserFloder/mysource/ROS/ROS2_WS/6.ws_simulations/install/Stage/share/stage/worlds/test.sh
[6.459s] -- Installing: /home/tungchiahui/UserFloder/mysource/ROS/ROS2_WS/6.ws_simulations/install/Stage/share/stage/worlds/worldgen.sh
[6.459s] -- Installing: /home/tungchiahui/UserFloder/mysource/ROS/ROS2_WS/6.ws_simulations/install/Stage/lib/Stage-4.3/expand_swarm.so
[6.459s] -- Set runtime path of "/home/tungchiahui/UserFloder/mysource/ROS/ROS2_WS/6.ws_simulations/install/Stage/lib/Stage-4.3/expand_swarm.so" to ""
[6.459s] -- Installing: /home/tungchiahui/UserFloder/mysource/ROS/ROS2_WS/6.ws_simulations/install/Stage/lib/Stage-4.3/expand_pioneer.so
[6.459s] -- Set runtime path of "/home/tungchiahui/UserFloder/mysource/ROS/ROS2_WS/6.ws_simulations/install/Stage/lib/Stage-4.3/expand_pioneer.so" to ""
[6.460s] -- Installing: /home/tungchiahui/UserFloder/mysource/ROS/ROS2_WS/6.ws_simulations/install/Stage/share/stage/worlds/bitmaps/889_05.png
[6.460s] -- Installing: /home/tungchiahui/UserFloder/mysource/ROS/ROS2_WS/6.ws_simulations/install/Stage/share/stage/worlds/bitmaps/SFU_1200x615.png
[6.460s] -- Installing: /home/tungchiahui/UserFloder/mysource/ROS/ROS2_WS/6.ws_simulations/install/Stage/share/stage/worlds/bitmaps/SRI-AIC-kwing.png
[6.460s] -- Installing: /home/tungchiahui/UserFloder/mysource/ROS/ROS2_WS/6.ws_simulations/install/Stage/share/stage/worlds/bitmaps/autolab.png
[6.460s] -- Installing: /home/tungchiahui/UserFloder/mysource/ROS/ROS2_WS/6.ws_simulations/install/Stage/share/stage/worlds/bitmaps/cave.png
[6.460s] -- Installing: /home/tungchiahui/UserFloder/mysource/ROS/ROS2_WS/6.ws_simulations/install/Stage/share/stage/worlds/bitmaps/cave_compact.png
[6.460s] -- Installing: /home/tungchiahui/UserFloder/mysource/ROS/ROS2_WS/6.ws_simulations/install/Stage/share/stage/worlds/bitmaps/cave_filled.png
[6.460s] -- Installing: /home/tungchiahui/UserFloder/mysource/ROS/ROS2_WS/6.ws_simulations/install/Stage/share/stage/worlds/bitmaps/frieburg.png
[6.460s] -- Installing: /home/tungchiahui/UserFloder/mysource/ROS/ROS2_WS/6.ws_simulations/install/Stage/share/stage/worlds/bitmaps/ghost.png
[6.460s] -- Installing: /home/tungchiahui/UserFloder/mysource/ROS/ROS2_WS/6.ws_simulations/install/Stage/share/stage/worlds/bitmaps/hospital.png
[6.460s] -- Installing: /home/tungchiahui/UserFloder/mysource/ROS/ROS2_WS/6.ws_simulations/install/Stage/share/stage/worlds/bitmaps/hospital_section.png
[6.460s] -- Installing: /home/tungchiahui/UserFloder/mysource/ROS/ROS2_WS/6.ws_simulations/install/Stage/share/stage/worlds/bitmaps/human_outline.png
[6.460s] -- Installing: /home/tungchiahui/UserFloder/mysource/ROS/ROS2_WS/6.ws_simulations/install/Stage/share/stage/worlds/bitmaps/mbicp.png
[6.460s] -- Installing: /home/tungchiahui/UserFloder/mysource/ROS/ROS2_WS/6.ws_simulations/install/Stage/share/stage/worlds/bitmaps/rink.png
[6.460s] -- Installing: /home/tungchiahui/UserFloder/mysource/ROS/ROS2_WS/6.ws_simulations/install/Stage/share/stage/worlds/bitmaps/sal2.png
[6.460s] -- Installing: /home/tungchiahui/UserFloder/mysource/ROS/ROS2_WS/6.ws_simulations/install/Stage/share/stage/worlds/bitmaps/simple_rooms.png
[6.460s] -- Installing: /home/tungchiahui/UserFloder/mysource/ROS/ROS2_WS/6.ws_simulations/install/Stage/share/stage/worlds/bitmaps/space_invader.png
[6.460s] -- Installing: /home/tungchiahui/UserFloder/mysource/ROS/ROS2_WS/6.ws_simulations/install/Stage/share/stage/worlds/bitmaps/submarine.png
[6.460s] -- Installing: /home/tungchiahui/UserFloder/mysource/ROS/ROS2_WS/6.ws_simulations/install/Stage/share/stage/worlds/bitmaps/submarine_small.png
[6.461s] -- Installing: /home/tungchiahui/UserFloder/mysource/ROS/ROS2_WS/6.ws_simulations/install/Stage/share/stage/worlds/bitmaps/table.png
[6.461s] -- Installing: /home/tungchiahui/UserFloder/mysource/ROS/ROS2_WS/6.ws_simulations/install/Stage/share/stage/worlds/bitmaps/uoa_robotics_lab.png
[6.462s] -- Installing: /home/tungchiahui/UserFloder/mysource/ROS/ROS2_WS/6.ws_simulations/install/Stage/share/stage/worlds/wifi/commando.world
[6.462s] -- Installing: /home/tungchiahui/UserFloder/mysource/ROS/ROS2_WS/6.ws_simulations/install/Stage/share/stage/worlds/wifi/hosp_wifi.world
[6.462s] -- Installing: /home/tungchiahui/UserFloder/mysource/ROS/ROS2_WS/6.ws_simulations/install/Stage/share/stage/worlds/wifi/hosp_wifi_5.world
[6.462s] -- Installing: /home/tungchiahui/UserFloder/mysource/ROS/ROS2_WS/6.ws_simulations/install/Stage/share/stage/worlds/wifi/wifi.world
[6.462s] -- Installing: /home/tungchiahui/UserFloder/mysource/ROS/ROS2_WS/6.ws_simulations/install/Stage/share/stage/worlds/wifi/wifi_itu.world
[6.462s] -- Installing: /home/tungchiahui/UserFloder/mysource/ROS/ROS2_WS/6.ws_simulations/install/Stage/share/stage/worlds/wifi/wifi_logdistance.world
[6.462s] -- Installing: /home/tungchiahui/UserFloder/mysource/ROS/ROS2_WS/6.ws_simulations/install/Stage/share/stage/worlds/wifi/wifi_ray.world
[6.462s] -- Installing: /home/tungchiahui/UserFloder/mysource/ROS/ROS2_WS/6.ws_simulations/install/Stage/share/stage/worlds/wifi/wifi_simple.world
[6.462s] -- Installing: /home/tungchiahui/UserFloder/mysource/ROS/ROS2_WS/6.ws_simulations/install/Stage/share/stage/worlds/wifi/map.inc
[6.464s] Invoked command in '/home/tungchiahui/UserFloder/mysource/ROS/ROS2_WS/6.ws_simulations/build/Stage' returned '0': /usr/bin/cmake --install /home/tungchiahui/UserFloder/mysource/ROS/ROS2_WS/6.ws_simulations/build/Stage
