[0.075s] Invoking command in '/home/tungchiahui/user/mysource/ros2src/5.opencv_demo_ws/build/opencv_demo3_0_save_media_file': CMAKE_PREFIX_PATH=${CMAKE_PREFIX_PATH}:/opt/ros/humble /usr/bin/cmake /home/tungchiahui/user/mysource/ros2src/5.opencv_demo_ws/src/opencv_demo3_0_save_media_file -DCMAKE_INSTALL_PREFIX=/home/tungchiahui/user/mysource/ros2src/5.opencv_demo_ws/install/opencv_demo3_0_save_media_file
[0.083s] -- Found ament_cmake: 1.3.6 (/opt/ros/humble/share/ament_cmake/cmake)
[0.174s] -- Found rclcpp: 16.0.7 (/opt/ros/humble/share/rclcpp/cmake)
[0.192s] -- Found rosidl_generator_c: 3.1.5 (/opt/ros/humble/share/rosidl_generator_c/cmake)
[0.194s] -- Found rosidl_adapter: 3.1.5 (/opt/ros/humble/share/rosidl_adapter/cmake)
[0.197s] -- Found rosidl_generator_cpp: 3.1.5 (/opt/ros/humble/share/rosidl_generator_cpp/cmake)
[0.204s] -- Using all available rosidl_typesupport_c: rosidl_typesupport_fastrtps_c;rosidl_typesupport_introspection_c
[0.213s] -- Using all available rosidl_typesupport_cpp: rosidl_typesupport_fastrtps_cpp;rosidl_typesupport_introspection_cpp
[0.249s] -- Found rmw_implementation_cmake: 6.1.1 (/opt/ros/humble/share/rmw_implementation_cmake/cmake)
[0.250s] -- Found rmw_fastrtps_cpp: 6.2.5 (/opt/ros/humble/share/rmw_fastrtps_cpp/cmake)
[0.338s] -- Using RMW implementation 'rmw_fastrtps_cpp' as default
[0.472s] -- Found sensor_msgs: 4.2.3 (/opt/ros/humble/share/sensor_msgs/cmake)
[0.552s] -- Found cv_bridge: 3.2.1 (/opt/ros/humble/share/cv_bridge/cmake)
[0.558s] -- Found image_transport: 3.1.7 (/opt/ros/humble/share/image_transport/cmake)
[0.585s] -- Found ament_lint_auto: 0.12.9 (/opt/ros/humble/share/ament_lint_auto/cmake)
[0.637s] -- Added test 'cppcheck' to perform static code analysis on C / C++ code
[0.637s] -- Configured cppcheck include dirs: /home/tungchiahui/user/mysource/ros2src/5.opencv_demo_ws/src/opencv_demo3_0_save_media_file/include/opencv_demo3_save_media_file;$<BUILD_INTERFACE:/home/tungchiahui/user/mysource/ros2src/5.opencv_demo_ws/src/opencv_demo3_0_save_media_file/include>
[0.637s] -- Configured cppcheck exclude dirs and/or files: 
[0.638s] -- Added test 'lint_cmake' to check CMake code style
[0.639s] -- Added test 'uncrustify' to check C / C++ code style
[0.639s] -- Configured uncrustify additional arguments: 
[0.639s] -- Added test 'xmllint' to check XML markup files
[0.640s] -- Configuring done
[0.659s] -- Generating done
[0.660s] -- Build files have been written to: /home/tungchiahui/user/mysource/ros2src/5.opencv_demo_ws/build/opencv_demo3_0_save_media_file
[0.667s] Invoked command in '/home/tungchiahui/user/mysource/ros2src/5.opencv_demo_ws/build/opencv_demo3_0_save_media_file' returned '0': CMAKE_PREFIX_PATH=${CMAKE_PREFIX_PATH}:/opt/ros/humble /usr/bin/cmake /home/tungchiahui/user/mysource/ros2src/5.opencv_demo_ws/src/opencv_demo3_0_save_media_file -DCMAKE_INSTALL_PREFIX=/home/tungchiahui/user/mysource/ros2src/5.opencv_demo_ws/install/opencv_demo3_0_save_media_file
[0.669s] Invoking command in '/home/tungchiahui/user/mysource/ros2src/5.opencv_demo_ws/build/opencv_demo3_0_save_media_file': CMAKE_PREFIX_PATH=${CMAKE_PREFIX_PATH}:/opt/ros/humble /usr/bin/cmake --build /home/tungchiahui/user/mysource/ros2src/5.opencv_demo_ws/build/opencv_demo3_0_save_media_file -- -j16 -l16
[0.701s] [ 16%] [32mBuilding CXX object CMakeFiles/opencv_save_image_node.dir/src/opencv_save_image_node.cpp.o[0m
[0.701s] [ 50%] [32mBuilding CXX object CMakeFiles/opencv_save_video_node.dir/src/opencv_save_video_node.cpp.o[0m
[0.701s] [ 50%] [32mBuilding CXX object CMakeFiles/opencv_save_image_in_video_node.dir/src/opencv_save_image_in_video_node.cpp.o[0m
[4.105s] [ 83%] [32m[1mLinking CXX executable opencv_save_image_in_video_node[0m
[4.105s] [ 83%] [32m[1mLinking CXX executable opencv_save_video_node[0m
[4.107s] [100%] [32m[1mLinking CXX executable opencv_save_image_node[0m
[4.314s] [100%] Built target opencv_save_image_node
[4.560s] [100%] Built target opencv_save_image_in_video_node
[4.575s] [100%] Built target opencv_save_video_node
[4.585s] Invoked command in '/home/tungchiahui/user/mysource/ros2src/5.opencv_demo_ws/build/opencv_demo3_0_save_media_file' returned '0': CMAKE_PREFIX_PATH=${CMAKE_PREFIX_PATH}:/opt/ros/humble /usr/bin/cmake --build /home/tungchiahui/user/mysource/ros2src/5.opencv_demo_ws/build/opencv_demo3_0_save_media_file -- -j16 -l16
[4.606s] Invoking command in '/home/tungchiahui/user/mysource/ros2src/5.opencv_demo_ws/build/opencv_demo3_0_save_media_file': CMAKE_PREFIX_PATH=${CMAKE_PREFIX_PATH}:/opt/ros/humble /usr/bin/cmake --install /home/tungchiahui/user/mysource/ros2src/5.opencv_demo_ws/build/opencv_demo3_0_save_media_file
[4.611s] -- Install configuration: ""
[4.611s] -- Installing: /home/tungchiahui/user/mysource/ros2src/5.opencv_demo_ws/install/opencv_demo3_0_save_media_file/lib/opencv_demo3_0_save_media_file/opencv_save_image_node
[4.612s] -- Set runtime path of "/home/tungchiahui/user/mysource/ros2src/5.opencv_demo_ws/install/opencv_demo3_0_save_media_file/lib/opencv_demo3_0_save_media_file/opencv_save_image_node" to ""
[4.612s] -- Installing: /home/tungchiahui/user/mysource/ros2src/5.opencv_demo_ws/install/opencv_demo3_0_save_media_file/lib/opencv_demo3_0_save_media_file/opencv_save_image_in_video_node
[4.612s] -- Set runtime path of "/home/tungchiahui/user/mysource/ros2src/5.opencv_demo_ws/install/opencv_demo3_0_save_media_file/lib/opencv_demo3_0_save_media_file/opencv_save_image_in_video_node" to ""
[4.612s] -- Installing: /home/tungchiahui/user/mysource/ros2src/5.opencv_demo_ws/install/opencv_demo3_0_save_media_file/lib/opencv_demo3_0_save_media_file/opencv_save_video_node
[4.613s] -- Set runtime path of "/home/tungchiahui/user/mysource/ros2src/5.opencv_demo_ws/install/opencv_demo3_0_save_media_file/lib/opencv_demo3_0_save_media_file/opencv_save_video_node" to ""
[4.613s] -- Installing: /home/tungchiahui/user/mysource/ros2src/5.opencv_demo_ws/install/opencv_demo3_0_save_media_file/share/ament_index/resource_index/package_run_dependencies/opencv_demo3_0_save_media_file
[4.613s] -- Installing: /home/tungchiahui/user/mysource/ros2src/5.opencv_demo_ws/install/opencv_demo3_0_save_media_file/share/ament_index/resource_index/parent_prefix_path/opencv_demo3_0_save_media_file
[4.613s] -- Installing: /home/tungchiahui/user/mysource/ros2src/5.opencv_demo_ws/install/opencv_demo3_0_save_media_file/share/opencv_demo3_0_save_media_file/environment/ament_prefix_path.sh
[4.613s] -- Installing: /home/tungchiahui/user/mysource/ros2src/5.opencv_demo_ws/install/opencv_demo3_0_save_media_file/share/opencv_demo3_0_save_media_file/environment/ament_prefix_path.dsv
[4.614s] -- Installing: /home/tungchiahui/user/mysource/ros2src/5.opencv_demo_ws/install/opencv_demo3_0_save_media_file/share/opencv_demo3_0_save_media_file/environment/path.sh
[4.614s] -- Installing: /home/tungchiahui/user/mysource/ros2src/5.opencv_demo_ws/install/opencv_demo3_0_save_media_file/share/opencv_demo3_0_save_media_file/environment/path.dsv
[4.614s] -- Installing: /home/tungchiahui/user/mysource/ros2src/5.opencv_demo_ws/install/opencv_demo3_0_save_media_file/share/opencv_demo3_0_save_media_file/local_setup.bash
[4.614s] -- Installing: /home/tungchiahui/user/mysource/ros2src/5.opencv_demo_ws/install/opencv_demo3_0_save_media_file/share/opencv_demo3_0_save_media_file/local_setup.sh
[4.614s] -- Installing: /home/tungchiahui/user/mysource/ros2src/5.opencv_demo_ws/install/opencv_demo3_0_save_media_file/share/opencv_demo3_0_save_media_file/local_setup.zsh
[4.614s] -- Installing: /home/tungchiahui/user/mysource/ros2src/5.opencv_demo_ws/install/opencv_demo3_0_save_media_file/share/opencv_demo3_0_save_media_file/local_setup.dsv
[4.614s] -- Installing: /home/tungchiahui/user/mysource/ros2src/5.opencv_demo_ws/install/opencv_demo3_0_save_media_file/share/opencv_demo3_0_save_media_file/package.dsv
[4.614s] -- Installing: /home/tungchiahui/user/mysource/ros2src/5.opencv_demo_ws/install/opencv_demo3_0_save_media_file/share/ament_index/resource_index/packages/opencv_demo3_0_save_media_file
[4.614s] -- Installing: /home/tungchiahui/user/mysource/ros2src/5.opencv_demo_ws/install/opencv_demo3_0_save_media_file/share/opencv_demo3_0_save_media_file/cmake/opencv_demo3_0_save_media_fileConfig.cmake
[4.615s] -- Installing: /home/tungchiahui/user/mysource/ros2src/5.opencv_demo_ws/install/opencv_demo3_0_save_media_file/share/opencv_demo3_0_save_media_file/cmake/opencv_demo3_0_save_media_fileConfig-version.cmake
[4.615s] -- Installing: /home/tungchiahui/user/mysource/ros2src/5.opencv_demo_ws/install/opencv_demo3_0_save_media_file/share/opencv_demo3_0_save_media_file/package.xml
[4.642s] Invoked command in '/home/tungchiahui/user/mysource/ros2src/5.opencv_demo_ws/build/opencv_demo3_0_save_media_file' returned '0': CMAKE_PREFIX_PATH=${CMAKE_PREFIX_PATH}:/opt/ros/humble /usr/bin/cmake --install /home/tungchiahui/user/mysource/ros2src/5.opencv_demo_ws/build/opencv_demo3_0_save_media_file
