[0.013s] Invoking command in '/home/tungchiahui/source/ROS2_WS/4.ws02_tools/build/cpp06_urdf': CMAKE_PREFIX_PATH=${CMAKE_PREFIX_PATH}:/opt/ros/jazzy /usr/bin/cmake /home/tungchiahui/source/ROS2_WS/4.ws02_tools/src/cpp06_urdf -DCMAKE_INSTALL_PREFIX=/home/tungchiahui/source/ROS2_WS/4.ws02_tools/install/cpp06_urdf
[0.029s] -- Found ament_cmake: 2.5.2 (/opt/ros/jazzy/share/ament_cmake/cmake)
[0.223s] -- Found ament_lint_auto: 0.17.1 (/opt/ros/jazzy/share/ament_lint_auto/cmake)
[0.305s] -- Added test 'flake8' to check Python code syntax and style conventions
[0.306s] -- Configured 'flake8' exclude dirs and/or files: 
[0.306s] -- Added test 'lint_cmake' to check CMake code style
[0.306s] -- Added test 'pep257' to check Python code against some of the docstring style conventions in PEP 257
[0.308s] -- Added test 'xmllint' to check XML markup files
[0.309s] -- Configuring done (0.3s)
[0.317s] -- Generating done (0.0s)
[0.318s] -- Build files have been written to: /home/tungchiahui/source/ROS2_WS/4.ws02_tools/build/cpp06_urdf
[0.321s] Invoked command in '/home/tungchiahui/source/ROS2_WS/4.ws02_tools/build/cpp06_urdf' returned '0': CMAKE_PREFIX_PATH=${CMAKE_PREFIX_PATH}:/opt/ros/jazzy /usr/bin/cmake /home/tungchiahui/source/ROS2_WS/4.ws02_tools/src/cpp06_urdf -DCMAKE_INSTALL_PREFIX=/home/tungchiahui/source/ROS2_WS/4.ws02_tools/install/cpp06_urdf
[0.322s] Invoking command in '/home/tungchiahui/source/ROS2_WS/4.ws02_tools/build/cpp06_urdf': CMAKE_PREFIX_PATH=${CMAKE_PREFIX_PATH}:/opt/ros/jazzy /usr/bin/cmake --build /home/tungchiahui/source/ROS2_WS/4.ws02_tools/build/cpp06_urdf -- -j16 -l16
[0.349s] Invoked command in '/home/tungchiahui/source/ROS2_WS/4.ws02_tools/build/cpp06_urdf' returned '0': CMAKE_PREFIX_PATH=${CMAKE_PREFIX_PATH}:/opt/ros/jazzy /usr/bin/cmake --build /home/tungchiahui/source/ROS2_WS/4.ws02_tools/build/cpp06_urdf -- -j16 -l16
[0.355s] Invoking command in '/home/tungchiahui/source/ROS2_WS/4.ws02_tools/build/cpp06_urdf': CMAKE_PREFIX_PATH=${CMAKE_PREFIX_PATH}:/opt/ros/jazzy /usr/bin/cmake --install /home/tungchiahui/source/ROS2_WS/4.ws02_tools/build/cpp06_urdf
[0.360s] -- Install configuration: ""
[0.360s] -- Up-to-date: /home/tungchiahui/source/ROS2_WS/4.ws02_tools/install/cpp06_urdf/share/cpp06_urdf/launch
[0.361s] -- Up-to-date: /home/tungchiahui/source/ROS2_WS/4.ws02_tools/install/cpp06_urdf/share/cpp06_urdf/launch/display.launch.py
[0.361s] -- Up-to-date: /home/tungchiahui/source/ROS2_WS/4.ws02_tools/install/cpp06_urdf/share/cpp06_urdf/urdf
[0.361s] -- Up-to-date: /home/tungchiahui/source/ROS2_WS/4.ws02_tools/install/cpp06_urdf/share/cpp06_urdf/urdf/urdf
[0.361s] -- Up-to-date: /home/tungchiahui/source/ROS2_WS/4.ws02_tools/install/cpp06_urdf/share/cpp06_urdf/urdf/urdf/demo05_exercise.urdf
[0.361s] -- Up-to-date: /home/tungchiahui/source/ROS2_WS/4.ws02_tools/install/cpp06_urdf/share/cpp06_urdf/urdf/urdf/demo04_basefootprint.urdf
[0.361s] -- Up-to-date: /home/tungchiahui/source/ROS2_WS/4.ws02_tools/install/cpp06_urdf/share/cpp06_urdf/urdf/urdf/exercise_demo.pdf
[0.361s] -- Up-to-date: /home/tungchiahui/source/ROS2_WS/4.ws02_tools/install/cpp06_urdf/share/cpp06_urdf/urdf/urdf/exercise_demo.gv
[0.361s] -- Up-to-date: /home/tungchiahui/source/ROS2_WS/4.ws02_tools/install/cpp06_urdf/share/cpp06_urdf/urdf/urdf/demo01_boxrobot.urdf
[0.361s] -- Up-to-date: /home/tungchiahui/source/ROS2_WS/4.ws02_tools/install/cpp06_urdf/share/cpp06_urdf/urdf/urdf/demo03_joint.urdf
[0.362s] -- Up-to-date: /home/tungchiahui/source/ROS2_WS/4.ws02_tools/install/cpp06_urdf/share/cpp06_urdf/urdf/urdf/demo02_link.urdf
[0.362s] -- Up-to-date: /home/tungchiahui/source/ROS2_WS/4.ws02_tools/install/cpp06_urdf/share/cpp06_urdf/rviz
[0.362s] -- Up-to-date: /home/tungchiahui/source/ROS2_WS/4.ws02_tools/install/cpp06_urdf/share/cpp06_urdf/rviz/urdf.rviz
[0.362s] -- Up-to-date: /home/tungchiahui/source/ROS2_WS/4.ws02_tools/install/cpp06_urdf/share/cpp06_urdf/meshes
[0.362s] -- Up-to-date: /home/tungchiahui/source/ROS2_WS/4.ws02_tools/install/cpp06_urdf/share/ament_index/resource_index/package_run_dependencies/cpp06_urdf
[0.362s] -- Up-to-date: /home/tungchiahui/source/ROS2_WS/4.ws02_tools/install/cpp06_urdf/share/ament_index/resource_index/parent_prefix_path/cpp06_urdf
[0.362s] -- Up-to-date: /home/tungchiahui/source/ROS2_WS/4.ws02_tools/install/cpp06_urdf/share/cpp06_urdf/environment/ament_prefix_path.sh
[0.363s] -- Up-to-date: /home/tungchiahui/source/ROS2_WS/4.ws02_tools/install/cpp06_urdf/share/cpp06_urdf/environment/ament_prefix_path.dsv
[0.363s] -- Up-to-date: /home/tungchiahui/source/ROS2_WS/4.ws02_tools/install/cpp06_urdf/share/cpp06_urdf/environment/path.sh
[0.363s] -- Up-to-date: /home/tungchiahui/source/ROS2_WS/4.ws02_tools/install/cpp06_urdf/share/cpp06_urdf/environment/path.dsv
[0.363s] -- Up-to-date: /home/tungchiahui/source/ROS2_WS/4.ws02_tools/install/cpp06_urdf/share/cpp06_urdf/local_setup.bash
[0.363s] -- Up-to-date: /home/tungchiahui/source/ROS2_WS/4.ws02_tools/install/cpp06_urdf/share/cpp06_urdf/local_setup.sh
[0.363s] -- Up-to-date: /home/tungchiahui/source/ROS2_WS/4.ws02_tools/install/cpp06_urdf/share/cpp06_urdf/local_setup.zsh
[0.363s] -- Up-to-date: /home/tungchiahui/source/ROS2_WS/4.ws02_tools/install/cpp06_urdf/share/cpp06_urdf/local_setup.dsv
[0.363s] -- Installing: /home/tungchiahui/source/ROS2_WS/4.ws02_tools/install/cpp06_urdf/share/cpp06_urdf/package.dsv
[0.364s] -- Up-to-date: /home/tungchiahui/source/ROS2_WS/4.ws02_tools/install/cpp06_urdf/share/ament_index/resource_index/packages/cpp06_urdf
[0.364s] -- Up-to-date: /home/tungchiahui/source/ROS2_WS/4.ws02_tools/install/cpp06_urdf/share/cpp06_urdf/cmake/cpp06_urdfConfig.cmake
[0.364s] -- Up-to-date: /home/tungchiahui/source/ROS2_WS/4.ws02_tools/install/cpp06_urdf/share/cpp06_urdf/cmake/cpp06_urdfConfig-version.cmake
[0.364s] -- Up-to-date: /home/tungchiahui/source/ROS2_WS/4.ws02_tools/install/cpp06_urdf/share/cpp06_urdf/package.xml
[0.365s] Invoked command in '/home/tungchiahui/source/ROS2_WS/4.ws02_tools/build/cpp06_urdf' returned '0': CMAKE_PREFIX_PATH=${CMAKE_PREFIX_PATH}:/opt/ros/jazzy /usr/bin/cmake --install /home/tungchiahui/source/ROS2_WS/4.ws02_tools/build/cpp06_urdf
