[0.041s] Invoking command in '/home/tungchiahui/mysource/ros2src/5.opencv_demo_ws/build/opencv_demo1_show_image': CMAKE_PREFIX_PATH=${CMAKE_PREFIX_PATH}:/opt/ros/humble /usr/bin/cmake /home/tungchiahui/mysource/ros2src/5.opencv_demo_ws/src/opencv_demo1_show_image -DCMAKE_INSTALL_PREFIX=/home/tungchiahui/mysource/ros2src/5.opencv_demo_ws/install/opencv_demo1_show_image
[0.130s] -- The C compiler identification is GNU 11.4.0
[0.201s] -- The CXX compiler identification is GNU 11.4.0
[0.209s] -- Detecting C compiler ABI info
[0.258s] -- Detecting C compiler ABI info - done
[0.262s] -- Check for working C compiler: /usr/bin/cc - skipped
[0.263s] -- Detecting C compile features
[0.263s] -- Detecting C compile features - done
[0.266s] -- Detecting CXX compiler ABI info
[0.321s] -- Detecting CXX compiler ABI info - done
[0.326s] -- Check for working CXX compiler: /usr/bin/c++ - skipped
[0.326s] -- Detecting CXX compile features
[0.326s] -- Detecting CXX compile features - done
[0.330s] -- Found ament_cmake: 1.3.6 (/opt/ros/humble/share/ament_cmake/cmake)
[0.446s] -- Found Python3: /usr/bin/python3.10 (found version "3.10.12") found components: Interpreter 
[0.520s] -- Found rclcpp: 16.0.7 (/opt/ros/humble/share/rclcpp/cmake)
[0.561s] -- Found rosidl_generator_c: 3.1.5 (/opt/ros/humble/share/rosidl_generator_c/cmake)
[0.566s] -- Found rosidl_adapter: 3.1.5 (/opt/ros/humble/share/rosidl_adapter/cmake)
[0.574s] -- Found rosidl_generator_cpp: 3.1.5 (/opt/ros/humble/share/rosidl_generator_cpp/cmake)
[0.587s] -- Using all available rosidl_typesupport_c: rosidl_typesupport_fastrtps_c;rosidl_typesupport_introspection_c
[0.603s] -- Using all available rosidl_typesupport_cpp: rosidl_typesupport_fastrtps_cpp;rosidl_typesupport_introspection_cpp
[0.660s] -- Found rmw_implementation_cmake: 6.1.1 (/opt/ros/humble/share/rmw_implementation_cmake/cmake)
[0.662s] -- Found rmw_fastrtps_cpp: 6.2.5 (/opt/ros/humble/share/rmw_fastrtps_cpp/cmake)
[0.735s] -- Found OpenSSL: /usr/lib/x86_64-linux-gnu/libcrypto.so (found version "3.0.2")  
[0.755s] -- Found FastRTPS: /opt/ros/humble/include  
[0.788s] -- Using RMW implementation 'rmw_fastrtps_cpp' as default
[0.796s] -- Looking for pthread.h
[0.843s] -- Looking for pthread.h - found
[0.844s] -- Performing Test CMAKE_HAVE_LIBC_PTHREAD
[0.889s] -- Performing Test CMAKE_HAVE_LIBC_PTHREAD - Success
[0.889s] -- Found Threads: TRUE  
[1.010s] -- Found OpenCV: /usr/local (found version "4.8.1") 
[1.012s] -- Found sensor_msgs: 4.2.3 (/opt/ros/humble/share/sensor_msgs/cmake)
[1.103s] -- Found cv_bridge: 3.2.1 (/opt/ros/humble/share/cv_bridge/cmake)
[1.110s] -- Found image_transport: 3.1.7 (/opt/ros/humble/share/image_transport/cmake)
[1.149s] -- Found ament_lint_auto: 0.12.9 (/opt/ros/humble/share/ament_lint_auto/cmake)
[1.204s] -- Added test 'cppcheck' to perform static code analysis on C / C++ code
[1.204s] -- Configured cppcheck include dirs: $<BUILD_INTERFACE:/home/tungchiahui/mysource/ros2src/5.opencv_demo_ws/src/opencv_demo1_show_image/include>
[1.204s] -- Configured cppcheck exclude dirs and/or files: 
[1.205s] -- Added test 'lint_cmake' to check CMake code style
[1.205s] -- Added test 'uncrustify' to check C / C++ code style
[1.205s] -- Configured uncrustify additional arguments: 
[1.206s] -- Added test 'xmllint' to check XML markup files
[1.207s] -- Configuring done
[1.220s] -- Generating done
[1.221s] -- Build files have been written to: /home/tungchiahui/mysource/ros2src/5.opencv_demo_ws/build/opencv_demo1_show_image
[1.230s] Invoked command in '/home/tungchiahui/mysource/ros2src/5.opencv_demo_ws/build/opencv_demo1_show_image' returned '0': CMAKE_PREFIX_PATH=${CMAKE_PREFIX_PATH}:/opt/ros/humble /usr/bin/cmake /home/tungchiahui/mysource/ros2src/5.opencv_demo_ws/src/opencv_demo1_show_image -DCMAKE_INSTALL_PREFIX=/home/tungchiahui/mysource/ros2src/5.opencv_demo_ws/install/opencv_demo1_show_image
[1.231s] Invoking command in '/home/tungchiahui/mysource/ros2src/5.opencv_demo_ws/build/opencv_demo1_show_image': CMAKE_PREFIX_PATH=${CMAKE_PREFIX_PATH}:/opt/ros/humble /usr/bin/cmake --build /home/tungchiahui/mysource/ros2src/5.opencv_demo_ws/build/opencv_demo1_show_image -- -j16 -l16
[1.262s] [ 50%] [32mBuilding CXX object CMakeFiles/show_image_instantiation_node.dir/src/show_image_instantiation_node.cpp.o[0m
[1.262s] [ 50%] [32mBuilding CXX object CMakeFiles/show_image_inheritance_node.dir/src/show_image_inheritance_node.cpp.o[0m
[4.029s] [100%] [32m[1mLinking CXX executable show_image_instantiation_node[0m
[4.029s] [100%] [32m[1mLinking CXX executable show_image_inheritance_node[0m
[4.306s] [100%] Built target show_image_instantiation_node
[4.308s] [100%] Built target show_image_inheritance_node
[4.315s] Invoked command in '/home/tungchiahui/mysource/ros2src/5.opencv_demo_ws/build/opencv_demo1_show_image' returned '0': CMAKE_PREFIX_PATH=${CMAKE_PREFIX_PATH}:/opt/ros/humble /usr/bin/cmake --build /home/tungchiahui/mysource/ros2src/5.opencv_demo_ws/build/opencv_demo1_show_image -- -j16 -l16
[4.339s] Invoking command in '/home/tungchiahui/mysource/ros2src/5.opencv_demo_ws/build/opencv_demo1_show_image': CMAKE_PREFIX_PATH=${CMAKE_PREFIX_PATH}:/opt/ros/humble /usr/bin/cmake --install /home/tungchiahui/mysource/ros2src/5.opencv_demo_ws/build/opencv_demo1_show_image
[4.343s] -- Install configuration: ""
[4.343s] -- Installing: /home/tungchiahui/mysource/ros2src/5.opencv_demo_ws/install/opencv_demo1_show_image/lib/opencv_demo1_show_image/show_image_instantiation_node
[4.344s] -- Set runtime path of "/home/tungchiahui/mysource/ros2src/5.opencv_demo_ws/install/opencv_demo1_show_image/lib/opencv_demo1_show_image/show_image_instantiation_node" to ""
[4.344s] -- Installing: /home/tungchiahui/mysource/ros2src/5.opencv_demo_ws/install/opencv_demo1_show_image/lib/opencv_demo1_show_image/show_image_inheritance_node
[4.344s] -- Set runtime path of "/home/tungchiahui/mysource/ros2src/5.opencv_demo_ws/install/opencv_demo1_show_image/lib/opencv_demo1_show_image/show_image_inheritance_node" to ""
[4.344s] -- Installing: /home/tungchiahui/mysource/ros2src/5.opencv_demo_ws/install/opencv_demo1_show_image/share/ament_index/resource_index/package_run_dependencies/opencv_demo1_show_image
[4.344s] -- Installing: /home/tungchiahui/mysource/ros2src/5.opencv_demo_ws/install/opencv_demo1_show_image/share/ament_index/resource_index/parent_prefix_path/opencv_demo1_show_image
[4.344s] -- Installing: /home/tungchiahui/mysource/ros2src/5.opencv_demo_ws/install/opencv_demo1_show_image/share/opencv_demo1_show_image/environment/ament_prefix_path.sh
[4.344s] -- Installing: /home/tungchiahui/mysource/ros2src/5.opencv_demo_ws/install/opencv_demo1_show_image/share/opencv_demo1_show_image/environment/ament_prefix_path.dsv
[4.345s] -- Installing: /home/tungchiahui/mysource/ros2src/5.opencv_demo_ws/install/opencv_demo1_show_image/share/opencv_demo1_show_image/environment/path.sh
[4.345s] -- Installing: /home/tungchiahui/mysource/ros2src/5.opencv_demo_ws/install/opencv_demo1_show_image/share/opencv_demo1_show_image/environment/path.dsv
[4.345s] -- Installing: /home/tungchiahui/mysource/ros2src/5.opencv_demo_ws/install/opencv_demo1_show_image/share/opencv_demo1_show_image/local_setup.bash
[4.345s] -- Installing: /home/tungchiahui/mysource/ros2src/5.opencv_demo_ws/install/opencv_demo1_show_image/share/opencv_demo1_show_image/local_setup.sh
[4.345s] -- Installing: /home/tungchiahui/mysource/ros2src/5.opencv_demo_ws/install/opencv_demo1_show_image/share/opencv_demo1_show_image/local_setup.zsh
[4.345s] -- Installing: /home/tungchiahui/mysource/ros2src/5.opencv_demo_ws/install/opencv_demo1_show_image/share/opencv_demo1_show_image/local_setup.dsv
[4.345s] -- Installing: /home/tungchiahui/mysource/ros2src/5.opencv_demo_ws/install/opencv_demo1_show_image/share/opencv_demo1_show_image/package.dsv
[4.345s] -- Installing: /home/tungchiahui/mysource/ros2src/5.opencv_demo_ws/install/opencv_demo1_show_image/share/ament_index/resource_index/packages/opencv_demo1_show_image
[4.345s] -- Installing: /home/tungchiahui/mysource/ros2src/5.opencv_demo_ws/install/opencv_demo1_show_image/share/opencv_demo1_show_image/cmake/opencv_demo1_show_imageConfig.cmake
[4.345s] -- Installing: /home/tungchiahui/mysource/ros2src/5.opencv_demo_ws/install/opencv_demo1_show_image/share/opencv_demo1_show_image/cmake/opencv_demo1_show_imageConfig-version.cmake
[4.345s] -- Installing: /home/tungchiahui/mysource/ros2src/5.opencv_demo_ws/install/opencv_demo1_show_image/share/opencv_demo1_show_image/package.xml
[4.346s] Invoked command in '/home/tungchiahui/mysource/ros2src/5.opencv_demo_ws/build/opencv_demo1_show_image' returned '0': CMAKE_PREFIX_PATH=${CMAKE_PREFIX_PATH}:/opt/ros/humble /usr/bin/cmake --install /home/tungchiahui/mysource/ros2src/5.opencv_demo_ws/build/opencv_demo1_show_image
