[0.006s] Invoking command in '/home/tungchiahui/mysource/ros2src/3.ws01_plumbing/build/cpp01_topic': CMAKE_PREFIX_PATH=/home/tungchiahui/mysource/ros2src/3.ws01_plumbing/install/base_interfaces_demo:/home/tungchiahui/mysource/ros2src/3.ws01_plumbing/install/cpp01_topic:/opt/ros/humble /usr/bin/cmake --build /home/tungchiahui/mysource/ros2src/3.ws01_plumbing/build/cpp01_topic -- -j16 -l16
[0.030s] [35m[1mConsolidate compiler generated dependencies of target demo02_listener_str[0m
[0.037s] [ 50%] Built target demo01_talker_str
[0.040s] [ 75%] [32mBuilding CXX object CMakeFiles/demo02_listener_str.dir/src/demo02_listener_str.cpp.o[0m
[1.862s] [100%] [32m[1mLinking CXX executable demo02_listener_str[0m
[1.929s] [100%] Built target demo02_listener_str
[1.936s] Invoked command in '/home/tungchiahui/mysource/ros2src/3.ws01_plumbing/build/cpp01_topic' returned '0': CMAKE_PREFIX_PATH=/home/tungchiahui/mysource/ros2src/3.ws01_plumbing/install/base_interfaces_demo:/home/tungchiahui/mysource/ros2src/3.ws01_plumbing/install/cpp01_topic:/opt/ros/humble /usr/bin/cmake --build /home/tungchiahui/mysource/ros2src/3.ws01_plumbing/build/cpp01_topic -- -j16 -l16
[1.952s] Invoking command in '/home/tungchiahui/mysource/ros2src/3.ws01_plumbing/build/cpp01_topic': CMAKE_PREFIX_PATH=/home/tungchiahui/mysource/ros2src/3.ws01_plumbing/install/base_interfaces_demo:/home/tungchiahui/mysource/ros2src/3.ws01_plumbing/install/cpp01_topic:/opt/ros/humble /usr/bin/cmake --install /home/tungchiahui/mysource/ros2src/3.ws01_plumbing/build/cpp01_topic
[1.957s] -- Install configuration: ""
[1.957s] -- Up-to-date: /home/tungchiahui/mysource/ros2src/3.ws01_plumbing/install/cpp01_topic/lib/cpp01_topic/demo01_talker_str
[1.957s] -- Installing: /home/tungchiahui/mysource/ros2src/3.ws01_plumbing/install/cpp01_topic/lib/cpp01_topic/demo02_listener_str
[1.957s] -- Set runtime path of "/home/tungchiahui/mysource/ros2src/3.ws01_plumbing/install/cpp01_topic/lib/cpp01_topic/demo02_listener_str" to ""
[1.957s] -- Up-to-date: /home/tungchiahui/mysource/ros2src/3.ws01_plumbing/install/cpp01_topic/share/ament_index/resource_index/package_run_dependencies/cpp01_topic
[1.957s] -- Installing: /home/tungchiahui/mysource/ros2src/3.ws01_plumbing/install/cpp01_topic/share/ament_index/resource_index/parent_prefix_path/cpp01_topic
[1.957s] -- Up-to-date: /home/tungchiahui/mysource/ros2src/3.ws01_plumbing/install/cpp01_topic/share/cpp01_topic/environment/ament_prefix_path.sh
[1.957s] -- Installing: /home/tungchiahui/mysource/ros2src/3.ws01_plumbing/install/cpp01_topic/share/cpp01_topic/environment/ament_prefix_path.dsv
[1.957s] -- Up-to-date: /home/tungchiahui/mysource/ros2src/3.ws01_plumbing/install/cpp01_topic/share/cpp01_topic/environment/path.sh
[1.957s] -- Installing: /home/tungchiahui/mysource/ros2src/3.ws01_plumbing/install/cpp01_topic/share/cpp01_topic/environment/path.dsv
[1.957s] -- Up-to-date: /home/tungchiahui/mysource/ros2src/3.ws01_plumbing/install/cpp01_topic/share/cpp01_topic/local_setup.bash
[1.957s] -- Up-to-date: /home/tungchiahui/mysource/ros2src/3.ws01_plumbing/install/cpp01_topic/share/cpp01_topic/local_setup.sh
[1.957s] -- Up-to-date: /home/tungchiahui/mysource/ros2src/3.ws01_plumbing/install/cpp01_topic/share/cpp01_topic/local_setup.zsh
[1.957s] -- Installing: /home/tungchiahui/mysource/ros2src/3.ws01_plumbing/install/cpp01_topic/share/cpp01_topic/local_setup.dsv
[1.958s] -- Installing: /home/tungchiahui/mysource/ros2src/3.ws01_plumbing/install/cpp01_topic/share/cpp01_topic/package.dsv
[1.958s] -- Up-to-date: /home/tungchiahui/mysource/ros2src/3.ws01_plumbing/install/cpp01_topic/share/ament_index/resource_index/packages/cpp01_topic
[1.958s] -- Up-to-date: /home/tungchiahui/mysource/ros2src/3.ws01_plumbing/install/cpp01_topic/share/cpp01_topic/cmake/cpp01_topicConfig.cmake
[1.958s] -- Up-to-date: /home/tungchiahui/mysource/ros2src/3.ws01_plumbing/install/cpp01_topic/share/cpp01_topic/cmake/cpp01_topicConfig-version.cmake
[1.958s] -- Installing: /home/tungchiahui/mysource/ros2src/3.ws01_plumbing/install/cpp01_topic/share/cpp01_topic/package.xml
[1.960s] Invoked command in '/home/tungchiahui/mysource/ros2src/3.ws01_plumbing/build/cpp01_topic' returned '0': CMAKE_PREFIX_PATH=/home/tungchiahui/mysource/ros2src/3.ws01_plumbing/install/base_interfaces_demo:/home/tungchiahui/mysource/ros2src/3.ws01_plumbing/install/cpp01_topic:/opt/ros/humble /usr/bin/cmake --install /home/tungchiahui/mysource/ros2src/3.ws01_plumbing/build/cpp01_topic
