In file included from [01m[K/opt/ros/humble/include/rclcpp/rclcpp/logging.hpp:24[m[K,
                 from [01m[K/opt/ros/humble/include/rclcpp/rclcpp/client.hpp:40[m[K,
                 from [01m[K/opt/ros/humble/include/rclcpp/rclcpp/callback_group.hpp:24[m[K,
                 from [01m[K/opt/ros/humble/include/rclcpp/rclcpp/any_executable.hpp:20[m[K,
                 from [01m[K/opt/ros/humble/include/rclcpp/rclcpp/memory_strategy.hpp:25[m[K,
                 from [01m[K/opt/ros/humble/include/rclcpp/rclcpp/memory_strategies.hpp:18[m[K,
                 from [01m[K/opt/ros/humble/include/rclcpp/rclcpp/executor_options.hpp:20[m[K,
                 from [01m[K/opt/ros/humble/include/rclcpp/rclcpp/executor.hpp:37[m[K,
                 from [01m[K/opt/ros/humble/include/rclcpp/rclcpp/executors/multi_threaded_executor.hpp:25[m[K,
                 from [01m[K/opt/ros/humble/include/rclcpp/rclcpp/executors.hpp:21[m[K,
                 from [01m[K/opt/ros/humble/include/rclcpp/rclcpp/rclcpp.hpp:155[m[K,
                 from [01m[K/home/tungchiahui/user/mysource/ros2src/5.opencv_demo_ws/src/opencv_demo1_show_image/src/show_image_CUDA.cpp:1[m[K:
[01m[K/home/tungchiahui/user/mysource/ros2src/5.opencv_demo_ws/src/opencv_demo1_show_image/src/show_image_CUDA.cpp:[m[K In member function ‘[01m[Kbool OpenCV_Node::Show_Image_GPU_CUDA()[m[K’:
[01m[K/home/tungchiahui/user/mysource/ros2src/5.opencv_demo_ws/src/opencv_demo1_show_image/src/show_image_CUDA.cpp:40:36:[m[K [01;35m[Kwarning: [m[Kformat ‘[01m[K%d[m[K’ expects argument of type ‘[01m[Kint[m[K’, but argument 5 has type ‘[01m[Klong unsigned int[m[K’ [[01;35m[K]8;;https://gcc.gnu.org/onlinedocs/gcc/Warning-Options.html#index-Wformat=-Wformat=]8;;[m[K]
   40 |     RCLCPP_INFO(this->get_logger(),[01;35m[K"%d"[m[K,[32m[Ksizeof(arr)[m[K);
      |                                    [01;35m[K^~~~[m[K [32m[K~~~~~~~~~~~[m[K
      |                                         [32m[K|[m[K
      |                                         [32m[Klong unsigned int[m[K
[01m[K/home/tungchiahui/user/mysource/ros2src/5.opencv_demo_ws/src/opencv_demo1_show_image/src/show_image_CUDA.cpp:40:38:[m[K [01;36m[Knote: [m[Kformat string is defined here
   40 |     RCLCPP_INFO(this->get_logger(),"[01;36m[K%d[m[K",sizeof(arr));
      |                                     [01;36m[K~^[m[K
      |                                      [01;36m[K|[m[K
      |                                      [01;36m[Kint[m[K
      |                                     [32m[K%ld[m[K
