[0.159s] DEBUG:colcon:Command line arguments: ['/usr/bin/colcon', 'build']
[0.159s] DEBUG:colcon:Parsed command line arguments: Namespace(log_base=None, log_level=None, verb_name='build', build_base='build', install_base='install', merge_install=False, symlink_install=False, test_result_base=None, continue_on_error=False, executor='parallel', parallel_workers=4, event_handlers=None, ignore_user_meta=False, metas=['./colcon.meta'], base_paths=['.'], packages_ignore=None, packages_ignore_regex=None, paths=None, packages_up_to=None, packages_up_to_regex=None, packages_above=None, packages_above_and_dependencies=None, packages_above_depth=None, packages_select_by_dep=None, packages_skip_by_dep=None, packages_skip_up_to=None, packages_select_build_failed=False, packages_skip_build_finished=False, packages_select_test_failures=False, packages_skip_test_passed=False, packages_select=None, packages_skip=None, packages_select_regex=None, packages_skip_regex=None, packages_start=None, packages_end=None, allow_overriding=[], cmake_args=None, cmake_target=None, cmake_target_skip_unavailable=False, cmake_clean_cache=False, cmake_clean_first=False, cmake_force_configure=False, ament_cmake_args=None, catkin_cmake_args=None, catkin_skip_building_tests=False, mixin_files=None, mixin=None, verb_parser=<colcon_mixin.mixin.mixin_argument.MixinArgumentDecorator object at 0xffff9c3a8650>, verb_extension=<colcon_core.verb.build.BuildVerb object at 0xffff9c4c8bf0>, main=<bound method BuildVerb.main of <colcon_core.verb.build.BuildVerb object at 0xffff9c4c8bf0>>, mixin_verb=('build',))
[0.217s] Level 1:colcon.colcon_core.package_discovery:discover_packages(colcon_meta) check parameters
[0.217s] Level 1:colcon.colcon_core.package_discovery:discover_packages(recursive) check parameters
[0.217s] Level 1:colcon.colcon_core.package_discovery:discover_packages(ignore) check parameters
[0.217s] Level 1:colcon.colcon_core.package_discovery:discover_packages(path) check parameters
[0.217s] Level 1:colcon.colcon_core.package_discovery:discover_packages(colcon_meta) discover
[0.218s] Level 1:colcon.colcon_core.package_discovery:discover_packages(recursive) discover
[0.218s] INFO:colcon.colcon_core.package_discovery:Crawling recursively for packages in '/home/tungchiahui/mysource/ROS2_WS/8.ws_compro'
[0.218s] Level 1:colcon.colcon_core.package_identification:_identify(.) by extensions ['ignore', 'ignore_ament_install']
[0.218s] Level 1:colcon.colcon_core.package_identification:_identify(.) by extension 'ignore'
[0.218s] Level 1:colcon.colcon_core.package_identification:_identify(.) by extension 'ignore_ament_install'
[0.218s] Level 1:colcon.colcon_core.package_identification:_identify(.) by extensions ['colcon_pkg']
[0.218s] Level 1:colcon.colcon_core.package_identification:_identify(.) by extension 'colcon_pkg'
[0.218s] Level 1:colcon.colcon_core.package_identification:_identify(.) by extensions ['colcon_meta']
[0.218s] Level 1:colcon.colcon_core.package_identification:_identify(.) by extension 'colcon_meta'
[0.218s] Level 1:colcon.colcon_core.package_identification:_identify(.) by extensions ['ros']
[0.218s] Level 1:colcon.colcon_core.package_identification:_identify(.) by extension 'ros'
[0.258s] Level 1:colcon.colcon_core.package_identification:_identify(.) by extensions ['cmake', 'python']
[0.258s] Level 1:colcon.colcon_core.package_identification:_identify(.) by extension 'cmake'
[0.258s] Level 1:colcon.colcon_core.package_identification:_identify(.) by extension 'python'
[0.258s] Level 1:colcon.colcon_core.package_identification:_identify(.) by extensions ['python_setup_py']
[0.259s] Level 1:colcon.colcon_core.package_identification:_identify(.) by extension 'python_setup_py'
[0.259s] Level 1:colcon.colcon_core.package_identification:_identify(build) by extensions ['ignore', 'ignore_ament_install']
[0.259s] Level 1:colcon.colcon_core.package_identification:_identify(build) by extension 'ignore'
[0.259s] Level 1:colcon.colcon_core.package_identification:_identify(build) ignored
[0.259s] Level 1:colcon.colcon_core.package_identification:_identify(install) by extensions ['ignore', 'ignore_ament_install']
[0.259s] Level 1:colcon.colcon_core.package_identification:_identify(install) by extension 'ignore'
[0.259s] Level 1:colcon.colcon_core.package_identification:_identify(install) ignored
[0.259s] Level 1:colcon.colcon_core.package_identification:_identify(log) by extensions ['ignore', 'ignore_ament_install']
[0.260s] Level 1:colcon.colcon_core.package_identification:_identify(log) by extension 'ignore'
[0.260s] Level 1:colcon.colcon_core.package_identification:_identify(log) ignored
[0.260s] Level 1:colcon.colcon_core.package_identification:_identify(src) by extensions ['ignore', 'ignore_ament_install']
[0.260s] Level 1:colcon.colcon_core.package_identification:_identify(src) by extension 'ignore'
[0.260s] Level 1:colcon.colcon_core.package_identification:_identify(src) by extension 'ignore_ament_install'
[0.260s] Level 1:colcon.colcon_core.package_identification:_identify(src) by extensions ['colcon_pkg']
[0.260s] Level 1:colcon.colcon_core.package_identification:_identify(src) by extension 'colcon_pkg'
[0.260s] Level 1:colcon.colcon_core.package_identification:_identify(src) by extensions ['colcon_meta']
[0.260s] Level 1:colcon.colcon_core.package_identification:_identify(src) by extension 'colcon_meta'
[0.260s] Level 1:colcon.colcon_core.package_identification:_identify(src) by extensions ['ros']
[0.260s] Level 1:colcon.colcon_core.package_identification:_identify(src) by extension 'ros'
[0.260s] Level 1:colcon.colcon_core.package_identification:_identify(src) by extensions ['cmake', 'python']
[0.260s] Level 1:colcon.colcon_core.package_identification:_identify(src) by extension 'cmake'
[0.260s] Level 1:colcon.colcon_core.package_identification:_identify(src) by extension 'python'
[0.260s] Level 1:colcon.colcon_core.package_identification:_identify(src) by extensions ['python_setup_py']
[0.260s] Level 1:colcon.colcon_core.package_identification:_identify(src) by extension 'python_setup_py'
[0.261s] Level 1:colcon.colcon_core.package_identification:_identify(src/cpp01_serial) by extensions ['ignore', 'ignore_ament_install']
[0.261s] Level 1:colcon.colcon_core.package_identification:_identify(src/cpp01_serial) by extension 'ignore'
[0.261s] Level 1:colcon.colcon_core.package_identification:_identify(src/cpp01_serial) by extension 'ignore_ament_install'
[0.261s] Level 1:colcon.colcon_core.package_identification:_identify(src/cpp01_serial) by extensions ['colcon_pkg']
[0.261s] Level 1:colcon.colcon_core.package_identification:_identify(src/cpp01_serial) by extension 'colcon_pkg'
[0.261s] Level 1:colcon.colcon_core.package_identification:_identify(src/cpp01_serial) by extensions ['colcon_meta']
[0.261s] Level 1:colcon.colcon_core.package_identification:_identify(src/cpp01_serial) by extension 'colcon_meta'
[0.261s] Level 1:colcon.colcon_core.package_identification:_identify(src/cpp01_serial) by extensions ['ros']
[0.261s] Level 1:colcon.colcon_core.package_identification:_identify(src/cpp01_serial) by extension 'ros'
[0.264s] DEBUG:colcon.colcon_core.package_identification:Package 'src/cpp01_serial' with type 'ros.ament_cmake' and name 'cpp01_serial'
[0.264s] Level 1:colcon.colcon_core.package_discovery:discover_packages(recursive) using defaults
[0.265s] Level 1:colcon.colcon_core.package_discovery:discover_packages(ignore) discover
[0.265s] Level 1:colcon.colcon_core.package_discovery:discover_packages(ignore) using defaults
[0.265s] Level 1:colcon.colcon_core.package_discovery:discover_packages(path) discover
[0.265s] Level 1:colcon.colcon_core.package_discovery:discover_packages(path) using defaults
[0.289s] Level 1:colcon.colcon_core.package_discovery:discover_packages(prefix_path) check parameters
[0.289s] Level 1:colcon.colcon_core.package_discovery:discover_packages(prefix_path) discover
[0.292s] DEBUG:colcon.colcon_installed_package_information.package_discovery:Found 1 installed packages in /home/tungchiahui/mysource/ROS2_WS/8.ws_compro/install
[0.295s] DEBUG:colcon.colcon_installed_package_information.package_discovery:Found 390 installed packages in /opt/ros/jazzy
[0.298s] Level 1:colcon.colcon_core.package_discovery:discover_packages(prefix_path) using defaults
[0.375s] Level 5:colcon.colcon_core.verb:set package 'cpp01_serial' build argument 'cmake_args' from command line to 'None'
[0.375s] Level 5:colcon.colcon_core.verb:set package 'cpp01_serial' build argument 'cmake_target' from command line to 'None'
[0.375s] Level 5:colcon.colcon_core.verb:set package 'cpp01_serial' build argument 'cmake_target_skip_unavailable' from command line to 'False'
[0.375s] Level 5:colcon.colcon_core.verb:set package 'cpp01_serial' build argument 'cmake_clean_cache' from command line to 'False'
[0.375s] Level 5:colcon.colcon_core.verb:set package 'cpp01_serial' build argument 'cmake_clean_first' from command line to 'False'
[0.375s] Level 5:colcon.colcon_core.verb:set package 'cpp01_serial' build argument 'cmake_force_configure' from command line to 'False'
[0.375s] Level 5:colcon.colcon_core.verb:set package 'cpp01_serial' build argument 'ament_cmake_args' from command line to 'None'
[0.375s] Level 5:colcon.colcon_core.verb:set package 'cpp01_serial' build argument 'catkin_cmake_args' from command line to 'None'
[0.375s] Level 5:colcon.colcon_core.verb:set package 'cpp01_serial' build argument 'catkin_skip_building_tests' from command line to 'False'
[0.375s] DEBUG:colcon.colcon_core.verb:Building package 'cpp01_serial' with the following arguments: {'ament_cmake_args': None, 'build_base': '/home/tungchiahui/mysource/ROS2_WS/8.ws_compro/build/cpp01_serial', 'catkin_cmake_args': None, 'catkin_skip_building_tests': False, 'cmake_args': None, 'cmake_clean_cache': False, 'cmake_clean_first': False, 'cmake_force_configure': False, 'cmake_target': None, 'cmake_target_skip_unavailable': False, 'install_base': '/home/tungchiahui/mysource/ROS2_WS/8.ws_compro/install/cpp01_serial', 'merge_install': False, 'path': '/home/tungchiahui/mysource/ROS2_WS/8.ws_compro/src/cpp01_serial', 'symlink_install': False, 'test_result_base': None}
[0.375s] INFO:colcon.colcon_core.executor:Executing jobs using 'parallel' executor
[0.377s] DEBUG:colcon.colcon_parallel_executor.executor.parallel:run_until_complete
[0.377s] INFO:colcon.colcon_ros.task.ament_cmake.build:Building ROS package in '/home/tungchiahui/mysource/ROS2_WS/8.ws_compro/src/cpp01_serial' with build type 'ament_cmake'
[0.377s] INFO:colcon.colcon_cmake.task.cmake.build:Building CMake package in '/home/tungchiahui/mysource/ROS2_WS/8.ws_compro/src/cpp01_serial'
[0.380s] INFO:colcon.colcon_core.plugin_system:Skipping extension 'colcon_core.shell.bat': Not used on non-Windows systems
[0.380s] INFO:colcon.colcon_core.shell:Skip shell extension 'powershell' for command environment: Not usable outside of PowerShell
[0.380s] DEBUG:colcon.colcon_core.shell:Skip shell extension 'dsv' for command environment
[0.396s] DEBUG:colcon.colcon_core.event_handler.log_command:Invoking command in '/home/tungchiahui/mysource/ROS2_WS/8.ws_compro/build/cpp01_serial': CMAKE_PREFIX_PATH=${CMAKE_PREFIX_PATH}:/opt/ros/jazzy DEBUGINFOD_URLS=https://debuginfod.ubuntu.com /usr/bin/cmake --build /home/tungchiahui/mysource/ROS2_WS/8.ws_compro/build/cpp01_serial -- -j4 -l4
[7.525s] DEBUG:colcon.colcon_core.event_handler.log_command:Invoked command in '/home/tungchiahui/mysource/ROS2_WS/8.ws_compro/build/cpp01_serial' returned '0': CMAKE_PREFIX_PATH=${CMAKE_PREFIX_PATH}:/opt/ros/jazzy DEBUGINFOD_URLS=https://debuginfod.ubuntu.com /usr/bin/cmake --build /home/tungchiahui/mysource/ROS2_WS/8.ws_compro/build/cpp01_serial -- -j4 -l4
[7.545s] DEBUG:colcon.colcon_core.event_handler.log_command:Invoking command in '/home/tungchiahui/mysource/ROS2_WS/8.ws_compro/build/cpp01_serial': CMAKE_PREFIX_PATH=${CMAKE_PREFIX_PATH}:/opt/ros/jazzy DEBUGINFOD_URLS=https://debuginfod.ubuntu.com /usr/bin/cmake --install /home/tungchiahui/mysource/ROS2_WS/8.ws_compro/build/cpp01_serial
[7.567s] Level 1:colcon.colcon_core.environment:create_environment_scripts_only(cpp01_serial)
[7.570s] Level 1:colcon.colcon_core.environment:checking '/home/tungchiahui/mysource/ROS2_WS/8.ws_compro/install/cpp01_serial' for CMake module files
[7.571s] DEBUG:colcon.colcon_core.event_handler.log_command:Invoked command in '/home/tungchiahui/mysource/ROS2_WS/8.ws_compro/build/cpp01_serial' returned '0': CMAKE_PREFIX_PATH=${CMAKE_PREFIX_PATH}:/opt/ros/jazzy DEBUGINFOD_URLS=https://debuginfod.ubuntu.com /usr/bin/cmake --install /home/tungchiahui/mysource/ROS2_WS/8.ws_compro/build/cpp01_serial
[7.571s] Level 1:colcon.colcon_core.environment:checking '/home/tungchiahui/mysource/ROS2_WS/8.ws_compro/install/cpp01_serial' for CMake config files
[7.572s] Level 1:colcon.colcon_core.shell:create_environment_hook('cpp01_serial', 'cmake_prefix_path')
[7.572s] INFO:colcon.colcon_core.shell:Creating environment hook '/home/tungchiahui/mysource/ROS2_WS/8.ws_compro/install/cpp01_serial/share/cpp01_serial/hook/cmake_prefix_path.ps1'
[7.573s] INFO:colcon.colcon_core.shell:Creating environment descriptor '/home/tungchiahui/mysource/ROS2_WS/8.ws_compro/install/cpp01_serial/share/cpp01_serial/hook/cmake_prefix_path.dsv'
[7.574s] INFO:colcon.colcon_core.shell:Creating environment hook '/home/tungchiahui/mysource/ROS2_WS/8.ws_compro/install/cpp01_serial/share/cpp01_serial/hook/cmake_prefix_path.sh'
[7.575s] Level 1:colcon.colcon_core.environment:checking '/home/tungchiahui/mysource/ROS2_WS/8.ws_compro/install/cpp01_serial/lib'
[7.575s] Level 1:colcon.colcon_core.environment:checking '/home/tungchiahui/mysource/ROS2_WS/8.ws_compro/install/cpp01_serial/bin'
[7.575s] Level 1:colcon.colcon_core.environment:checking '/home/tungchiahui/mysource/ROS2_WS/8.ws_compro/install/cpp01_serial/lib/pkgconfig/cpp01_serial.pc'
[7.576s] Level 1:colcon.colcon_core.environment:checking '/home/tungchiahui/mysource/ROS2_WS/8.ws_compro/install/cpp01_serial/lib/python3.12/site-packages'
[7.576s] Level 1:colcon.colcon_core.environment:checking '/home/tungchiahui/mysource/ROS2_WS/8.ws_compro/install/cpp01_serial/bin'
[7.577s] INFO:colcon.colcon_core.shell:Creating package script '/home/tungchiahui/mysource/ROS2_WS/8.ws_compro/install/cpp01_serial/share/cpp01_serial/package.ps1'
[7.578s] INFO:colcon.colcon_core.shell:Creating package descriptor '/home/tungchiahui/mysource/ROS2_WS/8.ws_compro/install/cpp01_serial/share/cpp01_serial/package.dsv'
[7.579s] INFO:colcon.colcon_core.shell:Creating package script '/home/tungchiahui/mysource/ROS2_WS/8.ws_compro/install/cpp01_serial/share/cpp01_serial/package.sh'
[7.579s] INFO:colcon.colcon_core.shell:Creating package script '/home/tungchiahui/mysource/ROS2_WS/8.ws_compro/install/cpp01_serial/share/cpp01_serial/package.bash'
[7.583s] INFO:colcon.colcon_core.shell:Creating package script '/home/tungchiahui/mysource/ROS2_WS/8.ws_compro/install/cpp01_serial/share/cpp01_serial/package.zsh'
[7.587s] Level 1:colcon.colcon_core.environment:create_file_with_runtime_dependencies(/home/tungchiahui/mysource/ROS2_WS/8.ws_compro/install/cpp01_serial/share/colcon-core/packages/cpp01_serial)
[7.592s] Level 1:colcon.colcon_core.environment:create_environment_scripts_only(cpp01_serial)
[7.593s] Level 1:colcon.colcon_core.environment:checking '/home/tungchiahui/mysource/ROS2_WS/8.ws_compro/install/cpp01_serial' for CMake module files
[7.593s] Level 1:colcon.colcon_core.environment:checking '/home/tungchiahui/mysource/ROS2_WS/8.ws_compro/install/cpp01_serial' for CMake config files
[7.594s] Level 1:colcon.colcon_core.shell:create_environment_hook('cpp01_serial', 'cmake_prefix_path')
[7.594s] INFO:colcon.colcon_core.shell:Creating environment hook '/home/tungchiahui/mysource/ROS2_WS/8.ws_compro/install/cpp01_serial/share/cpp01_serial/hook/cmake_prefix_path.ps1'
[7.594s] INFO:colcon.colcon_core.shell:Creating environment descriptor '/home/tungchiahui/mysource/ROS2_WS/8.ws_compro/install/cpp01_serial/share/cpp01_serial/hook/cmake_prefix_path.dsv'
[7.598s] INFO:colcon.colcon_core.shell:Creating environment hook '/home/tungchiahui/mysource/ROS2_WS/8.ws_compro/install/cpp01_serial/share/cpp01_serial/hook/cmake_prefix_path.sh'
[7.603s] Level 1:colcon.colcon_core.environment:checking '/home/tungchiahui/mysource/ROS2_WS/8.ws_compro/install/cpp01_serial/lib'
[7.603s] Level 1:colcon.colcon_core.environment:checking '/home/tungchiahui/mysource/ROS2_WS/8.ws_compro/install/cpp01_serial/bin'
[7.603s] Level 1:colcon.colcon_core.environment:checking '/home/tungchiahui/mysource/ROS2_WS/8.ws_compro/install/cpp01_serial/lib/pkgconfig/cpp01_serial.pc'
[7.603s] Level 1:colcon.colcon_core.environment:checking '/home/tungchiahui/mysource/ROS2_WS/8.ws_compro/install/cpp01_serial/lib/python3.12/site-packages'
[7.604s] Level 1:colcon.colcon_core.environment:checking '/home/tungchiahui/mysource/ROS2_WS/8.ws_compro/install/cpp01_serial/bin'
[7.604s] INFO:colcon.colcon_core.shell:Creating package script '/home/tungchiahui/mysource/ROS2_WS/8.ws_compro/install/cpp01_serial/share/cpp01_serial/package.ps1'
[7.607s] INFO:colcon.colcon_core.shell:Creating package descriptor '/home/tungchiahui/mysource/ROS2_WS/8.ws_compro/install/cpp01_serial/share/cpp01_serial/package.dsv'
[7.609s] INFO:colcon.colcon_core.shell:Creating package script '/home/tungchiahui/mysource/ROS2_WS/8.ws_compro/install/cpp01_serial/share/cpp01_serial/package.sh'
[7.613s] INFO:colcon.colcon_core.shell:Creating package script '/home/tungchiahui/mysource/ROS2_WS/8.ws_compro/install/cpp01_serial/share/cpp01_serial/package.bash'
[7.617s] INFO:colcon.colcon_core.shell:Creating package script '/home/tungchiahui/mysource/ROS2_WS/8.ws_compro/install/cpp01_serial/share/cpp01_serial/package.zsh'
[7.622s] Level 1:colcon.colcon_core.environment:create_file_with_runtime_dependencies(/home/tungchiahui/mysource/ROS2_WS/8.ws_compro/install/cpp01_serial/share/colcon-core/packages/cpp01_serial)
[7.623s] DEBUG:colcon.colcon_parallel_executor.executor.parallel:closing loop
[7.624s] DEBUG:colcon.colcon_parallel_executor.executor.parallel:loop closed
[7.624s] DEBUG:colcon.colcon_parallel_executor.executor.parallel:run_until_complete finished with '0'
[7.624s] DEBUG:colcon.colcon_core.event_reactor:joining thread
[7.637s] INFO:colcon.colcon_core.plugin_system:Skipping extension 'colcon_notification.desktop_notification.terminal_notifier': Not used on non-Darwin systems
[7.637s] INFO:colcon.colcon_core.plugin_system:Skipping extension 'colcon_notification.desktop_notification.win32': Not used on non-Windows systems
[7.638s] INFO:colcon.colcon_notification.desktop_notification:Sending desktop notification using 'notify2'
[7.639s] DEBUG:colcon.colcon_notification.desktop_notification.notify2:Failed to initialize notify2: org.freedesktop.DBus.Error.ServiceUnknown: The name org.freedesktop.Notifications was not provided by any .service files
[7.639s] DEBUG:colcon.colcon_core.event_reactor:joined thread
[7.640s] INFO:colcon.colcon_core.shell:Creating prefix script '/home/tungchiahui/mysource/ROS2_WS/8.ws_compro/install/local_setup.ps1'
[7.641s] INFO:colcon.colcon_core.shell:Creating prefix util module '/home/tungchiahui/mysource/ROS2_WS/8.ws_compro/install/_local_setup_util_ps1.py'
[7.645s] INFO:colcon.colcon_core.shell:Creating prefix chain script '/home/tungchiahui/mysource/ROS2_WS/8.ws_compro/install/setup.ps1'
[7.652s] INFO:colcon.colcon_core.shell:Creating prefix script '/home/tungchiahui/mysource/ROS2_WS/8.ws_compro/install/local_setup.sh'
[7.656s] INFO:colcon.colcon_core.shell:Creating prefix util module '/home/tungchiahui/mysource/ROS2_WS/8.ws_compro/install/_local_setup_util_sh.py'
[7.663s] INFO:colcon.colcon_core.shell:Creating prefix chain script '/home/tungchiahui/mysource/ROS2_WS/8.ws_compro/install/setup.sh'
[7.670s] INFO:colcon.colcon_core.shell:Creating prefix script '/home/tungchiahui/mysource/ROS2_WS/8.ws_compro/install/local_setup.bash'
[7.674s] INFO:colcon.colcon_core.shell:Creating prefix chain script '/home/tungchiahui/mysource/ROS2_WS/8.ws_compro/install/setup.bash'
[7.676s] INFO:colcon.colcon_core.shell:Creating prefix script '/home/tungchiahui/mysource/ROS2_WS/8.ws_compro/install/local_setup.zsh'
[7.677s] INFO:colcon.colcon_core.shell:Creating prefix chain script '/home/tungchiahui/mysource/ROS2_WS/8.ws_compro/install/setup.zsh'
