[0.532s] DEBUG:colcon:Command line arguments: ['/usr/bin/colcon', 'build']
[0.532s] DEBUG:colcon:Parsed command line arguments: Namespace(log_base=None, log_level=None, verb_name='build', build_base='build', install_base='install', merge_install=False, symlink_install=False, test_result_base=None, continue_on_error=False, executor='parallel', parallel_workers=16, event_handlers=None, ignore_user_meta=False, metas=['./colcon.meta'], base_paths=['.'], packages_ignore=None, packages_ignore_regex=None, paths=None, packages_up_to=None, packages_up_to_regex=None, packages_above=None, packages_above_and_dependencies=None, packages_above_depth=None, packages_select_by_dep=None, packages_skip_by_dep=None, packages_skip_up_to=None, packages_select_build_failed=False, packages_skip_build_finished=False, packages_select_test_failures=False, packages_skip_test_passed=False, packages_select=None, packages_skip=None, packages_select_regex=None, packages_skip_regex=None, packages_start=None, packages_end=None, allow_overriding=[], cmake_args=None, cmake_target=None, cmake_target_skip_unavailable=False, cmake_clean_cache=False, cmake_clean_first=False, cmake_force_configure=False, ament_cmake_args=None, catkin_cmake_args=None, catkin_skip_building_tests=False, verb_parser=<colcon_defaults.argument_parser.defaults.DefaultArgumentsDecorator object at 0x7f410b2b8f70>, verb_extension=<colcon_core.verb.build.BuildVerb object at 0x7f410b2bb760>, main=<bound method BuildVerb.main of <colcon_core.verb.build.BuildVerb object at 0x7f410b2bb760>>)
[0.558s] Level 1:colcon.colcon_core.package_discovery:discover_packages(colcon_meta) check parameters
[0.558s] Level 1:colcon.colcon_core.package_discovery:discover_packages(recursive) check parameters
[0.558s] Level 1:colcon.colcon_core.package_discovery:discover_packages(ignore) check parameters
[0.558s] Level 1:colcon.colcon_core.package_discovery:discover_packages(path) check parameters
[0.558s] Level 1:colcon.colcon_core.package_discovery:discover_packages(colcon_meta) discover
[0.558s] Level 1:colcon.colcon_core.package_discovery:discover_packages(recursive) discover
[0.558s] INFO:colcon.colcon_core.package_discovery:Crawling recursively for packages in '/home/tungchiahui/user/mysource/ros2src/5.opencv_demo_ws'
[0.558s] Level 1:colcon.colcon_core.package_identification:_identify(.) by extensions ['ignore', 'ignore_ament_install']
[0.558s] Level 1:colcon.colcon_core.package_identification:_identify(.) by extension 'ignore'
[0.558s] Level 1:colcon.colcon_core.package_identification:_identify(.) by extension 'ignore_ament_install'
[0.558s] Level 1:colcon.colcon_core.package_identification:_identify(.) by extensions ['colcon_pkg']
[0.558s] Level 1:colcon.colcon_core.package_identification:_identify(.) by extension 'colcon_pkg'
[0.558s] Level 1:colcon.colcon_core.package_identification:_identify(.) by extensions ['colcon_meta']
[0.558s] Level 1:colcon.colcon_core.package_identification:_identify(.) by extension 'colcon_meta'
[0.558s] Level 1:colcon.colcon_core.package_identification:_identify(.) by extensions ['ros']
[0.558s] Level 1:colcon.colcon_core.package_identification:_identify(.) by extension 'ros'
[0.565s] Level 1:colcon.colcon_core.package_identification:_identify(.) by extensions ['cmake', 'python']
[0.565s] Level 1:colcon.colcon_core.package_identification:_identify(.) by extension 'cmake'
[0.565s] Level 1:colcon.colcon_core.package_identification:_identify(.) by extension 'python'
[0.565s] Level 1:colcon.colcon_core.package_identification:_identify(.) by extensions ['python_setup_py']
[0.565s] Level 1:colcon.colcon_core.package_identification:_identify(.) by extension 'python_setup_py'
[0.565s] Level 1:colcon.colcon_core.package_identification:_identify(build) by extensions ['ignore', 'ignore_ament_install']
[0.565s] Level 1:colcon.colcon_core.package_identification:_identify(build) by extension 'ignore'
[0.565s] Level 1:colcon.colcon_core.package_identification:_identify(build) ignored
[0.566s] Level 1:colcon.colcon_core.package_identification:_identify(install) by extensions ['ignore', 'ignore_ament_install']
[0.566s] Level 1:colcon.colcon_core.package_identification:_identify(install) by extension 'ignore'
[0.566s] Level 1:colcon.colcon_core.package_identification:_identify(install) ignored
[0.566s] Level 1:colcon.colcon_core.package_identification:_identify(log) by extensions ['ignore', 'ignore_ament_install']
[0.566s] Level 1:colcon.colcon_core.package_identification:_identify(log) by extension 'ignore'
[0.566s] Level 1:colcon.colcon_core.package_identification:_identify(log) ignored
[0.566s] Level 1:colcon.colcon_core.package_identification:_identify(media) by extensions ['ignore', 'ignore_ament_install']
[0.566s] Level 1:colcon.colcon_core.package_identification:_identify(media) by extension 'ignore'
[0.566s] Level 1:colcon.colcon_core.package_identification:_identify(media) by extension 'ignore_ament_install'
[0.566s] Level 1:colcon.colcon_core.package_identification:_identify(media) by extensions ['colcon_pkg']
[0.566s] Level 1:colcon.colcon_core.package_identification:_identify(media) by extension 'colcon_pkg'
[0.566s] Level 1:colcon.colcon_core.package_identification:_identify(media) by extensions ['colcon_meta']
[0.566s] Level 1:colcon.colcon_core.package_identification:_identify(media) by extension 'colcon_meta'
[0.566s] Level 1:colcon.colcon_core.package_identification:_identify(media) by extensions ['ros']
[0.566s] Level 1:colcon.colcon_core.package_identification:_identify(media) by extension 'ros'
[0.566s] Level 1:colcon.colcon_core.package_identification:_identify(media) by extensions ['cmake', 'python']
[0.566s] Level 1:colcon.colcon_core.package_identification:_identify(media) by extension 'cmake'
[0.566s] Level 1:colcon.colcon_core.package_identification:_identify(media) by extension 'python'
[0.566s] Level 1:colcon.colcon_core.package_identification:_identify(media) by extensions ['python_setup_py']
[0.566s] Level 1:colcon.colcon_core.package_identification:_identify(media) by extension 'python_setup_py'
[0.566s] Level 1:colcon.colcon_core.package_identification:_identify(src) by extensions ['ignore', 'ignore_ament_install']
[0.566s] Level 1:colcon.colcon_core.package_identification:_identify(src) by extension 'ignore'
[0.566s] Level 1:colcon.colcon_core.package_identification:_identify(src) by extension 'ignore_ament_install'
[0.566s] Level 1:colcon.colcon_core.package_identification:_identify(src) by extensions ['colcon_pkg']
[0.566s] Level 1:colcon.colcon_core.package_identification:_identify(src) by extension 'colcon_pkg'
[0.566s] Level 1:colcon.colcon_core.package_identification:_identify(src) by extensions ['colcon_meta']
[0.566s] Level 1:colcon.colcon_core.package_identification:_identify(src) by extension 'colcon_meta'
[0.566s] Level 1:colcon.colcon_core.package_identification:_identify(src) by extensions ['ros']
[0.566s] Level 1:colcon.colcon_core.package_identification:_identify(src) by extension 'ros'
[0.566s] Level 1:colcon.colcon_core.package_identification:_identify(src) by extensions ['cmake', 'python']
[0.566s] Level 1:colcon.colcon_core.package_identification:_identify(src) by extension 'cmake'
[0.566s] Level 1:colcon.colcon_core.package_identification:_identify(src) by extension 'python'
[0.566s] Level 1:colcon.colcon_core.package_identification:_identify(src) by extensions ['python_setup_py']
[0.567s] Level 1:colcon.colcon_core.package_identification:_identify(src) by extension 'python_setup_py'
[0.567s] Level 1:colcon.colcon_core.package_identification:_identify(src/opencv_demo1_0_show_image) by extensions ['ignore', 'ignore_ament_install']
[0.567s] Level 1:colcon.colcon_core.package_identification:_identify(src/opencv_demo1_0_show_image) by extension 'ignore'
[0.567s] Level 1:colcon.colcon_core.package_identification:_identify(src/opencv_demo1_0_show_image) by extension 'ignore_ament_install'
[0.567s] Level 1:colcon.colcon_core.package_identification:_identify(src/opencv_demo1_0_show_image) by extensions ['colcon_pkg']
[0.567s] Level 1:colcon.colcon_core.package_identification:_identify(src/opencv_demo1_0_show_image) by extension 'colcon_pkg'
[0.567s] Level 1:colcon.colcon_core.package_identification:_identify(src/opencv_demo1_0_show_image) by extensions ['colcon_meta']
[0.567s] Level 1:colcon.colcon_core.package_identification:_identify(src/opencv_demo1_0_show_image) by extension 'colcon_meta'
[0.567s] Level 1:colcon.colcon_core.package_identification:_identify(src/opencv_demo1_0_show_image) by extensions ['ros']
[0.567s] Level 1:colcon.colcon_core.package_identification:_identify(src/opencv_demo1_0_show_image) by extension 'ros'
[0.568s] DEBUG:colcon.colcon_core.package_identification:Package 'src/opencv_demo1_0_show_image' with type 'ros.ament_cmake' and name 'opencv_demo1_0_show_image'
[0.569s] Level 1:colcon.colcon_core.package_identification:_identify(src/opencv_demo2_0_video_capture) by extensions ['ignore', 'ignore_ament_install']
[0.569s] Level 1:colcon.colcon_core.package_identification:_identify(src/opencv_demo2_0_video_capture) by extension 'ignore'
[0.569s] Level 1:colcon.colcon_core.package_identification:_identify(src/opencv_demo2_0_video_capture) by extension 'ignore_ament_install'
[0.569s] Level 1:colcon.colcon_core.package_identification:_identify(src/opencv_demo2_0_video_capture) by extensions ['colcon_pkg']
[0.569s] Level 1:colcon.colcon_core.package_identification:_identify(src/opencv_demo2_0_video_capture) by extension 'colcon_pkg'
[0.569s] Level 1:colcon.colcon_core.package_identification:_identify(src/opencv_demo2_0_video_capture) by extensions ['colcon_meta']
[0.569s] Level 1:colcon.colcon_core.package_identification:_identify(src/opencv_demo2_0_video_capture) by extension 'colcon_meta'
[0.569s] Level 1:colcon.colcon_core.package_identification:_identify(src/opencv_demo2_0_video_capture) by extensions ['ros']
[0.569s] Level 1:colcon.colcon_core.package_identification:_identify(src/opencv_demo2_0_video_capture) by extension 'ros'
[0.569s] DEBUG:colcon.colcon_core.package_identification:Package 'src/opencv_demo2_0_video_capture' with type 'ros.ament_cmake' and name 'opencv_demo2_0_video_capture'
[0.569s] Level 1:colcon.colcon_core.package_identification:_identify(src/opencv_demo3_0_save_media_file) by extensions ['ignore', 'ignore_ament_install']
[0.569s] Level 1:colcon.colcon_core.package_identification:_identify(src/opencv_demo3_0_save_media_file) by extension 'ignore'
[0.569s] Level 1:colcon.colcon_core.package_identification:_identify(src/opencv_demo3_0_save_media_file) by extension 'ignore_ament_install'
[0.569s] Level 1:colcon.colcon_core.package_identification:_identify(src/opencv_demo3_0_save_media_file) by extensions ['colcon_pkg']
[0.569s] Level 1:colcon.colcon_core.package_identification:_identify(src/opencv_demo3_0_save_media_file) by extension 'colcon_pkg'
[0.569s] Level 1:colcon.colcon_core.package_identification:_identify(src/opencv_demo3_0_save_media_file) by extensions ['colcon_meta']
[0.569s] Level 1:colcon.colcon_core.package_identification:_identify(src/opencv_demo3_0_save_media_file) by extension 'colcon_meta'
[0.570s] Level 1:colcon.colcon_core.package_identification:_identify(src/opencv_demo3_0_save_media_file) by extensions ['ros']
[0.570s] Level 1:colcon.colcon_core.package_identification:_identify(src/opencv_demo3_0_save_media_file) by extension 'ros'
[0.570s] DEBUG:colcon.colcon_core.package_identification:Package 'src/opencv_demo3_0_save_media_file' with type 'ros.ament_cmake' and name 'opencv_demo3_0_save_media_file'
[0.570s] Level 1:colcon.colcon_core.package_identification:_identify(src/opencv_demo3_1_color_space) by extensions ['ignore', 'ignore_ament_install']
[0.570s] Level 1:colcon.colcon_core.package_identification:_identify(src/opencv_demo3_1_color_space) by extension 'ignore'
[0.570s] Level 1:colcon.colcon_core.package_identification:_identify(src/opencv_demo3_1_color_space) by extension 'ignore_ament_install'
[0.570s] Level 1:colcon.colcon_core.package_identification:_identify(src/opencv_demo3_1_color_space) by extensions ['colcon_pkg']
[0.570s] Level 1:colcon.colcon_core.package_identification:_identify(src/opencv_demo3_1_color_space) by extension 'colcon_pkg'
[0.570s] Level 1:colcon.colcon_core.package_identification:_identify(src/opencv_demo3_1_color_space) by extensions ['colcon_meta']
[0.570s] Level 1:colcon.colcon_core.package_identification:_identify(src/opencv_demo3_1_color_space) by extension 'colcon_meta'
[0.570s] Level 1:colcon.colcon_core.package_identification:_identify(src/opencv_demo3_1_color_space) by extensions ['ros']
[0.570s] Level 1:colcon.colcon_core.package_identification:_identify(src/opencv_demo3_1_color_space) by extension 'ros'
[0.571s] DEBUG:colcon.colcon_core.package_identification:Package 'src/opencv_demo3_1_color_space' with type 'ros.ament_cmake' and name 'opencv_demo3_1_color_space'
[0.571s] Level 1:colcon.colcon_core.package_discovery:discover_packages(recursive) using defaults
[0.571s] Level 1:colcon.colcon_core.package_discovery:discover_packages(ignore) discover
[0.571s] Level 1:colcon.colcon_core.package_discovery:discover_packages(ignore) using defaults
[0.571s] Level 1:colcon.colcon_core.package_discovery:discover_packages(path) discover
[0.571s] Level 1:colcon.colcon_core.package_discovery:discover_packages(path) using defaults
[0.620s] Level 1:colcon.colcon_core.package_discovery:discover_packages(prefix_path) check parameters
[0.620s] Level 1:colcon.colcon_core.package_discovery:discover_packages(prefix_path) discover
[0.628s] WARNING:colcon.colcon_ros.prefix_path.ament:The path '/home/tungchiahui/user/mysource/ros2src/5.opencv_demo_ws/install/opencv_demo3_1_color_space' in the environment variable AMENT_PREFIX_PATH doesn't exist
[0.628s] WARNING:colcon.colcon_ros.prefix_path.ament:The path '/home/tungchiahui/user/mysource/ros2src/5.opencv_demo_ws/install/opencv_demo3_0_save_media_file' in the environment variable AMENT_PREFIX_PATH doesn't exist
[0.628s] WARNING:colcon.colcon_ros.prefix_path.ament:The path '/home/tungchiahui/user/mysource/ros2src/5.opencv_demo_ws/install/opencv_demo2_0_video_capture' in the environment variable AMENT_PREFIX_PATH doesn't exist
[0.628s] WARNING:colcon.colcon_ros.prefix_path.ament:The path '/home/tungchiahui/user/mysource/ros2src/5.opencv_demo_ws/install/opencv_demo1_0_show_image' in the environment variable AMENT_PREFIX_PATH doesn't exist
[0.628s] WARNING:colcon.colcon_ros.prefix_path.catkin:The path '/home/tungchiahui/user/mysource/ros2src/5.opencv_demo_ws/install/opencv_demo3_1_color_space' in the environment variable CMAKE_PREFIX_PATH doesn't exist
[0.628s] WARNING:colcon.colcon_ros.prefix_path.catkin:The path '/home/tungchiahui/user/mysource/ros2src/5.opencv_demo_ws/install/opencv_demo3_0_save_media_file' in the environment variable CMAKE_PREFIX_PATH doesn't exist
[0.628s] WARNING:colcon.colcon_ros.prefix_path.catkin:The path '/home/tungchiahui/user/mysource/ros2src/5.opencv_demo_ws/install/opencv_demo2_0_video_capture' in the environment variable CMAKE_PREFIX_PATH doesn't exist
[0.628s] WARNING:colcon.colcon_ros.prefix_path.catkin:The path '/home/tungchiahui/user/mysource/ros2src/5.opencv_demo_ws/install/opencv_demo1_0_show_image' in the environment variable CMAKE_PREFIX_PATH doesn't exist
[0.636s] DEBUG:colcon.colcon_installed_package_information.package_discovery:Found 0 installed packages in /home/tungchiahui/user/mysource/ros2src/5.opencv_demo_ws/install
[0.646s] DEBUG:colcon.colcon_installed_package_information.package_discovery:Found 270 installed packages in /opt/ros/humble
[0.648s] Level 1:colcon.colcon_core.package_discovery:discover_packages(prefix_path) using defaults
[0.710s] Level 5:colcon.colcon_core.verb:set package 'opencv_demo1_0_show_image' build argument 'cmake_args' from command line to 'None'
[0.710s] Level 5:colcon.colcon_core.verb:set package 'opencv_demo1_0_show_image' build argument 'cmake_target' from command line to 'None'
[0.711s] Level 5:colcon.colcon_core.verb:set package 'opencv_demo1_0_show_image' build argument 'cmake_target_skip_unavailable' from command line to 'False'
[0.711s] Level 5:colcon.colcon_core.verb:set package 'opencv_demo1_0_show_image' build argument 'cmake_clean_cache' from command line to 'False'
[0.711s] Level 5:colcon.colcon_core.verb:set package 'opencv_demo1_0_show_image' build argument 'cmake_clean_first' from command line to 'False'
[0.711s] Level 5:colcon.colcon_core.verb:set package 'opencv_demo1_0_show_image' build argument 'cmake_force_configure' from command line to 'False'
[0.711s] Level 5:colcon.colcon_core.verb:set package 'opencv_demo1_0_show_image' build argument 'ament_cmake_args' from command line to 'None'
[0.711s] Level 5:colcon.colcon_core.verb:set package 'opencv_demo1_0_show_image' build argument 'catkin_cmake_args' from command line to 'None'
[0.711s] Level 5:colcon.colcon_core.verb:set package 'opencv_demo1_0_show_image' build argument 'catkin_skip_building_tests' from command line to 'False'
[0.711s] DEBUG:colcon.colcon_core.verb:Building package 'opencv_demo1_0_show_image' with the following arguments: {'ament_cmake_args': None, 'build_base': '/home/tungchiahui/user/mysource/ros2src/5.opencv_demo_ws/build/opencv_demo1_0_show_image', 'catkin_cmake_args': None, 'catkin_skip_building_tests': False, 'cmake_args': None, 'cmake_clean_cache': False, 'cmake_clean_first': False, 'cmake_force_configure': False, 'cmake_target': None, 'cmake_target_skip_unavailable': False, 'install_base': '/home/tungchiahui/user/mysource/ros2src/5.opencv_demo_ws/install/opencv_demo1_0_show_image', 'merge_install': False, 'path': '/home/tungchiahui/user/mysource/ros2src/5.opencv_demo_ws/src/opencv_demo1_0_show_image', 'symlink_install': False, 'test_result_base': None}
[0.719s] Level 5:colcon.colcon_core.verb:set package 'opencv_demo2_0_video_capture' build argument 'cmake_args' from command line to 'None'
[0.719s] Level 5:colcon.colcon_core.verb:set package 'opencv_demo2_0_video_capture' build argument 'cmake_target' from command line to 'None'
[0.719s] Level 5:colcon.colcon_core.verb:set package 'opencv_demo2_0_video_capture' build argument 'cmake_target_skip_unavailable' from command line to 'False'
[0.719s] Level 5:colcon.colcon_core.verb:set package 'opencv_demo2_0_video_capture' build argument 'cmake_clean_cache' from command line to 'False'
[0.719s] Level 5:colcon.colcon_core.verb:set package 'opencv_demo2_0_video_capture' build argument 'cmake_clean_first' from command line to 'False'
[0.719s] Level 5:colcon.colcon_core.verb:set package 'opencv_demo2_0_video_capture' build argument 'cmake_force_configure' from command line to 'False'
[0.719s] Level 5:colcon.colcon_core.verb:set package 'opencv_demo2_0_video_capture' build argument 'ament_cmake_args' from command line to 'None'
[0.719s] Level 5:colcon.colcon_core.verb:set package 'opencv_demo2_0_video_capture' build argument 'catkin_cmake_args' from command line to 'None'
[0.719s] Level 5:colcon.colcon_core.verb:set package 'opencv_demo2_0_video_capture' build argument 'catkin_skip_building_tests' from command line to 'False'
[0.719s] DEBUG:colcon.colcon_core.verb:Building package 'opencv_demo2_0_video_capture' with the following arguments: {'ament_cmake_args': None, 'build_base': '/home/tungchiahui/user/mysource/ros2src/5.opencv_demo_ws/build/opencv_demo2_0_video_capture', 'catkin_cmake_args': None, 'catkin_skip_building_tests': False, 'cmake_args': None, 'cmake_clean_cache': False, 'cmake_clean_first': False, 'cmake_force_configure': False, 'cmake_target': None, 'cmake_target_skip_unavailable': False, 'install_base': '/home/tungchiahui/user/mysource/ros2src/5.opencv_demo_ws/install/opencv_demo2_0_video_capture', 'merge_install': False, 'path': '/home/tungchiahui/user/mysource/ros2src/5.opencv_demo_ws/src/opencv_demo2_0_video_capture', 'symlink_install': False, 'test_result_base': None}
[0.727s] Level 5:colcon.colcon_core.verb:set package 'opencv_demo3_0_save_media_file' build argument 'cmake_args' from command line to 'None'
[0.727s] Level 5:colcon.colcon_core.verb:set package 'opencv_demo3_0_save_media_file' build argument 'cmake_target' from command line to 'None'
[0.727s] Level 5:colcon.colcon_core.verb:set package 'opencv_demo3_0_save_media_file' build argument 'cmake_target_skip_unavailable' from command line to 'False'
[0.727s] Level 5:colcon.colcon_core.verb:set package 'opencv_demo3_0_save_media_file' build argument 'cmake_clean_cache' from command line to 'False'
[0.727s] Level 5:colcon.colcon_core.verb:set package 'opencv_demo3_0_save_media_file' build argument 'cmake_clean_first' from command line to 'False'
[0.727s] Level 5:colcon.colcon_core.verb:set package 'opencv_demo3_0_save_media_file' build argument 'cmake_force_configure' from command line to 'False'
[0.727s] Level 5:colcon.colcon_core.verb:set package 'opencv_demo3_0_save_media_file' build argument 'ament_cmake_args' from command line to 'None'
[0.727s] Level 5:colcon.colcon_core.verb:set package 'opencv_demo3_0_save_media_file' build argument 'catkin_cmake_args' from command line to 'None'
[0.727s] Level 5:colcon.colcon_core.verb:set package 'opencv_demo3_0_save_media_file' build argument 'catkin_skip_building_tests' from command line to 'False'
[0.727s] DEBUG:colcon.colcon_core.verb:Building package 'opencv_demo3_0_save_media_file' with the following arguments: {'ament_cmake_args': None, 'build_base': '/home/tungchiahui/user/mysource/ros2src/5.opencv_demo_ws/build/opencv_demo3_0_save_media_file', 'catkin_cmake_args': None, 'catkin_skip_building_tests': False, 'cmake_args': None, 'cmake_clean_cache': False, 'cmake_clean_first': False, 'cmake_force_configure': False, 'cmake_target': None, 'cmake_target_skip_unavailable': False, 'install_base': '/home/tungchiahui/user/mysource/ros2src/5.opencv_demo_ws/install/opencv_demo3_0_save_media_file', 'merge_install': False, 'path': '/home/tungchiahui/user/mysource/ros2src/5.opencv_demo_ws/src/opencv_demo3_0_save_media_file', 'symlink_install': False, 'test_result_base': None}
[0.735s] Level 5:colcon.colcon_core.verb:set package 'opencv_demo3_1_color_space' build argument 'cmake_args' from command line to 'None'
[0.735s] Level 5:colcon.colcon_core.verb:set package 'opencv_demo3_1_color_space' build argument 'cmake_target' from command line to 'None'
[0.735s] Level 5:colcon.colcon_core.verb:set package 'opencv_demo3_1_color_space' build argument 'cmake_target_skip_unavailable' from command line to 'False'
[0.735s] Level 5:colcon.colcon_core.verb:set package 'opencv_demo3_1_color_space' build argument 'cmake_clean_cache' from command line to 'False'
[0.735s] Level 5:colcon.colcon_core.verb:set package 'opencv_demo3_1_color_space' build argument 'cmake_clean_first' from command line to 'False'
[0.735s] Level 5:colcon.colcon_core.verb:set package 'opencv_demo3_1_color_space' build argument 'cmake_force_configure' from command line to 'False'
[0.735s] Level 5:colcon.colcon_core.verb:set package 'opencv_demo3_1_color_space' build argument 'ament_cmake_args' from command line to 'None'
[0.735s] Level 5:colcon.colcon_core.verb:set package 'opencv_demo3_1_color_space' build argument 'catkin_cmake_args' from command line to 'None'
[0.735s] Level 5:colcon.colcon_core.verb:set package 'opencv_demo3_1_color_space' build argument 'catkin_skip_building_tests' from command line to 'False'
[0.735s] DEBUG:colcon.colcon_core.verb:Building package 'opencv_demo3_1_color_space' with the following arguments: {'ament_cmake_args': None, 'build_base': '/home/tungchiahui/user/mysource/ros2src/5.opencv_demo_ws/build/opencv_demo3_1_color_space', 'catkin_cmake_args': None, 'catkin_skip_building_tests': False, 'cmake_args': None, 'cmake_clean_cache': False, 'cmake_clean_first': False, 'cmake_force_configure': False, 'cmake_target': None, 'cmake_target_skip_unavailable': False, 'install_base': '/home/tungchiahui/user/mysource/ros2src/5.opencv_demo_ws/install/opencv_demo3_1_color_space', 'merge_install': False, 'path': '/home/tungchiahui/user/mysource/ros2src/5.opencv_demo_ws/src/opencv_demo3_1_color_space', 'symlink_install': False, 'test_result_base': None}
[0.742s] INFO:colcon.colcon_core.executor:Executing jobs using 'parallel' executor
[0.751s] DEBUG:colcon.colcon_parallel_executor.executor.parallel:run_until_complete
[0.751s] INFO:colcon.colcon_ros.task.ament_cmake.build:Building ROS package in '/home/tungchiahui/user/mysource/ros2src/5.opencv_demo_ws/src/opencv_demo1_0_show_image' with build type 'ament_cmake'
[0.751s] INFO:colcon.colcon_cmake.task.cmake.build:Building CMake package in '/home/tungchiahui/user/mysource/ros2src/5.opencv_demo_ws/src/opencv_demo1_0_show_image'
[0.760s] INFO:colcon.colcon_core.plugin_system:Skipping extension 'colcon_core.shell.bat': Not used on non-Windows systems
[0.760s] INFO:colcon.colcon_core.shell:Skip shell extension 'powershell' for command environment: Not usable outside of PowerShell
[0.760s] DEBUG:colcon.colcon_core.shell:Skip shell extension 'dsv' for command environment
[0.789s] INFO:colcon.colcon_ros.task.ament_cmake.build:Building ROS package in '/home/tungchiahui/user/mysource/ros2src/5.opencv_demo_ws/src/opencv_demo2_0_video_capture' with build type 'ament_cmake'
[0.789s] INFO:colcon.colcon_cmake.task.cmake.build:Building CMake package in '/home/tungchiahui/user/mysource/ros2src/5.opencv_demo_ws/src/opencv_demo2_0_video_capture'
[0.797s] INFO:colcon.colcon_core.shell:Skip shell extension 'powershell' for command environment: Not usable outside of PowerShell
[0.797s] DEBUG:colcon.colcon_core.shell:Skip shell extension 'dsv' for command environment
[0.825s] INFO:colcon.colcon_ros.task.ament_cmake.build:Building ROS package in '/home/tungchiahui/user/mysource/ros2src/5.opencv_demo_ws/src/opencv_demo3_0_save_media_file' with build type 'ament_cmake'
[0.825s] INFO:colcon.colcon_cmake.task.cmake.build:Building CMake package in '/home/tungchiahui/user/mysource/ros2src/5.opencv_demo_ws/src/opencv_demo3_0_save_media_file'
[0.834s] INFO:colcon.colcon_core.shell:Skip shell extension 'powershell' for command environment: Not usable outside of PowerShell
[0.834s] DEBUG:colcon.colcon_core.shell:Skip shell extension 'dsv' for command environment
[0.862s] INFO:colcon.colcon_ros.task.ament_cmake.build:Building ROS package in '/home/tungchiahui/user/mysource/ros2src/5.opencv_demo_ws/src/opencv_demo3_1_color_space' with build type 'ament_cmake'
[0.862s] INFO:colcon.colcon_cmake.task.cmake.build:Building CMake package in '/home/tungchiahui/user/mysource/ros2src/5.opencv_demo_ws/src/opencv_demo3_1_color_space'
[0.871s] INFO:colcon.colcon_core.shell:Skip shell extension 'powershell' for command environment: Not usable outside of PowerShell
[0.871s] DEBUG:colcon.colcon_core.shell:Skip shell extension 'dsv' for command environment
[0.900s] DEBUG:colcon.colcon_core.event_handler.log_command:Invoking command in '/home/tungchiahui/user/mysource/ros2src/5.opencv_demo_ws/build/opencv_demo1_0_show_image': CMAKE_PREFIX_PATH=${CMAKE_PREFIX_PATH}:/opt/ros/humble /usr/bin/cmake /home/tungchiahui/user/mysource/ros2src/5.opencv_demo_ws/src/opencv_demo1_0_show_image -DCMAKE_INSTALL_PREFIX=/home/tungchiahui/user/mysource/ros2src/5.opencv_demo_ws/install/opencv_demo1_0_show_image
[0.902s] DEBUG:colcon.colcon_core.event_handler.log_command:Invoking command in '/home/tungchiahui/user/mysource/ros2src/5.opencv_demo_ws/build/opencv_demo2_0_video_capture': CMAKE_PREFIX_PATH=${CMAKE_PREFIX_PATH}:/opt/ros/humble /usr/bin/cmake /home/tungchiahui/user/mysource/ros2src/5.opencv_demo_ws/src/opencv_demo2_0_video_capture -DCMAKE_INSTALL_PREFIX=/home/tungchiahui/user/mysource/ros2src/5.opencv_demo_ws/install/opencv_demo2_0_video_capture
[0.904s] DEBUG:colcon.colcon_core.event_handler.log_command:Invoking command in '/home/tungchiahui/user/mysource/ros2src/5.opencv_demo_ws/build/opencv_demo3_0_save_media_file': CMAKE_PREFIX_PATH=${CMAKE_PREFIX_PATH}:/opt/ros/humble /usr/bin/cmake /home/tungchiahui/user/mysource/ros2src/5.opencv_demo_ws/src/opencv_demo3_0_save_media_file -DCMAKE_INSTALL_PREFIX=/home/tungchiahui/user/mysource/ros2src/5.opencv_demo_ws/install/opencv_demo3_0_save_media_file
[0.906s] DEBUG:colcon.colcon_core.event_handler.log_command:Invoking command in '/home/tungchiahui/user/mysource/ros2src/5.opencv_demo_ws/build/opencv_demo3_1_color_space': CMAKE_PREFIX_PATH=${CMAKE_PREFIX_PATH}:/opt/ros/humble /usr/bin/cmake /home/tungchiahui/user/mysource/ros2src/5.opencv_demo_ws/src/opencv_demo3_1_color_space -DCMAKE_INSTALL_PREFIX=/home/tungchiahui/user/mysource/ros2src/5.opencv_demo_ws/install/opencv_demo3_1_color_space
[1.893s] DEBUG:colcon.colcon_core.event_handler.log_command:Invoked command in '/home/tungchiahui/user/mysource/ros2src/5.opencv_demo_ws/build/opencv_demo2_0_video_capture' returned '0': CMAKE_PREFIX_PATH=${CMAKE_PREFIX_PATH}:/opt/ros/humble /usr/bin/cmake /home/tungchiahui/user/mysource/ros2src/5.opencv_demo_ws/src/opencv_demo2_0_video_capture -DCMAKE_INSTALL_PREFIX=/home/tungchiahui/user/mysource/ros2src/5.opencv_demo_ws/install/opencv_demo2_0_video_capture
[1.895s] DEBUG:colcon.colcon_core.event_handler.log_command:Invoking command in '/home/tungchiahui/user/mysource/ros2src/5.opencv_demo_ws/build/opencv_demo2_0_video_capture': CMAKE_PREFIX_PATH=${CMAKE_PREFIX_PATH}:/opt/ros/humble /usr/bin/cmake --build /home/tungchiahui/user/mysource/ros2src/5.opencv_demo_ws/build/opencv_demo2_0_video_capture -- -j16 -l16
[1.918s] DEBUG:colcon.colcon_core.event_handler.log_command:Invoked command in '/home/tungchiahui/user/mysource/ros2src/5.opencv_demo_ws/build/opencv_demo3_0_save_media_file' returned '0': CMAKE_PREFIX_PATH=${CMAKE_PREFIX_PATH}:/opt/ros/humble /usr/bin/cmake /home/tungchiahui/user/mysource/ros2src/5.opencv_demo_ws/src/opencv_demo3_0_save_media_file -DCMAKE_INSTALL_PREFIX=/home/tungchiahui/user/mysource/ros2src/5.opencv_demo_ws/install/opencv_demo3_0_save_media_file
[1.919s] DEBUG:colcon.colcon_core.event_handler.log_command:Invoking command in '/home/tungchiahui/user/mysource/ros2src/5.opencv_demo_ws/build/opencv_demo3_0_save_media_file': CMAKE_PREFIX_PATH=${CMAKE_PREFIX_PATH}:/opt/ros/humble /usr/bin/cmake --build /home/tungchiahui/user/mysource/ros2src/5.opencv_demo_ws/build/opencv_demo3_0_save_media_file -- -j16 -l16
[1.924s] DEBUG:colcon.colcon_core.event_handler.log_command:Invoked command in '/home/tungchiahui/user/mysource/ros2src/5.opencv_demo_ws/build/opencv_demo1_0_show_image' returned '0': CMAKE_PREFIX_PATH=${CMAKE_PREFIX_PATH}:/opt/ros/humble /usr/bin/cmake /home/tungchiahui/user/mysource/ros2src/5.opencv_demo_ws/src/opencv_demo1_0_show_image -DCMAKE_INSTALL_PREFIX=/home/tungchiahui/user/mysource/ros2src/5.opencv_demo_ws/install/opencv_demo1_0_show_image
[1.925s] DEBUG:colcon.colcon_core.event_handler.log_command:Invoking command in '/home/tungchiahui/user/mysource/ros2src/5.opencv_demo_ws/build/opencv_demo1_0_show_image': CMAKE_PREFIX_PATH=${CMAKE_PREFIX_PATH}:/opt/ros/humble /usr/bin/cmake --build /home/tungchiahui/user/mysource/ros2src/5.opencv_demo_ws/build/opencv_demo1_0_show_image -- -j16 -l16
[1.947s] DEBUG:colcon.colcon_core.event_handler.log_command:Invoked command in '/home/tungchiahui/user/mysource/ros2src/5.opencv_demo_ws/build/opencv_demo3_1_color_space' returned '0': CMAKE_PREFIX_PATH=${CMAKE_PREFIX_PATH}:/opt/ros/humble /usr/bin/cmake /home/tungchiahui/user/mysource/ros2src/5.opencv_demo_ws/src/opencv_demo3_1_color_space -DCMAKE_INSTALL_PREFIX=/home/tungchiahui/user/mysource/ros2src/5.opencv_demo_ws/install/opencv_demo3_1_color_space
[1.949s] DEBUG:colcon.colcon_core.event_handler.log_command:Invoking command in '/home/tungchiahui/user/mysource/ros2src/5.opencv_demo_ws/build/opencv_demo3_1_color_space': CMAKE_PREFIX_PATH=${CMAKE_PREFIX_PATH}:/opt/ros/humble /usr/bin/cmake --build /home/tungchiahui/user/mysource/ros2src/5.opencv_demo_ws/build/opencv_demo3_1_color_space -- -j16 -l16
[5.459s] DEBUG:colcon.colcon_core.event_handler.log_command:Invoked command in '/home/tungchiahui/user/mysource/ros2src/5.opencv_demo_ws/build/opencv_demo1_0_show_image' returned '0': CMAKE_PREFIX_PATH=${CMAKE_PREFIX_PATH}:/opt/ros/humble /usr/bin/cmake --build /home/tungchiahui/user/mysource/ros2src/5.opencv_demo_ws/build/opencv_demo1_0_show_image -- -j16 -l16
[5.497s] DEBUG:colcon.colcon_core.event_handler.log_command:Invoking command in '/home/tungchiahui/user/mysource/ros2src/5.opencv_demo_ws/build/opencv_demo1_0_show_image': CMAKE_PREFIX_PATH=${CMAKE_PREFIX_PATH}:/opt/ros/humble /usr/bin/cmake --install /home/tungchiahui/user/mysource/ros2src/5.opencv_demo_ws/build/opencv_demo1_0_show_image
[5.507s] Level 1:colcon.colcon_core.environment:create_environment_scripts_only(opencv_demo1_0_show_image)
[5.508s] DEBUG:colcon.colcon_core.event_handler.log_command:Invoked command in '/home/tungchiahui/user/mysource/ros2src/5.opencv_demo_ws/build/opencv_demo1_0_show_image' returned '0': CMAKE_PREFIX_PATH=${CMAKE_PREFIX_PATH}:/opt/ros/humble /usr/bin/cmake --install /home/tungchiahui/user/mysource/ros2src/5.opencv_demo_ws/build/opencv_demo1_0_show_image
[5.520s] Level 1:colcon.colcon_core.environment:checking '/home/tungchiahui/user/mysource/ros2src/5.opencv_demo_ws/install/opencv_demo1_0_show_image' for CMake module files
[5.520s] Level 1:colcon.colcon_core.environment:checking '/home/tungchiahui/user/mysource/ros2src/5.opencv_demo_ws/install/opencv_demo1_0_show_image' for CMake config files
[5.520s] Level 1:colcon.colcon_core.shell:create_environment_hook('opencv_demo1_0_show_image', 'cmake_prefix_path')
[5.529s] INFO:colcon.colcon_core.shell:Creating environment hook '/home/tungchiahui/user/mysource/ros2src/5.opencv_demo_ws/install/opencv_demo1_0_show_image/share/opencv_demo1_0_show_image/hook/cmake_prefix_path.ps1'
[5.530s] INFO:colcon.colcon_core.shell:Creating environment descriptor '/home/tungchiahui/user/mysource/ros2src/5.opencv_demo_ws/install/opencv_demo1_0_show_image/share/opencv_demo1_0_show_image/hook/cmake_prefix_path.dsv'
[5.532s] INFO:colcon.colcon_core.shell:Creating environment hook '/home/tungchiahui/user/mysource/ros2src/5.opencv_demo_ws/install/opencv_demo1_0_show_image/share/opencv_demo1_0_show_image/hook/cmake_prefix_path.sh'
[5.532s] Level 1:colcon.colcon_core.environment:checking '/home/tungchiahui/user/mysource/ros2src/5.opencv_demo_ws/install/opencv_demo1_0_show_image/lib'
[5.533s] Level 1:colcon.colcon_core.environment:checking '/home/tungchiahui/user/mysource/ros2src/5.opencv_demo_ws/install/opencv_demo1_0_show_image/bin'
[5.533s] Level 1:colcon.colcon_core.environment:checking '/home/tungchiahui/user/mysource/ros2src/5.opencv_demo_ws/install/opencv_demo1_0_show_image/lib/pkgconfig/opencv_demo1_0_show_image.pc'
[5.533s] Level 1:colcon.colcon_core.environment:checking '/home/tungchiahui/user/mysource/ros2src/5.opencv_demo_ws/install/opencv_demo1_0_show_image/lib/python3.10/site-packages'
[5.533s] Level 1:colcon.colcon_core.environment:checking '/home/tungchiahui/user/mysource/ros2src/5.opencv_demo_ws/install/opencv_demo1_0_show_image/bin'
[5.542s] INFO:colcon.colcon_core.shell:Creating package script '/home/tungchiahui/user/mysource/ros2src/5.opencv_demo_ws/install/opencv_demo1_0_show_image/share/opencv_demo1_0_show_image/package.ps1'
[5.543s] INFO:colcon.colcon_core.shell:Creating package descriptor '/home/tungchiahui/user/mysource/ros2src/5.opencv_demo_ws/install/opencv_demo1_0_show_image/share/opencv_demo1_0_show_image/package.dsv'
[5.543s] INFO:colcon.colcon_core.shell:Creating package script '/home/tungchiahui/user/mysource/ros2src/5.opencv_demo_ws/install/opencv_demo1_0_show_image/share/opencv_demo1_0_show_image/package.sh'
[5.544s] INFO:colcon.colcon_core.shell:Creating package script '/home/tungchiahui/user/mysource/ros2src/5.opencv_demo_ws/install/opencv_demo1_0_show_image/share/opencv_demo1_0_show_image/package.bash'
[5.544s] INFO:colcon.colcon_core.shell:Creating package script '/home/tungchiahui/user/mysource/ros2src/5.opencv_demo_ws/install/opencv_demo1_0_show_image/share/opencv_demo1_0_show_image/package.zsh'
[5.545s] Level 1:colcon.colcon_core.environment:create_file_with_runtime_dependencies(/home/tungchiahui/user/mysource/ros2src/5.opencv_demo_ws/install/opencv_demo1_0_show_image/share/colcon-core/packages/opencv_demo1_0_show_image)
[5.551s] DEBUG:colcon.colcon_core.event_handler.log_command:Invoked command in '/home/tungchiahui/user/mysource/ros2src/5.opencv_demo_ws/build/opencv_demo2_0_video_capture' returned '0': CMAKE_PREFIX_PATH=${CMAKE_PREFIX_PATH}:/opt/ros/humble /usr/bin/cmake --build /home/tungchiahui/user/mysource/ros2src/5.opencv_demo_ws/build/opencv_demo2_0_video_capture -- -j16 -l16
[5.581s] Level 1:colcon.colcon_core.environment:create_environment_scripts_only(opencv_demo1_0_show_image)
[5.594s] Level 1:colcon.colcon_core.environment:checking '/home/tungchiahui/user/mysource/ros2src/5.opencv_demo_ws/install/opencv_demo1_0_show_image' for CMake module files
[5.594s] Level 1:colcon.colcon_core.environment:checking '/home/tungchiahui/user/mysource/ros2src/5.opencv_demo_ws/install/opencv_demo1_0_show_image' for CMake config files
[5.594s] Level 1:colcon.colcon_core.shell:create_environment_hook('opencv_demo1_0_show_image', 'cmake_prefix_path')
[5.606s] INFO:colcon.colcon_core.shell:Creating environment hook '/home/tungchiahui/user/mysource/ros2src/5.opencv_demo_ws/install/opencv_demo1_0_show_image/share/opencv_demo1_0_show_image/hook/cmake_prefix_path.ps1'
[5.607s] INFO:colcon.colcon_core.shell:Creating environment descriptor '/home/tungchiahui/user/mysource/ros2src/5.opencv_demo_ws/install/opencv_demo1_0_show_image/share/opencv_demo1_0_show_image/hook/cmake_prefix_path.dsv'
[5.608s] INFO:colcon.colcon_core.shell:Creating environment hook '/home/tungchiahui/user/mysource/ros2src/5.opencv_demo_ws/install/opencv_demo1_0_show_image/share/opencv_demo1_0_show_image/hook/cmake_prefix_path.sh'
[5.608s] Level 1:colcon.colcon_core.environment:checking '/home/tungchiahui/user/mysource/ros2src/5.opencv_demo_ws/install/opencv_demo1_0_show_image/lib'
[5.608s] Level 1:colcon.colcon_core.environment:checking '/home/tungchiahui/user/mysource/ros2src/5.opencv_demo_ws/install/opencv_demo1_0_show_image/bin'
[5.608s] Level 1:colcon.colcon_core.environment:checking '/home/tungchiahui/user/mysource/ros2src/5.opencv_demo_ws/install/opencv_demo1_0_show_image/lib/pkgconfig/opencv_demo1_0_show_image.pc'
[5.609s] Level 1:colcon.colcon_core.environment:checking '/home/tungchiahui/user/mysource/ros2src/5.opencv_demo_ws/install/opencv_demo1_0_show_image/lib/python3.10/site-packages'
[5.609s] Level 1:colcon.colcon_core.environment:checking '/home/tungchiahui/user/mysource/ros2src/5.opencv_demo_ws/install/opencv_demo1_0_show_image/bin'
[5.621s] INFO:colcon.colcon_core.shell:Creating package script '/home/tungchiahui/user/mysource/ros2src/5.opencv_demo_ws/install/opencv_demo1_0_show_image/share/opencv_demo1_0_show_image/package.ps1'
[5.622s] INFO:colcon.colcon_core.shell:Creating package descriptor '/home/tungchiahui/user/mysource/ros2src/5.opencv_demo_ws/install/opencv_demo1_0_show_image/share/opencv_demo1_0_show_image/package.dsv'
[5.622s] INFO:colcon.colcon_core.shell:Creating package script '/home/tungchiahui/user/mysource/ros2src/5.opencv_demo_ws/install/opencv_demo1_0_show_image/share/opencv_demo1_0_show_image/package.sh'
[5.622s] INFO:colcon.colcon_core.shell:Creating package script '/home/tungchiahui/user/mysource/ros2src/5.opencv_demo_ws/install/opencv_demo1_0_show_image/share/opencv_demo1_0_show_image/package.bash'
[5.623s] INFO:colcon.colcon_core.shell:Creating package script '/home/tungchiahui/user/mysource/ros2src/5.opencv_demo_ws/install/opencv_demo1_0_show_image/share/opencv_demo1_0_show_image/package.zsh'
[5.623s] Level 1:colcon.colcon_core.environment:create_file_with_runtime_dependencies(/home/tungchiahui/user/mysource/ros2src/5.opencv_demo_ws/install/opencv_demo1_0_show_image/share/colcon-core/packages/opencv_demo1_0_show_image)
[5.626s] DEBUG:colcon.colcon_core.event_handler.log_command:Invoking command in '/home/tungchiahui/user/mysource/ros2src/5.opencv_demo_ws/build/opencv_demo2_0_video_capture': CMAKE_PREFIX_PATH=${CMAKE_PREFIX_PATH}:/opt/ros/humble /usr/bin/cmake --install /home/tungchiahui/user/mysource/ros2src/5.opencv_demo_ws/build/opencv_demo2_0_video_capture
[5.638s] Level 1:colcon.colcon_core.environment:create_environment_scripts_only(opencv_demo2_0_video_capture)
[5.639s] DEBUG:colcon.colcon_core.event_handler.log_command:Invoked command in '/home/tungchiahui/user/mysource/ros2src/5.opencv_demo_ws/build/opencv_demo2_0_video_capture' returned '0': CMAKE_PREFIX_PATH=${CMAKE_PREFIX_PATH}:/opt/ros/humble /usr/bin/cmake --install /home/tungchiahui/user/mysource/ros2src/5.opencv_demo_ws/build/opencv_demo2_0_video_capture
[5.652s] Level 1:colcon.colcon_core.environment:checking '/home/tungchiahui/user/mysource/ros2src/5.opencv_demo_ws/install/opencv_demo2_0_video_capture' for CMake module files
[5.652s] Level 1:colcon.colcon_core.environment:checking '/home/tungchiahui/user/mysource/ros2src/5.opencv_demo_ws/install/opencv_demo2_0_video_capture' for CMake config files
[5.653s] Level 1:colcon.colcon_core.shell:create_environment_hook('opencv_demo2_0_video_capture', 'cmake_prefix_path')
[5.667s] INFO:colcon.colcon_core.shell:Creating environment hook '/home/tungchiahui/user/mysource/ros2src/5.opencv_demo_ws/install/opencv_demo2_0_video_capture/share/opencv_demo2_0_video_capture/hook/cmake_prefix_path.ps1'
[5.668s] INFO:colcon.colcon_core.shell:Creating environment descriptor '/home/tungchiahui/user/mysource/ros2src/5.opencv_demo_ws/install/opencv_demo2_0_video_capture/share/opencv_demo2_0_video_capture/hook/cmake_prefix_path.dsv'
[5.669s] INFO:colcon.colcon_core.shell:Creating environment hook '/home/tungchiahui/user/mysource/ros2src/5.opencv_demo_ws/install/opencv_demo2_0_video_capture/share/opencv_demo2_0_video_capture/hook/cmake_prefix_path.sh'
[5.669s] Level 1:colcon.colcon_core.environment:checking '/home/tungchiahui/user/mysource/ros2src/5.opencv_demo_ws/install/opencv_demo2_0_video_capture/lib'
[5.669s] Level 1:colcon.colcon_core.environment:checking '/home/tungchiahui/user/mysource/ros2src/5.opencv_demo_ws/install/opencv_demo2_0_video_capture/bin'
[5.669s] Level 1:colcon.colcon_core.environment:checking '/home/tungchiahui/user/mysource/ros2src/5.opencv_demo_ws/install/opencv_demo2_0_video_capture/lib/pkgconfig/opencv_demo2_0_video_capture.pc'
[5.669s] Level 1:colcon.colcon_core.environment:checking '/home/tungchiahui/user/mysource/ros2src/5.opencv_demo_ws/install/opencv_demo2_0_video_capture/lib/python3.10/site-packages'
[5.669s] Level 1:colcon.colcon_core.environment:checking '/home/tungchiahui/user/mysource/ros2src/5.opencv_demo_ws/install/opencv_demo2_0_video_capture/bin'
[5.680s] INFO:colcon.colcon_core.shell:Creating package script '/home/tungchiahui/user/mysource/ros2src/5.opencv_demo_ws/install/opencv_demo2_0_video_capture/share/opencv_demo2_0_video_capture/package.ps1'
[5.681s] INFO:colcon.colcon_core.shell:Creating package descriptor '/home/tungchiahui/user/mysource/ros2src/5.opencv_demo_ws/install/opencv_demo2_0_video_capture/share/opencv_demo2_0_video_capture/package.dsv'
[5.681s] INFO:colcon.colcon_core.shell:Creating package script '/home/tungchiahui/user/mysource/ros2src/5.opencv_demo_ws/install/opencv_demo2_0_video_capture/share/opencv_demo2_0_video_capture/package.sh'
[5.681s] INFO:colcon.colcon_core.shell:Creating package script '/home/tungchiahui/user/mysource/ros2src/5.opencv_demo_ws/install/opencv_demo2_0_video_capture/share/opencv_demo2_0_video_capture/package.bash'
[5.682s] INFO:colcon.colcon_core.shell:Creating package script '/home/tungchiahui/user/mysource/ros2src/5.opencv_demo_ws/install/opencv_demo2_0_video_capture/share/opencv_demo2_0_video_capture/package.zsh'
[5.682s] Level 1:colcon.colcon_core.environment:create_file_with_runtime_dependencies(/home/tungchiahui/user/mysource/ros2src/5.opencv_demo_ws/install/opencv_demo2_0_video_capture/share/colcon-core/packages/opencv_demo2_0_video_capture)
[5.718s] Level 1:colcon.colcon_core.environment:create_environment_scripts_only(opencv_demo2_0_video_capture)
[5.727s] Level 1:colcon.colcon_core.environment:checking '/home/tungchiahui/user/mysource/ros2src/5.opencv_demo_ws/install/opencv_demo2_0_video_capture' for CMake module files
[5.728s] Level 1:colcon.colcon_core.environment:checking '/home/tungchiahui/user/mysource/ros2src/5.opencv_demo_ws/install/opencv_demo2_0_video_capture' for CMake config files
[5.728s] Level 1:colcon.colcon_core.shell:create_environment_hook('opencv_demo2_0_video_capture', 'cmake_prefix_path')
[5.737s] INFO:colcon.colcon_core.shell:Creating environment hook '/home/tungchiahui/user/mysource/ros2src/5.opencv_demo_ws/install/opencv_demo2_0_video_capture/share/opencv_demo2_0_video_capture/hook/cmake_prefix_path.ps1'
[5.737s] INFO:colcon.colcon_core.shell:Creating environment descriptor '/home/tungchiahui/user/mysource/ros2src/5.opencv_demo_ws/install/opencv_demo2_0_video_capture/share/opencv_demo2_0_video_capture/hook/cmake_prefix_path.dsv'
[5.737s] INFO:colcon.colcon_core.shell:Creating environment hook '/home/tungchiahui/user/mysource/ros2src/5.opencv_demo_ws/install/opencv_demo2_0_video_capture/share/opencv_demo2_0_video_capture/hook/cmake_prefix_path.sh'
[5.738s] Level 1:colcon.colcon_core.environment:checking '/home/tungchiahui/user/mysource/ros2src/5.opencv_demo_ws/install/opencv_demo2_0_video_capture/lib'
[5.738s] Level 1:colcon.colcon_core.environment:checking '/home/tungchiahui/user/mysource/ros2src/5.opencv_demo_ws/install/opencv_demo2_0_video_capture/bin'
[5.738s] Level 1:colcon.colcon_core.environment:checking '/home/tungchiahui/user/mysource/ros2src/5.opencv_demo_ws/install/opencv_demo2_0_video_capture/lib/pkgconfig/opencv_demo2_0_video_capture.pc'
[5.738s] Level 1:colcon.colcon_core.environment:checking '/home/tungchiahui/user/mysource/ros2src/5.opencv_demo_ws/install/opencv_demo2_0_video_capture/lib/python3.10/site-packages'
[5.738s] Level 1:colcon.colcon_core.environment:checking '/home/tungchiahui/user/mysource/ros2src/5.opencv_demo_ws/install/opencv_demo2_0_video_capture/bin'
[5.747s] INFO:colcon.colcon_core.shell:Creating package script '/home/tungchiahui/user/mysource/ros2src/5.opencv_demo_ws/install/opencv_demo2_0_video_capture/share/opencv_demo2_0_video_capture/package.ps1'
[5.747s] INFO:colcon.colcon_core.shell:Creating package descriptor '/home/tungchiahui/user/mysource/ros2src/5.opencv_demo_ws/install/opencv_demo2_0_video_capture/share/opencv_demo2_0_video_capture/package.dsv'
[5.747s] INFO:colcon.colcon_core.shell:Creating package script '/home/tungchiahui/user/mysource/ros2src/5.opencv_demo_ws/install/opencv_demo2_0_video_capture/share/opencv_demo2_0_video_capture/package.sh'
[5.748s] INFO:colcon.colcon_core.shell:Creating package script '/home/tungchiahui/user/mysource/ros2src/5.opencv_demo_ws/install/opencv_demo2_0_video_capture/share/opencv_demo2_0_video_capture/package.bash'
[5.748s] INFO:colcon.colcon_core.shell:Creating package script '/home/tungchiahui/user/mysource/ros2src/5.opencv_demo_ws/install/opencv_demo2_0_video_capture/share/opencv_demo2_0_video_capture/package.zsh'
[5.748s] Level 1:colcon.colcon_core.environment:create_file_with_runtime_dependencies(/home/tungchiahui/user/mysource/ros2src/5.opencv_demo_ws/install/opencv_demo2_0_video_capture/share/colcon-core/packages/opencv_demo2_0_video_capture)
[6.615s] DEBUG:colcon.colcon_core.event_handler.log_command:Invoked command in '/home/tungchiahui/user/mysource/ros2src/5.opencv_demo_ws/build/opencv_demo3_1_color_space' returned '0': CMAKE_PREFIX_PATH=${CMAKE_PREFIX_PATH}:/opt/ros/humble /usr/bin/cmake --build /home/tungchiahui/user/mysource/ros2src/5.opencv_demo_ws/build/opencv_demo3_1_color_space -- -j16 -l16
[6.634s] DEBUG:colcon.colcon_core.event_handler.log_command:Invoking command in '/home/tungchiahui/user/mysource/ros2src/5.opencv_demo_ws/build/opencv_demo3_1_color_space': CMAKE_PREFIX_PATH=${CMAKE_PREFIX_PATH}:/opt/ros/humble /usr/bin/cmake --install /home/tungchiahui/user/mysource/ros2src/5.opencv_demo_ws/build/opencv_demo3_1_color_space
[6.641s] Level 1:colcon.colcon_core.environment:create_environment_scripts_only(opencv_demo3_1_color_space)
[6.641s] DEBUG:colcon.colcon_core.event_handler.log_command:Invoked command in '/home/tungchiahui/user/mysource/ros2src/5.opencv_demo_ws/build/opencv_demo3_1_color_space' returned '0': CMAKE_PREFIX_PATH=${CMAKE_PREFIX_PATH}:/opt/ros/humble /usr/bin/cmake --install /home/tungchiahui/user/mysource/ros2src/5.opencv_demo_ws/build/opencv_demo3_1_color_space
[6.650s] Level 1:colcon.colcon_core.environment:checking '/home/tungchiahui/user/mysource/ros2src/5.opencv_demo_ws/install/opencv_demo3_1_color_space' for CMake module files
[6.651s] Level 1:colcon.colcon_core.environment:checking '/home/tungchiahui/user/mysource/ros2src/5.opencv_demo_ws/install/opencv_demo3_1_color_space' for CMake config files
[6.651s] Level 1:colcon.colcon_core.shell:create_environment_hook('opencv_demo3_1_color_space', 'cmake_prefix_path')
[6.659s] INFO:colcon.colcon_core.shell:Creating environment hook '/home/tungchiahui/user/mysource/ros2src/5.opencv_demo_ws/install/opencv_demo3_1_color_space/share/opencv_demo3_1_color_space/hook/cmake_prefix_path.ps1'
[6.659s] INFO:colcon.colcon_core.shell:Creating environment descriptor '/home/tungchiahui/user/mysource/ros2src/5.opencv_demo_ws/install/opencv_demo3_1_color_space/share/opencv_demo3_1_color_space/hook/cmake_prefix_path.dsv'
[6.659s] INFO:colcon.colcon_core.shell:Creating environment hook '/home/tungchiahui/user/mysource/ros2src/5.opencv_demo_ws/install/opencv_demo3_1_color_space/share/opencv_demo3_1_color_space/hook/cmake_prefix_path.sh'
[6.660s] Level 1:colcon.colcon_core.environment:checking '/home/tungchiahui/user/mysource/ros2src/5.opencv_demo_ws/install/opencv_demo3_1_color_space/lib'
[6.660s] Level 1:colcon.colcon_core.environment:checking '/home/tungchiahui/user/mysource/ros2src/5.opencv_demo_ws/install/opencv_demo3_1_color_space/bin'
[6.660s] Level 1:colcon.colcon_core.environment:checking '/home/tungchiahui/user/mysource/ros2src/5.opencv_demo_ws/install/opencv_demo3_1_color_space/lib/pkgconfig/opencv_demo3_1_color_space.pc'
[6.660s] Level 1:colcon.colcon_core.environment:checking '/home/tungchiahui/user/mysource/ros2src/5.opencv_demo_ws/install/opencv_demo3_1_color_space/lib/python3.10/site-packages'
[6.660s] Level 1:colcon.colcon_core.environment:checking '/home/tungchiahui/user/mysource/ros2src/5.opencv_demo_ws/install/opencv_demo3_1_color_space/bin'
[6.668s] INFO:colcon.colcon_core.shell:Creating package script '/home/tungchiahui/user/mysource/ros2src/5.opencv_demo_ws/install/opencv_demo3_1_color_space/share/opencv_demo3_1_color_space/package.ps1'
[6.669s] INFO:colcon.colcon_core.shell:Creating package descriptor '/home/tungchiahui/user/mysource/ros2src/5.opencv_demo_ws/install/opencv_demo3_1_color_space/share/opencv_demo3_1_color_space/package.dsv'
[6.669s] INFO:colcon.colcon_core.shell:Creating package script '/home/tungchiahui/user/mysource/ros2src/5.opencv_demo_ws/install/opencv_demo3_1_color_space/share/opencv_demo3_1_color_space/package.sh'
[6.669s] INFO:colcon.colcon_core.shell:Creating package script '/home/tungchiahui/user/mysource/ros2src/5.opencv_demo_ws/install/opencv_demo3_1_color_space/share/opencv_demo3_1_color_space/package.bash'
[6.669s] INFO:colcon.colcon_core.shell:Creating package script '/home/tungchiahui/user/mysource/ros2src/5.opencv_demo_ws/install/opencv_demo3_1_color_space/share/opencv_demo3_1_color_space/package.zsh'
[6.670s] Level 1:colcon.colcon_core.environment:create_file_with_runtime_dependencies(/home/tungchiahui/user/mysource/ros2src/5.opencv_demo_ws/install/opencv_demo3_1_color_space/share/colcon-core/packages/opencv_demo3_1_color_space)
[6.700s] Level 1:colcon.colcon_core.environment:create_environment_scripts_only(opencv_demo3_1_color_space)
[6.708s] Level 1:colcon.colcon_core.environment:checking '/home/tungchiahui/user/mysource/ros2src/5.opencv_demo_ws/install/opencv_demo3_1_color_space' for CMake module files
[6.708s] Level 1:colcon.colcon_core.environment:checking '/home/tungchiahui/user/mysource/ros2src/5.opencv_demo_ws/install/opencv_demo3_1_color_space' for CMake config files
[6.709s] Level 1:colcon.colcon_core.shell:create_environment_hook('opencv_demo3_1_color_space', 'cmake_prefix_path')
[6.717s] INFO:colcon.colcon_core.shell:Creating environment hook '/home/tungchiahui/user/mysource/ros2src/5.opencv_demo_ws/install/opencv_demo3_1_color_space/share/opencv_demo3_1_color_space/hook/cmake_prefix_path.ps1'
[6.717s] INFO:colcon.colcon_core.shell:Creating environment descriptor '/home/tungchiahui/user/mysource/ros2src/5.opencv_demo_ws/install/opencv_demo3_1_color_space/share/opencv_demo3_1_color_space/hook/cmake_prefix_path.dsv'
[6.717s] INFO:colcon.colcon_core.shell:Creating environment hook '/home/tungchiahui/user/mysource/ros2src/5.opencv_demo_ws/install/opencv_demo3_1_color_space/share/opencv_demo3_1_color_space/hook/cmake_prefix_path.sh'
[6.718s] Level 1:colcon.colcon_core.environment:checking '/home/tungchiahui/user/mysource/ros2src/5.opencv_demo_ws/install/opencv_demo3_1_color_space/lib'
[6.718s] Level 1:colcon.colcon_core.environment:checking '/home/tungchiahui/user/mysource/ros2src/5.opencv_demo_ws/install/opencv_demo3_1_color_space/bin'
[6.718s] Level 1:colcon.colcon_core.environment:checking '/home/tungchiahui/user/mysource/ros2src/5.opencv_demo_ws/install/opencv_demo3_1_color_space/lib/pkgconfig/opencv_demo3_1_color_space.pc'
[6.718s] Level 1:colcon.colcon_core.environment:checking '/home/tungchiahui/user/mysource/ros2src/5.opencv_demo_ws/install/opencv_demo3_1_color_space/lib/python3.10/site-packages'
[6.718s] Level 1:colcon.colcon_core.environment:checking '/home/tungchiahui/user/mysource/ros2src/5.opencv_demo_ws/install/opencv_demo3_1_color_space/bin'
[6.727s] INFO:colcon.colcon_core.shell:Creating package script '/home/tungchiahui/user/mysource/ros2src/5.opencv_demo_ws/install/opencv_demo3_1_color_space/share/opencv_demo3_1_color_space/package.ps1'
[6.727s] INFO:colcon.colcon_core.shell:Creating package descriptor '/home/tungchiahui/user/mysource/ros2src/5.opencv_demo_ws/install/opencv_demo3_1_color_space/share/opencv_demo3_1_color_space/package.dsv'
[6.727s] INFO:colcon.colcon_core.shell:Creating package script '/home/tungchiahui/user/mysource/ros2src/5.opencv_demo_ws/install/opencv_demo3_1_color_space/share/opencv_demo3_1_color_space/package.sh'
[6.727s] INFO:colcon.colcon_core.shell:Creating package script '/home/tungchiahui/user/mysource/ros2src/5.opencv_demo_ws/install/opencv_demo3_1_color_space/share/opencv_demo3_1_color_space/package.bash'
[6.728s] INFO:colcon.colcon_core.shell:Creating package script '/home/tungchiahui/user/mysource/ros2src/5.opencv_demo_ws/install/opencv_demo3_1_color_space/share/opencv_demo3_1_color_space/package.zsh'
[6.728s] Level 1:colcon.colcon_core.environment:create_file_with_runtime_dependencies(/home/tungchiahui/user/mysource/ros2src/5.opencv_demo_ws/install/opencv_demo3_1_color_space/share/colcon-core/packages/opencv_demo3_1_color_space)
[6.729s] DEBUG:colcon.colcon_core.event_handler.log_command:Invoked command in '/home/tungchiahui/user/mysource/ros2src/5.opencv_demo_ws/build/opencv_demo3_0_save_media_file' returned '0': CMAKE_PREFIX_PATH=${CMAKE_PREFIX_PATH}:/opt/ros/humble /usr/bin/cmake --build /home/tungchiahui/user/mysource/ros2src/5.opencv_demo_ws/build/opencv_demo3_0_save_media_file -- -j16 -l16
[6.752s] DEBUG:colcon.colcon_core.event_handler.log_command:Invoking command in '/home/tungchiahui/user/mysource/ros2src/5.opencv_demo_ws/build/opencv_demo3_0_save_media_file': CMAKE_PREFIX_PATH=${CMAKE_PREFIX_PATH}:/opt/ros/humble /usr/bin/cmake --install /home/tungchiahui/user/mysource/ros2src/5.opencv_demo_ws/build/opencv_demo3_0_save_media_file
[6.760s] Level 1:colcon.colcon_core.environment:create_environment_scripts_only(opencv_demo3_0_save_media_file)
[6.760s] DEBUG:colcon.colcon_core.event_handler.log_command:Invoked command in '/home/tungchiahui/user/mysource/ros2src/5.opencv_demo_ws/build/opencv_demo3_0_save_media_file' returned '0': CMAKE_PREFIX_PATH=${CMAKE_PREFIX_PATH}:/opt/ros/humble /usr/bin/cmake --install /home/tungchiahui/user/mysource/ros2src/5.opencv_demo_ws/build/opencv_demo3_0_save_media_file
[6.769s] Level 1:colcon.colcon_core.environment:checking '/home/tungchiahui/user/mysource/ros2src/5.opencv_demo_ws/install/opencv_demo3_0_save_media_file' for CMake module files
[6.769s] Level 1:colcon.colcon_core.environment:checking '/home/tungchiahui/user/mysource/ros2src/5.opencv_demo_ws/install/opencv_demo3_0_save_media_file' for CMake config files
[6.769s] Level 1:colcon.colcon_core.shell:create_environment_hook('opencv_demo3_0_save_media_file', 'cmake_prefix_path')
[6.778s] INFO:colcon.colcon_core.shell:Creating environment hook '/home/tungchiahui/user/mysource/ros2src/5.opencv_demo_ws/install/opencv_demo3_0_save_media_file/share/opencv_demo3_0_save_media_file/hook/cmake_prefix_path.ps1'
[6.778s] INFO:colcon.colcon_core.shell:Creating environment descriptor '/home/tungchiahui/user/mysource/ros2src/5.opencv_demo_ws/install/opencv_demo3_0_save_media_file/share/opencv_demo3_0_save_media_file/hook/cmake_prefix_path.dsv'
[6.778s] INFO:colcon.colcon_core.shell:Creating environment hook '/home/tungchiahui/user/mysource/ros2src/5.opencv_demo_ws/install/opencv_demo3_0_save_media_file/share/opencv_demo3_0_save_media_file/hook/cmake_prefix_path.sh'
[6.779s] Level 1:colcon.colcon_core.environment:checking '/home/tungchiahui/user/mysource/ros2src/5.opencv_demo_ws/install/opencv_demo3_0_save_media_file/lib'
[6.779s] Level 1:colcon.colcon_core.environment:checking '/home/tungchiahui/user/mysource/ros2src/5.opencv_demo_ws/install/opencv_demo3_0_save_media_file/bin'
[6.779s] Level 1:colcon.colcon_core.environment:checking '/home/tungchiahui/user/mysource/ros2src/5.opencv_demo_ws/install/opencv_demo3_0_save_media_file/lib/pkgconfig/opencv_demo3_0_save_media_file.pc'
[6.779s] Level 1:colcon.colcon_core.environment:checking '/home/tungchiahui/user/mysource/ros2src/5.opencv_demo_ws/install/opencv_demo3_0_save_media_file/lib/python3.10/site-packages'
[6.779s] Level 1:colcon.colcon_core.environment:checking '/home/tungchiahui/user/mysource/ros2src/5.opencv_demo_ws/install/opencv_demo3_0_save_media_file/bin'
[6.788s] INFO:colcon.colcon_core.shell:Creating package script '/home/tungchiahui/user/mysource/ros2src/5.opencv_demo_ws/install/opencv_demo3_0_save_media_file/share/opencv_demo3_0_save_media_file/package.ps1'
[6.788s] INFO:colcon.colcon_core.shell:Creating package descriptor '/home/tungchiahui/user/mysource/ros2src/5.opencv_demo_ws/install/opencv_demo3_0_save_media_file/share/opencv_demo3_0_save_media_file/package.dsv'
[6.789s] INFO:colcon.colcon_core.shell:Creating package script '/home/tungchiahui/user/mysource/ros2src/5.opencv_demo_ws/install/opencv_demo3_0_save_media_file/share/opencv_demo3_0_save_media_file/package.sh'
[6.789s] INFO:colcon.colcon_core.shell:Creating package script '/home/tungchiahui/user/mysource/ros2src/5.opencv_demo_ws/install/opencv_demo3_0_save_media_file/share/opencv_demo3_0_save_media_file/package.bash'
[6.789s] INFO:colcon.colcon_core.shell:Creating package script '/home/tungchiahui/user/mysource/ros2src/5.opencv_demo_ws/install/opencv_demo3_0_save_media_file/share/opencv_demo3_0_save_media_file/package.zsh'
[6.789s] Level 1:colcon.colcon_core.environment:create_file_with_runtime_dependencies(/home/tungchiahui/user/mysource/ros2src/5.opencv_demo_ws/install/opencv_demo3_0_save_media_file/share/colcon-core/packages/opencv_demo3_0_save_media_file)
[6.818s] Level 1:colcon.colcon_core.environment:create_environment_scripts_only(opencv_demo3_0_save_media_file)
[6.826s] Level 1:colcon.colcon_core.environment:checking '/home/tungchiahui/user/mysource/ros2src/5.opencv_demo_ws/install/opencv_demo3_0_save_media_file' for CMake module files
[6.827s] Level 1:colcon.colcon_core.environment:checking '/home/tungchiahui/user/mysource/ros2src/5.opencv_demo_ws/install/opencv_demo3_0_save_media_file' for CMake config files
[6.827s] Level 1:colcon.colcon_core.shell:create_environment_hook('opencv_demo3_0_save_media_file', 'cmake_prefix_path')
[6.834s] INFO:colcon.colcon_core.shell:Creating environment hook '/home/tungchiahui/user/mysource/ros2src/5.opencv_demo_ws/install/opencv_demo3_0_save_media_file/share/opencv_demo3_0_save_media_file/hook/cmake_prefix_path.ps1'
[6.835s] INFO:colcon.colcon_core.shell:Creating environment descriptor '/home/tungchiahui/user/mysource/ros2src/5.opencv_demo_ws/install/opencv_demo3_0_save_media_file/share/opencv_demo3_0_save_media_file/hook/cmake_prefix_path.dsv'
[6.835s] INFO:colcon.colcon_core.shell:Creating environment hook '/home/tungchiahui/user/mysource/ros2src/5.opencv_demo_ws/install/opencv_demo3_0_save_media_file/share/opencv_demo3_0_save_media_file/hook/cmake_prefix_path.sh'
[6.835s] Level 1:colcon.colcon_core.environment:checking '/home/tungchiahui/user/mysource/ros2src/5.opencv_demo_ws/install/opencv_demo3_0_save_media_file/lib'
[6.835s] Level 1:colcon.colcon_core.environment:checking '/home/tungchiahui/user/mysource/ros2src/5.opencv_demo_ws/install/opencv_demo3_0_save_media_file/bin'
[6.835s] Level 1:colcon.colcon_core.environment:checking '/home/tungchiahui/user/mysource/ros2src/5.opencv_demo_ws/install/opencv_demo3_0_save_media_file/lib/pkgconfig/opencv_demo3_0_save_media_file.pc'
[6.835s] Level 1:colcon.colcon_core.environment:checking '/home/tungchiahui/user/mysource/ros2src/5.opencv_demo_ws/install/opencv_demo3_0_save_media_file/lib/python3.10/site-packages'
[6.835s] Level 1:colcon.colcon_core.environment:checking '/home/tungchiahui/user/mysource/ros2src/5.opencv_demo_ws/install/opencv_demo3_0_save_media_file/bin'
[6.843s] INFO:colcon.colcon_core.shell:Creating package script '/home/tungchiahui/user/mysource/ros2src/5.opencv_demo_ws/install/opencv_demo3_0_save_media_file/share/opencv_demo3_0_save_media_file/package.ps1'
[6.843s] INFO:colcon.colcon_core.shell:Creating package descriptor '/home/tungchiahui/user/mysource/ros2src/5.opencv_demo_ws/install/opencv_demo3_0_save_media_file/share/opencv_demo3_0_save_media_file/package.dsv'
[6.844s] INFO:colcon.colcon_core.shell:Creating package script '/home/tungchiahui/user/mysource/ros2src/5.opencv_demo_ws/install/opencv_demo3_0_save_media_file/share/opencv_demo3_0_save_media_file/package.sh'
[6.844s] INFO:colcon.colcon_core.shell:Creating package script '/home/tungchiahui/user/mysource/ros2src/5.opencv_demo_ws/install/opencv_demo3_0_save_media_file/share/opencv_demo3_0_save_media_file/package.bash'
[6.844s] INFO:colcon.colcon_core.shell:Creating package script '/home/tungchiahui/user/mysource/ros2src/5.opencv_demo_ws/install/opencv_demo3_0_save_media_file/share/opencv_demo3_0_save_media_file/package.zsh'
[6.844s] Level 1:colcon.colcon_core.environment:create_file_with_runtime_dependencies(/home/tungchiahui/user/mysource/ros2src/5.opencv_demo_ws/install/opencv_demo3_0_save_media_file/share/colcon-core/packages/opencv_demo3_0_save_media_file)
[6.845s] DEBUG:colcon.colcon_parallel_executor.executor.parallel:closing loop
[6.845s] DEBUG:colcon.colcon_parallel_executor.executor.parallel:loop closed
[6.845s] DEBUG:colcon.colcon_parallel_executor.executor.parallel:run_until_complete finished with '0'
[6.845s] DEBUG:colcon.colcon_core.event_reactor:joining thread
[6.857s] INFO:colcon.colcon_core.plugin_system:Skipping extension 'colcon_notification.desktop_notification.terminal_notifier': Not used on non-Darwin systems
[6.857s] INFO:colcon.colcon_core.plugin_system:Skipping extension 'colcon_notification.desktop_notification.win32': Not used on non-Windows systems
[6.857s] INFO:colcon.colcon_notification.desktop_notification:Sending desktop notification using 'notify2'
[6.877s] DEBUG:colcon.colcon_core.event_reactor:joined thread
[6.886s] INFO:colcon.colcon_core.shell:Creating prefix script '/home/tungchiahui/user/mysource/ros2src/5.opencv_demo_ws/install/local_setup.ps1'
[6.887s] INFO:colcon.colcon_core.shell:Creating prefix util module '/home/tungchiahui/user/mysource/ros2src/5.opencv_demo_ws/install/_local_setup_util_ps1.py'
[6.888s] INFO:colcon.colcon_core.shell:Creating prefix chain script '/home/tungchiahui/user/mysource/ros2src/5.opencv_demo_ws/install/setup.ps1'
[6.897s] INFO:colcon.colcon_core.shell:Creating prefix script '/home/tungchiahui/user/mysource/ros2src/5.opencv_demo_ws/install/local_setup.sh'
[6.897s] INFO:colcon.colcon_core.shell:Creating prefix util module '/home/tungchiahui/user/mysource/ros2src/5.opencv_demo_ws/install/_local_setup_util_sh.py'
[6.897s] INFO:colcon.colcon_core.shell:Creating prefix chain script '/home/tungchiahui/user/mysource/ros2src/5.opencv_demo_ws/install/setup.sh'
[6.907s] INFO:colcon.colcon_core.shell:Creating prefix script '/home/tungchiahui/user/mysource/ros2src/5.opencv_demo_ws/install/local_setup.bash'
[6.907s] INFO:colcon.colcon_core.shell:Creating prefix chain script '/home/tungchiahui/user/mysource/ros2src/5.opencv_demo_ws/install/setup.bash'
[6.916s] INFO:colcon.colcon_core.shell:Creating prefix script '/home/tungchiahui/user/mysource/ros2src/5.opencv_demo_ws/install/local_setup.zsh'
[6.916s] INFO:colcon.colcon_core.shell:Creating prefix chain script '/home/tungchiahui/user/mysource/ros2src/5.opencv_demo_ws/install/setup.zsh'
