[35m[1mConsolidate compiler generated dependencies of target read_video_node[0m
[35m[1mConsolidate compiler generated dependencies of target read_camera_video_node[0m
[ 50%] Built target read_video_node
[100%] Built target read_camera_video_node
-- Install configuration: ""
-- Up-to-date: /home/tungchiahui/user/mysource/ros2src/5.opencv_demo_ws/install/opencv_demo2_0_video_capture/lib/opencv_demo2_0_video_capture/read_video_node
-- Up-to-date: /home/tungchiahui/user/mysource/ros2src/5.opencv_demo_ws/install/opencv_demo2_0_video_capture/lib/opencv_demo2_0_video_capture/read_camera_video_node
-- Up-to-date: /home/tungchiahui/user/mysource/ros2src/5.opencv_demo_ws/install/opencv_demo2_0_video_capture/share/ament_index/resource_index/package_run_dependencies/opencv_demo2_0_video_capture
-- Up-to-date: /home/tungchiahui/user/mysource/ros2src/5.opencv_demo_ws/install/opencv_demo2_0_video_capture/share/ament_index/resource_index/parent_prefix_path/opencv_demo2_0_video_capture
-- Up-to-date: /home/tungchiahui/user/mysource/ros2src/5.opencv_demo_ws/install/opencv_demo2_0_video_capture/share/opencv_demo2_0_video_capture/environment/ament_prefix_path.sh
-- Up-to-date: /home/tungchiahui/user/mysource/ros2src/5.opencv_demo_ws/install/opencv_demo2_0_video_capture/share/opencv_demo2_0_video_capture/environment/ament_prefix_path.dsv
-- Up-to-date: /home/tungchiahui/user/mysource/ros2src/5.opencv_demo_ws/install/opencv_demo2_0_video_capture/share/opencv_demo2_0_video_capture/environment/path.sh
-- Up-to-date: /home/tungchiahui/user/mysource/ros2src/5.opencv_demo_ws/install/opencv_demo2_0_video_capture/share/opencv_demo2_0_video_capture/environment/path.dsv
-- Up-to-date: /home/tungchiahui/user/mysource/ros2src/5.opencv_demo_ws/install/opencv_demo2_0_video_capture/share/opencv_demo2_0_video_capture/local_setup.bash
-- Up-to-date: /home/tungchiahui/user/mysource/ros2src/5.opencv_demo_ws/install/opencv_demo2_0_video_capture/share/opencv_demo2_0_video_capture/local_setup.sh
-- Up-to-date: /home/tungchiahui/user/mysource/ros2src/5.opencv_demo_ws/install/opencv_demo2_0_video_capture/share/opencv_demo2_0_video_capture/local_setup.zsh
-- Up-to-date: /home/tungchiahui/user/mysource/ros2src/5.opencv_demo_ws/install/opencv_demo2_0_video_capture/share/opencv_demo2_0_video_capture/local_setup.dsv
-- Installing: /home/tungchiahui/user/mysource/ros2src/5.opencv_demo_ws/install/opencv_demo2_0_video_capture/share/opencv_demo2_0_video_capture/package.dsv
-- Up-to-date: /home/tungchiahui/user/mysource/ros2src/5.opencv_demo_ws/install/opencv_demo2_0_video_capture/share/ament_index/resource_index/packages/opencv_demo2_0_video_capture
-- Up-to-date: /home/tungchiahui/user/mysource/ros2src/5.opencv_demo_ws/install/opencv_demo2_0_video_capture/share/opencv_demo2_0_video_capture/cmake/opencv_demo2_0_video_captureConfig.cmake
-- Up-to-date: /home/tungchiahui/user/mysource/ros2src/5.opencv_demo_ws/install/opencv_demo2_0_video_capture/share/opencv_demo2_0_video_capture/cmake/opencv_demo2_0_video_captureConfig-version.cmake
-- Up-to-date: /home/tungchiahui/user/mysource/ros2src/5.opencv_demo_ws/install/opencv_demo2_0_video_capture/share/opencv_demo2_0_video_capture/package.xml
