[ 50%] [32mBuilding CXX object CMakeFiles/helloworld.dir/src/helloworld.cpp.o[0m
[01m[K/home/tungchiahui/mysource/ros2src/1.demo_ws/src/pkg01_helloworld_cpp/src/helloworld.cpp:[m[K In function ‘[01m[Kint main(int, char**)[m[K’:
[01m[K/home/tungchiahui/mysource/ros2src/1.demo_ws/src/pkg01_helloworld_cpp/src/helloworld.cpp:7:29:[m[K [01;31m[Kerror: [m[K‘[01m[Kmakeshared[m[K’ is not a member of ‘[01m[Krclcpp::Node[m[K’
    7 |   auto node = rclcpp::Node::[01;31m[Kmakeshared[m[K("helloworld_node");
      |                             [01;31m[K^~~~~~~~~~[m[K
In file included from [01m[K/opt/ros/humble/include/rclcpp/rclcpp/client.hpp:40[m[K,
                 from [01m[K/opt/ros/humble/include/rclcpp/rclcpp/callback_group.hpp:24[m[K,
                 from [01m[K/opt/ros/humble/include/rclcpp/rclcpp/any_executable.hpp:20[m[K,
                 from [01m[K/opt/ros/humble/include/rclcpp/rclcpp/memory_strategy.hpp:25[m[K,
                 from [01m[K/opt/ros/humble/include/rclcpp/rclcpp/memory_strategies.hpp:18[m[K,
                 from [01m[K/opt/ros/humble/include/rclcpp/rclcpp/executor_options.hpp:20[m[K,
                 from [01m[K/opt/ros/humble/include/rclcpp/rclcpp/executor.hpp:37[m[K,
                 from [01m[K/opt/ros/humble/include/rclcpp/rclcpp/executors/multi_threaded_executor.hpp:25[m[K,
                 from [01m[K/opt/ros/humble/include/rclcpp/rclcpp/executors.hpp:21[m[K,
                 from [01m[K/opt/ros/humble/include/rclcpp/rclcpp/rclcpp.hpp:155[m[K,
                 from [01m[K/home/tungchiahui/mysource/ros2src/1.demo_ws/src/pkg01_helloworld_cpp/src/helloworld.cpp:1[m[K:
[01m[K/home/tungchiahui/mysource/ros2src/1.demo_ws/src/pkg01_helloworld_cpp/src/helloworld.cpp:9:3:[m[K [01;31m[Kerror: [m[Ktemplate argument 1 is invalid
    9 |   [01;31m[KRCLCPP_INFO[m[K(node->get_logger(),"hello world!");
      |   [01;31m[K^~~~~~~~~~~[m[K
[01m[K/home/tungchiahui/mysource/ros2src/1.demo_ws/src/pkg01_helloworld_cpp/src/helloworld.cpp:9:3:[m[K [01;31m[Kerror: [m[K‘[01m[K<declaration error>[m[K’ is not a template [[01;31m[K]8;;https://gcc.gnu.org/onlinedocs/gcc/Warning-Options.html#index-fpermissive-fpermissive]8;;[m[K]
    9 |   [01;31m[KRCLCPP_INFO[m[K(node->get_logger(),"hello world!");
      |   [01;31m[K^~~~~~~~~~~[m[K
[01m[K/home/tungchiahui/mysource/ros2src/1.demo_ws/src/pkg01_helloworld_cpp/src/helloworld.cpp:9:3:[m[K [01;31m[Kerror: [m[Ktemplate argument 1 is invalid
    9 |   [01;31m[KRCLCPP_INFO[m[K(node->get_logger(),"hello world!");
      |   [01;31m[K^~~~~~~~~~~[m[K
[01m[K/home/tungchiahui/mysource/ros2src/1.demo_ws/src/pkg01_helloworld_cpp/src/helloworld.cpp:9:3:[m[K [01;31m[Kerror: [m[K‘[01m[K<declaration error>[m[K’ is not a template [[01;31m[K]8;;https://gcc.gnu.org/onlinedocs/gcc/Warning-Options.html#index-fpermissive-fpermissive]8;;[m[K]
    9 |   [01;31m[KRCLCPP_INFO[m[K(node->get_logger(),"hello world!");
      |   [01;31m[K^~~~~~~~~~~[m[K
[01m[K/home/tungchiahui/mysource/ros2src/1.demo_ws/src/pkg01_helloworld_cpp/src/helloworld.cpp:9:3:[m[K [01;31m[Kerror: [m[Ktemplate argument 1 is invalid
    9 |   [01;31m[KRCLCPP_INFO[m[K(node->get_logger(),"hello world!");
      |   [01;31m[K^~~~~~~~~~~[m[K
gmake[2]: *** [CMakeFiles/helloworld.dir/build.make:76: CMakeFiles/helloworld.dir/src/helloworld.cpp.o] Error 1
gmake[1]: *** [CMakeFiles/Makefile2:137: CMakeFiles/helloworld.dir/all] Error 2
gmake: *** [Makefile:146: all] Error 2
