[0.046s] Invoking command in '/home/tungchiahui/user/mysource/ros2src/fouraxisrobot_kine_ws/build/four_moveit2': CMAKE_PREFIX_PATH=${CMAKE_PREFIX_PATH}:/opt/ros/humble /usr/bin/cmake /home/tungchiahui/user/mysource/ros2src/fouraxisrobot_kine_ws/src/fouraxisrobot_moveit2/four_moveit2 -DCMAKE_INSTALL_PREFIX=/home/tungchiahui/user/mysource/ros2src/fouraxisrobot_kine_ws/install/four_moveit2
[0.079s] -- The C compiler identification is GNU 11.4.0
[0.111s] -- The CXX compiler identification is GNU 11.4.0
[0.116s] -- Detecting C compiler ABI info
[0.160s] -- Detecting C compiler ABI info - done
[0.164s] -- Check for working C compiler: /usr/bin/cc - skipped
[0.164s] -- Detecting C compile features
[0.164s] -- Detecting C compile features - done
[0.166s] -- Detecting CXX compiler ABI info
[0.216s] -- Detecting CXX compiler ABI info - done
[0.221s] -- Check for working CXX compiler: /usr/bin/c++ - skipped
[0.221s] -- Detecting CXX compile features
[0.221s] -- Detecting CXX compile features - done
[0.222s] -- Found ament_cmake: 1.3.6 (/opt/ros/humble/share/ament_cmake/cmake)
[0.322s] -- Found Python3: /usr/bin/python3.10 (found version "3.10.12") found components: Interpreter 
[0.415s] -- Configuring done
[0.416s] -- Generating done
[0.417s] -- Build files have been written to: /home/tungchiahui/user/mysource/ros2src/fouraxisrobot_kine_ws/build/four_moveit2
[0.419s] Invoked command in '/home/tungchiahui/user/mysource/ros2src/fouraxisrobot_kine_ws/build/four_moveit2' returned '0': CMAKE_PREFIX_PATH=${CMAKE_PREFIX_PATH}:/opt/ros/humble /usr/bin/cmake /home/tungchiahui/user/mysource/ros2src/fouraxisrobot_kine_ws/src/fouraxisrobot_moveit2/four_moveit2 -DCMAKE_INSTALL_PREFIX=/home/tungchiahui/user/mysource/ros2src/fouraxisrobot_kine_ws/install/four_moveit2
[0.421s] Invoking command in '/home/tungchiahui/user/mysource/ros2src/fouraxisrobot_kine_ws/build/four_moveit2': CMAKE_PREFIX_PATH=${CMAKE_PREFIX_PATH}:/opt/ros/humble /usr/bin/cmake --build /home/tungchiahui/user/mysource/ros2src/fouraxisrobot_kine_ws/build/four_moveit2 -- -j16 -l16
[0.447s] Invoked command in '/home/tungchiahui/user/mysource/ros2src/fouraxisrobot_kine_ws/build/four_moveit2' returned '0': CMAKE_PREFIX_PATH=${CMAKE_PREFIX_PATH}:/opt/ros/humble /usr/bin/cmake --build /home/tungchiahui/user/mysource/ros2src/fouraxisrobot_kine_ws/build/four_moveit2 -- -j16 -l16
[0.462s] Invoking command in '/home/tungchiahui/user/mysource/ros2src/fouraxisrobot_kine_ws/build/four_moveit2': CMAKE_PREFIX_PATH=${CMAKE_PREFIX_PATH}:/opt/ros/humble /usr/bin/cmake --install /home/tungchiahui/user/mysource/ros2src/fouraxisrobot_kine_ws/build/four_moveit2
[0.467s] -- Install configuration: ""
[0.467s] -- Installing: /home/tungchiahui/user/mysource/ros2src/fouraxisrobot_kine_ws/install/four_moveit2/share/ament_index/resource_index/package_run_dependencies/four_moveit2
[0.467s] -- Installing: /home/tungchiahui/user/mysource/ros2src/fouraxisrobot_kine_ws/install/four_moveit2/share/ament_index/resource_index/parent_prefix_path/four_moveit2
[0.468s] -- Installing: /home/tungchiahui/user/mysource/ros2src/fouraxisrobot_kine_ws/install/four_moveit2/share/four_moveit2/environment/ament_prefix_path.sh
[0.468s] -- Installing: /home/tungchiahui/user/mysource/ros2src/fouraxisrobot_kine_ws/install/four_moveit2/share/four_moveit2/environment/ament_prefix_path.dsv
[0.468s] -- Installing: /home/tungchiahui/user/mysource/ros2src/fouraxisrobot_kine_ws/install/four_moveit2/share/four_moveit2/environment/path.sh
[0.468s] -- Installing: /home/tungchiahui/user/mysource/ros2src/fouraxisrobot_kine_ws/install/four_moveit2/share/four_moveit2/environment/path.dsv
[0.468s] -- Installing: /home/tungchiahui/user/mysource/ros2src/fouraxisrobot_kine_ws/install/four_moveit2/share/four_moveit2/local_setup.bash
[0.468s] -- Installing: /home/tungchiahui/user/mysource/ros2src/fouraxisrobot_kine_ws/install/four_moveit2/share/four_moveit2/local_setup.sh
[0.468s] -- Installing: /home/tungchiahui/user/mysource/ros2src/fouraxisrobot_kine_ws/install/four_moveit2/share/four_moveit2/local_setup.zsh
[0.468s] -- Installing: /home/tungchiahui/user/mysource/ros2src/fouraxisrobot_kine_ws/install/four_moveit2/share/four_moveit2/local_setup.dsv
[0.468s] -- Installing: /home/tungchiahui/user/mysource/ros2src/fouraxisrobot_kine_ws/install/four_moveit2/share/four_moveit2/package.dsv
[0.468s] -- Installing: /home/tungchiahui/user/mysource/ros2src/fouraxisrobot_kine_ws/install/four_moveit2/share/ament_index/resource_index/packages/four_moveit2
[0.468s] -- Installing: /home/tungchiahui/user/mysource/ros2src/fouraxisrobot_kine_ws/install/four_moveit2/share/four_moveit2/cmake/four_moveit2Config.cmake
[0.468s] -- Installing: /home/tungchiahui/user/mysource/ros2src/fouraxisrobot_kine_ws/install/four_moveit2/share/four_moveit2/cmake/four_moveit2Config-version.cmake
[0.468s] -- Installing: /home/tungchiahui/user/mysource/ros2src/fouraxisrobot_kine_ws/install/four_moveit2/share/four_moveit2/package.xml
[0.468s] -- Installing: /home/tungchiahui/user/mysource/ros2src/fouraxisrobot_kine_ws/install/four_moveit2/share/four_moveit2/launch
[0.468s] -- Installing: /home/tungchiahui/user/mysource/ros2src/fouraxisrobot_kine_ws/install/four_moveit2/share/four_moveit2/launch/demo.launch.py
[0.468s] -- Installing: /home/tungchiahui/user/mysource/ros2src/fouraxisrobot_kine_ws/install/four_moveit2/share/four_moveit2/launch/rsp.launch.py
[0.468s] -- Installing: /home/tungchiahui/user/mysource/ros2src/fouraxisrobot_kine_ws/install/four_moveit2/share/four_moveit2/launch/setup_assistant.launch.py
[0.468s] -- Installing: /home/tungchiahui/user/mysource/ros2src/fouraxisrobot_kine_ws/install/four_moveit2/share/four_moveit2/launch/moveit_rviz.launch.py
[0.468s] -- Installing: /home/tungchiahui/user/mysource/ros2src/fouraxisrobot_kine_ws/install/four_moveit2/share/four_moveit2/launch/static_virtual_joint_tfs.launch.py
[0.469s] -- Installing: /home/tungchiahui/user/mysource/ros2src/fouraxisrobot_kine_ws/install/four_moveit2/share/four_moveit2/launch/move_group.launch.py
[0.469s] -- Installing: /home/tungchiahui/user/mysource/ros2src/fouraxisrobot_kine_ws/install/four_moveit2/share/four_moveit2/launch/spawn_controllers.launch.py
[0.469s] -- Installing: /home/tungchiahui/user/mysource/ros2src/fouraxisrobot_kine_ws/install/four_moveit2/share/four_moveit2/launch/warehouse_db.launch.py
[0.469s] -- Installing: /home/tungchiahui/user/mysource/ros2src/fouraxisrobot_kine_ws/install/four_moveit2/share/four_moveit2/config
[0.469s] -- Installing: /home/tungchiahui/user/mysource/ros2src/fouraxisrobot_kine_ws/install/four_moveit2/share/four_moveit2/config/moveit.rviz
[0.469s] -- Installing: /home/tungchiahui/user/mysource/ros2src/fouraxisrobot_kine_ws/install/four_moveit2/share/four_moveit2/config/joint_limits.yaml
[0.469s] -- Installing: /home/tungchiahui/user/mysource/ros2src/fouraxisrobot_kine_ws/install/four_moveit2/share/four_moveit2/config/pilz_cartesian_limits.yaml
[0.469s] -- Installing: /home/tungchiahui/user/mysource/ros2src/fouraxisrobot_kine_ws/install/four_moveit2/share/four_moveit2/config/initial_positions.yaml
[0.469s] -- Installing: /home/tungchiahui/user/mysource/ros2src/fouraxisrobot_kine_ws/install/four_moveit2/share/four_moveit2/config/fouraxisrobot_kine.ros2_control.xacro
[0.469s] -- Installing: /home/tungchiahui/user/mysource/ros2src/fouraxisrobot_kine_ws/install/four_moveit2/share/four_moveit2/config/fouraxisrobot_kine.urdf.xacro
[0.469s] -- Installing: /home/tungchiahui/user/mysource/ros2src/fouraxisrobot_kine_ws/install/four_moveit2/share/four_moveit2/config/fouraxisrobot_kine.srdf
[0.469s] -- Installing: /home/tungchiahui/user/mysource/ros2src/fouraxisrobot_kine_ws/install/four_moveit2/share/four_moveit2/config/moveit_controllers.yaml
[0.469s] -- Installing: /home/tungchiahui/user/mysource/ros2src/fouraxisrobot_kine_ws/install/four_moveit2/share/four_moveit2/config/ros2_controllers.yaml
[0.469s] -- Installing: /home/tungchiahui/user/mysource/ros2src/fouraxisrobot_kine_ws/install/four_moveit2/share/four_moveit2/config/kinematics.yaml
[0.469s] -- Installing: /home/tungchiahui/user/mysource/ros2src/fouraxisrobot_kine_ws/install/four_moveit2/share/four_moveit2/.setup_assistant
[0.470s] Invoked command in '/home/tungchiahui/user/mysource/ros2src/fouraxisrobot_kine_ws/build/four_moveit2' returned '0': CMAKE_PREFIX_PATH=${CMAKE_PREFIX_PATH}:/opt/ros/humble /usr/bin/cmake --install /home/tungchiahui/user/mysource/ros2src/fouraxisrobot_kine_ws/build/four_moveit2
