[0.082s] DEBUG:colcon:Command line arguments: ['/usr/bin/colcon', 'build']
[0.082s] DEBUG:colcon:Parsed command line arguments: Namespace(log_base=None, log_level=None, verb_name='build', build_base='build', install_base='install', merge_install=False, symlink_install=False, test_result_base=None, continue_on_error=False, executor='parallel', parallel_workers=16, event_handlers=None, ignore_user_meta=False, metas=['./colcon.meta'], base_paths=['.'], packages_ignore=None, packages_ignore_regex=None, paths=None, packages_up_to=None, packages_up_to_regex=None, packages_above=None, packages_above_and_dependencies=None, packages_above_depth=None, packages_select_by_dep=None, packages_skip_by_dep=None, packages_skip_up_to=None, packages_select_build_failed=False, packages_skip_build_finished=False, packages_select_test_failures=False, packages_skip_test_passed=False, packages_select=None, packages_skip=None, packages_select_regex=None, packages_skip_regex=None, packages_start=None, packages_end=None, allow_overriding=[], cmake_args=None, cmake_target=None, cmake_target_skip_unavailable=False, cmake_clean_cache=False, cmake_clean_first=False, cmake_force_configure=False, ament_cmake_args=None, catkin_cmake_args=None, catkin_skip_building_tests=False, mixin_files=None, mixin=None, verb_parser=<colcon_mixin.mixin.mixin_argument.MixinArgumentDecorator object at 0x7fba7ab27110>, verb_extension=<colcon_core.verb.build.BuildVerb object at 0x7fba7aca37d0>, main=<bound method BuildVerb.main of <colcon_core.verb.build.BuildVerb object at 0x7fba7aca37d0>>, mixin_verb=('build',))
[0.113s] Level 1:colcon.colcon_core.package_discovery:discover_packages(colcon_meta) check parameters
[0.113s] Level 1:colcon.colcon_core.package_discovery:discover_packages(recursive) check parameters
[0.113s] Level 1:colcon.colcon_core.package_discovery:discover_packages(ignore) check parameters
[0.113s] Level 1:colcon.colcon_core.package_discovery:discover_packages(path) check parameters
[0.113s] Level 1:colcon.colcon_core.package_discovery:discover_packages(colcon_meta) discover
[0.114s] Level 1:colcon.colcon_core.package_discovery:discover_packages(recursive) discover
[0.114s] INFO:colcon.colcon_core.package_discovery:Crawling recursively for packages in '/home/tungchiahui/UserFloder/mysource/ROS/ROS2_WS/6.ws_simulations'
[0.114s] Level 1:colcon.colcon_core.package_identification:_identify(.) by extensions ['ignore', 'ignore_ament_install']
[0.114s] Level 1:colcon.colcon_core.package_identification:_identify(.) by extension 'ignore'
[0.114s] Level 1:colcon.colcon_core.package_identification:_identify(.) by extension 'ignore_ament_install'
[0.114s] Level 1:colcon.colcon_core.package_identification:_identify(.) by extensions ['colcon_pkg']
[0.114s] Level 1:colcon.colcon_core.package_identification:_identify(.) by extension 'colcon_pkg'
[0.114s] Level 1:colcon.colcon_core.package_identification:_identify(.) by extensions ['colcon_meta']
[0.114s] Level 1:colcon.colcon_core.package_identification:_identify(.) by extension 'colcon_meta'
[0.114s] Level 1:colcon.colcon_core.package_identification:_identify(.) by extensions ['ros']
[0.114s] Level 1:colcon.colcon_core.package_identification:_identify(.) by extension 'ros'
[0.139s] Level 1:colcon.colcon_core.package_identification:_identify(.) by extensions ['cmake', 'python']
[0.139s] Level 1:colcon.colcon_core.package_identification:_identify(.) by extension 'cmake'
[0.139s] Level 1:colcon.colcon_core.package_identification:_identify(.) by extension 'python'
[0.139s] Level 1:colcon.colcon_core.package_identification:_identify(.) by extensions ['python_setup_py']
[0.139s] Level 1:colcon.colcon_core.package_identification:_identify(.) by extension 'python_setup_py'
[0.139s] Level 1:colcon.colcon_core.package_identification:_identify(build) by extensions ['ignore', 'ignore_ament_install']
[0.139s] Level 1:colcon.colcon_core.package_identification:_identify(build) by extension 'ignore'
[0.139s] Level 1:colcon.colcon_core.package_identification:_identify(build) ignored
[0.139s] Level 1:colcon.colcon_core.package_identification:_identify(install) by extensions ['ignore', 'ignore_ament_install']
[0.139s] Level 1:colcon.colcon_core.package_identification:_identify(install) by extension 'ignore'
[0.139s] Level 1:colcon.colcon_core.package_identification:_identify(install) ignored
[0.139s] Level 1:colcon.colcon_core.package_identification:_identify(log) by extensions ['ignore', 'ignore_ament_install']
[0.140s] Level 1:colcon.colcon_core.package_identification:_identify(log) by extension 'ignore'
[0.140s] Level 1:colcon.colcon_core.package_identification:_identify(log) ignored
[0.140s] Level 1:colcon.colcon_core.package_identification:_identify(src) by extensions ['ignore', 'ignore_ament_install']
[0.140s] Level 1:colcon.colcon_core.package_identification:_identify(src) by extension 'ignore'
[0.140s] Level 1:colcon.colcon_core.package_identification:_identify(src) by extension 'ignore_ament_install'
[0.140s] Level 1:colcon.colcon_core.package_identification:_identify(src) by extensions ['colcon_pkg']
[0.140s] Level 1:colcon.colcon_core.package_identification:_identify(src) by extension 'colcon_pkg'
[0.140s] Level 1:colcon.colcon_core.package_identification:_identify(src) by extensions ['colcon_meta']
[0.140s] Level 1:colcon.colcon_core.package_identification:_identify(src) by extension 'colcon_meta'
[0.140s] Level 1:colcon.colcon_core.package_identification:_identify(src) by extensions ['ros']
[0.140s] Level 1:colcon.colcon_core.package_identification:_identify(src) by extension 'ros'
[0.140s] Level 1:colcon.colcon_core.package_identification:_identify(src) by extensions ['cmake', 'python']
[0.140s] Level 1:colcon.colcon_core.package_identification:_identify(src) by extension 'cmake'
[0.140s] Level 1:colcon.colcon_core.package_identification:_identify(src) by extension 'python'
[0.140s] Level 1:colcon.colcon_core.package_identification:_identify(src) by extensions ['python_setup_py']
[0.140s] Level 1:colcon.colcon_core.package_identification:_identify(src) by extension 'python_setup_py'
[0.140s] Level 1:colcon.colcon_core.package_identification:_identify(src/Stage) by extensions ['ignore', 'ignore_ament_install']
[0.140s] Level 1:colcon.colcon_core.package_identification:_identify(src/Stage) by extension 'ignore'
[0.140s] Level 1:colcon.colcon_core.package_identification:_identify(src/Stage) by extension 'ignore_ament_install'
[0.140s] Level 1:colcon.colcon_core.package_identification:_identify(src/Stage) by extensions ['colcon_pkg']
[0.140s] Level 1:colcon.colcon_core.package_identification:_identify(src/Stage) by extension 'colcon_pkg'
[0.140s] Level 1:colcon.colcon_core.package_identification:_identify(src/Stage) by extensions ['colcon_meta']
[0.140s] Level 1:colcon.colcon_core.package_identification:_identify(src/Stage) by extension 'colcon_meta'
[0.141s] Level 1:colcon.colcon_core.package_identification:_identify(src/Stage) by extensions ['ros']
[0.141s] Level 1:colcon.colcon_core.package_identification:_identify(src/Stage) by extension 'ros'
[0.141s] Level 1:colcon.colcon_core.package_identification:_identify(src/Stage) by extensions ['cmake', 'python']
[0.141s] Level 1:colcon.colcon_core.package_identification:_identify(src/Stage) by extension 'cmake'
[0.143s] Level 1:colcon.colcon_core.package_identification:_identify(src/Stage) by extension 'python'
[0.143s] DEBUG:colcon.colcon_core.package_identification:Package 'src/Stage' with type 'cmake' and name 'Stage'
[0.143s] Level 1:colcon.colcon_core.package_identification:_identify(src/demo_gazebo_sim) by extensions ['ignore', 'ignore_ament_install']
[0.143s] Level 1:colcon.colcon_core.package_identification:_identify(src/demo_gazebo_sim) by extension 'ignore'
[0.144s] Level 1:colcon.colcon_core.package_identification:_identify(src/demo_gazebo_sim) by extension 'ignore_ament_install'
[0.144s] Level 1:colcon.colcon_core.package_identification:_identify(src/demo_gazebo_sim) by extensions ['colcon_pkg']
[0.144s] Level 1:colcon.colcon_core.package_identification:_identify(src/demo_gazebo_sim) by extension 'colcon_pkg'
[0.144s] Level 1:colcon.colcon_core.package_identification:_identify(src/demo_gazebo_sim) by extensions ['colcon_meta']
[0.144s] Level 1:colcon.colcon_core.package_identification:_identify(src/demo_gazebo_sim) by extension 'colcon_meta'
[0.144s] Level 1:colcon.colcon_core.package_identification:_identify(src/demo_gazebo_sim) by extensions ['ros']
[0.144s] Level 1:colcon.colcon_core.package_identification:_identify(src/demo_gazebo_sim) by extension 'ros'
[0.146s] DEBUG:colcon.colcon_core.package_identification:Package 'src/demo_gazebo_sim' with type 'ros.ament_cmake' and name 'demo_gazebo_sim'
[0.146s] Level 1:colcon.colcon_core.package_identification:_identify(src/mycar_description) by extensions ['ignore', 'ignore_ament_install']
[0.146s] Level 1:colcon.colcon_core.package_identification:_identify(src/mycar_description) by extension 'ignore'
[0.146s] Level 1:colcon.colcon_core.package_identification:_identify(src/mycar_description) by extension 'ignore_ament_install'
[0.146s] Level 1:colcon.colcon_core.package_identification:_identify(src/mycar_description) by extensions ['colcon_pkg']
[0.146s] Level 1:colcon.colcon_core.package_identification:_identify(src/mycar_description) by extension 'colcon_pkg'
[0.146s] Level 1:colcon.colcon_core.package_identification:_identify(src/mycar_description) by extensions ['colcon_meta']
[0.146s] Level 1:colcon.colcon_core.package_identification:_identify(src/mycar_description) by extension 'colcon_meta'
[0.146s] Level 1:colcon.colcon_core.package_identification:_identify(src/mycar_description) by extensions ['ros']
[0.146s] Level 1:colcon.colcon_core.package_identification:_identify(src/mycar_description) by extension 'ros'
[0.147s] DEBUG:colcon.colcon_core.package_identification:Package 'src/mycar_description' with type 'ros.ament_cmake' and name 'mycar_description'
[0.147s] Level 1:colcon.colcon_core.package_discovery:discover_packages(recursive) using defaults
[0.147s] Level 1:colcon.colcon_core.package_discovery:discover_packages(ignore) discover
[0.147s] Level 1:colcon.colcon_core.package_discovery:discover_packages(ignore) using defaults
[0.147s] Level 1:colcon.colcon_core.package_discovery:discover_packages(path) discover
[0.147s] Level 1:colcon.colcon_core.package_discovery:discover_packages(path) using defaults
[0.162s] Level 1:colcon.colcon_core.package_discovery:discover_packages(prefix_path) check parameters
[0.162s] Level 1:colcon.colcon_core.package_discovery:discover_packages(prefix_path) discover
[0.165s] DEBUG:colcon.colcon_installed_package_information.package_discovery:Found 389 installed packages in /opt/ros/jazzy
[0.167s] Level 1:colcon.colcon_core.package_discovery:discover_packages(prefix_path) using defaults
[0.206s] Level 5:colcon.colcon_core.verb:set package 'Stage' build argument 'cmake_args' from command line to 'None'
[0.206s] Level 5:colcon.colcon_core.verb:set package 'Stage' build argument 'cmake_target' from command line to 'None'
[0.206s] Level 5:colcon.colcon_core.verb:set package 'Stage' build argument 'cmake_target_skip_unavailable' from command line to 'False'
[0.206s] Level 5:colcon.colcon_core.verb:set package 'Stage' build argument 'cmake_clean_cache' from command line to 'False'
[0.206s] Level 5:colcon.colcon_core.verb:set package 'Stage' build argument 'cmake_clean_first' from command line to 'False'
[0.206s] Level 5:colcon.colcon_core.verb:set package 'Stage' build argument 'cmake_force_configure' from command line to 'False'
[0.206s] Level 5:colcon.colcon_core.verb:set package 'Stage' build argument 'ament_cmake_args' from command line to 'None'
[0.206s] Level 5:colcon.colcon_core.verb:set package 'Stage' build argument 'catkin_cmake_args' from command line to 'None'
[0.206s] Level 5:colcon.colcon_core.verb:set package 'Stage' build argument 'catkin_skip_building_tests' from command line to 'False'
[0.206s] DEBUG:colcon.colcon_core.verb:Building package 'Stage' with the following arguments: {'ament_cmake_args': None, 'build_base': '/home/tungchiahui/UserFloder/mysource/ROS/ROS2_WS/6.ws_simulations/build/Stage', 'catkin_cmake_args': None, 'catkin_skip_building_tests': False, 'cmake_args': None, 'cmake_clean_cache': False, 'cmake_clean_first': False, 'cmake_force_configure': False, 'cmake_target': None, 'cmake_target_skip_unavailable': False, 'install_base': '/home/tungchiahui/UserFloder/mysource/ROS/ROS2_WS/6.ws_simulations/install/Stage', 'merge_install': False, 'path': '/home/tungchiahui/UserFloder/mysource/ROS/ROS2_WS/6.ws_simulations/src/Stage', 'symlink_install': False, 'test_result_base': None}
[0.206s] Level 5:colcon.colcon_core.verb:set package 'demo_gazebo_sim' build argument 'cmake_args' from command line to 'None'
[0.206s] Level 5:colcon.colcon_core.verb:set package 'demo_gazebo_sim' build argument 'cmake_target' from command line to 'None'
[0.206s] Level 5:colcon.colcon_core.verb:set package 'demo_gazebo_sim' build argument 'cmake_target_skip_unavailable' from command line to 'False'
[0.206s] Level 5:colcon.colcon_core.verb:set package 'demo_gazebo_sim' build argument 'cmake_clean_cache' from command line to 'False'
[0.206s] Level 5:colcon.colcon_core.verb:set package 'demo_gazebo_sim' build argument 'cmake_clean_first' from command line to 'False'
[0.206s] Level 5:colcon.colcon_core.verb:set package 'demo_gazebo_sim' build argument 'cmake_force_configure' from command line to 'False'
[0.206s] Level 5:colcon.colcon_core.verb:set package 'demo_gazebo_sim' build argument 'ament_cmake_args' from command line to 'None'
[0.207s] Level 5:colcon.colcon_core.verb:set package 'demo_gazebo_sim' build argument 'catkin_cmake_args' from command line to 'None'
[0.207s] Level 5:colcon.colcon_core.verb:set package 'demo_gazebo_sim' build argument 'catkin_skip_building_tests' from command line to 'False'
[0.207s] DEBUG:colcon.colcon_core.verb:Building package 'demo_gazebo_sim' with the following arguments: {'ament_cmake_args': None, 'build_base': '/home/tungchiahui/UserFloder/mysource/ROS/ROS2_WS/6.ws_simulations/build/demo_gazebo_sim', 'catkin_cmake_args': None, 'catkin_skip_building_tests': False, 'cmake_args': None, 'cmake_clean_cache': False, 'cmake_clean_first': False, 'cmake_force_configure': False, 'cmake_target': None, 'cmake_target_skip_unavailable': False, 'install_base': '/home/tungchiahui/UserFloder/mysource/ROS/ROS2_WS/6.ws_simulations/install/demo_gazebo_sim', 'merge_install': False, 'path': '/home/tungchiahui/UserFloder/mysource/ROS/ROS2_WS/6.ws_simulations/src/demo_gazebo_sim', 'symlink_install': False, 'test_result_base': None}
[0.207s] Level 5:colcon.colcon_core.verb:set package 'mycar_description' build argument 'cmake_args' from command line to 'None'
[0.207s] Level 5:colcon.colcon_core.verb:set package 'mycar_description' build argument 'cmake_target' from command line to 'None'
[0.207s] Level 5:colcon.colcon_core.verb:set package 'mycar_description' build argument 'cmake_target_skip_unavailable' from command line to 'False'
[0.207s] Level 5:colcon.colcon_core.verb:set package 'mycar_description' build argument 'cmake_clean_cache' from command line to 'False'
[0.207s] Level 5:colcon.colcon_core.verb:set package 'mycar_description' build argument 'cmake_clean_first' from command line to 'False'
[0.207s] Level 5:colcon.colcon_core.verb:set package 'mycar_description' build argument 'cmake_force_configure' from command line to 'False'
[0.207s] Level 5:colcon.colcon_core.verb:set package 'mycar_description' build argument 'ament_cmake_args' from command line to 'None'
[0.207s] Level 5:colcon.colcon_core.verb:set package 'mycar_description' build argument 'catkin_cmake_args' from command line to 'None'
[0.207s] Level 5:colcon.colcon_core.verb:set package 'mycar_description' build argument 'catkin_skip_building_tests' from command line to 'False'
[0.207s] DEBUG:colcon.colcon_core.verb:Building package 'mycar_description' with the following arguments: {'ament_cmake_args': None, 'build_base': '/home/tungchiahui/UserFloder/mysource/ROS/ROS2_WS/6.ws_simulations/build/mycar_description', 'catkin_cmake_args': None, 'catkin_skip_building_tests': False, 'cmake_args': None, 'cmake_clean_cache': False, 'cmake_clean_first': False, 'cmake_force_configure': False, 'cmake_target': None, 'cmake_target_skip_unavailable': False, 'install_base': '/home/tungchiahui/UserFloder/mysource/ROS/ROS2_WS/6.ws_simulations/install/mycar_description', 'merge_install': False, 'path': '/home/tungchiahui/UserFloder/mysource/ROS/ROS2_WS/6.ws_simulations/src/mycar_description', 'symlink_install': False, 'test_result_base': None}
[0.207s] INFO:colcon.colcon_core.executor:Executing jobs using 'parallel' executor
[0.208s] DEBUG:colcon.colcon_parallel_executor.executor.parallel:run_until_complete
[0.208s] INFO:colcon.colcon_cmake.task.cmake.build:Building CMake package in '/home/tungchiahui/UserFloder/mysource/ROS/ROS2_WS/6.ws_simulations/src/Stage'
[0.209s] INFO:colcon.colcon_core.plugin_system:Skipping extension 'colcon_core.shell.bat': Not used on non-Windows systems
[0.210s] INFO:colcon.colcon_core.shell:Skip shell extension 'powershell' for command environment: Not usable outside of PowerShell
[0.210s] DEBUG:colcon.colcon_core.shell:Skip shell extension 'dsv' for command environment
[0.212s] INFO:colcon.colcon_ros.task.ament_cmake.build:Building ROS package in '/home/tungchiahui/UserFloder/mysource/ROS/ROS2_WS/6.ws_simulations/src/demo_gazebo_sim' with build type 'ament_cmake'
[0.212s] INFO:colcon.colcon_cmake.task.cmake.build:Building CMake package in '/home/tungchiahui/UserFloder/mysource/ROS/ROS2_WS/6.ws_simulations/src/demo_gazebo_sim'
[0.213s] INFO:colcon.colcon_core.shell:Skip shell extension 'powershell' for command environment: Not usable outside of PowerShell
[0.213s] DEBUG:colcon.colcon_core.shell:Skip shell extension 'dsv' for command environment
[0.215s] INFO:colcon.colcon_ros.task.ament_cmake.build:Building ROS package in '/home/tungchiahui/UserFloder/mysource/ROS/ROS2_WS/6.ws_simulations/src/mycar_description' with build type 'ament_cmake'
[0.215s] INFO:colcon.colcon_cmake.task.cmake.build:Building CMake package in '/home/tungchiahui/UserFloder/mysource/ROS/ROS2_WS/6.ws_simulations/src/mycar_description'
[0.215s] INFO:colcon.colcon_core.shell:Skip shell extension 'powershell' for command environment: Not usable outside of PowerShell
[0.215s] DEBUG:colcon.colcon_core.shell:Skip shell extension 'dsv' for command environment
[0.222s] DEBUG:colcon.colcon_core.event_handler.log_command:Invoking command in '/home/tungchiahui/UserFloder/mysource/ROS/ROS2_WS/6.ws_simulations/build/Stage': /usr/bin/cmake --build /home/tungchiahui/UserFloder/mysource/ROS/ROS2_WS/6.ws_simulations/build/Stage -- -j16 -l16
[0.225s] DEBUG:colcon.colcon_core.event_handler.log_command:Invoking command in '/home/tungchiahui/UserFloder/mysource/ROS/ROS2_WS/6.ws_simulations/build/demo_gazebo_sim': CMAKE_PREFIX_PATH=${CMAKE_PREFIX_PATH}:/opt/ros/jazzy /usr/bin/cmake --build /home/tungchiahui/UserFloder/mysource/ROS/ROS2_WS/6.ws_simulations/build/demo_gazebo_sim -- -j16 -l16
[0.228s] DEBUG:colcon.colcon_core.event_handler.log_command:Invoking command in '/home/tungchiahui/UserFloder/mysource/ROS/ROS2_WS/6.ws_simulations/build/mycar_description': CMAKE_PREFIX_PATH=${CMAKE_PREFIX_PATH}:/opt/ros/jazzy /usr/bin/cmake --build /home/tungchiahui/UserFloder/mysource/ROS/ROS2_WS/6.ws_simulations/build/mycar_description -- -j16 -l16
[0.257s] DEBUG:colcon.colcon_core.event_handler.log_command:Invoked command in '/home/tungchiahui/UserFloder/mysource/ROS/ROS2_WS/6.ws_simulations/build/demo_gazebo_sim' returned '0': CMAKE_PREFIX_PATH=${CMAKE_PREFIX_PATH}:/opt/ros/jazzy /usr/bin/cmake --build /home/tungchiahui/UserFloder/mysource/ROS/ROS2_WS/6.ws_simulations/build/demo_gazebo_sim -- -j16 -l16
[0.265s] DEBUG:colcon.colcon_core.event_handler.log_command:Invoking command in '/home/tungchiahui/UserFloder/mysource/ROS/ROS2_WS/6.ws_simulations/build/demo_gazebo_sim': CMAKE_PREFIX_PATH=${CMAKE_PREFIX_PATH}:/opt/ros/jazzy /usr/bin/cmake --install /home/tungchiahui/UserFloder/mysource/ROS/ROS2_WS/6.ws_simulations/build/demo_gazebo_sim
[0.266s] DEBUG:colcon.colcon_core.event_handler.log_command:Invoked command in '/home/tungchiahui/UserFloder/mysource/ROS/ROS2_WS/6.ws_simulations/build/mycar_description' returned '0': CMAKE_PREFIX_PATH=${CMAKE_PREFIX_PATH}:/opt/ros/jazzy /usr/bin/cmake --build /home/tungchiahui/UserFloder/mysource/ROS/ROS2_WS/6.ws_simulations/build/mycar_description -- -j16 -l16
[0.267s] DEBUG:colcon.colcon_core.event_handler.log_command:Invoking command in '/home/tungchiahui/UserFloder/mysource/ROS/ROS2_WS/6.ws_simulations/build/mycar_description': CMAKE_PREFIX_PATH=${CMAKE_PREFIX_PATH}:/opt/ros/jazzy /usr/bin/cmake --install /home/tungchiahui/UserFloder/mysource/ROS/ROS2_WS/6.ws_simulations/build/mycar_description
[0.274s] Level 1:colcon.colcon_core.environment:create_environment_scripts_only(demo_gazebo_sim)
[0.278s] Level 1:colcon.colcon_core.environment:checking '/home/tungchiahui/UserFloder/mysource/ROS/ROS2_WS/6.ws_simulations/install/demo_gazebo_sim' for CMake module files
[0.279s] DEBUG:colcon.colcon_core.event_handler.log_command:Invoked command in '/home/tungchiahui/UserFloder/mysource/ROS/ROS2_WS/6.ws_simulations/build/demo_gazebo_sim' returned '0': CMAKE_PREFIX_PATH=${CMAKE_PREFIX_PATH}:/opt/ros/jazzy /usr/bin/cmake --install /home/tungchiahui/UserFloder/mysource/ROS/ROS2_WS/6.ws_simulations/build/demo_gazebo_sim
[0.280s] Level 1:colcon.colcon_core.environment:checking '/home/tungchiahui/UserFloder/mysource/ROS/ROS2_WS/6.ws_simulations/install/demo_gazebo_sim' for CMake config files
[0.280s] Level 1:colcon.colcon_core.shell:create_environment_hook('demo_gazebo_sim', 'cmake_prefix_path')
[0.280s] INFO:colcon.colcon_core.shell:Creating environment hook '/home/tungchiahui/UserFloder/mysource/ROS/ROS2_WS/6.ws_simulations/install/demo_gazebo_sim/share/demo_gazebo_sim/hook/cmake_prefix_path.ps1'
[0.281s] INFO:colcon.colcon_core.shell:Creating environment descriptor '/home/tungchiahui/UserFloder/mysource/ROS/ROS2_WS/6.ws_simulations/install/demo_gazebo_sim/share/demo_gazebo_sim/hook/cmake_prefix_path.dsv'
[0.281s] INFO:colcon.colcon_core.shell:Creating environment hook '/home/tungchiahui/UserFloder/mysource/ROS/ROS2_WS/6.ws_simulations/install/demo_gazebo_sim/share/demo_gazebo_sim/hook/cmake_prefix_path.sh'
[0.282s] Level 1:colcon.colcon_core.environment:checking '/home/tungchiahui/UserFloder/mysource/ROS/ROS2_WS/6.ws_simulations/install/demo_gazebo_sim/bin'
[0.282s] Level 1:colcon.colcon_core.environment:checking '/home/tungchiahui/UserFloder/mysource/ROS/ROS2_WS/6.ws_simulations/install/demo_gazebo_sim/lib/pkgconfig/demo_gazebo_sim.pc'
[0.282s] Level 1:colcon.colcon_core.environment:checking '/home/tungchiahui/UserFloder/mysource/ROS/ROS2_WS/6.ws_simulations/install/demo_gazebo_sim/lib/python3.12/site-packages'
[0.283s] Level 1:colcon.colcon_core.environment:checking '/home/tungchiahui/UserFloder/mysource/ROS/ROS2_WS/6.ws_simulations/install/demo_gazebo_sim/bin'
[0.283s] INFO:colcon.colcon_core.shell:Creating package script '/home/tungchiahui/UserFloder/mysource/ROS/ROS2_WS/6.ws_simulations/install/demo_gazebo_sim/share/demo_gazebo_sim/package.ps1'
[0.284s] INFO:colcon.colcon_core.shell:Creating package descriptor '/home/tungchiahui/UserFloder/mysource/ROS/ROS2_WS/6.ws_simulations/install/demo_gazebo_sim/share/demo_gazebo_sim/package.dsv'
[0.284s] INFO:colcon.colcon_core.shell:Creating package script '/home/tungchiahui/UserFloder/mysource/ROS/ROS2_WS/6.ws_simulations/install/demo_gazebo_sim/share/demo_gazebo_sim/package.sh'
[0.285s] INFO:colcon.colcon_core.shell:Creating package script '/home/tungchiahui/UserFloder/mysource/ROS/ROS2_WS/6.ws_simulations/install/demo_gazebo_sim/share/demo_gazebo_sim/package.bash'
[0.286s] INFO:colcon.colcon_core.shell:Creating package script '/home/tungchiahui/UserFloder/mysource/ROS/ROS2_WS/6.ws_simulations/install/demo_gazebo_sim/share/demo_gazebo_sim/package.zsh'
[0.286s] Level 1:colcon.colcon_core.environment:create_file_with_runtime_dependencies(/home/tungchiahui/UserFloder/mysource/ROS/ROS2_WS/6.ws_simulations/install/demo_gazebo_sim/share/colcon-core/packages/demo_gazebo_sim)
[0.287s] Level 1:colcon.colcon_core.environment:create_environment_scripts_only(demo_gazebo_sim)
[0.287s] Level 1:colcon.colcon_core.environment:checking '/home/tungchiahui/UserFloder/mysource/ROS/ROS2_WS/6.ws_simulations/install/demo_gazebo_sim' for CMake module files
[0.287s] Level 1:colcon.colcon_core.environment:checking '/home/tungchiahui/UserFloder/mysource/ROS/ROS2_WS/6.ws_simulations/install/demo_gazebo_sim' for CMake config files
[0.288s] Level 1:colcon.colcon_core.shell:create_environment_hook('demo_gazebo_sim', 'cmake_prefix_path')
[0.288s] INFO:colcon.colcon_core.shell:Creating environment hook '/home/tungchiahui/UserFloder/mysource/ROS/ROS2_WS/6.ws_simulations/install/demo_gazebo_sim/share/demo_gazebo_sim/hook/cmake_prefix_path.ps1'
[0.288s] INFO:colcon.colcon_core.shell:Creating environment descriptor '/home/tungchiahui/UserFloder/mysource/ROS/ROS2_WS/6.ws_simulations/install/demo_gazebo_sim/share/demo_gazebo_sim/hook/cmake_prefix_path.dsv'
[0.289s] INFO:colcon.colcon_core.shell:Creating environment hook '/home/tungchiahui/UserFloder/mysource/ROS/ROS2_WS/6.ws_simulations/install/demo_gazebo_sim/share/demo_gazebo_sim/hook/cmake_prefix_path.sh'
[0.289s] Level 1:colcon.colcon_core.environment:checking '/home/tungchiahui/UserFloder/mysource/ROS/ROS2_WS/6.ws_simulations/install/demo_gazebo_sim/bin'
[0.289s] Level 1:colcon.colcon_core.environment:checking '/home/tungchiahui/UserFloder/mysource/ROS/ROS2_WS/6.ws_simulations/install/demo_gazebo_sim/lib/pkgconfig/demo_gazebo_sim.pc'
[0.289s] Level 1:colcon.colcon_core.environment:checking '/home/tungchiahui/UserFloder/mysource/ROS/ROS2_WS/6.ws_simulations/install/demo_gazebo_sim/lib/python3.12/site-packages'
[0.290s] Level 1:colcon.colcon_core.environment:checking '/home/tungchiahui/UserFloder/mysource/ROS/ROS2_WS/6.ws_simulations/install/demo_gazebo_sim/bin'
[0.290s] INFO:colcon.colcon_core.shell:Creating package script '/home/tungchiahui/UserFloder/mysource/ROS/ROS2_WS/6.ws_simulations/install/demo_gazebo_sim/share/demo_gazebo_sim/package.ps1'
[0.290s] INFO:colcon.colcon_core.shell:Creating package descriptor '/home/tungchiahui/UserFloder/mysource/ROS/ROS2_WS/6.ws_simulations/install/demo_gazebo_sim/share/demo_gazebo_sim/package.dsv'
[0.291s] INFO:colcon.colcon_core.shell:Creating package script '/home/tungchiahui/UserFloder/mysource/ROS/ROS2_WS/6.ws_simulations/install/demo_gazebo_sim/share/demo_gazebo_sim/package.sh'
[0.291s] INFO:colcon.colcon_core.shell:Creating package script '/home/tungchiahui/UserFloder/mysource/ROS/ROS2_WS/6.ws_simulations/install/demo_gazebo_sim/share/demo_gazebo_sim/package.bash'
[0.293s] INFO:colcon.colcon_core.shell:Creating package script '/home/tungchiahui/UserFloder/mysource/ROS/ROS2_WS/6.ws_simulations/install/demo_gazebo_sim/share/demo_gazebo_sim/package.zsh'
[0.293s] Level 1:colcon.colcon_core.environment:create_file_with_runtime_dependencies(/home/tungchiahui/UserFloder/mysource/ROS/ROS2_WS/6.ws_simulations/install/demo_gazebo_sim/share/colcon-core/packages/demo_gazebo_sim)
[0.294s] Level 1:colcon.colcon_core.environment:create_environment_scripts_only(mycar_description)
[0.294s] Level 1:colcon.colcon_core.environment:checking '/home/tungchiahui/UserFloder/mysource/ROS/ROS2_WS/6.ws_simulations/install/mycar_description' for CMake module files
[0.294s] DEBUG:colcon.colcon_core.event_handler.log_command:Invoked command in '/home/tungchiahui/UserFloder/mysource/ROS/ROS2_WS/6.ws_simulations/build/mycar_description' returned '0': CMAKE_PREFIX_PATH=${CMAKE_PREFIX_PATH}:/opt/ros/jazzy /usr/bin/cmake --install /home/tungchiahui/UserFloder/mysource/ROS/ROS2_WS/6.ws_simulations/build/mycar_description
[0.295s] Level 1:colcon.colcon_core.environment:checking '/home/tungchiahui/UserFloder/mysource/ROS/ROS2_WS/6.ws_simulations/install/mycar_description' for CMake config files
[0.295s] Level 1:colcon.colcon_core.shell:create_environment_hook('mycar_description', 'cmake_prefix_path')
[0.295s] INFO:colcon.colcon_core.shell:Creating environment hook '/home/tungchiahui/UserFloder/mysource/ROS/ROS2_WS/6.ws_simulations/install/mycar_description/share/mycar_description/hook/cmake_prefix_path.ps1'
[0.295s] INFO:colcon.colcon_core.shell:Creating environment descriptor '/home/tungchiahui/UserFloder/mysource/ROS/ROS2_WS/6.ws_simulations/install/mycar_description/share/mycar_description/hook/cmake_prefix_path.dsv'
[0.295s] INFO:colcon.colcon_core.shell:Creating environment hook '/home/tungchiahui/UserFloder/mysource/ROS/ROS2_WS/6.ws_simulations/install/mycar_description/share/mycar_description/hook/cmake_prefix_path.sh'
[0.296s] Level 1:colcon.colcon_core.environment:checking '/home/tungchiahui/UserFloder/mysource/ROS/ROS2_WS/6.ws_simulations/install/mycar_description/bin'
[0.296s] Level 1:colcon.colcon_core.environment:checking '/home/tungchiahui/UserFloder/mysource/ROS/ROS2_WS/6.ws_simulations/install/mycar_description/lib/pkgconfig/mycar_description.pc'
[0.296s] Level 1:colcon.colcon_core.environment:checking '/home/tungchiahui/UserFloder/mysource/ROS/ROS2_WS/6.ws_simulations/install/mycar_description/lib/python3.12/site-packages'
[0.296s] Level 1:colcon.colcon_core.environment:checking '/home/tungchiahui/UserFloder/mysource/ROS/ROS2_WS/6.ws_simulations/install/mycar_description/bin'
[0.296s] INFO:colcon.colcon_core.shell:Creating package script '/home/tungchiahui/UserFloder/mysource/ROS/ROS2_WS/6.ws_simulations/install/mycar_description/share/mycar_description/package.ps1'
[0.297s] INFO:colcon.colcon_core.shell:Creating package descriptor '/home/tungchiahui/UserFloder/mysource/ROS/ROS2_WS/6.ws_simulations/install/mycar_description/share/mycar_description/package.dsv'
[0.297s] INFO:colcon.colcon_core.shell:Creating package script '/home/tungchiahui/UserFloder/mysource/ROS/ROS2_WS/6.ws_simulations/install/mycar_description/share/mycar_description/package.sh'
[0.297s] INFO:colcon.colcon_core.shell:Creating package script '/home/tungchiahui/UserFloder/mysource/ROS/ROS2_WS/6.ws_simulations/install/mycar_description/share/mycar_description/package.bash'
[0.298s] INFO:colcon.colcon_core.shell:Creating package script '/home/tungchiahui/UserFloder/mysource/ROS/ROS2_WS/6.ws_simulations/install/mycar_description/share/mycar_description/package.zsh'
[0.298s] Level 1:colcon.colcon_core.environment:create_file_with_runtime_dependencies(/home/tungchiahui/UserFloder/mysource/ROS/ROS2_WS/6.ws_simulations/install/mycar_description/share/colcon-core/packages/mycar_description)
[0.298s] Level 1:colcon.colcon_core.environment:create_environment_scripts_only(mycar_description)
[0.298s] Level 1:colcon.colcon_core.environment:checking '/home/tungchiahui/UserFloder/mysource/ROS/ROS2_WS/6.ws_simulations/install/mycar_description' for CMake module files
[0.299s] Level 1:colcon.colcon_core.environment:checking '/home/tungchiahui/UserFloder/mysource/ROS/ROS2_WS/6.ws_simulations/install/mycar_description' for CMake config files
[0.299s] Level 1:colcon.colcon_core.shell:create_environment_hook('mycar_description', 'cmake_prefix_path')
[0.299s] INFO:colcon.colcon_core.shell:Creating environment hook '/home/tungchiahui/UserFloder/mysource/ROS/ROS2_WS/6.ws_simulations/install/mycar_description/share/mycar_description/hook/cmake_prefix_path.ps1'
[0.299s] INFO:colcon.colcon_core.shell:Creating environment descriptor '/home/tungchiahui/UserFloder/mysource/ROS/ROS2_WS/6.ws_simulations/install/mycar_description/share/mycar_description/hook/cmake_prefix_path.dsv'
[0.299s] INFO:colcon.colcon_core.shell:Creating environment hook '/home/tungchiahui/UserFloder/mysource/ROS/ROS2_WS/6.ws_simulations/install/mycar_description/share/mycar_description/hook/cmake_prefix_path.sh'
[0.300s] Level 1:colcon.colcon_core.environment:checking '/home/tungchiahui/UserFloder/mysource/ROS/ROS2_WS/6.ws_simulations/install/mycar_description/bin'
[0.300s] Level 1:colcon.colcon_core.environment:checking '/home/tungchiahui/UserFloder/mysource/ROS/ROS2_WS/6.ws_simulations/install/mycar_description/lib/pkgconfig/mycar_description.pc'
[0.300s] Level 1:colcon.colcon_core.environment:checking '/home/tungchiahui/UserFloder/mysource/ROS/ROS2_WS/6.ws_simulations/install/mycar_description/lib/python3.12/site-packages'
[0.300s] Level 1:colcon.colcon_core.environment:checking '/home/tungchiahui/UserFloder/mysource/ROS/ROS2_WS/6.ws_simulations/install/mycar_description/bin'
[0.300s] INFO:colcon.colcon_core.shell:Creating package script '/home/tungchiahui/UserFloder/mysource/ROS/ROS2_WS/6.ws_simulations/install/mycar_description/share/mycar_description/package.ps1'
[0.301s] INFO:colcon.colcon_core.shell:Creating package descriptor '/home/tungchiahui/UserFloder/mysource/ROS/ROS2_WS/6.ws_simulations/install/mycar_description/share/mycar_description/package.dsv'
[0.301s] INFO:colcon.colcon_core.shell:Creating package script '/home/tungchiahui/UserFloder/mysource/ROS/ROS2_WS/6.ws_simulations/install/mycar_description/share/mycar_description/package.sh'
[0.302s] INFO:colcon.colcon_core.shell:Creating package script '/home/tungchiahui/UserFloder/mysource/ROS/ROS2_WS/6.ws_simulations/install/mycar_description/share/mycar_description/package.bash'
[0.302s] INFO:colcon.colcon_core.shell:Creating package script '/home/tungchiahui/UserFloder/mysource/ROS/ROS2_WS/6.ws_simulations/install/mycar_description/share/mycar_description/package.zsh'
[0.302s] Level 1:colcon.colcon_core.environment:create_file_with_runtime_dependencies(/home/tungchiahui/UserFloder/mysource/ROS/ROS2_WS/6.ws_simulations/install/mycar_description/share/colcon-core/packages/mycar_description)
[0.366s] DEBUG:colcon.colcon_core.event_handler.log_command:Invoked command in '/home/tungchiahui/UserFloder/mysource/ROS/ROS2_WS/6.ws_simulations/build/Stage' returned '0': /usr/bin/cmake --build /home/tungchiahui/UserFloder/mysource/ROS/ROS2_WS/6.ws_simulations/build/Stage -- -j16 -l16
[0.368s] DEBUG:colcon.colcon_core.event_handler.log_command:Invoking command in '/home/tungchiahui/UserFloder/mysource/ROS/ROS2_WS/6.ws_simulations/build/Stage': /usr/bin/cmake --install /home/tungchiahui/UserFloder/mysource/ROS/ROS2_WS/6.ws_simulations/build/Stage
[0.381s] Level 1:colcon.colcon_core.environment:create_environment_scripts_only(Stage)
[0.381s] Level 1:colcon.colcon_core.environment:checking '/home/tungchiahui/UserFloder/mysource/ROS/ROS2_WS/6.ws_simulations/install/Stage' for CMake module files
[0.382s] Level 1:colcon.colcon_core.environment:checking '/home/tungchiahui/UserFloder/mysource/ROS/ROS2_WS/6.ws_simulations/install/Stage' for CMake config files
[0.383s] Level 1:colcon.colcon_core.shell:create_environment_hook('Stage', 'cmake_prefix_path')
[0.383s] INFO:colcon.colcon_core.shell:Creating environment hook '/home/tungchiahui/UserFloder/mysource/ROS/ROS2_WS/6.ws_simulations/install/Stage/share/Stage/hook/cmake_prefix_path.ps1'
[0.384s] INFO:colcon.colcon_core.shell:Creating environment descriptor '/home/tungchiahui/UserFloder/mysource/ROS/ROS2_WS/6.ws_simulations/install/Stage/share/Stage/hook/cmake_prefix_path.dsv'
[0.384s] INFO:colcon.colcon_core.shell:Creating environment hook '/home/tungchiahui/UserFloder/mysource/ROS/ROS2_WS/6.ws_simulations/install/Stage/share/Stage/hook/cmake_prefix_path.sh'
[0.385s] Level 1:colcon.colcon_core.environment:checking '/home/tungchiahui/UserFloder/mysource/ROS/ROS2_WS/6.ws_simulations/install/Stage/lib'
[0.386s] Level 1:colcon.colcon_core.shell:create_environment_hook('Stage', 'ld_library_path_lib')
[0.386s] INFO:colcon.colcon_core.shell:Creating environment hook '/home/tungchiahui/UserFloder/mysource/ROS/ROS2_WS/6.ws_simulations/install/Stage/share/Stage/hook/ld_library_path_lib.ps1'
[0.386s] INFO:colcon.colcon_core.shell:Creating environment descriptor '/home/tungchiahui/UserFloder/mysource/ROS/ROS2_WS/6.ws_simulations/install/Stage/share/Stage/hook/ld_library_path_lib.dsv'
[0.387s] INFO:colcon.colcon_core.shell:Creating environment hook '/home/tungchiahui/UserFloder/mysource/ROS/ROS2_WS/6.ws_simulations/install/Stage/share/Stage/hook/ld_library_path_lib.sh'
[0.387s] Level 1:colcon.colcon_core.environment:checking '/home/tungchiahui/UserFloder/mysource/ROS/ROS2_WS/6.ws_simulations/install/Stage/bin'
[0.388s] Level 1:colcon.colcon_core.shell:create_environment_hook('Stage', 'path')
[0.388s] INFO:colcon.colcon_core.shell:Creating environment hook '/home/tungchiahui/UserFloder/mysource/ROS/ROS2_WS/6.ws_simulations/install/Stage/share/Stage/hook/path.ps1'
[0.388s] DEBUG:colcon.colcon_core.event_handler.log_command:Invoked command in '/home/tungchiahui/UserFloder/mysource/ROS/ROS2_WS/6.ws_simulations/build/Stage' returned '0': /usr/bin/cmake --install /home/tungchiahui/UserFloder/mysource/ROS/ROS2_WS/6.ws_simulations/build/Stage
[0.388s] INFO:colcon.colcon_core.shell:Creating environment descriptor '/home/tungchiahui/UserFloder/mysource/ROS/ROS2_WS/6.ws_simulations/install/Stage/share/Stage/hook/path.dsv'
[0.388s] INFO:colcon.colcon_core.shell:Creating environment hook '/home/tungchiahui/UserFloder/mysource/ROS/ROS2_WS/6.ws_simulations/install/Stage/share/Stage/hook/path.sh'
[0.389s] Level 1:colcon.colcon_core.environment:checking '/home/tungchiahui/UserFloder/mysource/ROS/ROS2_WS/6.ws_simulations/install/Stage/lib/pkgconfig/Stage.pc'
[0.389s] Level 1:colcon.colcon_core.environment:checking '/home/tungchiahui/UserFloder/mysource/ROS/ROS2_WS/6.ws_simulations/install/Stage/lib/python3.12/site-packages'
[0.389s] Level 1:colcon.colcon_core.environment:checking '/home/tungchiahui/UserFloder/mysource/ROS/ROS2_WS/6.ws_simulations/install/Stage/bin'
[0.389s] Level 1:colcon.colcon_core.shell:create_environment_hook('Stage', 'pythonscriptspath')
[0.389s] INFO:colcon.colcon_core.shell:Creating environment hook '/home/tungchiahui/UserFloder/mysource/ROS/ROS2_WS/6.ws_simulations/install/Stage/share/Stage/hook/pythonscriptspath.ps1'
[0.390s] INFO:colcon.colcon_core.shell:Creating environment descriptor '/home/tungchiahui/UserFloder/mysource/ROS/ROS2_WS/6.ws_simulations/install/Stage/share/Stage/hook/pythonscriptspath.dsv'
[0.390s] INFO:colcon.colcon_core.shell:Creating environment hook '/home/tungchiahui/UserFloder/mysource/ROS/ROS2_WS/6.ws_simulations/install/Stage/share/Stage/hook/pythonscriptspath.sh'
[0.390s] INFO:colcon.colcon_core.shell:Creating package script '/home/tungchiahui/UserFloder/mysource/ROS/ROS2_WS/6.ws_simulations/install/Stage/share/Stage/package.ps1'
[0.391s] INFO:colcon.colcon_core.shell:Creating package descriptor '/home/tungchiahui/UserFloder/mysource/ROS/ROS2_WS/6.ws_simulations/install/Stage/share/Stage/package.dsv'
[0.391s] INFO:colcon.colcon_core.shell:Creating package script '/home/tungchiahui/UserFloder/mysource/ROS/ROS2_WS/6.ws_simulations/install/Stage/share/Stage/package.sh'
[0.391s] INFO:colcon.colcon_core.shell:Creating package script '/home/tungchiahui/UserFloder/mysource/ROS/ROS2_WS/6.ws_simulations/install/Stage/share/Stage/package.bash'
[0.392s] INFO:colcon.colcon_core.shell:Creating package script '/home/tungchiahui/UserFloder/mysource/ROS/ROS2_WS/6.ws_simulations/install/Stage/share/Stage/package.zsh'
[0.392s] Level 1:colcon.colcon_core.environment:create_file_with_runtime_dependencies(/home/tungchiahui/UserFloder/mysource/ROS/ROS2_WS/6.ws_simulations/install/Stage/share/colcon-core/packages/Stage)
[0.392s] DEBUG:colcon.colcon_parallel_executor.executor.parallel:closing loop
[0.392s] DEBUG:colcon.colcon_parallel_executor.executor.parallel:loop closed
[0.392s] DEBUG:colcon.colcon_parallel_executor.executor.parallel:run_until_complete finished with '0'
[0.392s] DEBUG:colcon.colcon_core.event_reactor:joining thread
[0.397s] INFO:colcon.colcon_core.plugin_system:Skipping extension 'colcon_notification.desktop_notification.notify_send': Could not find 'notify-send'
[0.397s] INFO:colcon.colcon_core.plugin_system:Skipping extension 'colcon_notification.desktop_notification.terminal_notifier': Not used on non-Darwin systems
[0.397s] INFO:colcon.colcon_core.plugin_system:Skipping extension 'colcon_notification.desktop_notification.win32': Not used on non-Windows systems
[0.397s] INFO:colcon.colcon_notification.desktop_notification:Sending desktop notification using 'notify2'
[0.399s] DEBUG:colcon.colcon_notification.desktop_notification.notify2:Failed to initialize notify2: org.freedesktop.DBus.Error.Spawn.ExecFailed: /usr/bin/dbus-launch terminated abnormally without any error message
[0.399s] DEBUG:colcon.colcon_core.event_reactor:joined thread
[0.399s] INFO:colcon.colcon_core.shell:Creating prefix script '/home/tungchiahui/UserFloder/mysource/ROS/ROS2_WS/6.ws_simulations/install/local_setup.ps1'
[0.400s] INFO:colcon.colcon_core.shell:Creating prefix util module '/home/tungchiahui/UserFloder/mysource/ROS/ROS2_WS/6.ws_simulations/install/_local_setup_util_ps1.py'
[0.402s] INFO:colcon.colcon_core.shell:Creating prefix chain script '/home/tungchiahui/UserFloder/mysource/ROS/ROS2_WS/6.ws_simulations/install/setup.ps1'
[0.403s] INFO:colcon.colcon_core.shell:Creating prefix script '/home/tungchiahui/UserFloder/mysource/ROS/ROS2_WS/6.ws_simulations/install/local_setup.sh'
[0.403s] INFO:colcon.colcon_core.shell:Creating prefix util module '/home/tungchiahui/UserFloder/mysource/ROS/ROS2_WS/6.ws_simulations/install/_local_setup_util_sh.py'
[0.404s] INFO:colcon.colcon_core.shell:Creating prefix chain script '/home/tungchiahui/UserFloder/mysource/ROS/ROS2_WS/6.ws_simulations/install/setup.sh'
[0.405s] INFO:colcon.colcon_core.shell:Creating prefix script '/home/tungchiahui/UserFloder/mysource/ROS/ROS2_WS/6.ws_simulations/install/local_setup.bash'
[0.405s] INFO:colcon.colcon_core.shell:Creating prefix chain script '/home/tungchiahui/UserFloder/mysource/ROS/ROS2_WS/6.ws_simulations/install/setup.bash'
[0.406s] INFO:colcon.colcon_core.shell:Creating prefix script '/home/tungchiahui/UserFloder/mysource/ROS/ROS2_WS/6.ws_simulations/install/local_setup.zsh'
[0.407s] INFO:colcon.colcon_core.shell:Creating prefix chain script '/home/tungchiahui/UserFloder/mysource/ROS/ROS2_WS/6.ws_simulations/install/setup.zsh'
