[0.009s] Invoking command in '/home/tungchiahui/mysource/ros2src/4.ws02_tools/build/cpp01_launch': CMAKE_PREFIX_PATH=${CMAKE_PREFIX_PATH}:/opt/ros/humble /usr/bin/cmake --build /home/tungchiahui/mysource/ros2src/4.ws02_tools/build/cpp01_launch -- -j16 -l16
[0.024s] -- Found ament_cmake: 1.3.5 (/opt/ros/humble/share/ament_cmake/cmake)
[0.116s] -- Found rclcpp: 16.0.5 (/opt/ros/humble/share/rclcpp/cmake)
[0.135s] -- Found rosidl_generator_c: 3.1.5 (/opt/ros/humble/share/rosidl_generator_c/cmake)
[0.137s] -- Found rosidl_adapter: 3.1.5 (/opt/ros/humble/share/rosidl_adapter/cmake)
[0.140s] -- Found rosidl_generator_cpp: 3.1.5 (/opt/ros/humble/share/rosidl_generator_cpp/cmake)
[0.148s] -- Using all available rosidl_typesupport_c: rosidl_typesupport_fastrtps_c;rosidl_typesupport_introspection_c
[0.157s] -- Using all available rosidl_typesupport_cpp: rosidl_typesupport_fastrtps_cpp;rosidl_typesupport_introspection_cpp
[0.194s] -- Found rmw_implementation_cmake: 6.1.1 (/opt/ros/humble/share/rmw_implementation_cmake/cmake)
[0.195s] -- Found rmw_fastrtps_cpp: 6.2.3 (/opt/ros/humble/share/rmw_fastrtps_cpp/cmake)
[0.270s] -- Using RMW implementation 'rmw_fastrtps_cpp' as default
[0.370s] -- Found ament_lint_auto: 0.12.7 (/opt/ros/humble/share/ament_lint_auto/cmake)
[0.415s] -- Added test 'flake8' to check Python code syntax and style conventions
[0.415s] -- Added test 'lint_cmake' to check CMake code style
[0.415s] -- Added test 'pep257' to check Python code against some of the docstring style conventions in PEP 257
[0.416s] -- Added test 'xmllint' to check XML markup files
[0.416s] -- Configuring done
[0.419s] -- Generating done
[0.420s] -- Build files have been written to: /home/tungchiahui/mysource/ros2src/4.ws02_tools/build/cpp01_launch
[0.438s] Invoked command in '/home/tungchiahui/mysource/ros2src/4.ws02_tools/build/cpp01_launch' returned '0': CMAKE_PREFIX_PATH=${CMAKE_PREFIX_PATH}:/opt/ros/humble /usr/bin/cmake --build /home/tungchiahui/mysource/ros2src/4.ws02_tools/build/cpp01_launch -- -j16 -l16
[0.454s] Invoking command in '/home/tungchiahui/mysource/ros2src/4.ws02_tools/build/cpp01_launch': CMAKE_PREFIX_PATH=${CMAKE_PREFIX_PATH}:/opt/ros/humble /usr/bin/cmake --install /home/tungchiahui/mysource/ros2src/4.ws02_tools/build/cpp01_launch
[0.458s] -- Install configuration: ""
[0.458s] -- Up-to-date: /home/tungchiahui/mysource/ros2src/4.ws02_tools/install/cpp01_launch/share/cpp01_launch/launch
[0.458s] -- Up-to-date: /home/tungchiahui/mysource/ros2src/4.ws02_tools/install/cpp01_launch/share/cpp01_launch/launch/py
[0.458s] -- Up-to-date: /home/tungchiahui/mysource/ros2src/4.ws02_tools/install/cpp01_launch/share/cpp01_launch/launch/py/py01_helloworld_launch.py
[0.458s] -- Up-to-date: /home/tungchiahui/mysource/ros2src/4.ws02_tools/install/cpp01_launch/share/cpp01_launch/launch/py/py02_node_launch.py
[0.458s] -- Up-to-date: /home/tungchiahui/mysource/ros2src/4.ws02_tools/install/cpp01_launch/share/cpp01_launch/launch/xml
[0.458s] -- Up-to-date: /home/tungchiahui/mysource/ros2src/4.ws02_tools/install/cpp01_launch/share/cpp01_launch/launch/xml/xml01_helloworld_launch.xml
[0.458s] -- Up-to-date: /home/tungchiahui/mysource/ros2src/4.ws02_tools/install/cpp01_launch/share/cpp01_launch/launch/yaml
[0.458s] -- Up-to-date: /home/tungchiahui/mysource/ros2src/4.ws02_tools/install/cpp01_launch/share/cpp01_launch/launch/yaml/yaml01_helloworld_launch.yaml
[0.458s] -- Installing: /home/tungchiahui/mysource/ros2src/4.ws02_tools/install/cpp01_launch/share/cpp01_launch/config
[0.458s] -- Installing: /home/tungchiahui/mysource/ros2src/4.ws02_tools/install/cpp01_launch/share/cpp01_launch/config/haha.yaml
[0.458s] -- Up-to-date: /home/tungchiahui/mysource/ros2src/4.ws02_tools/install/cpp01_launch/share/ament_index/resource_index/package_run_dependencies/cpp01_launch
[0.458s] -- Up-to-date: /home/tungchiahui/mysource/ros2src/4.ws02_tools/install/cpp01_launch/share/ament_index/resource_index/parent_prefix_path/cpp01_launch
[0.458s] -- Up-to-date: /home/tungchiahui/mysource/ros2src/4.ws02_tools/install/cpp01_launch/share/cpp01_launch/environment/ament_prefix_path.sh
[0.458s] -- Installing: /home/tungchiahui/mysource/ros2src/4.ws02_tools/install/cpp01_launch/share/cpp01_launch/environment/ament_prefix_path.dsv
[0.458s] -- Up-to-date: /home/tungchiahui/mysource/ros2src/4.ws02_tools/install/cpp01_launch/share/cpp01_launch/environment/path.sh
[0.458s] -- Installing: /home/tungchiahui/mysource/ros2src/4.ws02_tools/install/cpp01_launch/share/cpp01_launch/environment/path.dsv
[0.458s] -- Up-to-date: /home/tungchiahui/mysource/ros2src/4.ws02_tools/install/cpp01_launch/share/cpp01_launch/local_setup.bash
[0.458s] -- Up-to-date: /home/tungchiahui/mysource/ros2src/4.ws02_tools/install/cpp01_launch/share/cpp01_launch/local_setup.sh
[0.458s] -- Up-to-date: /home/tungchiahui/mysource/ros2src/4.ws02_tools/install/cpp01_launch/share/cpp01_launch/local_setup.zsh
[0.458s] -- Installing: /home/tungchiahui/mysource/ros2src/4.ws02_tools/install/cpp01_launch/share/cpp01_launch/local_setup.dsv
[0.458s] -- Installing: /home/tungchiahui/mysource/ros2src/4.ws02_tools/install/cpp01_launch/share/cpp01_launch/package.dsv
[0.458s] -- Up-to-date: /home/tungchiahui/mysource/ros2src/4.ws02_tools/install/cpp01_launch/share/ament_index/resource_index/packages/cpp01_launch
[0.458s] -- Up-to-date: /home/tungchiahui/mysource/ros2src/4.ws02_tools/install/cpp01_launch/share/cpp01_launch/cmake/cpp01_launchConfig.cmake
[0.459s] -- Up-to-date: /home/tungchiahui/mysource/ros2src/4.ws02_tools/install/cpp01_launch/share/cpp01_launch/cmake/cpp01_launchConfig-version.cmake
[0.459s] -- Up-to-date: /home/tungchiahui/mysource/ros2src/4.ws02_tools/install/cpp01_launch/share/cpp01_launch/package.xml
[0.460s] Invoked command in '/home/tungchiahui/mysource/ros2src/4.ws02_tools/build/cpp01_launch' returned '0': CMAKE_PREFIX_PATH=${CMAKE_PREFIX_PATH}:/opt/ros/humble /usr/bin/cmake --install /home/tungchiahui/mysource/ros2src/4.ws02_tools/build/cpp01_launch
